[2023-03-27T13:27:56.465+0000] {processor.py:153} INFO - Started process (PID=93) to work on /home/airflow/.local/lib/python3.7/site-packages/airflow/example_dags/example_branch_operator.py
[2023-03-27T13:27:56.485+0000] {processor.py:743} INFO - Processing file /home/airflow/.local/lib/python3.7/site-packages/airflow/example_dags/example_branch_operator.py for tasks to queue
[2023-03-27T13:27:56.517+0000] {logging_mixin.py:137} INFO - [2023-03-27T13:27:56.517+0000] {dagbag.py:538} INFO - Filling up the DagBag from /home/airflow/.local/lib/python3.7/site-packages/airflow/example_dags/example_branch_operator.py
[2023-03-27T13:27:56.618+0000] {processor.py:753} INFO - DAG(s) dict_keys(['example_branch_operator']) retrieved from /home/airflow/.local/lib/python3.7/site-packages/airflow/example_dags/example_branch_operator.py
[2023-03-27T13:27:56.779+0000] {logging_mixin.py:137} INFO - [2023-03-27T13:27:56.779+0000] {dag.py:2690} INFO - Sync 1 DAGs
[2023-03-27T13:27:56.976+0000] {logging_mixin.py:137} INFO - [2023-03-27T13:27:56.975+0000] {dag.py:3441} INFO - Setting next_dagrun for example_branch_operator to 2023-03-26T00:00:00+00:00, run_after=2023-03-27T00:00:00+00:00
[2023-03-27T13:27:57.172+0000] {processor.py:175} INFO - Processing /home/airflow/.local/lib/python3.7/site-packages/airflow/example_dags/example_branch_operator.py took 0.719 seconds
[2023-03-27T13:28:28.614+0000] {processor.py:153} INFO - Started process (PID=167) to work on /home/airflow/.local/lib/python3.7/site-packages/airflow/example_dags/example_branch_operator.py
[2023-03-27T13:28:28.654+0000] {processor.py:743} INFO - Processing file /home/airflow/.local/lib/python3.7/site-packages/airflow/example_dags/example_branch_operator.py for tasks to queue
[2023-03-27T13:28:28.667+0000] {logging_mixin.py:137} INFO - [2023-03-27T13:28:28.667+0000] {dagbag.py:538} INFO - Filling up the DagBag from /home/airflow/.local/lib/python3.7/site-packages/airflow/example_dags/example_branch_operator.py
[2023-03-27T13:28:28.737+0000] {processor.py:753} INFO - DAG(s) dict_keys(['example_branch_operator']) retrieved from /home/airflow/.local/lib/python3.7/site-packages/airflow/example_dags/example_branch_operator.py
[2023-03-27T13:28:28.820+0000] {logging_mixin.py:137} INFO - [2023-03-27T13:28:28.819+0000] {dag.py:2690} INFO - Sync 1 DAGs
[2023-03-27T13:28:28.936+0000] {logging_mixin.py:137} INFO - [2023-03-27T13:28:28.936+0000] {dag.py:3441} INFO - Setting next_dagrun for example_branch_operator to 2023-03-26T00:00:00+00:00, run_after=2023-03-27T00:00:00+00:00
[2023-03-27T13:28:29.062+0000] {processor.py:175} INFO - Processing /home/airflow/.local/lib/python3.7/site-packages/airflow/example_dags/example_branch_operator.py took 0.462 seconds
[2023-03-27T13:29:06.566+0000] {processor.py:153} INFO - Started process (PID=242) to work on /home/airflow/.local/lib/python3.7/site-packages/airflow/example_dags/example_branch_operator.py
[2023-03-27T13:29:06.579+0000] {processor.py:743} INFO - Processing file /home/airflow/.local/lib/python3.7/site-packages/airflow/example_dags/example_branch_operator.py for tasks to queue
[2023-03-27T13:29:06.590+0000] {logging_mixin.py:137} INFO - [2023-03-27T13:29:06.589+0000] {dagbag.py:538} INFO - Filling up the DagBag from /home/airflow/.local/lib/python3.7/site-packages/airflow/example_dags/example_branch_operator.py
[2023-03-27T13:29:06.693+0000] {processor.py:753} INFO - DAG(s) dict_keys(['example_branch_operator']) retrieved from /home/airflow/.local/lib/python3.7/site-packages/airflow/example_dags/example_branch_operator.py
[2023-03-27T13:29:06.889+0000] {logging_mixin.py:137} INFO - [2023-03-27T13:29:06.889+0000] {dag.py:2690} INFO - Sync 1 DAGs
[2023-03-27T13:29:07.101+0000] {logging_mixin.py:137} INFO - [2023-03-27T13:29:07.101+0000] {dag.py:3441} INFO - Setting next_dagrun for example_branch_operator to 2023-03-26T00:00:00+00:00, run_after=2023-03-27T00:00:00+00:00
[2023-03-27T13:29:07.239+0000] {processor.py:175} INFO - Processing /home/airflow/.local/lib/python3.7/site-packages/airflow/example_dags/example_branch_operator.py took 0.683 seconds
[2023-03-27T13:29:37.518+0000] {processor.py:153} INFO - Started process (PID=308) to work on /home/airflow/.local/lib/python3.7/site-packages/airflow/example_dags/example_branch_operator.py
[2023-03-27T13:29:37.524+0000] {processor.py:743} INFO - Processing file /home/airflow/.local/lib/python3.7/site-packages/airflow/example_dags/example_branch_operator.py for tasks to queue
[2023-03-27T13:29:37.547+0000] {logging_mixin.py:137} INFO - [2023-03-27T13:29:37.546+0000] {dagbag.py:538} INFO - Filling up the DagBag from /home/airflow/.local/lib/python3.7/site-packages/airflow/example_dags/example_branch_operator.py
[2023-03-27T13:29:37.675+0000] {processor.py:753} INFO - DAG(s) dict_keys(['example_branch_operator']) retrieved from /home/airflow/.local/lib/python3.7/site-packages/airflow/example_dags/example_branch_operator.py
[2023-03-27T13:29:37.790+0000] {logging_mixin.py:137} INFO - [2023-03-27T13:29:37.790+0000] {dag.py:2690} INFO - Sync 1 DAGs
[2023-03-27T13:29:37.980+0000] {logging_mixin.py:137} INFO - [2023-03-27T13:29:37.980+0000] {dag.py:3441} INFO - Setting next_dagrun for example_branch_operator to 2023-03-26T00:00:00+00:00, run_after=2023-03-27T00:00:00+00:00
[2023-03-27T13:29:38.100+0000] {processor.py:175} INFO - Processing /home/airflow/.local/lib/python3.7/site-packages/airflow/example_dags/example_branch_operator.py took 0.589 seconds
[2023-03-27T13:30:12.427+0000] {processor.py:153} INFO - Started process (PID=375) to work on /home/airflow/.local/lib/python3.7/site-packages/airflow/example_dags/example_branch_operator.py
[2023-03-27T13:30:12.479+0000] {processor.py:743} INFO - Processing file /home/airflow/.local/lib/python3.7/site-packages/airflow/example_dags/example_branch_operator.py for tasks to queue
[2023-03-27T13:30:12.527+0000] {logging_mixin.py:137} INFO - [2023-03-27T13:30:12.527+0000] {dagbag.py:538} INFO - Filling up the DagBag from /home/airflow/.local/lib/python3.7/site-packages/airflow/example_dags/example_branch_operator.py
[2023-03-27T13:30:12.664+0000] {processor.py:753} INFO - DAG(s) dict_keys(['example_branch_operator']) retrieved from /home/airflow/.local/lib/python3.7/site-packages/airflow/example_dags/example_branch_operator.py
[2023-03-27T13:30:12.849+0000] {logging_mixin.py:137} INFO - [2023-03-27T13:30:12.849+0000] {dag.py:2690} INFO - Sync 1 DAGs
[2023-03-27T13:30:13.039+0000] {logging_mixin.py:137} INFO - [2023-03-27T13:30:13.039+0000] {dag.py:3441} INFO - Setting next_dagrun for example_branch_operator to 2023-03-26T00:00:00+00:00, run_after=2023-03-27T00:00:00+00:00
[2023-03-27T13:30:13.287+0000] {processor.py:175} INFO - Processing /home/airflow/.local/lib/python3.7/site-packages/airflow/example_dags/example_branch_operator.py took 0.877 seconds
[2023-03-27T13:30:45.720+0000] {processor.py:153} INFO - Started process (PID=448) to work on /home/airflow/.local/lib/python3.7/site-packages/airflow/example_dags/example_branch_operator.py
[2023-03-27T13:30:45.741+0000] {processor.py:743} INFO - Processing file /home/airflow/.local/lib/python3.7/site-packages/airflow/example_dags/example_branch_operator.py for tasks to queue
[2023-03-27T13:30:45.758+0000] {logging_mixin.py:137} INFO - [2023-03-27T13:30:45.758+0000] {dagbag.py:538} INFO - Filling up the DagBag from /home/airflow/.local/lib/python3.7/site-packages/airflow/example_dags/example_branch_operator.py
[2023-03-27T13:30:45.928+0000] {processor.py:753} INFO - DAG(s) dict_keys(['example_branch_operator']) retrieved from /home/airflow/.local/lib/python3.7/site-packages/airflow/example_dags/example_branch_operator.py
[2023-03-27T13:30:46.075+0000] {logging_mixin.py:137} INFO - [2023-03-27T13:30:46.074+0000] {dag.py:2690} INFO - Sync 1 DAGs
[2023-03-27T13:30:46.271+0000] {logging_mixin.py:137} INFO - [2023-03-27T13:30:46.271+0000] {dag.py:3441} INFO - Setting next_dagrun for example_branch_operator to 2023-03-26T00:00:00+00:00, run_after=2023-03-27T00:00:00+00:00
[2023-03-27T13:30:46.482+0000] {processor.py:175} INFO - Processing /home/airflow/.local/lib/python3.7/site-packages/airflow/example_dags/example_branch_operator.py took 0.772 seconds
[2023-03-27T13:31:16.806+0000] {processor.py:153} INFO - Started process (PID=512) to work on /home/airflow/.local/lib/python3.7/site-packages/airflow/example_dags/example_branch_operator.py
[2023-03-27T13:31:16.812+0000] {processor.py:743} INFO - Processing file /home/airflow/.local/lib/python3.7/site-packages/airflow/example_dags/example_branch_operator.py for tasks to queue
[2023-03-27T13:31:16.817+0000] {logging_mixin.py:137} INFO - [2023-03-27T13:31:16.817+0000] {dagbag.py:538} INFO - Filling up the DagBag from /home/airflow/.local/lib/python3.7/site-packages/airflow/example_dags/example_branch_operator.py
[2023-03-27T13:31:16.879+0000] {processor.py:753} INFO - DAG(s) dict_keys(['example_branch_operator']) retrieved from /home/airflow/.local/lib/python3.7/site-packages/airflow/example_dags/example_branch_operator.py
[2023-03-27T13:31:16.974+0000] {logging_mixin.py:137} INFO - [2023-03-27T13:31:16.974+0000] {dag.py:2690} INFO - Sync 1 DAGs
[2023-03-27T13:31:17.054+0000] {logging_mixin.py:137} INFO - [2023-03-27T13:31:17.054+0000] {dag.py:3441} INFO - Setting next_dagrun for example_branch_operator to 2023-03-26T00:00:00+00:00, run_after=2023-03-27T00:00:00+00:00
[2023-03-27T13:31:17.106+0000] {processor.py:175} INFO - Processing /home/airflow/.local/lib/python3.7/site-packages/airflow/example_dags/example_branch_operator.py took 0.308 seconds
[2023-03-27T13:31:48.015+0000] {processor.py:153} INFO - Started process (PID=579) to work on /home/airflow/.local/lib/python3.7/site-packages/airflow/example_dags/example_branch_operator.py
[2023-03-27T13:31:48.040+0000] {processor.py:743} INFO - Processing file /home/airflow/.local/lib/python3.7/site-packages/airflow/example_dags/example_branch_operator.py for tasks to queue
[2023-03-27T13:31:48.060+0000] {logging_mixin.py:137} INFO - [2023-03-27T13:31:48.059+0000] {dagbag.py:538} INFO - Filling up the DagBag from /home/airflow/.local/lib/python3.7/site-packages/airflow/example_dags/example_branch_operator.py
[2023-03-27T13:31:48.171+0000] {processor.py:753} INFO - DAG(s) dict_keys(['example_branch_operator']) retrieved from /home/airflow/.local/lib/python3.7/site-packages/airflow/example_dags/example_branch_operator.py
[2023-03-27T13:31:48.322+0000] {logging_mixin.py:137} INFO - [2023-03-27T13:31:48.321+0000] {dag.py:2690} INFO - Sync 1 DAGs
[2023-03-27T13:31:48.484+0000] {logging_mixin.py:137} INFO - [2023-03-27T13:31:48.483+0000] {dag.py:3441} INFO - Setting next_dagrun for example_branch_operator to 2023-03-26T00:00:00+00:00, run_after=2023-03-27T00:00:00+00:00
[2023-03-27T13:31:48.606+0000] {processor.py:175} INFO - Processing /home/airflow/.local/lib/python3.7/site-packages/airflow/example_dags/example_branch_operator.py took 0.597 seconds
[2023-03-27T13:32:20.913+0000] {processor.py:153} INFO - Started process (PID=646) to work on /home/airflow/.local/lib/python3.7/site-packages/airflow/example_dags/example_branch_operator.py
[2023-03-27T13:32:20.916+0000] {processor.py:743} INFO - Processing file /home/airflow/.local/lib/python3.7/site-packages/airflow/example_dags/example_branch_operator.py for tasks to queue
[2023-03-27T13:32:20.918+0000] {logging_mixin.py:137} INFO - [2023-03-27T13:32:20.917+0000] {dagbag.py:538} INFO - Filling up the DagBag from /home/airflow/.local/lib/python3.7/site-packages/airflow/example_dags/example_branch_operator.py
[2023-03-27T13:32:21.017+0000] {processor.py:753} INFO - DAG(s) dict_keys(['example_branch_operator']) retrieved from /home/airflow/.local/lib/python3.7/site-packages/airflow/example_dags/example_branch_operator.py
[2023-03-27T13:32:21.108+0000] {logging_mixin.py:137} INFO - [2023-03-27T13:32:21.107+0000] {dag.py:2690} INFO - Sync 1 DAGs
[2023-03-27T13:32:21.199+0000] {logging_mixin.py:137} INFO - [2023-03-27T13:32:21.199+0000] {dag.py:3441} INFO - Setting next_dagrun for example_branch_operator to 2023-03-26T00:00:00+00:00, run_after=2023-03-27T00:00:00+00:00
[2023-03-27T13:32:21.294+0000] {processor.py:175} INFO - Processing /home/airflow/.local/lib/python3.7/site-packages/airflow/example_dags/example_branch_operator.py took 0.390 seconds
[2023-03-27T13:32:57.196+0000] {processor.py:153} INFO - Started process (PID=702) to work on /home/airflow/.local/lib/python3.7/site-packages/airflow/example_dags/example_branch_operator.py
[2023-03-27T13:32:57.201+0000] {processor.py:743} INFO - Processing file /home/airflow/.local/lib/python3.7/site-packages/airflow/example_dags/example_branch_operator.py for tasks to queue
[2023-03-27T13:32:57.203+0000] {logging_mixin.py:137} INFO - [2023-03-27T13:32:57.203+0000] {dagbag.py:538} INFO - Filling up the DagBag from /home/airflow/.local/lib/python3.7/site-packages/airflow/example_dags/example_branch_operator.py
[2023-03-27T13:32:57.270+0000] {processor.py:753} INFO - DAG(s) dict_keys(['example_branch_operator']) retrieved from /home/airflow/.local/lib/python3.7/site-packages/airflow/example_dags/example_branch_operator.py
[2023-03-27T13:32:57.426+0000] {logging_mixin.py:137} INFO - [2023-03-27T13:32:57.426+0000] {dag.py:2690} INFO - Sync 1 DAGs
[2023-03-27T13:32:57.600+0000] {logging_mixin.py:137} INFO - [2023-03-27T13:32:57.600+0000] {dag.py:3441} INFO - Setting next_dagrun for example_branch_operator to 2023-03-26T00:00:00+00:00, run_after=2023-03-27T00:00:00+00:00
[2023-03-27T13:32:57.709+0000] {processor.py:175} INFO - Processing /home/airflow/.local/lib/python3.7/site-packages/airflow/example_dags/example_branch_operator.py took 0.520 seconds
[2023-03-27T13:33:31.886+0000] {processor.py:153} INFO - Started process (PID=775) to work on /home/airflow/.local/lib/python3.7/site-packages/airflow/example_dags/example_branch_operator.py
[2023-03-27T13:33:31.958+0000] {processor.py:743} INFO - Processing file /home/airflow/.local/lib/python3.7/site-packages/airflow/example_dags/example_branch_operator.py for tasks to queue
[2023-03-27T13:33:32.029+0000] {logging_mixin.py:137} INFO - [2023-03-27T13:33:32.028+0000] {dagbag.py:538} INFO - Filling up the DagBag from /home/airflow/.local/lib/python3.7/site-packages/airflow/example_dags/example_branch_operator.py
[2023-03-27T13:33:32.269+0000] {processor.py:753} INFO - DAG(s) dict_keys(['example_branch_operator']) retrieved from /home/airflow/.local/lib/python3.7/site-packages/airflow/example_dags/example_branch_operator.py
[2023-03-27T13:33:32.460+0000] {logging_mixin.py:137} INFO - [2023-03-27T13:33:32.459+0000] {dag.py:2690} INFO - Sync 1 DAGs
[2023-03-27T13:33:32.615+0000] {logging_mixin.py:137} INFO - [2023-03-27T13:33:32.615+0000] {dag.py:3441} INFO - Setting next_dagrun for example_branch_operator to 2023-03-26T00:00:00+00:00, run_after=2023-03-27T00:00:00+00:00
[2023-03-27T13:33:32.851+0000] {processor.py:175} INFO - Processing /home/airflow/.local/lib/python3.7/site-packages/airflow/example_dags/example_branch_operator.py took 0.971 seconds
[2023-03-27T13:34:11.954+0000] {processor.py:153} INFO - Started process (PID=850) to work on /home/airflow/.local/lib/python3.7/site-packages/airflow/example_dags/example_branch_operator.py
[2023-03-27T13:34:11.957+0000] {processor.py:743} INFO - Processing file /home/airflow/.local/lib/python3.7/site-packages/airflow/example_dags/example_branch_operator.py for tasks to queue
[2023-03-27T13:34:11.973+0000] {logging_mixin.py:137} INFO - [2023-03-27T13:34:11.973+0000] {dagbag.py:538} INFO - Filling up the DagBag from /home/airflow/.local/lib/python3.7/site-packages/airflow/example_dags/example_branch_operator.py
[2023-03-27T13:34:12.038+0000] {processor.py:753} INFO - DAG(s) dict_keys(['example_branch_operator']) retrieved from /home/airflow/.local/lib/python3.7/site-packages/airflow/example_dags/example_branch_operator.py
[2023-03-27T13:34:12.117+0000] {logging_mixin.py:137} INFO - [2023-03-27T13:34:12.117+0000] {dag.py:2690} INFO - Sync 1 DAGs
[2023-03-27T13:34:12.343+0000] {logging_mixin.py:137} INFO - [2023-03-27T13:34:12.342+0000] {dag.py:3441} INFO - Setting next_dagrun for example_branch_operator to 2023-03-26T00:00:00+00:00, run_after=2023-03-27T00:00:00+00:00
[2023-03-27T13:34:12.483+0000] {processor.py:175} INFO - Processing /home/airflow/.local/lib/python3.7/site-packages/airflow/example_dags/example_branch_operator.py took 0.536 seconds
[2023-03-27T13:34:46.915+0000] {processor.py:153} INFO - Started process (PID=911) to work on /home/airflow/.local/lib/python3.7/site-packages/airflow/example_dags/example_branch_operator.py
[2023-03-27T13:34:46.916+0000] {processor.py:743} INFO - Processing file /home/airflow/.local/lib/python3.7/site-packages/airflow/example_dags/example_branch_operator.py for tasks to queue
[2023-03-27T13:34:46.918+0000] {logging_mixin.py:137} INFO - [2023-03-27T13:34:46.918+0000] {dagbag.py:538} INFO - Filling up the DagBag from /home/airflow/.local/lib/python3.7/site-packages/airflow/example_dags/example_branch_operator.py
[2023-03-27T13:34:47.026+0000] {processor.py:753} INFO - DAG(s) dict_keys(['example_branch_operator']) retrieved from /home/airflow/.local/lib/python3.7/site-packages/airflow/example_dags/example_branch_operator.py
[2023-03-27T13:34:47.166+0000] {logging_mixin.py:137} INFO - [2023-03-27T13:34:47.166+0000] {dag.py:2690} INFO - Sync 1 DAGs
[2023-03-27T13:34:47.312+0000] {logging_mixin.py:137} INFO - [2023-03-27T13:34:47.312+0000] {dag.py:3441} INFO - Setting next_dagrun for example_branch_operator to 2023-03-26T00:00:00+00:00, run_after=2023-03-27T00:00:00+00:00
[2023-03-27T13:34:47.424+0000] {processor.py:175} INFO - Processing /home/airflow/.local/lib/python3.7/site-packages/airflow/example_dags/example_branch_operator.py took 0.514 seconds
