[2023-03-27T13:28:03.312+0000] {processor.py:153} INFO - Started process (PID=122) to work on /home/airflow/.local/lib/python3.7/site-packages/airflow/example_dags/example_external_task_marker_dag.py
[2023-03-27T13:28:03.334+0000] {processor.py:743} INFO - Processing file /home/airflow/.local/lib/python3.7/site-packages/airflow/example_dags/example_external_task_marker_dag.py for tasks to queue
[2023-03-27T13:28:03.350+0000] {logging_mixin.py:137} INFO - [2023-03-27T13:28:03.350+0000] {dagbag.py:538} INFO - Filling up the DagBag from /home/airflow/.local/lib/python3.7/site-packages/airflow/example_dags/example_external_task_marker_dag.py
[2023-03-27T13:28:03.452+0000] {processor.py:753} INFO - DAG(s) dict_keys(['example_external_task_marker_parent', 'example_external_task_marker_child']) retrieved from /home/airflow/.local/lib/python3.7/site-packages/airflow/example_dags/example_external_task_marker_dag.py
[2023-03-27T13:28:03.693+0000] {logging_mixin.py:137} INFO - [2023-03-27T13:28:03.692+0000] {dag.py:2690} INFO - Sync 2 DAGs
[2023-03-27T13:28:03.937+0000] {logging_mixin.py:137} INFO - [2023-03-27T13:28:03.936+0000] {dag.py:3441} INFO - Setting next_dagrun for example_external_task_marker_child to None, run_after=None
[2023-03-27T13:28:04.091+0000] {logging_mixin.py:137} INFO - [2023-03-27T13:28:04.091+0000] {dag.py:3441} INFO - Setting next_dagrun for example_external_task_marker_parent to None, run_after=None
[2023-03-27T13:28:04.175+0000] {processor.py:175} INFO - Processing /home/airflow/.local/lib/python3.7/site-packages/airflow/example_dags/example_external_task_marker_dag.py took 0.870 seconds
[2023-03-27T13:28:34.627+0000] {processor.py:153} INFO - Started process (PID=180) to work on /home/airflow/.local/lib/python3.7/site-packages/airflow/example_dags/example_external_task_marker_dag.py
[2023-03-27T13:28:34.633+0000] {processor.py:743} INFO - Processing file /home/airflow/.local/lib/python3.7/site-packages/airflow/example_dags/example_external_task_marker_dag.py for tasks to queue
[2023-03-27T13:28:34.636+0000] {logging_mixin.py:137} INFO - [2023-03-27T13:28:34.635+0000] {dagbag.py:538} INFO - Filling up the DagBag from /home/airflow/.local/lib/python3.7/site-packages/airflow/example_dags/example_external_task_marker_dag.py
[2023-03-27T13:28:34.678+0000] {processor.py:753} INFO - DAG(s) dict_keys(['example_external_task_marker_parent', 'example_external_task_marker_child']) retrieved from /home/airflow/.local/lib/python3.7/site-packages/airflow/example_dags/example_external_task_marker_dag.py
[2023-03-27T13:28:34.802+0000] {logging_mixin.py:137} INFO - [2023-03-27T13:28:34.802+0000] {dag.py:2690} INFO - Sync 2 DAGs
[2023-03-27T13:28:34.893+0000] {logging_mixin.py:137} INFO - [2023-03-27T13:28:34.893+0000] {dag.py:3441} INFO - Setting next_dagrun for example_external_task_marker_child to None, run_after=None
[2023-03-27T13:28:34.908+0000] {logging_mixin.py:137} INFO - [2023-03-27T13:28:34.908+0000] {dag.py:3441} INFO - Setting next_dagrun for example_external_task_marker_parent to None, run_after=None
[2023-03-27T13:28:34.961+0000] {processor.py:175} INFO - Processing /home/airflow/.local/lib/python3.7/site-packages/airflow/example_dags/example_external_task_marker_dag.py took 0.340 seconds
[2023-03-27T13:29:13.560+0000] {processor.py:153} INFO - Started process (PID=255) to work on /home/airflow/.local/lib/python3.7/site-packages/airflow/example_dags/example_external_task_marker_dag.py
[2023-03-27T13:29:13.570+0000] {processor.py:743} INFO - Processing file /home/airflow/.local/lib/python3.7/site-packages/airflow/example_dags/example_external_task_marker_dag.py for tasks to queue
[2023-03-27T13:29:13.572+0000] {logging_mixin.py:137} INFO - [2023-03-27T13:29:13.572+0000] {dagbag.py:538} INFO - Filling up the DagBag from /home/airflow/.local/lib/python3.7/site-packages/airflow/example_dags/example_external_task_marker_dag.py
[2023-03-27T13:29:13.637+0000] {processor.py:753} INFO - DAG(s) dict_keys(['example_external_task_marker_child', 'example_external_task_marker_parent']) retrieved from /home/airflow/.local/lib/python3.7/site-packages/airflow/example_dags/example_external_task_marker_dag.py
[2023-03-27T13:29:13.763+0000] {logging_mixin.py:137} INFO - [2023-03-27T13:29:13.762+0000] {dag.py:2690} INFO - Sync 2 DAGs
[2023-03-27T13:29:13.912+0000] {logging_mixin.py:137} INFO - [2023-03-27T13:29:13.912+0000] {dag.py:3441} INFO - Setting next_dagrun for example_external_task_marker_child to None, run_after=None
[2023-03-27T13:29:13.947+0000] {logging_mixin.py:137} INFO - [2023-03-27T13:29:13.947+0000] {dag.py:3441} INFO - Setting next_dagrun for example_external_task_marker_parent to None, run_after=None
[2023-03-27T13:29:14.091+0000] {processor.py:175} INFO - Processing /home/airflow/.local/lib/python3.7/site-packages/airflow/example_dags/example_external_task_marker_dag.py took 0.537 seconds
[2023-03-27T13:29:45.147+0000] {processor.py:153} INFO - Started process (PID=330) to work on /home/airflow/.local/lib/python3.7/site-packages/airflow/example_dags/example_external_task_marker_dag.py
[2023-03-27T13:29:45.150+0000] {processor.py:743} INFO - Processing file /home/airflow/.local/lib/python3.7/site-packages/airflow/example_dags/example_external_task_marker_dag.py for tasks to queue
[2023-03-27T13:29:45.152+0000] {logging_mixin.py:137} INFO - [2023-03-27T13:29:45.152+0000] {dagbag.py:538} INFO - Filling up the DagBag from /home/airflow/.local/lib/python3.7/site-packages/airflow/example_dags/example_external_task_marker_dag.py
[2023-03-27T13:29:45.228+0000] {processor.py:753} INFO - DAG(s) dict_keys(['example_external_task_marker_parent', 'example_external_task_marker_child']) retrieved from /home/airflow/.local/lib/python3.7/site-packages/airflow/example_dags/example_external_task_marker_dag.py
[2023-03-27T13:29:45.376+0000] {logging_mixin.py:137} INFO - [2023-03-27T13:29:45.365+0000] {dag.py:2690} INFO - Sync 2 DAGs
[2023-03-27T13:29:45.506+0000] {logging_mixin.py:137} INFO - [2023-03-27T13:29:45.506+0000] {dag.py:3441} INFO - Setting next_dagrun for example_external_task_marker_child to None, run_after=None
[2023-03-27T13:29:45.523+0000] {logging_mixin.py:137} INFO - [2023-03-27T13:29:45.523+0000] {dag.py:3441} INFO - Setting next_dagrun for example_external_task_marker_parent to None, run_after=None
[2023-03-27T13:29:45.620+0000] {processor.py:175} INFO - Processing /home/airflow/.local/lib/python3.7/site-packages/airflow/example_dags/example_external_task_marker_dag.py took 0.491 seconds
[2023-03-27T13:30:19.076+0000] {processor.py:153} INFO - Started process (PID=388) to work on /home/airflow/.local/lib/python3.7/site-packages/airflow/example_dags/example_external_task_marker_dag.py
[2023-03-27T13:30:19.087+0000] {processor.py:743} INFO - Processing file /home/airflow/.local/lib/python3.7/site-packages/airflow/example_dags/example_external_task_marker_dag.py for tasks to queue
[2023-03-27T13:30:19.089+0000] {logging_mixin.py:137} INFO - [2023-03-27T13:30:19.089+0000] {dagbag.py:538} INFO - Filling up the DagBag from /home/airflow/.local/lib/python3.7/site-packages/airflow/example_dags/example_external_task_marker_dag.py
[2023-03-27T13:30:19.170+0000] {processor.py:753} INFO - DAG(s) dict_keys(['example_external_task_marker_parent', 'example_external_task_marker_child']) retrieved from /home/airflow/.local/lib/python3.7/site-packages/airflow/example_dags/example_external_task_marker_dag.py
[2023-03-27T13:30:19.375+0000] {logging_mixin.py:137} INFO - [2023-03-27T13:30:19.374+0000] {dag.py:2690} INFO - Sync 2 DAGs
[2023-03-27T13:30:19.633+0000] {logging_mixin.py:137} INFO - [2023-03-27T13:30:19.633+0000] {dag.py:3441} INFO - Setting next_dagrun for example_external_task_marker_child to None, run_after=None
[2023-03-27T13:30:19.652+0000] {logging_mixin.py:137} INFO - [2023-03-27T13:30:19.651+0000] {dag.py:3441} INFO - Setting next_dagrun for example_external_task_marker_parent to None, run_after=None
[2023-03-27T13:30:19.764+0000] {processor.py:175} INFO - Processing /home/airflow/.local/lib/python3.7/site-packages/airflow/example_dags/example_external_task_marker_dag.py took 0.696 seconds
[2023-03-27T13:30:53.677+0000] {processor.py:153} INFO - Started process (PID=462) to work on /home/airflow/.local/lib/python3.7/site-packages/airflow/example_dags/example_external_task_marker_dag.py
[2023-03-27T13:30:53.679+0000] {processor.py:743} INFO - Processing file /home/airflow/.local/lib/python3.7/site-packages/airflow/example_dags/example_external_task_marker_dag.py for tasks to queue
[2023-03-27T13:30:53.685+0000] {logging_mixin.py:137} INFO - [2023-03-27T13:30:53.684+0000] {dagbag.py:538} INFO - Filling up the DagBag from /home/airflow/.local/lib/python3.7/site-packages/airflow/example_dags/example_external_task_marker_dag.py
[2023-03-27T13:30:53.720+0000] {processor.py:753} INFO - DAG(s) dict_keys(['example_external_task_marker_parent', 'example_external_task_marker_child']) retrieved from /home/airflow/.local/lib/python3.7/site-packages/airflow/example_dags/example_external_task_marker_dag.py
[2023-03-27T13:30:53.814+0000] {logging_mixin.py:137} INFO - [2023-03-27T13:30:53.814+0000] {dag.py:2690} INFO - Sync 2 DAGs
[2023-03-27T13:30:53.909+0000] {logging_mixin.py:137} INFO - [2023-03-27T13:30:53.909+0000] {dag.py:3441} INFO - Setting next_dagrun for example_external_task_marker_child to None, run_after=None
[2023-03-27T13:30:53.925+0000] {logging_mixin.py:137} INFO - [2023-03-27T13:30:53.925+0000] {dag.py:3441} INFO - Setting next_dagrun for example_external_task_marker_parent to None, run_after=None
[2023-03-27T13:30:53.999+0000] {processor.py:175} INFO - Processing /home/airflow/.local/lib/python3.7/site-packages/airflow/example_dags/example_external_task_marker_dag.py took 0.329 seconds
[2023-03-27T13:31:35.979+0000] {processor.py:153} INFO - Started process (PID=545) to work on /home/airflow/.local/lib/python3.7/site-packages/airflow/example_dags/example_external_task_marker_dag.py
[2023-03-27T13:31:35.982+0000] {processor.py:743} INFO - Processing file /home/airflow/.local/lib/python3.7/site-packages/airflow/example_dags/example_external_task_marker_dag.py for tasks to queue
[2023-03-27T13:31:35.984+0000] {logging_mixin.py:137} INFO - [2023-03-27T13:31:35.984+0000] {dagbag.py:538} INFO - Filling up the DagBag from /home/airflow/.local/lib/python3.7/site-packages/airflow/example_dags/example_external_task_marker_dag.py
[2023-03-27T13:31:36.015+0000] {processor.py:753} INFO - DAG(s) dict_keys(['example_external_task_marker_parent', 'example_external_task_marker_child']) retrieved from /home/airflow/.local/lib/python3.7/site-packages/airflow/example_dags/example_external_task_marker_dag.py
[2023-03-27T13:31:36.087+0000] {logging_mixin.py:137} INFO - [2023-03-27T13:31:36.086+0000] {dag.py:2690} INFO - Sync 2 DAGs
[2023-03-27T13:31:36.152+0000] {logging_mixin.py:137} INFO - [2023-03-27T13:31:36.151+0000] {dag.py:3441} INFO - Setting next_dagrun for example_external_task_marker_child to None, run_after=None
[2023-03-27T13:31:36.161+0000] {logging_mixin.py:137} INFO - [2023-03-27T13:31:36.161+0000] {dag.py:3441} INFO - Setting next_dagrun for example_external_task_marker_parent to None, run_after=None
[2023-03-27T13:31:36.201+0000] {processor.py:175} INFO - Processing /home/airflow/.local/lib/python3.7/site-packages/airflow/example_dags/example_external_task_marker_dag.py took 0.234 seconds
[2023-03-27T13:32:17.765+0000] {processor.py:153} INFO - Started process (PID=628) to work on /home/airflow/.local/lib/python3.7/site-packages/airflow/example_dags/example_external_task_marker_dag.py
[2023-03-27T13:32:17.768+0000] {processor.py:743} INFO - Processing file /home/airflow/.local/lib/python3.7/site-packages/airflow/example_dags/example_external_task_marker_dag.py for tasks to queue
[2023-03-27T13:32:17.775+0000] {logging_mixin.py:137} INFO - [2023-03-27T13:32:17.775+0000] {dagbag.py:538} INFO - Filling up the DagBag from /home/airflow/.local/lib/python3.7/site-packages/airflow/example_dags/example_external_task_marker_dag.py
[2023-03-27T13:32:17.895+0000] {processor.py:753} INFO - DAG(s) dict_keys(['example_external_task_marker_child', 'example_external_task_marker_parent']) retrieved from /home/airflow/.local/lib/python3.7/site-packages/airflow/example_dags/example_external_task_marker_dag.py
[2023-03-27T13:32:18.073+0000] {logging_mixin.py:137} INFO - [2023-03-27T13:32:18.073+0000] {dag.py:2690} INFO - Sync 2 DAGs
[2023-03-27T13:32:18.220+0000] {logging_mixin.py:137} INFO - [2023-03-27T13:32:18.219+0000] {dag.py:3441} INFO - Setting next_dagrun for example_external_task_marker_child to None, run_after=None
[2023-03-27T13:32:18.263+0000] {logging_mixin.py:137} INFO - [2023-03-27T13:32:18.260+0000] {dag.py:3441} INFO - Setting next_dagrun for example_external_task_marker_parent to None, run_after=None
[2023-03-27T13:32:18.353+0000] {processor.py:175} INFO - Processing /home/airflow/.local/lib/python3.7/site-packages/airflow/example_dags/example_external_task_marker_dag.py took 0.606 seconds
[2023-03-27T13:32:59.594+0000] {processor.py:153} INFO - Started process (PID=714) to work on /home/airflow/.local/lib/python3.7/site-packages/airflow/example_dags/example_external_task_marker_dag.py
[2023-03-27T13:32:59.600+0000] {processor.py:743} INFO - Processing file /home/airflow/.local/lib/python3.7/site-packages/airflow/example_dags/example_external_task_marker_dag.py for tasks to queue
[2023-03-27T13:32:59.604+0000] {logging_mixin.py:137} INFO - [2023-03-27T13:32:59.603+0000] {dagbag.py:538} INFO - Filling up the DagBag from /home/airflow/.local/lib/python3.7/site-packages/airflow/example_dags/example_external_task_marker_dag.py
[2023-03-27T13:32:59.658+0000] {processor.py:753} INFO - DAG(s) dict_keys(['example_external_task_marker_child', 'example_external_task_marker_parent']) retrieved from /home/airflow/.local/lib/python3.7/site-packages/airflow/example_dags/example_external_task_marker_dag.py
[2023-03-27T13:32:59.784+0000] {logging_mixin.py:137} INFO - [2023-03-27T13:32:59.783+0000] {dag.py:2690} INFO - Sync 2 DAGs
[2023-03-27T13:32:59.893+0000] {logging_mixin.py:137} INFO - [2023-03-27T13:32:59.893+0000] {dag.py:3441} INFO - Setting next_dagrun for example_external_task_marker_child to None, run_after=None
[2023-03-27T13:32:59.942+0000] {logging_mixin.py:137} INFO - [2023-03-27T13:32:59.941+0000] {dag.py:3441} INFO - Setting next_dagrun for example_external_task_marker_parent to None, run_after=None
[2023-03-27T13:33:00.024+0000] {processor.py:175} INFO - Processing /home/airflow/.local/lib/python3.7/site-packages/airflow/example_dags/example_external_task_marker_dag.py took 0.449 seconds
[2023-03-27T13:33:36.525+0000] {processor.py:153} INFO - Started process (PID=781) to work on /home/airflow/.local/lib/python3.7/site-packages/airflow/example_dags/example_external_task_marker_dag.py
[2023-03-27T13:33:36.537+0000] {processor.py:743} INFO - Processing file /home/airflow/.local/lib/python3.7/site-packages/airflow/example_dags/example_external_task_marker_dag.py for tasks to queue
[2023-03-27T13:33:36.543+0000] {logging_mixin.py:137} INFO - [2023-03-27T13:33:36.542+0000] {dagbag.py:538} INFO - Filling up the DagBag from /home/airflow/.local/lib/python3.7/site-packages/airflow/example_dags/example_external_task_marker_dag.py
[2023-03-27T13:33:36.625+0000] {processor.py:753} INFO - DAG(s) dict_keys(['example_external_task_marker_parent', 'example_external_task_marker_child']) retrieved from /home/airflow/.local/lib/python3.7/site-packages/airflow/example_dags/example_external_task_marker_dag.py
[2023-03-27T13:33:36.829+0000] {logging_mixin.py:137} INFO - [2023-03-27T13:33:36.829+0000] {dag.py:2690} INFO - Sync 2 DAGs
[2023-03-27T13:33:37.088+0000] {logging_mixin.py:137} INFO - [2023-03-27T13:33:37.080+0000] {dag.py:3441} INFO - Setting next_dagrun for example_external_task_marker_child to None, run_after=None
[2023-03-27T13:33:37.106+0000] {logging_mixin.py:137} INFO - [2023-03-27T13:33:37.106+0000] {dag.py:3441} INFO - Setting next_dagrun for example_external_task_marker_parent to None, run_after=None
[2023-03-27T13:33:37.235+0000] {processor.py:175} INFO - Processing /home/airflow/.local/lib/python3.7/site-packages/airflow/example_dags/example_external_task_marker_dag.py took 0.717 seconds
[2023-03-27T13:34:15.955+0000] {processor.py:153} INFO - Started process (PID=859) to work on /home/airflow/.local/lib/python3.7/site-packages/airflow/example_dags/example_external_task_marker_dag.py
[2023-03-27T13:34:15.966+0000] {processor.py:743} INFO - Processing file /home/airflow/.local/lib/python3.7/site-packages/airflow/example_dags/example_external_task_marker_dag.py for tasks to queue
[2023-03-27T13:34:15.984+0000] {logging_mixin.py:137} INFO - [2023-03-27T13:34:15.984+0000] {dagbag.py:538} INFO - Filling up the DagBag from /home/airflow/.local/lib/python3.7/site-packages/airflow/example_dags/example_external_task_marker_dag.py
[2023-03-27T13:34:16.131+0000] {processor.py:753} INFO - DAG(s) dict_keys(['example_external_task_marker_parent', 'example_external_task_marker_child']) retrieved from /home/airflow/.local/lib/python3.7/site-packages/airflow/example_dags/example_external_task_marker_dag.py
[2023-03-27T13:34:16.297+0000] {logging_mixin.py:137} INFO - [2023-03-27T13:34:16.296+0000] {dag.py:2690} INFO - Sync 2 DAGs
[2023-03-27T13:34:16.558+0000] {logging_mixin.py:137} INFO - [2023-03-27T13:34:16.558+0000] {dag.py:3441} INFO - Setting next_dagrun for example_external_task_marker_child to None, run_after=None
[2023-03-27T13:34:17.141+0000] {logging_mixin.py:137} INFO - [2023-03-27T13:34:17.141+0000] {dag.py:3441} INFO - Setting next_dagrun for example_external_task_marker_parent to None, run_after=None
[2023-03-27T13:34:17.775+0000] {processor.py:175} INFO - Processing /home/airflow/.local/lib/python3.7/site-packages/airflow/example_dags/example_external_task_marker_dag.py took 1.839 seconds
[2023-03-27T13:34:51.506+0000] {processor.py:153} INFO - Started process (PID=927) to work on /home/airflow/.local/lib/python3.7/site-packages/airflow/example_dags/example_external_task_marker_dag.py
[2023-03-27T13:34:51.531+0000] {processor.py:743} INFO - Processing file /home/airflow/.local/lib/python3.7/site-packages/airflow/example_dags/example_external_task_marker_dag.py for tasks to queue
[2023-03-27T13:34:51.536+0000] {logging_mixin.py:137} INFO - [2023-03-27T13:34:51.535+0000] {dagbag.py:538} INFO - Filling up the DagBag from /home/airflow/.local/lib/python3.7/site-packages/airflow/example_dags/example_external_task_marker_dag.py
[2023-03-27T13:34:51.685+0000] {processor.py:753} INFO - DAG(s) dict_keys(['example_external_task_marker_child', 'example_external_task_marker_parent']) retrieved from /home/airflow/.local/lib/python3.7/site-packages/airflow/example_dags/example_external_task_marker_dag.py
[2023-03-27T13:34:52.017+0000] {logging_mixin.py:137} INFO - [2023-03-27T13:34:52.017+0000] {dag.py:2690} INFO - Sync 2 DAGs
[2023-03-27T13:34:52.242+0000] {logging_mixin.py:137} INFO - [2023-03-27T13:34:52.242+0000] {dag.py:3441} INFO - Setting next_dagrun for example_external_task_marker_child to None, run_after=None
[2023-03-27T13:34:52.320+0000] {logging_mixin.py:137} INFO - [2023-03-27T13:34:52.320+0000] {dag.py:3441} INFO - Setting next_dagrun for example_external_task_marker_parent to None, run_after=None
[2023-03-27T13:34:52.443+0000] {processor.py:175} INFO - Processing /home/airflow/.local/lib/python3.7/site-packages/airflow/example_dags/example_external_task_marker_dag.py took 0.968 seconds
