[2023-03-27T13:28:02.076+0000] {processor.py:153} INFO - Started process (PID=113) to work on /home/airflow/.local/lib/python3.7/site-packages/airflow/example_dags/example_trigger_target_dag.py
[2023-03-27T13:28:02.079+0000] {processor.py:743} INFO - Processing file /home/airflow/.local/lib/python3.7/site-packages/airflow/example_dags/example_trigger_target_dag.py for tasks to queue
[2023-03-27T13:28:02.089+0000] {logging_mixin.py:137} INFO - [2023-03-27T13:28:02.088+0000] {dagbag.py:538} INFO - Filling up the DagBag from /home/airflow/.local/lib/python3.7/site-packages/airflow/example_dags/example_trigger_target_dag.py
[2023-03-27T13:28:02.238+0000] {processor.py:753} INFO - DAG(s) dict_keys(['example_trigger_target_dag']) retrieved from /home/airflow/.local/lib/python3.7/site-packages/airflow/example_dags/example_trigger_target_dag.py
[2023-03-27T13:28:02.657+0000] {logging_mixin.py:137} INFO - [2023-03-27T13:28:02.656+0000] {dag.py:2690} INFO - Sync 1 DAGs
[2023-03-27T13:28:02.813+0000] {logging_mixin.py:137} INFO - [2023-03-27T13:28:02.813+0000] {dag.py:3441} INFO - Setting next_dagrun for example_trigger_target_dag to None, run_after=None
[2023-03-27T13:28:02.936+0000] {processor.py:175} INFO - Processing /home/airflow/.local/lib/python3.7/site-packages/airflow/example_dags/example_trigger_target_dag.py took 0.831 seconds
[2023-03-27T13:28:33.130+0000] {processor.py:153} INFO - Started process (PID=178) to work on /home/airflow/.local/lib/python3.7/site-packages/airflow/example_dags/example_trigger_target_dag.py
[2023-03-27T13:28:33.132+0000] {processor.py:743} INFO - Processing file /home/airflow/.local/lib/python3.7/site-packages/airflow/example_dags/example_trigger_target_dag.py for tasks to queue
[2023-03-27T13:28:33.134+0000] {logging_mixin.py:137} INFO - [2023-03-27T13:28:33.133+0000] {dagbag.py:538} INFO - Filling up the DagBag from /home/airflow/.local/lib/python3.7/site-packages/airflow/example_dags/example_trigger_target_dag.py
[2023-03-27T13:28:33.247+0000] {processor.py:753} INFO - DAG(s) dict_keys(['example_trigger_target_dag']) retrieved from /home/airflow/.local/lib/python3.7/site-packages/airflow/example_dags/example_trigger_target_dag.py
[2023-03-27T13:28:33.342+0000] {logging_mixin.py:137} INFO - [2023-03-27T13:28:33.342+0000] {dag.py:2690} INFO - Sync 1 DAGs
[2023-03-27T13:28:33.454+0000] {logging_mixin.py:137} INFO - [2023-03-27T13:28:33.453+0000] {dag.py:3441} INFO - Setting next_dagrun for example_trigger_target_dag to None, run_after=None
[2023-03-27T13:28:33.524+0000] {processor.py:175} INFO - Processing /home/airflow/.local/lib/python3.7/site-packages/airflow/example_dags/example_trigger_target_dag.py took 0.400 seconds
[2023-03-27T13:29:12.500+0000] {processor.py:153} INFO - Started process (PID=253) to work on /home/airflow/.local/lib/python3.7/site-packages/airflow/example_dags/example_trigger_target_dag.py
[2023-03-27T13:29:12.532+0000] {processor.py:743} INFO - Processing file /home/airflow/.local/lib/python3.7/site-packages/airflow/example_dags/example_trigger_target_dag.py for tasks to queue
[2023-03-27T13:29:12.595+0000] {logging_mixin.py:137} INFO - [2023-03-27T13:29:12.594+0000] {dagbag.py:538} INFO - Filling up the DagBag from /home/airflow/.local/lib/python3.7/site-packages/airflow/example_dags/example_trigger_target_dag.py
[2023-03-27T13:29:12.754+0000] {processor.py:753} INFO - DAG(s) dict_keys(['example_trigger_target_dag']) retrieved from /home/airflow/.local/lib/python3.7/site-packages/airflow/example_dags/example_trigger_target_dag.py
[2023-03-27T13:29:13.012+0000] {logging_mixin.py:137} INFO - [2023-03-27T13:29:13.012+0000] {dag.py:2690} INFO - Sync 1 DAGs
[2023-03-27T13:29:13.222+0000] {logging_mixin.py:137} INFO - [2023-03-27T13:29:13.222+0000] {dag.py:3441} INFO - Setting next_dagrun for example_trigger_target_dag to None, run_after=None
[2023-03-27T13:29:13.332+0000] {processor.py:175} INFO - Processing /home/airflow/.local/lib/python3.7/site-packages/airflow/example_dags/example_trigger_target_dag.py took 0.845 seconds
[2023-03-27T13:29:44.490+0000] {processor.py:153} INFO - Started process (PID=328) to work on /home/airflow/.local/lib/python3.7/site-packages/airflow/example_dags/example_trigger_target_dag.py
[2023-03-27T13:29:44.501+0000] {processor.py:743} INFO - Processing file /home/airflow/.local/lib/python3.7/site-packages/airflow/example_dags/example_trigger_target_dag.py for tasks to queue
[2023-03-27T13:29:44.503+0000] {logging_mixin.py:137} INFO - [2023-03-27T13:29:44.503+0000] {dagbag.py:538} INFO - Filling up the DagBag from /home/airflow/.local/lib/python3.7/site-packages/airflow/example_dags/example_trigger_target_dag.py
[2023-03-27T13:29:44.630+0000] {processor.py:753} INFO - DAG(s) dict_keys(['example_trigger_target_dag']) retrieved from /home/airflow/.local/lib/python3.7/site-packages/airflow/example_dags/example_trigger_target_dag.py
[2023-03-27T13:29:44.731+0000] {logging_mixin.py:137} INFO - [2023-03-27T13:29:44.731+0000] {dag.py:2690} INFO - Sync 1 DAGs
[2023-03-27T13:29:44.878+0000] {logging_mixin.py:137} INFO - [2023-03-27T13:29:44.878+0000] {dag.py:3441} INFO - Setting next_dagrun for example_trigger_target_dag to None, run_after=None
[2023-03-27T13:29:44.994+0000] {processor.py:175} INFO - Processing /home/airflow/.local/lib/python3.7/site-packages/airflow/example_dags/example_trigger_target_dag.py took 0.510 seconds
[2023-03-27T13:30:18.299+0000] {processor.py:153} INFO - Started process (PID=386) to work on /home/airflow/.local/lib/python3.7/site-packages/airflow/example_dags/example_trigger_target_dag.py
[2023-03-27T13:30:18.301+0000] {processor.py:743} INFO - Processing file /home/airflow/.local/lib/python3.7/site-packages/airflow/example_dags/example_trigger_target_dag.py for tasks to queue
[2023-03-27T13:30:18.313+0000] {logging_mixin.py:137} INFO - [2023-03-27T13:30:18.313+0000] {dagbag.py:538} INFO - Filling up the DagBag from /home/airflow/.local/lib/python3.7/site-packages/airflow/example_dags/example_trigger_target_dag.py
[2023-03-27T13:30:18.447+0000] {processor.py:753} INFO - DAG(s) dict_keys(['example_trigger_target_dag']) retrieved from /home/airflow/.local/lib/python3.7/site-packages/airflow/example_dags/example_trigger_target_dag.py
[2023-03-27T13:30:18.592+0000] {logging_mixin.py:137} INFO - [2023-03-27T13:30:18.591+0000] {dag.py:2690} INFO - Sync 1 DAGs
[2023-03-27T13:30:18.779+0000] {logging_mixin.py:137} INFO - [2023-03-27T13:30:18.779+0000] {dag.py:3441} INFO - Setting next_dagrun for example_trigger_target_dag to None, run_after=None
[2023-03-27T13:30:18.987+0000] {processor.py:175} INFO - Processing /home/airflow/.local/lib/python3.7/site-packages/airflow/example_dags/example_trigger_target_dag.py took 0.694 seconds
[2023-03-27T13:30:53.256+0000] {processor.py:153} INFO - Started process (PID=460) to work on /home/airflow/.local/lib/python3.7/site-packages/airflow/example_dags/example_trigger_target_dag.py
[2023-03-27T13:30:53.272+0000] {processor.py:743} INFO - Processing file /home/airflow/.local/lib/python3.7/site-packages/airflow/example_dags/example_trigger_target_dag.py for tasks to queue
[2023-03-27T13:30:53.274+0000] {logging_mixin.py:137} INFO - [2023-03-27T13:30:53.274+0000] {dagbag.py:538} INFO - Filling up the DagBag from /home/airflow/.local/lib/python3.7/site-packages/airflow/example_dags/example_trigger_target_dag.py
[2023-03-27T13:30:53.349+0000] {processor.py:753} INFO - DAG(s) dict_keys(['example_trigger_target_dag']) retrieved from /home/airflow/.local/lib/python3.7/site-packages/airflow/example_dags/example_trigger_target_dag.py
[2023-03-27T13:30:53.422+0000] {logging_mixin.py:137} INFO - [2023-03-27T13:30:53.422+0000] {dag.py:2690} INFO - Sync 1 DAGs
[2023-03-27T13:30:53.514+0000] {logging_mixin.py:137} INFO - [2023-03-27T13:30:53.513+0000] {dag.py:3441} INFO - Setting next_dagrun for example_trigger_target_dag to None, run_after=None
[2023-03-27T13:30:53.591+0000] {processor.py:175} INFO - Processing /home/airflow/.local/lib/python3.7/site-packages/airflow/example_dags/example_trigger_target_dag.py took 0.343 seconds
[2023-03-27T13:31:35.566+0000] {processor.py:153} INFO - Started process (PID=543) to work on /home/airflow/.local/lib/python3.7/site-packages/airflow/example_dags/example_trigger_target_dag.py
[2023-03-27T13:31:35.571+0000] {processor.py:743} INFO - Processing file /home/airflow/.local/lib/python3.7/site-packages/airflow/example_dags/example_trigger_target_dag.py for tasks to queue
[2023-03-27T13:31:35.573+0000] {logging_mixin.py:137} INFO - [2023-03-27T13:31:35.572+0000] {dagbag.py:538} INFO - Filling up the DagBag from /home/airflow/.local/lib/python3.7/site-packages/airflow/example_dags/example_trigger_target_dag.py
[2023-03-27T13:31:35.651+0000] {processor.py:753} INFO - DAG(s) dict_keys(['example_trigger_target_dag']) retrieved from /home/airflow/.local/lib/python3.7/site-packages/airflow/example_dags/example_trigger_target_dag.py
[2023-03-27T13:31:35.723+0000] {logging_mixin.py:137} INFO - [2023-03-27T13:31:35.723+0000] {dag.py:2690} INFO - Sync 1 DAGs
[2023-03-27T13:31:35.815+0000] {logging_mixin.py:137} INFO - [2023-03-27T13:31:35.814+0000] {dag.py:3441} INFO - Setting next_dagrun for example_trigger_target_dag to None, run_after=None
[2023-03-27T13:31:35.890+0000] {processor.py:175} INFO - Processing /home/airflow/.local/lib/python3.7/site-packages/airflow/example_dags/example_trigger_target_dag.py took 0.337 seconds
[2023-03-27T13:32:16.964+0000] {processor.py:153} INFO - Started process (PID=626) to work on /home/airflow/.local/lib/python3.7/site-packages/airflow/example_dags/example_trigger_target_dag.py
[2023-03-27T13:32:16.977+0000] {processor.py:743} INFO - Processing file /home/airflow/.local/lib/python3.7/site-packages/airflow/example_dags/example_trigger_target_dag.py for tasks to queue
[2023-03-27T13:32:17.006+0000] {logging_mixin.py:137} INFO - [2023-03-27T13:32:17.006+0000] {dagbag.py:538} INFO - Filling up the DagBag from /home/airflow/.local/lib/python3.7/site-packages/airflow/example_dags/example_trigger_target_dag.py
[2023-03-27T13:32:17.125+0000] {processor.py:753} INFO - DAG(s) dict_keys(['example_trigger_target_dag']) retrieved from /home/airflow/.local/lib/python3.7/site-packages/airflow/example_dags/example_trigger_target_dag.py
[2023-03-27T13:32:17.260+0000] {logging_mixin.py:137} INFO - [2023-03-27T13:32:17.260+0000] {dag.py:2690} INFO - Sync 1 DAGs
[2023-03-27T13:32:17.437+0000] {logging_mixin.py:137} INFO - [2023-03-27T13:32:17.437+0000] {dag.py:3441} INFO - Setting next_dagrun for example_trigger_target_dag to None, run_after=None
[2023-03-27T13:32:17.589+0000] {processor.py:175} INFO - Processing /home/airflow/.local/lib/python3.7/site-packages/airflow/example_dags/example_trigger_target_dag.py took 0.631 seconds
[2023-03-27T13:32:58.949+0000] {processor.py:153} INFO - Started process (PID=706) to work on /home/airflow/.local/lib/python3.7/site-packages/airflow/example_dags/example_trigger_target_dag.py
[2023-03-27T13:32:58.958+0000] {processor.py:743} INFO - Processing file /home/airflow/.local/lib/python3.7/site-packages/airflow/example_dags/example_trigger_target_dag.py for tasks to queue
[2023-03-27T13:32:58.970+0000] {logging_mixin.py:137} INFO - [2023-03-27T13:32:58.970+0000] {dagbag.py:538} INFO - Filling up the DagBag from /home/airflow/.local/lib/python3.7/site-packages/airflow/example_dags/example_trigger_target_dag.py
[2023-03-27T13:32:59.072+0000] {processor.py:753} INFO - DAG(s) dict_keys(['example_trigger_target_dag']) retrieved from /home/airflow/.local/lib/python3.7/site-packages/airflow/example_dags/example_trigger_target_dag.py
[2023-03-27T13:32:59.215+0000] {logging_mixin.py:137} INFO - [2023-03-27T13:32:59.214+0000] {dag.py:2690} INFO - Sync 1 DAGs
[2023-03-27T13:32:59.340+0000] {logging_mixin.py:137} INFO - [2023-03-27T13:32:59.340+0000] {dag.py:3441} INFO - Setting next_dagrun for example_trigger_target_dag to None, run_after=None
[2023-03-27T13:32:59.445+0000] {processor.py:175} INFO - Processing /home/airflow/.local/lib/python3.7/site-packages/airflow/example_dags/example_trigger_target_dag.py took 0.503 seconds
[2023-03-27T13:33:35.464+0000] {processor.py:153} INFO - Started process (PID=779) to work on /home/airflow/.local/lib/python3.7/site-packages/airflow/example_dags/example_trigger_target_dag.py
[2023-03-27T13:33:35.556+0000] {processor.py:743} INFO - Processing file /home/airflow/.local/lib/python3.7/site-packages/airflow/example_dags/example_trigger_target_dag.py for tasks to queue
[2023-03-27T13:33:35.603+0000] {logging_mixin.py:137} INFO - [2023-03-27T13:33:35.603+0000] {dagbag.py:538} INFO - Filling up the DagBag from /home/airflow/.local/lib/python3.7/site-packages/airflow/example_dags/example_trigger_target_dag.py
[2023-03-27T13:33:35.740+0000] {processor.py:753} INFO - DAG(s) dict_keys(['example_trigger_target_dag']) retrieved from /home/airflow/.local/lib/python3.7/site-packages/airflow/example_dags/example_trigger_target_dag.py
[2023-03-27T13:33:35.887+0000] {logging_mixin.py:137} INFO - [2023-03-27T13:33:35.886+0000] {dag.py:2690} INFO - Sync 1 DAGs
[2023-03-27T13:33:36.245+0000] {logging_mixin.py:137} INFO - [2023-03-27T13:33:36.244+0000] {dag.py:3441} INFO - Setting next_dagrun for example_trigger_target_dag to None, run_after=None
[2023-03-27T13:33:36.414+0000] {processor.py:175} INFO - Processing /home/airflow/.local/lib/python3.7/site-packages/airflow/example_dags/example_trigger_target_dag.py took 0.966 seconds
[2023-03-27T13:34:15.133+0000] {processor.py:153} INFO - Started process (PID=857) to work on /home/airflow/.local/lib/python3.7/site-packages/airflow/example_dags/example_trigger_target_dag.py
[2023-03-27T13:34:15.136+0000] {processor.py:743} INFO - Processing file /home/airflow/.local/lib/python3.7/site-packages/airflow/example_dags/example_trigger_target_dag.py for tasks to queue
[2023-03-27T13:34:15.152+0000] {logging_mixin.py:137} INFO - [2023-03-27T13:34:15.152+0000] {dagbag.py:538} INFO - Filling up the DagBag from /home/airflow/.local/lib/python3.7/site-packages/airflow/example_dags/example_trigger_target_dag.py
[2023-03-27T13:34:15.307+0000] {processor.py:753} INFO - DAG(s) dict_keys(['example_trigger_target_dag']) retrieved from /home/airflow/.local/lib/python3.7/site-packages/airflow/example_dags/example_trigger_target_dag.py
[2023-03-27T13:34:15.450+0000] {logging_mixin.py:137} INFO - [2023-03-27T13:34:15.449+0000] {dag.py:2690} INFO - Sync 1 DAGs
[2023-03-27T13:34:15.619+0000] {logging_mixin.py:137} INFO - [2023-03-27T13:34:15.618+0000] {dag.py:3441} INFO - Setting next_dagrun for example_trigger_target_dag to None, run_after=None
[2023-03-27T13:34:15.738+0000] {processor.py:175} INFO - Processing /home/airflow/.local/lib/python3.7/site-packages/airflow/example_dags/example_trigger_target_dag.py took 0.622 seconds
[2023-03-27T13:34:50.171+0000] {processor.py:153} INFO - Started process (PID=925) to work on /home/airflow/.local/lib/python3.7/site-packages/airflow/example_dags/example_trigger_target_dag.py
[2023-03-27T13:34:50.176+0000] {processor.py:743} INFO - Processing file /home/airflow/.local/lib/python3.7/site-packages/airflow/example_dags/example_trigger_target_dag.py for tasks to queue
[2023-03-27T13:34:50.178+0000] {logging_mixin.py:137} INFO - [2023-03-27T13:34:50.178+0000] {dagbag.py:538} INFO - Filling up the DagBag from /home/airflow/.local/lib/python3.7/site-packages/airflow/example_dags/example_trigger_target_dag.py
[2023-03-27T13:34:50.258+0000] {processor.py:753} INFO - DAG(s) dict_keys(['example_trigger_target_dag']) retrieved from /home/airflow/.local/lib/python3.7/site-packages/airflow/example_dags/example_trigger_target_dag.py
[2023-03-27T13:34:50.409+0000] {logging_mixin.py:137} INFO - [2023-03-27T13:34:50.409+0000] {dag.py:2690} INFO - Sync 1 DAGs
[2023-03-27T13:34:50.547+0000] {logging_mixin.py:137} INFO - [2023-03-27T13:34:50.547+0000] {dag.py:3441} INFO - Setting next_dagrun for example_trigger_target_dag to None, run_after=None
[2023-03-27T13:34:50.661+0000] {processor.py:175} INFO - Processing /home/airflow/.local/lib/python3.7/site-packages/airflow/example_dags/example_trigger_target_dag.py took 0.495 seconds
