[2023-03-27T13:27:59.436+0000] {processor.py:153} INFO - Started process (PID=105) to work on /home/airflow/.local/lib/python3.7/site-packages/airflow/example_dags/example_task_group_decorator.py
[2023-03-27T13:27:59.472+0000] {processor.py:743} INFO - Processing file /home/airflow/.local/lib/python3.7/site-packages/airflow/example_dags/example_task_group_decorator.py for tasks to queue
[2023-03-27T13:27:59.478+0000] {logging_mixin.py:137} INFO - [2023-03-27T13:27:59.477+0000] {dagbag.py:538} INFO - Filling up the DagBag from /home/airflow/.local/lib/python3.7/site-packages/airflow/example_dags/example_task_group_decorator.py
[2023-03-27T13:27:59.675+0000] {processor.py:753} INFO - DAG(s) dict_keys(['example_task_group_decorator']) retrieved from /home/airflow/.local/lib/python3.7/site-packages/airflow/example_dags/example_task_group_decorator.py
[2023-03-27T13:27:59.976+0000] {logging_mixin.py:137} INFO - [2023-03-27T13:27:59.976+0000] {dag.py:2690} INFO - Sync 1 DAGs
[2023-03-27T13:28:00.122+0000] {logging_mixin.py:137} INFO - [2023-03-27T13:28:00.121+0000] {dag.py:3441} INFO - Setting next_dagrun for example_task_group_decorator to 2023-03-26T13:28:00.121391+00:00, run_after=2023-03-27T13:28:00.121391+00:00
[2023-03-27T13:28:00.248+0000] {processor.py:175} INFO - Processing /home/airflow/.local/lib/python3.7/site-packages/airflow/example_dags/example_task_group_decorator.py took 0.819 seconds
[2023-03-27T13:28:30.692+0000] {processor.py:153} INFO - Started process (PID=172) to work on /home/airflow/.local/lib/python3.7/site-packages/airflow/example_dags/example_task_group_decorator.py
[2023-03-27T13:28:30.694+0000] {processor.py:743} INFO - Processing file /home/airflow/.local/lib/python3.7/site-packages/airflow/example_dags/example_task_group_decorator.py for tasks to queue
[2023-03-27T13:28:30.696+0000] {logging_mixin.py:137} INFO - [2023-03-27T13:28:30.696+0000] {dagbag.py:538} INFO - Filling up the DagBag from /home/airflow/.local/lib/python3.7/site-packages/airflow/example_dags/example_task_group_decorator.py
[2023-03-27T13:28:30.770+0000] {processor.py:753} INFO - DAG(s) dict_keys(['example_task_group_decorator']) retrieved from /home/airflow/.local/lib/python3.7/site-packages/airflow/example_dags/example_task_group_decorator.py
[2023-03-27T13:28:30.847+0000] {logging_mixin.py:137} INFO - [2023-03-27T13:28:30.847+0000] {dag.py:2690} INFO - Sync 1 DAGs
[2023-03-27T13:28:30.911+0000] {logging_mixin.py:137} INFO - [2023-03-27T13:28:30.910+0000] {dag.py:3441} INFO - Setting next_dagrun for example_task_group_decorator to 2023-03-26T13:28:30.910387+00:00, run_after=2023-03-27T13:28:30.910387+00:00
[2023-03-27T13:28:30.966+0000] {processor.py:175} INFO - Processing /home/airflow/.local/lib/python3.7/site-packages/airflow/example_dags/example_task_group_decorator.py took 0.279 seconds
[2023-03-27T13:29:09.083+0000] {processor.py:153} INFO - Started process (PID=247) to work on /home/airflow/.local/lib/python3.7/site-packages/airflow/example_dags/example_task_group_decorator.py
[2023-03-27T13:29:09.162+0000] {processor.py:743} INFO - Processing file /home/airflow/.local/lib/python3.7/site-packages/airflow/example_dags/example_task_group_decorator.py for tasks to queue
[2023-03-27T13:29:09.184+0000] {logging_mixin.py:137} INFO - [2023-03-27T13:29:09.183+0000] {dagbag.py:538} INFO - Filling up the DagBag from /home/airflow/.local/lib/python3.7/site-packages/airflow/example_dags/example_task_group_decorator.py
[2023-03-27T13:29:09.374+0000] {processor.py:753} INFO - DAG(s) dict_keys(['example_task_group_decorator']) retrieved from /home/airflow/.local/lib/python3.7/site-packages/airflow/example_dags/example_task_group_decorator.py
[2023-03-27T13:29:09.547+0000] {logging_mixin.py:137} INFO - [2023-03-27T13:29:09.546+0000] {dag.py:2690} INFO - Sync 1 DAGs
[2023-03-27T13:29:09.739+0000] {logging_mixin.py:137} INFO - [2023-03-27T13:29:09.739+0000] {dag.py:3441} INFO - Setting next_dagrun for example_task_group_decorator to 2023-03-26T13:29:09.738688+00:00, run_after=2023-03-27T13:29:09.738688+00:00
[2023-03-27T13:29:09.974+0000] {processor.py:175} INFO - Processing /home/airflow/.local/lib/python3.7/site-packages/airflow/example_dags/example_task_group_decorator.py took 0.908 seconds
[2023-03-27T13:29:41.030+0000] {processor.py:153} INFO - Started process (PID=315) to work on /home/airflow/.local/lib/python3.7/site-packages/airflow/example_dags/example_task_group_decorator.py
[2023-03-27T13:29:41.033+0000] {processor.py:743} INFO - Processing file /home/airflow/.local/lib/python3.7/site-packages/airflow/example_dags/example_task_group_decorator.py for tasks to queue
[2023-03-27T13:29:41.061+0000] {logging_mixin.py:137} INFO - [2023-03-27T13:29:41.060+0000] {dagbag.py:538} INFO - Filling up the DagBag from /home/airflow/.local/lib/python3.7/site-packages/airflow/example_dags/example_task_group_decorator.py
[2023-03-27T13:29:41.379+0000] {processor.py:753} INFO - DAG(s) dict_keys(['example_task_group_decorator']) retrieved from /home/airflow/.local/lib/python3.7/site-packages/airflow/example_dags/example_task_group_decorator.py
[2023-03-27T13:29:41.570+0000] {logging_mixin.py:137} INFO - [2023-03-27T13:29:41.560+0000] {dag.py:2690} INFO - Sync 1 DAGs
[2023-03-27T13:29:41.964+0000] {logging_mixin.py:137} INFO - [2023-03-27T13:29:41.964+0000] {dag.py:3441} INFO - Setting next_dagrun for example_task_group_decorator to 2023-03-26T13:29:41.964047+00:00, run_after=2023-03-27T13:29:41.964047+00:00
[2023-03-27T13:29:42.106+0000] {processor.py:175} INFO - Processing /home/airflow/.local/lib/python3.7/site-packages/airflow/example_dags/example_task_group_decorator.py took 1.111 seconds
[2023-03-27T13:30:15.867+0000] {processor.py:153} INFO - Started process (PID=380) to work on /home/airflow/.local/lib/python3.7/site-packages/airflow/example_dags/example_task_group_decorator.py
[2023-03-27T13:30:15.876+0000] {processor.py:743} INFO - Processing file /home/airflow/.local/lib/python3.7/site-packages/airflow/example_dags/example_task_group_decorator.py for tasks to queue
[2023-03-27T13:30:15.880+0000] {logging_mixin.py:137} INFO - [2023-03-27T13:30:15.880+0000] {dagbag.py:538} INFO - Filling up the DagBag from /home/airflow/.local/lib/python3.7/site-packages/airflow/example_dags/example_task_group_decorator.py
[2023-03-27T13:30:16.038+0000] {processor.py:753} INFO - DAG(s) dict_keys(['example_task_group_decorator']) retrieved from /home/airflow/.local/lib/python3.7/site-packages/airflow/example_dags/example_task_group_decorator.py
[2023-03-27T13:30:16.172+0000] {logging_mixin.py:137} INFO - [2023-03-27T13:30:16.172+0000] {dag.py:2690} INFO - Sync 1 DAGs
[2023-03-27T13:30:16.308+0000] {logging_mixin.py:137} INFO - [2023-03-27T13:30:16.307+0000] {dag.py:3441} INFO - Setting next_dagrun for example_task_group_decorator to 2023-03-26T13:30:16.307021+00:00, run_after=2023-03-27T13:30:16.307021+00:00
[2023-03-27T13:30:16.400+0000] {processor.py:175} INFO - Processing /home/airflow/.local/lib/python3.7/site-packages/airflow/example_dags/example_task_group_decorator.py took 0.540 seconds
[2023-03-27T13:30:51.336+0000] {processor.py:153} INFO - Started process (PID=454) to work on /home/airflow/.local/lib/python3.7/site-packages/airflow/example_dags/example_task_group_decorator.py
[2023-03-27T13:30:51.350+0000] {processor.py:743} INFO - Processing file /home/airflow/.local/lib/python3.7/site-packages/airflow/example_dags/example_task_group_decorator.py for tasks to queue
[2023-03-27T13:30:51.353+0000] {logging_mixin.py:137} INFO - [2023-03-27T13:30:51.353+0000] {dagbag.py:538} INFO - Filling up the DagBag from /home/airflow/.local/lib/python3.7/site-packages/airflow/example_dags/example_task_group_decorator.py
[2023-03-27T13:30:51.524+0000] {processor.py:753} INFO - DAG(s) dict_keys(['example_task_group_decorator']) retrieved from /home/airflow/.local/lib/python3.7/site-packages/airflow/example_dags/example_task_group_decorator.py
[2023-03-27T13:30:51.665+0000] {logging_mixin.py:137} INFO - [2023-03-27T13:30:51.664+0000] {dag.py:2690} INFO - Sync 1 DAGs
[2023-03-27T13:30:51.798+0000] {logging_mixin.py:137} INFO - [2023-03-27T13:30:51.797+0000] {dag.py:3441} INFO - Setting next_dagrun for example_task_group_decorator to 2023-03-26T13:30:51.797021+00:00, run_after=2023-03-27T13:30:51.797021+00:00
[2023-03-27T13:30:51.895+0000] {processor.py:175} INFO - Processing /home/airflow/.local/lib/python3.7/site-packages/airflow/example_dags/example_task_group_decorator.py took 0.565 seconds
[2023-03-27T13:31:28.588+0000] {processor.py:153} INFO - Started process (PID=528) to work on /home/airflow/.local/lib/python3.7/site-packages/airflow/example_dags/example_task_group_decorator.py
[2023-03-27T13:31:28.600+0000] {processor.py:743} INFO - Processing file /home/airflow/.local/lib/python3.7/site-packages/airflow/example_dags/example_task_group_decorator.py for tasks to queue
[2023-03-27T13:31:28.602+0000] {logging_mixin.py:137} INFO - [2023-03-27T13:31:28.602+0000] {dagbag.py:538} INFO - Filling up the DagBag from /home/airflow/.local/lib/python3.7/site-packages/airflow/example_dags/example_task_group_decorator.py
[2023-03-27T13:31:28.807+0000] {processor.py:753} INFO - DAG(s) dict_keys(['example_task_group_decorator']) retrieved from /home/airflow/.local/lib/python3.7/site-packages/airflow/example_dags/example_task_group_decorator.py
[2023-03-27T13:31:29.003+0000] {logging_mixin.py:137} INFO - [2023-03-27T13:31:29.003+0000] {dag.py:2690} INFO - Sync 1 DAGs
[2023-03-27T13:31:29.328+0000] {logging_mixin.py:137} INFO - [2023-03-27T13:31:29.323+0000] {dag.py:3441} INFO - Setting next_dagrun for example_task_group_decorator to 2023-03-26T13:31:29.290881+00:00, run_after=2023-03-27T13:31:29.290881+00:00
[2023-03-27T13:31:30.432+0000] {processor.py:175} INFO - Processing /home/airflow/.local/lib/python3.7/site-packages/airflow/example_dags/example_task_group_decorator.py took 1.864 seconds
[2023-03-27T13:32:01.174+0000] {processor.py:153} INFO - Started process (PID=593) to work on /home/airflow/.local/lib/python3.7/site-packages/airflow/example_dags/example_task_group_decorator.py
[2023-03-27T13:32:01.193+0000] {processor.py:743} INFO - Processing file /home/airflow/.local/lib/python3.7/site-packages/airflow/example_dags/example_task_group_decorator.py for tasks to queue
[2023-03-27T13:32:01.260+0000] {logging_mixin.py:137} INFO - [2023-03-27T13:32:01.260+0000] {dagbag.py:538} INFO - Filling up the DagBag from /home/airflow/.local/lib/python3.7/site-packages/airflow/example_dags/example_task_group_decorator.py
[2023-03-27T13:32:01.643+0000] {processor.py:753} INFO - DAG(s) dict_keys(['example_task_group_decorator']) retrieved from /home/airflow/.local/lib/python3.7/site-packages/airflow/example_dags/example_task_group_decorator.py
[2023-03-27T13:32:02.354+0000] {logging_mixin.py:137} INFO - [2023-03-27T13:32:02.354+0000] {dag.py:2690} INFO - Sync 1 DAGs
[2023-03-27T13:32:02.685+0000] {logging_mixin.py:137} INFO - [2023-03-27T13:32:02.684+0000] {dag.py:3441} INFO - Setting next_dagrun for example_task_group_decorator to 2023-03-26T13:32:02.683976+00:00, run_after=2023-03-27T13:32:02.683976+00:00
[2023-03-27T13:32:02.845+0000] {processor.py:175} INFO - Processing /home/airflow/.local/lib/python3.7/site-packages/airflow/example_dags/example_task_group_decorator.py took 1.686 seconds
[2023-03-27T13:32:35.129+0000] {processor.py:153} INFO - Started process (PID=658) to work on /home/airflow/.local/lib/python3.7/site-packages/airflow/example_dags/example_task_group_decorator.py
[2023-03-27T13:32:35.405+0000] {processor.py:743} INFO - Processing file /home/airflow/.local/lib/python3.7/site-packages/airflow/example_dags/example_task_group_decorator.py for tasks to queue
[2023-03-27T13:32:35.568+0000] {logging_mixin.py:137} INFO - [2023-03-27T13:32:35.566+0000] {dagbag.py:538} INFO - Filling up the DagBag from /home/airflow/.local/lib/python3.7/site-packages/airflow/example_dags/example_task_group_decorator.py
[2023-03-27T13:32:36.116+0000] {processor.py:753} INFO - DAG(s) dict_keys(['example_task_group_decorator']) retrieved from /home/airflow/.local/lib/python3.7/site-packages/airflow/example_dags/example_task_group_decorator.py
[2023-03-27T13:32:36.455+0000] {logging_mixin.py:137} INFO - [2023-03-27T13:32:36.455+0000] {dag.py:2690} INFO - Sync 1 DAGs
[2023-03-27T13:32:36.823+0000] {logging_mixin.py:137} INFO - [2023-03-27T13:32:36.823+0000] {dag.py:3441} INFO - Setting next_dagrun for example_task_group_decorator to 2023-03-26T13:32:36.822494+00:00, run_after=2023-03-27T13:32:36.822494+00:00
[2023-03-27T13:32:36.998+0000] {processor.py:175} INFO - Processing /home/airflow/.local/lib/python3.7/site-packages/airflow/example_dags/example_task_group_decorator.py took 2.340 seconds
[2023-03-27T13:33:08.452+0000] {processor.py:153} INFO - Started process (PID=731) to work on /home/airflow/.local/lib/python3.7/site-packages/airflow/example_dags/example_task_group_decorator.py
[2023-03-27T13:33:08.493+0000] {processor.py:743} INFO - Processing file /home/airflow/.local/lib/python3.7/site-packages/airflow/example_dags/example_task_group_decorator.py for tasks to queue
[2023-03-27T13:33:08.515+0000] {logging_mixin.py:137} INFO - [2023-03-27T13:33:08.514+0000] {dagbag.py:538} INFO - Filling up the DagBag from /home/airflow/.local/lib/python3.7/site-packages/airflow/example_dags/example_task_group_decorator.py
[2023-03-27T13:33:08.797+0000] {processor.py:753} INFO - DAG(s) dict_keys(['example_task_group_decorator']) retrieved from /home/airflow/.local/lib/python3.7/site-packages/airflow/example_dags/example_task_group_decorator.py
[2023-03-27T13:33:09.151+0000] {logging_mixin.py:137} INFO - [2023-03-27T13:33:09.151+0000] {dag.py:2690} INFO - Sync 1 DAGs
[2023-03-27T13:33:10.581+0000] {logging_mixin.py:137} INFO - [2023-03-27T13:33:10.580+0000] {dag.py:3441} INFO - Setting next_dagrun for example_task_group_decorator to 2023-03-26T13:33:10.579826+00:00, run_after=2023-03-27T13:33:10.579826+00:00
[2023-03-27T13:33:11.672+0000] {processor.py:175} INFO - Processing /home/airflow/.local/lib/python3.7/site-packages/airflow/example_dags/example_task_group_decorator.py took 3.228 seconds
[2023-03-27T13:33:42.564+0000] {processor.py:153} INFO - Started process (PID=799) to work on /home/airflow/.local/lib/python3.7/site-packages/airflow/example_dags/example_task_group_decorator.py
[2023-03-27T13:33:42.583+0000] {processor.py:743} INFO - Processing file /home/airflow/.local/lib/python3.7/site-packages/airflow/example_dags/example_task_group_decorator.py for tasks to queue
[2023-03-27T13:33:42.597+0000] {logging_mixin.py:137} INFO - [2023-03-27T13:33:42.596+0000] {dagbag.py:538} INFO - Filling up the DagBag from /home/airflow/.local/lib/python3.7/site-packages/airflow/example_dags/example_task_group_decorator.py
[2023-03-27T13:33:42.784+0000] {processor.py:753} INFO - DAG(s) dict_keys(['example_task_group_decorator']) retrieved from /home/airflow/.local/lib/python3.7/site-packages/airflow/example_dags/example_task_group_decorator.py
[2023-03-27T13:33:42.944+0000] {logging_mixin.py:137} INFO - [2023-03-27T13:33:42.943+0000] {dag.py:2690} INFO - Sync 1 DAGs
[2023-03-27T13:33:43.099+0000] {logging_mixin.py:137} INFO - [2023-03-27T13:33:43.098+0000] {dag.py:3441} INFO - Setting next_dagrun for example_task_group_decorator to 2023-03-26T13:33:43.098248+00:00, run_after=2023-03-27T13:33:43.098248+00:00
[2023-03-27T13:33:43.238+0000] {processor.py:175} INFO - Processing /home/airflow/.local/lib/python3.7/site-packages/airflow/example_dags/example_task_group_decorator.py took 0.691 seconds
[2023-03-27T13:34:32.854+0000] {processor.py:153} INFO - Started process (PID=882) to work on /home/airflow/.local/lib/python3.7/site-packages/airflow/example_dags/example_task_group_decorator.py
[2023-03-27T13:34:32.901+0000] {processor.py:743} INFO - Processing file /home/airflow/.local/lib/python3.7/site-packages/airflow/example_dags/example_task_group_decorator.py for tasks to queue
[2023-03-27T13:34:32.985+0000] {logging_mixin.py:137} INFO - [2023-03-27T13:34:32.984+0000] {dagbag.py:538} INFO - Filling up the DagBag from /home/airflow/.local/lib/python3.7/site-packages/airflow/example_dags/example_task_group_decorator.py
[2023-03-27T13:34:33.248+0000] {processor.py:753} INFO - DAG(s) dict_keys(['example_task_group_decorator']) retrieved from /home/airflow/.local/lib/python3.7/site-packages/airflow/example_dags/example_task_group_decorator.py
[2023-03-27T13:34:33.387+0000] {logging_mixin.py:137} INFO - [2023-03-27T13:34:33.387+0000] {dag.py:2690} INFO - Sync 1 DAGs
[2023-03-27T13:34:33.570+0000] {logging_mixin.py:137} INFO - [2023-03-27T13:34:33.569+0000] {dag.py:3441} INFO - Setting next_dagrun for example_task_group_decorator to 2023-03-26T13:34:33.569122+00:00, run_after=2023-03-27T13:34:33.569122+00:00
[2023-03-27T13:34:33.699+0000] {processor.py:175} INFO - Processing /home/airflow/.local/lib/python3.7/site-packages/airflow/example_dags/example_task_group_decorator.py took 0.862 seconds
[2023-03-27T13:35:04.415+0000] {processor.py:153} INFO - Started process (PID=949) to work on /home/airflow/.local/lib/python3.7/site-packages/airflow/example_dags/example_task_group_decorator.py
[2023-03-27T13:35:04.435+0000] {processor.py:743} INFO - Processing file /home/airflow/.local/lib/python3.7/site-packages/airflow/example_dags/example_task_group_decorator.py for tasks to queue
[2023-03-27T13:35:04.438+0000] {logging_mixin.py:137} INFO - [2023-03-27T13:35:04.438+0000] {dagbag.py:538} INFO - Filling up the DagBag from /home/airflow/.local/lib/python3.7/site-packages/airflow/example_dags/example_task_group_decorator.py
[2023-03-27T13:35:04.540+0000] {processor.py:753} INFO - DAG(s) dict_keys(['example_task_group_decorator']) retrieved from /home/airflow/.local/lib/python3.7/site-packages/airflow/example_dags/example_task_group_decorator.py
[2023-03-27T13:35:04.698+0000] {logging_mixin.py:137} INFO - [2023-03-27T13:35:04.698+0000] {dag.py:2690} INFO - Sync 1 DAGs
[2023-03-27T13:35:04.833+0000] {logging_mixin.py:137} INFO - [2023-03-27T13:35:04.832+0000] {dag.py:3441} INFO - Setting next_dagrun for example_task_group_decorator to 2023-03-26T13:35:04.832506+00:00, run_after=2023-03-27T13:35:04.832506+00:00
[2023-03-27T13:35:05.035+0000] {processor.py:175} INFO - Processing /home/airflow/.local/lib/python3.7/site-packages/airflow/example_dags/example_task_group_decorator.py took 0.627 seconds
