[2023-03-27T13:27:54.872+0000] {processor.py:153} INFO - Started process (PID=87) to work on /home/airflow/.local/lib/python3.7/site-packages/airflow/example_dags/example_short_circuit_decorator.py
[2023-03-27T13:27:54.877+0000] {processor.py:743} INFO - Processing file /home/airflow/.local/lib/python3.7/site-packages/airflow/example_dags/example_short_circuit_decorator.py for tasks to queue
[2023-03-27T13:27:54.885+0000] {logging_mixin.py:137} INFO - [2023-03-27T13:27:54.884+0000] {dagbag.py:538} INFO - Filling up the DagBag from /home/airflow/.local/lib/python3.7/site-packages/airflow/example_dags/example_short_circuit_decorator.py
[2023-03-27T13:27:55.006+0000] {processor.py:753} INFO - DAG(s) dict_keys(['example_short_circuit_decorator']) retrieved from /home/airflow/.local/lib/python3.7/site-packages/airflow/example_dags/example_short_circuit_decorator.py
[2023-03-27T13:27:55.101+0000] {logging_mixin.py:137} INFO - [2023-03-27T13:27:55.100+0000] {dag.py:2690} INFO - Sync 1 DAGs
[2023-03-27T13:27:55.233+0000] {logging_mixin.py:137} INFO - [2023-03-27T13:27:55.233+0000] {dag.py:3441} INFO - Setting next_dagrun for example_short_circuit_decorator to 2023-03-26T13:27:55.232767+00:00, run_after=2023-03-27T13:27:55.232767+00:00
[2023-03-27T13:27:55.307+0000] {processor.py:175} INFO - Processing /home/airflow/.local/lib/python3.7/site-packages/airflow/example_dags/example_short_circuit_decorator.py took 0.441 seconds
[2023-03-27T13:28:27.430+0000] {processor.py:153} INFO - Started process (PID=161) to work on /home/airflow/.local/lib/python3.7/site-packages/airflow/example_dags/example_short_circuit_decorator.py
[2023-03-27T13:28:27.435+0000] {processor.py:743} INFO - Processing file /home/airflow/.local/lib/python3.7/site-packages/airflow/example_dags/example_short_circuit_decorator.py for tasks to queue
[2023-03-27T13:28:27.437+0000] {logging_mixin.py:137} INFO - [2023-03-27T13:28:27.436+0000] {dagbag.py:538} INFO - Filling up the DagBag from /home/airflow/.local/lib/python3.7/site-packages/airflow/example_dags/example_short_circuit_decorator.py
[2023-03-27T13:28:27.556+0000] {processor.py:753} INFO - DAG(s) dict_keys(['example_short_circuit_decorator']) retrieved from /home/airflow/.local/lib/python3.7/site-packages/airflow/example_dags/example_short_circuit_decorator.py
[2023-03-27T13:28:27.666+0000] {logging_mixin.py:137} INFO - [2023-03-27T13:28:27.665+0000] {dag.py:2690} INFO - Sync 1 DAGs
[2023-03-27T13:28:27.789+0000] {logging_mixin.py:137} INFO - [2023-03-27T13:28:27.789+0000] {dag.py:3441} INFO - Setting next_dagrun for example_short_circuit_decorator to 2023-03-26T13:28:27.782952+00:00, run_after=2023-03-27T13:28:27.782952+00:00
[2023-03-27T13:28:27.876+0000] {processor.py:175} INFO - Processing /home/airflow/.local/lib/python3.7/site-packages/airflow/example_dags/example_short_circuit_decorator.py took 0.464 seconds
[2023-03-27T13:29:01.426+0000] {processor.py:153} INFO - Started process (PID=229) to work on /home/airflow/.local/lib/python3.7/site-packages/airflow/example_dags/example_short_circuit_decorator.py
[2023-03-27T13:29:01.438+0000] {processor.py:743} INFO - Processing file /home/airflow/.local/lib/python3.7/site-packages/airflow/example_dags/example_short_circuit_decorator.py for tasks to queue
[2023-03-27T13:29:01.440+0000] {logging_mixin.py:137} INFO - [2023-03-27T13:29:01.439+0000] {dagbag.py:538} INFO - Filling up the DagBag from /home/airflow/.local/lib/python3.7/site-packages/airflow/example_dags/example_short_circuit_decorator.py
[2023-03-27T13:29:01.550+0000] {processor.py:753} INFO - DAG(s) dict_keys(['example_short_circuit_decorator']) retrieved from /home/airflow/.local/lib/python3.7/site-packages/airflow/example_dags/example_short_circuit_decorator.py
[2023-03-27T13:29:01.676+0000] {logging_mixin.py:137} INFO - [2023-03-27T13:29:01.676+0000] {dag.py:2690} INFO - Sync 1 DAGs
[2023-03-27T13:29:01.837+0000] {logging_mixin.py:137} INFO - [2023-03-27T13:29:01.829+0000] {dag.py:3441} INFO - Setting next_dagrun for example_short_circuit_decorator to 2023-03-26T13:29:01.828641+00:00, run_after=2023-03-27T13:29:01.828641+00:00
[2023-03-27T13:29:02.014+0000] {processor.py:175} INFO - Processing /home/airflow/.local/lib/python3.7/site-packages/airflow/example_dags/example_short_circuit_decorator.py took 0.595 seconds
[2023-03-27T13:29:32.433+0000] {processor.py:153} INFO - Started process (PID=292) to work on /home/airflow/.local/lib/python3.7/site-packages/airflow/example_dags/example_short_circuit_decorator.py
[2023-03-27T13:29:32.435+0000] {processor.py:743} INFO - Processing file /home/airflow/.local/lib/python3.7/site-packages/airflow/example_dags/example_short_circuit_decorator.py for tasks to queue
[2023-03-27T13:29:32.437+0000] {logging_mixin.py:137} INFO - [2023-03-27T13:29:32.436+0000] {dagbag.py:538} INFO - Filling up the DagBag from /home/airflow/.local/lib/python3.7/site-packages/airflow/example_dags/example_short_circuit_decorator.py
[2023-03-27T13:29:32.564+0000] {processor.py:753} INFO - DAG(s) dict_keys(['example_short_circuit_decorator']) retrieved from /home/airflow/.local/lib/python3.7/site-packages/airflow/example_dags/example_short_circuit_decorator.py
[2023-03-27T13:29:32.641+0000] {logging_mixin.py:137} INFO - [2023-03-27T13:29:32.641+0000] {dag.py:2690} INFO - Sync 1 DAGs
[2023-03-27T13:29:32.797+0000] {logging_mixin.py:137} INFO - [2023-03-27T13:29:32.796+0000] {dag.py:3441} INFO - Setting next_dagrun for example_short_circuit_decorator to 2023-03-26T13:29:32.796194+00:00, run_after=2023-03-27T13:29:32.796194+00:00
[2023-03-27T13:29:33.436+0000] {processor.py:175} INFO - Processing /home/airflow/.local/lib/python3.7/site-packages/airflow/example_dags/example_short_circuit_decorator.py took 0.997 seconds
[2023-03-27T13:30:04.852+0000] {processor.py:153} INFO - Started process (PID=367) to work on /home/airflow/.local/lib/python3.7/site-packages/airflow/example_dags/example_short_circuit_decorator.py
[2023-03-27T13:30:04.858+0000] {processor.py:743} INFO - Processing file /home/airflow/.local/lib/python3.7/site-packages/airflow/example_dags/example_short_circuit_decorator.py for tasks to queue
[2023-03-27T13:30:04.868+0000] {logging_mixin.py:137} INFO - [2023-03-27T13:30:04.868+0000] {dagbag.py:538} INFO - Filling up the DagBag from /home/airflow/.local/lib/python3.7/site-packages/airflow/example_dags/example_short_circuit_decorator.py
[2023-03-27T13:30:04.973+0000] {processor.py:753} INFO - DAG(s) dict_keys(['example_short_circuit_decorator']) retrieved from /home/airflow/.local/lib/python3.7/site-packages/airflow/example_dags/example_short_circuit_decorator.py
[2023-03-27T13:30:05.102+0000] {logging_mixin.py:137} INFO - [2023-03-27T13:30:05.101+0000] {dag.py:2690} INFO - Sync 1 DAGs
[2023-03-27T13:30:05.236+0000] {logging_mixin.py:137} INFO - [2023-03-27T13:30:05.235+0000] {dag.py:3441} INFO - Setting next_dagrun for example_short_circuit_decorator to 2023-03-26T13:30:05.235127+00:00, run_after=2023-03-27T13:30:05.235127+00:00
[2023-03-27T13:30:05.464+0000] {processor.py:175} INFO - Processing /home/airflow/.local/lib/python3.7/site-packages/airflow/example_dags/example_short_circuit_decorator.py took 0.609 seconds
[2023-03-27T13:30:35.962+0000] {processor.py:153} INFO - Started process (PID=427) to work on /home/airflow/.local/lib/python3.7/site-packages/airflow/example_dags/example_short_circuit_decorator.py
[2023-03-27T13:30:35.976+0000] {processor.py:743} INFO - Processing file /home/airflow/.local/lib/python3.7/site-packages/airflow/example_dags/example_short_circuit_decorator.py for tasks to queue
[2023-03-27T13:30:35.983+0000] {logging_mixin.py:137} INFO - [2023-03-27T13:30:35.982+0000] {dagbag.py:538} INFO - Filling up the DagBag from /home/airflow/.local/lib/python3.7/site-packages/airflow/example_dags/example_short_circuit_decorator.py
[2023-03-27T13:30:36.082+0000] {processor.py:753} INFO - DAG(s) dict_keys(['example_short_circuit_decorator']) retrieved from /home/airflow/.local/lib/python3.7/site-packages/airflow/example_dags/example_short_circuit_decorator.py
[2023-03-27T13:30:36.312+0000] {logging_mixin.py:137} INFO - [2023-03-27T13:30:36.311+0000] {dag.py:2690} INFO - Sync 1 DAGs
[2023-03-27T13:30:36.449+0000] {logging_mixin.py:137} INFO - [2023-03-27T13:30:36.448+0000] {dag.py:3441} INFO - Setting next_dagrun for example_short_circuit_decorator to 2023-03-26T13:30:36.448404+00:00, run_after=2023-03-27T13:30:36.448404+00:00
[2023-03-27T13:30:36.551+0000] {processor.py:175} INFO - Processing /home/airflow/.local/lib/python3.7/site-packages/airflow/example_dags/example_short_circuit_decorator.py took 0.599 seconds
[2023-03-27T13:31:09.517+0000] {processor.py:153} INFO - Started process (PID=499) to work on /home/airflow/.local/lib/python3.7/site-packages/airflow/example_dags/example_short_circuit_decorator.py
[2023-03-27T13:31:09.528+0000] {processor.py:743} INFO - Processing file /home/airflow/.local/lib/python3.7/site-packages/airflow/example_dags/example_short_circuit_decorator.py for tasks to queue
[2023-03-27T13:31:09.533+0000] {logging_mixin.py:137} INFO - [2023-03-27T13:31:09.533+0000] {dagbag.py:538} INFO - Filling up the DagBag from /home/airflow/.local/lib/python3.7/site-packages/airflow/example_dags/example_short_circuit_decorator.py
[2023-03-27T13:31:09.660+0000] {processor.py:753} INFO - DAG(s) dict_keys(['example_short_circuit_decorator']) retrieved from /home/airflow/.local/lib/python3.7/site-packages/airflow/example_dags/example_short_circuit_decorator.py
[2023-03-27T13:31:09.805+0000] {logging_mixin.py:137} INFO - [2023-03-27T13:31:09.804+0000] {dag.py:2690} INFO - Sync 1 DAGs
[2023-03-27T13:31:09.969+0000] {logging_mixin.py:137} INFO - [2023-03-27T13:31:09.968+0000] {dag.py:3441} INFO - Setting next_dagrun for example_short_circuit_decorator to 2023-03-26T13:31:09.968043+00:00, run_after=2023-03-27T13:31:09.968043+00:00
[2023-03-27T13:31:10.095+0000] {processor.py:175} INFO - Processing /home/airflow/.local/lib/python3.7/site-packages/airflow/example_dags/example_short_circuit_decorator.py took 0.586 seconds
[2023-03-27T13:31:40.932+0000] {processor.py:153} INFO - Started process (PID=566) to work on /home/airflow/.local/lib/python3.7/site-packages/airflow/example_dags/example_short_circuit_decorator.py
[2023-03-27T13:31:40.940+0000] {processor.py:743} INFO - Processing file /home/airflow/.local/lib/python3.7/site-packages/airflow/example_dags/example_short_circuit_decorator.py for tasks to queue
[2023-03-27T13:31:40.945+0000] {logging_mixin.py:137} INFO - [2023-03-27T13:31:40.945+0000] {dagbag.py:538} INFO - Filling up the DagBag from /home/airflow/.local/lib/python3.7/site-packages/airflow/example_dags/example_short_circuit_decorator.py
[2023-03-27T13:31:41.089+0000] {processor.py:753} INFO - DAG(s) dict_keys(['example_short_circuit_decorator']) retrieved from /home/airflow/.local/lib/python3.7/site-packages/airflow/example_dags/example_short_circuit_decorator.py
[2023-03-27T13:31:41.225+0000] {logging_mixin.py:137} INFO - [2023-03-27T13:31:41.225+0000] {dag.py:2690} INFO - Sync 1 DAGs
[2023-03-27T13:31:41.356+0000] {logging_mixin.py:137} INFO - [2023-03-27T13:31:41.355+0000] {dag.py:3441} INFO - Setting next_dagrun for example_short_circuit_decorator to 2023-03-26T13:31:41.355192+00:00, run_after=2023-03-27T13:31:41.355192+00:00
[2023-03-27T13:31:41.459+0000] {processor.py:175} INFO - Processing /home/airflow/.local/lib/python3.7/site-packages/airflow/example_dags/example_short_circuit_decorator.py took 0.534 seconds
[2023-03-27T13:32:15.704+0000] {processor.py:153} INFO - Started process (PID=622) to work on /home/airflow/.local/lib/python3.7/site-packages/airflow/example_dags/example_short_circuit_decorator.py
[2023-03-27T13:32:15.706+0000] {processor.py:743} INFO - Processing file /home/airflow/.local/lib/python3.7/site-packages/airflow/example_dags/example_short_circuit_decorator.py for tasks to queue
[2023-03-27T13:32:15.708+0000] {logging_mixin.py:137} INFO - [2023-03-27T13:32:15.708+0000] {dagbag.py:538} INFO - Filling up the DagBag from /home/airflow/.local/lib/python3.7/site-packages/airflow/example_dags/example_short_circuit_decorator.py
[2023-03-27T13:32:15.821+0000] {processor.py:753} INFO - DAG(s) dict_keys(['example_short_circuit_decorator']) retrieved from /home/airflow/.local/lib/python3.7/site-packages/airflow/example_dags/example_short_circuit_decorator.py
[2023-03-27T13:32:15.913+0000] {logging_mixin.py:137} INFO - [2023-03-27T13:32:15.913+0000] {dag.py:2690} INFO - Sync 1 DAGs
[2023-03-27T13:32:16.043+0000] {logging_mixin.py:137} INFO - [2023-03-27T13:32:16.043+0000] {dag.py:3441} INFO - Setting next_dagrun for example_short_circuit_decorator to 2023-03-26T13:32:16.042694+00:00, run_after=2023-03-27T13:32:16.042694+00:00
[2023-03-27T13:32:16.145+0000] {processor.py:175} INFO - Processing /home/airflow/.local/lib/python3.7/site-packages/airflow/example_dags/example_short_circuit_decorator.py took 0.448 seconds
[2023-03-27T13:32:54.902+0000] {processor.py:153} INFO - Started process (PID=696) to work on /home/airflow/.local/lib/python3.7/site-packages/airflow/example_dags/example_short_circuit_decorator.py
[2023-03-27T13:32:54.904+0000] {processor.py:743} INFO - Processing file /home/airflow/.local/lib/python3.7/site-packages/airflow/example_dags/example_short_circuit_decorator.py for tasks to queue
[2023-03-27T13:32:54.907+0000] {logging_mixin.py:137} INFO - [2023-03-27T13:32:54.906+0000] {dagbag.py:538} INFO - Filling up the DagBag from /home/airflow/.local/lib/python3.7/site-packages/airflow/example_dags/example_short_circuit_decorator.py
[2023-03-27T13:32:55.004+0000] {processor.py:753} INFO - DAG(s) dict_keys(['example_short_circuit_decorator']) retrieved from /home/airflow/.local/lib/python3.7/site-packages/airflow/example_dags/example_short_circuit_decorator.py
[2023-03-27T13:32:55.098+0000] {logging_mixin.py:137} INFO - [2023-03-27T13:32:55.097+0000] {dag.py:2690} INFO - Sync 1 DAGs
[2023-03-27T13:32:55.259+0000] {logging_mixin.py:137} INFO - [2023-03-27T13:32:55.259+0000] {dag.py:3441} INFO - Setting next_dagrun for example_short_circuit_decorator to 2023-03-26T13:32:55.258702+00:00, run_after=2023-03-27T13:32:55.258702+00:00
[2023-03-27T13:32:55.407+0000] {processor.py:175} INFO - Processing /home/airflow/.local/lib/python3.7/site-packages/airflow/example_dags/example_short_circuit_decorator.py took 0.518 seconds
[2023-03-27T13:33:28.389+0000] {processor.py:153} INFO - Started process (PID=762) to work on /home/airflow/.local/lib/python3.7/site-packages/airflow/example_dags/example_short_circuit_decorator.py
[2023-03-27T13:33:28.400+0000] {processor.py:743} INFO - Processing file /home/airflow/.local/lib/python3.7/site-packages/airflow/example_dags/example_short_circuit_decorator.py for tasks to queue
[2023-03-27T13:33:28.405+0000] {logging_mixin.py:137} INFO - [2023-03-27T13:33:28.405+0000] {dagbag.py:538} INFO - Filling up the DagBag from /home/airflow/.local/lib/python3.7/site-packages/airflow/example_dags/example_short_circuit_decorator.py
[2023-03-27T13:33:28.579+0000] {processor.py:753} INFO - DAG(s) dict_keys(['example_short_circuit_decorator']) retrieved from /home/airflow/.local/lib/python3.7/site-packages/airflow/example_dags/example_short_circuit_decorator.py
[2023-03-27T13:33:28.773+0000] {logging_mixin.py:137} INFO - [2023-03-27T13:33:28.773+0000] {dag.py:2690} INFO - Sync 1 DAGs
[2023-03-27T13:33:28.933+0000] {logging_mixin.py:137} INFO - [2023-03-27T13:33:28.930+0000] {dag.py:3441} INFO - Setting next_dagrun for example_short_circuit_decorator to 2023-03-26T13:33:28.929260+00:00, run_after=2023-03-27T13:33:28.929260+00:00
[2023-03-27T13:33:29.095+0000] {processor.py:175} INFO - Processing /home/airflow/.local/lib/python3.7/site-packages/airflow/example_dags/example_short_circuit_decorator.py took 0.736 seconds
[2023-03-27T13:34:07.806+0000] {processor.py:153} INFO - Started process (PID=836) to work on /home/airflow/.local/lib/python3.7/site-packages/airflow/example_dags/example_short_circuit_decorator.py
[2023-03-27T13:34:07.857+0000] {processor.py:743} INFO - Processing file /home/airflow/.local/lib/python3.7/site-packages/airflow/example_dags/example_short_circuit_decorator.py for tasks to queue
[2023-03-27T13:34:07.899+0000] {logging_mixin.py:137} INFO - [2023-03-27T13:34:07.899+0000] {dagbag.py:538} INFO - Filling up the DagBag from /home/airflow/.local/lib/python3.7/site-packages/airflow/example_dags/example_short_circuit_decorator.py
[2023-03-27T13:34:08.176+0000] {processor.py:753} INFO - DAG(s) dict_keys(['example_short_circuit_decorator']) retrieved from /home/airflow/.local/lib/python3.7/site-packages/airflow/example_dags/example_short_circuit_decorator.py
[2023-03-27T13:34:08.411+0000] {logging_mixin.py:137} INFO - [2023-03-27T13:34:08.411+0000] {dag.py:2690} INFO - Sync 1 DAGs
[2023-03-27T13:34:08.522+0000] {logging_mixin.py:137} INFO - [2023-03-27T13:34:08.521+0000] {dag.py:3441} INFO - Setting next_dagrun for example_short_circuit_decorator to 2023-03-26T13:34:08.521188+00:00, run_after=2023-03-27T13:34:08.521188+00:00
[2023-03-27T13:34:08.776+0000] {processor.py:175} INFO - Processing /home/airflow/.local/lib/python3.7/site-packages/airflow/example_dags/example_short_circuit_decorator.py took 1.015 seconds
[2023-03-27T13:34:41.378+0000] {processor.py:153} INFO - Started process (PID=895) to work on /home/airflow/.local/lib/python3.7/site-packages/airflow/example_dags/example_short_circuit_decorator.py
[2023-03-27T13:34:41.390+0000] {processor.py:743} INFO - Processing file /home/airflow/.local/lib/python3.7/site-packages/airflow/example_dags/example_short_circuit_decorator.py for tasks to queue
[2023-03-27T13:34:41.392+0000] {logging_mixin.py:137} INFO - [2023-03-27T13:34:41.392+0000] {dagbag.py:538} INFO - Filling up the DagBag from /home/airflow/.local/lib/python3.7/site-packages/airflow/example_dags/example_short_circuit_decorator.py
[2023-03-27T13:34:41.535+0000] {processor.py:753} INFO - DAG(s) dict_keys(['example_short_circuit_decorator']) retrieved from /home/airflow/.local/lib/python3.7/site-packages/airflow/example_dags/example_short_circuit_decorator.py
[2023-03-27T13:34:41.713+0000] {logging_mixin.py:137} INFO - [2023-03-27T13:34:41.713+0000] {dag.py:2690} INFO - Sync 1 DAGs
[2023-03-27T13:34:41.813+0000] {logging_mixin.py:137} INFO - [2023-03-27T13:34:41.812+0000] {dag.py:3441} INFO - Setting next_dagrun for example_short_circuit_decorator to 2023-03-26T13:34:41.812451+00:00, run_after=2023-03-27T13:34:41.812451+00:00
[2023-03-27T13:34:41.978+0000] {processor.py:175} INFO - Processing /home/airflow/.local/lib/python3.7/site-packages/airflow/example_dags/example_short_circuit_decorator.py took 0.612 seconds
[2023-03-27T13:35:13.241+0000] {processor.py:153} INFO - Started process (PID=967) to work on /home/airflow/.local/lib/python3.7/site-packages/airflow/example_dags/example_short_circuit_decorator.py
[2023-03-27T13:35:13.360+0000] {processor.py:743} INFO - Processing file /home/airflow/.local/lib/python3.7/site-packages/airflow/example_dags/example_short_circuit_decorator.py for tasks to queue
[2023-03-27T13:35:13.421+0000] {logging_mixin.py:137} INFO - [2023-03-27T13:35:13.420+0000] {dagbag.py:538} INFO - Filling up the DagBag from /home/airflow/.local/lib/python3.7/site-packages/airflow/example_dags/example_short_circuit_decorator.py
[2023-03-27T13:35:13.664+0000] {processor.py:753} INFO - DAG(s) dict_keys(['example_short_circuit_decorator']) retrieved from /home/airflow/.local/lib/python3.7/site-packages/airflow/example_dags/example_short_circuit_decorator.py
[2023-03-27T13:35:13.858+0000] {logging_mixin.py:137} INFO - [2023-03-27T13:35:13.857+0000] {dag.py:2690} INFO - Sync 1 DAGs
[2023-03-27T13:35:14.043+0000] {logging_mixin.py:137} INFO - [2023-03-27T13:35:14.042+0000] {dag.py:3441} INFO - Setting next_dagrun for example_short_circuit_decorator to 2023-03-26T13:35:14.042304+00:00, run_after=2023-03-27T13:35:14.042304+00:00
[2023-03-27T13:35:14.373+0000] {processor.py:175} INFO - Processing /home/airflow/.local/lib/python3.7/site-packages/airflow/example_dags/example_short_circuit_decorator.py took 1.138 seconds
