[2023-03-27T13:27:58.845+0000] {processor.py:153} INFO - Started process (PID=104) to work on /home/airflow/.local/lib/python3.7/site-packages/airflow/example_dags/example_branch_datetime_operator.py
[2023-03-27T13:27:58.902+0000] {processor.py:743} INFO - Processing file /home/airflow/.local/lib/python3.7/site-packages/airflow/example_dags/example_branch_datetime_operator.py for tasks to queue
[2023-03-27T13:27:58.919+0000] {logging_mixin.py:137} INFO - [2023-03-27T13:27:58.918+0000] {dagbag.py:538} INFO - Filling up the DagBag from /home/airflow/.local/lib/python3.7/site-packages/airflow/example_dags/example_branch_datetime_operator.py
[2023-03-27T13:27:59.014+0000] {processor.py:753} INFO - DAG(s) dict_keys(['example_branch_datetime_operator_2', 'example_branch_datetime_operator', 'example_branch_datetime_operator_3']) retrieved from /home/airflow/.local/lib/python3.7/site-packages/airflow/example_dags/example_branch_datetime_operator.py
[2023-03-27T13:27:59.274+0000] {logging_mixin.py:137} INFO - [2023-03-27T13:27:59.263+0000] {dag.py:2690} INFO - Sync 3 DAGs
[2023-03-27T13:27:59.488+0000] {logging_mixin.py:137} INFO - [2023-03-27T13:27:59.487+0000] {dag.py:3441} INFO - Setting next_dagrun for example_branch_datetime_operator to 2023-03-26T00:00:00+00:00, run_after=2023-03-27T00:00:00+00:00
[2023-03-27T13:27:59.521+0000] {logging_mixin.py:137} INFO - [2023-03-27T13:27:59.520+0000] {dag.py:3441} INFO - Setting next_dagrun for example_branch_datetime_operator_2 to 2023-03-26T00:00:00+00:00, run_after=2023-03-27T00:00:00+00:00
[2023-03-27T13:27:59.549+0000] {logging_mixin.py:137} INFO - [2023-03-27T13:27:59.548+0000] {dag.py:3441} INFO - Setting next_dagrun for example_branch_datetime_operator_3 to 2023-03-26T00:00:00+00:00, run_after=2023-03-27T00:00:00+00:00
[2023-03-27T13:27:59.694+0000] {processor.py:175} INFO - Processing /home/airflow/.local/lib/python3.7/site-packages/airflow/example_dags/example_branch_datetime_operator.py took 0.855 seconds
[2023-03-27T13:28:30.706+0000] {processor.py:153} INFO - Started process (PID=171) to work on /home/airflow/.local/lib/python3.7/site-packages/airflow/example_dags/example_branch_datetime_operator.py
[2023-03-27T13:28:30.708+0000] {processor.py:743} INFO - Processing file /home/airflow/.local/lib/python3.7/site-packages/airflow/example_dags/example_branch_datetime_operator.py for tasks to queue
[2023-03-27T13:28:30.710+0000] {logging_mixin.py:137} INFO - [2023-03-27T13:28:30.710+0000] {dagbag.py:538} INFO - Filling up the DagBag from /home/airflow/.local/lib/python3.7/site-packages/airflow/example_dags/example_branch_datetime_operator.py
[2023-03-27T13:28:30.755+0000] {processor.py:753} INFO - DAG(s) dict_keys(['example_branch_datetime_operator_3', 'example_branch_datetime_operator', 'example_branch_datetime_operator_2']) retrieved from /home/airflow/.local/lib/python3.7/site-packages/airflow/example_dags/example_branch_datetime_operator.py
[2023-03-27T13:28:30.833+0000] {logging_mixin.py:137} INFO - [2023-03-27T13:28:30.832+0000] {dag.py:2690} INFO - Sync 3 DAGs
[2023-03-27T13:28:30.888+0000] {logging_mixin.py:137} INFO - [2023-03-27T13:28:30.888+0000] {dag.py:3441} INFO - Setting next_dagrun for example_branch_datetime_operator to 2023-03-26T00:00:00+00:00, run_after=2023-03-27T00:00:00+00:00
[2023-03-27T13:28:30.903+0000] {logging_mixin.py:137} INFO - [2023-03-27T13:28:30.903+0000] {dag.py:3441} INFO - Setting next_dagrun for example_branch_datetime_operator_2 to 2023-03-26T00:00:00+00:00, run_after=2023-03-27T00:00:00+00:00
[2023-03-27T13:28:30.908+0000] {logging_mixin.py:137} INFO - [2023-03-27T13:28:30.908+0000] {dag.py:3441} INFO - Setting next_dagrun for example_branch_datetime_operator_3 to 2023-03-26T00:00:00+00:00, run_after=2023-03-27T00:00:00+00:00
[2023-03-27T13:28:30.972+0000] {processor.py:175} INFO - Processing /home/airflow/.local/lib/python3.7/site-packages/airflow/example_dags/example_branch_datetime_operator.py took 0.272 seconds
[2023-03-27T13:29:08.084+0000] {processor.py:153} INFO - Started process (PID=246) to work on /home/airflow/.local/lib/python3.7/site-packages/airflow/example_dags/example_branch_datetime_operator.py
[2023-03-27T13:29:08.105+0000] {processor.py:743} INFO - Processing file /home/airflow/.local/lib/python3.7/site-packages/airflow/example_dags/example_branch_datetime_operator.py for tasks to queue
[2023-03-27T13:29:08.139+0000] {logging_mixin.py:137} INFO - [2023-03-27T13:29:08.139+0000] {dagbag.py:538} INFO - Filling up the DagBag from /home/airflow/.local/lib/python3.7/site-packages/airflow/example_dags/example_branch_datetime_operator.py
[2023-03-27T13:29:08.253+0000] {processor.py:753} INFO - DAG(s) dict_keys(['example_branch_datetime_operator_3', 'example_branch_datetime_operator', 'example_branch_datetime_operator_2']) retrieved from /home/airflow/.local/lib/python3.7/site-packages/airflow/example_dags/example_branch_datetime_operator.py
[2023-03-27T13:29:08.471+0000] {logging_mixin.py:137} INFO - [2023-03-27T13:29:08.471+0000] {dag.py:2690} INFO - Sync 3 DAGs
[2023-03-27T13:29:08.667+0000] {logging_mixin.py:137} INFO - [2023-03-27T13:29:08.667+0000] {dag.py:3441} INFO - Setting next_dagrun for example_branch_datetime_operator to 2023-03-26T00:00:00+00:00, run_after=2023-03-27T00:00:00+00:00
[2023-03-27T13:29:08.755+0000] {logging_mixin.py:137} INFO - [2023-03-27T13:29:08.755+0000] {dag.py:3441} INFO - Setting next_dagrun for example_branch_datetime_operator_2 to 2023-03-26T00:00:00+00:00, run_after=2023-03-27T00:00:00+00:00
[2023-03-27T13:29:08.828+0000] {logging_mixin.py:137} INFO - [2023-03-27T13:29:08.827+0000] {dag.py:3441} INFO - Setting next_dagrun for example_branch_datetime_operator_3 to 2023-03-26T00:00:00+00:00, run_after=2023-03-27T00:00:00+00:00
[2023-03-27T13:29:08.979+0000] {processor.py:175} INFO - Processing /home/airflow/.local/lib/python3.7/site-packages/airflow/example_dags/example_branch_datetime_operator.py took 0.903 seconds
[2023-03-27T13:29:39.164+0000] {processor.py:153} INFO - Started process (PID=314) to work on /home/airflow/.local/lib/python3.7/site-packages/airflow/example_dags/example_branch_datetime_operator.py
[2023-03-27T13:29:39.167+0000] {processor.py:743} INFO - Processing file /home/airflow/.local/lib/python3.7/site-packages/airflow/example_dags/example_branch_datetime_operator.py for tasks to queue
[2023-03-27T13:29:39.170+0000] {logging_mixin.py:137} INFO - [2023-03-27T13:29:39.170+0000] {dagbag.py:538} INFO - Filling up the DagBag from /home/airflow/.local/lib/python3.7/site-packages/airflow/example_dags/example_branch_datetime_operator.py
[2023-03-27T13:29:39.298+0000] {processor.py:753} INFO - DAG(s) dict_keys(['example_branch_datetime_operator_2', 'example_branch_datetime_operator', 'example_branch_datetime_operator_3']) retrieved from /home/airflow/.local/lib/python3.7/site-packages/airflow/example_dags/example_branch_datetime_operator.py
[2023-03-27T13:29:39.593+0000] {logging_mixin.py:137} INFO - [2023-03-27T13:29:39.587+0000] {dag.py:2690} INFO - Sync 3 DAGs
[2023-03-27T13:29:39.715+0000] {logging_mixin.py:137} INFO - [2023-03-27T13:29:39.714+0000] {dag.py:3441} INFO - Setting next_dagrun for example_branch_datetime_operator to 2023-03-26T00:00:00+00:00, run_after=2023-03-27T00:00:00+00:00
[2023-03-27T13:29:39.744+0000] {logging_mixin.py:137} INFO - [2023-03-27T13:29:39.744+0000] {dag.py:3441} INFO - Setting next_dagrun for example_branch_datetime_operator_2 to 2023-03-26T00:00:00+00:00, run_after=2023-03-27T00:00:00+00:00
[2023-03-27T13:29:39.767+0000] {logging_mixin.py:137} INFO - [2023-03-27T13:29:39.766+0000] {dag.py:3441} INFO - Setting next_dagrun for example_branch_datetime_operator_3 to 2023-03-26T00:00:00+00:00, run_after=2023-03-27T00:00:00+00:00
[2023-03-27T13:29:39.873+0000] {processor.py:175} INFO - Processing /home/airflow/.local/lib/python3.7/site-packages/airflow/example_dags/example_branch_datetime_operator.py took 0.721 seconds
[2023-03-27T13:30:15.554+0000] {processor.py:153} INFO - Started process (PID=379) to work on /home/airflow/.local/lib/python3.7/site-packages/airflow/example_dags/example_branch_datetime_operator.py
[2023-03-27T13:30:15.592+0000] {processor.py:743} INFO - Processing file /home/airflow/.local/lib/python3.7/site-packages/airflow/example_dags/example_branch_datetime_operator.py for tasks to queue
[2023-03-27T13:30:15.641+0000] {logging_mixin.py:137} INFO - [2023-03-27T13:30:15.640+0000] {dagbag.py:538} INFO - Filling up the DagBag from /home/airflow/.local/lib/python3.7/site-packages/airflow/example_dags/example_branch_datetime_operator.py
[2023-03-27T13:30:15.786+0000] {processor.py:753} INFO - DAG(s) dict_keys(['example_branch_datetime_operator_3', 'example_branch_datetime_operator', 'example_branch_datetime_operator_2']) retrieved from /home/airflow/.local/lib/python3.7/site-packages/airflow/example_dags/example_branch_datetime_operator.py
[2023-03-27T13:30:15.961+0000] {logging_mixin.py:137} INFO - [2023-03-27T13:30:15.960+0000] {dag.py:2690} INFO - Sync 3 DAGs
[2023-03-27T13:30:16.090+0000] {logging_mixin.py:137} INFO - [2023-03-27T13:30:16.089+0000] {dag.py:3441} INFO - Setting next_dagrun for example_branch_datetime_operator to 2023-03-26T00:00:00+00:00, run_after=2023-03-27T00:00:00+00:00
[2023-03-27T13:30:16.121+0000] {logging_mixin.py:137} INFO - [2023-03-27T13:30:16.121+0000] {dag.py:3441} INFO - Setting next_dagrun for example_branch_datetime_operator_2 to 2023-03-26T00:00:00+00:00, run_after=2023-03-27T00:00:00+00:00
[2023-03-27T13:30:16.128+0000] {logging_mixin.py:137} INFO - [2023-03-27T13:30:16.128+0000] {dag.py:3441} INFO - Setting next_dagrun for example_branch_datetime_operator_3 to 2023-03-26T00:00:00+00:00, run_after=2023-03-27T00:00:00+00:00
[2023-03-27T13:30:16.203+0000] {processor.py:175} INFO - Processing /home/airflow/.local/lib/python3.7/site-packages/airflow/example_dags/example_branch_datetime_operator.py took 0.656 seconds
[2023-03-27T13:30:50.712+0000] {processor.py:153} INFO - Started process (PID=453) to work on /home/airflow/.local/lib/python3.7/site-packages/airflow/example_dags/example_branch_datetime_operator.py
[2023-03-27T13:30:50.729+0000] {processor.py:743} INFO - Processing file /home/airflow/.local/lib/python3.7/site-packages/airflow/example_dags/example_branch_datetime_operator.py for tasks to queue
[2023-03-27T13:30:50.736+0000] {logging_mixin.py:137} INFO - [2023-03-27T13:30:50.736+0000] {dagbag.py:538} INFO - Filling up the DagBag from /home/airflow/.local/lib/python3.7/site-packages/airflow/example_dags/example_branch_datetime_operator.py
[2023-03-27T13:30:50.814+0000] {processor.py:753} INFO - DAG(s) dict_keys(['example_branch_datetime_operator_3', 'example_branch_datetime_operator_2', 'example_branch_datetime_operator']) retrieved from /home/airflow/.local/lib/python3.7/site-packages/airflow/example_dags/example_branch_datetime_operator.py
[2023-03-27T13:30:50.980+0000] {logging_mixin.py:137} INFO - [2023-03-27T13:30:50.980+0000] {dag.py:2690} INFO - Sync 3 DAGs
[2023-03-27T13:30:51.136+0000] {logging_mixin.py:137} INFO - [2023-03-27T13:30:51.135+0000] {dag.py:3441} INFO - Setting next_dagrun for example_branch_datetime_operator to 2023-03-26T00:00:00+00:00, run_after=2023-03-27T00:00:00+00:00
[2023-03-27T13:30:51.183+0000] {logging_mixin.py:137} INFO - [2023-03-27T13:30:51.183+0000] {dag.py:3441} INFO - Setting next_dagrun for example_branch_datetime_operator_2 to 2023-03-26T00:00:00+00:00, run_after=2023-03-27T00:00:00+00:00
[2023-03-27T13:30:51.202+0000] {logging_mixin.py:137} INFO - [2023-03-27T13:30:51.202+0000] {dag.py:3441} INFO - Setting next_dagrun for example_branch_datetime_operator_3 to 2023-03-26T00:00:00+00:00, run_after=2023-03-27T00:00:00+00:00
[2023-03-27T13:30:51.296+0000] {processor.py:175} INFO - Processing /home/airflow/.local/lib/python3.7/site-packages/airflow/example_dags/example_branch_datetime_operator.py took 0.592 seconds
[2023-03-27T13:31:22.603+0000] {processor.py:153} INFO - Started process (PID=526) to work on /home/airflow/.local/lib/python3.7/site-packages/airflow/example_dags/example_branch_datetime_operator.py
[2023-03-27T13:31:22.608+0000] {processor.py:743} INFO - Processing file /home/airflow/.local/lib/python3.7/site-packages/airflow/example_dags/example_branch_datetime_operator.py for tasks to queue
[2023-03-27T13:31:22.615+0000] {logging_mixin.py:137} INFO - [2023-03-27T13:31:22.615+0000] {dagbag.py:538} INFO - Filling up the DagBag from /home/airflow/.local/lib/python3.7/site-packages/airflow/example_dags/example_branch_datetime_operator.py
[2023-03-27T13:31:25.136+0000] {processor.py:753} INFO - DAG(s) dict_keys(['example_branch_datetime_operator_3', 'example_branch_datetime_operator', 'example_branch_datetime_operator_2']) retrieved from /home/airflow/.local/lib/python3.7/site-packages/airflow/example_dags/example_branch_datetime_operator.py
[2023-03-27T13:31:26.587+0000] {logging_mixin.py:137} INFO - [2023-03-27T13:31:26.587+0000] {dag.py:2690} INFO - Sync 3 DAGs
[2023-03-27T13:31:28.087+0000] {logging_mixin.py:137} INFO - [2023-03-27T13:31:28.086+0000] {dag.py:3441} INFO - Setting next_dagrun for example_branch_datetime_operator to 2023-03-26T00:00:00+00:00, run_after=2023-03-27T00:00:00+00:00
[2023-03-27T13:31:28.126+0000] {logging_mixin.py:137} INFO - [2023-03-27T13:31:28.126+0000] {dag.py:3441} INFO - Setting next_dagrun for example_branch_datetime_operator_2 to 2023-03-26T00:00:00+00:00, run_after=2023-03-27T00:00:00+00:00
[2023-03-27T13:31:28.151+0000] {logging_mixin.py:137} INFO - [2023-03-27T13:31:28.151+0000] {dag.py:3441} INFO - Setting next_dagrun for example_branch_datetime_operator_3 to 2023-03-26T00:00:00+00:00, run_after=2023-03-27T00:00:00+00:00
[2023-03-27T13:31:28.320+0000] {processor.py:175} INFO - Processing /home/airflow/.local/lib/python3.7/site-packages/airflow/example_dags/example_branch_datetime_operator.py took 5.726 seconds
[2023-03-27T13:31:58.750+0000] {processor.py:153} INFO - Started process (PID=590) to work on /home/airflow/.local/lib/python3.7/site-packages/airflow/example_dags/example_branch_datetime_operator.py
[2023-03-27T13:31:58.752+0000] {processor.py:743} INFO - Processing file /home/airflow/.local/lib/python3.7/site-packages/airflow/example_dags/example_branch_datetime_operator.py for tasks to queue
[2023-03-27T13:31:58.764+0000] {logging_mixin.py:137} INFO - [2023-03-27T13:31:58.763+0000] {dagbag.py:538} INFO - Filling up the DagBag from /home/airflow/.local/lib/python3.7/site-packages/airflow/example_dags/example_branch_datetime_operator.py
[2023-03-27T13:31:58.838+0000] {processor.py:753} INFO - DAG(s) dict_keys(['example_branch_datetime_operator_3', 'example_branch_datetime_operator', 'example_branch_datetime_operator_2']) retrieved from /home/airflow/.local/lib/python3.7/site-packages/airflow/example_dags/example_branch_datetime_operator.py
[2023-03-27T13:31:58.973+0000] {logging_mixin.py:137} INFO - [2023-03-27T13:31:58.973+0000] {dag.py:2690} INFO - Sync 3 DAGs
[2023-03-27T13:31:59.094+0000] {logging_mixin.py:137} INFO - [2023-03-27T13:31:59.094+0000] {dag.py:3441} INFO - Setting next_dagrun for example_branch_datetime_operator to 2023-03-26T00:00:00+00:00, run_after=2023-03-27T00:00:00+00:00
[2023-03-27T13:31:59.117+0000] {logging_mixin.py:137} INFO - [2023-03-27T13:31:59.117+0000] {dag.py:3441} INFO - Setting next_dagrun for example_branch_datetime_operator_2 to 2023-03-26T00:00:00+00:00, run_after=2023-03-27T00:00:00+00:00
[2023-03-27T13:31:59.135+0000] {logging_mixin.py:137} INFO - [2023-03-27T13:31:59.135+0000] {dag.py:3441} INFO - Setting next_dagrun for example_branch_datetime_operator_3 to 2023-03-26T00:00:00+00:00, run_after=2023-03-27T00:00:00+00:00
[2023-03-27T13:31:59.319+0000] {processor.py:175} INFO - Processing /home/airflow/.local/lib/python3.7/site-packages/airflow/example_dags/example_branch_datetime_operator.py took 0.576 seconds
[2023-03-27T13:32:30.991+0000] {processor.py:153} INFO - Started process (PID=657) to work on /home/airflow/.local/lib/python3.7/site-packages/airflow/example_dags/example_branch_datetime_operator.py
[2023-03-27T13:32:31.089+0000] {processor.py:743} INFO - Processing file /home/airflow/.local/lib/python3.7/site-packages/airflow/example_dags/example_branch_datetime_operator.py for tasks to queue
[2023-03-27T13:32:31.189+0000] {logging_mixin.py:137} INFO - [2023-03-27T13:32:31.189+0000] {dagbag.py:538} INFO - Filling up the DagBag from /home/airflow/.local/lib/python3.7/site-packages/airflow/example_dags/example_branch_datetime_operator.py
[2023-03-27T13:32:35.957+0000] {processor.py:753} INFO - DAG(s) dict_keys(['example_branch_datetime_operator_3', 'example_branch_datetime_operator', 'example_branch_datetime_operator_2']) retrieved from /home/airflow/.local/lib/python3.7/site-packages/airflow/example_dags/example_branch_datetime_operator.py
[2023-03-27T13:32:36.389+0000] {logging_mixin.py:137} INFO - [2023-03-27T13:32:36.388+0000] {dag.py:2690} INFO - Sync 3 DAGs
[2023-03-27T13:32:36.606+0000] {logging_mixin.py:137} INFO - [2023-03-27T13:32:36.606+0000] {dag.py:3441} INFO - Setting next_dagrun for example_branch_datetime_operator to 2023-03-26T00:00:00+00:00, run_after=2023-03-27T00:00:00+00:00
[2023-03-27T13:32:36.646+0000] {logging_mixin.py:137} INFO - [2023-03-27T13:32:36.646+0000] {dag.py:3441} INFO - Setting next_dagrun for example_branch_datetime_operator_2 to 2023-03-26T00:00:00+00:00, run_after=2023-03-27T00:00:00+00:00
[2023-03-27T13:32:36.665+0000] {logging_mixin.py:137} INFO - [2023-03-27T13:32:36.665+0000] {dag.py:3441} INFO - Setting next_dagrun for example_branch_datetime_operator_3 to 2023-03-26T00:00:00+00:00, run_after=2023-03-27T00:00:00+00:00
[2023-03-27T13:32:36.958+0000] {processor.py:175} INFO - Processing /home/airflow/.local/lib/python3.7/site-packages/airflow/example_dags/example_branch_datetime_operator.py took 6.092 seconds
[2023-03-27T13:33:08.367+0000] {processor.py:153} INFO - Started process (PID=730) to work on /home/airflow/.local/lib/python3.7/site-packages/airflow/example_dags/example_branch_datetime_operator.py
[2023-03-27T13:33:08.392+0000] {processor.py:743} INFO - Processing file /home/airflow/.local/lib/python3.7/site-packages/airflow/example_dags/example_branch_datetime_operator.py for tasks to queue
[2023-03-27T13:33:08.394+0000] {logging_mixin.py:137} INFO - [2023-03-27T13:33:08.394+0000] {dagbag.py:538} INFO - Filling up the DagBag from /home/airflow/.local/lib/python3.7/site-packages/airflow/example_dags/example_branch_datetime_operator.py
[2023-03-27T13:33:08.510+0000] {processor.py:753} INFO - DAG(s) dict_keys(['example_branch_datetime_operator_2', 'example_branch_datetime_operator_3', 'example_branch_datetime_operator']) retrieved from /home/airflow/.local/lib/python3.7/site-packages/airflow/example_dags/example_branch_datetime_operator.py
[2023-03-27T13:33:08.949+0000] {logging_mixin.py:137} INFO - [2023-03-27T13:33:08.948+0000] {dag.py:2690} INFO - Sync 3 DAGs
[2023-03-27T13:33:09.580+0000] {logging_mixin.py:137} INFO - [2023-03-27T13:33:09.580+0000] {dag.py:3441} INFO - Setting next_dagrun for example_branch_datetime_operator to 2023-03-26T00:00:00+00:00, run_after=2023-03-27T00:00:00+00:00
[2023-03-27T13:33:09.635+0000] {logging_mixin.py:137} INFO - [2023-03-27T13:33:09.635+0000] {dag.py:3441} INFO - Setting next_dagrun for example_branch_datetime_operator_2 to 2023-03-26T00:00:00+00:00, run_after=2023-03-27T00:00:00+00:00
[2023-03-27T13:33:09.681+0000] {logging_mixin.py:137} INFO - [2023-03-27T13:33:09.681+0000] {dag.py:3441} INFO - Setting next_dagrun for example_branch_datetime_operator_3 to 2023-03-26T00:00:00+00:00, run_after=2023-03-27T00:00:00+00:00
[2023-03-27T13:33:10.442+0000] {processor.py:175} INFO - Processing /home/airflow/.local/lib/python3.7/site-packages/airflow/example_dags/example_branch_datetime_operator.py took 2.124 seconds
[2023-03-27T13:33:40.890+0000] {processor.py:153} INFO - Started process (PID=796) to work on /home/airflow/.local/lib/python3.7/site-packages/airflow/example_dags/example_branch_datetime_operator.py
[2023-03-27T13:33:40.909+0000] {processor.py:743} INFO - Processing file /home/airflow/.local/lib/python3.7/site-packages/airflow/example_dags/example_branch_datetime_operator.py for tasks to queue
[2023-03-27T13:33:40.911+0000] {logging_mixin.py:137} INFO - [2023-03-27T13:33:40.910+0000] {dagbag.py:538} INFO - Filling up the DagBag from /home/airflow/.local/lib/python3.7/site-packages/airflow/example_dags/example_branch_datetime_operator.py
[2023-03-27T13:33:41.006+0000] {processor.py:753} INFO - DAG(s) dict_keys(['example_branch_datetime_operator_2', 'example_branch_datetime_operator', 'example_branch_datetime_operator_3']) retrieved from /home/airflow/.local/lib/python3.7/site-packages/airflow/example_dags/example_branch_datetime_operator.py
[2023-03-27T13:33:41.157+0000] {logging_mixin.py:137} INFO - [2023-03-27T13:33:41.157+0000] {dag.py:2690} INFO - Sync 3 DAGs
[2023-03-27T13:33:41.315+0000] {logging_mixin.py:137} INFO - [2023-03-27T13:33:41.314+0000] {dag.py:3441} INFO - Setting next_dagrun for example_branch_datetime_operator to 2023-03-26T00:00:00+00:00, run_after=2023-03-27T00:00:00+00:00
[2023-03-27T13:33:41.360+0000] {logging_mixin.py:137} INFO - [2023-03-27T13:33:41.359+0000] {dag.py:3441} INFO - Setting next_dagrun for example_branch_datetime_operator_2 to 2023-03-26T00:00:00+00:00, run_after=2023-03-27T00:00:00+00:00
[2023-03-27T13:33:41.379+0000] {logging_mixin.py:137} INFO - [2023-03-27T13:33:41.379+0000] {dag.py:3441} INFO - Setting next_dagrun for example_branch_datetime_operator_3 to 2023-03-26T00:00:00+00:00, run_after=2023-03-27T00:00:00+00:00
[2023-03-27T13:33:41.450+0000] {processor.py:175} INFO - Processing /home/airflow/.local/lib/python3.7/site-packages/airflow/example_dags/example_branch_datetime_operator.py took 0.566 seconds
[2023-03-27T13:34:32.068+0000] {processor.py:153} INFO - Started process (PID=881) to work on /home/airflow/.local/lib/python3.7/site-packages/airflow/example_dags/example_branch_datetime_operator.py
[2023-03-27T13:34:32.146+0000] {processor.py:743} INFO - Processing file /home/airflow/.local/lib/python3.7/site-packages/airflow/example_dags/example_branch_datetime_operator.py for tasks to queue
[2023-03-27T13:34:32.195+0000] {logging_mixin.py:137} INFO - [2023-03-27T13:34:32.195+0000] {dagbag.py:538} INFO - Filling up the DagBag from /home/airflow/.local/lib/python3.7/site-packages/airflow/example_dags/example_branch_datetime_operator.py
[2023-03-27T13:34:32.388+0000] {processor.py:753} INFO - DAG(s) dict_keys(['example_branch_datetime_operator', 'example_branch_datetime_operator_3', 'example_branch_datetime_operator_2']) retrieved from /home/airflow/.local/lib/python3.7/site-packages/airflow/example_dags/example_branch_datetime_operator.py
[2023-03-27T13:34:32.761+0000] {logging_mixin.py:137} INFO - [2023-03-27T13:34:32.760+0000] {dag.py:2690} INFO - Sync 3 DAGs
[2023-03-27T13:34:32.956+0000] {logging_mixin.py:137} INFO - [2023-03-27T13:34:32.955+0000] {dag.py:3441} INFO - Setting next_dagrun for example_branch_datetime_operator to 2023-03-26T00:00:00+00:00, run_after=2023-03-27T00:00:00+00:00
[2023-03-27T13:34:33.028+0000] {logging_mixin.py:137} INFO - [2023-03-27T13:34:33.028+0000] {dag.py:3441} INFO - Setting next_dagrun for example_branch_datetime_operator_2 to 2023-03-26T00:00:00+00:00, run_after=2023-03-27T00:00:00+00:00
[2023-03-27T13:34:33.092+0000] {logging_mixin.py:137} INFO - [2023-03-27T13:34:33.091+0000] {dag.py:3441} INFO - Setting next_dagrun for example_branch_datetime_operator_3 to 2023-03-26T00:00:00+00:00, run_after=2023-03-27T00:00:00+00:00
[2023-03-27T13:34:33.242+0000] {processor.py:175} INFO - Processing /home/airflow/.local/lib/python3.7/site-packages/airflow/example_dags/example_branch_datetime_operator.py took 1.247 seconds
[2023-03-27T13:35:04.296+0000] {processor.py:153} INFO - Started process (PID=948) to work on /home/airflow/.local/lib/python3.7/site-packages/airflow/example_dags/example_branch_datetime_operator.py
[2023-03-27T13:35:04.325+0000] {processor.py:743} INFO - Processing file /home/airflow/.local/lib/python3.7/site-packages/airflow/example_dags/example_branch_datetime_operator.py for tasks to queue
[2023-03-27T13:35:04.330+0000] {logging_mixin.py:137} INFO - [2023-03-27T13:35:04.329+0000] {dagbag.py:538} INFO - Filling up the DagBag from /home/airflow/.local/lib/python3.7/site-packages/airflow/example_dags/example_branch_datetime_operator.py
[2023-03-27T13:35:04.413+0000] {processor.py:753} INFO - DAG(s) dict_keys(['example_branch_datetime_operator_2', 'example_branch_datetime_operator_3', 'example_branch_datetime_operator']) retrieved from /home/airflow/.local/lib/python3.7/site-packages/airflow/example_dags/example_branch_datetime_operator.py
[2023-03-27T13:35:04.529+0000] {logging_mixin.py:137} INFO - [2023-03-27T13:35:04.529+0000] {dag.py:2690} INFO - Sync 3 DAGs
[2023-03-27T13:35:04.682+0000] {logging_mixin.py:137} INFO - [2023-03-27T13:35:04.681+0000] {dag.py:3441} INFO - Setting next_dagrun for example_branch_datetime_operator to 2023-03-26T00:00:00+00:00, run_after=2023-03-27T00:00:00+00:00
[2023-03-27T13:35:04.716+0000] {logging_mixin.py:137} INFO - [2023-03-27T13:35:04.715+0000] {dag.py:3441} INFO - Setting next_dagrun for example_branch_datetime_operator_2 to 2023-03-26T00:00:00+00:00, run_after=2023-03-27T00:00:00+00:00
[2023-03-27T13:35:04.731+0000] {logging_mixin.py:137} INFO - [2023-03-27T13:35:04.731+0000] {dag.py:3441} INFO - Setting next_dagrun for example_branch_datetime_operator_3 to 2023-03-26T00:00:00+00:00, run_after=2023-03-27T00:00:00+00:00
[2023-03-27T13:35:04.888+0000] {processor.py:175} INFO - Processing /home/airflow/.local/lib/python3.7/site-packages/airflow/example_dags/example_branch_datetime_operator.py took 0.599 seconds
