[2023-03-27T13:28:02.070+0000] {processor.py:153} INFO - Started process (PID=112) to work on /home/airflow/.local/lib/python3.7/site-packages/airflow/example_dags/example_latest_only_with_trigger.py
[2023-03-27T13:28:02.084+0000] {processor.py:743} INFO - Processing file /home/airflow/.local/lib/python3.7/site-packages/airflow/example_dags/example_latest_only_with_trigger.py for tasks to queue
[2023-03-27T13:28:02.091+0000] {logging_mixin.py:137} INFO - [2023-03-27T13:28:02.090+0000] {dagbag.py:538} INFO - Filling up the DagBag from /home/airflow/.local/lib/python3.7/site-packages/airflow/example_dags/example_latest_only_with_trigger.py
[2023-03-27T13:28:02.181+0000] {processor.py:753} INFO - DAG(s) dict_keys(['latest_only_with_trigger']) retrieved from /home/airflow/.local/lib/python3.7/site-packages/airflow/example_dags/example_latest_only_with_trigger.py
[2023-03-27T13:28:02.329+0000] {logging_mixin.py:137} INFO - [2023-03-27T13:28:02.328+0000] {dag.py:2690} INFO - Sync 1 DAGs
[2023-03-27T13:28:02.614+0000] {logging_mixin.py:137} INFO - [2023-03-27T13:28:02.614+0000] {dag.py:3441} INFO - Setting next_dagrun for latest_only_with_trigger to 2023-03-27T09:28:02.605317+00:00, run_after=2023-03-27T13:28:02.605317+00:00
[2023-03-27T13:28:02.763+0000] {processor.py:175} INFO - Processing /home/airflow/.local/lib/python3.7/site-packages/airflow/example_dags/example_latest_only_with_trigger.py took 0.664 seconds
[2023-03-27T13:28:33.132+0000] {processor.py:153} INFO - Started process (PID=177) to work on /home/airflow/.local/lib/python3.7/site-packages/airflow/example_dags/example_latest_only_with_trigger.py
[2023-03-27T13:28:33.143+0000] {processor.py:743} INFO - Processing file /home/airflow/.local/lib/python3.7/site-packages/airflow/example_dags/example_latest_only_with_trigger.py for tasks to queue
[2023-03-27T13:28:33.145+0000] {logging_mixin.py:137} INFO - [2023-03-27T13:28:33.144+0000] {dagbag.py:538} INFO - Filling up the DagBag from /home/airflow/.local/lib/python3.7/site-packages/airflow/example_dags/example_latest_only_with_trigger.py
[2023-03-27T13:28:33.211+0000] {processor.py:753} INFO - DAG(s) dict_keys(['latest_only_with_trigger']) retrieved from /home/airflow/.local/lib/python3.7/site-packages/airflow/example_dags/example_latest_only_with_trigger.py
[2023-03-27T13:28:33.307+0000] {logging_mixin.py:137} INFO - [2023-03-27T13:28:33.307+0000] {dag.py:2690} INFO - Sync 1 DAGs
[2023-03-27T13:28:33.430+0000] {logging_mixin.py:137} INFO - [2023-03-27T13:28:33.430+0000] {dag.py:3441} INFO - Setting next_dagrun for latest_only_with_trigger to 2023-03-27T09:28:33.429976+00:00, run_after=2023-03-27T13:28:33.429976+00:00
[2023-03-27T13:28:33.515+0000] {processor.py:175} INFO - Processing /home/airflow/.local/lib/python3.7/site-packages/airflow/example_dags/example_latest_only_with_trigger.py took 0.389 seconds
[2023-03-27T13:29:11.620+0000] {processor.py:153} INFO - Started process (PID=252) to work on /home/airflow/.local/lib/python3.7/site-packages/airflow/example_dags/example_latest_only_with_trigger.py
[2023-03-27T13:29:11.640+0000] {processor.py:743} INFO - Processing file /home/airflow/.local/lib/python3.7/site-packages/airflow/example_dags/example_latest_only_with_trigger.py for tasks to queue
[2023-03-27T13:29:11.642+0000] {logging_mixin.py:137} INFO - [2023-03-27T13:29:11.641+0000] {dagbag.py:538} INFO - Filling up the DagBag from /home/airflow/.local/lib/python3.7/site-packages/airflow/example_dags/example_latest_only_with_trigger.py
[2023-03-27T13:29:11.726+0000] {processor.py:753} INFO - DAG(s) dict_keys(['latest_only_with_trigger']) retrieved from /home/airflow/.local/lib/python3.7/site-packages/airflow/example_dags/example_latest_only_with_trigger.py
[2023-03-27T13:29:11.858+0000] {logging_mixin.py:137} INFO - [2023-03-27T13:29:11.857+0000] {dag.py:2690} INFO - Sync 1 DAGs
[2023-03-27T13:29:12.034+0000] {logging_mixin.py:137} INFO - [2023-03-27T13:29:12.034+0000] {dag.py:3441} INFO - Setting next_dagrun for latest_only_with_trigger to 2023-03-27T09:29:12.033896+00:00, run_after=2023-03-27T13:29:12.033896+00:00
[2023-03-27T13:29:12.344+0000] {processor.py:175} INFO - Processing /home/airflow/.local/lib/python3.7/site-packages/airflow/example_dags/example_latest_only_with_trigger.py took 0.730 seconds
[2023-03-27T13:29:43.758+0000] {processor.py:153} INFO - Started process (PID=327) to work on /home/airflow/.local/lib/python3.7/site-packages/airflow/example_dags/example_latest_only_with_trigger.py
[2023-03-27T13:29:43.771+0000] {processor.py:743} INFO - Processing file /home/airflow/.local/lib/python3.7/site-packages/airflow/example_dags/example_latest_only_with_trigger.py for tasks to queue
[2023-03-27T13:29:43.773+0000] {logging_mixin.py:137} INFO - [2023-03-27T13:29:43.773+0000] {dagbag.py:538} INFO - Filling up the DagBag from /home/airflow/.local/lib/python3.7/site-packages/airflow/example_dags/example_latest_only_with_trigger.py
[2023-03-27T13:29:43.842+0000] {processor.py:753} INFO - DAG(s) dict_keys(['latest_only_with_trigger']) retrieved from /home/airflow/.local/lib/python3.7/site-packages/airflow/example_dags/example_latest_only_with_trigger.py
[2023-03-27T13:29:43.999+0000] {logging_mixin.py:137} INFO - [2023-03-27T13:29:43.999+0000] {dag.py:2690} INFO - Sync 1 DAGs
[2023-03-27T13:29:44.132+0000] {logging_mixin.py:137} INFO - [2023-03-27T13:29:44.132+0000] {dag.py:3441} INFO - Setting next_dagrun for latest_only_with_trigger to 2023-03-27T09:29:44.132009+00:00, run_after=2023-03-27T13:29:44.132009+00:00
[2023-03-27T13:29:44.227+0000] {processor.py:175} INFO - Processing /home/airflow/.local/lib/python3.7/site-packages/airflow/example_dags/example_latest_only_with_trigger.py took 0.486 seconds
[2023-03-27T13:30:18.143+0000] {processor.py:153} INFO - Started process (PID=385) to work on /home/airflow/.local/lib/python3.7/site-packages/airflow/example_dags/example_latest_only_with_trigger.py
[2023-03-27T13:30:18.145+0000] {processor.py:743} INFO - Processing file /home/airflow/.local/lib/python3.7/site-packages/airflow/example_dags/example_latest_only_with_trigger.py for tasks to queue
[2023-03-27T13:30:18.172+0000] {logging_mixin.py:137} INFO - [2023-03-27T13:30:18.172+0000] {dagbag.py:538} INFO - Filling up the DagBag from /home/airflow/.local/lib/python3.7/site-packages/airflow/example_dags/example_latest_only_with_trigger.py
[2023-03-27T13:30:18.244+0000] {processor.py:753} INFO - DAG(s) dict_keys(['latest_only_with_trigger']) retrieved from /home/airflow/.local/lib/python3.7/site-packages/airflow/example_dags/example_latest_only_with_trigger.py
[2023-03-27T13:30:18.347+0000] {logging_mixin.py:137} INFO - [2023-03-27T13:30:18.346+0000] {dag.py:2690} INFO - Sync 1 DAGs
[2023-03-27T13:30:18.526+0000] {logging_mixin.py:137} INFO - [2023-03-27T13:30:18.525+0000] {dag.py:3441} INFO - Setting next_dagrun for latest_only_with_trigger to 2023-03-27T09:30:18.525276+00:00, run_after=2023-03-27T13:30:18.525276+00:00
[2023-03-27T13:30:18.702+0000] {processor.py:175} INFO - Processing /home/airflow/.local/lib/python3.7/site-packages/airflow/example_dags/example_latest_only_with_trigger.py took 0.564 seconds
[2023-03-27T13:30:53.098+0000] {processor.py:153} INFO - Started process (PID=459) to work on /home/airflow/.local/lib/python3.7/site-packages/airflow/example_dags/example_latest_only_with_trigger.py
[2023-03-27T13:30:53.102+0000] {processor.py:743} INFO - Processing file /home/airflow/.local/lib/python3.7/site-packages/airflow/example_dags/example_latest_only_with_trigger.py for tasks to queue
[2023-03-27T13:30:53.109+0000] {logging_mixin.py:137} INFO - [2023-03-27T13:30:53.109+0000] {dagbag.py:538} INFO - Filling up the DagBag from /home/airflow/.local/lib/python3.7/site-packages/airflow/example_dags/example_latest_only_with_trigger.py
[2023-03-27T13:30:53.159+0000] {processor.py:753} INFO - DAG(s) dict_keys(['latest_only_with_trigger']) retrieved from /home/airflow/.local/lib/python3.7/site-packages/airflow/example_dags/example_latest_only_with_trigger.py
[2023-03-27T13:30:53.249+0000] {logging_mixin.py:137} INFO - [2023-03-27T13:30:53.249+0000] {dag.py:2690} INFO - Sync 1 DAGs
[2023-03-27T13:30:53.357+0000] {logging_mixin.py:137} INFO - [2023-03-27T13:30:53.357+0000] {dag.py:3441} INFO - Setting next_dagrun for latest_only_with_trigger to 2023-03-27T09:30:53.356857+00:00, run_after=2023-03-27T13:30:53.356857+00:00
[2023-03-27T13:30:53.417+0000] {processor.py:175} INFO - Processing /home/airflow/.local/lib/python3.7/site-packages/airflow/example_dags/example_latest_only_with_trigger.py took 0.326 seconds
[2023-03-27T13:31:35.453+0000] {processor.py:153} INFO - Started process (PID=542) to work on /home/airflow/.local/lib/python3.7/site-packages/airflow/example_dags/example_latest_only_with_trigger.py
[2023-03-27T13:31:35.457+0000] {processor.py:743} INFO - Processing file /home/airflow/.local/lib/python3.7/site-packages/airflow/example_dags/example_latest_only_with_trigger.py for tasks to queue
[2023-03-27T13:31:35.460+0000] {logging_mixin.py:137} INFO - [2023-03-27T13:31:35.459+0000] {dagbag.py:538} INFO - Filling up the DagBag from /home/airflow/.local/lib/python3.7/site-packages/airflow/example_dags/example_latest_only_with_trigger.py
[2023-03-27T13:31:35.508+0000] {processor.py:753} INFO - DAG(s) dict_keys(['latest_only_with_trigger']) retrieved from /home/airflow/.local/lib/python3.7/site-packages/airflow/example_dags/example_latest_only_with_trigger.py
[2023-03-27T13:31:35.595+0000] {logging_mixin.py:137} INFO - [2023-03-27T13:31:35.595+0000] {dag.py:2690} INFO - Sync 1 DAGs
[2023-03-27T13:31:35.693+0000] {logging_mixin.py:137} INFO - [2023-03-27T13:31:35.692+0000] {dag.py:3441} INFO - Setting next_dagrun for latest_only_with_trigger to 2023-03-27T09:31:35.692319+00:00, run_after=2023-03-27T13:31:35.692319+00:00
[2023-03-27T13:31:35.748+0000] {processor.py:175} INFO - Processing /home/airflow/.local/lib/python3.7/site-packages/airflow/example_dags/example_latest_only_with_trigger.py took 0.304 seconds
[2023-03-27T13:32:16.499+0000] {processor.py:153} INFO - Started process (PID=625) to work on /home/airflow/.local/lib/python3.7/site-packages/airflow/example_dags/example_latest_only_with_trigger.py
[2023-03-27T13:32:16.511+0000] {processor.py:743} INFO - Processing file /home/airflow/.local/lib/python3.7/site-packages/airflow/example_dags/example_latest_only_with_trigger.py for tasks to queue
[2023-03-27T13:32:16.518+0000] {logging_mixin.py:137} INFO - [2023-03-27T13:32:16.518+0000] {dagbag.py:538} INFO - Filling up the DagBag from /home/airflow/.local/lib/python3.7/site-packages/airflow/example_dags/example_latest_only_with_trigger.py
[2023-03-27T13:32:16.581+0000] {processor.py:753} INFO - DAG(s) dict_keys(['latest_only_with_trigger']) retrieved from /home/airflow/.local/lib/python3.7/site-packages/airflow/example_dags/example_latest_only_with_trigger.py
[2023-03-27T13:32:16.690+0000] {logging_mixin.py:137} INFO - [2023-03-27T13:32:16.690+0000] {dag.py:2690} INFO - Sync 1 DAGs
[2023-03-27T13:32:16.828+0000] {logging_mixin.py:137} INFO - [2023-03-27T13:32:16.828+0000] {dag.py:3441} INFO - Setting next_dagrun for latest_only_with_trigger to 2023-03-27T09:32:16.827579+00:00, run_after=2023-03-27T13:32:16.827579+00:00
[2023-03-27T13:32:16.949+0000] {processor.py:175} INFO - Processing /home/airflow/.local/lib/python3.7/site-packages/airflow/example_dags/example_latest_only_with_trigger.py took 0.459 seconds
[2023-03-27T13:32:58.515+0000] {processor.py:153} INFO - Started process (PID=705) to work on /home/airflow/.local/lib/python3.7/site-packages/airflow/example_dags/example_latest_only_with_trigger.py
[2023-03-27T13:32:58.540+0000] {processor.py:743} INFO - Processing file /home/airflow/.local/lib/python3.7/site-packages/airflow/example_dags/example_latest_only_with_trigger.py for tasks to queue
[2023-03-27T13:32:58.552+0000] {logging_mixin.py:137} INFO - [2023-03-27T13:32:58.551+0000] {dagbag.py:538} INFO - Filling up the DagBag from /home/airflow/.local/lib/python3.7/site-packages/airflow/example_dags/example_latest_only_with_trigger.py
[2023-03-27T13:32:58.624+0000] {processor.py:753} INFO - DAG(s) dict_keys(['latest_only_with_trigger']) retrieved from /home/airflow/.local/lib/python3.7/site-packages/airflow/example_dags/example_latest_only_with_trigger.py
[2023-03-27T13:32:58.734+0000] {logging_mixin.py:137} INFO - [2023-03-27T13:32:58.734+0000] {dag.py:2690} INFO - Sync 1 DAGs
[2023-03-27T13:32:58.936+0000] {logging_mixin.py:137} INFO - [2023-03-27T13:32:58.932+0000] {dag.py:3441} INFO - Setting next_dagrun for latest_only_with_trigger to 2023-03-27T09:32:58.923267+00:00, run_after=2023-03-27T13:32:58.923267+00:00
[2023-03-27T13:32:59.033+0000] {processor.py:175} INFO - Processing /home/airflow/.local/lib/python3.7/site-packages/airflow/example_dags/example_latest_only_with_trigger.py took 0.525 seconds
[2023-03-27T13:33:34.495+0000] {processor.py:153} INFO - Started process (PID=778) to work on /home/airflow/.local/lib/python3.7/site-packages/airflow/example_dags/example_latest_only_with_trigger.py
[2023-03-27T13:33:34.505+0000] {processor.py:743} INFO - Processing file /home/airflow/.local/lib/python3.7/site-packages/airflow/example_dags/example_latest_only_with_trigger.py for tasks to queue
[2023-03-27T13:33:34.518+0000] {logging_mixin.py:137} INFO - [2023-03-27T13:33:34.517+0000] {dagbag.py:538} INFO - Filling up the DagBag from /home/airflow/.local/lib/python3.7/site-packages/airflow/example_dags/example_latest_only_with_trigger.py
[2023-03-27T13:33:34.594+0000] {processor.py:753} INFO - DAG(s) dict_keys(['latest_only_with_trigger']) retrieved from /home/airflow/.local/lib/python3.7/site-packages/airflow/example_dags/example_latest_only_with_trigger.py
[2023-03-27T13:33:34.731+0000] {logging_mixin.py:137} INFO - [2023-03-27T13:33:34.731+0000] {dag.py:2690} INFO - Sync 1 DAGs
[2023-03-27T13:33:34.875+0000] {logging_mixin.py:137} INFO - [2023-03-27T13:33:34.875+0000] {dag.py:3441} INFO - Setting next_dagrun for latest_only_with_trigger to 2023-03-27T09:33:34.874833+00:00, run_after=2023-03-27T13:33:34.874833+00:00
[2023-03-27T13:33:35.013+0000] {processor.py:175} INFO - Processing /home/airflow/.local/lib/python3.7/site-packages/airflow/example_dags/example_latest_only_with_trigger.py took 0.524 seconds
[2023-03-27T13:34:14.688+0000] {processor.py:153} INFO - Started process (PID=856) to work on /home/airflow/.local/lib/python3.7/site-packages/airflow/example_dags/example_latest_only_with_trigger.py
[2023-03-27T13:34:14.690+0000] {processor.py:743} INFO - Processing file /home/airflow/.local/lib/python3.7/site-packages/airflow/example_dags/example_latest_only_with_trigger.py for tasks to queue
[2023-03-27T13:34:14.692+0000] {logging_mixin.py:137} INFO - [2023-03-27T13:34:14.692+0000] {dagbag.py:538} INFO - Filling up the DagBag from /home/airflow/.local/lib/python3.7/site-packages/airflow/example_dags/example_latest_only_with_trigger.py
[2023-03-27T13:34:14.826+0000] {processor.py:753} INFO - DAG(s) dict_keys(['latest_only_with_trigger']) retrieved from /home/airflow/.local/lib/python3.7/site-packages/airflow/example_dags/example_latest_only_with_trigger.py
[2023-03-27T13:34:15.015+0000] {logging_mixin.py:137} INFO - [2023-03-27T13:34:15.014+0000] {dag.py:2690} INFO - Sync 1 DAGs
[2023-03-27T13:34:15.198+0000] {logging_mixin.py:137} INFO - [2023-03-27T13:34:15.198+0000] {dag.py:3441} INFO - Setting next_dagrun for latest_only_with_trigger to 2023-03-27T09:34:15.197486+00:00, run_after=2023-03-27T13:34:15.197486+00:00
[2023-03-27T13:34:15.276+0000] {processor.py:175} INFO - Processing /home/airflow/.local/lib/python3.7/site-packages/airflow/example_dags/example_latest_only_with_trigger.py took 0.600 seconds
[2023-03-27T13:34:49.282+0000] {processor.py:153} INFO - Started process (PID=924) to work on /home/airflow/.local/lib/python3.7/site-packages/airflow/example_dags/example_latest_only_with_trigger.py
[2023-03-27T13:34:49.299+0000] {processor.py:743} INFO - Processing file /home/airflow/.local/lib/python3.7/site-packages/airflow/example_dags/example_latest_only_with_trigger.py for tasks to queue
[2023-03-27T13:34:49.312+0000] {logging_mixin.py:137} INFO - [2023-03-27T13:34:49.312+0000] {dagbag.py:538} INFO - Filling up the DagBag from /home/airflow/.local/lib/python3.7/site-packages/airflow/example_dags/example_latest_only_with_trigger.py
[2023-03-27T13:34:49.391+0000] {processor.py:753} INFO - DAG(s) dict_keys(['latest_only_with_trigger']) retrieved from /home/airflow/.local/lib/python3.7/site-packages/airflow/example_dags/example_latest_only_with_trigger.py
[2023-03-27T13:34:49.537+0000] {logging_mixin.py:137} INFO - [2023-03-27T13:34:49.537+0000] {dag.py:2690} INFO - Sync 1 DAGs
[2023-03-27T13:34:49.776+0000] {logging_mixin.py:137} INFO - [2023-03-27T13:34:49.776+0000] {dag.py:3441} INFO - Setting next_dagrun for latest_only_with_trigger to 2023-03-27T09:34:49.776137+00:00, run_after=2023-03-27T13:34:49.776137+00:00
[2023-03-27T13:34:49.939+0000] {processor.py:175} INFO - Processing /home/airflow/.local/lib/python3.7/site-packages/airflow/example_dags/example_latest_only_with_trigger.py took 0.672 seconds
