[2023-03-27T13:27:52.261+0000] {processor.py:153} INFO - Started process (PID=80) to work on /home/airflow/.local/lib/python3.7/site-packages/airflow/example_dags/example_datasets.py
[2023-03-27T13:27:52.263+0000] {processor.py:743} INFO - Processing file /home/airflow/.local/lib/python3.7/site-packages/airflow/example_dags/example_datasets.py for tasks to queue
[2023-03-27T13:27:52.275+0000] {logging_mixin.py:137} INFO - [2023-03-27T13:27:52.275+0000] {dagbag.py:538} INFO - Filling up the DagBag from /home/airflow/.local/lib/python3.7/site-packages/airflow/example_dags/example_datasets.py
[2023-03-27T13:27:52.372+0000] {processor.py:753} INFO - DAG(s) dict_keys(['dataset_consumes_1_and_2', 'dataset_consumes_1', 'dataset_consumes_unknown_never_scheduled', 'dataset_produces_1', 'dataset_produces_2', 'dataset_consumes_1_never_scheduled']) retrieved from /home/airflow/.local/lib/python3.7/site-packages/airflow/example_dags/example_datasets.py
[2023-03-27T13:27:52.896+0000] {logging_mixin.py:137} INFO - [2023-03-27T13:27:52.896+0000] {dag.py:2690} INFO - Sync 6 DAGs
[2023-03-27T13:27:53.026+0000] {logging_mixin.py:137} INFO - [2023-03-27T13:27:53.025+0000] {dag.py:3441} INFO - Setting next_dagrun for dataset_consumes_1 to None, run_after=None
[2023-03-27T13:27:53.043+0000] {logging_mixin.py:137} INFO - [2023-03-27T13:27:53.042+0000] {dag.py:3441} INFO - Setting next_dagrun for dataset_consumes_1_and_2 to None, run_after=None
[2023-03-27T13:27:53.071+0000] {logging_mixin.py:137} INFO - [2023-03-27T13:27:53.071+0000] {dag.py:3441} INFO - Setting next_dagrun for dataset_consumes_1_never_scheduled to None, run_after=None
[2023-03-27T13:27:53.107+0000] {logging_mixin.py:137} INFO - [2023-03-27T13:27:53.106+0000] {dag.py:3441} INFO - Setting next_dagrun for dataset_consumes_unknown_never_scheduled to None, run_after=None
[2023-03-27T13:27:53.122+0000] {logging_mixin.py:137} INFO - [2023-03-27T13:27:53.122+0000] {dag.py:3441} INFO - Setting next_dagrun for dataset_produces_1 to 2023-03-26T00:00:00+00:00, run_after=2023-03-27T00:00:00+00:00
[2023-03-27T13:27:53.131+0000] {logging_mixin.py:137} INFO - [2023-03-27T13:27:53.130+0000] {dag.py:3441} INFO - Setting next_dagrun for dataset_produces_2 to None, run_after=None
[2023-03-27T13:27:53.361+0000] {processor.py:175} INFO - Processing /home/airflow/.local/lib/python3.7/site-packages/airflow/example_dags/example_datasets.py took 1.106 seconds
[2023-03-27T13:28:24.339+0000] {processor.py:153} INFO - Started process (PID=154) to work on /home/airflow/.local/lib/python3.7/site-packages/airflow/example_dags/example_datasets.py
[2023-03-27T13:28:24.363+0000] {processor.py:743} INFO - Processing file /home/airflow/.local/lib/python3.7/site-packages/airflow/example_dags/example_datasets.py for tasks to queue
[2023-03-27T13:28:24.366+0000] {logging_mixin.py:137} INFO - [2023-03-27T13:28:24.366+0000] {dagbag.py:538} INFO - Filling up the DagBag from /home/airflow/.local/lib/python3.7/site-packages/airflow/example_dags/example_datasets.py
[2023-03-27T13:28:24.462+0000] {processor.py:753} INFO - DAG(s) dict_keys(['dataset_consumes_1_never_scheduled', 'dataset_consumes_unknown_never_scheduled', 'dataset_produces_1', 'dataset_consumes_1', 'dataset_consumes_1_and_2', 'dataset_produces_2']) retrieved from /home/airflow/.local/lib/python3.7/site-packages/airflow/example_dags/example_datasets.py
[2023-03-27T13:28:24.698+0000] {logging_mixin.py:137} INFO - [2023-03-27T13:28:24.697+0000] {dag.py:2690} INFO - Sync 6 DAGs
[2023-03-27T13:28:24.822+0000] {logging_mixin.py:137} INFO - [2023-03-27T13:28:24.822+0000] {dag.py:3441} INFO - Setting next_dagrun for dataset_consumes_1 to None, run_after=None
[2023-03-27T13:28:24.833+0000] {logging_mixin.py:137} INFO - [2023-03-27T13:28:24.833+0000] {dag.py:3441} INFO - Setting next_dagrun for dataset_consumes_1_and_2 to None, run_after=None
[2023-03-27T13:28:24.842+0000] {logging_mixin.py:137} INFO - [2023-03-27T13:28:24.841+0000] {dag.py:3441} INFO - Setting next_dagrun for dataset_consumes_1_never_scheduled to None, run_after=None
[2023-03-27T13:28:24.857+0000] {logging_mixin.py:137} INFO - [2023-03-27T13:28:24.857+0000] {dag.py:3441} INFO - Setting next_dagrun for dataset_consumes_unknown_never_scheduled to None, run_after=None
[2023-03-27T13:28:24.869+0000] {logging_mixin.py:137} INFO - [2023-03-27T13:28:24.869+0000] {dag.py:3441} INFO - Setting next_dagrun for dataset_produces_1 to 2023-03-26T00:00:00+00:00, run_after=2023-03-27T00:00:00+00:00
[2023-03-27T13:28:24.874+0000] {logging_mixin.py:137} INFO - [2023-03-27T13:28:24.874+0000] {dag.py:3441} INFO - Setting next_dagrun for dataset_produces_2 to None, run_after=None
[2023-03-27T13:28:25.047+0000] {processor.py:175} INFO - Processing /home/airflow/.local/lib/python3.7/site-packages/airflow/example_dags/example_datasets.py took 0.722 seconds
[2023-03-27T13:28:55.380+0000] {processor.py:153} INFO - Started process (PID=210) to work on /home/airflow/.local/lib/python3.7/site-packages/airflow/example_dags/example_datasets.py
[2023-03-27T13:28:55.391+0000] {processor.py:743} INFO - Processing file /home/airflow/.local/lib/python3.7/site-packages/airflow/example_dags/example_datasets.py for tasks to queue
[2023-03-27T13:28:55.399+0000] {logging_mixin.py:137} INFO - [2023-03-27T13:28:55.399+0000] {dagbag.py:538} INFO - Filling up the DagBag from /home/airflow/.local/lib/python3.7/site-packages/airflow/example_dags/example_datasets.py
[2023-03-27T13:28:55.465+0000] {processor.py:753} INFO - DAG(s) dict_keys(['dataset_consumes_1_and_2', 'dataset_produces_1', 'dataset_produces_2', 'dataset_consumes_unknown_never_scheduled', 'dataset_consumes_1', 'dataset_consumes_1_never_scheduled']) retrieved from /home/airflow/.local/lib/python3.7/site-packages/airflow/example_dags/example_datasets.py
[2023-03-27T13:28:55.657+0000] {logging_mixin.py:137} INFO - [2023-03-27T13:28:55.657+0000] {dag.py:2690} INFO - Sync 6 DAGs
[2023-03-27T13:28:55.802+0000] {logging_mixin.py:137} INFO - [2023-03-27T13:28:55.801+0000] {dag.py:3441} INFO - Setting next_dagrun for dataset_consumes_1 to None, run_after=None
[2023-03-27T13:28:55.830+0000] {logging_mixin.py:137} INFO - [2023-03-27T13:28:55.830+0000] {dag.py:3441} INFO - Setting next_dagrun for dataset_consumes_1_and_2 to None, run_after=None
[2023-03-27T13:28:55.835+0000] {logging_mixin.py:137} INFO - [2023-03-27T13:28:55.835+0000] {dag.py:3441} INFO - Setting next_dagrun for dataset_consumes_1_never_scheduled to None, run_after=None
[2023-03-27T13:28:55.845+0000] {logging_mixin.py:137} INFO - [2023-03-27T13:28:55.845+0000] {dag.py:3441} INFO - Setting next_dagrun for dataset_consumes_unknown_never_scheduled to None, run_after=None
[2023-03-27T13:28:55.854+0000] {logging_mixin.py:137} INFO - [2023-03-27T13:28:55.853+0000] {dag.py:3441} INFO - Setting next_dagrun for dataset_produces_1 to 2023-03-26T00:00:00+00:00, run_after=2023-03-27T00:00:00+00:00
[2023-03-27T13:28:55.864+0000] {logging_mixin.py:137} INFO - [2023-03-27T13:28:55.863+0000] {dag.py:3441} INFO - Setting next_dagrun for dataset_produces_2 to None, run_after=None
[2023-03-27T13:28:56.087+0000] {processor.py:175} INFO - Processing /home/airflow/.local/lib/python3.7/site-packages/airflow/example_dags/example_datasets.py took 0.714 seconds
[2023-03-27T13:29:26.498+0000] {processor.py:153} INFO - Started process (PID=285) to work on /home/airflow/.local/lib/python3.7/site-packages/airflow/example_dags/example_datasets.py
[2023-03-27T13:29:26.503+0000] {processor.py:743} INFO - Processing file /home/airflow/.local/lib/python3.7/site-packages/airflow/example_dags/example_datasets.py for tasks to queue
[2023-03-27T13:29:26.513+0000] {logging_mixin.py:137} INFO - [2023-03-27T13:29:26.512+0000] {dagbag.py:538} INFO - Filling up the DagBag from /home/airflow/.local/lib/python3.7/site-packages/airflow/example_dags/example_datasets.py
[2023-03-27T13:29:26.582+0000] {processor.py:753} INFO - DAG(s) dict_keys(['dataset_consumes_1', 'dataset_consumes_unknown_never_scheduled', 'dataset_produces_1', 'dataset_consumes_1_and_2', 'dataset_consumes_1_never_scheduled', 'dataset_produces_2']) retrieved from /home/airflow/.local/lib/python3.7/site-packages/airflow/example_dags/example_datasets.py
[2023-03-27T13:29:26.801+0000] {logging_mixin.py:137} INFO - [2023-03-27T13:29:26.794+0000] {dag.py:2690} INFO - Sync 6 DAGs
[2023-03-27T13:29:26.909+0000] {logging_mixin.py:137} INFO - [2023-03-27T13:29:26.908+0000] {dag.py:3441} INFO - Setting next_dagrun for dataset_consumes_1 to None, run_after=None
[2023-03-27T13:29:26.947+0000] {logging_mixin.py:137} INFO - [2023-03-27T13:29:26.947+0000] {dag.py:3441} INFO - Setting next_dagrun for dataset_consumes_1_and_2 to None, run_after=None
[2023-03-27T13:29:26.960+0000] {logging_mixin.py:137} INFO - [2023-03-27T13:29:26.959+0000] {dag.py:3441} INFO - Setting next_dagrun for dataset_consumes_1_never_scheduled to None, run_after=None
[2023-03-27T13:29:26.966+0000] {logging_mixin.py:137} INFO - [2023-03-27T13:29:26.966+0000] {dag.py:3441} INFO - Setting next_dagrun for dataset_consumes_unknown_never_scheduled to None, run_after=None
[2023-03-27T13:29:26.980+0000] {logging_mixin.py:137} INFO - [2023-03-27T13:29:26.980+0000] {dag.py:3441} INFO - Setting next_dagrun for dataset_produces_1 to 2023-03-26T00:00:00+00:00, run_after=2023-03-27T00:00:00+00:00
[2023-03-27T13:29:26.996+0000] {logging_mixin.py:137} INFO - [2023-03-27T13:29:26.996+0000] {dag.py:3441} INFO - Setting next_dagrun for dataset_produces_2 to None, run_after=None
[2023-03-27T13:29:27.187+0000] {processor.py:175} INFO - Processing /home/airflow/.local/lib/python3.7/site-packages/airflow/example_dags/example_datasets.py took 0.702 seconds
[2023-03-27T13:29:58.490+0000] {processor.py:153} INFO - Started process (PID=351) to work on /home/airflow/.local/lib/python3.7/site-packages/airflow/example_dags/example_datasets.py
[2023-03-27T13:29:58.530+0000] {processor.py:743} INFO - Processing file /home/airflow/.local/lib/python3.7/site-packages/airflow/example_dags/example_datasets.py for tasks to queue
[2023-03-27T13:29:58.595+0000] {logging_mixin.py:137} INFO - [2023-03-27T13:29:58.594+0000] {dagbag.py:538} INFO - Filling up the DagBag from /home/airflow/.local/lib/python3.7/site-packages/airflow/example_dags/example_datasets.py
[2023-03-27T13:29:58.715+0000] {processor.py:753} INFO - DAG(s) dict_keys(['dataset_consumes_unknown_never_scheduled', 'dataset_consumes_1_never_scheduled', 'dataset_consumes_1_and_2', 'dataset_produces_1', 'dataset_consumes_1', 'dataset_produces_2']) retrieved from /home/airflow/.local/lib/python3.7/site-packages/airflow/example_dags/example_datasets.py
[2023-03-27T13:29:58.989+0000] {logging_mixin.py:137} INFO - [2023-03-27T13:29:58.988+0000] {dag.py:2690} INFO - Sync 6 DAGs
[2023-03-27T13:29:59.181+0000] {logging_mixin.py:137} INFO - [2023-03-27T13:29:59.181+0000] {dag.py:3441} INFO - Setting next_dagrun for dataset_consumes_1 to None, run_after=None
[2023-03-27T13:29:59.210+0000] {logging_mixin.py:137} INFO - [2023-03-27T13:29:59.210+0000] {dag.py:3441} INFO - Setting next_dagrun for dataset_consumes_1_and_2 to None, run_after=None
[2023-03-27T13:29:59.249+0000] {logging_mixin.py:137} INFO - [2023-03-27T13:29:59.249+0000] {dag.py:3441} INFO - Setting next_dagrun for dataset_consumes_1_never_scheduled to None, run_after=None
[2023-03-27T13:29:59.281+0000] {logging_mixin.py:137} INFO - [2023-03-27T13:29:59.280+0000] {dag.py:3441} INFO - Setting next_dagrun for dataset_consumes_unknown_never_scheduled to None, run_after=None
[2023-03-27T13:29:59.300+0000] {logging_mixin.py:137} INFO - [2023-03-27T13:29:59.300+0000] {dag.py:3441} INFO - Setting next_dagrun for dataset_produces_1 to 2023-03-26T00:00:00+00:00, run_after=2023-03-27T00:00:00+00:00
[2023-03-27T13:29:59.316+0000] {logging_mixin.py:137} INFO - [2023-03-27T13:29:59.316+0000] {dag.py:3441} INFO - Setting next_dagrun for dataset_produces_2 to None, run_after=None
[2023-03-27T13:29:59.524+0000] {processor.py:175} INFO - Processing /home/airflow/.local/lib/python3.7/site-packages/airflow/example_dags/example_datasets.py took 1.040 seconds
[2023-03-27T13:30:29.818+0000] {processor.py:153} INFO - Started process (PID=418) to work on /home/airflow/.local/lib/python3.7/site-packages/airflow/example_dags/example_datasets.py
[2023-03-27T13:30:29.821+0000] {processor.py:743} INFO - Processing file /home/airflow/.local/lib/python3.7/site-packages/airflow/example_dags/example_datasets.py for tasks to queue
[2023-03-27T13:30:29.823+0000] {logging_mixin.py:137} INFO - [2023-03-27T13:30:29.822+0000] {dagbag.py:538} INFO - Filling up the DagBag from /home/airflow/.local/lib/python3.7/site-packages/airflow/example_dags/example_datasets.py
[2023-03-27T13:30:29.867+0000] {processor.py:753} INFO - DAG(s) dict_keys(['dataset_consumes_1_and_2', 'dataset_consumes_unknown_never_scheduled', 'dataset_consumes_1', 'dataset_produces_1', 'dataset_produces_2', 'dataset_consumes_1_never_scheduled']) retrieved from /home/airflow/.local/lib/python3.7/site-packages/airflow/example_dags/example_datasets.py
[2023-03-27T13:30:29.987+0000] {logging_mixin.py:137} INFO - [2023-03-27T13:30:29.986+0000] {dag.py:2690} INFO - Sync 6 DAGs
[2023-03-27T13:30:30.091+0000] {logging_mixin.py:137} INFO - [2023-03-27T13:30:30.091+0000] {dag.py:3441} INFO - Setting next_dagrun for dataset_consumes_1 to None, run_after=None
[2023-03-27T13:30:30.102+0000] {logging_mixin.py:137} INFO - [2023-03-27T13:30:30.102+0000] {dag.py:3441} INFO - Setting next_dagrun for dataset_consumes_1_and_2 to None, run_after=None
[2023-03-27T13:30:30.107+0000] {logging_mixin.py:137} INFO - [2023-03-27T13:30:30.107+0000] {dag.py:3441} INFO - Setting next_dagrun for dataset_consumes_1_never_scheduled to None, run_after=None
[2023-03-27T13:30:30.110+0000] {logging_mixin.py:137} INFO - [2023-03-27T13:30:30.109+0000] {dag.py:3441} INFO - Setting next_dagrun for dataset_consumes_unknown_never_scheduled to None, run_after=None
[2023-03-27T13:30:30.115+0000] {logging_mixin.py:137} INFO - [2023-03-27T13:30:30.115+0000] {dag.py:3441} INFO - Setting next_dagrun for dataset_produces_1 to 2023-03-26T00:00:00+00:00, run_after=2023-03-27T00:00:00+00:00
[2023-03-27T13:30:30.117+0000] {logging_mixin.py:137} INFO - [2023-03-27T13:30:30.117+0000] {dag.py:3441} INFO - Setting next_dagrun for dataset_produces_2 to None, run_after=None
[2023-03-27T13:30:30.207+0000] {processor.py:175} INFO - Processing /home/airflow/.local/lib/python3.7/site-packages/airflow/example_dags/example_datasets.py took 0.401 seconds
[2023-03-27T13:31:00.728+0000] {processor.py:153} INFO - Started process (PID=485) to work on /home/airflow/.local/lib/python3.7/site-packages/airflow/example_dags/example_datasets.py
[2023-03-27T13:31:00.785+0000] {processor.py:743} INFO - Processing file /home/airflow/.local/lib/python3.7/site-packages/airflow/example_dags/example_datasets.py for tasks to queue
[2023-03-27T13:31:00.788+0000] {logging_mixin.py:137} INFO - [2023-03-27T13:31:00.788+0000] {dagbag.py:538} INFO - Filling up the DagBag from /home/airflow/.local/lib/python3.7/site-packages/airflow/example_dags/example_datasets.py
[2023-03-27T13:31:00.939+0000] {processor.py:753} INFO - DAG(s) dict_keys(['dataset_consumes_1_and_2', 'dataset_produces_2', 'dataset_consumes_unknown_never_scheduled', 'dataset_produces_1', 'dataset_consumes_1', 'dataset_consumes_1_never_scheduled']) retrieved from /home/airflow/.local/lib/python3.7/site-packages/airflow/example_dags/example_datasets.py
[2023-03-27T13:31:01.317+0000] {logging_mixin.py:137} INFO - [2023-03-27T13:31:01.317+0000] {dag.py:2690} INFO - Sync 6 DAGs
[2023-03-27T13:31:01.560+0000] {logging_mixin.py:137} INFO - [2023-03-27T13:31:01.559+0000] {dag.py:3441} INFO - Setting next_dagrun for dataset_consumes_1 to None, run_after=None
[2023-03-27T13:31:01.588+0000] {logging_mixin.py:137} INFO - [2023-03-27T13:31:01.588+0000] {dag.py:3441} INFO - Setting next_dagrun for dataset_consumes_1_and_2 to None, run_after=None
[2023-03-27T13:31:01.613+0000] {logging_mixin.py:137} INFO - [2023-03-27T13:31:01.613+0000] {dag.py:3441} INFO - Setting next_dagrun for dataset_consumes_1_never_scheduled to None, run_after=None
[2023-03-27T13:31:01.631+0000] {logging_mixin.py:137} INFO - [2023-03-27T13:31:01.630+0000] {dag.py:3441} INFO - Setting next_dagrun for dataset_consumes_unknown_never_scheduled to None, run_after=None
[2023-03-27T13:31:01.648+0000] {logging_mixin.py:137} INFO - [2023-03-27T13:31:01.647+0000] {dag.py:3441} INFO - Setting next_dagrun for dataset_produces_1 to 2023-03-26T00:00:00+00:00, run_after=2023-03-27T00:00:00+00:00
[2023-03-27T13:31:01.652+0000] {logging_mixin.py:137} INFO - [2023-03-27T13:31:01.652+0000] {dag.py:3441} INFO - Setting next_dagrun for dataset_produces_2 to None, run_after=None
[2023-03-27T13:31:01.829+0000] {processor.py:175} INFO - Processing /home/airflow/.local/lib/python3.7/site-packages/airflow/example_dags/example_datasets.py took 1.169 seconds
[2023-03-27T13:31:36.526+0000] {processor.py:153} INFO - Started process (PID=550) to work on /home/airflow/.local/lib/python3.7/site-packages/airflow/example_dags/example_datasets.py
[2023-03-27T13:31:36.529+0000] {processor.py:743} INFO - Processing file /home/airflow/.local/lib/python3.7/site-packages/airflow/example_dags/example_datasets.py for tasks to queue
[2023-03-27T13:31:36.532+0000] {logging_mixin.py:137} INFO - [2023-03-27T13:31:36.531+0000] {dagbag.py:538} INFO - Filling up the DagBag from /home/airflow/.local/lib/python3.7/site-packages/airflow/example_dags/example_datasets.py
[2023-03-27T13:31:36.569+0000] {processor.py:753} INFO - DAG(s) dict_keys(['dataset_consumes_1_and_2', 'dataset_consumes_unknown_never_scheduled', 'dataset_produces_2', 'dataset_consumes_1', 'dataset_consumes_1_never_scheduled', 'dataset_produces_1']) retrieved from /home/airflow/.local/lib/python3.7/site-packages/airflow/example_dags/example_datasets.py
[2023-03-27T13:31:36.673+0000] {logging_mixin.py:137} INFO - [2023-03-27T13:31:36.673+0000] {dag.py:2690} INFO - Sync 6 DAGs
[2023-03-27T13:31:36.759+0000] {logging_mixin.py:137} INFO - [2023-03-27T13:31:36.759+0000] {dag.py:3441} INFO - Setting next_dagrun for dataset_consumes_1 to None, run_after=None
[2023-03-27T13:31:36.767+0000] {logging_mixin.py:137} INFO - [2023-03-27T13:31:36.767+0000] {dag.py:3441} INFO - Setting next_dagrun for dataset_consumes_1_and_2 to None, run_after=None
[2023-03-27T13:31:36.773+0000] {logging_mixin.py:137} INFO - [2023-03-27T13:31:36.773+0000] {dag.py:3441} INFO - Setting next_dagrun for dataset_consumes_1_never_scheduled to None, run_after=None
[2023-03-27T13:31:36.784+0000] {logging_mixin.py:137} INFO - [2023-03-27T13:31:36.783+0000] {dag.py:3441} INFO - Setting next_dagrun for dataset_consumes_unknown_never_scheduled to None, run_after=None
[2023-03-27T13:31:36.797+0000] {logging_mixin.py:137} INFO - [2023-03-27T13:31:36.796+0000] {dag.py:3441} INFO - Setting next_dagrun for dataset_produces_1 to 2023-03-26T00:00:00+00:00, run_after=2023-03-27T00:00:00+00:00
[2023-03-27T13:31:36.805+0000] {logging_mixin.py:137} INFO - [2023-03-27T13:31:36.804+0000] {dag.py:3441} INFO - Setting next_dagrun for dataset_produces_2 to None, run_after=None
[2023-03-27T13:31:36.976+0000] {processor.py:175} INFO - Processing /home/airflow/.local/lib/python3.7/site-packages/airflow/example_dags/example_datasets.py took 0.456 seconds
[2023-03-27T13:32:13.360+0000] {processor.py:153} INFO - Started process (PID=615) to work on /home/airflow/.local/lib/python3.7/site-packages/airflow/example_dags/example_datasets.py
[2023-03-27T13:32:13.370+0000] {processor.py:743} INFO - Processing file /home/airflow/.local/lib/python3.7/site-packages/airflow/example_dags/example_datasets.py for tasks to queue
[2023-03-27T13:32:13.380+0000] {logging_mixin.py:137} INFO - [2023-03-27T13:32:13.380+0000] {dagbag.py:538} INFO - Filling up the DagBag from /home/airflow/.local/lib/python3.7/site-packages/airflow/example_dags/example_datasets.py
[2023-03-27T13:32:13.468+0000] {processor.py:753} INFO - DAG(s) dict_keys(['dataset_produces_1', 'dataset_consumes_1_and_2', 'dataset_consumes_unknown_never_scheduled', 'dataset_consumes_1_never_scheduled', 'dataset_consumes_1', 'dataset_produces_2']) retrieved from /home/airflow/.local/lib/python3.7/site-packages/airflow/example_dags/example_datasets.py
[2023-03-27T13:32:13.617+0000] {logging_mixin.py:137} INFO - [2023-03-27T13:32:13.616+0000] {dag.py:2690} INFO - Sync 6 DAGs
[2023-03-27T13:32:13.710+0000] {logging_mixin.py:137} INFO - [2023-03-27T13:32:13.710+0000] {dag.py:3441} INFO - Setting next_dagrun for dataset_consumes_1 to None, run_after=None
[2023-03-27T13:32:13.724+0000] {logging_mixin.py:137} INFO - [2023-03-27T13:32:13.723+0000] {dag.py:3441} INFO - Setting next_dagrun for dataset_consumes_1_and_2 to None, run_after=None
[2023-03-27T13:32:13.765+0000] {logging_mixin.py:137} INFO - [2023-03-27T13:32:13.765+0000] {dag.py:3441} INFO - Setting next_dagrun for dataset_consumes_1_never_scheduled to None, run_after=None
[2023-03-27T13:32:13.776+0000] {logging_mixin.py:137} INFO - [2023-03-27T13:32:13.776+0000] {dag.py:3441} INFO - Setting next_dagrun for dataset_consumes_unknown_never_scheduled to None, run_after=None
[2023-03-27T13:32:13.785+0000] {logging_mixin.py:137} INFO - [2023-03-27T13:32:13.785+0000] {dag.py:3441} INFO - Setting next_dagrun for dataset_produces_1 to 2023-03-26T00:00:00+00:00, run_after=2023-03-27T00:00:00+00:00
[2023-03-27T13:32:13.814+0000] {logging_mixin.py:137} INFO - [2023-03-27T13:32:13.814+0000] {dag.py:3441} INFO - Setting next_dagrun for dataset_produces_2 to None, run_after=None
[2023-03-27T13:32:14.190+0000] {processor.py:175} INFO - Processing /home/airflow/.local/lib/python3.7/site-packages/airflow/example_dags/example_datasets.py took 0.847 seconds
[2023-03-27T13:32:46.803+0000] {processor.py:153} INFO - Started process (PID=688) to work on /home/airflow/.local/lib/python3.7/site-packages/airflow/example_dags/example_datasets.py
[2023-03-27T13:32:46.830+0000] {processor.py:743} INFO - Processing file /home/airflow/.local/lib/python3.7/site-packages/airflow/example_dags/example_datasets.py for tasks to queue
[2023-03-27T13:32:46.832+0000] {logging_mixin.py:137} INFO - [2023-03-27T13:32:46.831+0000] {dagbag.py:538} INFO - Filling up the DagBag from /home/airflow/.local/lib/python3.7/site-packages/airflow/example_dags/example_datasets.py
[2023-03-27T13:32:46.895+0000] {processor.py:753} INFO - DAG(s) dict_keys(['dataset_consumes_1_never_scheduled', 'dataset_consumes_1_and_2', 'dataset_produces_2', 'dataset_consumes_unknown_never_scheduled', 'dataset_produces_1', 'dataset_consumes_1']) retrieved from /home/airflow/.local/lib/python3.7/site-packages/airflow/example_dags/example_datasets.py
[2023-03-27T13:32:47.162+0000] {logging_mixin.py:137} INFO - [2023-03-27T13:32:47.162+0000] {dag.py:2690} INFO - Sync 6 DAGs
[2023-03-27T13:32:47.478+0000] {logging_mixin.py:137} INFO - [2023-03-27T13:32:47.477+0000] {dag.py:3441} INFO - Setting next_dagrun for dataset_consumes_1 to None, run_after=None
[2023-03-27T13:32:47.594+0000] {logging_mixin.py:137} INFO - [2023-03-27T13:32:47.594+0000] {dag.py:3441} INFO - Setting next_dagrun for dataset_consumes_1_and_2 to None, run_after=None
[2023-03-27T13:32:47.714+0000] {logging_mixin.py:137} INFO - [2023-03-27T13:32:47.713+0000] {dag.py:3441} INFO - Setting next_dagrun for dataset_consumes_1_never_scheduled to None, run_after=None
[2023-03-27T13:32:47.789+0000] {logging_mixin.py:137} INFO - [2023-03-27T13:32:47.789+0000] {dag.py:3441} INFO - Setting next_dagrun for dataset_consumes_unknown_never_scheduled to None, run_after=None
[2023-03-27T13:32:47.864+0000] {logging_mixin.py:137} INFO - [2023-03-27T13:32:47.863+0000] {dag.py:3441} INFO - Setting next_dagrun for dataset_produces_1 to 2023-03-26T00:00:00+00:00, run_after=2023-03-27T00:00:00+00:00
[2023-03-27T13:32:47.933+0000] {logging_mixin.py:137} INFO - [2023-03-27T13:32:47.932+0000] {dag.py:3441} INFO - Setting next_dagrun for dataset_produces_2 to None, run_after=None
[2023-03-27T13:32:48.259+0000] {processor.py:175} INFO - Processing /home/airflow/.local/lib/python3.7/site-packages/airflow/example_dags/example_datasets.py took 1.464 seconds
[2023-03-27T13:33:23.543+0000] {processor.py:153} INFO - Started process (PID=754) to work on /home/airflow/.local/lib/python3.7/site-packages/airflow/example_dags/example_datasets.py
[2023-03-27T13:33:23.553+0000] {processor.py:743} INFO - Processing file /home/airflow/.local/lib/python3.7/site-packages/airflow/example_dags/example_datasets.py for tasks to queue
[2023-03-27T13:33:23.556+0000] {logging_mixin.py:137} INFO - [2023-03-27T13:33:23.556+0000] {dagbag.py:538} INFO - Filling up the DagBag from /home/airflow/.local/lib/python3.7/site-packages/airflow/example_dags/example_datasets.py
[2023-03-27T13:33:23.633+0000] {processor.py:753} INFO - DAG(s) dict_keys(['dataset_consumes_1_and_2', 'dataset_consumes_1', 'dataset_consumes_unknown_never_scheduled', 'dataset_produces_1', 'dataset_consumes_1_never_scheduled', 'dataset_produces_2']) retrieved from /home/airflow/.local/lib/python3.7/site-packages/airflow/example_dags/example_datasets.py
[2023-03-27T13:33:23.815+0000] {logging_mixin.py:137} INFO - [2023-03-27T13:33:23.814+0000] {dag.py:2690} INFO - Sync 6 DAGs
[2023-03-27T13:33:23.998+0000] {logging_mixin.py:137} INFO - [2023-03-27T13:33:23.997+0000] {dag.py:3441} INFO - Setting next_dagrun for dataset_consumes_1 to None, run_after=None
[2023-03-27T13:33:24.025+0000] {logging_mixin.py:137} INFO - [2023-03-27T13:33:24.025+0000] {dag.py:3441} INFO - Setting next_dagrun for dataset_consumes_1_and_2 to None, run_after=None
[2023-03-27T13:33:24.036+0000] {logging_mixin.py:137} INFO - [2023-03-27T13:33:24.035+0000] {dag.py:3441} INFO - Setting next_dagrun for dataset_consumes_1_never_scheduled to None, run_after=None
[2023-03-27T13:33:24.049+0000] {logging_mixin.py:137} INFO - [2023-03-27T13:33:24.044+0000] {dag.py:3441} INFO - Setting next_dagrun for dataset_consumes_unknown_never_scheduled to None, run_after=None
[2023-03-27T13:33:24.059+0000] {logging_mixin.py:137} INFO - [2023-03-27T13:33:24.059+0000] {dag.py:3441} INFO - Setting next_dagrun for dataset_produces_1 to 2023-03-26T00:00:00+00:00, run_after=2023-03-27T00:00:00+00:00
[2023-03-27T13:33:24.073+0000] {logging_mixin.py:137} INFO - [2023-03-27T13:33:24.073+0000] {dag.py:3441} INFO - Setting next_dagrun for dataset_produces_2 to None, run_after=None
[2023-03-27T13:33:24.279+0000] {processor.py:175} INFO - Processing /home/airflow/.local/lib/python3.7/site-packages/airflow/example_dags/example_datasets.py took 0.754 seconds
[2023-03-27T13:33:57.493+0000] {processor.py:153} INFO - Started process (PID=819) to work on /home/airflow/.local/lib/python3.7/site-packages/airflow/example_dags/example_datasets.py
[2023-03-27T13:33:57.541+0000] {processor.py:743} INFO - Processing file /home/airflow/.local/lib/python3.7/site-packages/airflow/example_dags/example_datasets.py for tasks to queue
[2023-03-27T13:33:57.576+0000] {logging_mixin.py:137} INFO - [2023-03-27T13:33:57.576+0000] {dagbag.py:538} INFO - Filling up the DagBag from /home/airflow/.local/lib/python3.7/site-packages/airflow/example_dags/example_datasets.py
[2023-03-27T13:33:57.733+0000] {processor.py:753} INFO - DAG(s) dict_keys(['dataset_consumes_1', 'dataset_produces_2', 'dataset_consumes_1_and_2', 'dataset_consumes_1_never_scheduled', 'dataset_produces_1', 'dataset_consumes_unknown_never_scheduled']) retrieved from /home/airflow/.local/lib/python3.7/site-packages/airflow/example_dags/example_datasets.py
[2023-03-27T13:33:58.013+0000] {logging_mixin.py:137} INFO - [2023-03-27T13:33:58.013+0000] {dag.py:2690} INFO - Sync 6 DAGs
[2023-03-27T13:33:58.171+0000] {logging_mixin.py:137} INFO - [2023-03-27T13:33:58.171+0000] {dag.py:3441} INFO - Setting next_dagrun for dataset_consumes_1 to None, run_after=None
[2023-03-27T13:33:58.218+0000] {logging_mixin.py:137} INFO - [2023-03-27T13:33:58.218+0000] {dag.py:3441} INFO - Setting next_dagrun for dataset_consumes_1_and_2 to None, run_after=None
[2023-03-27T13:33:58.406+0000] {logging_mixin.py:137} INFO - [2023-03-27T13:33:58.405+0000] {dag.py:3441} INFO - Setting next_dagrun for dataset_consumes_1_never_scheduled to None, run_after=None
[2023-03-27T13:33:58.428+0000] {logging_mixin.py:137} INFO - [2023-03-27T13:33:58.427+0000] {dag.py:3441} INFO - Setting next_dagrun for dataset_consumes_unknown_never_scheduled to None, run_after=None
[2023-03-27T13:33:58.446+0000] {logging_mixin.py:137} INFO - [2023-03-27T13:33:58.446+0000] {dag.py:3441} INFO - Setting next_dagrun for dataset_produces_1 to 2023-03-26T00:00:00+00:00, run_after=2023-03-27T00:00:00+00:00
[2023-03-27T13:33:58.489+0000] {logging_mixin.py:137} INFO - [2023-03-27T13:33:58.488+0000] {dag.py:3441} INFO - Setting next_dagrun for dataset_produces_2 to None, run_after=None
[2023-03-27T13:33:58.758+0000] {processor.py:175} INFO - Processing /home/airflow/.local/lib/python3.7/site-packages/airflow/example_dags/example_datasets.py took 1.271 seconds
[2023-03-27T13:34:35.566+0000] {processor.py:153} INFO - Started process (PID=886) to work on /home/airflow/.local/lib/python3.7/site-packages/airflow/example_dags/example_datasets.py
[2023-03-27T13:34:35.572+0000] {processor.py:743} INFO - Processing file /home/airflow/.local/lib/python3.7/site-packages/airflow/example_dags/example_datasets.py for tasks to queue
[2023-03-27T13:34:35.574+0000] {logging_mixin.py:137} INFO - [2023-03-27T13:34:35.574+0000] {dagbag.py:538} INFO - Filling up the DagBag from /home/airflow/.local/lib/python3.7/site-packages/airflow/example_dags/example_datasets.py
[2023-03-27T13:34:35.629+0000] {processor.py:753} INFO - DAG(s) dict_keys(['dataset_consumes_1_and_2', 'dataset_consumes_1_never_scheduled', 'dataset_consumes_unknown_never_scheduled', 'dataset_consumes_1', 'dataset_produces_1', 'dataset_produces_2']) retrieved from /home/airflow/.local/lib/python3.7/site-packages/airflow/example_dags/example_datasets.py
[2023-03-27T13:34:35.821+0000] {logging_mixin.py:137} INFO - [2023-03-27T13:34:35.820+0000] {dag.py:2690} INFO - Sync 6 DAGs
[2023-03-27T13:34:35.973+0000] {logging_mixin.py:137} INFO - [2023-03-27T13:34:35.973+0000] {dag.py:3441} INFO - Setting next_dagrun for dataset_consumes_1 to None, run_after=None
[2023-03-27T13:34:36.018+0000] {logging_mixin.py:137} INFO - [2023-03-27T13:34:36.017+0000] {dag.py:3441} INFO - Setting next_dagrun for dataset_consumes_1_and_2 to None, run_after=None
[2023-03-27T13:34:36.027+0000] {logging_mixin.py:137} INFO - [2023-03-27T13:34:36.027+0000] {dag.py:3441} INFO - Setting next_dagrun for dataset_consumes_1_never_scheduled to None, run_after=None
[2023-03-27T13:34:36.042+0000] {logging_mixin.py:137} INFO - [2023-03-27T13:34:36.041+0000] {dag.py:3441} INFO - Setting next_dagrun for dataset_consumes_unknown_never_scheduled to None, run_after=None
[2023-03-27T13:34:36.088+0000] {logging_mixin.py:137} INFO - [2023-03-27T13:34:36.088+0000] {dag.py:3441} INFO - Setting next_dagrun for dataset_produces_1 to 2023-03-26T00:00:00+00:00, run_after=2023-03-27T00:00:00+00:00
[2023-03-27T13:34:36.154+0000] {logging_mixin.py:137} INFO - [2023-03-27T13:34:36.153+0000] {dag.py:3441} INFO - Setting next_dagrun for dataset_produces_2 to None, run_after=None
[2023-03-27T13:34:36.348+0000] {processor.py:175} INFO - Processing /home/airflow/.local/lib/python3.7/site-packages/airflow/example_dags/example_datasets.py took 0.788 seconds
[2023-03-27T13:35:07.814+0000] {processor.py:153} INFO - Started process (PID=953) to work on /home/airflow/.local/lib/python3.7/site-packages/airflow/example_dags/example_datasets.py
[2023-03-27T13:35:07.833+0000] {processor.py:743} INFO - Processing file /home/airflow/.local/lib/python3.7/site-packages/airflow/example_dags/example_datasets.py for tasks to queue
[2023-03-27T13:35:07.864+0000] {logging_mixin.py:137} INFO - [2023-03-27T13:35:07.863+0000] {dagbag.py:538} INFO - Filling up the DagBag from /home/airflow/.local/lib/python3.7/site-packages/airflow/example_dags/example_datasets.py
[2023-03-27T13:35:07.945+0000] {processor.py:753} INFO - DAG(s) dict_keys(['dataset_consumes_unknown_never_scheduled', 'dataset_produces_1', 'dataset_produces_2', 'dataset_consumes_1', 'dataset_consumes_1_never_scheduled', 'dataset_consumes_1_and_2']) retrieved from /home/airflow/.local/lib/python3.7/site-packages/airflow/example_dags/example_datasets.py
[2023-03-27T13:35:08.170+0000] {logging_mixin.py:137} INFO - [2023-03-27T13:35:08.170+0000] {dag.py:2690} INFO - Sync 6 DAGs
[2023-03-27T13:35:08.520+0000] {logging_mixin.py:137} INFO - [2023-03-27T13:35:08.519+0000] {dag.py:3441} INFO - Setting next_dagrun for dataset_consumes_1 to None, run_after=None
[2023-03-27T13:35:08.555+0000] {logging_mixin.py:137} INFO - [2023-03-27T13:35:08.555+0000] {dag.py:3441} INFO - Setting next_dagrun for dataset_consumes_1_and_2 to None, run_after=None
[2023-03-27T13:35:08.570+0000] {logging_mixin.py:137} INFO - [2023-03-27T13:35:08.569+0000] {dag.py:3441} INFO - Setting next_dagrun for dataset_consumes_1_never_scheduled to None, run_after=None
[2023-03-27T13:35:08.581+0000] {logging_mixin.py:137} INFO - [2023-03-27T13:35:08.581+0000] {dag.py:3441} INFO - Setting next_dagrun for dataset_consumes_unknown_never_scheduled to None, run_after=None
[2023-03-27T13:35:08.600+0000] {logging_mixin.py:137} INFO - [2023-03-27T13:35:08.599+0000] {dag.py:3441} INFO - Setting next_dagrun for dataset_produces_1 to 2023-03-26T00:00:00+00:00, run_after=2023-03-27T00:00:00+00:00
[2023-03-27T13:35:08.613+0000] {logging_mixin.py:137} INFO - [2023-03-27T13:35:08.613+0000] {dag.py:3441} INFO - Setting next_dagrun for dataset_produces_2 to None, run_after=None
[2023-03-27T13:35:08.873+0000] {processor.py:175} INFO - Processing /home/airflow/.local/lib/python3.7/site-packages/airflow/example_dags/example_datasets.py took 1.076 seconds
