[2023-03-27T13:28:03.307+0000] {processor.py:153} INFO - Started process (PID=114) to work on /home/airflow/.local/lib/python3.7/site-packages/airflow/example_dags/example_subdag_operator.py
[2023-03-27T13:28:03.318+0000] {processor.py:743} INFO - Processing file /home/airflow/.local/lib/python3.7/site-packages/airflow/example_dags/example_subdag_operator.py for tasks to queue
[2023-03-27T13:28:03.320+0000] {logging_mixin.py:137} INFO - [2023-03-27T13:28:03.320+0000] {dagbag.py:538} INFO - Filling up the DagBag from /home/airflow/.local/lib/python3.7/site-packages/airflow/example_dags/example_subdag_operator.py
[2023-03-27T13:28:03.612+0000] {processor.py:753} INFO - DAG(s) dict_keys(['example_subdag_operator.section-1', 'example_subdag_operator.section-2', 'example_subdag_operator']) retrieved from /home/airflow/.local/lib/python3.7/site-packages/airflow/example_dags/example_subdag_operator.py
[2023-03-27T13:28:03.768+0000] {logging_mixin.py:137} INFO - [2023-03-27T13:28:03.756+0000] {dag.py:2690} INFO - Sync 3 DAGs
[2023-03-27T13:28:03.915+0000] {logging_mixin.py:137} INFO - [2023-03-27T13:28:03.915+0000] {dag.py:3441} INFO - Setting next_dagrun for example_subdag_operator to 2022-01-01T00:00:00+00:00, run_after=2022-01-01T00:00:00+00:00
[2023-03-27T13:28:03.944+0000] {logging_mixin.py:137} INFO - [2023-03-27T13:28:03.944+0000] {dag.py:3441} INFO - Setting next_dagrun for example_subdag_operator.section-1 to None, run_after=None
[2023-03-27T13:28:03.952+0000] {logging_mixin.py:137} INFO - [2023-03-27T13:28:03.952+0000] {dag.py:3441} INFO - Setting next_dagrun for example_subdag_operator.section-2 to None, run_after=None
[2023-03-27T13:28:03.994+0000] {logging_mixin.py:137} INFO - [2023-03-27T13:28:03.993+0000] {dag.py:2690} INFO - Sync 2 DAGs
[2023-03-27T13:28:04.035+0000] {logging_mixin.py:137} INFO - [2023-03-27T13:28:04.034+0000] {dag.py:3441} INFO - Setting next_dagrun for example_subdag_operator.section-1 to None, run_after=None
[2023-03-27T13:28:04.036+0000] {logging_mixin.py:137} INFO - [2023-03-27T13:28:04.036+0000] {dag.py:3441} INFO - Setting next_dagrun for example_subdag_operator.section-2 to None, run_after=None
[2023-03-27T13:28:04.072+0000] {processor.py:175} INFO - Processing /home/airflow/.local/lib/python3.7/site-packages/airflow/example_dags/example_subdag_operator.py took 0.770 seconds
[2023-03-27T13:28:34.653+0000] {processor.py:153} INFO - Started process (PID=179) to work on /home/airflow/.local/lib/python3.7/site-packages/airflow/example_dags/example_subdag_operator.py
[2023-03-27T13:28:34.663+0000] {processor.py:743} INFO - Processing file /home/airflow/.local/lib/python3.7/site-packages/airflow/example_dags/example_subdag_operator.py for tasks to queue
[2023-03-27T13:28:34.666+0000] {logging_mixin.py:137} INFO - [2023-03-27T13:28:34.665+0000] {dagbag.py:538} INFO - Filling up the DagBag from /home/airflow/.local/lib/python3.7/site-packages/airflow/example_dags/example_subdag_operator.py
[2023-03-27T13:28:34.773+0000] {processor.py:753} INFO - DAG(s) dict_keys(['example_subdag_operator.section-1', 'example_subdag_operator.section-2', 'example_subdag_operator']) retrieved from /home/airflow/.local/lib/python3.7/site-packages/airflow/example_dags/example_subdag_operator.py
[2023-03-27T13:28:34.862+0000] {logging_mixin.py:137} INFO - [2023-03-27T13:28:34.862+0000] {dag.py:2690} INFO - Sync 3 DAGs
[2023-03-27T13:28:34.965+0000] {logging_mixin.py:137} INFO - [2023-03-27T13:28:34.965+0000] {dag.py:3441} INFO - Setting next_dagrun for example_subdag_operator to 2022-01-01T00:00:00+00:00, run_after=2022-01-01T00:00:00+00:00
[2023-03-27T13:28:34.977+0000] {logging_mixin.py:137} INFO - [2023-03-27T13:28:34.977+0000] {dag.py:3441} INFO - Setting next_dagrun for example_subdag_operator.section-1 to None, run_after=None
[2023-03-27T13:28:34.987+0000] {logging_mixin.py:137} INFO - [2023-03-27T13:28:34.987+0000] {dag.py:3441} INFO - Setting next_dagrun for example_subdag_operator.section-2 to None, run_after=None
[2023-03-27T13:28:35.016+0000] {logging_mixin.py:137} INFO - [2023-03-27T13:28:35.015+0000] {dag.py:2690} INFO - Sync 2 DAGs
[2023-03-27T13:28:35.030+0000] {logging_mixin.py:137} INFO - [2023-03-27T13:28:35.030+0000] {dag.py:3441} INFO - Setting next_dagrun for example_subdag_operator.section-1 to None, run_after=None
[2023-03-27T13:28:35.031+0000] {logging_mixin.py:137} INFO - [2023-03-27T13:28:35.031+0000] {dag.py:3441} INFO - Setting next_dagrun for example_subdag_operator.section-2 to None, run_after=None
[2023-03-27T13:28:35.078+0000] {processor.py:175} INFO - Processing /home/airflow/.local/lib/python3.7/site-packages/airflow/example_dags/example_subdag_operator.py took 0.430 seconds
[2023-03-27T13:29:13.171+0000] {processor.py:153} INFO - Started process (PID=254) to work on /home/airflow/.local/lib/python3.7/site-packages/airflow/example_dags/example_subdag_operator.py
[2023-03-27T13:29:13.215+0000] {processor.py:743} INFO - Processing file /home/airflow/.local/lib/python3.7/site-packages/airflow/example_dags/example_subdag_operator.py for tasks to queue
[2023-03-27T13:29:13.244+0000] {logging_mixin.py:137} INFO - [2023-03-27T13:29:13.243+0000] {dagbag.py:538} INFO - Filling up the DagBag from /home/airflow/.local/lib/python3.7/site-packages/airflow/example_dags/example_subdag_operator.py
[2023-03-27T13:29:13.396+0000] {processor.py:753} INFO - DAG(s) dict_keys(['example_subdag_operator.section-1', 'example_subdag_operator.section-2', 'example_subdag_operator']) retrieved from /home/airflow/.local/lib/python3.7/site-packages/airflow/example_dags/example_subdag_operator.py
[2023-03-27T13:29:13.543+0000] {logging_mixin.py:137} INFO - [2023-03-27T13:29:13.535+0000] {dag.py:2690} INFO - Sync 3 DAGs
[2023-03-27T13:29:13.666+0000] {logging_mixin.py:137} INFO - [2023-03-27T13:29:13.666+0000] {dag.py:3441} INFO - Setting next_dagrun for example_subdag_operator to 2022-01-01T00:00:00+00:00, run_after=2022-01-01T00:00:00+00:00
[2023-03-27T13:29:13.683+0000] {logging_mixin.py:137} INFO - [2023-03-27T13:29:13.683+0000] {dag.py:3441} INFO - Setting next_dagrun for example_subdag_operator.section-1 to None, run_after=None
[2023-03-27T13:29:13.721+0000] {logging_mixin.py:137} INFO - [2023-03-27T13:29:13.720+0000] {dag.py:3441} INFO - Setting next_dagrun for example_subdag_operator.section-2 to None, run_after=None
[2023-03-27T13:29:13.765+0000] {logging_mixin.py:137} INFO - [2023-03-27T13:29:13.765+0000] {dag.py:2690} INFO - Sync 2 DAGs
[2023-03-27T13:29:13.802+0000] {logging_mixin.py:137} INFO - [2023-03-27T13:29:13.802+0000] {dag.py:3441} INFO - Setting next_dagrun for example_subdag_operator.section-1 to None, run_after=None
[2023-03-27T13:29:13.837+0000] {logging_mixin.py:137} INFO - [2023-03-27T13:29:13.836+0000] {dag.py:3441} INFO - Setting next_dagrun for example_subdag_operator.section-2 to None, run_after=None
[2023-03-27T13:29:13.893+0000] {processor.py:175} INFO - Processing /home/airflow/.local/lib/python3.7/site-packages/airflow/example_dags/example_subdag_operator.py took 0.730 seconds
[2023-03-27T13:29:44.798+0000] {processor.py:153} INFO - Started process (PID=329) to work on /home/airflow/.local/lib/python3.7/site-packages/airflow/example_dags/example_subdag_operator.py
[2023-03-27T13:29:44.800+0000] {processor.py:743} INFO - Processing file /home/airflow/.local/lib/python3.7/site-packages/airflow/example_dags/example_subdag_operator.py for tasks to queue
[2023-03-27T13:29:44.815+0000] {logging_mixin.py:137} INFO - [2023-03-27T13:29:44.815+0000] {dagbag.py:538} INFO - Filling up the DagBag from /home/airflow/.local/lib/python3.7/site-packages/airflow/example_dags/example_subdag_operator.py
[2023-03-27T13:29:44.990+0000] {processor.py:753} INFO - DAG(s) dict_keys(['example_subdag_operator.section-1', 'example_subdag_operator.section-2', 'example_subdag_operator']) retrieved from /home/airflow/.local/lib/python3.7/site-packages/airflow/example_dags/example_subdag_operator.py
[2023-03-27T13:29:45.125+0000] {logging_mixin.py:137} INFO - [2023-03-27T13:29:45.125+0000] {dag.py:2690} INFO - Sync 3 DAGs
[2023-03-27T13:29:45.257+0000] {logging_mixin.py:137} INFO - [2023-03-27T13:29:45.257+0000] {dag.py:3441} INFO - Setting next_dagrun for example_subdag_operator to 2022-01-01T00:00:00+00:00, run_after=2022-01-01T00:00:00+00:00
[2023-03-27T13:29:45.273+0000] {logging_mixin.py:137} INFO - [2023-03-27T13:29:45.273+0000] {dag.py:3441} INFO - Setting next_dagrun for example_subdag_operator.section-1 to None, run_after=None
[2023-03-27T13:29:45.285+0000] {logging_mixin.py:137} INFO - [2023-03-27T13:29:45.285+0000] {dag.py:3441} INFO - Setting next_dagrun for example_subdag_operator.section-2 to None, run_after=None
[2023-03-27T13:29:45.326+0000] {logging_mixin.py:137} INFO - [2023-03-27T13:29:45.325+0000] {dag.py:2690} INFO - Sync 2 DAGs
[2023-03-27T13:29:45.360+0000] {logging_mixin.py:137} INFO - [2023-03-27T13:29:45.360+0000] {dag.py:3441} INFO - Setting next_dagrun for example_subdag_operator.section-1 to None, run_after=None
[2023-03-27T13:29:45.373+0000] {logging_mixin.py:137} INFO - [2023-03-27T13:29:45.373+0000] {dag.py:3441} INFO - Setting next_dagrun for example_subdag_operator.section-2 to None, run_after=None
[2023-03-27T13:29:45.426+0000] {processor.py:175} INFO - Processing /home/airflow/.local/lib/python3.7/site-packages/airflow/example_dags/example_subdag_operator.py took 0.634 seconds
[2023-03-27T13:30:19.055+0000] {processor.py:153} INFO - Started process (PID=387) to work on /home/airflow/.local/lib/python3.7/site-packages/airflow/example_dags/example_subdag_operator.py
[2023-03-27T13:30:19.058+0000] {processor.py:743} INFO - Processing file /home/airflow/.local/lib/python3.7/site-packages/airflow/example_dags/example_subdag_operator.py for tasks to queue
[2023-03-27T13:30:19.061+0000] {logging_mixin.py:137} INFO - [2023-03-27T13:30:19.060+0000] {dagbag.py:538} INFO - Filling up the DagBag from /home/airflow/.local/lib/python3.7/site-packages/airflow/example_dags/example_subdag_operator.py
[2023-03-27T13:30:19.211+0000] {processor.py:753} INFO - DAG(s) dict_keys(['example_subdag_operator.section-1', 'example_subdag_operator.section-2', 'example_subdag_operator']) retrieved from /home/airflow/.local/lib/python3.7/site-packages/airflow/example_dags/example_subdag_operator.py
[2023-03-27T13:30:19.425+0000] {logging_mixin.py:137} INFO - [2023-03-27T13:30:19.425+0000] {dag.py:2690} INFO - Sync 3 DAGs
[2023-03-27T13:30:19.656+0000] {logging_mixin.py:137} INFO - [2023-03-27T13:30:19.655+0000] {dag.py:3441} INFO - Setting next_dagrun for example_subdag_operator to 2022-01-01T00:00:00+00:00, run_after=2022-01-01T00:00:00+00:00
[2023-03-27T13:30:19.697+0000] {logging_mixin.py:137} INFO - [2023-03-27T13:30:19.697+0000] {dag.py:3441} INFO - Setting next_dagrun for example_subdag_operator.section-1 to None, run_after=None
[2023-03-27T13:30:19.743+0000] {logging_mixin.py:137} INFO - [2023-03-27T13:30:19.742+0000] {dag.py:3441} INFO - Setting next_dagrun for example_subdag_operator.section-2 to None, run_after=None
[2023-03-27T13:30:19.833+0000] {logging_mixin.py:137} INFO - [2023-03-27T13:30:19.833+0000] {dag.py:2690} INFO - Sync 2 DAGs
[2023-03-27T13:30:19.911+0000] {logging_mixin.py:137} INFO - [2023-03-27T13:30:19.910+0000] {dag.py:3441} INFO - Setting next_dagrun for example_subdag_operator.section-1 to None, run_after=None
[2023-03-27T13:30:19.918+0000] {logging_mixin.py:137} INFO - [2023-03-27T13:30:19.918+0000] {dag.py:3441} INFO - Setting next_dagrun for example_subdag_operator.section-2 to None, run_after=None
[2023-03-27T13:30:20.005+0000] {processor.py:175} INFO - Processing /home/airflow/.local/lib/python3.7/site-packages/airflow/example_dags/example_subdag_operator.py took 0.966 seconds
[2023-03-27T13:30:53.516+0000] {processor.py:153} INFO - Started process (PID=461) to work on /home/airflow/.local/lib/python3.7/site-packages/airflow/example_dags/example_subdag_operator.py
[2023-03-27T13:30:53.527+0000] {processor.py:743} INFO - Processing file /home/airflow/.local/lib/python3.7/site-packages/airflow/example_dags/example_subdag_operator.py for tasks to queue
[2023-03-27T13:30:53.530+0000] {logging_mixin.py:137} INFO - [2023-03-27T13:30:53.530+0000] {dagbag.py:538} INFO - Filling up the DagBag from /home/airflow/.local/lib/python3.7/site-packages/airflow/example_dags/example_subdag_operator.py
[2023-03-27T13:30:53.635+0000] {processor.py:753} INFO - DAG(s) dict_keys(['example_subdag_operator.section-1', 'example_subdag_operator.section-2', 'example_subdag_operator']) retrieved from /home/airflow/.local/lib/python3.7/site-packages/airflow/example_dags/example_subdag_operator.py
[2023-03-27T13:30:53.702+0000] {logging_mixin.py:137} INFO - [2023-03-27T13:30:53.702+0000] {dag.py:2690} INFO - Sync 3 DAGs
[2023-03-27T13:30:53.796+0000] {logging_mixin.py:137} INFO - [2023-03-27T13:30:53.796+0000] {dag.py:3441} INFO - Setting next_dagrun for example_subdag_operator to 2022-01-01T00:00:00+00:00, run_after=2022-01-01T00:00:00+00:00
[2023-03-27T13:30:53.811+0000] {logging_mixin.py:137} INFO - [2023-03-27T13:30:53.810+0000] {dag.py:3441} INFO - Setting next_dagrun for example_subdag_operator.section-1 to None, run_after=None
[2023-03-27T13:30:53.814+0000] {logging_mixin.py:137} INFO - [2023-03-27T13:30:53.814+0000] {dag.py:3441} INFO - Setting next_dagrun for example_subdag_operator.section-2 to None, run_after=None
[2023-03-27T13:30:53.837+0000] {logging_mixin.py:137} INFO - [2023-03-27T13:30:53.837+0000] {dag.py:2690} INFO - Sync 2 DAGs
[2023-03-27T13:30:53.861+0000] {logging_mixin.py:137} INFO - [2023-03-27T13:30:53.860+0000] {dag.py:3441} INFO - Setting next_dagrun for example_subdag_operator.section-1 to None, run_after=None
[2023-03-27T13:30:53.862+0000] {logging_mixin.py:137} INFO - [2023-03-27T13:30:53.862+0000] {dag.py:3441} INFO - Setting next_dagrun for example_subdag_operator.section-2 to None, run_after=None
[2023-03-27T13:30:53.911+0000] {processor.py:175} INFO - Processing /home/airflow/.local/lib/python3.7/site-packages/airflow/example_dags/example_subdag_operator.py took 0.402 seconds
[2023-03-27T13:31:35.822+0000] {processor.py:153} INFO - Started process (PID=544) to work on /home/airflow/.local/lib/python3.7/site-packages/airflow/example_dags/example_subdag_operator.py
[2023-03-27T13:31:35.825+0000] {processor.py:743} INFO - Processing file /home/airflow/.local/lib/python3.7/site-packages/airflow/example_dags/example_subdag_operator.py for tasks to queue
[2023-03-27T13:31:35.833+0000] {logging_mixin.py:137} INFO - [2023-03-27T13:31:35.833+0000] {dagbag.py:538} INFO - Filling up the DagBag from /home/airflow/.local/lib/python3.7/site-packages/airflow/example_dags/example_subdag_operator.py
[2023-03-27T13:31:35.942+0000] {processor.py:753} INFO - DAG(s) dict_keys(['example_subdag_operator.section-1', 'example_subdag_operator.section-2', 'example_subdag_operator']) retrieved from /home/airflow/.local/lib/python3.7/site-packages/airflow/example_dags/example_subdag_operator.py
[2023-03-27T13:31:35.996+0000] {logging_mixin.py:137} INFO - [2023-03-27T13:31:35.996+0000] {dag.py:2690} INFO - Sync 3 DAGs
[2023-03-27T13:31:36.058+0000] {logging_mixin.py:137} INFO - [2023-03-27T13:31:36.058+0000] {dag.py:3441} INFO - Setting next_dagrun for example_subdag_operator to 2022-01-01T00:00:00+00:00, run_after=2022-01-01T00:00:00+00:00
[2023-03-27T13:31:36.067+0000] {logging_mixin.py:137} INFO - [2023-03-27T13:31:36.066+0000] {dag.py:3441} INFO - Setting next_dagrun for example_subdag_operator.section-1 to None, run_after=None
[2023-03-27T13:31:36.070+0000] {logging_mixin.py:137} INFO - [2023-03-27T13:31:36.070+0000] {dag.py:3441} INFO - Setting next_dagrun for example_subdag_operator.section-2 to None, run_after=None
[2023-03-27T13:31:36.087+0000] {logging_mixin.py:137} INFO - [2023-03-27T13:31:36.087+0000] {dag.py:2690} INFO - Sync 2 DAGs
[2023-03-27T13:31:36.101+0000] {logging_mixin.py:137} INFO - [2023-03-27T13:31:36.101+0000] {dag.py:3441} INFO - Setting next_dagrun for example_subdag_operator.section-1 to None, run_after=None
[2023-03-27T13:31:36.102+0000] {logging_mixin.py:137} INFO - [2023-03-27T13:31:36.102+0000] {dag.py:3441} INFO - Setting next_dagrun for example_subdag_operator.section-2 to None, run_after=None
[2023-03-27T13:31:36.133+0000] {processor.py:175} INFO - Processing /home/airflow/.local/lib/python3.7/site-packages/airflow/example_dags/example_subdag_operator.py took 0.320 seconds
[2023-03-27T13:32:17.193+0000] {processor.py:153} INFO - Started process (PID=627) to work on /home/airflow/.local/lib/python3.7/site-packages/airflow/example_dags/example_subdag_operator.py
[2023-03-27T13:32:17.196+0000] {processor.py:743} INFO - Processing file /home/airflow/.local/lib/python3.7/site-packages/airflow/example_dags/example_subdag_operator.py for tasks to queue
[2023-03-27T13:32:17.226+0000] {logging_mixin.py:137} INFO - [2023-03-27T13:32:17.225+0000] {dagbag.py:538} INFO - Filling up the DagBag from /home/airflow/.local/lib/python3.7/site-packages/airflow/example_dags/example_subdag_operator.py
[2023-03-27T13:32:17.460+0000] {processor.py:753} INFO - DAG(s) dict_keys(['example_subdag_operator.section-1', 'example_subdag_operator.section-2', 'example_subdag_operator']) retrieved from /home/airflow/.local/lib/python3.7/site-packages/airflow/example_dags/example_subdag_operator.py
[2023-03-27T13:32:17.563+0000] {logging_mixin.py:137} INFO - [2023-03-27T13:32:17.563+0000] {dag.py:2690} INFO - Sync 3 DAGs
[2023-03-27T13:32:17.751+0000] {logging_mixin.py:137} INFO - [2023-03-27T13:32:17.751+0000] {dag.py:3441} INFO - Setting next_dagrun for example_subdag_operator to 2022-01-01T00:00:00+00:00, run_after=2022-01-01T00:00:00+00:00
[2023-03-27T13:32:17.780+0000] {logging_mixin.py:137} INFO - [2023-03-27T13:32:17.778+0000] {dag.py:3441} INFO - Setting next_dagrun for example_subdag_operator.section-1 to None, run_after=None
[2023-03-27T13:32:17.795+0000] {logging_mixin.py:137} INFO - [2023-03-27T13:32:17.785+0000] {dag.py:3441} INFO - Setting next_dagrun for example_subdag_operator.section-2 to None, run_after=None
[2023-03-27T13:32:17.884+0000] {logging_mixin.py:137} INFO - [2023-03-27T13:32:17.883+0000] {dag.py:2690} INFO - Sync 2 DAGs
[2023-03-27T13:32:17.922+0000] {logging_mixin.py:137} INFO - [2023-03-27T13:32:17.921+0000] {dag.py:3441} INFO - Setting next_dagrun for example_subdag_operator.section-1 to None, run_after=None
[2023-03-27T13:32:17.948+0000] {logging_mixin.py:137} INFO - [2023-03-27T13:32:17.947+0000] {dag.py:3441} INFO - Setting next_dagrun for example_subdag_operator.section-2 to None, run_after=None
[2023-03-27T13:32:18.023+0000] {processor.py:175} INFO - Processing /home/airflow/.local/lib/python3.7/site-packages/airflow/example_dags/example_subdag_operator.py took 0.843 seconds
[2023-03-27T13:32:59.216+0000] {processor.py:153} INFO - Started process (PID=707) to work on /home/airflow/.local/lib/python3.7/site-packages/airflow/example_dags/example_subdag_operator.py
[2023-03-27T13:32:59.218+0000] {processor.py:743} INFO - Processing file /home/airflow/.local/lib/python3.7/site-packages/airflow/example_dags/example_subdag_operator.py for tasks to queue
[2023-03-27T13:32:59.244+0000] {logging_mixin.py:137} INFO - [2023-03-27T13:32:59.244+0000] {dagbag.py:538} INFO - Filling up the DagBag from /home/airflow/.local/lib/python3.7/site-packages/airflow/example_dags/example_subdag_operator.py
[2023-03-27T13:32:59.368+0000] {processor.py:753} INFO - DAG(s) dict_keys(['example_subdag_operator.section-1', 'example_subdag_operator.section-2', 'example_subdag_operator']) retrieved from /home/airflow/.local/lib/python3.7/site-packages/airflow/example_dags/example_subdag_operator.py
[2023-03-27T13:32:59.462+0000] {logging_mixin.py:137} INFO - [2023-03-27T13:32:59.461+0000] {dag.py:2690} INFO - Sync 3 DAGs
[2023-03-27T13:32:59.608+0000] {logging_mixin.py:137} INFO - [2023-03-27T13:32:59.608+0000] {dag.py:3441} INFO - Setting next_dagrun for example_subdag_operator to 2022-01-01T00:00:00+00:00, run_after=2022-01-01T00:00:00+00:00
[2023-03-27T13:32:59.620+0000] {logging_mixin.py:137} INFO - [2023-03-27T13:32:59.620+0000] {dag.py:3441} INFO - Setting next_dagrun for example_subdag_operator.section-1 to None, run_after=None
[2023-03-27T13:32:59.627+0000] {logging_mixin.py:137} INFO - [2023-03-27T13:32:59.627+0000] {dag.py:3441} INFO - Setting next_dagrun for example_subdag_operator.section-2 to None, run_after=None
[2023-03-27T13:32:59.665+0000] {logging_mixin.py:137} INFO - [2023-03-27T13:32:59.664+0000] {dag.py:2690} INFO - Sync 2 DAGs
[2023-03-27T13:32:59.692+0000] {logging_mixin.py:137} INFO - [2023-03-27T13:32:59.692+0000] {dag.py:3441} INFO - Setting next_dagrun for example_subdag_operator.section-1 to None, run_after=None
[2023-03-27T13:32:59.705+0000] {logging_mixin.py:137} INFO - [2023-03-27T13:32:59.705+0000] {dag.py:3441} INFO - Setting next_dagrun for example_subdag_operator.section-2 to None, run_after=None
[2023-03-27T13:32:59.754+0000] {processor.py:175} INFO - Processing /home/airflow/.local/lib/python3.7/site-packages/airflow/example_dags/example_subdag_operator.py took 0.546 seconds
[2023-03-27T13:33:35.759+0000] {processor.py:153} INFO - Started process (PID=780) to work on /home/airflow/.local/lib/python3.7/site-packages/airflow/example_dags/example_subdag_operator.py
[2023-03-27T13:33:35.780+0000] {processor.py:743} INFO - Processing file /home/airflow/.local/lib/python3.7/site-packages/airflow/example_dags/example_subdag_operator.py for tasks to queue
[2023-03-27T13:33:35.782+0000] {logging_mixin.py:137} INFO - [2023-03-27T13:33:35.782+0000] {dagbag.py:538} INFO - Filling up the DagBag from /home/airflow/.local/lib/python3.7/site-packages/airflow/example_dags/example_subdag_operator.py
[2023-03-27T13:33:36.015+0000] {processor.py:753} INFO - DAG(s) dict_keys(['example_subdag_operator.section-1', 'example_subdag_operator.section-2', 'example_subdag_operator']) retrieved from /home/airflow/.local/lib/python3.7/site-packages/airflow/example_dags/example_subdag_operator.py
[2023-03-27T13:33:36.298+0000] {logging_mixin.py:137} INFO - [2023-03-27T13:33:36.297+0000] {dag.py:2690} INFO - Sync 3 DAGs
[2023-03-27T13:33:36.538+0000] {logging_mixin.py:137} INFO - [2023-03-27T13:33:36.537+0000] {dag.py:3441} INFO - Setting next_dagrun for example_subdag_operator to 2022-01-01T00:00:00+00:00, run_after=2022-01-01T00:00:00+00:00
[2023-03-27T13:33:36.559+0000] {logging_mixin.py:137} INFO - [2023-03-27T13:33:36.559+0000] {dag.py:3441} INFO - Setting next_dagrun for example_subdag_operator.section-1 to None, run_after=None
[2023-03-27T13:33:36.572+0000] {logging_mixin.py:137} INFO - [2023-03-27T13:33:36.572+0000] {dag.py:3441} INFO - Setting next_dagrun for example_subdag_operator.section-2 to None, run_after=None
[2023-03-27T13:33:36.665+0000] {logging_mixin.py:137} INFO - [2023-03-27T13:33:36.664+0000] {dag.py:2690} INFO - Sync 2 DAGs
[2023-03-27T13:33:36.711+0000] {logging_mixin.py:137} INFO - [2023-03-27T13:33:36.710+0000] {dag.py:3441} INFO - Setting next_dagrun for example_subdag_operator.section-1 to None, run_after=None
[2023-03-27T13:33:36.789+0000] {logging_mixin.py:137} INFO - [2023-03-27T13:33:36.789+0000] {dag.py:3441} INFO - Setting next_dagrun for example_subdag_operator.section-2 to None, run_after=None
[2023-03-27T13:33:36.905+0000] {processor.py:175} INFO - Processing /home/airflow/.local/lib/python3.7/site-packages/airflow/example_dags/example_subdag_operator.py took 1.163 seconds
[2023-03-27T13:34:15.386+0000] {processor.py:153} INFO - Started process (PID=858) to work on /home/airflow/.local/lib/python3.7/site-packages/airflow/example_dags/example_subdag_operator.py
[2023-03-27T13:34:15.389+0000] {processor.py:743} INFO - Processing file /home/airflow/.local/lib/python3.7/site-packages/airflow/example_dags/example_subdag_operator.py for tasks to queue
[2023-03-27T13:34:15.399+0000] {logging_mixin.py:137} INFO - [2023-03-27T13:34:15.390+0000] {dagbag.py:538} INFO - Filling up the DagBag from /home/airflow/.local/lib/python3.7/site-packages/airflow/example_dags/example_subdag_operator.py
[2023-03-27T13:34:15.574+0000] {processor.py:753} INFO - DAG(s) dict_keys(['example_subdag_operator.section-1', 'example_subdag_operator.section-2', 'example_subdag_operator']) retrieved from /home/airflow/.local/lib/python3.7/site-packages/airflow/example_dags/example_subdag_operator.py
[2023-03-27T13:34:15.710+0000] {logging_mixin.py:137} INFO - [2023-03-27T13:34:15.709+0000] {dag.py:2690} INFO - Sync 3 DAGs
[2023-03-27T13:34:15.847+0000] {logging_mixin.py:137} INFO - [2023-03-27T13:34:15.847+0000] {dag.py:3441} INFO - Setting next_dagrun for example_subdag_operator to 2022-01-01T00:00:00+00:00, run_after=2022-01-01T00:00:00+00:00
[2023-03-27T13:34:15.877+0000] {logging_mixin.py:137} INFO - [2023-03-27T13:34:15.876+0000] {dag.py:3441} INFO - Setting next_dagrun for example_subdag_operator.section-1 to None, run_after=None
[2023-03-27T13:34:15.887+0000] {logging_mixin.py:137} INFO - [2023-03-27T13:34:15.886+0000] {dag.py:3441} INFO - Setting next_dagrun for example_subdag_operator.section-2 to None, run_after=None
[2023-03-27T13:34:15.929+0000] {logging_mixin.py:137} INFO - [2023-03-27T13:34:15.928+0000] {dag.py:2690} INFO - Sync 2 DAGs
[2023-03-27T13:34:15.973+0000] {logging_mixin.py:137} INFO - [2023-03-27T13:34:15.973+0000] {dag.py:3441} INFO - Setting next_dagrun for example_subdag_operator.section-1 to None, run_after=None
[2023-03-27T13:34:15.989+0000] {logging_mixin.py:137} INFO - [2023-03-27T13:34:15.988+0000] {dag.py:3441} INFO - Setting next_dagrun for example_subdag_operator.section-2 to None, run_after=None
[2023-03-27T13:34:16.075+0000] {processor.py:175} INFO - Processing /home/airflow/.local/lib/python3.7/site-packages/airflow/example_dags/example_subdag_operator.py took 0.702 seconds
[2023-03-27T13:34:51.188+0000] {processor.py:153} INFO - Started process (PID=926) to work on /home/airflow/.local/lib/python3.7/site-packages/airflow/example_dags/example_subdag_operator.py
[2023-03-27T13:34:51.218+0000] {processor.py:743} INFO - Processing file /home/airflow/.local/lib/python3.7/site-packages/airflow/example_dags/example_subdag_operator.py for tasks to queue
[2023-03-27T13:34:51.235+0000] {logging_mixin.py:137} INFO - [2023-03-27T13:34:51.234+0000] {dagbag.py:538} INFO - Filling up the DagBag from /home/airflow/.local/lib/python3.7/site-packages/airflow/example_dags/example_subdag_operator.py
[2023-03-27T13:34:51.566+0000] {processor.py:753} INFO - DAG(s) dict_keys(['example_subdag_operator.section-1', 'example_subdag_operator.section-2', 'example_subdag_operator']) retrieved from /home/airflow/.local/lib/python3.7/site-packages/airflow/example_dags/example_subdag_operator.py
[2023-03-27T13:34:51.728+0000] {logging_mixin.py:137} INFO - [2023-03-27T13:34:51.728+0000] {dag.py:2690} INFO - Sync 3 DAGs
[2023-03-27T13:34:51.943+0000] {logging_mixin.py:137} INFO - [2023-03-27T13:34:51.942+0000] {dag.py:3441} INFO - Setting next_dagrun for example_subdag_operator to 2022-01-01T00:00:00+00:00, run_after=2022-01-01T00:00:00+00:00
[2023-03-27T13:34:52.006+0000] {logging_mixin.py:137} INFO - [2023-03-27T13:34:52.006+0000] {dag.py:3441} INFO - Setting next_dagrun for example_subdag_operator.section-1 to None, run_after=None
[2023-03-27T13:34:52.020+0000] {logging_mixin.py:137} INFO - [2023-03-27T13:34:52.020+0000] {dag.py:3441} INFO - Setting next_dagrun for example_subdag_operator.section-2 to None, run_after=None
[2023-03-27T13:34:52.092+0000] {logging_mixin.py:137} INFO - [2023-03-27T13:34:52.092+0000] {dag.py:2690} INFO - Sync 2 DAGs
[2023-03-27T13:34:52.147+0000] {logging_mixin.py:137} INFO - [2023-03-27T13:34:52.147+0000] {dag.py:3441} INFO - Setting next_dagrun for example_subdag_operator.section-1 to None, run_after=None
[2023-03-27T13:34:52.179+0000] {logging_mixin.py:137} INFO - [2023-03-27T13:34:52.178+0000] {dag.py:3441} INFO - Setting next_dagrun for example_subdag_operator.section-2 to None, run_after=None
[2023-03-27T13:34:52.364+0000] {processor.py:175} INFO - Processing /home/airflow/.local/lib/python3.7/site-packages/airflow/example_dags/example_subdag_operator.py took 1.224 seconds
