[2023-03-27T13:27:52.255+0000] {processor.py:153} INFO - Started process (PID=79) to work on /home/airflow/.local/lib/python3.7/site-packages/airflow/example_dags/example_task_group.py
[2023-03-27T13:27:52.257+0000] {processor.py:743} INFO - Processing file /home/airflow/.local/lib/python3.7/site-packages/airflow/example_dags/example_task_group.py for tasks to queue
[2023-03-27T13:27:52.259+0000] {logging_mixin.py:137} INFO - [2023-03-27T13:27:52.258+0000] {dagbag.py:538} INFO - Filling up the DagBag from /home/airflow/.local/lib/python3.7/site-packages/airflow/example_dags/example_task_group.py
[2023-03-27T13:27:52.367+0000] {processor.py:753} INFO - DAG(s) dict_keys(['example_task_group']) retrieved from /home/airflow/.local/lib/python3.7/site-packages/airflow/example_dags/example_task_group.py
[2023-03-27T13:27:52.499+0000] {logging_mixin.py:137} INFO - [2023-03-27T13:27:52.498+0000] {dag.py:2690} INFO - Sync 1 DAGs
[2023-03-27T13:27:52.646+0000] {logging_mixin.py:137} INFO - [2023-03-27T13:27:52.646+0000] {dag.py:3441} INFO - Setting next_dagrun for example_task_group to 2023-03-26T13:27:52.645941+00:00, run_after=2023-03-27T13:27:52.645941+00:00
[2023-03-27T13:27:52.730+0000] {processor.py:175} INFO - Processing /home/airflow/.local/lib/python3.7/site-packages/airflow/example_dags/example_task_group.py took 0.484 seconds
[2023-03-27T13:28:23.432+0000] {processor.py:153} INFO - Started process (PID=152) to work on /home/airflow/.local/lib/python3.7/site-packages/airflow/example_dags/example_task_group.py
[2023-03-27T13:28:23.437+0000] {processor.py:743} INFO - Processing file /home/airflow/.local/lib/python3.7/site-packages/airflow/example_dags/example_task_group.py for tasks to queue
[2023-03-27T13:28:23.439+0000] {logging_mixin.py:137} INFO - [2023-03-27T13:28:23.439+0000] {dagbag.py:538} INFO - Filling up the DagBag from /home/airflow/.local/lib/python3.7/site-packages/airflow/example_dags/example_task_group.py
[2023-03-27T13:28:23.548+0000] {processor.py:753} INFO - DAG(s) dict_keys(['example_task_group']) retrieved from /home/airflow/.local/lib/python3.7/site-packages/airflow/example_dags/example_task_group.py
[2023-03-27T13:28:23.708+0000] {logging_mixin.py:137} INFO - [2023-03-27T13:28:23.707+0000] {dag.py:2690} INFO - Sync 1 DAGs
[2023-03-27T13:28:23.910+0000] {logging_mixin.py:137} INFO - [2023-03-27T13:28:23.910+0000] {dag.py:3441} INFO - Setting next_dagrun for example_task_group to 2023-03-26T13:28:23.910076+00:00, run_after=2023-03-27T13:28:23.910076+00:00
[2023-03-27T13:28:24.036+0000] {processor.py:175} INFO - Processing /home/airflow/.local/lib/python3.7/site-packages/airflow/example_dags/example_task_group.py took 0.622 seconds
[2023-03-27T13:28:54.617+0000] {processor.py:153} INFO - Started process (PID=209) to work on /home/airflow/.local/lib/python3.7/site-packages/airflow/example_dags/example_task_group.py
[2023-03-27T13:28:54.663+0000] {processor.py:743} INFO - Processing file /home/airflow/.local/lib/python3.7/site-packages/airflow/example_dags/example_task_group.py for tasks to queue
[2023-03-27T13:28:54.673+0000] {logging_mixin.py:137} INFO - [2023-03-27T13:28:54.673+0000] {dagbag.py:538} INFO - Filling up the DagBag from /home/airflow/.local/lib/python3.7/site-packages/airflow/example_dags/example_task_group.py
[2023-03-27T13:28:54.765+0000] {processor.py:753} INFO - DAG(s) dict_keys(['example_task_group']) retrieved from /home/airflow/.local/lib/python3.7/site-packages/airflow/example_dags/example_task_group.py
[2023-03-27T13:28:54.897+0000] {logging_mixin.py:137} INFO - [2023-03-27T13:28:54.897+0000] {dag.py:2690} INFO - Sync 1 DAGs
[2023-03-27T13:28:55.041+0000] {logging_mixin.py:137} INFO - [2023-03-27T13:28:55.040+0000] {dag.py:3441} INFO - Setting next_dagrun for example_task_group to 2023-03-26T13:28:55.031348+00:00, run_after=2023-03-27T13:28:55.031348+00:00
[2023-03-27T13:28:55.156+0000] {processor.py:175} INFO - Processing /home/airflow/.local/lib/python3.7/site-packages/airflow/example_dags/example_task_group.py took 0.546 seconds
[2023-03-27T13:29:25.580+0000] {processor.py:153} INFO - Started process (PID=284) to work on /home/airflow/.local/lib/python3.7/site-packages/airflow/example_dags/example_task_group.py
[2023-03-27T13:29:25.591+0000] {processor.py:743} INFO - Processing file /home/airflow/.local/lib/python3.7/site-packages/airflow/example_dags/example_task_group.py for tasks to queue
[2023-03-27T13:29:25.610+0000] {logging_mixin.py:137} INFO - [2023-03-27T13:29:25.609+0000] {dagbag.py:538} INFO - Filling up the DagBag from /home/airflow/.local/lib/python3.7/site-packages/airflow/example_dags/example_task_group.py
[2023-03-27T13:29:25.788+0000] {processor.py:753} INFO - DAG(s) dict_keys(['example_task_group']) retrieved from /home/airflow/.local/lib/python3.7/site-packages/airflow/example_dags/example_task_group.py
[2023-03-27T13:29:25.964+0000] {logging_mixin.py:137} INFO - [2023-03-27T13:29:25.963+0000] {dag.py:2690} INFO - Sync 1 DAGs
[2023-03-27T13:29:26.150+0000] {logging_mixin.py:137} INFO - [2023-03-27T13:29:26.150+0000] {dag.py:3441} INFO - Setting next_dagrun for example_task_group to 2023-03-26T13:29:26.139923+00:00, run_after=2023-03-27T13:29:26.139923+00:00
[2023-03-27T13:29:26.306+0000] {processor.py:175} INFO - Processing /home/airflow/.local/lib/python3.7/site-packages/airflow/example_dags/example_task_group.py took 0.743 seconds
[2023-03-27T13:29:57.536+0000] {processor.py:153} INFO - Started process (PID=345) to work on /home/airflow/.local/lib/python3.7/site-packages/airflow/example_dags/example_task_group.py
[2023-03-27T13:29:57.539+0000] {processor.py:743} INFO - Processing file /home/airflow/.local/lib/python3.7/site-packages/airflow/example_dags/example_task_group.py for tasks to queue
[2023-03-27T13:29:57.542+0000] {logging_mixin.py:137} INFO - [2023-03-27T13:29:57.541+0000] {dagbag.py:538} INFO - Filling up the DagBag from /home/airflow/.local/lib/python3.7/site-packages/airflow/example_dags/example_task_group.py
[2023-03-27T13:29:57.609+0000] {processor.py:753} INFO - DAG(s) dict_keys(['example_task_group']) retrieved from /home/airflow/.local/lib/python3.7/site-packages/airflow/example_dags/example_task_group.py
[2023-03-27T13:29:57.852+0000] {logging_mixin.py:137} INFO - [2023-03-27T13:29:57.841+0000] {dag.py:2690} INFO - Sync 1 DAGs
[2023-03-27T13:29:58.029+0000] {logging_mixin.py:137} INFO - [2023-03-27T13:29:58.028+0000] {dag.py:3441} INFO - Setting next_dagrun for example_task_group to 2023-03-26T13:29:58.028113+00:00, run_after=2023-03-27T13:29:58.028113+00:00
[2023-03-27T13:29:58.138+0000] {processor.py:175} INFO - Processing /home/airflow/.local/lib/python3.7/site-packages/airflow/example_dags/example_task_group.py took 0.617 seconds
[2023-03-27T13:30:28.328+0000] {processor.py:153} INFO - Started process (PID=417) to work on /home/airflow/.local/lib/python3.7/site-packages/airflow/example_dags/example_task_group.py
[2023-03-27T13:30:28.331+0000] {processor.py:743} INFO - Processing file /home/airflow/.local/lib/python3.7/site-packages/airflow/example_dags/example_task_group.py for tasks to queue
[2023-03-27T13:30:28.336+0000] {logging_mixin.py:137} INFO - [2023-03-27T13:30:28.335+0000] {dagbag.py:538} INFO - Filling up the DagBag from /home/airflow/.local/lib/python3.7/site-packages/airflow/example_dags/example_task_group.py
[2023-03-27T13:30:28.428+0000] {processor.py:753} INFO - DAG(s) dict_keys(['example_task_group']) retrieved from /home/airflow/.local/lib/python3.7/site-packages/airflow/example_dags/example_task_group.py
[2023-03-27T13:30:28.523+0000] {logging_mixin.py:137} INFO - [2023-03-27T13:30:28.522+0000] {dag.py:2690} INFO - Sync 1 DAGs
[2023-03-27T13:30:28.634+0000] {logging_mixin.py:137} INFO - [2023-03-27T13:30:28.634+0000] {dag.py:3441} INFO - Setting next_dagrun for example_task_group to 2023-03-26T13:30:28.631321+00:00, run_after=2023-03-27T13:30:28.631321+00:00
[2023-03-27T13:30:28.700+0000] {processor.py:175} INFO - Processing /home/airflow/.local/lib/python3.7/site-packages/airflow/example_dags/example_task_group.py took 0.388 seconds
[2023-03-27T13:31:00.208+0000] {processor.py:153} INFO - Started process (PID=484) to work on /home/airflow/.local/lib/python3.7/site-packages/airflow/example_dags/example_task_group.py
[2023-03-27T13:31:00.211+0000] {processor.py:743} INFO - Processing file /home/airflow/.local/lib/python3.7/site-packages/airflow/example_dags/example_task_group.py for tasks to queue
[2023-03-27T13:31:00.212+0000] {logging_mixin.py:137} INFO - [2023-03-27T13:31:00.212+0000] {dagbag.py:538} INFO - Filling up the DagBag from /home/airflow/.local/lib/python3.7/site-packages/airflow/example_dags/example_task_group.py
[2023-03-27T13:31:00.287+0000] {processor.py:753} INFO - DAG(s) dict_keys(['example_task_group']) retrieved from /home/airflow/.local/lib/python3.7/site-packages/airflow/example_dags/example_task_group.py
[2023-03-27T13:31:00.432+0000] {logging_mixin.py:137} INFO - [2023-03-27T13:31:00.431+0000] {dag.py:2690} INFO - Sync 1 DAGs
[2023-03-27T13:31:00.596+0000] {logging_mixin.py:137} INFO - [2023-03-27T13:31:00.596+0000] {dag.py:3441} INFO - Setting next_dagrun for example_task_group to 2023-03-26T13:31:00.585878+00:00, run_after=2023-03-27T13:31:00.585878+00:00
[2023-03-27T13:31:00.711+0000] {processor.py:175} INFO - Processing /home/airflow/.local/lib/python3.7/site-packages/airflow/example_dags/example_task_group.py took 0.520 seconds
[2023-03-27T13:31:36.481+0000] {processor.py:153} INFO - Started process (PID=549) to work on /home/airflow/.local/lib/python3.7/site-packages/airflow/example_dags/example_task_group.py
[2023-03-27T13:31:36.486+0000] {processor.py:743} INFO - Processing file /home/airflow/.local/lib/python3.7/site-packages/airflow/example_dags/example_task_group.py for tasks to queue
[2023-03-27T13:31:36.488+0000] {logging_mixin.py:137} INFO - [2023-03-27T13:31:36.487+0000] {dagbag.py:538} INFO - Filling up the DagBag from /home/airflow/.local/lib/python3.7/site-packages/airflow/example_dags/example_task_group.py
[2023-03-27T13:31:36.531+0000] {processor.py:753} INFO - DAG(s) dict_keys(['example_task_group']) retrieved from /home/airflow/.local/lib/python3.7/site-packages/airflow/example_dags/example_task_group.py
[2023-03-27T13:31:36.587+0000] {logging_mixin.py:137} INFO - [2023-03-27T13:31:36.587+0000] {dag.py:2690} INFO - Sync 1 DAGs
[2023-03-27T13:31:36.663+0000] {logging_mixin.py:137} INFO - [2023-03-27T13:31:36.663+0000] {dag.py:3441} INFO - Setting next_dagrun for example_task_group to 2023-03-26T13:31:36.663054+00:00, run_after=2023-03-27T13:31:36.663054+00:00
[2023-03-27T13:31:36.727+0000] {processor.py:175} INFO - Processing /home/airflow/.local/lib/python3.7/site-packages/airflow/example_dags/example_task_group.py took 0.252 seconds
[2023-03-27T13:32:12.495+0000] {processor.py:153} INFO - Started process (PID=614) to work on /home/airflow/.local/lib/python3.7/site-packages/airflow/example_dags/example_task_group.py
[2023-03-27T13:32:12.517+0000] {processor.py:743} INFO - Processing file /home/airflow/.local/lib/python3.7/site-packages/airflow/example_dags/example_task_group.py for tasks to queue
[2023-03-27T13:32:12.522+0000] {logging_mixin.py:137} INFO - [2023-03-27T13:32:12.522+0000] {dagbag.py:538} INFO - Filling up the DagBag from /home/airflow/.local/lib/python3.7/site-packages/airflow/example_dags/example_task_group.py
[2023-03-27T13:32:12.618+0000] {processor.py:753} INFO - DAG(s) dict_keys(['example_task_group']) retrieved from /home/airflow/.local/lib/python3.7/site-packages/airflow/example_dags/example_task_group.py
[2023-03-27T13:32:13.386+0000] {logging_mixin.py:137} INFO - [2023-03-27T13:32:13.385+0000] {dag.py:2690} INFO - Sync 1 DAGs
[2023-03-27T13:32:13.569+0000] {logging_mixin.py:137} INFO - [2023-03-27T13:32:13.568+0000] {dag.py:3441} INFO - Setting next_dagrun for example_task_group to 2023-03-26T13:32:13.568014+00:00, run_after=2023-03-27T13:32:13.568014+00:00
[2023-03-27T13:32:13.815+0000] {processor.py:175} INFO - Processing /home/airflow/.local/lib/python3.7/site-packages/airflow/example_dags/example_task_group.py took 1.326 seconds
[2023-03-27T13:32:46.343+0000] {processor.py:153} INFO - Started process (PID=687) to work on /home/airflow/.local/lib/python3.7/site-packages/airflow/example_dags/example_task_group.py
[2023-03-27T13:32:46.348+0000] {processor.py:743} INFO - Processing file /home/airflow/.local/lib/python3.7/site-packages/airflow/example_dags/example_task_group.py for tasks to queue
[2023-03-27T13:32:46.356+0000] {logging_mixin.py:137} INFO - [2023-03-27T13:32:46.355+0000] {dagbag.py:538} INFO - Filling up the DagBag from /home/airflow/.local/lib/python3.7/site-packages/airflow/example_dags/example_task_group.py
[2023-03-27T13:32:46.458+0000] {processor.py:753} INFO - DAG(s) dict_keys(['example_task_group']) retrieved from /home/airflow/.local/lib/python3.7/site-packages/airflow/example_dags/example_task_group.py
[2023-03-27T13:32:46.760+0000] {logging_mixin.py:137} INFO - [2023-03-27T13:32:46.759+0000] {dag.py:2690} INFO - Sync 1 DAGs
[2023-03-27T13:32:46.929+0000] {logging_mixin.py:137} INFO - [2023-03-27T13:32:46.928+0000] {dag.py:3441} INFO - Setting next_dagrun for example_task_group to 2023-03-26T13:32:46.928460+00:00, run_after=2023-03-27T13:32:46.928460+00:00
[2023-03-27T13:32:47.102+0000] {processor.py:175} INFO - Processing /home/airflow/.local/lib/python3.7/site-packages/airflow/example_dags/example_task_group.py took 0.767 seconds
[2023-03-27T13:33:20.692+0000] {processor.py:153} INFO - Started process (PID=744) to work on /home/airflow/.local/lib/python3.7/site-packages/airflow/example_dags/example_task_group.py
[2023-03-27T13:33:21.113+0000] {processor.py:743} INFO - Processing file /home/airflow/.local/lib/python3.7/site-packages/airflow/example_dags/example_task_group.py for tasks to queue
[2023-03-27T13:33:21.208+0000] {logging_mixin.py:137} INFO - [2023-03-27T13:33:21.208+0000] {dagbag.py:538} INFO - Filling up the DagBag from /home/airflow/.local/lib/python3.7/site-packages/airflow/example_dags/example_task_group.py
[2023-03-27T13:33:22.178+0000] {processor.py:753} INFO - DAG(s) dict_keys(['example_task_group']) retrieved from /home/airflow/.local/lib/python3.7/site-packages/airflow/example_dags/example_task_group.py
[2023-03-27T13:33:22.364+0000] {logging_mixin.py:137} INFO - [2023-03-27T13:33:22.354+0000] {dag.py:2690} INFO - Sync 1 DAGs
[2023-03-27T13:33:22.612+0000] {logging_mixin.py:137} INFO - [2023-03-27T13:33:22.611+0000] {dag.py:3441} INFO - Setting next_dagrun for example_task_group to 2023-03-26T13:33:22.611246+00:00, run_after=2023-03-27T13:33:22.611246+00:00
[2023-03-27T13:33:22.922+0000] {processor.py:175} INFO - Processing /home/airflow/.local/lib/python3.7/site-packages/airflow/example_dags/example_task_group.py took 2.343 seconds
[2023-03-27T13:33:53.924+0000] {processor.py:153} INFO - Started process (PID=818) to work on /home/airflow/.local/lib/python3.7/site-packages/airflow/example_dags/example_task_group.py
[2023-03-27T13:33:53.951+0000] {processor.py:743} INFO - Processing file /home/airflow/.local/lib/python3.7/site-packages/airflow/example_dags/example_task_group.py for tasks to queue
[2023-03-27T13:33:53.980+0000] {logging_mixin.py:137} INFO - [2023-03-27T13:33:53.980+0000] {dagbag.py:538} INFO - Filling up the DagBag from /home/airflow/.local/lib/python3.7/site-packages/airflow/example_dags/example_task_group.py
[2023-03-27T13:33:54.078+0000] {processor.py:753} INFO - DAG(s) dict_keys(['example_task_group']) retrieved from /home/airflow/.local/lib/python3.7/site-packages/airflow/example_dags/example_task_group.py
[2023-03-27T13:33:54.251+0000] {logging_mixin.py:137} INFO - [2023-03-27T13:33:54.250+0000] {dag.py:2690} INFO - Sync 1 DAGs
[2023-03-27T13:33:54.408+0000] {logging_mixin.py:137} INFO - [2023-03-27T13:33:54.408+0000] {dag.py:3441} INFO - Setting next_dagrun for example_task_group to 2023-03-26T13:33:54.407786+00:00, run_after=2023-03-27T13:33:54.407786+00:00
[2023-03-27T13:33:54.572+0000] {processor.py:175} INFO - Processing /home/airflow/.local/lib/python3.7/site-packages/airflow/example_dags/example_task_group.py took 0.655 seconds
[2023-03-27T13:34:34.234+0000] {processor.py:153} INFO - Started process (PID=885) to work on /home/airflow/.local/lib/python3.7/site-packages/airflow/example_dags/example_task_group.py
[2023-03-27T13:34:34.264+0000] {processor.py:743} INFO - Processing file /home/airflow/.local/lib/python3.7/site-packages/airflow/example_dags/example_task_group.py for tasks to queue
[2023-03-27T13:34:34.292+0000] {logging_mixin.py:137} INFO - [2023-03-27T13:34:34.291+0000] {dagbag.py:538} INFO - Filling up the DagBag from /home/airflow/.local/lib/python3.7/site-packages/airflow/example_dags/example_task_group.py
[2023-03-27T13:34:34.389+0000] {processor.py:753} INFO - DAG(s) dict_keys(['example_task_group']) retrieved from /home/airflow/.local/lib/python3.7/site-packages/airflow/example_dags/example_task_group.py
[2023-03-27T13:34:34.492+0000] {logging_mixin.py:137} INFO - [2023-03-27T13:34:34.492+0000] {dag.py:2690} INFO - Sync 1 DAGs
[2023-03-27T13:34:34.671+0000] {logging_mixin.py:137} INFO - [2023-03-27T13:34:34.670+0000] {dag.py:3441} INFO - Setting next_dagrun for example_task_group to 2023-03-26T13:34:34.659944+00:00, run_after=2023-03-27T13:34:34.659944+00:00
[2023-03-27T13:34:35.444+0000] {processor.py:175} INFO - Processing /home/airflow/.local/lib/python3.7/site-packages/airflow/example_dags/example_task_group.py took 0.572 seconds
[2023-03-27T13:35:07.073+0000] {processor.py:153} INFO - Started process (PID=952) to work on /home/airflow/.local/lib/python3.7/site-packages/airflow/example_dags/example_task_group.py
[2023-03-27T13:35:07.144+0000] {processor.py:743} INFO - Processing file /home/airflow/.local/lib/python3.7/site-packages/airflow/example_dags/example_task_group.py for tasks to queue
[2023-03-27T13:35:07.160+0000] {logging_mixin.py:137} INFO - [2023-03-27T13:35:07.160+0000] {dagbag.py:538} INFO - Filling up the DagBag from /home/airflow/.local/lib/python3.7/site-packages/airflow/example_dags/example_task_group.py
[2023-03-27T13:35:07.247+0000] {processor.py:753} INFO - DAG(s) dict_keys(['example_task_group']) retrieved from /home/airflow/.local/lib/python3.7/site-packages/airflow/example_dags/example_task_group.py
[2023-03-27T13:35:07.375+0000] {logging_mixin.py:137} INFO - [2023-03-27T13:35:07.375+0000] {dag.py:2690} INFO - Sync 1 DAGs
[2023-03-27T13:35:07.503+0000] {logging_mixin.py:137} INFO - [2023-03-27T13:35:07.502+0000] {dag.py:3441} INFO - Setting next_dagrun for example_task_group to 2023-03-26T13:35:07.502271+00:00, run_after=2023-03-27T13:35:07.502271+00:00
[2023-03-27T13:35:07.603+0000] {processor.py:175} INFO - Processing /home/airflow/.local/lib/python3.7/site-packages/airflow/example_dags/example_task_group.py took 0.538 seconds
