[2023-03-27T13:27:57.853+0000] {processor.py:153} INFO - Started process (PID=103) to work on /home/airflow/.local/lib/python3.7/site-packages/airflow/example_dags/example_bash_operator.py
[2023-03-27T13:27:57.865+0000] {processor.py:743} INFO - Processing file /home/airflow/.local/lib/python3.7/site-packages/airflow/example_dags/example_bash_operator.py for tasks to queue
[2023-03-27T13:27:57.867+0000] {logging_mixin.py:137} INFO - [2023-03-27T13:27:57.866+0000] {dagbag.py:538} INFO - Filling up the DagBag from /home/airflow/.local/lib/python3.7/site-packages/airflow/example_dags/example_bash_operator.py
[2023-03-27T13:27:58.013+0000] {processor.py:753} INFO - DAG(s) dict_keys(['example_bash_operator']) retrieved from /home/airflow/.local/lib/python3.7/site-packages/airflow/example_dags/example_bash_operator.py
[2023-03-27T13:27:58.215+0000] {logging_mixin.py:137} INFO - [2023-03-27T13:27:58.215+0000] {dag.py:2690} INFO - Sync 1 DAGs
[2023-03-27T13:27:58.362+0000] {logging_mixin.py:137} INFO - [2023-03-27T13:27:58.361+0000] {dag.py:3441} INFO - Setting next_dagrun for example_bash_operator to 2023-03-26T00:00:00+00:00, run_after=2023-03-27T00:00:00+00:00
[2023-03-27T13:27:58.509+0000] {processor.py:175} INFO - Processing /home/airflow/.local/lib/python3.7/site-packages/airflow/example_dags/example_bash_operator.py took 0.663 seconds
[2023-03-27T13:28:29.360+0000] {processor.py:153} INFO - Started process (PID=170) to work on /home/airflow/.local/lib/python3.7/site-packages/airflow/example_dags/example_bash_operator.py
[2023-03-27T13:28:29.362+0000] {processor.py:743} INFO - Processing file /home/airflow/.local/lib/python3.7/site-packages/airflow/example_dags/example_bash_operator.py for tasks to queue
[2023-03-27T13:28:29.364+0000] {logging_mixin.py:137} INFO - [2023-03-27T13:28:29.364+0000] {dagbag.py:538} INFO - Filling up the DagBag from /home/airflow/.local/lib/python3.7/site-packages/airflow/example_dags/example_bash_operator.py
[2023-03-27T13:28:29.486+0000] {processor.py:753} INFO - DAG(s) dict_keys(['example_bash_operator']) retrieved from /home/airflow/.local/lib/python3.7/site-packages/airflow/example_dags/example_bash_operator.py
[2023-03-27T13:28:29.658+0000] {logging_mixin.py:137} INFO - [2023-03-27T13:28:29.657+0000] {dag.py:2690} INFO - Sync 1 DAGs
[2023-03-27T13:28:29.745+0000] {logging_mixin.py:137} INFO - [2023-03-27T13:28:29.745+0000] {dag.py:3441} INFO - Setting next_dagrun for example_bash_operator to 2023-03-26T00:00:00+00:00, run_after=2023-03-27T00:00:00+00:00
[2023-03-27T13:28:29.817+0000] {processor.py:175} INFO - Processing /home/airflow/.local/lib/python3.7/site-packages/airflow/example_dags/example_bash_operator.py took 0.465 seconds
[2023-03-27T13:29:08.018+0000] {processor.py:153} INFO - Started process (PID=245) to work on /home/airflow/.local/lib/python3.7/site-packages/airflow/example_dags/example_bash_operator.py
[2023-03-27T13:29:08.024+0000] {processor.py:743} INFO - Processing file /home/airflow/.local/lib/python3.7/site-packages/airflow/example_dags/example_bash_operator.py for tasks to queue
[2023-03-27T13:29:08.031+0000] {logging_mixin.py:137} INFO - [2023-03-27T13:29:08.030+0000] {dagbag.py:538} INFO - Filling up the DagBag from /home/airflow/.local/lib/python3.7/site-packages/airflow/example_dags/example_bash_operator.py
[2023-03-27T13:29:08.137+0000] {processor.py:753} INFO - DAG(s) dict_keys(['example_bash_operator']) retrieved from /home/airflow/.local/lib/python3.7/site-packages/airflow/example_dags/example_bash_operator.py
[2023-03-27T13:29:08.333+0000] {logging_mixin.py:137} INFO - [2023-03-27T13:29:08.333+0000] {dag.py:2690} INFO - Sync 1 DAGs
[2023-03-27T13:29:08.509+0000] {logging_mixin.py:137} INFO - [2023-03-27T13:29:08.508+0000] {dag.py:3441} INFO - Setting next_dagrun for example_bash_operator to 2023-03-26T00:00:00+00:00, run_after=2023-03-27T00:00:00+00:00
[2023-03-27T13:29:08.629+0000] {processor.py:175} INFO - Processing /home/airflow/.local/lib/python3.7/site-packages/airflow/example_dags/example_bash_operator.py took 0.618 seconds
[2023-03-27T13:29:39.013+0000] {processor.py:153} INFO - Started process (PID=313) to work on /home/airflow/.local/lib/python3.7/site-packages/airflow/example_dags/example_bash_operator.py
[2023-03-27T13:29:39.018+0000] {processor.py:743} INFO - Processing file /home/airflow/.local/lib/python3.7/site-packages/airflow/example_dags/example_bash_operator.py for tasks to queue
[2023-03-27T13:29:39.020+0000] {logging_mixin.py:137} INFO - [2023-03-27T13:29:39.020+0000] {dagbag.py:538} INFO - Filling up the DagBag from /home/airflow/.local/lib/python3.7/site-packages/airflow/example_dags/example_bash_operator.py
[2023-03-27T13:29:39.112+0000] {processor.py:753} INFO - DAG(s) dict_keys(['example_bash_operator']) retrieved from /home/airflow/.local/lib/python3.7/site-packages/airflow/example_dags/example_bash_operator.py
[2023-03-27T13:29:39.320+0000] {logging_mixin.py:137} INFO - [2023-03-27T13:29:39.320+0000] {dag.py:2690} INFO - Sync 1 DAGs
[2023-03-27T13:29:39.558+0000] {logging_mixin.py:137} INFO - [2023-03-27T13:29:39.558+0000] {dag.py:3441} INFO - Setting next_dagrun for example_bash_operator to 2023-03-26T00:00:00+00:00, run_after=2023-03-27T00:00:00+00:00
[2023-03-27T13:29:39.646+0000] {processor.py:175} INFO - Processing /home/airflow/.local/lib/python3.7/site-packages/airflow/example_dags/example_bash_operator.py took 0.645 seconds
[2023-03-27T13:30:14.674+0000] {processor.py:153} INFO - Started process (PID=378) to work on /home/airflow/.local/lib/python3.7/site-packages/airflow/example_dags/example_bash_operator.py
[2023-03-27T13:30:14.728+0000] {processor.py:743} INFO - Processing file /home/airflow/.local/lib/python3.7/site-packages/airflow/example_dags/example_bash_operator.py for tasks to queue
[2023-03-27T13:30:14.788+0000] {logging_mixin.py:137} INFO - [2023-03-27T13:30:14.787+0000] {dagbag.py:538} INFO - Filling up the DagBag from /home/airflow/.local/lib/python3.7/site-packages/airflow/example_dags/example_bash_operator.py
[2023-03-27T13:30:14.986+0000] {processor.py:753} INFO - DAG(s) dict_keys(['example_bash_operator']) retrieved from /home/airflow/.local/lib/python3.7/site-packages/airflow/example_dags/example_bash_operator.py
[2023-03-27T13:30:15.209+0000] {logging_mixin.py:137} INFO - [2023-03-27T13:30:15.209+0000] {dag.py:2690} INFO - Sync 1 DAGs
[2023-03-27T13:30:15.369+0000] {logging_mixin.py:137} INFO - [2023-03-27T13:30:15.369+0000] {dag.py:3441} INFO - Setting next_dagrun for example_bash_operator to 2023-03-26T00:00:00+00:00, run_after=2023-03-27T00:00:00+00:00
[2023-03-27T13:30:15.553+0000] {processor.py:175} INFO - Processing /home/airflow/.local/lib/python3.7/site-packages/airflow/example_dags/example_bash_operator.py took 0.895 seconds
[2023-03-27T13:30:50.606+0000] {processor.py:153} INFO - Started process (PID=452) to work on /home/airflow/.local/lib/python3.7/site-packages/airflow/example_dags/example_bash_operator.py
[2023-03-27T13:30:50.627+0000] {processor.py:743} INFO - Processing file /home/airflow/.local/lib/python3.7/site-packages/airflow/example_dags/example_bash_operator.py for tasks to queue
[2023-03-27T13:30:50.634+0000] {logging_mixin.py:137} INFO - [2023-03-27T13:30:50.634+0000] {dagbag.py:538} INFO - Filling up the DagBag from /home/airflow/.local/lib/python3.7/site-packages/airflow/example_dags/example_bash_operator.py
[2023-03-27T13:30:50.762+0000] {processor.py:753} INFO - DAG(s) dict_keys(['example_bash_operator']) retrieved from /home/airflow/.local/lib/python3.7/site-packages/airflow/example_dags/example_bash_operator.py
[2023-03-27T13:30:50.928+0000] {logging_mixin.py:137} INFO - [2023-03-27T13:30:50.928+0000] {dag.py:2690} INFO - Sync 1 DAGs
[2023-03-27T13:30:51.123+0000] {logging_mixin.py:137} INFO - [2023-03-27T13:30:51.122+0000] {dag.py:3441} INFO - Setting next_dagrun for example_bash_operator to 2023-03-26T00:00:00+00:00, run_after=2023-03-27T00:00:00+00:00
[2023-03-27T13:30:51.217+0000] {processor.py:175} INFO - Processing /home/airflow/.local/lib/python3.7/site-packages/airflow/example_dags/example_bash_operator.py took 0.622 seconds
[2023-03-27T13:31:21.707+0000] {processor.py:153} INFO - Started process (PID=525) to work on /home/airflow/.local/lib/python3.7/site-packages/airflow/example_dags/example_bash_operator.py
[2023-03-27T13:31:21.722+0000] {processor.py:743} INFO - Processing file /home/airflow/.local/lib/python3.7/site-packages/airflow/example_dags/example_bash_operator.py for tasks to queue
[2023-03-27T13:31:21.731+0000] {logging_mixin.py:137} INFO - [2023-03-27T13:31:21.730+0000] {dagbag.py:538} INFO - Filling up the DagBag from /home/airflow/.local/lib/python3.7/site-packages/airflow/example_dags/example_bash_operator.py
[2023-03-27T13:31:21.862+0000] {processor.py:753} INFO - DAG(s) dict_keys(['example_bash_operator']) retrieved from /home/airflow/.local/lib/python3.7/site-packages/airflow/example_dags/example_bash_operator.py
[2023-03-27T13:31:22.062+0000] {logging_mixin.py:137} INFO - [2023-03-27T13:31:22.061+0000] {dag.py:2690} INFO - Sync 1 DAGs
[2023-03-27T13:31:22.242+0000] {logging_mixin.py:137} INFO - [2023-03-27T13:31:22.242+0000] {dag.py:3441} INFO - Setting next_dagrun for example_bash_operator to 2023-03-26T00:00:00+00:00, run_after=2023-03-27T00:00:00+00:00
[2023-03-27T13:31:22.355+0000] {processor.py:175} INFO - Processing /home/airflow/.local/lib/python3.7/site-packages/airflow/example_dags/example_bash_operator.py took 0.666 seconds
[2023-03-27T13:31:52.637+0000] {processor.py:153} INFO - Started process (PID=582) to work on /home/airflow/.local/lib/python3.7/site-packages/airflow/example_dags/example_bash_operator.py
[2023-03-27T13:31:52.639+0000] {processor.py:743} INFO - Processing file /home/airflow/.local/lib/python3.7/site-packages/airflow/example_dags/example_bash_operator.py for tasks to queue
[2023-03-27T13:31:52.641+0000] {logging_mixin.py:137} INFO - [2023-03-27T13:31:52.641+0000] {dagbag.py:538} INFO - Filling up the DagBag from /home/airflow/.local/lib/python3.7/site-packages/airflow/example_dags/example_bash_operator.py
[2023-03-27T13:31:52.780+0000] {processor.py:753} INFO - DAG(s) dict_keys(['example_bash_operator']) retrieved from /home/airflow/.local/lib/python3.7/site-packages/airflow/example_dags/example_bash_operator.py
[2023-03-27T13:31:52.973+0000] {logging_mixin.py:137} INFO - [2023-03-27T13:31:52.972+0000] {dag.py:2690} INFO - Sync 1 DAGs
[2023-03-27T13:31:53.212+0000] {logging_mixin.py:137} INFO - [2023-03-27T13:31:53.212+0000] {dag.py:3441} INFO - Setting next_dagrun for example_bash_operator to 2023-03-26T00:00:00+00:00, run_after=2023-03-27T00:00:00+00:00
[2023-03-27T13:31:53.362+0000] {processor.py:175} INFO - Processing /home/airflow/.local/lib/python3.7/site-packages/airflow/example_dags/example_bash_operator.py took 0.742 seconds
[2023-03-27T13:32:23.648+0000] {processor.py:153} INFO - Started process (PID=656) to work on /home/airflow/.local/lib/python3.7/site-packages/airflow/example_dags/example_bash_operator.py
[2023-03-27T13:32:23.662+0000] {processor.py:743} INFO - Processing file /home/airflow/.local/lib/python3.7/site-packages/airflow/example_dags/example_bash_operator.py for tasks to queue
[2023-03-27T13:32:23.778+0000] {logging_mixin.py:137} INFO - [2023-03-27T13:32:23.748+0000] {dagbag.py:538} INFO - Filling up the DagBag from /home/airflow/.local/lib/python3.7/site-packages/airflow/example_dags/example_bash_operator.py
[2023-03-27T13:32:23.951+0000] {processor.py:753} INFO - DAG(s) dict_keys(['example_bash_operator']) retrieved from /home/airflow/.local/lib/python3.7/site-packages/airflow/example_dags/example_bash_operator.py
[2023-03-27T13:32:24.392+0000] {logging_mixin.py:137} INFO - [2023-03-27T13:32:24.392+0000] {dag.py:2690} INFO - Sync 1 DAGs
[2023-03-27T13:32:24.791+0000] {logging_mixin.py:137} INFO - [2023-03-27T13:32:24.791+0000] {dag.py:3441} INFO - Setting next_dagrun for example_bash_operator to 2023-03-26T00:00:00+00:00, run_after=2023-03-27T00:00:00+00:00
[2023-03-27T13:32:24.890+0000] {processor.py:175} INFO - Processing /home/airflow/.local/lib/python3.7/site-packages/airflow/example_dags/example_bash_operator.py took 1.249 seconds
[2023-03-27T13:33:01.724+0000] {processor.py:153} INFO - Started process (PID=722) to work on /home/airflow/.local/lib/python3.7/site-packages/airflow/example_dags/example_bash_operator.py
[2023-03-27T13:33:01.726+0000] {processor.py:743} INFO - Processing file /home/airflow/.local/lib/python3.7/site-packages/airflow/example_dags/example_bash_operator.py for tasks to queue
[2023-03-27T13:33:01.728+0000] {logging_mixin.py:137} INFO - [2023-03-27T13:33:01.728+0000] {dagbag.py:538} INFO - Filling up the DagBag from /home/airflow/.local/lib/python3.7/site-packages/airflow/example_dags/example_bash_operator.py
[2023-03-27T13:33:01.794+0000] {processor.py:753} INFO - DAG(s) dict_keys(['example_bash_operator']) retrieved from /home/airflow/.local/lib/python3.7/site-packages/airflow/example_dags/example_bash_operator.py
[2023-03-27T13:33:01.992+0000] {logging_mixin.py:137} INFO - [2023-03-27T13:33:01.991+0000] {dag.py:2690} INFO - Sync 1 DAGs
[2023-03-27T13:33:02.166+0000] {logging_mixin.py:137} INFO - [2023-03-27T13:33:02.166+0000] {dag.py:3441} INFO - Setting next_dagrun for example_bash_operator to 2023-03-26T00:00:00+00:00, run_after=2023-03-27T00:00:00+00:00
[2023-03-27T13:33:02.269+0000] {processor.py:175} INFO - Processing /home/airflow/.local/lib/python3.7/site-packages/airflow/example_dags/example_bash_operator.py took 0.557 seconds
[2023-03-27T13:33:38.598+0000] {processor.py:153} INFO - Started process (PID=786) to work on /home/airflow/.local/lib/python3.7/site-packages/airflow/example_dags/example_bash_operator.py
[2023-03-27T13:33:38.612+0000] {processor.py:743} INFO - Processing file /home/airflow/.local/lib/python3.7/site-packages/airflow/example_dags/example_bash_operator.py for tasks to queue
[2023-03-27T13:33:38.613+0000] {logging_mixin.py:137} INFO - [2023-03-27T13:33:38.613+0000] {dagbag.py:538} INFO - Filling up the DagBag from /home/airflow/.local/lib/python3.7/site-packages/airflow/example_dags/example_bash_operator.py
[2023-03-27T13:33:38.701+0000] {processor.py:753} INFO - DAG(s) dict_keys(['example_bash_operator']) retrieved from /home/airflow/.local/lib/python3.7/site-packages/airflow/example_dags/example_bash_operator.py
[2023-03-27T13:33:38.837+0000] {logging_mixin.py:137} INFO - [2023-03-27T13:33:38.836+0000] {dag.py:2690} INFO - Sync 1 DAGs
[2023-03-27T13:33:38.969+0000] {logging_mixin.py:137} INFO - [2023-03-27T13:33:38.969+0000] {dag.py:3441} INFO - Setting next_dagrun for example_bash_operator to 2023-03-26T00:00:00+00:00, run_after=2023-03-27T00:00:00+00:00
[2023-03-27T13:33:39.054+0000] {processor.py:175} INFO - Processing /home/airflow/.local/lib/python3.7/site-packages/airflow/example_dags/example_bash_operator.py took 0.462 seconds
[2023-03-27T13:34:13.349+0000] {processor.py:153} INFO - Started process (PID=853) to work on /home/airflow/.local/lib/python3.7/site-packages/airflow/example_dags/example_bash_operator.py
[2023-03-27T13:34:13.361+0000] {processor.py:743} INFO - Processing file /home/airflow/.local/lib/python3.7/site-packages/airflow/example_dags/example_bash_operator.py for tasks to queue
[2023-03-27T13:34:13.363+0000] {logging_mixin.py:137} INFO - [2023-03-27T13:34:13.363+0000] {dagbag.py:538} INFO - Filling up the DagBag from /home/airflow/.local/lib/python3.7/site-packages/airflow/example_dags/example_bash_operator.py
[2023-03-27T13:34:13.508+0000] {processor.py:753} INFO - DAG(s) dict_keys(['example_bash_operator']) retrieved from /home/airflow/.local/lib/python3.7/site-packages/airflow/example_dags/example_bash_operator.py
[2023-03-27T13:34:13.725+0000] {logging_mixin.py:137} INFO - [2023-03-27T13:34:13.724+0000] {dag.py:2690} INFO - Sync 1 DAGs
[2023-03-27T13:34:13.872+0000] {logging_mixin.py:137} INFO - [2023-03-27T13:34:13.872+0000] {dag.py:3441} INFO - Setting next_dagrun for example_bash_operator to 2023-03-26T00:00:00+00:00, run_after=2023-03-27T00:00:00+00:00
[2023-03-27T13:34:13.990+0000] {processor.py:175} INFO - Processing /home/airflow/.local/lib/python3.7/site-packages/airflow/example_dags/example_bash_operator.py took 0.648 seconds
[2023-03-27T13:34:47.840+0000] {processor.py:153} INFO - Started process (PID=914) to work on /home/airflow/.local/lib/python3.7/site-packages/airflow/example_dags/example_bash_operator.py
[2023-03-27T13:34:47.844+0000] {processor.py:743} INFO - Processing file /home/airflow/.local/lib/python3.7/site-packages/airflow/example_dags/example_bash_operator.py for tasks to queue
[2023-03-27T13:34:47.847+0000] {logging_mixin.py:137} INFO - [2023-03-27T13:34:47.847+0000] {dagbag.py:538} INFO - Filling up the DagBag from /home/airflow/.local/lib/python3.7/site-packages/airflow/example_dags/example_bash_operator.py
[2023-03-27T13:34:48.101+0000] {processor.py:753} INFO - DAG(s) dict_keys(['example_bash_operator']) retrieved from /home/airflow/.local/lib/python3.7/site-packages/airflow/example_dags/example_bash_operator.py
[2023-03-27T13:34:48.355+0000] {logging_mixin.py:137} INFO - [2023-03-27T13:34:48.355+0000] {dag.py:2690} INFO - Sync 1 DAGs
[2023-03-27T13:34:48.520+0000] {logging_mixin.py:137} INFO - [2023-03-27T13:34:48.520+0000] {dag.py:3441} INFO - Setting next_dagrun for example_bash_operator to 2023-03-26T00:00:00+00:00, run_after=2023-03-27T00:00:00+00:00
[2023-03-27T13:34:48.655+0000] {processor.py:175} INFO - Processing /home/airflow/.local/lib/python3.7/site-packages/airflow/example_dags/example_bash_operator.py took 0.821 seconds
