[2023-03-27T13:28:00.232+0000] {processor.py:153} INFO - Started process (PID=108) to work on /home/airflow/.local/lib/python3.7/site-packages/airflow/example_dags/example_branch_python_dop_operator_3.py
[2023-03-27T13:28:00.249+0000] {processor.py:743} INFO - Processing file /home/airflow/.local/lib/python3.7/site-packages/airflow/example_dags/example_branch_python_dop_operator_3.py for tasks to queue
[2023-03-27T13:28:00.268+0000] {logging_mixin.py:137} INFO - [2023-03-27T13:28:00.268+0000] {dagbag.py:538} INFO - Filling up the DagBag from /home/airflow/.local/lib/python3.7/site-packages/airflow/example_dags/example_branch_python_dop_operator_3.py
[2023-03-27T13:28:00.456+0000] {processor.py:753} INFO - DAG(s) dict_keys(['example_branch_dop_operator_v3']) retrieved from /home/airflow/.local/lib/python3.7/site-packages/airflow/example_dags/example_branch_python_dop_operator_3.py
[2023-03-27T13:28:00.580+0000] {logging_mixin.py:137} INFO - [2023-03-27T13:28:00.580+0000] {dag.py:2690} INFO - Sync 1 DAGs
[2023-03-27T13:28:00.758+0000] {logging_mixin.py:137} INFO - [2023-03-27T13:28:00.757+0000] {dag.py:3441} INFO - Setting next_dagrun for example_branch_dop_operator_v3 to 2023-03-27T13:27:00+00:00, run_after=2023-03-27T13:28:00+00:00
[2023-03-27T13:28:00.859+0000] {processor.py:175} INFO - Processing /home/airflow/.local/lib/python3.7/site-packages/airflow/example_dags/example_branch_python_dop_operator_3.py took 0.635 seconds
[2023-03-27T13:28:31.057+0000] {processor.py:153} INFO - Started process (PID=173) to work on /home/airflow/.local/lib/python3.7/site-packages/airflow/example_dags/example_branch_python_dop_operator_3.py
[2023-03-27T13:28:31.059+0000] {processor.py:743} INFO - Processing file /home/airflow/.local/lib/python3.7/site-packages/airflow/example_dags/example_branch_python_dop_operator_3.py for tasks to queue
[2023-03-27T13:28:31.063+0000] {logging_mixin.py:137} INFO - [2023-03-27T13:28:31.061+0000] {dagbag.py:538} INFO - Filling up the DagBag from /home/airflow/.local/lib/python3.7/site-packages/airflow/example_dags/example_branch_python_dop_operator_3.py
[2023-03-27T13:28:31.135+0000] {processor.py:753} INFO - DAG(s) dict_keys(['example_branch_dop_operator_v3']) retrieved from /home/airflow/.local/lib/python3.7/site-packages/airflow/example_dags/example_branch_python_dop_operator_3.py
[2023-03-27T13:28:31.217+0000] {logging_mixin.py:137} INFO - [2023-03-27T13:28:31.216+0000] {dag.py:2690} INFO - Sync 1 DAGs
[2023-03-27T13:28:31.331+0000] {logging_mixin.py:137} INFO - [2023-03-27T13:28:31.331+0000] {dag.py:3441} INFO - Setting next_dagrun for example_branch_dop_operator_v3 to 2023-03-27T13:27:00+00:00, run_after=2023-03-27T13:28:00+00:00
[2023-03-27T13:28:31.418+0000] {processor.py:175} INFO - Processing /home/airflow/.local/lib/python3.7/site-packages/airflow/example_dags/example_branch_python_dop_operator_3.py took 0.368 seconds
[2023-03-27T13:29:09.605+0000] {processor.py:153} INFO - Started process (PID=248) to work on /home/airflow/.local/lib/python3.7/site-packages/airflow/example_dags/example_branch_python_dop_operator_3.py
[2023-03-27T13:29:09.651+0000] {processor.py:743} INFO - Processing file /home/airflow/.local/lib/python3.7/site-packages/airflow/example_dags/example_branch_python_dop_operator_3.py for tasks to queue
[2023-03-27T13:29:09.699+0000] {logging_mixin.py:137} INFO - [2023-03-27T13:29:09.699+0000] {dagbag.py:538} INFO - Filling up the DagBag from /home/airflow/.local/lib/python3.7/site-packages/airflow/example_dags/example_branch_python_dop_operator_3.py
[2023-03-27T13:29:09.830+0000] {processor.py:753} INFO - DAG(s) dict_keys(['example_branch_dop_operator_v3']) retrieved from /home/airflow/.local/lib/python3.7/site-packages/airflow/example_dags/example_branch_python_dop_operator_3.py
[2023-03-27T13:29:09.902+0000] {logging_mixin.py:137} INFO - [2023-03-27T13:29:09.901+0000] {dag.py:2690} INFO - Sync 1 DAGs
[2023-03-27T13:29:10.098+0000] {logging_mixin.py:137} INFO - [2023-03-27T13:29:10.098+0000] {dag.py:3441} INFO - Setting next_dagrun for example_branch_dop_operator_v3 to 2023-03-27T13:28:00+00:00, run_after=2023-03-27T13:29:00+00:00
[2023-03-27T13:29:10.266+0000] {processor.py:175} INFO - Processing /home/airflow/.local/lib/python3.7/site-packages/airflow/example_dags/example_branch_python_dop_operator_3.py took 0.678 seconds
[2023-03-27T13:29:41.012+0000] {processor.py:153} INFO - Started process (PID=316) to work on /home/airflow/.local/lib/python3.7/site-packages/airflow/example_dags/example_branch_python_dop_operator_3.py
[2023-03-27T13:29:41.032+0000] {processor.py:743} INFO - Processing file /home/airflow/.local/lib/python3.7/site-packages/airflow/example_dags/example_branch_python_dop_operator_3.py for tasks to queue
[2023-03-27T13:29:41.034+0000] {logging_mixin.py:137} INFO - [2023-03-27T13:29:41.034+0000] {dagbag.py:538} INFO - Filling up the DagBag from /home/airflow/.local/lib/python3.7/site-packages/airflow/example_dags/example_branch_python_dop_operator_3.py
[2023-03-27T13:29:41.205+0000] {processor.py:753} INFO - DAG(s) dict_keys(['example_branch_dop_operator_v3']) retrieved from /home/airflow/.local/lib/python3.7/site-packages/airflow/example_dags/example_branch_python_dop_operator_3.py
[2023-03-27T13:29:41.495+0000] {logging_mixin.py:137} INFO - [2023-03-27T13:29:41.495+0000] {dag.py:2690} INFO - Sync 1 DAGs
[2023-03-27T13:29:41.987+0000] {logging_mixin.py:137} INFO - [2023-03-27T13:29:41.987+0000] {dag.py:3441} INFO - Setting next_dagrun for example_branch_dop_operator_v3 to 2023-03-27T13:28:00+00:00, run_after=2023-03-27T13:29:00+00:00
[2023-03-27T13:29:42.163+0000] {processor.py:175} INFO - Processing /home/airflow/.local/lib/python3.7/site-packages/airflow/example_dags/example_branch_python_dop_operator_3.py took 1.172 seconds
[2023-03-27T13:30:16.340+0000] {processor.py:153} INFO - Started process (PID=381) to work on /home/airflow/.local/lib/python3.7/site-packages/airflow/example_dags/example_branch_python_dop_operator_3.py
[2023-03-27T13:30:16.353+0000] {processor.py:743} INFO - Processing file /home/airflow/.local/lib/python3.7/site-packages/airflow/example_dags/example_branch_python_dop_operator_3.py for tasks to queue
[2023-03-27T13:30:16.357+0000] {logging_mixin.py:137} INFO - [2023-03-27T13:30:16.356+0000] {dagbag.py:538} INFO - Filling up the DagBag from /home/airflow/.local/lib/python3.7/site-packages/airflow/example_dags/example_branch_python_dop_operator_3.py
[2023-03-27T13:30:16.498+0000] {processor.py:753} INFO - DAG(s) dict_keys(['example_branch_dop_operator_v3']) retrieved from /home/airflow/.local/lib/python3.7/site-packages/airflow/example_dags/example_branch_python_dop_operator_3.py
[2023-03-27T13:30:16.633+0000] {logging_mixin.py:137} INFO - [2023-03-27T13:30:16.632+0000] {dag.py:2690} INFO - Sync 1 DAGs
[2023-03-27T13:30:16.826+0000] {logging_mixin.py:137} INFO - [2023-03-27T13:30:16.825+0000] {dag.py:3441} INFO - Setting next_dagrun for example_branch_dop_operator_v3 to 2023-03-27T13:29:00+00:00, run_after=2023-03-27T13:30:00+00:00
[2023-03-27T13:30:16.927+0000] {processor.py:175} INFO - Processing /home/airflow/.local/lib/python3.7/site-packages/airflow/example_dags/example_branch_python_dop_operator_3.py took 0.594 seconds
[2023-03-27T13:30:51.403+0000] {processor.py:153} INFO - Started process (PID=455) to work on /home/airflow/.local/lib/python3.7/site-packages/airflow/example_dags/example_branch_python_dop_operator_3.py
[2023-03-27T13:30:51.405+0000] {processor.py:743} INFO - Processing file /home/airflow/.local/lib/python3.7/site-packages/airflow/example_dags/example_branch_python_dop_operator_3.py for tasks to queue
[2023-03-27T13:30:51.410+0000] {logging_mixin.py:137} INFO - [2023-03-27T13:30:51.409+0000] {dagbag.py:538} INFO - Filling up the DagBag from /home/airflow/.local/lib/python3.7/site-packages/airflow/example_dags/example_branch_python_dop_operator_3.py
[2023-03-27T13:30:51.560+0000] {processor.py:753} INFO - DAG(s) dict_keys(['example_branch_dop_operator_v3']) retrieved from /home/airflow/.local/lib/python3.7/site-packages/airflow/example_dags/example_branch_python_dop_operator_3.py
[2023-03-27T13:30:51.701+0000] {logging_mixin.py:137} INFO - [2023-03-27T13:30:51.700+0000] {dag.py:2690} INFO - Sync 1 DAGs
[2023-03-27T13:30:51.863+0000] {logging_mixin.py:137} INFO - [2023-03-27T13:30:51.863+0000] {dag.py:3441} INFO - Setting next_dagrun for example_branch_dop_operator_v3 to 2023-03-27T13:29:00+00:00, run_after=2023-03-27T13:30:00+00:00
[2023-03-27T13:30:51.981+0000] {processor.py:175} INFO - Processing /home/airflow/.local/lib/python3.7/site-packages/airflow/example_dags/example_branch_python_dop_operator_3.py took 0.596 seconds
[2023-03-27T13:31:30.716+0000] {processor.py:153} INFO - Started process (PID=529) to work on /home/airflow/.local/lib/python3.7/site-packages/airflow/example_dags/example_branch_python_dop_operator_3.py
[2023-03-27T13:31:30.735+0000] {processor.py:743} INFO - Processing file /home/airflow/.local/lib/python3.7/site-packages/airflow/example_dags/example_branch_python_dop_operator_3.py for tasks to queue
[2023-03-27T13:31:30.750+0000] {logging_mixin.py:137} INFO - [2023-03-27T13:31:30.750+0000] {dagbag.py:538} INFO - Filling up the DagBag from /home/airflow/.local/lib/python3.7/site-packages/airflow/example_dags/example_branch_python_dop_operator_3.py
[2023-03-27T13:31:31.090+0000] {processor.py:753} INFO - DAG(s) dict_keys(['example_branch_dop_operator_v3']) retrieved from /home/airflow/.local/lib/python3.7/site-packages/airflow/example_dags/example_branch_python_dop_operator_3.py
[2023-03-27T13:31:31.229+0000] {logging_mixin.py:137} INFO - [2023-03-27T13:31:31.229+0000] {dag.py:2690} INFO - Sync 1 DAGs
[2023-03-27T13:31:31.655+0000] {logging_mixin.py:137} INFO - [2023-03-27T13:31:31.654+0000] {dag.py:3441} INFO - Setting next_dagrun for example_branch_dop_operator_v3 to 2023-03-27T13:30:00+00:00, run_after=2023-03-27T13:31:00+00:00
[2023-03-27T13:31:31.770+0000] {processor.py:175} INFO - Processing /home/airflow/.local/lib/python3.7/site-packages/airflow/example_dags/example_branch_python_dop_operator_3.py took 1.083 seconds
[2023-03-27T13:32:02.436+0000] {processor.py:153} INFO - Started process (PID=594) to work on /home/airflow/.local/lib/python3.7/site-packages/airflow/example_dags/example_branch_python_dop_operator_3.py
[2023-03-27T13:32:02.484+0000] {processor.py:743} INFO - Processing file /home/airflow/.local/lib/python3.7/site-packages/airflow/example_dags/example_branch_python_dop_operator_3.py for tasks to queue
[2023-03-27T13:32:02.510+0000] {logging_mixin.py:137} INFO - [2023-03-27T13:32:02.509+0000] {dagbag.py:538} INFO - Filling up the DagBag from /home/airflow/.local/lib/python3.7/site-packages/airflow/example_dags/example_branch_python_dop_operator_3.py
[2023-03-27T13:32:02.663+0000] {processor.py:753} INFO - DAG(s) dict_keys(['example_branch_dop_operator_v3']) retrieved from /home/airflow/.local/lib/python3.7/site-packages/airflow/example_dags/example_branch_python_dop_operator_3.py
[2023-03-27T13:32:02.927+0000] {logging_mixin.py:137} INFO - [2023-03-27T13:32:02.926+0000] {dag.py:2690} INFO - Sync 1 DAGs
[2023-03-27T13:32:03.095+0000] {logging_mixin.py:137} INFO - [2023-03-27T13:32:03.091+0000] {dag.py:3441} INFO - Setting next_dagrun for example_branch_dop_operator_v3 to 2023-03-27T13:31:00+00:00, run_after=2023-03-27T13:32:00+00:00
[2023-03-27T13:32:03.195+0000] {processor.py:175} INFO - Processing /home/airflow/.local/lib/python3.7/site-packages/airflow/example_dags/example_branch_python_dop_operator_3.py took 0.913 seconds
[2023-03-27T13:32:37.304+0000] {processor.py:153} INFO - Started process (PID=659) to work on /home/airflow/.local/lib/python3.7/site-packages/airflow/example_dags/example_branch_python_dop_operator_3.py
[2023-03-27T13:32:37.339+0000] {processor.py:743} INFO - Processing file /home/airflow/.local/lib/python3.7/site-packages/airflow/example_dags/example_branch_python_dop_operator_3.py for tasks to queue
[2023-03-27T13:32:37.346+0000] {logging_mixin.py:137} INFO - [2023-03-27T13:32:37.345+0000] {dagbag.py:538} INFO - Filling up the DagBag from /home/airflow/.local/lib/python3.7/site-packages/airflow/example_dags/example_branch_python_dop_operator_3.py
[2023-03-27T13:32:37.500+0000] {processor.py:753} INFO - DAG(s) dict_keys(['example_branch_dop_operator_v3']) retrieved from /home/airflow/.local/lib/python3.7/site-packages/airflow/example_dags/example_branch_python_dop_operator_3.py
[2023-03-27T13:32:37.608+0000] {logging_mixin.py:137} INFO - [2023-03-27T13:32:37.608+0000] {dag.py:2690} INFO - Sync 1 DAGs
[2023-03-27T13:32:37.756+0000] {logging_mixin.py:137} INFO - [2023-03-27T13:32:37.755+0000] {dag.py:3441} INFO - Setting next_dagrun for example_branch_dop_operator_v3 to 2023-03-27T13:31:00+00:00, run_after=2023-03-27T13:32:00+00:00
[2023-03-27T13:32:37.849+0000] {processor.py:175} INFO - Processing /home/airflow/.local/lib/python3.7/site-packages/airflow/example_dags/example_branch_python_dop_operator_3.py took 0.562 seconds
[2023-03-27T13:33:10.476+0000] {processor.py:153} INFO - Started process (PID=732) to work on /home/airflow/.local/lib/python3.7/site-packages/airflow/example_dags/example_branch_python_dop_operator_3.py
[2023-03-27T13:33:10.478+0000] {processor.py:743} INFO - Processing file /home/airflow/.local/lib/python3.7/site-packages/airflow/example_dags/example_branch_python_dop_operator_3.py for tasks to queue
[2023-03-27T13:33:10.479+0000] {logging_mixin.py:137} INFO - [2023-03-27T13:33:10.479+0000] {dagbag.py:538} INFO - Filling up the DagBag from /home/airflow/.local/lib/python3.7/site-packages/airflow/example_dags/example_branch_python_dop_operator_3.py
[2023-03-27T13:33:10.515+0000] {processor.py:753} INFO - DAG(s) dict_keys(['example_branch_dop_operator_v3']) retrieved from /home/airflow/.local/lib/python3.7/site-packages/airflow/example_dags/example_branch_python_dop_operator_3.py
[2023-03-27T13:33:10.551+0000] {logging_mixin.py:137} INFO - [2023-03-27T13:33:10.550+0000] {dag.py:2690} INFO - Sync 1 DAGs
[2023-03-27T13:33:10.609+0000] {logging_mixin.py:137} INFO - [2023-03-27T13:33:10.608+0000] {dag.py:3441} INFO - Setting next_dagrun for example_branch_dop_operator_v3 to 2023-03-27T13:32:00+00:00, run_after=2023-03-27T13:33:00+00:00
[2023-03-27T13:33:11.564+0000] {processor.py:175} INFO - Processing /home/airflow/.local/lib/python3.7/site-packages/airflow/example_dags/example_branch_python_dop_operator_3.py took 1.092 seconds
[2023-03-27T13:33:42.443+0000] {processor.py:153} INFO - Started process (PID=800) to work on /home/airflow/.local/lib/python3.7/site-packages/airflow/example_dags/example_branch_python_dop_operator_3.py
[2023-03-27T13:33:42.482+0000] {processor.py:743} INFO - Processing file /home/airflow/.local/lib/python3.7/site-packages/airflow/example_dags/example_branch_python_dop_operator_3.py for tasks to queue
[2023-03-27T13:33:42.506+0000] {logging_mixin.py:137} INFO - [2023-03-27T13:33:42.505+0000] {dagbag.py:538} INFO - Filling up the DagBag from /home/airflow/.local/lib/python3.7/site-packages/airflow/example_dags/example_branch_python_dop_operator_3.py
[2023-03-27T13:33:42.637+0000] {processor.py:753} INFO - DAG(s) dict_keys(['example_branch_dop_operator_v3']) retrieved from /home/airflow/.local/lib/python3.7/site-packages/airflow/example_dags/example_branch_python_dop_operator_3.py
[2023-03-27T13:33:42.825+0000] {logging_mixin.py:137} INFO - [2023-03-27T13:33:42.825+0000] {dag.py:2690} INFO - Sync 1 DAGs
[2023-03-27T13:33:43.021+0000] {logging_mixin.py:137} INFO - [2023-03-27T13:33:43.021+0000] {dag.py:3441} INFO - Setting next_dagrun for example_branch_dop_operator_v3 to 2023-03-27T13:32:00+00:00, run_after=2023-03-27T13:33:00+00:00
[2023-03-27T13:33:43.193+0000] {processor.py:175} INFO - Processing /home/airflow/.local/lib/python3.7/site-packages/airflow/example_dags/example_branch_python_dop_operator_3.py took 0.757 seconds
[2023-03-27T13:34:33.424+0000] {processor.py:153} INFO - Started process (PID=883) to work on /home/airflow/.local/lib/python3.7/site-packages/airflow/example_dags/example_branch_python_dop_operator_3.py
[2023-03-27T13:34:33.441+0000] {processor.py:743} INFO - Processing file /home/airflow/.local/lib/python3.7/site-packages/airflow/example_dags/example_branch_python_dop_operator_3.py for tasks to queue
[2023-03-27T13:34:33.468+0000] {logging_mixin.py:137} INFO - [2023-03-27T13:34:33.468+0000] {dagbag.py:538} INFO - Filling up the DagBag from /home/airflow/.local/lib/python3.7/site-packages/airflow/example_dags/example_branch_python_dop_operator_3.py
[2023-03-27T13:34:33.613+0000] {processor.py:753} INFO - DAG(s) dict_keys(['example_branch_dop_operator_v3']) retrieved from /home/airflow/.local/lib/python3.7/site-packages/airflow/example_dags/example_branch_python_dop_operator_3.py
[2023-03-27T13:34:33.755+0000] {logging_mixin.py:137} INFO - [2023-03-27T13:34:33.755+0000] {dag.py:2690} INFO - Sync 1 DAGs
[2023-03-27T13:34:33.944+0000] {logging_mixin.py:137} INFO - [2023-03-27T13:34:33.944+0000] {dag.py:3441} INFO - Setting next_dagrun for example_branch_dop_operator_v3 to 2023-03-27T13:33:00+00:00, run_after=2023-03-27T13:34:00+00:00
[2023-03-27T13:34:34.065+0000] {processor.py:175} INFO - Processing /home/airflow/.local/lib/python3.7/site-packages/airflow/example_dags/example_branch_python_dop_operator_3.py took 0.647 seconds
[2023-03-27T13:35:05.930+0000] {processor.py:153} INFO - Started process (PID=950) to work on /home/airflow/.local/lib/python3.7/site-packages/airflow/example_dags/example_branch_python_dop_operator_3.py
[2023-03-27T13:35:05.936+0000] {processor.py:743} INFO - Processing file /home/airflow/.local/lib/python3.7/site-packages/airflow/example_dags/example_branch_python_dop_operator_3.py for tasks to queue
[2023-03-27T13:35:05.938+0000] {logging_mixin.py:137} INFO - [2023-03-27T13:35:05.938+0000] {dagbag.py:538} INFO - Filling up the DagBag from /home/airflow/.local/lib/python3.7/site-packages/airflow/example_dags/example_branch_python_dop_operator_3.py
[2023-03-27T13:35:06.065+0000] {processor.py:753} INFO - DAG(s) dict_keys(['example_branch_dop_operator_v3']) retrieved from /home/airflow/.local/lib/python3.7/site-packages/airflow/example_dags/example_branch_python_dop_operator_3.py
[2023-03-27T13:35:06.186+0000] {logging_mixin.py:137} INFO - [2023-03-27T13:35:06.186+0000] {dag.py:2690} INFO - Sync 1 DAGs
[2023-03-27T13:35:06.399+0000] {logging_mixin.py:137} INFO - [2023-03-27T13:35:06.399+0000] {dag.py:3441} INFO - Setting next_dagrun for example_branch_dop_operator_v3 to 2023-03-27T13:34:00+00:00, run_after=2023-03-27T13:35:00+00:00
[2023-03-27T13:35:06.577+0000] {processor.py:175} INFO - Processing /home/airflow/.local/lib/python3.7/site-packages/airflow/example_dags/example_branch_python_dop_operator_3.py took 0.656 seconds
