[2023-03-27T13:27:51.364+0000] {processor.py:153} INFO - Started process (PID=78) to work on /home/airflow/.local/lib/python3.7/site-packages/airflow/example_dags/example_dag_decorator.py
[2023-03-27T13:27:51.375+0000] {processor.py:743} INFO - Processing file /home/airflow/.local/lib/python3.7/site-packages/airflow/example_dags/example_dag_decorator.py for tasks to queue
[2023-03-27T13:27:51.377+0000] {logging_mixin.py:137} INFO - [2023-03-27T13:27:51.377+0000] {dagbag.py:538} INFO - Filling up the DagBag from /home/airflow/.local/lib/python3.7/site-packages/airflow/example_dags/example_dag_decorator.py
[2023-03-27T13:27:51.462+0000] {logging_mixin.py:137} INFO - [2023-03-27T13:27:51.462+0000] {taskmixin.py:205} WARNING - Dependency <Task(_PythonDecoratedOperator): prepare_email>, send_email already registered for DAG: example_dag_decorator
[2023-03-27T13:27:51.473+0000] {logging_mixin.py:137} INFO - [2023-03-27T13:27:51.473+0000] {taskmixin.py:205} WARNING - Dependency <Task(EmailOperator): send_email>, prepare_email already registered for DAG: example_dag_decorator
[2023-03-27T13:27:51.527+0000] {processor.py:753} INFO - DAG(s) dict_keys(['example_dag_decorator']) retrieved from /home/airflow/.local/lib/python3.7/site-packages/airflow/example_dags/example_dag_decorator.py
[2023-03-27T13:27:51.856+0000] {logging_mixin.py:137} INFO - [2023-03-27T13:27:51.856+0000] {dag.py:2690} INFO - Sync 1 DAGs
[2023-03-27T13:27:52.000+0000] {logging_mixin.py:137} INFO - [2023-03-27T13:27:51.990+0000] {dag.py:3441} INFO - Setting next_dagrun for example_dag_decorator to None, run_after=None
[2023-03-27T13:27:52.099+0000] {processor.py:175} INFO - Processing /home/airflow/.local/lib/python3.7/site-packages/airflow/example_dags/example_dag_decorator.py took 0.746 seconds
[2023-03-27T13:28:22.533+0000] {processor.py:153} INFO - Started process (PID=151) to work on /home/airflow/.local/lib/python3.7/site-packages/airflow/example_dags/example_dag_decorator.py
[2023-03-27T13:28:22.539+0000] {processor.py:743} INFO - Processing file /home/airflow/.local/lib/python3.7/site-packages/airflow/example_dags/example_dag_decorator.py for tasks to queue
[2023-03-27T13:28:22.544+0000] {logging_mixin.py:137} INFO - [2023-03-27T13:28:22.544+0000] {dagbag.py:538} INFO - Filling up the DagBag from /home/airflow/.local/lib/python3.7/site-packages/airflow/example_dags/example_dag_decorator.py
[2023-03-27T13:28:22.662+0000] {logging_mixin.py:137} INFO - [2023-03-27T13:28:22.662+0000] {taskmixin.py:205} WARNING - Dependency <Task(_PythonDecoratedOperator): prepare_email>, send_email already registered for DAG: example_dag_decorator
[2023-03-27T13:28:22.675+0000] {logging_mixin.py:137} INFO - [2023-03-27T13:28:22.663+0000] {taskmixin.py:205} WARNING - Dependency <Task(EmailOperator): send_email>, prepare_email already registered for DAG: example_dag_decorator
[2023-03-27T13:28:22.771+0000] {processor.py:753} INFO - DAG(s) dict_keys(['example_dag_decorator']) retrieved from /home/airflow/.local/lib/python3.7/site-packages/airflow/example_dags/example_dag_decorator.py
[2023-03-27T13:28:23.047+0000] {logging_mixin.py:137} INFO - [2023-03-27T13:28:23.046+0000] {dag.py:2690} INFO - Sync 1 DAGs
[2023-03-27T13:28:23.159+0000] {logging_mixin.py:137} INFO - [2023-03-27T13:28:23.150+0000] {dag.py:3441} INFO - Setting next_dagrun for example_dag_decorator to None, run_after=None
[2023-03-27T13:28:23.284+0000] {processor.py:175} INFO - Processing /home/airflow/.local/lib/python3.7/site-packages/airflow/example_dags/example_dag_decorator.py took 0.757 seconds
[2023-03-27T13:28:53.421+0000] {processor.py:153} INFO - Started process (PID=208) to work on /home/airflow/.local/lib/python3.7/site-packages/airflow/example_dags/example_dag_decorator.py
[2023-03-27T13:28:53.432+0000] {processor.py:743} INFO - Processing file /home/airflow/.local/lib/python3.7/site-packages/airflow/example_dags/example_dag_decorator.py for tasks to queue
[2023-03-27T13:28:53.437+0000] {logging_mixin.py:137} INFO - [2023-03-27T13:28:53.436+0000] {dagbag.py:538} INFO - Filling up the DagBag from /home/airflow/.local/lib/python3.7/site-packages/airflow/example_dags/example_dag_decorator.py
[2023-03-27T13:28:53.527+0000] {logging_mixin.py:137} INFO - [2023-03-27T13:28:53.526+0000] {taskmixin.py:205} WARNING - Dependency <Task(_PythonDecoratedOperator): prepare_email>, send_email already registered for DAG: example_dag_decorator
[2023-03-27T13:28:53.528+0000] {logging_mixin.py:137} INFO - [2023-03-27T13:28:53.527+0000] {taskmixin.py:205} WARNING - Dependency <Task(EmailOperator): send_email>, prepare_email already registered for DAG: example_dag_decorator
[2023-03-27T13:28:53.582+0000] {processor.py:753} INFO - DAG(s) dict_keys(['example_dag_decorator']) retrieved from /home/airflow/.local/lib/python3.7/site-packages/airflow/example_dags/example_dag_decorator.py
[2023-03-27T13:28:53.852+0000] {logging_mixin.py:137} INFO - [2023-03-27T13:28:53.851+0000] {dag.py:2690} INFO - Sync 1 DAGs
[2023-03-27T13:28:53.968+0000] {logging_mixin.py:137} INFO - [2023-03-27T13:28:53.968+0000] {dag.py:3441} INFO - Setting next_dagrun for example_dag_decorator to None, run_after=None
[2023-03-27T13:28:54.112+0000] {processor.py:175} INFO - Processing /home/airflow/.local/lib/python3.7/site-packages/airflow/example_dags/example_dag_decorator.py took 0.698 seconds
[2023-03-27T13:29:24.386+0000] {processor.py:153} INFO - Started process (PID=283) to work on /home/airflow/.local/lib/python3.7/site-packages/airflow/example_dags/example_dag_decorator.py
[2023-03-27T13:29:24.388+0000] {processor.py:743} INFO - Processing file /home/airflow/.local/lib/python3.7/site-packages/airflow/example_dags/example_dag_decorator.py for tasks to queue
[2023-03-27T13:29:24.394+0000] {logging_mixin.py:137} INFO - [2023-03-27T13:29:24.394+0000] {dagbag.py:538} INFO - Filling up the DagBag from /home/airflow/.local/lib/python3.7/site-packages/airflow/example_dags/example_dag_decorator.py
[2023-03-27T13:29:24.514+0000] {logging_mixin.py:137} INFO - [2023-03-27T13:29:24.514+0000] {taskmixin.py:205} WARNING - Dependency <Task(_PythonDecoratedOperator): prepare_email>, send_email already registered for DAG: example_dag_decorator
[2023-03-27T13:29:24.517+0000] {logging_mixin.py:137} INFO - [2023-03-27T13:29:24.516+0000] {taskmixin.py:205} WARNING - Dependency <Task(EmailOperator): send_email>, prepare_email already registered for DAG: example_dag_decorator
[2023-03-27T13:29:24.603+0000] {processor.py:753} INFO - DAG(s) dict_keys(['example_dag_decorator']) retrieved from /home/airflow/.local/lib/python3.7/site-packages/airflow/example_dags/example_dag_decorator.py
[2023-03-27T13:29:24.937+0000] {logging_mixin.py:137} INFO - [2023-03-27T13:29:24.936+0000] {dag.py:2690} INFO - Sync 1 DAGs
[2023-03-27T13:29:25.085+0000] {logging_mixin.py:137} INFO - [2023-03-27T13:29:25.085+0000] {dag.py:3441} INFO - Setting next_dagrun for example_dag_decorator to None, run_after=None
[2023-03-27T13:29:25.187+0000] {processor.py:175} INFO - Processing /home/airflow/.local/lib/python3.7/site-packages/airflow/example_dags/example_dag_decorator.py took 0.815 seconds
[2023-03-27T13:29:56.346+0000] {processor.py:153} INFO - Started process (PID=342) to work on /home/airflow/.local/lib/python3.7/site-packages/airflow/example_dags/example_dag_decorator.py
[2023-03-27T13:29:56.349+0000] {processor.py:743} INFO - Processing file /home/airflow/.local/lib/python3.7/site-packages/airflow/example_dags/example_dag_decorator.py for tasks to queue
[2023-03-27T13:29:56.353+0000] {logging_mixin.py:137} INFO - [2023-03-27T13:29:56.353+0000] {dagbag.py:538} INFO - Filling up the DagBag from /home/airflow/.local/lib/python3.7/site-packages/airflow/example_dags/example_dag_decorator.py
[2023-03-27T13:29:56.456+0000] {logging_mixin.py:137} INFO - [2023-03-27T13:29:56.456+0000] {taskmixin.py:205} WARNING - Dependency <Task(_PythonDecoratedOperator): prepare_email>, send_email already registered for DAG: example_dag_decorator
[2023-03-27T13:29:56.460+0000] {logging_mixin.py:137} INFO - [2023-03-27T13:29:56.460+0000] {taskmixin.py:205} WARNING - Dependency <Task(EmailOperator): send_email>, prepare_email already registered for DAG: example_dag_decorator
[2023-03-27T13:29:56.545+0000] {processor.py:753} INFO - DAG(s) dict_keys(['example_dag_decorator']) retrieved from /home/airflow/.local/lib/python3.7/site-packages/airflow/example_dags/example_dag_decorator.py
[2023-03-27T13:29:56.952+0000] {logging_mixin.py:137} INFO - [2023-03-27T13:29:56.952+0000] {dag.py:2690} INFO - Sync 1 DAGs
[2023-03-27T13:29:57.076+0000] {logging_mixin.py:137} INFO - [2023-03-27T13:29:57.075+0000] {dag.py:3441} INFO - Setting next_dagrun for example_dag_decorator to None, run_after=None
[2023-03-27T13:29:57.210+0000] {processor.py:175} INFO - Processing /home/airflow/.local/lib/python3.7/site-packages/airflow/example_dags/example_dag_decorator.py took 0.864 seconds
[2023-03-27T13:30:27.717+0000] {processor.py:153} INFO - Started process (PID=416) to work on /home/airflow/.local/lib/python3.7/site-packages/airflow/example_dags/example_dag_decorator.py
[2023-03-27T13:30:27.729+0000] {processor.py:743} INFO - Processing file /home/airflow/.local/lib/python3.7/site-packages/airflow/example_dags/example_dag_decorator.py for tasks to queue
[2023-03-27T13:30:27.731+0000] {logging_mixin.py:137} INFO - [2023-03-27T13:30:27.730+0000] {dagbag.py:538} INFO - Filling up the DagBag from /home/airflow/.local/lib/python3.7/site-packages/airflow/example_dags/example_dag_decorator.py
[2023-03-27T13:30:27.808+0000] {logging_mixin.py:137} INFO - [2023-03-27T13:30:27.807+0000] {taskmixin.py:205} WARNING - Dependency <Task(_PythonDecoratedOperator): prepare_email>, send_email already registered for DAG: example_dag_decorator
[2023-03-27T13:30:27.815+0000] {logging_mixin.py:137} INFO - [2023-03-27T13:30:27.815+0000] {taskmixin.py:205} WARNING - Dependency <Task(EmailOperator): send_email>, prepare_email already registered for DAG: example_dag_decorator
[2023-03-27T13:30:27.875+0000] {processor.py:753} INFO - DAG(s) dict_keys(['example_dag_decorator']) retrieved from /home/airflow/.local/lib/python3.7/site-packages/airflow/example_dags/example_dag_decorator.py
[2023-03-27T13:30:28.177+0000] {logging_mixin.py:137} INFO - [2023-03-27T13:30:28.177+0000] {dag.py:2690} INFO - Sync 1 DAGs
[2023-03-27T13:30:28.285+0000] {logging_mixin.py:137} INFO - [2023-03-27T13:30:28.284+0000] {dag.py:3441} INFO - Setting next_dagrun for example_dag_decorator to None, run_after=None
[2023-03-27T13:30:28.352+0000] {processor.py:175} INFO - Processing /home/airflow/.local/lib/python3.7/site-packages/airflow/example_dags/example_dag_decorator.py took 0.642 seconds
[2023-03-27T13:30:59.774+0000] {processor.py:153} INFO - Started process (PID=483) to work on /home/airflow/.local/lib/python3.7/site-packages/airflow/example_dags/example_dag_decorator.py
[2023-03-27T13:30:59.777+0000] {processor.py:743} INFO - Processing file /home/airflow/.local/lib/python3.7/site-packages/airflow/example_dags/example_dag_decorator.py for tasks to queue
[2023-03-27T13:30:59.781+0000] {logging_mixin.py:137} INFO - [2023-03-27T13:30:59.781+0000] {dagbag.py:538} INFO - Filling up the DagBag from /home/airflow/.local/lib/python3.7/site-packages/airflow/example_dags/example_dag_decorator.py
[2023-03-27T13:30:59.864+0000] {logging_mixin.py:137} INFO - [2023-03-27T13:30:59.854+0000] {taskmixin.py:205} WARNING - Dependency <Task(_PythonDecoratedOperator): prepare_email>, send_email already registered for DAG: example_dag_decorator
[2023-03-27T13:30:59.866+0000] {logging_mixin.py:137} INFO - [2023-03-27T13:30:59.866+0000] {taskmixin.py:205} WARNING - Dependency <Task(EmailOperator): send_email>, prepare_email already registered for DAG: example_dag_decorator
[2023-03-27T13:30:59.920+0000] {processor.py:753} INFO - DAG(s) dict_keys(['example_dag_decorator']) retrieved from /home/airflow/.local/lib/python3.7/site-packages/airflow/example_dags/example_dag_decorator.py
[2023-03-27T13:31:00.251+0000] {logging_mixin.py:137} INFO - [2023-03-27T13:31:00.251+0000] {dag.py:2690} INFO - Sync 1 DAGs
[2023-03-27T13:31:00.348+0000] {logging_mixin.py:137} INFO - [2023-03-27T13:31:00.348+0000] {dag.py:3441} INFO - Setting next_dagrun for example_dag_decorator to None, run_after=None
[2023-03-27T13:31:00.481+0000] {processor.py:175} INFO - Processing /home/airflow/.local/lib/python3.7/site-packages/airflow/example_dags/example_dag_decorator.py took 0.717 seconds
[2023-03-27T13:31:34.546+0000] {processor.py:153} INFO - Started process (PID=538) to work on /home/airflow/.local/lib/python3.7/site-packages/airflow/example_dags/example_dag_decorator.py
[2023-03-27T13:31:34.550+0000] {processor.py:743} INFO - Processing file /home/airflow/.local/lib/python3.7/site-packages/airflow/example_dags/example_dag_decorator.py for tasks to queue
[2023-03-27T13:31:34.554+0000] {logging_mixin.py:137} INFO - [2023-03-27T13:31:34.552+0000] {dagbag.py:538} INFO - Filling up the DagBag from /home/airflow/.local/lib/python3.7/site-packages/airflow/example_dags/example_dag_decorator.py
[2023-03-27T13:31:34.606+0000] {logging_mixin.py:137} INFO - [2023-03-27T13:31:34.606+0000] {taskmixin.py:205} WARNING - Dependency <Task(_PythonDecoratedOperator): prepare_email>, send_email already registered for DAG: example_dag_decorator
[2023-03-27T13:31:34.609+0000] {logging_mixin.py:137} INFO - [2023-03-27T13:31:34.609+0000] {taskmixin.py:205} WARNING - Dependency <Task(EmailOperator): send_email>, prepare_email already registered for DAG: example_dag_decorator
[2023-03-27T13:31:34.654+0000] {processor.py:753} INFO - DAG(s) dict_keys(['example_dag_decorator']) retrieved from /home/airflow/.local/lib/python3.7/site-packages/airflow/example_dags/example_dag_decorator.py
[2023-03-27T13:31:34.915+0000] {logging_mixin.py:137} INFO - [2023-03-27T13:31:34.914+0000] {dag.py:2690} INFO - Sync 1 DAGs
[2023-03-27T13:31:34.994+0000] {logging_mixin.py:137} INFO - [2023-03-27T13:31:34.994+0000] {dag.py:3441} INFO - Setting next_dagrun for example_dag_decorator to None, run_after=None
[2023-03-27T13:31:35.059+0000] {processor.py:175} INFO - Processing /home/airflow/.local/lib/python3.7/site-packages/airflow/example_dags/example_dag_decorator.py took 0.519 seconds
[2023-03-27T13:32:10.967+0000] {processor.py:153} INFO - Started process (PID=612) to work on /home/airflow/.local/lib/python3.7/site-packages/airflow/example_dags/example_dag_decorator.py
[2023-03-27T13:32:10.981+0000] {processor.py:743} INFO - Processing file /home/airflow/.local/lib/python3.7/site-packages/airflow/example_dags/example_dag_decorator.py for tasks to queue
[2023-03-27T13:32:10.998+0000] {logging_mixin.py:137} INFO - [2023-03-27T13:32:10.998+0000] {dagbag.py:538} INFO - Filling up the DagBag from /home/airflow/.local/lib/python3.7/site-packages/airflow/example_dags/example_dag_decorator.py
[2023-03-27T13:32:11.070+0000] {logging_mixin.py:137} INFO - [2023-03-27T13:32:11.070+0000] {taskmixin.py:205} WARNING - Dependency <Task(_PythonDecoratedOperator): prepare_email>, send_email already registered for DAG: example_dag_decorator
[2023-03-27T13:32:11.085+0000] {logging_mixin.py:137} INFO - [2023-03-27T13:32:11.085+0000] {taskmixin.py:205} WARNING - Dependency <Task(EmailOperator): send_email>, prepare_email already registered for DAG: example_dag_decorator
[2023-03-27T13:32:11.139+0000] {processor.py:753} INFO - DAG(s) dict_keys(['example_dag_decorator']) retrieved from /home/airflow/.local/lib/python3.7/site-packages/airflow/example_dags/example_dag_decorator.py
[2023-03-27T13:32:11.586+0000] {logging_mixin.py:137} INFO - [2023-03-27T13:32:11.586+0000] {dag.py:2690} INFO - Sync 1 DAGs
[2023-03-27T13:32:11.760+0000] {logging_mixin.py:137} INFO - [2023-03-27T13:32:11.760+0000] {dag.py:3441} INFO - Setting next_dagrun for example_dag_decorator to None, run_after=None
[2023-03-27T13:32:11.964+0000] {processor.py:175} INFO - Processing /home/airflow/.local/lib/python3.7/site-packages/airflow/example_dags/example_dag_decorator.py took 1.012 seconds
[2023-03-27T13:32:45.655+0000] {processor.py:153} INFO - Started process (PID=686) to work on /home/airflow/.local/lib/python3.7/site-packages/airflow/example_dags/example_dag_decorator.py
[2023-03-27T13:32:45.708+0000] {processor.py:743} INFO - Processing file /home/airflow/.local/lib/python3.7/site-packages/airflow/example_dags/example_dag_decorator.py for tasks to queue
[2023-03-27T13:32:45.710+0000] {logging_mixin.py:137} INFO - [2023-03-27T13:32:45.710+0000] {dagbag.py:538} INFO - Filling up the DagBag from /home/airflow/.local/lib/python3.7/site-packages/airflow/example_dags/example_dag_decorator.py
[2023-03-27T13:32:45.821+0000] {logging_mixin.py:137} INFO - [2023-03-27T13:32:45.821+0000] {taskmixin.py:205} WARNING - Dependency <Task(_PythonDecoratedOperator): prepare_email>, send_email already registered for DAG: example_dag_decorator
[2023-03-27T13:32:45.822+0000] {logging_mixin.py:137} INFO - [2023-03-27T13:32:45.822+0000] {taskmixin.py:205} WARNING - Dependency <Task(EmailOperator): send_email>, prepare_email already registered for DAG: example_dag_decorator
[2023-03-27T13:32:45.901+0000] {processor.py:753} INFO - DAG(s) dict_keys(['example_dag_decorator']) retrieved from /home/airflow/.local/lib/python3.7/site-packages/airflow/example_dags/example_dag_decorator.py
[2023-03-27T13:32:46.292+0000] {logging_mixin.py:137} INFO - [2023-03-27T13:32:46.292+0000] {dag.py:2690} INFO - Sync 1 DAGs
[2023-03-27T13:32:46.429+0000] {logging_mixin.py:137} INFO - [2023-03-27T13:32:46.429+0000] {dag.py:3441} INFO - Setting next_dagrun for example_dag_decorator to None, run_after=None
[2023-03-27T13:32:46.565+0000] {processor.py:175} INFO - Processing /home/airflow/.local/lib/python3.7/site-packages/airflow/example_dags/example_dag_decorator.py took 0.917 seconds
[2023-03-27T13:33:17.674+0000] {processor.py:153} INFO - Started process (PID=743) to work on /home/airflow/.local/lib/python3.7/site-packages/airflow/example_dags/example_dag_decorator.py
[2023-03-27T13:33:17.719+0000] {processor.py:743} INFO - Processing file /home/airflow/.local/lib/python3.7/site-packages/airflow/example_dags/example_dag_decorator.py for tasks to queue
[2023-03-27T13:33:17.724+0000] {logging_mixin.py:137} INFO - [2023-03-27T13:33:17.724+0000] {dagbag.py:538} INFO - Filling up the DagBag from /home/airflow/.local/lib/python3.7/site-packages/airflow/example_dags/example_dag_decorator.py
[2023-03-27T13:33:17.840+0000] {logging_mixin.py:137} INFO - [2023-03-27T13:33:17.840+0000] {taskmixin.py:205} WARNING - Dependency <Task(_PythonDecoratedOperator): prepare_email>, send_email already registered for DAG: example_dag_decorator
[2023-03-27T13:33:17.843+0000] {logging_mixin.py:137} INFO - [2023-03-27T13:33:17.842+0000] {taskmixin.py:205} WARNING - Dependency <Task(EmailOperator): send_email>, prepare_email already registered for DAG: example_dag_decorator
[2023-03-27T13:33:17.925+0000] {processor.py:753} INFO - DAG(s) dict_keys(['example_dag_decorator']) retrieved from /home/airflow/.local/lib/python3.7/site-packages/airflow/example_dags/example_dag_decorator.py
[2023-03-27T13:33:18.329+0000] {logging_mixin.py:137} INFO - [2023-03-27T13:33:18.329+0000] {dag.py:2690} INFO - Sync 1 DAGs
[2023-03-27T13:33:18.493+0000] {logging_mixin.py:137} INFO - [2023-03-27T13:33:18.493+0000] {dag.py:3441} INFO - Setting next_dagrun for example_dag_decorator to None, run_after=None
[2023-03-27T13:33:18.639+0000] {processor.py:175} INFO - Processing /home/airflow/.local/lib/python3.7/site-packages/airflow/example_dags/example_dag_decorator.py took 1.022 seconds
[2023-03-27T13:33:49.139+0000] {processor.py:153} INFO - Started process (PID=816) to work on /home/airflow/.local/lib/python3.7/site-packages/airflow/example_dags/example_dag_decorator.py
[2023-03-27T13:33:49.146+0000] {processor.py:743} INFO - Processing file /home/airflow/.local/lib/python3.7/site-packages/airflow/example_dags/example_dag_decorator.py for tasks to queue
[2023-03-27T13:33:49.151+0000] {logging_mixin.py:137} INFO - [2023-03-27T13:33:49.151+0000] {dagbag.py:538} INFO - Filling up the DagBag from /home/airflow/.local/lib/python3.7/site-packages/airflow/example_dags/example_dag_decorator.py
[2023-03-27T13:33:49.229+0000] {logging_mixin.py:137} INFO - [2023-03-27T13:33:49.229+0000] {taskmixin.py:205} WARNING - Dependency <Task(_PythonDecoratedOperator): prepare_email>, send_email already registered for DAG: example_dag_decorator
[2023-03-27T13:33:49.238+0000] {logging_mixin.py:137} INFO - [2023-03-27T13:33:49.237+0000] {taskmixin.py:205} WARNING - Dependency <Task(EmailOperator): send_email>, prepare_email already registered for DAG: example_dag_decorator
[2023-03-27T13:33:49.308+0000] {processor.py:753} INFO - DAG(s) dict_keys(['example_dag_decorator']) retrieved from /home/airflow/.local/lib/python3.7/site-packages/airflow/example_dags/example_dag_decorator.py
[2023-03-27T13:33:49.790+0000] {logging_mixin.py:137} INFO - [2023-03-27T13:33:49.789+0000] {dag.py:2690} INFO - Sync 1 DAGs
[2023-03-27T13:33:50.028+0000] {logging_mixin.py:137} INFO - [2023-03-27T13:33:50.027+0000] {dag.py:3441} INFO - Setting next_dagrun for example_dag_decorator to None, run_after=None
[2023-03-27T13:33:50.173+0000] {processor.py:175} INFO - Processing /home/airflow/.local/lib/python3.7/site-packages/airflow/example_dags/example_dag_decorator.py took 1.041 seconds
[2023-03-27T13:34:33.841+0000] {processor.py:153} INFO - Started process (PID=884) to work on /home/airflow/.local/lib/python3.7/site-packages/airflow/example_dags/example_dag_decorator.py
[2023-03-27T13:34:33.845+0000] {processor.py:743} INFO - Processing file /home/airflow/.local/lib/python3.7/site-packages/airflow/example_dags/example_dag_decorator.py for tasks to queue
[2023-03-27T13:34:33.855+0000] {logging_mixin.py:137} INFO - [2023-03-27T13:34:33.854+0000] {dagbag.py:538} INFO - Filling up the DagBag from /home/airflow/.local/lib/python3.7/site-packages/airflow/example_dags/example_dag_decorator.py
[2023-03-27T13:34:33.973+0000] {logging_mixin.py:137} INFO - [2023-03-27T13:34:33.972+0000] {taskmixin.py:205} WARNING - Dependency <Task(_PythonDecoratedOperator): prepare_email>, send_email already registered for DAG: example_dag_decorator
[2023-03-27T13:34:34.003+0000] {logging_mixin.py:137} INFO - [2023-03-27T13:34:34.003+0000] {taskmixin.py:205} WARNING - Dependency <Task(EmailOperator): send_email>, prepare_email already registered for DAG: example_dag_decorator
[2023-03-27T13:34:34.083+0000] {processor.py:753} INFO - DAG(s) dict_keys(['example_dag_decorator']) retrieved from /home/airflow/.local/lib/python3.7/site-packages/airflow/example_dags/example_dag_decorator.py
[2023-03-27T13:34:34.432+0000] {logging_mixin.py:137} INFO - [2023-03-27T13:34:34.432+0000] {dag.py:2690} INFO - Sync 1 DAGs
[2023-03-27T13:34:34.567+0000] {logging_mixin.py:137} INFO - [2023-03-27T13:34:34.567+0000] {dag.py:3441} INFO - Setting next_dagrun for example_dag_decorator to None, run_after=None
[2023-03-27T13:34:34.719+0000] {processor.py:175} INFO - Processing /home/airflow/.local/lib/python3.7/site-packages/airflow/example_dags/example_dag_decorator.py took 0.887 seconds
[2023-03-27T13:35:06.728+0000] {processor.py:153} INFO - Started process (PID=951) to work on /home/airflow/.local/lib/python3.7/site-packages/airflow/example_dags/example_dag_decorator.py
[2023-03-27T13:35:06.794+0000] {processor.py:743} INFO - Processing file /home/airflow/.local/lib/python3.7/site-packages/airflow/example_dags/example_dag_decorator.py for tasks to queue
[2023-03-27T13:35:06.842+0000] {logging_mixin.py:137} INFO - [2023-03-27T13:35:06.842+0000] {dagbag.py:538} INFO - Filling up the DagBag from /home/airflow/.local/lib/python3.7/site-packages/airflow/example_dags/example_dag_decorator.py
[2023-03-27T13:35:06.991+0000] {logging_mixin.py:137} INFO - [2023-03-27T13:35:06.990+0000] {taskmixin.py:205} WARNING - Dependency <Task(_PythonDecoratedOperator): prepare_email>, send_email already registered for DAG: example_dag_decorator
[2023-03-27T13:35:07.064+0000] {logging_mixin.py:137} INFO - [2023-03-27T13:35:07.064+0000] {taskmixin.py:205} WARNING - Dependency <Task(EmailOperator): send_email>, prepare_email already registered for DAG: example_dag_decorator
[2023-03-27T13:35:07.150+0000] {processor.py:753} INFO - DAG(s) dict_keys(['example_dag_decorator']) retrieved from /home/airflow/.local/lib/python3.7/site-packages/airflow/example_dags/example_dag_decorator.py
[2023-03-27T13:35:07.550+0000] {logging_mixin.py:137} INFO - [2023-03-27T13:35:07.549+0000] {dag.py:2690} INFO - Sync 1 DAGs
[2023-03-27T13:35:07.681+0000] {logging_mixin.py:137} INFO - [2023-03-27T13:35:07.681+0000] {dag.py:3441} INFO - Setting next_dagrun for example_dag_decorator to None, run_after=None
[2023-03-27T13:35:07.809+0000] {processor.py:175} INFO - Processing /home/airflow/.local/lib/python3.7/site-packages/airflow/example_dags/example_dag_decorator.py took 1.088 seconds
