[2023-03-27T13:27:52.809+0000] {processor.py:153} INFO - Started process (PID=81) to work on /home/airflow/.local/lib/python3.7/site-packages/airflow/example_dags/example_complex.py
[2023-03-27T13:27:52.822+0000] {processor.py:743} INFO - Processing file /home/airflow/.local/lib/python3.7/site-packages/airflow/example_dags/example_complex.py for tasks to queue
[2023-03-27T13:27:52.825+0000] {logging_mixin.py:137} INFO - [2023-03-27T13:27:52.825+0000] {dagbag.py:538} INFO - Filling up the DagBag from /home/airflow/.local/lib/python3.7/site-packages/airflow/example_dags/example_complex.py
[2023-03-27T13:27:52.889+0000] {logging_mixin.py:137} INFO - [2023-03-27T13:27:52.889+0000] {taskmixin.py:205} WARNING - Dependency <Task(BashOperator): create_entry_group>, delete_entry_group already registered for DAG: example_complex
[2023-03-27T13:27:52.891+0000] {logging_mixin.py:137} INFO - [2023-03-27T13:27:52.891+0000] {taskmixin.py:205} WARNING - Dependency <Task(BashOperator): delete_entry_group>, create_entry_group already registered for DAG: example_complex
[2023-03-27T13:27:52.895+0000] {logging_mixin.py:137} INFO - [2023-03-27T13:27:52.894+0000] {taskmixin.py:205} WARNING - Dependency <Task(BashOperator): create_entry_gcs>, delete_entry already registered for DAG: example_complex
[2023-03-27T13:27:52.896+0000] {logging_mixin.py:137} INFO - [2023-03-27T13:27:52.895+0000] {taskmixin.py:205} WARNING - Dependency <Task(BashOperator): delete_entry>, create_entry_gcs already registered for DAG: example_complex
[2023-03-27T13:27:52.901+0000] {logging_mixin.py:137} INFO - [2023-03-27T13:27:52.901+0000] {taskmixin.py:205} WARNING - Dependency <Task(BashOperator): create_tag>, delete_tag already registered for DAG: example_complex
[2023-03-27T13:27:52.902+0000] {logging_mixin.py:137} INFO - [2023-03-27T13:27:52.902+0000] {taskmixin.py:205} WARNING - Dependency <Task(BashOperator): delete_tag>, create_tag already registered for DAG: example_complex
[2023-03-27T13:27:52.933+0000] {processor.py:753} INFO - DAG(s) dict_keys(['example_complex']) retrieved from /home/airflow/.local/lib/python3.7/site-packages/airflow/example_dags/example_complex.py
[2023-03-27T13:27:53.104+0000] {logging_mixin.py:137} INFO - [2023-03-27T13:27:53.104+0000] {dag.py:2690} INFO - Sync 1 DAGs
[2023-03-27T13:27:53.240+0000] {logging_mixin.py:137} INFO - [2023-03-27T13:27:53.240+0000] {dag.py:3441} INFO - Setting next_dagrun for example_complex to None, run_after=None
[2023-03-27T13:27:53.344+0000] {processor.py:175} INFO - Processing /home/airflow/.local/lib/python3.7/site-packages/airflow/example_dags/example_complex.py took 0.541 seconds
[2023-03-27T13:28:25.210+0000] {processor.py:153} INFO - Started process (PID=155) to work on /home/airflow/.local/lib/python3.7/site-packages/airflow/example_dags/example_complex.py
[2023-03-27T13:28:25.215+0000] {processor.py:743} INFO - Processing file /home/airflow/.local/lib/python3.7/site-packages/airflow/example_dags/example_complex.py for tasks to queue
[2023-03-27T13:28:25.226+0000] {logging_mixin.py:137} INFO - [2023-03-27T13:28:25.226+0000] {dagbag.py:538} INFO - Filling up the DagBag from /home/airflow/.local/lib/python3.7/site-packages/airflow/example_dags/example_complex.py
[2023-03-27T13:28:25.269+0000] {logging_mixin.py:137} INFO - [2023-03-27T13:28:25.269+0000] {taskmixin.py:205} WARNING - Dependency <Task(BashOperator): create_entry_group>, delete_entry_group already registered for DAG: example_complex
[2023-03-27T13:28:25.270+0000] {logging_mixin.py:137} INFO - [2023-03-27T13:28:25.270+0000] {taskmixin.py:205} WARNING - Dependency <Task(BashOperator): delete_entry_group>, create_entry_group already registered for DAG: example_complex
[2023-03-27T13:28:25.283+0000] {logging_mixin.py:137} INFO - [2023-03-27T13:28:25.283+0000] {taskmixin.py:205} WARNING - Dependency <Task(BashOperator): create_entry_gcs>, delete_entry already registered for DAG: example_complex
[2023-03-27T13:28:25.288+0000] {logging_mixin.py:137} INFO - [2023-03-27T13:28:25.287+0000] {taskmixin.py:205} WARNING - Dependency <Task(BashOperator): delete_entry>, create_entry_gcs already registered for DAG: example_complex
[2023-03-27T13:28:25.300+0000] {logging_mixin.py:137} INFO - [2023-03-27T13:28:25.299+0000] {taskmixin.py:205} WARNING - Dependency <Task(BashOperator): create_tag>, delete_tag already registered for DAG: example_complex
[2023-03-27T13:28:25.304+0000] {logging_mixin.py:137} INFO - [2023-03-27T13:28:25.304+0000] {taskmixin.py:205} WARNING - Dependency <Task(BashOperator): delete_tag>, create_tag already registered for DAG: example_complex
[2023-03-27T13:28:25.348+0000] {processor.py:753} INFO - DAG(s) dict_keys(['example_complex']) retrieved from /home/airflow/.local/lib/python3.7/site-packages/airflow/example_dags/example_complex.py
[2023-03-27T13:28:25.457+0000] {logging_mixin.py:137} INFO - [2023-03-27T13:28:25.457+0000] {dag.py:2690} INFO - Sync 1 DAGs
[2023-03-27T13:28:25.581+0000] {logging_mixin.py:137} INFO - [2023-03-27T13:28:25.581+0000] {dag.py:3441} INFO - Setting next_dagrun for example_complex to None, run_after=None
[2023-03-27T13:28:25.676+0000] {processor.py:175} INFO - Processing /home/airflow/.local/lib/python3.7/site-packages/airflow/example_dags/example_complex.py took 0.481 seconds
[2023-03-27T13:28:55.917+0000] {processor.py:153} INFO - Started process (PID=211) to work on /home/airflow/.local/lib/python3.7/site-packages/airflow/example_dags/example_complex.py
[2023-03-27T13:28:55.919+0000] {processor.py:743} INFO - Processing file /home/airflow/.local/lib/python3.7/site-packages/airflow/example_dags/example_complex.py for tasks to queue
[2023-03-27T13:28:55.927+0000] {logging_mixin.py:137} INFO - [2023-03-27T13:28:55.927+0000] {dagbag.py:538} INFO - Filling up the DagBag from /home/airflow/.local/lib/python3.7/site-packages/airflow/example_dags/example_complex.py
[2023-03-27T13:28:56.002+0000] {logging_mixin.py:137} INFO - [2023-03-27T13:28:56.001+0000] {taskmixin.py:205} WARNING - Dependency <Task(BashOperator): create_entry_group>, delete_entry_group already registered for DAG: example_complex
[2023-03-27T13:28:56.031+0000] {logging_mixin.py:137} INFO - [2023-03-27T13:28:56.031+0000] {taskmixin.py:205} WARNING - Dependency <Task(BashOperator): delete_entry_group>, create_entry_group already registered for DAG: example_complex
[2023-03-27T13:28:56.063+0000] {logging_mixin.py:137} INFO - [2023-03-27T13:28:56.063+0000] {taskmixin.py:205} WARNING - Dependency <Task(BashOperator): create_entry_gcs>, delete_entry already registered for DAG: example_complex
[2023-03-27T13:28:56.070+0000] {logging_mixin.py:137} INFO - [2023-03-27T13:28:56.069+0000] {taskmixin.py:205} WARNING - Dependency <Task(BashOperator): delete_entry>, create_entry_gcs already registered for DAG: example_complex
[2023-03-27T13:28:56.079+0000] {logging_mixin.py:137} INFO - [2023-03-27T13:28:56.079+0000] {taskmixin.py:205} WARNING - Dependency <Task(BashOperator): create_tag>, delete_tag already registered for DAG: example_complex
[2023-03-27T13:28:56.121+0000] {logging_mixin.py:137} INFO - [2023-03-27T13:28:56.120+0000] {taskmixin.py:205} WARNING - Dependency <Task(BashOperator): delete_tag>, create_tag already registered for DAG: example_complex
[2023-03-27T13:28:56.188+0000] {processor.py:753} INFO - DAG(s) dict_keys(['example_complex']) retrieved from /home/airflow/.local/lib/python3.7/site-packages/airflow/example_dags/example_complex.py
[2023-03-27T13:28:56.349+0000] {logging_mixin.py:137} INFO - [2023-03-27T13:28:56.349+0000] {dag.py:2690} INFO - Sync 1 DAGs
[2023-03-27T13:28:56.482+0000] {logging_mixin.py:137} INFO - [2023-03-27T13:28:56.482+0000] {dag.py:3441} INFO - Setting next_dagrun for example_complex to None, run_after=None
[2023-03-27T13:28:56.774+0000] {processor.py:175} INFO - Processing /home/airflow/.local/lib/python3.7/site-packages/airflow/example_dags/example_complex.py took 0.874 seconds
[2023-03-27T13:29:27.550+0000] {processor.py:153} INFO - Started process (PID=286) to work on /home/airflow/.local/lib/python3.7/site-packages/airflow/example_dags/example_complex.py
[2023-03-27T13:29:27.561+0000] {processor.py:743} INFO - Processing file /home/airflow/.local/lib/python3.7/site-packages/airflow/example_dags/example_complex.py for tasks to queue
[2023-03-27T13:29:27.563+0000] {logging_mixin.py:137} INFO - [2023-03-27T13:29:27.563+0000] {dagbag.py:538} INFO - Filling up the DagBag from /home/airflow/.local/lib/python3.7/site-packages/airflow/example_dags/example_complex.py
[2023-03-27T13:29:27.662+0000] {logging_mixin.py:137} INFO - [2023-03-27T13:29:27.661+0000] {taskmixin.py:205} WARNING - Dependency <Task(BashOperator): create_entry_group>, delete_entry_group already registered for DAG: example_complex
[2023-03-27T13:29:27.672+0000] {logging_mixin.py:137} INFO - [2023-03-27T13:29:27.672+0000] {taskmixin.py:205} WARNING - Dependency <Task(BashOperator): delete_entry_group>, create_entry_group already registered for DAG: example_complex
[2023-03-27T13:29:27.679+0000] {logging_mixin.py:137} INFO - [2023-03-27T13:29:27.679+0000] {taskmixin.py:205} WARNING - Dependency <Task(BashOperator): create_entry_gcs>, delete_entry already registered for DAG: example_complex
[2023-03-27T13:29:27.688+0000] {logging_mixin.py:137} INFO - [2023-03-27T13:29:27.688+0000] {taskmixin.py:205} WARNING - Dependency <Task(BashOperator): delete_entry>, create_entry_gcs already registered for DAG: example_complex
[2023-03-27T13:29:27.694+0000] {logging_mixin.py:137} INFO - [2023-03-27T13:29:27.693+0000] {taskmixin.py:205} WARNING - Dependency <Task(BashOperator): create_tag>, delete_tag already registered for DAG: example_complex
[2023-03-27T13:29:27.725+0000] {logging_mixin.py:137} INFO - [2023-03-27T13:29:27.725+0000] {taskmixin.py:205} WARNING - Dependency <Task(BashOperator): delete_tag>, create_tag already registered for DAG: example_complex
[2023-03-27T13:29:27.779+0000] {processor.py:753} INFO - DAG(s) dict_keys(['example_complex']) retrieved from /home/airflow/.local/lib/python3.7/site-packages/airflow/example_dags/example_complex.py
[2023-03-27T13:29:28.038+0000] {logging_mixin.py:137} INFO - [2023-03-27T13:29:28.027+0000] {dag.py:2690} INFO - Sync 1 DAGs
[2023-03-27T13:29:28.222+0000] {logging_mixin.py:137} INFO - [2023-03-27T13:29:28.222+0000] {dag.py:3441} INFO - Setting next_dagrun for example_complex to None, run_after=None
[2023-03-27T13:29:28.340+0000] {processor.py:175} INFO - Processing /home/airflow/.local/lib/python3.7/site-packages/airflow/example_dags/example_complex.py took 0.805 seconds
[2023-03-27T13:30:00.061+0000] {processor.py:153} INFO - Started process (PID=354) to work on /home/airflow/.local/lib/python3.7/site-packages/airflow/example_dags/example_complex.py
[2023-03-27T13:30:00.107+0000] {processor.py:743} INFO - Processing file /home/airflow/.local/lib/python3.7/site-packages/airflow/example_dags/example_complex.py for tasks to queue
[2023-03-27T13:30:00.134+0000] {logging_mixin.py:137} INFO - [2023-03-27T13:30:00.134+0000] {dagbag.py:538} INFO - Filling up the DagBag from /home/airflow/.local/lib/python3.7/site-packages/airflow/example_dags/example_complex.py
[2023-03-27T13:30:00.231+0000] {logging_mixin.py:137} INFO - [2023-03-27T13:30:00.230+0000] {taskmixin.py:205} WARNING - Dependency <Task(BashOperator): create_entry_group>, delete_entry_group already registered for DAG: example_complex
[2023-03-27T13:30:00.244+0000] {logging_mixin.py:137} INFO - [2023-03-27T13:30:00.244+0000] {taskmixin.py:205} WARNING - Dependency <Task(BashOperator): delete_entry_group>, create_entry_group already registered for DAG: example_complex
[2023-03-27T13:30:00.257+0000] {logging_mixin.py:137} INFO - [2023-03-27T13:30:00.256+0000] {taskmixin.py:205} WARNING - Dependency <Task(BashOperator): create_entry_gcs>, delete_entry already registered for DAG: example_complex
[2023-03-27T13:30:00.259+0000] {logging_mixin.py:137} INFO - [2023-03-27T13:30:00.258+0000] {taskmixin.py:205} WARNING - Dependency <Task(BashOperator): delete_entry>, create_entry_gcs already registered for DAG: example_complex
[2023-03-27T13:30:00.260+0000] {logging_mixin.py:137} INFO - [2023-03-27T13:30:00.260+0000] {taskmixin.py:205} WARNING - Dependency <Task(BashOperator): create_tag>, delete_tag already registered for DAG: example_complex
[2023-03-27T13:30:00.261+0000] {logging_mixin.py:137} INFO - [2023-03-27T13:30:00.261+0000] {taskmixin.py:205} WARNING - Dependency <Task(BashOperator): delete_tag>, create_tag already registered for DAG: example_complex
[2023-03-27T13:30:00.302+0000] {processor.py:753} INFO - DAG(s) dict_keys(['example_complex']) retrieved from /home/airflow/.local/lib/python3.7/site-packages/airflow/example_dags/example_complex.py
[2023-03-27T13:30:00.480+0000] {logging_mixin.py:137} INFO - [2023-03-27T13:30:00.480+0000] {dag.py:2690} INFO - Sync 1 DAGs
[2023-03-27T13:30:00.637+0000] {logging_mixin.py:137} INFO - [2023-03-27T13:30:00.637+0000] {dag.py:3441} INFO - Setting next_dagrun for example_complex to None, run_after=None
[2023-03-27T13:30:00.870+0000] {processor.py:175} INFO - Processing /home/airflow/.local/lib/python3.7/site-packages/airflow/example_dags/example_complex.py took 0.816 seconds
[2023-03-27T13:30:31.307+0000] {processor.py:153} INFO - Started process (PID=419) to work on /home/airflow/.local/lib/python3.7/site-packages/airflow/example_dags/example_complex.py
[2023-03-27T13:30:31.309+0000] {processor.py:743} INFO - Processing file /home/airflow/.local/lib/python3.7/site-packages/airflow/example_dags/example_complex.py for tasks to queue
[2023-03-27T13:30:31.311+0000] {logging_mixin.py:137} INFO - [2023-03-27T13:30:31.311+0000] {dagbag.py:538} INFO - Filling up the DagBag from /home/airflow/.local/lib/python3.7/site-packages/airflow/example_dags/example_complex.py
[2023-03-27T13:30:31.363+0000] {logging_mixin.py:137} INFO - [2023-03-27T13:30:31.363+0000] {taskmixin.py:205} WARNING - Dependency <Task(BashOperator): create_entry_group>, delete_entry_group already registered for DAG: example_complex
[2023-03-27T13:30:31.364+0000] {logging_mixin.py:137} INFO - [2023-03-27T13:30:31.364+0000] {taskmixin.py:205} WARNING - Dependency <Task(BashOperator): delete_entry_group>, create_entry_group already registered for DAG: example_complex
[2023-03-27T13:30:31.365+0000] {logging_mixin.py:137} INFO - [2023-03-27T13:30:31.365+0000] {taskmixin.py:205} WARNING - Dependency <Task(BashOperator): create_entry_gcs>, delete_entry already registered for DAG: example_complex
[2023-03-27T13:30:31.367+0000] {logging_mixin.py:137} INFO - [2023-03-27T13:30:31.366+0000] {taskmixin.py:205} WARNING - Dependency <Task(BashOperator): delete_entry>, create_entry_gcs already registered for DAG: example_complex
[2023-03-27T13:30:31.368+0000] {logging_mixin.py:137} INFO - [2023-03-27T13:30:31.368+0000] {taskmixin.py:205} WARNING - Dependency <Task(BashOperator): create_tag>, delete_tag already registered for DAG: example_complex
[2023-03-27T13:30:31.369+0000] {logging_mixin.py:137} INFO - [2023-03-27T13:30:31.369+0000] {taskmixin.py:205} WARNING - Dependency <Task(BashOperator): delete_tag>, create_tag already registered for DAG: example_complex
[2023-03-27T13:30:31.407+0000] {processor.py:753} INFO - DAG(s) dict_keys(['example_complex']) retrieved from /home/airflow/.local/lib/python3.7/site-packages/airflow/example_dags/example_complex.py
[2023-03-27T13:30:31.533+0000] {logging_mixin.py:137} INFO - [2023-03-27T13:30:31.532+0000] {dag.py:2690} INFO - Sync 1 DAGs
[2023-03-27T13:30:31.576+0000] {logging_mixin.py:137} INFO - [2023-03-27T13:30:31.575+0000] {dag.py:3441} INFO - Setting next_dagrun for example_complex to None, run_after=None
[2023-03-27T13:30:31.757+0000] {processor.py:175} INFO - Processing /home/airflow/.local/lib/python3.7/site-packages/airflow/example_dags/example_complex.py took 0.463 seconds
[2023-03-27T13:31:02.248+0000] {processor.py:153} INFO - Started process (PID=486) to work on /home/airflow/.local/lib/python3.7/site-packages/airflow/example_dags/example_complex.py
[2023-03-27T13:31:02.268+0000] {processor.py:743} INFO - Processing file /home/airflow/.local/lib/python3.7/site-packages/airflow/example_dags/example_complex.py for tasks to queue
[2023-03-27T13:31:02.275+0000] {logging_mixin.py:137} INFO - [2023-03-27T13:31:02.274+0000] {dagbag.py:538} INFO - Filling up the DagBag from /home/airflow/.local/lib/python3.7/site-packages/airflow/example_dags/example_complex.py
[2023-03-27T13:31:02.360+0000] {logging_mixin.py:137} INFO - [2023-03-27T13:31:02.346+0000] {taskmixin.py:205} WARNING - Dependency <Task(BashOperator): create_entry_group>, delete_entry_group already registered for DAG: example_complex
[2023-03-27T13:31:02.390+0000] {logging_mixin.py:137} INFO - [2023-03-27T13:31:02.390+0000] {taskmixin.py:205} WARNING - Dependency <Task(BashOperator): delete_entry_group>, create_entry_group already registered for DAG: example_complex
[2023-03-27T13:31:02.401+0000] {logging_mixin.py:137} INFO - [2023-03-27T13:31:02.400+0000] {taskmixin.py:205} WARNING - Dependency <Task(BashOperator): create_entry_gcs>, delete_entry already registered for DAG: example_complex
[2023-03-27T13:31:02.407+0000] {logging_mixin.py:137} INFO - [2023-03-27T13:31:02.406+0000] {taskmixin.py:205} WARNING - Dependency <Task(BashOperator): delete_entry>, create_entry_gcs already registered for DAG: example_complex
[2023-03-27T13:31:02.418+0000] {logging_mixin.py:137} INFO - [2023-03-27T13:31:02.418+0000] {taskmixin.py:205} WARNING - Dependency <Task(BashOperator): create_tag>, delete_tag already registered for DAG: example_complex
[2023-03-27T13:31:02.439+0000] {logging_mixin.py:137} INFO - [2023-03-27T13:31:02.438+0000] {taskmixin.py:205} WARNING - Dependency <Task(BashOperator): delete_tag>, create_tag already registered for DAG: example_complex
[2023-03-27T13:31:02.509+0000] {processor.py:753} INFO - DAG(s) dict_keys(['example_complex']) retrieved from /home/airflow/.local/lib/python3.7/site-packages/airflow/example_dags/example_complex.py
[2023-03-27T13:31:02.882+0000] {logging_mixin.py:137} INFO - [2023-03-27T13:31:02.882+0000] {dag.py:2690} INFO - Sync 1 DAGs
[2023-03-27T13:31:03.053+0000] {logging_mixin.py:137} INFO - [2023-03-27T13:31:03.053+0000] {dag.py:3441} INFO - Setting next_dagrun for example_complex to None, run_after=None
[2023-03-27T13:31:03.174+0000] {processor.py:175} INFO - Processing /home/airflow/.local/lib/python3.7/site-packages/airflow/example_dags/example_complex.py took 0.930 seconds
[2023-03-27T13:31:36.806+0000] {processor.py:153} INFO - Started process (PID=551) to work on /home/airflow/.local/lib/python3.7/site-packages/airflow/example_dags/example_complex.py
[2023-03-27T13:31:36.812+0000] {processor.py:743} INFO - Processing file /home/airflow/.local/lib/python3.7/site-packages/airflow/example_dags/example_complex.py for tasks to queue
[2023-03-27T13:31:36.819+0000] {logging_mixin.py:137} INFO - [2023-03-27T13:31:36.818+0000] {dagbag.py:538} INFO - Filling up the DagBag from /home/airflow/.local/lib/python3.7/site-packages/airflow/example_dags/example_complex.py
[2023-03-27T13:31:36.863+0000] {logging_mixin.py:137} INFO - [2023-03-27T13:31:36.862+0000] {taskmixin.py:205} WARNING - Dependency <Task(BashOperator): create_entry_group>, delete_entry_group already registered for DAG: example_complex
[2023-03-27T13:31:36.867+0000] {logging_mixin.py:137} INFO - [2023-03-27T13:31:36.866+0000] {taskmixin.py:205} WARNING - Dependency <Task(BashOperator): delete_entry_group>, create_entry_group already registered for DAG: example_complex
[2023-03-27T13:31:36.869+0000] {logging_mixin.py:137} INFO - [2023-03-27T13:31:36.869+0000] {taskmixin.py:205} WARNING - Dependency <Task(BashOperator): create_entry_gcs>, delete_entry already registered for DAG: example_complex
[2023-03-27T13:31:36.871+0000] {logging_mixin.py:137} INFO - [2023-03-27T13:31:36.870+0000] {taskmixin.py:205} WARNING - Dependency <Task(BashOperator): delete_entry>, create_entry_gcs already registered for DAG: example_complex
[2023-03-27T13:31:36.872+0000] {logging_mixin.py:137} INFO - [2023-03-27T13:31:36.872+0000] {taskmixin.py:205} WARNING - Dependency <Task(BashOperator): create_tag>, delete_tag already registered for DAG: example_complex
[2023-03-27T13:31:36.873+0000] {logging_mixin.py:137} INFO - [2023-03-27T13:31:36.873+0000] {taskmixin.py:205} WARNING - Dependency <Task(BashOperator): delete_tag>, create_tag already registered for DAG: example_complex
[2023-03-27T13:31:36.897+0000] {processor.py:753} INFO - DAG(s) dict_keys(['example_complex']) retrieved from /home/airflow/.local/lib/python3.7/site-packages/airflow/example_dags/example_complex.py
[2023-03-27T13:31:37.028+0000] {logging_mixin.py:137} INFO - [2023-03-27T13:31:37.026+0000] {dag.py:2690} INFO - Sync 1 DAGs
[2023-03-27T13:31:37.118+0000] {logging_mixin.py:137} INFO - [2023-03-27T13:31:37.118+0000] {dag.py:3441} INFO - Setting next_dagrun for example_complex to None, run_after=None
[2023-03-27T13:31:37.210+0000] {processor.py:175} INFO - Processing /home/airflow/.local/lib/python3.7/site-packages/airflow/example_dags/example_complex.py took 0.410 seconds
[2023-03-27T13:32:13.963+0000] {processor.py:153} INFO - Started process (PID=616) to work on /home/airflow/.local/lib/python3.7/site-packages/airflow/example_dags/example_complex.py
[2023-03-27T13:32:13.971+0000] {processor.py:743} INFO - Processing file /home/airflow/.local/lib/python3.7/site-packages/airflow/example_dags/example_complex.py for tasks to queue
[2023-03-27T13:32:13.974+0000] {logging_mixin.py:137} INFO - [2023-03-27T13:32:13.973+0000] {dagbag.py:538} INFO - Filling up the DagBag from /home/airflow/.local/lib/python3.7/site-packages/airflow/example_dags/example_complex.py
[2023-03-27T13:32:14.048+0000] {logging_mixin.py:137} INFO - [2023-03-27T13:32:14.048+0000] {taskmixin.py:205} WARNING - Dependency <Task(BashOperator): create_entry_group>, delete_entry_group already registered for DAG: example_complex
[2023-03-27T13:32:14.050+0000] {logging_mixin.py:137} INFO - [2023-03-27T13:32:14.050+0000] {taskmixin.py:205} WARNING - Dependency <Task(BashOperator): delete_entry_group>, create_entry_group already registered for DAG: example_complex
[2023-03-27T13:32:14.051+0000] {logging_mixin.py:137} INFO - [2023-03-27T13:32:14.051+0000] {taskmixin.py:205} WARNING - Dependency <Task(BashOperator): create_entry_gcs>, delete_entry already registered for DAG: example_complex
[2023-03-27T13:32:14.052+0000] {logging_mixin.py:137} INFO - [2023-03-27T13:32:14.052+0000] {taskmixin.py:205} WARNING - Dependency <Task(BashOperator): delete_entry>, create_entry_gcs already registered for DAG: example_complex
[2023-03-27T13:32:14.055+0000] {logging_mixin.py:137} INFO - [2023-03-27T13:32:14.054+0000] {taskmixin.py:205} WARNING - Dependency <Task(BashOperator): create_tag>, delete_tag already registered for DAG: example_complex
[2023-03-27T13:32:14.059+0000] {logging_mixin.py:137} INFO - [2023-03-27T13:32:14.058+0000] {taskmixin.py:205} WARNING - Dependency <Task(BashOperator): delete_tag>, create_tag already registered for DAG: example_complex
[2023-03-27T13:32:14.073+0000] {processor.py:753} INFO - DAG(s) dict_keys(['example_complex']) retrieved from /home/airflow/.local/lib/python3.7/site-packages/airflow/example_dags/example_complex.py
[2023-03-27T13:32:14.263+0000] {logging_mixin.py:137} INFO - [2023-03-27T13:32:14.263+0000] {dag.py:2690} INFO - Sync 1 DAGs
[2023-03-27T13:32:14.388+0000] {logging_mixin.py:137} INFO - [2023-03-27T13:32:14.387+0000] {dag.py:3441} INFO - Setting next_dagrun for example_complex to None, run_after=None
[2023-03-27T13:32:14.491+0000] {processor.py:175} INFO - Processing /home/airflow/.local/lib/python3.7/site-packages/airflow/example_dags/example_complex.py took 0.534 seconds
[2023-03-27T13:32:48.071+0000] {processor.py:153} INFO - Started process (PID=689) to work on /home/airflow/.local/lib/python3.7/site-packages/airflow/example_dags/example_complex.py
[2023-03-27T13:32:48.242+0000] {processor.py:743} INFO - Processing file /home/airflow/.local/lib/python3.7/site-packages/airflow/example_dags/example_complex.py for tasks to queue
[2023-03-27T13:32:48.304+0000] {logging_mixin.py:137} INFO - [2023-03-27T13:32:48.303+0000] {dagbag.py:538} INFO - Filling up the DagBag from /home/airflow/.local/lib/python3.7/site-packages/airflow/example_dags/example_complex.py
[2023-03-27T13:32:48.462+0000] {logging_mixin.py:137} INFO - [2023-03-27T13:32:48.462+0000] {taskmixin.py:205} WARNING - Dependency <Task(BashOperator): create_entry_group>, delete_entry_group already registered for DAG: example_complex
[2023-03-27T13:32:48.520+0000] {logging_mixin.py:137} INFO - [2023-03-27T13:32:48.520+0000] {taskmixin.py:205} WARNING - Dependency <Task(BashOperator): delete_entry_group>, create_entry_group already registered for DAG: example_complex
[2023-03-27T13:32:48.577+0000] {logging_mixin.py:137} INFO - [2023-03-27T13:32:48.574+0000] {taskmixin.py:205} WARNING - Dependency <Task(BashOperator): create_entry_gcs>, delete_entry already registered for DAG: example_complex
[2023-03-27T13:32:48.635+0000] {logging_mixin.py:137} INFO - [2023-03-27T13:32:48.635+0000] {taskmixin.py:205} WARNING - Dependency <Task(BashOperator): delete_entry>, create_entry_gcs already registered for DAG: example_complex
[2023-03-27T13:32:48.752+0000] {logging_mixin.py:137} INFO - [2023-03-27T13:32:48.752+0000] {taskmixin.py:205} WARNING - Dependency <Task(BashOperator): create_tag>, delete_tag already registered for DAG: example_complex
[2023-03-27T13:32:48.793+0000] {logging_mixin.py:137} INFO - [2023-03-27T13:32:48.793+0000] {taskmixin.py:205} WARNING - Dependency <Task(BashOperator): delete_tag>, create_tag already registered for DAG: example_complex
[2023-03-27T13:32:48.847+0000] {processor.py:753} INFO - DAG(s) dict_keys(['example_complex']) retrieved from /home/airflow/.local/lib/python3.7/site-packages/airflow/example_dags/example_complex.py
[2023-03-27T13:32:49.061+0000] {logging_mixin.py:137} INFO - [2023-03-27T13:32:49.061+0000] {dag.py:2690} INFO - Sync 1 DAGs
[2023-03-27T13:32:49.217+0000] {logging_mixin.py:137} INFO - [2023-03-27T13:32:49.217+0000] {dag.py:3441} INFO - Setting next_dagrun for example_complex to None, run_after=None
[2023-03-27T13:32:49.635+0000] {processor.py:175} INFO - Processing /home/airflow/.local/lib/python3.7/site-packages/airflow/example_dags/example_complex.py took 1.580 seconds
[2023-03-27T13:33:24.043+0000] {processor.py:153} INFO - Started process (PID=755) to work on /home/airflow/.local/lib/python3.7/site-packages/airflow/example_dags/example_complex.py
[2023-03-27T13:33:24.045+0000] {processor.py:743} INFO - Processing file /home/airflow/.local/lib/python3.7/site-packages/airflow/example_dags/example_complex.py for tasks to queue
[2023-03-27T13:33:24.048+0000] {logging_mixin.py:137} INFO - [2023-03-27T13:33:24.047+0000] {dagbag.py:538} INFO - Filling up the DagBag from /home/airflow/.local/lib/python3.7/site-packages/airflow/example_dags/example_complex.py
[2023-03-27T13:33:24.235+0000] {logging_mixin.py:137} INFO - [2023-03-27T13:33:24.235+0000] {taskmixin.py:205} WARNING - Dependency <Task(BashOperator): create_entry_group>, delete_entry_group already registered for DAG: example_complex
[2023-03-27T13:33:24.259+0000] {logging_mixin.py:137} INFO - [2023-03-27T13:33:24.259+0000] {taskmixin.py:205} WARNING - Dependency <Task(BashOperator): delete_entry_group>, create_entry_group already registered for DAG: example_complex
[2023-03-27T13:33:24.297+0000] {logging_mixin.py:137} INFO - [2023-03-27T13:33:24.297+0000] {taskmixin.py:205} WARNING - Dependency <Task(BashOperator): create_entry_gcs>, delete_entry already registered for DAG: example_complex
[2023-03-27T13:33:24.333+0000] {logging_mixin.py:137} INFO - [2023-03-27T13:33:24.333+0000] {taskmixin.py:205} WARNING - Dependency <Task(BashOperator): delete_entry>, create_entry_gcs already registered for DAG: example_complex
[2023-03-27T13:33:24.379+0000] {logging_mixin.py:137} INFO - [2023-03-27T13:33:24.379+0000] {taskmixin.py:205} WARNING - Dependency <Task(BashOperator): create_tag>, delete_tag already registered for DAG: example_complex
[2023-03-27T13:33:24.419+0000] {logging_mixin.py:137} INFO - [2023-03-27T13:33:24.419+0000] {taskmixin.py:205} WARNING - Dependency <Task(BashOperator): delete_tag>, create_tag already registered for DAG: example_complex
[2023-03-27T13:33:24.464+0000] {processor.py:753} INFO - DAG(s) dict_keys(['example_complex']) retrieved from /home/airflow/.local/lib/python3.7/site-packages/airflow/example_dags/example_complex.py
[2023-03-27T13:33:24.653+0000] {logging_mixin.py:137} INFO - [2023-03-27T13:33:24.652+0000] {dag.py:2690} INFO - Sync 1 DAGs
[2023-03-27T13:33:24.933+0000] {logging_mixin.py:137} INFO - [2023-03-27T13:33:24.933+0000] {dag.py:3441} INFO - Setting next_dagrun for example_complex to None, run_after=None
[2023-03-27T13:33:25.104+0000] {processor.py:175} INFO - Processing /home/airflow/.local/lib/python3.7/site-packages/airflow/example_dags/example_complex.py took 1.104 seconds
[2023-03-27T13:33:59.289+0000] {processor.py:153} INFO - Started process (PID=821) to work on /home/airflow/.local/lib/python3.7/site-packages/airflow/example_dags/example_complex.py
[2023-03-27T13:33:59.299+0000] {processor.py:743} INFO - Processing file /home/airflow/.local/lib/python3.7/site-packages/airflow/example_dags/example_complex.py for tasks to queue
[2023-03-27T13:33:59.301+0000] {logging_mixin.py:137} INFO - [2023-03-27T13:33:59.300+0000] {dagbag.py:538} INFO - Filling up the DagBag from /home/airflow/.local/lib/python3.7/site-packages/airflow/example_dags/example_complex.py
[2023-03-27T13:33:59.364+0000] {logging_mixin.py:137} INFO - [2023-03-27T13:33:59.364+0000] {taskmixin.py:205} WARNING - Dependency <Task(BashOperator): create_entry_group>, delete_entry_group already registered for DAG: example_complex
[2023-03-27T13:33:59.413+0000] {logging_mixin.py:137} INFO - [2023-03-27T13:33:59.412+0000] {taskmixin.py:205} WARNING - Dependency <Task(BashOperator): delete_entry_group>, create_entry_group already registered for DAG: example_complex
[2023-03-27T13:33:59.466+0000] {logging_mixin.py:137} INFO - [2023-03-27T13:33:59.465+0000] {taskmixin.py:205} WARNING - Dependency <Task(BashOperator): create_entry_gcs>, delete_entry already registered for DAG: example_complex
[2023-03-27T13:33:59.517+0000] {logging_mixin.py:137} INFO - [2023-03-27T13:33:59.517+0000] {taskmixin.py:205} WARNING - Dependency <Task(BashOperator): delete_entry>, create_entry_gcs already registered for DAG: example_complex
[2023-03-27T13:33:59.561+0000] {logging_mixin.py:137} INFO - [2023-03-27T13:33:59.561+0000] {taskmixin.py:205} WARNING - Dependency <Task(BashOperator): create_tag>, delete_tag already registered for DAG: example_complex
[2023-03-27T13:33:59.573+0000] {logging_mixin.py:137} INFO - [2023-03-27T13:33:59.573+0000] {taskmixin.py:205} WARNING - Dependency <Task(BashOperator): delete_tag>, create_tag already registered for DAG: example_complex
[2023-03-27T13:33:59.603+0000] {processor.py:753} INFO - DAG(s) dict_keys(['example_complex']) retrieved from /home/airflow/.local/lib/python3.7/site-packages/airflow/example_dags/example_complex.py
[2023-03-27T13:33:59.706+0000] {logging_mixin.py:137} INFO - [2023-03-27T13:33:59.706+0000] {dag.py:2690} INFO - Sync 1 DAGs
[2023-03-27T13:33:59.811+0000] {logging_mixin.py:137} INFO - [2023-03-27T13:33:59.810+0000] {dag.py:3441} INFO - Setting next_dagrun for example_complex to None, run_after=None
[2023-03-27T13:34:00.148+0000] {processor.py:175} INFO - Processing /home/airflow/.local/lib/python3.7/site-packages/airflow/example_dags/example_complex.py took 0.867 seconds
[2023-03-27T13:34:35.572+0000] {processor.py:153} INFO - Started process (PID=887) to work on /home/airflow/.local/lib/python3.7/site-packages/airflow/example_dags/example_complex.py
[2023-03-27T13:34:35.587+0000] {processor.py:743} INFO - Processing file /home/airflow/.local/lib/python3.7/site-packages/airflow/example_dags/example_complex.py for tasks to queue
[2023-03-27T13:34:35.593+0000] {logging_mixin.py:137} INFO - [2023-03-27T13:34:35.592+0000] {dagbag.py:538} INFO - Filling up the DagBag from /home/airflow/.local/lib/python3.7/site-packages/airflow/example_dags/example_complex.py
[2023-03-27T13:34:35.632+0000] {logging_mixin.py:137} INFO - [2023-03-27T13:34:35.632+0000] {taskmixin.py:205} WARNING - Dependency <Task(BashOperator): create_entry_group>, delete_entry_group already registered for DAG: example_complex
[2023-03-27T13:34:35.638+0000] {logging_mixin.py:137} INFO - [2023-03-27T13:34:35.638+0000] {taskmixin.py:205} WARNING - Dependency <Task(BashOperator): delete_entry_group>, create_entry_group already registered for DAG: example_complex
[2023-03-27T13:34:35.642+0000] {logging_mixin.py:137} INFO - [2023-03-27T13:34:35.642+0000] {taskmixin.py:205} WARNING - Dependency <Task(BashOperator): create_entry_gcs>, delete_entry already registered for DAG: example_complex
[2023-03-27T13:34:35.648+0000] {logging_mixin.py:137} INFO - [2023-03-27T13:34:35.648+0000] {taskmixin.py:205} WARNING - Dependency <Task(BashOperator): delete_entry>, create_entry_gcs already registered for DAG: example_complex
[2023-03-27T13:34:35.660+0000] {logging_mixin.py:137} INFO - [2023-03-27T13:34:35.660+0000] {taskmixin.py:205} WARNING - Dependency <Task(BashOperator): create_tag>, delete_tag already registered for DAG: example_complex
[2023-03-27T13:34:35.670+0000] {logging_mixin.py:137} INFO - [2023-03-27T13:34:35.670+0000] {taskmixin.py:205} WARNING - Dependency <Task(BashOperator): delete_tag>, create_tag already registered for DAG: example_complex
[2023-03-27T13:34:35.698+0000] {processor.py:753} INFO - DAG(s) dict_keys(['example_complex']) retrieved from /home/airflow/.local/lib/python3.7/site-packages/airflow/example_dags/example_complex.py
[2023-03-27T13:34:35.835+0000] {logging_mixin.py:137} INFO - [2023-03-27T13:34:35.835+0000] {dag.py:2690} INFO - Sync 1 DAGs
[2023-03-27T13:34:35.947+0000] {logging_mixin.py:137} INFO - [2023-03-27T13:34:35.947+0000] {dag.py:3441} INFO - Setting next_dagrun for example_complex to None, run_after=None
[2023-03-27T13:34:36.040+0000] {processor.py:175} INFO - Processing /home/airflow/.local/lib/python3.7/site-packages/airflow/example_dags/example_complex.py took 0.474 seconds
[2023-03-27T13:35:08.450+0000] {processor.py:153} INFO - Started process (PID=954) to work on /home/airflow/.local/lib/python3.7/site-packages/airflow/example_dags/example_complex.py
[2023-03-27T13:35:08.494+0000] {processor.py:743} INFO - Processing file /home/airflow/.local/lib/python3.7/site-packages/airflow/example_dags/example_complex.py for tasks to queue
[2023-03-27T13:35:08.542+0000] {logging_mixin.py:137} INFO - [2023-03-27T13:35:08.542+0000] {dagbag.py:538} INFO - Filling up the DagBag from /home/airflow/.local/lib/python3.7/site-packages/airflow/example_dags/example_complex.py
[2023-03-27T13:35:08.630+0000] {logging_mixin.py:137} INFO - [2023-03-27T13:35:08.630+0000] {taskmixin.py:205} WARNING - Dependency <Task(BashOperator): create_entry_group>, delete_entry_group already registered for DAG: example_complex
[2023-03-27T13:35:08.642+0000] {logging_mixin.py:137} INFO - [2023-03-27T13:35:08.634+0000] {taskmixin.py:205} WARNING - Dependency <Task(BashOperator): delete_entry_group>, create_entry_group already registered for DAG: example_complex
[2023-03-27T13:35:08.659+0000] {logging_mixin.py:137} INFO - [2023-03-27T13:35:08.658+0000] {taskmixin.py:205} WARNING - Dependency <Task(BashOperator): create_entry_gcs>, delete_entry already registered for DAG: example_complex
[2023-03-27T13:35:08.666+0000] {logging_mixin.py:137} INFO - [2023-03-27T13:35:08.665+0000] {taskmixin.py:205} WARNING - Dependency <Task(BashOperator): delete_entry>, create_entry_gcs already registered for DAG: example_complex
[2023-03-27T13:35:08.667+0000] {logging_mixin.py:137} INFO - [2023-03-27T13:35:08.667+0000] {taskmixin.py:205} WARNING - Dependency <Task(BashOperator): create_tag>, delete_tag already registered for DAG: example_complex
[2023-03-27T13:35:08.669+0000] {logging_mixin.py:137} INFO - [2023-03-27T13:35:08.669+0000] {taskmixin.py:205} WARNING - Dependency <Task(BashOperator): delete_tag>, create_tag already registered for DAG: example_complex
[2023-03-27T13:35:08.694+0000] {processor.py:753} INFO - DAG(s) dict_keys(['example_complex']) retrieved from /home/airflow/.local/lib/python3.7/site-packages/airflow/example_dags/example_complex.py
[2023-03-27T13:35:08.930+0000] {logging_mixin.py:137} INFO - [2023-03-27T13:35:08.918+0000] {dag.py:2690} INFO - Sync 1 DAGs
[2023-03-27T13:35:09.127+0000] {logging_mixin.py:137} INFO - [2023-03-27T13:35:09.127+0000] {dag.py:3441} INFO - Setting next_dagrun for example_complex to None, run_after=None
[2023-03-27T13:35:09.263+0000] {processor.py:175} INFO - Processing /home/airflow/.local/lib/python3.7/site-packages/airflow/example_dags/example_complex.py took 0.819 seconds
