[2023-03-27T13:28:04.396+0000] {processor.py:153} INFO - Started process (PID=123) to work on /home/airflow/.local/lib/python3.7/site-packages/airflow/example_dags/example_xcomargs.py
[2023-03-27T13:28:04.399+0000] {processor.py:743} INFO - Processing file /home/airflow/.local/lib/python3.7/site-packages/airflow/example_dags/example_xcomargs.py for tasks to queue
[2023-03-27T13:28:04.406+0000] {logging_mixin.py:137} INFO - [2023-03-27T13:28:04.405+0000] {dagbag.py:538} INFO - Filling up the DagBag from /home/airflow/.local/lib/python3.7/site-packages/airflow/example_dags/example_xcomargs.py
[2023-03-27T13:28:04.543+0000] {processor.py:753} INFO - DAG(s) dict_keys(['example_xcom_args', 'example_xcom_args_with_operators']) retrieved from /home/airflow/.local/lib/python3.7/site-packages/airflow/example_dags/example_xcomargs.py
[2023-03-27T13:28:04.679+0000] {logging_mixin.py:137} INFO - [2023-03-27T13:28:04.678+0000] {dag.py:2690} INFO - Sync 2 DAGs
[2023-03-27T13:28:04.774+0000] {logging_mixin.py:137} INFO - [2023-03-27T13:28:04.774+0000] {dag.py:3441} INFO - Setting next_dagrun for example_xcom_args to None, run_after=None
[2023-03-27T13:28:04.782+0000] {logging_mixin.py:137} INFO - [2023-03-27T13:28:04.782+0000] {dag.py:3441} INFO - Setting next_dagrun for example_xcom_args_with_operators to None, run_after=None
[2023-03-27T13:28:04.971+0000] {processor.py:175} INFO - Processing /home/airflow/.local/lib/python3.7/site-packages/airflow/example_dags/example_xcomargs.py took 0.580 seconds
[2023-03-27T13:28:35.151+0000] {processor.py:153} INFO - Started process (PID=182) to work on /home/airflow/.local/lib/python3.7/site-packages/airflow/example_dags/example_xcomargs.py
[2023-03-27T13:28:35.153+0000] {processor.py:743} INFO - Processing file /home/airflow/.local/lib/python3.7/site-packages/airflow/example_dags/example_xcomargs.py for tasks to queue
[2023-03-27T13:28:35.155+0000] {logging_mixin.py:137} INFO - [2023-03-27T13:28:35.154+0000] {dagbag.py:538} INFO - Filling up the DagBag from /home/airflow/.local/lib/python3.7/site-packages/airflow/example_dags/example_xcomargs.py
[2023-03-27T13:28:35.223+0000] {processor.py:753} INFO - DAG(s) dict_keys(['example_xcom_args', 'example_xcom_args_with_operators']) retrieved from /home/airflow/.local/lib/python3.7/site-packages/airflow/example_dags/example_xcomargs.py
[2023-03-27T13:28:35.397+0000] {logging_mixin.py:137} INFO - [2023-03-27T13:28:35.397+0000] {dag.py:2690} INFO - Sync 2 DAGs
[2023-03-27T13:28:35.522+0000] {logging_mixin.py:137} INFO - [2023-03-27T13:28:35.522+0000] {dag.py:3441} INFO - Setting next_dagrun for example_xcom_args to None, run_after=None
[2023-03-27T13:28:35.532+0000] {logging_mixin.py:137} INFO - [2023-03-27T13:28:35.532+0000] {dag.py:3441} INFO - Setting next_dagrun for example_xcom_args_with_operators to None, run_after=None
[2023-03-27T13:28:35.586+0000] {processor.py:175} INFO - Processing /home/airflow/.local/lib/python3.7/site-packages/airflow/example_dags/example_xcomargs.py took 0.441 seconds
[2023-03-27T13:29:14.167+0000] {processor.py:153} INFO - Started process (PID=256) to work on /home/airflow/.local/lib/python3.7/site-packages/airflow/example_dags/example_xcomargs.py
[2023-03-27T13:29:14.192+0000] {processor.py:743} INFO - Processing file /home/airflow/.local/lib/python3.7/site-packages/airflow/example_dags/example_xcomargs.py for tasks to queue
[2023-03-27T13:29:14.197+0000] {logging_mixin.py:137} INFO - [2023-03-27T13:29:14.196+0000] {dagbag.py:538} INFO - Filling up the DagBag from /home/airflow/.local/lib/python3.7/site-packages/airflow/example_dags/example_xcomargs.py
[2023-03-27T13:29:14.296+0000] {processor.py:753} INFO - DAG(s) dict_keys(['example_xcom_args_with_operators', 'example_xcom_args']) retrieved from /home/airflow/.local/lib/python3.7/site-packages/airflow/example_dags/example_xcomargs.py
[2023-03-27T13:29:14.443+0000] {logging_mixin.py:137} INFO - [2023-03-27T13:29:14.443+0000] {dag.py:2690} INFO - Sync 2 DAGs
[2023-03-27T13:29:14.611+0000] {logging_mixin.py:137} INFO - [2023-03-27T13:29:14.611+0000] {dag.py:3441} INFO - Setting next_dagrun for example_xcom_args to None, run_after=None
[2023-03-27T13:29:14.645+0000] {logging_mixin.py:137} INFO - [2023-03-27T13:29:14.644+0000] {dag.py:3441} INFO - Setting next_dagrun for example_xcom_args_with_operators to None, run_after=None
[2023-03-27T13:29:14.771+0000] {processor.py:175} INFO - Processing /home/airflow/.local/lib/python3.7/site-packages/airflow/example_dags/example_xcomargs.py took 0.610 seconds
[2023-03-27T13:29:45.615+0000] {processor.py:153} INFO - Started process (PID=331) to work on /home/airflow/.local/lib/python3.7/site-packages/airflow/example_dags/example_xcomargs.py
[2023-03-27T13:29:45.648+0000] {processor.py:743} INFO - Processing file /home/airflow/.local/lib/python3.7/site-packages/airflow/example_dags/example_xcomargs.py for tasks to queue
[2023-03-27T13:29:45.667+0000] {logging_mixin.py:137} INFO - [2023-03-27T13:29:45.666+0000] {dagbag.py:538} INFO - Filling up the DagBag from /home/airflow/.local/lib/python3.7/site-packages/airflow/example_dags/example_xcomargs.py
[2023-03-27T13:29:45.803+0000] {processor.py:753} INFO - DAG(s) dict_keys(['example_xcom_args_with_operators', 'example_xcom_args']) retrieved from /home/airflow/.local/lib/python3.7/site-packages/airflow/example_dags/example_xcomargs.py
[2023-03-27T13:29:45.920+0000] {logging_mixin.py:137} INFO - [2023-03-27T13:29:45.920+0000] {dag.py:2690} INFO - Sync 2 DAGs
[2023-03-27T13:29:45.973+0000] {logging_mixin.py:137} INFO - [2023-03-27T13:29:45.973+0000] {dag.py:3441} INFO - Setting next_dagrun for example_xcom_args to None, run_after=None
[2023-03-27T13:29:45.994+0000] {logging_mixin.py:137} INFO - [2023-03-27T13:29:45.994+0000] {dag.py:3441} INFO - Setting next_dagrun for example_xcom_args_with_operators to None, run_after=None
[2023-03-27T13:29:46.091+0000] {processor.py:175} INFO - Processing /home/airflow/.local/lib/python3.7/site-packages/airflow/example_dags/example_xcomargs.py took 0.483 seconds
[2023-03-27T13:30:20.011+0000] {processor.py:153} INFO - Started process (PID=396) to work on /home/airflow/.local/lib/python3.7/site-packages/airflow/example_dags/example_xcomargs.py
[2023-03-27T13:30:20.019+0000] {processor.py:743} INFO - Processing file /home/airflow/.local/lib/python3.7/site-packages/airflow/example_dags/example_xcomargs.py for tasks to queue
[2023-03-27T13:30:20.028+0000] {logging_mixin.py:137} INFO - [2023-03-27T13:30:20.028+0000] {dagbag.py:538} INFO - Filling up the DagBag from /home/airflow/.local/lib/python3.7/site-packages/airflow/example_dags/example_xcomargs.py
[2023-03-27T13:30:20.217+0000] {processor.py:753} INFO - DAG(s) dict_keys(['example_xcom_args', 'example_xcom_args_with_operators']) retrieved from /home/airflow/.local/lib/python3.7/site-packages/airflow/example_dags/example_xcomargs.py
[2023-03-27T13:30:20.360+0000] {logging_mixin.py:137} INFO - [2023-03-27T13:30:20.360+0000] {dag.py:2690} INFO - Sync 2 DAGs
[2023-03-27T13:30:20.539+0000] {logging_mixin.py:137} INFO - [2023-03-27T13:30:20.539+0000] {dag.py:3441} INFO - Setting next_dagrun for example_xcom_args to None, run_after=None
[2023-03-27T13:30:20.571+0000] {logging_mixin.py:137} INFO - [2023-03-27T13:30:20.571+0000] {dag.py:3441} INFO - Setting next_dagrun for example_xcom_args_with_operators to None, run_after=None
[2023-03-27T13:30:24.369+0000] {processor.py:175} INFO - Processing /home/airflow/.local/lib/python3.7/site-packages/airflow/example_dags/example_xcomargs.py took 4.375 seconds
[2023-03-27T13:30:55.475+0000] {processor.py:153} INFO - Started process (PID=465) to work on /home/airflow/.local/lib/python3.7/site-packages/airflow/example_dags/example_xcomargs.py
[2023-03-27T13:30:55.493+0000] {processor.py:743} INFO - Processing file /home/airflow/.local/lib/python3.7/site-packages/airflow/example_dags/example_xcomargs.py for tasks to queue
[2023-03-27T13:30:55.498+0000] {logging_mixin.py:137} INFO - [2023-03-27T13:30:55.497+0000] {dagbag.py:538} INFO - Filling up the DagBag from /home/airflow/.local/lib/python3.7/site-packages/airflow/example_dags/example_xcomargs.py
[2023-03-27T13:30:55.627+0000] {processor.py:753} INFO - DAG(s) dict_keys(['example_xcom_args', 'example_xcom_args_with_operators']) retrieved from /home/airflow/.local/lib/python3.7/site-packages/airflow/example_dags/example_xcomargs.py
[2023-03-27T13:30:55.752+0000] {logging_mixin.py:137} INFO - [2023-03-27T13:30:55.751+0000] {dag.py:2690} INFO - Sync 2 DAGs
[2023-03-27T13:30:55.850+0000] {logging_mixin.py:137} INFO - [2023-03-27T13:30:55.849+0000] {dag.py:3441} INFO - Setting next_dagrun for example_xcom_args to None, run_after=None
[2023-03-27T13:30:55.864+0000] {logging_mixin.py:137} INFO - [2023-03-27T13:30:55.863+0000] {dag.py:3441} INFO - Setting next_dagrun for example_xcom_args_with_operators to None, run_after=None
[2023-03-27T13:30:55.931+0000] {processor.py:175} INFO - Processing /home/airflow/.local/lib/python3.7/site-packages/airflow/example_dags/example_xcomargs.py took 0.461 seconds
[2023-03-27T13:31:36.190+0000] {processor.py:153} INFO - Started process (PID=546) to work on /home/airflow/.local/lib/python3.7/site-packages/airflow/example_dags/example_xcomargs.py
[2023-03-27T13:31:36.192+0000] {processor.py:743} INFO - Processing file /home/airflow/.local/lib/python3.7/site-packages/airflow/example_dags/example_xcomargs.py for tasks to queue
[2023-03-27T13:31:36.193+0000] {logging_mixin.py:137} INFO - [2023-03-27T13:31:36.193+0000] {dagbag.py:538} INFO - Filling up the DagBag from /home/airflow/.local/lib/python3.7/site-packages/airflow/example_dags/example_xcomargs.py
[2023-03-27T13:31:36.246+0000] {processor.py:753} INFO - DAG(s) dict_keys(['example_xcom_args', 'example_xcom_args_with_operators']) retrieved from /home/airflow/.local/lib/python3.7/site-packages/airflow/example_dags/example_xcomargs.py
[2023-03-27T13:31:36.311+0000] {logging_mixin.py:137} INFO - [2023-03-27T13:31:36.310+0000] {dag.py:2690} INFO - Sync 2 DAGs
[2023-03-27T13:31:36.383+0000] {logging_mixin.py:137} INFO - [2023-03-27T13:31:36.383+0000] {dag.py:3441} INFO - Setting next_dagrun for example_xcom_args to None, run_after=None
[2023-03-27T13:31:36.396+0000] {logging_mixin.py:137} INFO - [2023-03-27T13:31:36.396+0000] {dag.py:3441} INFO - Setting next_dagrun for example_xcom_args_with_operators to None, run_after=None
[2023-03-27T13:31:36.448+0000] {processor.py:175} INFO - Processing /home/airflow/.local/lib/python3.7/site-packages/airflow/example_dags/example_xcomargs.py took 0.266 seconds
[2023-03-27T13:32:18.133+0000] {processor.py:153} INFO - Started process (PID=629) to work on /home/airflow/.local/lib/python3.7/site-packages/airflow/example_dags/example_xcomargs.py
[2023-03-27T13:32:18.135+0000] {processor.py:743} INFO - Processing file /home/airflow/.local/lib/python3.7/site-packages/airflow/example_dags/example_xcomargs.py for tasks to queue
[2023-03-27T13:32:18.137+0000] {logging_mixin.py:137} INFO - [2023-03-27T13:32:18.137+0000] {dagbag.py:538} INFO - Filling up the DagBag from /home/airflow/.local/lib/python3.7/site-packages/airflow/example_dags/example_xcomargs.py
[2023-03-27T13:32:18.277+0000] {processor.py:753} INFO - DAG(s) dict_keys(['example_xcom_args', 'example_xcom_args_with_operators']) retrieved from /home/airflow/.local/lib/python3.7/site-packages/airflow/example_dags/example_xcomargs.py
[2023-03-27T13:32:18.443+0000] {logging_mixin.py:137} INFO - [2023-03-27T13:32:18.442+0000] {dag.py:2690} INFO - Sync 2 DAGs
[2023-03-27T13:32:18.583+0000] {logging_mixin.py:137} INFO - [2023-03-27T13:32:18.583+0000] {dag.py:3441} INFO - Setting next_dagrun for example_xcom_args to None, run_after=None
[2023-03-27T13:32:18.601+0000] {logging_mixin.py:137} INFO - [2023-03-27T13:32:18.601+0000] {dag.py:3441} INFO - Setting next_dagrun for example_xcom_args_with_operators to None, run_after=None
[2023-03-27T13:32:18.779+0000] {processor.py:175} INFO - Processing /home/airflow/.local/lib/python3.7/site-packages/airflow/example_dags/example_xcomargs.py took 0.655 seconds
[2023-03-27T13:32:59.856+0000] {processor.py:153} INFO - Started process (PID=715) to work on /home/airflow/.local/lib/python3.7/site-packages/airflow/example_dags/example_xcomargs.py
[2023-03-27T13:32:59.866+0000] {processor.py:743} INFO - Processing file /home/airflow/.local/lib/python3.7/site-packages/airflow/example_dags/example_xcomargs.py for tasks to queue
[2023-03-27T13:32:59.875+0000] {logging_mixin.py:137} INFO - [2023-03-27T13:32:59.874+0000] {dagbag.py:538} INFO - Filling up the DagBag from /home/airflow/.local/lib/python3.7/site-packages/airflow/example_dags/example_xcomargs.py
[2023-03-27T13:32:59.969+0000] {processor.py:753} INFO - DAG(s) dict_keys(['example_xcom_args', 'example_xcom_args_with_operators']) retrieved from /home/airflow/.local/lib/python3.7/site-packages/airflow/example_dags/example_xcomargs.py
[2023-03-27T13:33:00.121+0000] {logging_mixin.py:137} INFO - [2023-03-27T13:33:00.120+0000] {dag.py:2690} INFO - Sync 2 DAGs
[2023-03-27T13:33:00.277+0000] {logging_mixin.py:137} INFO - [2023-03-27T13:33:00.276+0000] {dag.py:3441} INFO - Setting next_dagrun for example_xcom_args to None, run_after=None
[2023-03-27T13:33:00.301+0000] {logging_mixin.py:137} INFO - [2023-03-27T13:33:00.300+0000] {dag.py:3441} INFO - Setting next_dagrun for example_xcom_args_with_operators to None, run_after=None
[2023-03-27T13:33:00.408+0000] {processor.py:175} INFO - Processing /home/airflow/.local/lib/python3.7/site-packages/airflow/example_dags/example_xcomargs.py took 0.569 seconds
[2023-03-27T13:33:37.186+0000] {processor.py:153} INFO - Started process (PID=782) to work on /home/airflow/.local/lib/python3.7/site-packages/airflow/example_dags/example_xcomargs.py
[2023-03-27T13:33:37.195+0000] {processor.py:743} INFO - Processing file /home/airflow/.local/lib/python3.7/site-packages/airflow/example_dags/example_xcomargs.py for tasks to queue
[2023-03-27T13:33:37.212+0000] {logging_mixin.py:137} INFO - [2023-03-27T13:33:37.211+0000] {dagbag.py:538} INFO - Filling up the DagBag from /home/airflow/.local/lib/python3.7/site-packages/airflow/example_dags/example_xcomargs.py
[2023-03-27T13:33:37.387+0000] {processor.py:753} INFO - DAG(s) dict_keys(['example_xcom_args', 'example_xcom_args_with_operators']) retrieved from /home/airflow/.local/lib/python3.7/site-packages/airflow/example_dags/example_xcomargs.py
[2023-03-27T13:33:37.556+0000] {logging_mixin.py:137} INFO - [2023-03-27T13:33:37.555+0000] {dag.py:2690} INFO - Sync 2 DAGs
[2023-03-27T13:33:37.717+0000] {logging_mixin.py:137} INFO - [2023-03-27T13:33:37.717+0000] {dag.py:3441} INFO - Setting next_dagrun for example_xcom_args to None, run_after=None
[2023-03-27T13:33:37.738+0000] {logging_mixin.py:137} INFO - [2023-03-27T13:33:37.737+0000] {dag.py:3441} INFO - Setting next_dagrun for example_xcom_args_with_operators to None, run_after=None
[2023-03-27T13:33:37.851+0000] {processor.py:175} INFO - Processing /home/airflow/.local/lib/python3.7/site-packages/airflow/example_dags/example_xcomargs.py took 0.671 seconds
[2023-03-27T13:34:16.394+0000] {processor.py:153} INFO - Started process (PID=860) to work on /home/airflow/.local/lib/python3.7/site-packages/airflow/example_dags/example_xcomargs.py
[2023-03-27T13:34:16.400+0000] {processor.py:743} INFO - Processing file /home/airflow/.local/lib/python3.7/site-packages/airflow/example_dags/example_xcomargs.py for tasks to queue
[2023-03-27T13:34:16.416+0000] {logging_mixin.py:137} INFO - [2023-03-27T13:34:16.416+0000] {dagbag.py:538} INFO - Filling up the DagBag from /home/airflow/.local/lib/python3.7/site-packages/airflow/example_dags/example_xcomargs.py
[2023-03-27T13:34:16.562+0000] {processor.py:753} INFO - DAG(s) dict_keys(['example_xcom_args', 'example_xcom_args_with_operators']) retrieved from /home/airflow/.local/lib/python3.7/site-packages/airflow/example_dags/example_xcomargs.py
[2023-03-27T13:34:17.293+0000] {logging_mixin.py:137} INFO - [2023-03-27T13:34:17.292+0000] {dag.py:2690} INFO - Sync 2 DAGs
[2023-03-27T13:34:18.461+0000] {logging_mixin.py:137} INFO - [2023-03-27T13:34:18.460+0000] {dag.py:3441} INFO - Setting next_dagrun for example_xcom_args to None, run_after=None
[2023-03-27T13:34:18.546+0000] {logging_mixin.py:137} INFO - [2023-03-27T13:34:18.545+0000] {dag.py:3441} INFO - Setting next_dagrun for example_xcom_args_with_operators to None, run_after=None
[2023-03-27T13:34:18.728+0000] {processor.py:175} INFO - Processing /home/airflow/.local/lib/python3.7/site-packages/airflow/example_dags/example_xcomargs.py took 2.340 seconds
[2023-03-27T13:34:53.128+0000] {processor.py:153} INFO - Started process (PID=928) to work on /home/airflow/.local/lib/python3.7/site-packages/airflow/example_dags/example_xcomargs.py
[2023-03-27T13:34:53.130+0000] {processor.py:743} INFO - Processing file /home/airflow/.local/lib/python3.7/site-packages/airflow/example_dags/example_xcomargs.py for tasks to queue
[2023-03-27T13:34:53.140+0000] {logging_mixin.py:137} INFO - [2023-03-27T13:34:53.132+0000] {dagbag.py:538} INFO - Filling up the DagBag from /home/airflow/.local/lib/python3.7/site-packages/airflow/example_dags/example_xcomargs.py
[2023-03-27T13:34:53.268+0000] {processor.py:753} INFO - DAG(s) dict_keys(['example_xcom_args', 'example_xcom_args_with_operators']) retrieved from /home/airflow/.local/lib/python3.7/site-packages/airflow/example_dags/example_xcomargs.py
[2023-03-27T13:34:53.420+0000] {logging_mixin.py:137} INFO - [2023-03-27T13:34:53.410+0000] {dag.py:2690} INFO - Sync 2 DAGs
[2023-03-27T13:34:53.605+0000] {logging_mixin.py:137} INFO - [2023-03-27T13:34:53.605+0000] {dag.py:3441} INFO - Setting next_dagrun for example_xcom_args to None, run_after=None
[2023-03-27T13:34:53.644+0000] {logging_mixin.py:137} INFO - [2023-03-27T13:34:53.633+0000] {dag.py:3441} INFO - Setting next_dagrun for example_xcom_args_with_operators to None, run_after=None
[2023-03-27T13:34:53.742+0000] {processor.py:175} INFO - Processing /home/airflow/.local/lib/python3.7/site-packages/airflow/example_dags/example_xcomargs.py took 0.620 seconds
