[2023-03-27T13:27:54.003+0000] {processor.py:153} INFO - Started process (PID=84) to work on /home/airflow/.local/lib/python3.7/site-packages/airflow/example_dags/example_sensor_decorator.py
[2023-03-27T13:27:54.013+0000] {processor.py:743} INFO - Processing file /home/airflow/.local/lib/python3.7/site-packages/airflow/example_dags/example_sensor_decorator.py for tasks to queue
[2023-03-27T13:27:54.014+0000] {logging_mixin.py:137} INFO - [2023-03-27T13:27:54.014+0000] {dagbag.py:538} INFO - Filling up the DagBag from /home/airflow/.local/lib/python3.7/site-packages/airflow/example_dags/example_sensor_decorator.py
[2023-03-27T13:27:54.064+0000] {processor.py:753} INFO - DAG(s) dict_keys(['example_sensor_decorator']) retrieved from /home/airflow/.local/lib/python3.7/site-packages/airflow/example_dags/example_sensor_decorator.py
[2023-03-27T13:27:54.156+0000] {logging_mixin.py:137} INFO - [2023-03-27T13:27:54.156+0000] {dag.py:2690} INFO - Sync 1 DAGs
[2023-03-27T13:27:54.230+0000] {logging_mixin.py:137} INFO - [2023-03-27T13:27:54.229+0000] {dag.py:3441} INFO - Setting next_dagrun for example_sensor_decorator to None, run_after=None
[2023-03-27T13:27:54.323+0000] {processor.py:175} INFO - Processing /home/airflow/.local/lib/python3.7/site-packages/airflow/example_dags/example_sensor_decorator.py took 0.327 seconds
[2023-03-27T13:28:26.436+0000] {processor.py:153} INFO - Started process (PID=158) to work on /home/airflow/.local/lib/python3.7/site-packages/airflow/example_dags/example_sensor_decorator.py
[2023-03-27T13:28:26.439+0000] {processor.py:743} INFO - Processing file /home/airflow/.local/lib/python3.7/site-packages/airflow/example_dags/example_sensor_decorator.py for tasks to queue
[2023-03-27T13:28:26.444+0000] {logging_mixin.py:137} INFO - [2023-03-27T13:28:26.444+0000] {dagbag.py:538} INFO - Filling up the DagBag from /home/airflow/.local/lib/python3.7/site-packages/airflow/example_dags/example_sensor_decorator.py
[2023-03-27T13:28:26.533+0000] {processor.py:753} INFO - DAG(s) dict_keys(['example_sensor_decorator']) retrieved from /home/airflow/.local/lib/python3.7/site-packages/airflow/example_dags/example_sensor_decorator.py
[2023-03-27T13:28:26.665+0000] {logging_mixin.py:137} INFO - [2023-03-27T13:28:26.665+0000] {dag.py:2690} INFO - Sync 1 DAGs
[2023-03-27T13:28:26.811+0000] {logging_mixin.py:137} INFO - [2023-03-27T13:28:26.801+0000] {dag.py:3441} INFO - Setting next_dagrun for example_sensor_decorator to None, run_after=None
[2023-03-27T13:28:26.947+0000] {processor.py:175} INFO - Processing /home/airflow/.local/lib/python3.7/site-packages/airflow/example_dags/example_sensor_decorator.py took 0.522 seconds
[2023-03-27T13:28:59.143+0000] {processor.py:153} INFO - Started process (PID=225) to work on /home/airflow/.local/lib/python3.7/site-packages/airflow/example_dags/example_sensor_decorator.py
[2023-03-27T13:28:59.148+0000] {processor.py:743} INFO - Processing file /home/airflow/.local/lib/python3.7/site-packages/airflow/example_dags/example_sensor_decorator.py for tasks to queue
[2023-03-27T13:28:59.164+0000] {logging_mixin.py:137} INFO - [2023-03-27T13:28:59.163+0000] {dagbag.py:538} INFO - Filling up the DagBag from /home/airflow/.local/lib/python3.7/site-packages/airflow/example_dags/example_sensor_decorator.py
[2023-03-27T13:28:59.315+0000] {processor.py:753} INFO - DAG(s) dict_keys(['example_sensor_decorator']) retrieved from /home/airflow/.local/lib/python3.7/site-packages/airflow/example_dags/example_sensor_decorator.py
[2023-03-27T13:28:59.446+0000] {logging_mixin.py:137} INFO - [2023-03-27T13:28:59.446+0000] {dag.py:2690} INFO - Sync 1 DAGs
[2023-03-27T13:28:59.633+0000] {logging_mixin.py:137} INFO - [2023-03-27T13:28:59.632+0000] {dag.py:3441} INFO - Setting next_dagrun for example_sensor_decorator to None, run_after=None
[2023-03-27T13:28:59.709+0000] {processor.py:175} INFO - Processing /home/airflow/.local/lib/python3.7/site-packages/airflow/example_dags/example_sensor_decorator.py took 0.573 seconds
[2023-03-27T13:29:30.070+0000] {processor.py:153} INFO - Started process (PID=289) to work on /home/airflow/.local/lib/python3.7/site-packages/airflow/example_dags/example_sensor_decorator.py
[2023-03-27T13:29:30.072+0000] {processor.py:743} INFO - Processing file /home/airflow/.local/lib/python3.7/site-packages/airflow/example_dags/example_sensor_decorator.py for tasks to queue
[2023-03-27T13:29:30.078+0000] {logging_mixin.py:137} INFO - [2023-03-27T13:29:30.077+0000] {dagbag.py:538} INFO - Filling up the DagBag from /home/airflow/.local/lib/python3.7/site-packages/airflow/example_dags/example_sensor_decorator.py
[2023-03-27T13:29:30.232+0000] {processor.py:753} INFO - DAG(s) dict_keys(['example_sensor_decorator']) retrieved from /home/airflow/.local/lib/python3.7/site-packages/airflow/example_dags/example_sensor_decorator.py
[2023-03-27T13:29:30.363+0000] {logging_mixin.py:137} INFO - [2023-03-27T13:29:30.362+0000] {dag.py:2690} INFO - Sync 1 DAGs
[2023-03-27T13:29:30.509+0000] {logging_mixin.py:137} INFO - [2023-03-27T13:29:30.508+0000] {dag.py:3441} INFO - Setting next_dagrun for example_sensor_decorator to None, run_after=None
[2023-03-27T13:29:30.618+0000] {processor.py:175} INFO - Processing /home/airflow/.local/lib/python3.7/site-packages/airflow/example_dags/example_sensor_decorator.py took 0.555 seconds
[2023-03-27T13:30:02.479+0000] {processor.py:153} INFO - Started process (PID=357) to work on /home/airflow/.local/lib/python3.7/site-packages/airflow/example_dags/example_sensor_decorator.py
[2023-03-27T13:30:02.484+0000] {processor.py:743} INFO - Processing file /home/airflow/.local/lib/python3.7/site-packages/airflow/example_dags/example_sensor_decorator.py for tasks to queue
[2023-03-27T13:30:02.486+0000] {logging_mixin.py:137} INFO - [2023-03-27T13:30:02.486+0000] {dagbag.py:538} INFO - Filling up the DagBag from /home/airflow/.local/lib/python3.7/site-packages/airflow/example_dags/example_sensor_decorator.py
[2023-03-27T13:30:02.623+0000] {processor.py:753} INFO - DAG(s) dict_keys(['example_sensor_decorator']) retrieved from /home/airflow/.local/lib/python3.7/site-packages/airflow/example_dags/example_sensor_decorator.py
[2023-03-27T13:30:02.778+0000] {logging_mixin.py:137} INFO - [2023-03-27T13:30:02.777+0000] {dag.py:2690} INFO - Sync 1 DAGs
[2023-03-27T13:30:02.970+0000] {logging_mixin.py:137} INFO - [2023-03-27T13:30:02.970+0000] {dag.py:3441} INFO - Setting next_dagrun for example_sensor_decorator to None, run_after=None
[2023-03-27T13:30:03.110+0000] {processor.py:175} INFO - Processing /home/airflow/.local/lib/python3.7/site-packages/airflow/example_dags/example_sensor_decorator.py took 0.647 seconds
[2023-03-27T13:30:33.900+0000] {processor.py:153} INFO - Started process (PID=422) to work on /home/airflow/.local/lib/python3.7/site-packages/airflow/example_dags/example_sensor_decorator.py
[2023-03-27T13:30:33.902+0000] {processor.py:743} INFO - Processing file /home/airflow/.local/lib/python3.7/site-packages/airflow/example_dags/example_sensor_decorator.py for tasks to queue
[2023-03-27T13:30:33.904+0000] {logging_mixin.py:137} INFO - [2023-03-27T13:30:33.904+0000] {dagbag.py:538} INFO - Filling up the DagBag from /home/airflow/.local/lib/python3.7/site-packages/airflow/example_dags/example_sensor_decorator.py
[2023-03-27T13:30:33.984+0000] {processor.py:753} INFO - DAG(s) dict_keys(['example_sensor_decorator']) retrieved from /home/airflow/.local/lib/python3.7/site-packages/airflow/example_dags/example_sensor_decorator.py
[2023-03-27T13:30:34.108+0000] {logging_mixin.py:137} INFO - [2023-03-27T13:30:34.108+0000] {dag.py:2690} INFO - Sync 1 DAGs
[2023-03-27T13:30:34.218+0000] {logging_mixin.py:137} INFO - [2023-03-27T13:30:34.218+0000] {dag.py:3441} INFO - Setting next_dagrun for example_sensor_decorator to None, run_after=None
[2023-03-27T13:30:34.306+0000] {processor.py:175} INFO - Processing /home/airflow/.local/lib/python3.7/site-packages/airflow/example_dags/example_sensor_decorator.py took 0.427 seconds
[2023-03-27T13:31:05.166+0000] {processor.py:153} INFO - Started process (PID=496) to work on /home/airflow/.local/lib/python3.7/site-packages/airflow/example_dags/example_sensor_decorator.py
[2023-03-27T13:31:05.236+0000] {processor.py:743} INFO - Processing file /home/airflow/.local/lib/python3.7/site-packages/airflow/example_dags/example_sensor_decorator.py for tasks to queue
[2023-03-27T13:31:05.295+0000] {logging_mixin.py:137} INFO - [2023-03-27T13:31:05.294+0000] {dagbag.py:538} INFO - Filling up the DagBag from /home/airflow/.local/lib/python3.7/site-packages/airflow/example_dags/example_sensor_decorator.py
[2023-03-27T13:31:07.279+0000] {processor.py:753} INFO - DAG(s) dict_keys(['example_sensor_decorator']) retrieved from /home/airflow/.local/lib/python3.7/site-packages/airflow/example_dags/example_sensor_decorator.py
[2023-03-27T13:31:08.416+0000] {logging_mixin.py:137} INFO - [2023-03-27T13:31:08.416+0000] {dag.py:2690} INFO - Sync 1 DAGs
[2023-03-27T13:31:08.812+0000] {logging_mixin.py:137} INFO - [2023-03-27T13:31:08.811+0000] {dag.py:3441} INFO - Setting next_dagrun for example_sensor_decorator to None, run_after=None
[2023-03-27T13:31:08.932+0000] {processor.py:175} INFO - Processing /home/airflow/.local/lib/python3.7/site-packages/airflow/example_dags/example_sensor_decorator.py took 4.259 seconds
[2023-03-27T13:31:39.575+0000] {processor.py:153} INFO - Started process (PID=563) to work on /home/airflow/.local/lib/python3.7/site-packages/airflow/example_dags/example_sensor_decorator.py
[2023-03-27T13:31:39.578+0000] {processor.py:743} INFO - Processing file /home/airflow/.local/lib/python3.7/site-packages/airflow/example_dags/example_sensor_decorator.py for tasks to queue
[2023-03-27T13:31:39.579+0000] {logging_mixin.py:137} INFO - [2023-03-27T13:31:39.579+0000] {dagbag.py:538} INFO - Filling up the DagBag from /home/airflow/.local/lib/python3.7/site-packages/airflow/example_dags/example_sensor_decorator.py
[2023-03-27T13:31:39.645+0000] {processor.py:753} INFO - DAG(s) dict_keys(['example_sensor_decorator']) retrieved from /home/airflow/.local/lib/python3.7/site-packages/airflow/example_dags/example_sensor_decorator.py
[2023-03-27T13:31:39.719+0000] {logging_mixin.py:137} INFO - [2023-03-27T13:31:39.717+0000] {dag.py:2690} INFO - Sync 1 DAGs
[2023-03-27T13:31:39.789+0000] {logging_mixin.py:137} INFO - [2023-03-27T13:31:39.789+0000] {dag.py:3441} INFO - Setting next_dagrun for example_sensor_decorator to None, run_after=None
[2023-03-27T13:31:39.849+0000] {processor.py:175} INFO - Processing /home/airflow/.local/lib/python3.7/site-packages/airflow/example_dags/example_sensor_decorator.py took 0.285 seconds
[2023-03-27T13:32:14.957+0000] {processor.py:153} INFO - Started process (PID=619) to work on /home/airflow/.local/lib/python3.7/site-packages/airflow/example_dags/example_sensor_decorator.py
[2023-03-27T13:32:14.967+0000] {processor.py:743} INFO - Processing file /home/airflow/.local/lib/python3.7/site-packages/airflow/example_dags/example_sensor_decorator.py for tasks to queue
[2023-03-27T13:32:14.969+0000] {logging_mixin.py:137} INFO - [2023-03-27T13:32:14.969+0000] {dagbag.py:538} INFO - Filling up the DagBag from /home/airflow/.local/lib/python3.7/site-packages/airflow/example_dags/example_sensor_decorator.py
[2023-03-27T13:32:15.039+0000] {processor.py:753} INFO - DAG(s) dict_keys(['example_sensor_decorator']) retrieved from /home/airflow/.local/lib/python3.7/site-packages/airflow/example_dags/example_sensor_decorator.py
[2023-03-27T13:32:15.139+0000] {logging_mixin.py:137} INFO - [2023-03-27T13:32:15.139+0000] {dag.py:2690} INFO - Sync 1 DAGs
[2023-03-27T13:32:15.251+0000] {logging_mixin.py:137} INFO - [2023-03-27T13:32:15.251+0000] {dag.py:3441} INFO - Setting next_dagrun for example_sensor_decorator to None, run_after=None
[2023-03-27T13:32:15.341+0000] {processor.py:175} INFO - Processing /home/airflow/.local/lib/python3.7/site-packages/airflow/example_dags/example_sensor_decorator.py took 0.390 seconds
[2023-03-27T13:32:50.949+0000] {processor.py:153} INFO - Started process (PID=692) to work on /home/airflow/.local/lib/python3.7/site-packages/airflow/example_dags/example_sensor_decorator.py
[2023-03-27T13:32:50.980+0000] {processor.py:743} INFO - Processing file /home/airflow/.local/lib/python3.7/site-packages/airflow/example_dags/example_sensor_decorator.py for tasks to queue
[2023-03-27T13:32:51.031+0000] {logging_mixin.py:137} INFO - [2023-03-27T13:32:51.030+0000] {dagbag.py:538} INFO - Filling up the DagBag from /home/airflow/.local/lib/python3.7/site-packages/airflow/example_dags/example_sensor_decorator.py
[2023-03-27T13:32:52.008+0000] {processor.py:753} INFO - DAG(s) dict_keys(['example_sensor_decorator']) retrieved from /home/airflow/.local/lib/python3.7/site-packages/airflow/example_dags/example_sensor_decorator.py
[2023-03-27T13:32:52.977+0000] {logging_mixin.py:137} INFO - [2023-03-27T13:32:52.977+0000] {dag.py:2690} INFO - Sync 1 DAGs
[2023-03-27T13:32:53.392+0000] {logging_mixin.py:137} INFO - [2023-03-27T13:32:53.392+0000] {dag.py:3441} INFO - Setting next_dagrun for example_sensor_decorator to None, run_after=None
[2023-03-27T13:32:53.488+0000] {processor.py:175} INFO - Processing /home/airflow/.local/lib/python3.7/site-packages/airflow/example_dags/example_sensor_decorator.py took 2.545 seconds
[2023-03-27T13:33:26.295+0000] {processor.py:153} INFO - Started process (PID=758) to work on /home/airflow/.local/lib/python3.7/site-packages/airflow/example_dags/example_sensor_decorator.py
[2023-03-27T13:33:26.324+0000] {processor.py:743} INFO - Processing file /home/airflow/.local/lib/python3.7/site-packages/airflow/example_dags/example_sensor_decorator.py for tasks to queue
[2023-03-27T13:33:26.356+0000] {logging_mixin.py:137} INFO - [2023-03-27T13:33:26.356+0000] {dagbag.py:538} INFO - Filling up the DagBag from /home/airflow/.local/lib/python3.7/site-packages/airflow/example_dags/example_sensor_decorator.py
[2023-03-27T13:33:26.546+0000] {processor.py:753} INFO - DAG(s) dict_keys(['example_sensor_decorator']) retrieved from /home/airflow/.local/lib/python3.7/site-packages/airflow/example_dags/example_sensor_decorator.py
[2023-03-27T13:33:26.730+0000] {logging_mixin.py:137} INFO - [2023-03-27T13:33:26.729+0000] {dag.py:2690} INFO - Sync 1 DAGs
[2023-03-27T13:33:27.065+0000] {logging_mixin.py:137} INFO - [2023-03-27T13:33:27.065+0000] {dag.py:3441} INFO - Setting next_dagrun for example_sensor_decorator to None, run_after=None
[2023-03-27T13:33:27.210+0000] {processor.py:175} INFO - Processing /home/airflow/.local/lib/python3.7/site-packages/airflow/example_dags/example_sensor_decorator.py took 0.933 seconds
[2023-03-27T13:34:05.472+0000] {processor.py:153} INFO - Started process (PID=833) to work on /home/airflow/.local/lib/python3.7/site-packages/airflow/example_dags/example_sensor_decorator.py
[2023-03-27T13:34:05.482+0000] {processor.py:743} INFO - Processing file /home/airflow/.local/lib/python3.7/site-packages/airflow/example_dags/example_sensor_decorator.py for tasks to queue
[2023-03-27T13:34:05.483+0000] {logging_mixin.py:137} INFO - [2023-03-27T13:34:05.483+0000] {dagbag.py:538} INFO - Filling up the DagBag from /home/airflow/.local/lib/python3.7/site-packages/airflow/example_dags/example_sensor_decorator.py
[2023-03-27T13:34:05.601+0000] {processor.py:753} INFO - DAG(s) dict_keys(['example_sensor_decorator']) retrieved from /home/airflow/.local/lib/python3.7/site-packages/airflow/example_dags/example_sensor_decorator.py
[2023-03-27T13:34:05.825+0000] {logging_mixin.py:137} INFO - [2023-03-27T13:34:05.825+0000] {dag.py:2690} INFO - Sync 1 DAGs
[2023-03-27T13:34:06.063+0000] {logging_mixin.py:137} INFO - [2023-03-27T13:34:06.062+0000] {dag.py:3441} INFO - Setting next_dagrun for example_sensor_decorator to None, run_after=None
[2023-03-27T13:34:06.585+0000] {processor.py:175} INFO - Processing /home/airflow/.local/lib/python3.7/site-packages/airflow/example_dags/example_sensor_decorator.py took 1.120 seconds
[2023-03-27T13:34:38.185+0000] {processor.py:153} INFO - Started process (PID=891) to work on /home/airflow/.local/lib/python3.7/site-packages/airflow/example_dags/example_sensor_decorator.py
[2023-03-27T13:34:38.196+0000] {processor.py:743} INFO - Processing file /home/airflow/.local/lib/python3.7/site-packages/airflow/example_dags/example_sensor_decorator.py for tasks to queue
[2023-03-27T13:34:38.197+0000] {logging_mixin.py:137} INFO - [2023-03-27T13:34:38.197+0000] {dagbag.py:538} INFO - Filling up the DagBag from /home/airflow/.local/lib/python3.7/site-packages/airflow/example_dags/example_sensor_decorator.py
[2023-03-27T13:34:38.260+0000] {processor.py:753} INFO - DAG(s) dict_keys(['example_sensor_decorator']) retrieved from /home/airflow/.local/lib/python3.7/site-packages/airflow/example_dags/example_sensor_decorator.py
[2023-03-27T13:34:38.312+0000] {logging_mixin.py:137} INFO - [2023-03-27T13:34:38.312+0000] {dag.py:2690} INFO - Sync 1 DAGs
[2023-03-27T13:34:38.350+0000] {logging_mixin.py:137} INFO - [2023-03-27T13:34:38.349+0000] {dag.py:3441} INFO - Setting next_dagrun for example_sensor_decorator to None, run_after=None
[2023-03-27T13:34:38.507+0000] {processor.py:175} INFO - Processing /home/airflow/.local/lib/python3.7/site-packages/airflow/example_dags/example_sensor_decorator.py took 0.327 seconds
[2023-03-27T13:35:10.399+0000] {processor.py:153} INFO - Started process (PID=964) to work on /home/airflow/.local/lib/python3.7/site-packages/airflow/example_dags/example_sensor_decorator.py
[2023-03-27T13:35:10.410+0000] {processor.py:743} INFO - Processing file /home/airflow/.local/lib/python3.7/site-packages/airflow/example_dags/example_sensor_decorator.py for tasks to queue
[2023-03-27T13:35:10.412+0000] {logging_mixin.py:137} INFO - [2023-03-27T13:35:10.412+0000] {dagbag.py:538} INFO - Filling up the DagBag from /home/airflow/.local/lib/python3.7/site-packages/airflow/example_dags/example_sensor_decorator.py
[2023-03-27T13:35:10.505+0000] {processor.py:753} INFO - DAG(s) dict_keys(['example_sensor_decorator']) retrieved from /home/airflow/.local/lib/python3.7/site-packages/airflow/example_dags/example_sensor_decorator.py
[2023-03-27T13:35:10.624+0000] {logging_mixin.py:137} INFO - [2023-03-27T13:35:10.624+0000] {dag.py:2690} INFO - Sync 1 DAGs
[2023-03-27T13:35:10.774+0000] {logging_mixin.py:137} INFO - [2023-03-27T13:35:10.774+0000] {dag.py:3441} INFO - Setting next_dagrun for example_sensor_decorator to None, run_after=None
[2023-03-27T13:35:10.895+0000] {processor.py:175} INFO - Processing /home/airflow/.local/lib/python3.7/site-packages/airflow/example_dags/example_sensor_decorator.py took 0.503 seconds
