[2023-03-27T13:27:55.418+0000] {processor.py:153} INFO - Started process (PID=89) to work on /home/airflow/.local/lib/python3.7/site-packages/airflow/example_dags/tutorial_taskflow_api.py
[2023-03-27T13:27:55.420+0000] {processor.py:743} INFO - Processing file /home/airflow/.local/lib/python3.7/site-packages/airflow/example_dags/tutorial_taskflow_api.py for tasks to queue
[2023-03-27T13:27:55.422+0000] {logging_mixin.py:137} INFO - [2023-03-27T13:27:55.422+0000] {dagbag.py:538} INFO - Filling up the DagBag from /home/airflow/.local/lib/python3.7/site-packages/airflow/example_dags/tutorial_taskflow_api.py
[2023-03-27T13:27:55.523+0000] {processor.py:753} INFO - DAG(s) dict_keys(['tutorial_taskflow_api']) retrieved from /home/airflow/.local/lib/python3.7/site-packages/airflow/example_dags/tutorial_taskflow_api.py
[2023-03-27T13:27:55.588+0000] {logging_mixin.py:137} INFO - [2023-03-27T13:27:55.588+0000] {dag.py:2690} INFO - Sync 1 DAGs
[2023-03-27T13:27:55.689+0000] {logging_mixin.py:137} INFO - [2023-03-27T13:27:55.689+0000] {dag.py:3441} INFO - Setting next_dagrun for tutorial_taskflow_api to None, run_after=None
[2023-03-27T13:27:55.784+0000] {processor.py:175} INFO - Processing /home/airflow/.local/lib/python3.7/site-packages/airflow/example_dags/tutorial_taskflow_api.py took 0.374 seconds
[2023-03-27T13:28:28.005+0000] {processor.py:153} INFO - Started process (PID=163) to work on /home/airflow/.local/lib/python3.7/site-packages/airflow/example_dags/tutorial_taskflow_api.py
[2023-03-27T13:28:28.014+0000] {processor.py:743} INFO - Processing file /home/airflow/.local/lib/python3.7/site-packages/airflow/example_dags/tutorial_taskflow_api.py for tasks to queue
[2023-03-27T13:28:28.019+0000] {logging_mixin.py:137} INFO - [2023-03-27T13:28:28.018+0000] {dagbag.py:538} INFO - Filling up the DagBag from /home/airflow/.local/lib/python3.7/site-packages/airflow/example_dags/tutorial_taskflow_api.py
[2023-03-27T13:28:28.094+0000] {processor.py:753} INFO - DAG(s) dict_keys(['tutorial_taskflow_api']) retrieved from /home/airflow/.local/lib/python3.7/site-packages/airflow/example_dags/tutorial_taskflow_api.py
[2023-03-27T13:28:28.154+0000] {logging_mixin.py:137} INFO - [2023-03-27T13:28:28.154+0000] {dag.py:2690} INFO - Sync 1 DAGs
[2023-03-27T13:28:28.217+0000] {logging_mixin.py:137} INFO - [2023-03-27T13:28:28.216+0000] {dag.py:3441} INFO - Setting next_dagrun for tutorial_taskflow_api to None, run_after=None
[2023-03-27T13:28:28.261+0000] {processor.py:175} INFO - Processing /home/airflow/.local/lib/python3.7/site-packages/airflow/example_dags/tutorial_taskflow_api.py took 0.262 seconds
[2023-03-27T13:29:02.809+0000] {processor.py:153} INFO - Started process (PID=231) to work on /home/airflow/.local/lib/python3.7/site-packages/airflow/example_dags/tutorial_taskflow_api.py
[2023-03-27T13:29:02.841+0000] {processor.py:743} INFO - Processing file /home/airflow/.local/lib/python3.7/site-packages/airflow/example_dags/tutorial_taskflow_api.py for tasks to queue
[2023-03-27T13:29:02.870+0000] {logging_mixin.py:137} INFO - [2023-03-27T13:29:02.870+0000] {dagbag.py:538} INFO - Filling up the DagBag from /home/airflow/.local/lib/python3.7/site-packages/airflow/example_dags/tutorial_taskflow_api.py
[2023-03-27T13:29:03.043+0000] {processor.py:753} INFO - DAG(s) dict_keys(['tutorial_taskflow_api']) retrieved from /home/airflow/.local/lib/python3.7/site-packages/airflow/example_dags/tutorial_taskflow_api.py
[2023-03-27T13:29:03.406+0000] {logging_mixin.py:137} INFO - [2023-03-27T13:29:03.405+0000] {dag.py:2690} INFO - Sync 1 DAGs
[2023-03-27T13:29:03.674+0000] {logging_mixin.py:137} INFO - [2023-03-27T13:29:03.673+0000] {dag.py:3441} INFO - Setting next_dagrun for tutorial_taskflow_api to None, run_after=None
[2023-03-27T13:29:03.915+0000] {processor.py:175} INFO - Processing /home/airflow/.local/lib/python3.7/site-packages/airflow/example_dags/tutorial_taskflow_api.py took 1.139 seconds
[2023-03-27T13:29:35.271+0000] {processor.py:153} INFO - Started process (PID=296) to work on /home/airflow/.local/lib/python3.7/site-packages/airflow/example_dags/tutorial_taskflow_api.py
[2023-03-27T13:29:35.281+0000] {processor.py:743} INFO - Processing file /home/airflow/.local/lib/python3.7/site-packages/airflow/example_dags/tutorial_taskflow_api.py for tasks to queue
[2023-03-27T13:29:35.283+0000] {logging_mixin.py:137} INFO - [2023-03-27T13:29:35.283+0000] {dagbag.py:538} INFO - Filling up the DagBag from /home/airflow/.local/lib/python3.7/site-packages/airflow/example_dags/tutorial_taskflow_api.py
[2023-03-27T13:29:35.366+0000] {processor.py:753} INFO - DAG(s) dict_keys(['tutorial_taskflow_api']) retrieved from /home/airflow/.local/lib/python3.7/site-packages/airflow/example_dags/tutorial_taskflow_api.py
[2023-03-27T13:29:35.557+0000] {logging_mixin.py:137} INFO - [2023-03-27T13:29:35.556+0000] {dag.py:2690} INFO - Sync 1 DAGs
[2023-03-27T13:29:35.669+0000] {logging_mixin.py:137} INFO - [2023-03-27T13:29:35.668+0000] {dag.py:3441} INFO - Setting next_dagrun for tutorial_taskflow_api to None, run_after=None
[2023-03-27T13:29:35.750+0000] {processor.py:175} INFO - Processing /home/airflow/.local/lib/python3.7/site-packages/airflow/example_dags/tutorial_taskflow_api.py took 0.494 seconds
[2023-03-27T13:30:07.287+0000] {processor.py:153} INFO - Started process (PID=370) to work on /home/airflow/.local/lib/python3.7/site-packages/airflow/example_dags/tutorial_taskflow_api.py
[2023-03-27T13:30:07.296+0000] {processor.py:743} INFO - Processing file /home/airflow/.local/lib/python3.7/site-packages/airflow/example_dags/tutorial_taskflow_api.py for tasks to queue
[2023-03-27T13:30:07.333+0000] {logging_mixin.py:137} INFO - [2023-03-27T13:30:07.333+0000] {dagbag.py:538} INFO - Filling up the DagBag from /home/airflow/.local/lib/python3.7/site-packages/airflow/example_dags/tutorial_taskflow_api.py
[2023-03-27T13:30:07.478+0000] {processor.py:753} INFO - DAG(s) dict_keys(['tutorial_taskflow_api']) retrieved from /home/airflow/.local/lib/python3.7/site-packages/airflow/example_dags/tutorial_taskflow_api.py
[2023-03-27T13:30:07.597+0000] {logging_mixin.py:137} INFO - [2023-03-27T13:30:07.597+0000] {dag.py:2690} INFO - Sync 1 DAGs
[2023-03-27T13:30:07.744+0000] {logging_mixin.py:137} INFO - [2023-03-27T13:30:07.744+0000] {dag.py:3441} INFO - Setting next_dagrun for tutorial_taskflow_api to None, run_after=None
[2023-03-27T13:30:07.859+0000] {processor.py:175} INFO - Processing /home/airflow/.local/lib/python3.7/site-packages/airflow/example_dags/tutorial_taskflow_api.py took 0.588 seconds
[2023-03-27T13:30:38.858+0000] {processor.py:153} INFO - Started process (PID=436) to work on /home/airflow/.local/lib/python3.7/site-packages/airflow/example_dags/tutorial_taskflow_api.py
[2023-03-27T13:30:38.861+0000] {processor.py:743} INFO - Processing file /home/airflow/.local/lib/python3.7/site-packages/airflow/example_dags/tutorial_taskflow_api.py for tasks to queue
[2023-03-27T13:30:38.868+0000] {logging_mixin.py:137} INFO - [2023-03-27T13:30:38.868+0000] {dagbag.py:538} INFO - Filling up the DagBag from /home/airflow/.local/lib/python3.7/site-packages/airflow/example_dags/tutorial_taskflow_api.py
[2023-03-27T13:30:39.043+0000] {processor.py:753} INFO - DAG(s) dict_keys(['tutorial_taskflow_api']) retrieved from /home/airflow/.local/lib/python3.7/site-packages/airflow/example_dags/tutorial_taskflow_api.py
[2023-03-27T13:30:39.200+0000] {logging_mixin.py:137} INFO - [2023-03-27T13:30:39.199+0000] {dag.py:2690} INFO - Sync 1 DAGs
[2023-03-27T13:30:39.365+0000] {logging_mixin.py:137} INFO - [2023-03-27T13:30:39.365+0000] {dag.py:3441} INFO - Setting next_dagrun for tutorial_taskflow_api to None, run_after=None
[2023-03-27T13:30:39.435+0000] {processor.py:175} INFO - Processing /home/airflow/.local/lib/python3.7/site-packages/airflow/example_dags/tutorial_taskflow_api.py took 0.585 seconds
[2023-03-27T13:31:11.117+0000] {processor.py:153} INFO - Started process (PID=501) to work on /home/airflow/.local/lib/python3.7/site-packages/airflow/example_dags/tutorial_taskflow_api.py
[2023-03-27T13:31:11.119+0000] {processor.py:743} INFO - Processing file /home/airflow/.local/lib/python3.7/site-packages/airflow/example_dags/tutorial_taskflow_api.py for tasks to queue
[2023-03-27T13:31:11.122+0000] {logging_mixin.py:137} INFO - [2023-03-27T13:31:11.122+0000] {dagbag.py:538} INFO - Filling up the DagBag from /home/airflow/.local/lib/python3.7/site-packages/airflow/example_dags/tutorial_taskflow_api.py
[2023-03-27T13:31:11.246+0000] {processor.py:753} INFO - DAG(s) dict_keys(['tutorial_taskflow_api']) retrieved from /home/airflow/.local/lib/python3.7/site-packages/airflow/example_dags/tutorial_taskflow_api.py
[2023-03-27T13:31:11.593+0000] {logging_mixin.py:137} INFO - [2023-03-27T13:31:11.593+0000] {dag.py:2690} INFO - Sync 1 DAGs
[2023-03-27T13:31:12.093+0000] {logging_mixin.py:137} INFO - [2023-03-27T13:31:12.093+0000] {dag.py:3441} INFO - Setting next_dagrun for tutorial_taskflow_api to None, run_after=None
[2023-03-27T13:31:12.944+0000] {processor.py:175} INFO - Processing /home/airflow/.local/lib/python3.7/site-packages/airflow/example_dags/tutorial_taskflow_api.py took 1.835 seconds
[2023-03-27T13:31:43.925+0000] {processor.py:153} INFO - Started process (PID=575) to work on /home/airflow/.local/lib/python3.7/site-packages/airflow/example_dags/tutorial_taskflow_api.py
[2023-03-27T13:31:43.936+0000] {processor.py:743} INFO - Processing file /home/airflow/.local/lib/python3.7/site-packages/airflow/example_dags/tutorial_taskflow_api.py for tasks to queue
[2023-03-27T13:31:43.940+0000] {logging_mixin.py:137} INFO - [2023-03-27T13:31:43.939+0000] {dagbag.py:538} INFO - Filling up the DagBag from /home/airflow/.local/lib/python3.7/site-packages/airflow/example_dags/tutorial_taskflow_api.py
[2023-03-27T13:31:44.027+0000] {processor.py:753} INFO - DAG(s) dict_keys(['tutorial_taskflow_api']) retrieved from /home/airflow/.local/lib/python3.7/site-packages/airflow/example_dags/tutorial_taskflow_api.py
[2023-03-27T13:31:44.392+0000] {logging_mixin.py:137} INFO - [2023-03-27T13:31:44.391+0000] {dag.py:2690} INFO - Sync 1 DAGs
[2023-03-27T13:31:44.773+0000] {logging_mixin.py:137} INFO - [2023-03-27T13:31:44.772+0000] {dag.py:3441} INFO - Setting next_dagrun for tutorial_taskflow_api to None, run_after=None
[2023-03-27T13:31:45.079+0000] {processor.py:175} INFO - Processing /home/airflow/.local/lib/python3.7/site-packages/airflow/example_dags/tutorial_taskflow_api.py took 1.204 seconds
[2023-03-27T13:32:19.134+0000] {processor.py:153} INFO - Started process (PID=640) to work on /home/airflow/.local/lib/python3.7/site-packages/airflow/example_dags/tutorial_taskflow_api.py
[2023-03-27T13:32:19.137+0000] {processor.py:743} INFO - Processing file /home/airflow/.local/lib/python3.7/site-packages/airflow/example_dags/tutorial_taskflow_api.py for tasks to queue
[2023-03-27T13:32:19.149+0000] {logging_mixin.py:137} INFO - [2023-03-27T13:32:19.148+0000] {dagbag.py:538} INFO - Filling up the DagBag from /home/airflow/.local/lib/python3.7/site-packages/airflow/example_dags/tutorial_taskflow_api.py
[2023-03-27T13:32:19.220+0000] {processor.py:753} INFO - DAG(s) dict_keys(['tutorial_taskflow_api']) retrieved from /home/airflow/.local/lib/python3.7/site-packages/airflow/example_dags/tutorial_taskflow_api.py
[2023-03-27T13:32:19.434+0000] {logging_mixin.py:137} INFO - [2023-03-27T13:32:19.433+0000] {dag.py:2690} INFO - Sync 1 DAGs
[2023-03-27T13:32:19.544+0000] {logging_mixin.py:137} INFO - [2023-03-27T13:32:19.544+0000] {dag.py:3441} INFO - Setting next_dagrun for tutorial_taskflow_api to None, run_after=None
[2023-03-27T13:32:19.657+0000] {processor.py:175} INFO - Processing /home/airflow/.local/lib/python3.7/site-packages/airflow/example_dags/tutorial_taskflow_api.py took 0.541 seconds
[2023-03-27T13:32:55.588+0000] {processor.py:153} INFO - Started process (PID=698) to work on /home/airflow/.local/lib/python3.7/site-packages/airflow/example_dags/tutorial_taskflow_api.py
[2023-03-27T13:32:55.600+0000] {processor.py:743} INFO - Processing file /home/airflow/.local/lib/python3.7/site-packages/airflow/example_dags/tutorial_taskflow_api.py for tasks to queue
[2023-03-27T13:32:55.625+0000] {logging_mixin.py:137} INFO - [2023-03-27T13:32:55.625+0000] {dagbag.py:538} INFO - Filling up the DagBag from /home/airflow/.local/lib/python3.7/site-packages/airflow/example_dags/tutorial_taskflow_api.py
[2023-03-27T13:32:55.744+0000] {processor.py:753} INFO - DAG(s) dict_keys(['tutorial_taskflow_api']) retrieved from /home/airflow/.local/lib/python3.7/site-packages/airflow/example_dags/tutorial_taskflow_api.py
[2023-03-27T13:32:55.857+0000] {logging_mixin.py:137} INFO - [2023-03-27T13:32:55.857+0000] {dag.py:2690} INFO - Sync 1 DAGs
[2023-03-27T13:32:56.037+0000] {logging_mixin.py:137} INFO - [2023-03-27T13:32:56.037+0000] {dag.py:3441} INFO - Setting next_dagrun for tutorial_taskflow_api to None, run_after=None
[2023-03-27T13:32:56.178+0000] {processor.py:175} INFO - Processing /home/airflow/.local/lib/python3.7/site-packages/airflow/example_dags/tutorial_taskflow_api.py took 0.598 seconds
[2023-03-27T13:33:29.306+0000] {processor.py:153} INFO - Started process (PID=764) to work on /home/airflow/.local/lib/python3.7/site-packages/airflow/example_dags/tutorial_taskflow_api.py
[2023-03-27T13:33:29.321+0000] {processor.py:743} INFO - Processing file /home/airflow/.local/lib/python3.7/site-packages/airflow/example_dags/tutorial_taskflow_api.py for tasks to queue
[2023-03-27T13:33:29.336+0000] {logging_mixin.py:137} INFO - [2023-03-27T13:33:29.336+0000] {dagbag.py:538} INFO - Filling up the DagBag from /home/airflow/.local/lib/python3.7/site-packages/airflow/example_dags/tutorial_taskflow_api.py
[2023-03-27T13:33:29.614+0000] {processor.py:753} INFO - DAG(s) dict_keys(['tutorial_taskflow_api']) retrieved from /home/airflow/.local/lib/python3.7/site-packages/airflow/example_dags/tutorial_taskflow_api.py
[2023-03-27T13:33:29.908+0000] {logging_mixin.py:137} INFO - [2023-03-27T13:33:29.908+0000] {dag.py:2690} INFO - Sync 1 DAGs
[2023-03-27T13:33:30.058+0000] {logging_mixin.py:137} INFO - [2023-03-27T13:33:30.058+0000] {dag.py:3441} INFO - Setting next_dagrun for tutorial_taskflow_api to None, run_after=None
[2023-03-27T13:33:30.368+0000] {processor.py:175} INFO - Processing /home/airflow/.local/lib/python3.7/site-packages/airflow/example_dags/tutorial_taskflow_api.py took 1.081 seconds
[2023-03-27T13:34:10.413+0000] {processor.py:153} INFO - Started process (PID=846) to work on /home/airflow/.local/lib/python3.7/site-packages/airflow/example_dags/tutorial_taskflow_api.py
[2023-03-27T13:34:10.416+0000] {processor.py:743} INFO - Processing file /home/airflow/.local/lib/python3.7/site-packages/airflow/example_dags/tutorial_taskflow_api.py for tasks to queue
[2023-03-27T13:34:10.436+0000] {logging_mixin.py:137} INFO - [2023-03-27T13:34:10.436+0000] {dagbag.py:538} INFO - Filling up the DagBag from /home/airflow/.local/lib/python3.7/site-packages/airflow/example_dags/tutorial_taskflow_api.py
[2023-03-27T13:34:10.572+0000] {processor.py:753} INFO - DAG(s) dict_keys(['tutorial_taskflow_api']) retrieved from /home/airflow/.local/lib/python3.7/site-packages/airflow/example_dags/tutorial_taskflow_api.py
[2023-03-27T13:34:10.693+0000] {logging_mixin.py:137} INFO - [2023-03-27T13:34:10.693+0000] {dag.py:2690} INFO - Sync 1 DAGs
[2023-03-27T13:34:10.838+0000] {logging_mixin.py:137} INFO - [2023-03-27T13:34:10.837+0000] {dag.py:3441} INFO - Setting next_dagrun for tutorial_taskflow_api to None, run_after=None
[2023-03-27T13:34:10.995+0000] {processor.py:175} INFO - Processing /home/airflow/.local/lib/python3.7/site-packages/airflow/example_dags/tutorial_taskflow_api.py took 0.598 seconds
[2023-03-27T13:34:43.433+0000] {processor.py:153} INFO - Started process (PID=907) to work on /home/airflow/.local/lib/python3.7/site-packages/airflow/example_dags/tutorial_taskflow_api.py
[2023-03-27T13:34:43.494+0000] {processor.py:743} INFO - Processing file /home/airflow/.local/lib/python3.7/site-packages/airflow/example_dags/tutorial_taskflow_api.py for tasks to queue
[2023-03-27T13:34:43.567+0000] {logging_mixin.py:137} INFO - [2023-03-27T13:34:43.566+0000] {dagbag.py:538} INFO - Filling up the DagBag from /home/airflow/.local/lib/python3.7/site-packages/airflow/example_dags/tutorial_taskflow_api.py
[2023-03-27T13:34:43.760+0000] {processor.py:753} INFO - DAG(s) dict_keys(['tutorial_taskflow_api']) retrieved from /home/airflow/.local/lib/python3.7/site-packages/airflow/example_dags/tutorial_taskflow_api.py
[2023-03-27T13:34:43.940+0000] {logging_mixin.py:137} INFO - [2023-03-27T13:34:43.940+0000] {dag.py:2690} INFO - Sync 1 DAGs
[2023-03-27T13:34:44.129+0000] {logging_mixin.py:137} INFO - [2023-03-27T13:34:44.129+0000] {dag.py:3441} INFO - Setting next_dagrun for tutorial_taskflow_api to None, run_after=None
[2023-03-27T13:34:44.250+0000] {processor.py:175} INFO - Processing /home/airflow/.local/lib/python3.7/site-packages/airflow/example_dags/tutorial_taskflow_api.py took 0.826 seconds
