[2023-04-28T22:32:03.924+0000] {taskinstance.py:1083} INFO - Dependencies all met for <TaskInstance: create_bucket.create_bucket_raw scheduled__2023-04-27T00:00:00+00:00 [queued]>
[2023-04-28T22:32:03.952+0000] {taskinstance.py:1083} INFO - Dependencies all met for <TaskInstance: create_bucket.create_bucket_raw scheduled__2023-04-27T00:00:00+00:00 [queued]>
[2023-04-28T22:32:03.953+0000] {taskinstance.py:1279} INFO - 
--------------------------------------------------------------------------------
[2023-04-28T22:32:03.954+0000] {taskinstance.py:1280} INFO - Starting attempt 3 of 4
[2023-04-28T22:32:03.954+0000] {taskinstance.py:1281} INFO - 
--------------------------------------------------------------------------------
[2023-04-28T22:32:04.002+0000] {taskinstance.py:1300} INFO - Executing <Task(GCSCreateBucketOperator): create_bucket_raw> on 2023-04-27 00:00:00+00:00
[2023-04-28T22:32:04.013+0000] {standard_task_runner.py:55} INFO - Started process 1087 to run task
[2023-04-28T22:32:04.019+0000] {standard_task_runner.py:82} INFO - Running: ['***', 'tasks', 'run', 'create_bucket', 'create_bucket_raw', 'scheduled__2023-04-27T00:00:00+00:00', '--job-id', '466', '--raw', '--subdir', 'DAGS_FOLDER/create_bucket.py', '--cfg-path', '/tmp/tmpd5o2rmd8']
[2023-04-28T22:32:04.024+0000] {standard_task_runner.py:83} INFO - Job 466: Subtask create_bucket_raw
[2023-04-28T22:32:04.153+0000] {task_command.py:388} INFO - Running <TaskInstance: create_bucket.create_bucket_raw scheduled__2023-04-27T00:00:00+00:00 [running]> on host 32f6cac2461e
[2023-04-28T22:32:04.331+0000] {taskinstance.py:1509} INFO - Exporting the following env vars:
AIRFLOW_CTX_DAG_OWNER=Junior Lafuente
AIRFLOW_CTX_DAG_ID=create_bucket
AIRFLOW_CTX_TASK_ID=create_bucket_raw
AIRFLOW_CTX_EXECUTION_DATE=2023-04-27T00:00:00+00:00
AIRFLOW_CTX_TRY_NUMBER=3
AIRFLOW_CTX_DAG_RUN_ID=scheduled__2023-04-27T00:00:00+00:00
[2023-04-28T22:32:04.351+0000] {base.py:73} INFO - Using connection ID 'gcp' for task execution.
[2023-04-28T22:32:04.392+0000] {gcs.py:880} INFO - Creating Bucket: bucket_raw_jr; Location: us-central1; Storage Class: STANDARD
[2023-04-28T22:32:06.269+0000] {gcs.py:161} WARNING - Bucket bucket_raw_jr already exists
[2023-04-28T22:32:06.284+0000] {taskinstance.py:1323} INFO - Marking task as SUCCESS. dag_id=create_bucket, task_id=create_bucket_raw, execution_date=20230427T000000, start_date=20230428T223203, end_date=20230428T223206
[2023-04-28T22:32:06.348+0000] {local_task_job.py:208} INFO - Task exited with return code 0
[2023-04-28T22:32:06.399+0000] {taskinstance.py:2578} INFO - 1 downstream tasks scheduled from follow-on schedule check
