[2023-03-10T21:30:01.008+0000] {taskinstance.py:1083} INFO - Dependencies all met for <TaskInstance: ingestion_dados_postgres.criar_tabela_ed_replica scheduled__2023-03-10T20:30:00+00:00 [queued]>
[2023-03-10T21:30:01.017+0000] {taskinstance.py:1083} INFO - Dependencies all met for <TaskInstance: ingestion_dados_postgres.criar_tabela_ed_replica scheduled__2023-03-10T20:30:00+00:00 [queued]>
[2023-03-10T21:30:01.018+0000] {taskinstance.py:1279} INFO - 
--------------------------------------------------------------------------------
[2023-03-10T21:30:01.018+0000] {taskinstance.py:1280} INFO - Starting attempt 1 of 1
[2023-03-10T21:30:01.019+0000] {taskinstance.py:1281} INFO - 
--------------------------------------------------------------------------------
[2023-03-10T21:30:01.034+0000] {taskinstance.py:1300} INFO - Executing <Task(PostgresOperator): criar_tabela_ed_replica> on 2023-03-10 20:30:00+00:00
[2023-03-10T21:30:01.041+0000] {standard_task_runner.py:55} INFO - Started process 6058 to run task
[2023-03-10T21:30:01.044+0000] {standard_task_runner.py:82} INFO - Running: ['***', 'tasks', 'run', 'ingestion_dados_postgres', 'criar_tabela_ed_replica', 'scheduled__2023-03-10T20:30:00+00:00', '--job-id', '179', '--raw', '--subdir', 'DAGS_FOLDER/ingestion_dados_postgres.py', '--cfg-path', '/tmp/tmpth6u393n']
[2023-03-10T21:30:01.045+0000] {standard_task_runner.py:83} INFO - Job 179: Subtask criar_tabela_ed_replica
[2023-03-10T21:30:01.122+0000] {task_command.py:388} INFO - Running <TaskInstance: ingestion_dados_postgres.criar_tabela_ed_replica scheduled__2023-03-10T20:30:00+00:00 [running]> on host 9ff22fa0bca3
[2023-03-10T21:30:01.190+0000] {taskinstance.py:1509} INFO - Exporting the following env vars:
AIRFLOW_CTX_DAG_OWNER=***
AIRFLOW_CTX_DAG_ID=ingestion_dados_postgres
AIRFLOW_CTX_TASK_ID=criar_tabela_ed_replica
AIRFLOW_CTX_EXECUTION_DATE=2023-03-10T20:30:00+00:00
AIRFLOW_CTX_TRY_NUMBER=1
AIRFLOW_CTX_DAG_RUN_ID=scheduled__2023-03-10T20:30:00+00:00
[2023-03-10T21:30:01.191+0000] {sql.py:254} INFO - Executing: create table if not exists tb_data_engineering_replica(
    id int generated by default as identity,
    name varchar not null,
    cargo varchar not null,
    nivel varchar not null,
    dt date
)
[2023-03-10T21:30:01.202+0000] {base.py:73} INFO - Using connection ID 'postgres-***' for task execution.
[2023-03-10T21:30:01.372+0000] {base.py:73} INFO - Using connection ID 'postgres-***' for task execution.
[2023-03-10T21:30:01.416+0000] {sql.py:375} INFO - Running statement: create table if not exists tb_data_engineering_replica(
    id int generated by default as identity,
    name varchar not null,
    cargo varchar not null,
    nivel varchar not null,
    dt date
), parameters: None
[2023-03-10T21:30:01.452+0000] {taskinstance.py:1323} INFO - Marking task as SUCCESS. dag_id=ingestion_dados_postgres, task_id=criar_tabela_ed_replica, execution_date=20230310T203000, start_date=20230310T213001, end_date=20230310T213001
[2023-03-10T21:30:01.494+0000] {local_task_job.py:208} INFO - Task exited with return code 0
[2023-03-10T21:30:01.526+0000] {taskinstance.py:2578} INFO - 1 downstream tasks scheduled from follow-on schedule check
