[2023-06-11T23:58:37.725+0000] {processor.py:153} INFO - Started process (PID=71) to work on /opt/airflow/dags/create_infra.py
[2023-06-11T23:58:37.827+0000] {processor.py:743} INFO - Processing file /opt/airflow/dags/create_infra.py for tasks to queue
[2023-06-11T23:58:37.868+0000] {logging_mixin.py:137} INFO - [2023-06-11T23:58:37.866+0000] {dagbag.py:538} INFO - Filling up the DagBag from /opt/airflow/dags/create_infra.py
[2023-06-11T23:58:48.139+0000] {processor.py:753} INFO - DAG(s) dict_keys(['create_infra']) retrieved from /opt/airflow/dags/create_infra.py
[2023-06-11T23:58:48.264+0000] {logging_mixin.py:137} INFO - [2023-06-11T23:58:48.263+0000] {dag.py:2690} INFO - Sync 1 DAGs
[2023-06-11T23:58:48.402+0000] {logging_mixin.py:137} INFO - [2023-06-11T23:58:48.401+0000] {dag.py:3441} INFO - Setting next_dagrun for create_infra to 2023-06-10T00:00:00+00:00, run_after=2023-06-11T00:00:00+00:00
[2023-06-11T23:58:48.512+0000] {processor.py:175} INFO - Processing /opt/airflow/dags/create_infra.py took 11.151 seconds
[2023-06-11T23:59:19.291+0000] {processor.py:153} INFO - Started process (PID=107) to work on /opt/airflow/dags/create_infra.py
[2023-06-11T23:59:19.329+0000] {processor.py:743} INFO - Processing file /opt/airflow/dags/create_infra.py for tasks to queue
[2023-06-11T23:59:19.341+0000] {logging_mixin.py:137} INFO - [2023-06-11T23:59:19.339+0000] {dagbag.py:538} INFO - Filling up the DagBag from /opt/airflow/dags/create_infra.py
[2023-06-11T23:59:23.902+0000] {processor.py:753} INFO - DAG(s) dict_keys(['create_infra']) retrieved from /opt/airflow/dags/create_infra.py
[2023-06-11T23:59:24.072+0000] {logging_mixin.py:137} INFO - [2023-06-11T23:59:24.071+0000] {dag.py:2690} INFO - Sync 1 DAGs
[2023-06-11T23:59:24.218+0000] {logging_mixin.py:137} INFO - [2023-06-11T23:59:24.217+0000] {dag.py:3441} INFO - Setting next_dagrun for create_infra to 2023-06-10T00:00:00+00:00, run_after=2023-06-11T00:00:00+00:00
[2023-06-11T23:59:24.379+0000] {processor.py:175} INFO - Processing /opt/airflow/dags/create_infra.py took 5.097 seconds
[2023-06-11T23:59:54.645+0000] {processor.py:153} INFO - Started process (PID=137) to work on /opt/airflow/dags/create_infra.py
[2023-06-11T23:59:54.647+0000] {processor.py:743} INFO - Processing file /opt/airflow/dags/create_infra.py for tasks to queue
[2023-06-11T23:59:54.658+0000] {logging_mixin.py:137} INFO - [2023-06-11T23:59:54.657+0000] {dagbag.py:538} INFO - Filling up the DagBag from /opt/airflow/dags/create_infra.py
[2023-06-12T00:00:00.053+0000] {processor.py:753} INFO - DAG(s) dict_keys(['create_infra']) retrieved from /opt/airflow/dags/create_infra.py
[2023-06-12T00:00:00.215+0000] {logging_mixin.py:137} INFO - [2023-06-12T00:00:00.214+0000] {dag.py:2690} INFO - Sync 1 DAGs
[2023-06-12T00:00:00.546+0000] {logging_mixin.py:137} INFO - [2023-06-12T00:00:00.546+0000] {dag.py:3441} INFO - Setting next_dagrun for create_infra to 2023-06-11T00:00:00+00:00, run_after=2023-06-12T00:00:00+00:00
[2023-06-12T00:00:00.728+0000] {processor.py:175} INFO - Processing /opt/airflow/dags/create_infra.py took 6.088 seconds
