[2023-06-11T23:58:43.642+0000] {processor.py:153} INFO - Started process (PID=72) to work on /opt/airflow/dags/dag_sql.py
[2023-06-11T23:58:43.644+0000] {processor.py:743} INFO - Processing file /opt/airflow/dags/dag_sql.py for tasks to queue
[2023-06-11T23:58:43.659+0000] {logging_mixin.py:137} INFO - [2023-06-11T23:58:43.658+0000] {dagbag.py:538} INFO - Filling up the DagBag from /opt/airflow/dags/dag_sql.py
[2023-06-11T23:58:44.658+0000] {processor.py:753} INFO - DAG(s) dict_keys(['dag_sql']) retrieved from /opt/airflow/dags/dag_sql.py
[2023-06-11T23:58:44.790+0000] {logging_mixin.py:137} INFO - [2023-06-11T23:58:44.789+0000] {dag.py:2690} INFO - Sync 1 DAGs
[2023-06-11T23:58:44.924+0000] {logging_mixin.py:137} INFO - [2023-06-11T23:58:44.924+0000] {dag.py:3441} INFO - Setting next_dagrun for dag_sql to 2023-06-10T00:00:00+00:00, run_after=2023-06-11T00:00:00+00:00
[2023-06-11T23:58:45.060+0000] {processor.py:175} INFO - Processing /opt/airflow/dags/dag_sql.py took 1.434 seconds
[2023-06-11T23:59:15.831+0000] {processor.py:153} INFO - Started process (PID=106) to work on /opt/airflow/dags/dag_sql.py
[2023-06-11T23:59:15.844+0000] {processor.py:743} INFO - Processing file /opt/airflow/dags/dag_sql.py for tasks to queue
[2023-06-11T23:59:15.856+0000] {logging_mixin.py:137} INFO - [2023-06-11T23:59:15.856+0000] {dagbag.py:538} INFO - Filling up the DagBag from /opt/airflow/dags/dag_sql.py
[2023-06-11T23:59:17.261+0000] {processor.py:753} INFO - DAG(s) dict_keys(['dag_sql']) retrieved from /opt/airflow/dags/dag_sql.py
[2023-06-11T23:59:17.431+0000] {logging_mixin.py:137} INFO - [2023-06-11T23:59:17.430+0000] {dag.py:2690} INFO - Sync 1 DAGs
[2023-06-11T23:59:17.617+0000] {logging_mixin.py:137} INFO - [2023-06-11T23:59:17.617+0000] {dag.py:3441} INFO - Setting next_dagrun for dag_sql to 2023-06-10T00:00:00+00:00, run_after=2023-06-11T00:00:00+00:00
[2023-06-11T23:59:17.767+0000] {processor.py:175} INFO - Processing /opt/airflow/dags/dag_sql.py took 1.941 seconds
[2023-06-11T23:59:48.048+0000] {processor.py:153} INFO - Started process (PID=127) to work on /opt/airflow/dags/dag_sql.py
[2023-06-11T23:59:48.049+0000] {processor.py:743} INFO - Processing file /opt/airflow/dags/dag_sql.py for tasks to queue
[2023-06-11T23:59:48.050+0000] {logging_mixin.py:137} INFO - [2023-06-11T23:59:48.050+0000] {dagbag.py:538} INFO - Filling up the DagBag from /opt/airflow/dags/dag_sql.py
[2023-06-11T23:59:48.806+0000] {processor.py:753} INFO - DAG(s) dict_keys(['dag_sql']) retrieved from /opt/airflow/dags/dag_sql.py
[2023-06-11T23:59:48.925+0000] {logging_mixin.py:137} INFO - [2023-06-11T23:59:48.925+0000] {dag.py:2690} INFO - Sync 1 DAGs
[2023-06-11T23:59:49.075+0000] {logging_mixin.py:137} INFO - [2023-06-11T23:59:49.075+0000] {dag.py:3441} INFO - Setting next_dagrun for dag_sql to 2023-06-10T00:00:00+00:00, run_after=2023-06-11T00:00:00+00:00
[2023-06-11T23:59:49.211+0000] {processor.py:175} INFO - Processing /opt/airflow/dags/dag_sql.py took 1.183 seconds
