[2023-06-11T23:58:37.397+0000] {processor.py:153} INFO - Started process (PID=70) to work on /opt/airflow/dags/gcs_to_bq.py
[2023-06-11T23:58:37.418+0000] {processor.py:743} INFO - Processing file /opt/airflow/dags/gcs_to_bq.py for tasks to queue
[2023-06-11T23:58:37.541+0000] {logging_mixin.py:137} INFO - [2023-06-11T23:58:37.540+0000] {dagbag.py:538} INFO - Filling up the DagBag from /opt/airflow/dags/gcs_to_bq.py
[2023-06-11T23:58:42.952+0000] {processor.py:753} INFO - DAG(s) dict_keys(['gsc_to_bq']) retrieved from /opt/airflow/dags/gcs_to_bq.py
[2023-06-11T23:58:43.135+0000] {logging_mixin.py:137} INFO - [2023-06-11T23:58:43.134+0000] {dag.py:2690} INFO - Sync 1 DAGs
[2023-06-11T23:58:43.331+0000] {logging_mixin.py:137} INFO - [2023-06-11T23:58:43.331+0000] {dag.py:3441} INFO - Setting next_dagrun for gsc_to_bq to 2023-06-10T00:00:00+00:00, run_after=2023-06-11T00:00:00+00:00
[2023-06-11T23:58:43.491+0000] {processor.py:175} INFO - Processing /opt/airflow/dags/gcs_to_bq.py took 6.119 seconds
[2023-06-11T23:59:14.654+0000] {processor.py:153} INFO - Started process (PID=98) to work on /opt/airflow/dags/gcs_to_bq.py
[2023-06-11T23:59:14.658+0000] {processor.py:743} INFO - Processing file /opt/airflow/dags/gcs_to_bq.py for tasks to queue
[2023-06-11T23:59:14.687+0000] {logging_mixin.py:137} INFO - [2023-06-11T23:59:14.687+0000] {dagbag.py:538} INFO - Filling up the DagBag from /opt/airflow/dags/gcs_to_bq.py
[2023-06-11T23:59:16.490+0000] {processor.py:753} INFO - DAG(s) dict_keys(['gsc_to_bq']) retrieved from /opt/airflow/dags/gcs_to_bq.py
[2023-06-11T23:59:16.627+0000] {logging_mixin.py:137} INFO - [2023-06-11T23:59:16.626+0000] {dag.py:2690} INFO - Sync 1 DAGs
[2023-06-11T23:59:16.947+0000] {logging_mixin.py:137} INFO - [2023-06-11T23:59:16.934+0000] {dag.py:3441} INFO - Setting next_dagrun for gsc_to_bq to 2023-06-10T00:00:00+00:00, run_after=2023-06-11T00:00:00+00:00
[2023-06-11T23:59:17.222+0000] {processor.py:175} INFO - Processing /opt/airflow/dags/gcs_to_bq.py took 2.586 seconds
[2023-06-11T23:59:48.048+0000] {processor.py:153} INFO - Started process (PID=126) to work on /opt/airflow/dags/gcs_to_bq.py
[2023-06-11T23:59:48.049+0000] {processor.py:743} INFO - Processing file /opt/airflow/dags/gcs_to_bq.py for tasks to queue
[2023-06-11T23:59:48.050+0000] {logging_mixin.py:137} INFO - [2023-06-11T23:59:48.050+0000] {dagbag.py:538} INFO - Filling up the DagBag from /opt/airflow/dags/gcs_to_bq.py
[2023-06-11T23:59:49.564+0000] {processor.py:753} INFO - DAG(s) dict_keys(['gsc_to_bq']) retrieved from /opt/airflow/dags/gcs_to_bq.py
[2023-06-11T23:59:49.728+0000] {logging_mixin.py:137} INFO - [2023-06-11T23:59:49.725+0000] {dag.py:2690} INFO - Sync 1 DAGs
[2023-06-11T23:59:49.979+0000] {logging_mixin.py:137} INFO - [2023-06-11T23:59:49.971+0000] {dag.py:3441} INFO - Setting next_dagrun for gsc_to_bq to 2023-06-10T00:00:00+00:00, run_after=2023-06-11T00:00:00+00:00
[2023-06-11T23:59:50.119+0000] {processor.py:175} INFO - Processing /opt/airflow/dags/gcs_to_bq.py took 2.090 seconds
