[2023-03-11T00:14:57.289+0000] {taskinstance.py:1083} INFO - Dependencies all met for <TaskInstance: ingestion_dados_postgres.criar_tabela_ed manual__2023-03-11T00:14:53.020433+00:00 [queued]>
[2023-03-11T00:14:57.394+0000] {taskinstance.py:1083} INFO - Dependencies all met for <TaskInstance: ingestion_dados_postgres.criar_tabela_ed manual__2023-03-11T00:14:53.020433+00:00 [queued]>
[2023-03-11T00:14:57.399+0000] {taskinstance.py:1279} INFO - 
--------------------------------------------------------------------------------
[2023-03-11T00:14:57.403+0000] {taskinstance.py:1280} INFO - Starting attempt 1 of 1
[2023-03-11T00:14:57.408+0000] {taskinstance.py:1281} INFO - 
--------------------------------------------------------------------------------
[2023-03-11T00:14:57.467+0000] {taskinstance.py:1300} INFO - Executing <Task(PostgresOperator): criar_tabela_ed> on 2023-03-11 00:14:53.020433+00:00
[2023-03-11T00:14:57.499+0000] {standard_task_runner.py:55} INFO - Started process 13952 to run task
[2023-03-11T00:14:57.507+0000] {standard_task_runner.py:82} INFO - Running: ['***', 'tasks', 'run', 'ingestion_dados_postgres', 'criar_tabela_ed', 'manual__2023-03-11T00:14:53.020433+00:00', '--job-id', '186', '--raw', '--subdir', 'DAGS_FOLDER/ingestion_dados_postgres.py', '--cfg-path', '/tmp/tmp3wxlosme']
[2023-03-11T00:14:57.509+0000] {standard_task_runner.py:83} INFO - Job 186: Subtask criar_tabela_ed
[2023-03-11T00:14:57.769+0000] {task_command.py:388} INFO - Running <TaskInstance: ingestion_dados_postgres.criar_tabela_ed manual__2023-03-11T00:14:53.020433+00:00 [running]> on host 9ff22fa0bca3
[2023-03-11T00:14:58.254+0000] {taskinstance.py:1509} INFO - Exporting the following env vars:
AIRFLOW_CTX_DAG_OWNER=***
AIRFLOW_CTX_DAG_ID=ingestion_dados_postgres
AIRFLOW_CTX_TASK_ID=criar_tabela_ed
AIRFLOW_CTX_EXECUTION_DATE=2023-03-11T00:14:53.020433+00:00
AIRFLOW_CTX_TRY_NUMBER=1
AIRFLOW_CTX_DAG_RUN_ID=manual__2023-03-11T00:14:53.020433+00:00
[2023-03-11T00:14:58.261+0000] {sql.py:254} INFO - Executing: create table if not exists tb_data_engineering(
    id int generated by default as identity,
    name varchar not null,
    cargo varchar not null,
    nivel varchar not null,
    dt date
)
[2023-03-11T00:14:58.306+0000] {base.py:73} INFO - Using connection ID 'postgres-***' for task execution.
[2023-03-11T00:14:59.250+0000] {base.py:73} INFO - Using connection ID 'postgres-***' for task execution.
[2023-03-11T00:14:59.413+0000] {sql.py:375} INFO - Running statement: create table if not exists tb_data_engineering(
    id int generated by default as identity,
    name varchar not null,
    cargo varchar not null,
    nivel varchar not null,
    dt date
), parameters: None
[2023-03-11T00:14:59.740+0000] {taskinstance.py:1323} INFO - Marking task as SUCCESS. dag_id=ingestion_dados_postgres, task_id=criar_tabela_ed, execution_date=20230311T001453, start_date=20230311T001457, end_date=20230311T001459
[2023-03-11T00:14:59.900+0000] {local_task_job.py:208} INFO - Task exited with return code 0
[2023-03-11T00:15:00.086+0000] {taskinstance.py:2578} INFO - 1 downstream tasks scheduled from follow-on schedule check
