[2023-04-28T18:27:46.458+0000] {taskinstance.py:1083} INFO - Dependencies all met for <TaskInstance: dag_sql.insere_dados_table_db scheduled__2023-04-26T16:30:00+00:00 [queued]>
[2023-04-28T18:27:46.478+0000] {taskinstance.py:1083} INFO - Dependencies all met for <TaskInstance: dag_sql.insere_dados_table_db scheduled__2023-04-26T16:30:00+00:00 [queued]>
[2023-04-28T18:27:46.479+0000] {taskinstance.py:1279} INFO - 
--------------------------------------------------------------------------------
[2023-04-28T18:27:46.480+0000] {taskinstance.py:1280} INFO - Starting attempt 2 of 2
[2023-04-28T18:27:46.481+0000] {taskinstance.py:1281} INFO - 
--------------------------------------------------------------------------------
[2023-04-28T18:27:46.505+0000] {taskinstance.py:1300} INFO - Executing <Task(PostgresOperator): insere_dados_table_db> on 2023-04-26 16:30:00+00:00
[2023-04-28T18:27:46.511+0000] {standard_task_runner.py:55} INFO - Started process 418 to run task
[2023-04-28T18:27:46.517+0000] {standard_task_runner.py:82} INFO - Running: ['***', 'tasks', 'run', 'dag_sql', 'insere_dados_table_db', 'scheduled__2023-04-26T16:30:00+00:00', '--job-id', '446', '--raw', '--subdir', 'DAGS_FOLDER/dag_sql.py', '--cfg-path', '/tmp/tmppnk7qq5y']
[2023-04-28T18:27:46.518+0000] {standard_task_runner.py:83} INFO - Job 446: Subtask insere_dados_table_db
[2023-04-28T18:27:46.623+0000] {task_command.py:388} INFO - Running <TaskInstance: dag_sql.insere_dados_table_db scheduled__2023-04-26T16:30:00+00:00 [running]> on host e78efd09126d
[2023-04-28T18:27:46.729+0000] {taskinstance.py:1509} INFO - Exporting the following env vars:
AIRFLOW_CTX_DAG_OWNER=***
AIRFLOW_CTX_DAG_ID=dag_sql
AIRFLOW_CTX_TASK_ID=insere_dados_table_db
AIRFLOW_CTX_EXECUTION_DATE=2023-04-26T16:30:00+00:00
AIRFLOW_CTX_TRY_NUMBER=2
AIRFLOW_CTX_DAG_RUN_ID=scheduled__2023-04-26T16:30:00+00:00
[2023-04-28T18:27:46.731+0000] {sql.py:254} INFO - Executing: insert into tb_cliente(name, dt)
values('Junior Lafuente', CURRENT_DATE)
[2023-04-28T18:27:46.746+0000] {base.py:73} INFO - Using connection ID 'postgres-***' for task execution.
[2023-04-28T18:27:47.269+0000] {base.py:73} INFO - Using connection ID 'postgres-***' for task execution.
[2023-04-28T18:27:47.408+0000] {sql.py:375} INFO - Running statement: insert into tb_cliente(name, dt)
values('Junior Lafuente', CURRENT_DATE), parameters: None
[2023-04-28T18:27:47.426+0000] {sql.py:384} INFO - Rows affected: 1
[2023-04-28T18:27:47.481+0000] {taskinstance.py:1323} INFO - Marking task as SUCCESS. dag_id=dag_sql, task_id=insere_dados_table_db, execution_date=20230426T163000, start_date=20230428T182746, end_date=20230428T182747
[2023-04-28T18:27:47.558+0000] {local_task_job.py:208} INFO - Task exited with return code 0
[2023-04-28T18:27:47.614+0000] {taskinstance.py:2578} INFO - 1 downstream tasks scheduled from follow-on schedule check
