[2023-03-10T20:45:46.935+0000] {taskinstance.py:1083} INFO - Dependencies all met for <TaskInstance: ingestion_dados_postgres.insere_dados_table_ed_replica scheduled__2023-03-10T19:30:00+00:00 [queued]>
[2023-03-10T20:45:46.954+0000] {taskinstance.py:1083} INFO - Dependencies all met for <TaskInstance: ingestion_dados_postgres.insere_dados_table_ed_replica scheduled__2023-03-10T19:30:00+00:00 [queued]>
[2023-03-10T20:45:46.955+0000] {taskinstance.py:1279} INFO - 
--------------------------------------------------------------------------------
[2023-03-10T20:45:46.956+0000] {taskinstance.py:1280} INFO - Starting attempt 1 of 1
[2023-03-10T20:45:46.957+0000] {taskinstance.py:1281} INFO - 
--------------------------------------------------------------------------------
[2023-03-10T20:45:46.983+0000] {taskinstance.py:1300} INFO - Executing <Task(PostgresOperator): insere_dados_table_ed_replica> on 2023-03-10 19:30:00+00:00
[2023-03-10T20:45:46.991+0000] {standard_task_runner.py:55} INFO - Started process 2698 to run task
[2023-03-10T20:45:46.996+0000] {standard_task_runner.py:82} INFO - Running: ['***', 'tasks', 'run', 'ingestion_dados_postgres', 'insere_dados_table_ed_replica', 'scheduled__2023-03-10T19:30:00+00:00', '--job-id', '161', '--raw', '--subdir', 'DAGS_FOLDER/ingestion_dados_postgres.py', '--cfg-path', '/tmp/tmpcfevian4']
[2023-03-10T20:45:46.997+0000] {standard_task_runner.py:83} INFO - Job 161: Subtask insere_dados_table_ed_replica
[2023-03-10T20:45:47.114+0000] {task_command.py:388} INFO - Running <TaskInstance: ingestion_dados_postgres.insere_dados_table_ed_replica scheduled__2023-03-10T19:30:00+00:00 [running]> on host 9ff22fa0bca3
[2023-03-10T20:45:47.178+0000] {abstractoperator.py:613} ERROR - Exception rendering Jinja template for task 'insere_dados_table_ed_replica', field 'sql'. Template: 'insere_dados_tb_table_ed_replica.sql'
Traceback (most recent call last):
  File "/home/airflow/.local/lib/python3.7/site-packages/airflow/models/abstractoperator.py", line 606, in _do_render_template_fields
    seen_oids,
  File "/home/airflow/.local/lib/python3.7/site-packages/airflow/models/abstractoperator.py", line 657, in render_template
    template = jinja_env.get_template(value)
  File "/home/airflow/.local/lib/python3.7/site-packages/jinja2/environment.py", line 1010, in get_template
    return self._load_template(name, globals)
  File "/home/airflow/.local/lib/python3.7/site-packages/jinja2/environment.py", line 969, in _load_template
    template = self.loader.load(self, name, self.make_globals(globals))
  File "/home/airflow/.local/lib/python3.7/site-packages/jinja2/loaders.py", line 126, in load
    source, filename, uptodate = self.get_source(environment, name)
  File "/home/airflow/.local/lib/python3.7/site-packages/jinja2/loaders.py", line 218, in get_source
    raise TemplateNotFound(template)
jinja2.exceptions.TemplateNotFound: insere_dados_tb_table_ed_replica.sql
[2023-03-10T20:45:47.184+0000] {taskinstance.py:1768} ERROR - Task failed with exception
Traceback (most recent call last):
  File "/home/airflow/.local/lib/python3.7/site-packages/airflow/models/taskinstance.py", line 1374, in _run_raw_task
    self._execute_task_with_callbacks(context, test_mode)
  File "/home/airflow/.local/lib/python3.7/site-packages/airflow/models/taskinstance.py", line 1493, in _execute_task_with_callbacks
    task_orig = self.render_templates(context=context)
  File "/home/airflow/.local/lib/python3.7/site-packages/airflow/models/taskinstance.py", line 2115, in render_templates
    original_task.render_template_fields(context)
  File "/home/airflow/.local/lib/python3.7/site-packages/airflow/models/baseoperator.py", line 1179, in render_template_fields
    self._do_render_template_fields(self, self.template_fields, context, jinja_env, set())
  File "/home/airflow/.local/lib/python3.7/site-packages/airflow/utils/session.py", line 75, in wrapper
    return func(*args, session=session, **kwargs)
  File "/home/airflow/.local/lib/python3.7/site-packages/airflow/models/abstractoperator.py", line 606, in _do_render_template_fields
    seen_oids,
  File "/home/airflow/.local/lib/python3.7/site-packages/airflow/models/abstractoperator.py", line 657, in render_template
    template = jinja_env.get_template(value)
  File "/home/airflow/.local/lib/python3.7/site-packages/jinja2/environment.py", line 1010, in get_template
    return self._load_template(name, globals)
  File "/home/airflow/.local/lib/python3.7/site-packages/jinja2/environment.py", line 969, in _load_template
    template = self.loader.load(self, name, self.make_globals(globals))
  File "/home/airflow/.local/lib/python3.7/site-packages/jinja2/loaders.py", line 126, in load
    source, filename, uptodate = self.get_source(environment, name)
  File "/home/airflow/.local/lib/python3.7/site-packages/jinja2/loaders.py", line 218, in get_source
    raise TemplateNotFound(template)
jinja2.exceptions.TemplateNotFound: insere_dados_tb_table_ed_replica.sql
[2023-03-10T20:45:47.209+0000] {taskinstance.py:1323} INFO - Marking task as FAILED. dag_id=ingestion_dados_postgres, task_id=insere_dados_table_ed_replica, execution_date=20230310T193000, start_date=20230310T204546, end_date=20230310T204547
[2023-03-10T20:45:47.240+0000] {standard_task_runner.py:105} ERROR - Failed to execute job 161 for task insere_dados_table_ed_replica (insere_dados_tb_table_ed_replica.sql; 2698)
[2023-03-10T20:45:47.269+0000] {local_task_job.py:208} INFO - Task exited with return code 1
[2023-03-10T20:45:47.303+0000] {taskinstance.py:2578} INFO - 0 downstream tasks scheduled from follow-on schedule check
