[2023-03-08T23:27:09.136+0000] {taskinstance.py:1083} INFO - Dependencies all met for <TaskInstance: dag_sql.criar_tabela_ed scheduled__2023-03-08T19:30:00+00:00 [queued]>
[2023-03-08T23:27:09.157+0000] {taskinstance.py:1083} INFO - Dependencies all met for <TaskInstance: dag_sql.criar_tabela_ed scheduled__2023-03-08T19:30:00+00:00 [queued]>
[2023-03-08T23:27:09.157+0000] {taskinstance.py:1279} INFO - 
--------------------------------------------------------------------------------
[2023-03-08T23:27:09.159+0000] {taskinstance.py:1280} INFO - Starting attempt 1 of 1
[2023-03-08T23:27:09.160+0000] {taskinstance.py:1281} INFO - 
--------------------------------------------------------------------------------
[2023-03-08T23:27:09.193+0000] {taskinstance.py:1300} INFO - Executing <Task(PostgresOperator): criar_tabela_ed> on 2023-03-08 19:30:00+00:00
[2023-03-08T23:27:09.201+0000] {standard_task_runner.py:55} INFO - Started process 120 to run task
[2023-03-08T23:27:09.208+0000] {standard_task_runner.py:82} INFO - Running: ['***', 'tasks', 'run', 'dag_sql', 'criar_tabela_ed', 'scheduled__2023-03-08T19:30:00+00:00', '--job-id', '136', '--raw', '--subdir', 'DAGS_FOLDER/dag_sql.py', '--cfg-path', '/tmp/tmpvhko2m_8']
[2023-03-08T23:27:09.209+0000] {standard_task_runner.py:83} INFO - Job 136: Subtask criar_tabela_ed
[2023-03-08T23:27:09.340+0000] {task_command.py:388} INFO - Running <TaskInstance: dag_sql.criar_tabela_ed scheduled__2023-03-08T19:30:00+00:00 [running]> on host 214d78e4ce30
[2023-03-08T23:27:09.469+0000] {taskinstance.py:1509} INFO - Exporting the following env vars:
AIRFLOW_CTX_DAG_OWNER=***
AIRFLOW_CTX_DAG_ID=dag_sql
AIRFLOW_CTX_TASK_ID=criar_tabela_ed
AIRFLOW_CTX_EXECUTION_DATE=2023-03-08T19:30:00+00:00
AIRFLOW_CTX_TRY_NUMBER=1
AIRFLOW_CTX_DAG_RUN_ID=scheduled__2023-03-08T19:30:00+00:00
[2023-03-08T23:27:09.471+0000] {sql.py:254} INFO - Executing: create table if not exists tb_data_engineering(
    id int generated by default as identity,
    name varchar not null,
    cargo varchar not null,
    nivel varchar not null,
    dt date
)
[2023-03-08T23:27:09.493+0000] {base.py:73} INFO - Using connection ID 'postgres-***' for task execution.
[2023-03-08T23:27:09.832+0000] {base.py:73} INFO - Using connection ID 'postgres-***' for task execution.
[2023-03-08T23:27:09.862+0000] {sql.py:375} INFO - Running statement: create table if not exists tb_data_engineering(
    id int generated by default as identity,
    name varchar not null,
    cargo varchar not null,
    nivel varchar not null,
    dt date
), parameters: None
[2023-03-08T23:27:09.888+0000] {taskinstance.py:1323} INFO - Marking task as SUCCESS. dag_id=dag_sql, task_id=criar_tabela_ed, execution_date=20230308T193000, start_date=20230308T232709, end_date=20230308T232709
[2023-03-08T23:27:09.944+0000] {local_task_job.py:208} INFO - Task exited with return code 0
[2023-03-08T23:27:09.974+0000] {taskinstance.py:2578} INFO - 1 downstream tasks scheduled from follow-on schedule check
