[2023-05-01T00:15:22.236+0000] {taskinstance.py:1083} INFO - Dependencies all met for <TaskInstance: gsc_to_bq.copy_files_dataLake_To_bucket_raw scheduled__2023-04-29T00:00:00+00:00 [queued]>
[2023-05-01T00:15:22.283+0000] {taskinstance.py:1083} INFO - Dependencies all met for <TaskInstance: gsc_to_bq.copy_files_dataLake_To_bucket_raw scheduled__2023-04-29T00:00:00+00:00 [queued]>
[2023-05-01T00:15:22.306+0000] {taskinstance.py:1279} INFO - 
--------------------------------------------------------------------------------
[2023-05-01T00:15:22.309+0000] {taskinstance.py:1280} INFO - Starting attempt 1 of 2
[2023-05-01T00:15:22.318+0000] {taskinstance.py:1281} INFO - 
--------------------------------------------------------------------------------
[2023-05-01T00:15:22.376+0000] {taskinstance.py:1300} INFO - Executing <Task(GCSSynchronizeBucketsOperator): copy_files_dataLake_To_bucket_raw> on 2023-04-29 00:00:00+00:00
[2023-05-01T00:15:22.404+0000] {standard_task_runner.py:55} INFO - Started process 20697 to run task
[2023-05-01T00:15:22.409+0000] {standard_task_runner.py:82} INFO - Running: ['***', 'tasks', 'run', 'gsc_to_bq', 'copy_files_dataLake_To_bucket_raw', 'scheduled__2023-04-29T00:00:00+00:00', '--job-id', '477', '--raw', '--subdir', 'DAGS_FOLDER/gcs_to_bq.py', '--cfg-path', '/tmp/tmpo555o1f9']
[2023-05-01T00:15:22.444+0000] {standard_task_runner.py:83} INFO - Job 477: Subtask copy_files_dataLake_To_bucket_raw
[2023-05-01T00:15:22.694+0000] {task_command.py:388} INFO - Running <TaskInstance: gsc_to_bq.copy_files_dataLake_To_bucket_raw scheduled__2023-04-29T00:00:00+00:00 [running]> on host 32f6cac2461e
[2023-05-01T00:15:23.056+0000] {taskinstance.py:1509} INFO - Exporting the following env vars:
AIRFLOW_CTX_DAG_OWNER=Junior Lafuente
AIRFLOW_CTX_DAG_ID=gsc_to_bq
AIRFLOW_CTX_TASK_ID=copy_files_dataLake_To_bucket_raw
AIRFLOW_CTX_EXECUTION_DATE=2023-04-29T00:00:00+00:00
AIRFLOW_CTX_TRY_NUMBER=1
AIRFLOW_CTX_DAG_RUN_ID=scheduled__2023-04-29T00:00:00+00:00
[2023-05-01T00:15:23.138+0000] {base.py:73} INFO - Using connection ID 'gcp' for task execution.
[2023-05-01T00:15:23.646+0000] {connectionpool.py:813} WARNING - Retrying (Retry(total=2, connect=None, read=None, redirect=None, status=None)) after connection broken by 'NewConnectionError('<urllib3.connection.HTTPSConnection object at 0x7f1c9cdc1e10>: Failed to establish a new connection: [Errno -2] Name or service not known')': /token
[2023-05-01T00:15:23.771+0000] {connectionpool.py:813} WARNING - Retrying (Retry(total=1, connect=None, read=None, redirect=None, status=None)) after connection broken by 'NewConnectionError('<urllib3.connection.HTTPSConnection object at 0x7f1c9cde11d0>: Failed to establish a new connection: [Errno -2] Name or service not known')': /token
[2023-05-01T00:15:24.488+0000] {connectionpool.py:813} WARNING - Retrying (Retry(total=0, connect=None, read=None, redirect=None, status=None)) after connection broken by 'NewConnectionError('<urllib3.connection.HTTPSConnection object at 0x7f1c9cde1590>: Failed to establish a new connection: [Errno -2] Name or service not known')': /token
[2023-05-01T00:15:26.464+0000] {connectionpool.py:813} WARNING - Retrying (Retry(total=2, connect=None, read=None, redirect=None, status=None)) after connection broken by 'NewConnectionError('<urllib3.connection.HTTPSConnection object at 0x7f1c9cde1ed0>: Failed to establish a new connection: [Errno -2] Name or service not known')': /token
[2023-05-01T00:15:26.566+0000] {connectionpool.py:813} WARNING - Retrying (Retry(total=1, connect=None, read=None, redirect=None, status=None)) after connection broken by 'NewConnectionError('<urllib3.connection.HTTPSConnection object at 0x7f1c9cdec590>: Failed to establish a new connection: [Errno -2] Name or service not known')': /token
[2023-05-01T00:15:26.594+0000] {connectionpool.py:813} WARNING - Retrying (Retry(total=0, connect=None, read=None, redirect=None, status=None)) after connection broken by 'NewConnectionError('<urllib3.connection.HTTPSConnection object at 0x7f1c9cdec990>: Failed to establish a new connection: [Errno -2] Name or service not known')': /token
[2023-05-01T00:15:32.970+0000] {gcs.py:1059} INFO - Planned synchronization. To delete blobs count: 0, to upload blobs count: 1, to rewrite blobs count: 0
[2023-05-01T00:15:33.540+0000] {gcs.py:207} INFO - Object input/Base_Unificada__resultado.csv in bucket datalake_jr copied to object input/Base_Unificada__resultado.csv in bucket bucket_raw_jr
[2023-05-01T00:15:33.552+0000] {gcs.py:1076} INFO - Blobs copied.
[2023-05-01T00:15:33.584+0000] {gcs.py:1079} INFO - Skipped blobs deleting.
[2023-05-01T00:15:33.625+0000] {gcs.py:1088} INFO - Skipped blobs overwriting.
[2023-05-01T00:15:33.671+0000] {gcs.py:1102} INFO - Synchronization finished.
[2023-05-01T00:15:33.697+0000] {taskinstance.py:1323} INFO - Marking task as SUCCESS. dag_id=gsc_to_bq, task_id=copy_files_dataLake_To_bucket_raw, execution_date=20230429T000000, start_date=20230501T001522, end_date=20230501T001533
[2023-05-01T00:15:33.884+0000] {local_task_job.py:208} INFO - Task exited with return code 0
[2023-05-01T00:15:33.987+0000] {taskinstance.py:2578} INFO - 1 downstream tasks scheduled from follow-on schedule check
