[2023-03-08T23:27:06.410+0000] {taskinstance.py:1083} INFO - Dependencies all met for <TaskInstance: dag_sql.insere_dados_table_db scheduled__2023-03-08T21:30:00+00:00 [queued]>
[2023-03-08T23:27:06.427+0000] {taskinstance.py:1083} INFO - Dependencies all met for <TaskInstance: dag_sql.insere_dados_table_db scheduled__2023-03-08T21:30:00+00:00 [queued]>
[2023-03-08T23:27:06.428+0000] {taskinstance.py:1279} INFO - 
--------------------------------------------------------------------------------
[2023-03-08T23:27:06.429+0000] {taskinstance.py:1280} INFO - Starting attempt 1 of 1
[2023-03-08T23:27:06.430+0000] {taskinstance.py:1281} INFO - 
--------------------------------------------------------------------------------
[2023-03-08T23:27:06.475+0000] {taskinstance.py:1300} INFO - Executing <Task(PostgresOperator): insere_dados_table_db> on 2023-03-08 21:30:00+00:00
[2023-03-08T23:27:06.502+0000] {standard_task_runner.py:55} INFO - Started process 116 to run task
[2023-03-08T23:27:06.524+0000] {standard_task_runner.py:82} INFO - Running: ['***', 'tasks', 'run', 'dag_sql', 'insere_dados_table_db', 'scheduled__2023-03-08T21:30:00+00:00', '--job-id', '135', '--raw', '--subdir', 'DAGS_FOLDER/dag_sql.py', '--cfg-path', '/tmp/tmpl999ym_o']
[2023-03-08T23:27:06.532+0000] {standard_task_runner.py:83} INFO - Job 135: Subtask insere_dados_table_db
[2023-03-08T23:27:06.715+0000] {task_command.py:388} INFO - Running <TaskInstance: dag_sql.insere_dados_table_db scheduled__2023-03-08T21:30:00+00:00 [running]> on host 214d78e4ce30
[2023-03-08T23:27:06.888+0000] {taskinstance.py:1509} INFO - Exporting the following env vars:
AIRFLOW_CTX_DAG_OWNER=***
AIRFLOW_CTX_DAG_ID=dag_sql
AIRFLOW_CTX_TASK_ID=insere_dados_table_db
AIRFLOW_CTX_EXECUTION_DATE=2023-03-08T21:30:00+00:00
AIRFLOW_CTX_TRY_NUMBER=1
AIRFLOW_CTX_DAG_RUN_ID=scheduled__2023-03-08T21:30:00+00:00
[2023-03-08T23:27:06.889+0000] {sql.py:254} INFO - Executing: insert into tb_cliente(name, dt)
values('Junior Lafuente', CURRENT_DATE)
[2023-03-08T23:27:06.902+0000] {base.py:73} INFO - Using connection ID 'postgres-***' for task execution.
[2023-03-08T23:27:07.463+0000] {base.py:73} INFO - Using connection ID 'postgres-***' for task execution.
[2023-03-08T23:27:07.482+0000] {sql.py:375} INFO - Running statement: insert into tb_cliente(name, dt)
values('Junior Lafuente', CURRENT_DATE), parameters: None
[2023-03-08T23:27:07.488+0000] {sql.py:384} INFO - Rows affected: 1
[2023-03-08T23:27:07.515+0000] {taskinstance.py:1323} INFO - Marking task as SUCCESS. dag_id=dag_sql, task_id=insere_dados_table_db, execution_date=20230308T213000, start_date=20230308T232706, end_date=20230308T232707
[2023-03-08T23:27:07.576+0000] {local_task_job.py:208} INFO - Task exited with return code 0
[2023-03-08T23:27:07.628+0000] {taskinstance.py:2578} INFO - 1 downstream tasks scheduled from follow-on schedule check
