[2023-04-26T18:20:45.659+0000] {taskinstance.py:1083} INFO - Dependencies all met for <TaskInstance: dag_sql.criar_tabela_db scheduled__2023-04-26T16:30:00+00:00 [queued]>
[2023-04-26T18:20:45.683+0000] {taskinstance.py:1083} INFO - Dependencies all met for <TaskInstance: dag_sql.criar_tabela_db scheduled__2023-04-26T16:30:00+00:00 [queued]>
[2023-04-26T18:20:45.684+0000] {taskinstance.py:1279} INFO - 
--------------------------------------------------------------------------------
[2023-04-26T18:20:45.690+0000] {taskinstance.py:1280} INFO - Starting attempt 1 of 1
[2023-04-26T18:20:45.691+0000] {taskinstance.py:1281} INFO - 
--------------------------------------------------------------------------------
[2023-04-26T18:20:45.735+0000] {taskinstance.py:1300} INFO - Executing <Task(PostgresOperator): criar_tabela_db> on 2023-04-26 16:30:00+00:00
[2023-04-26T18:20:45.744+0000] {standard_task_runner.py:55} INFO - Started process 317 to run task
[2023-04-26T18:20:45.749+0000] {standard_task_runner.py:82} INFO - Running: ['***', 'tasks', 'run', 'dag_sql', 'criar_tabela_db', 'scheduled__2023-04-26T16:30:00+00:00', '--job-id', '360', '--raw', '--subdir', 'DAGS_FOLDER/dag_sql.py', '--cfg-path', '/tmp/tmp4zs3vdzr']
[2023-04-26T18:20:45.752+0000] {standard_task_runner.py:83} INFO - Job 360: Subtask criar_tabela_db
[2023-04-26T18:20:45.957+0000] {task_command.py:388} INFO - Running <TaskInstance: dag_sql.criar_tabela_db scheduled__2023-04-26T16:30:00+00:00 [running]> on host 21a61d9e627a
[2023-04-26T18:20:46.162+0000] {taskinstance.py:1509} INFO - Exporting the following env vars:
AIRFLOW_CTX_DAG_OWNER=***
AIRFLOW_CTX_DAG_ID=dag_sql
AIRFLOW_CTX_TASK_ID=criar_tabela_db
AIRFLOW_CTX_EXECUTION_DATE=2023-04-26T16:30:00+00:00
AIRFLOW_CTX_TRY_NUMBER=1
AIRFLOW_CTX_DAG_RUN_ID=scheduled__2023-04-26T16:30:00+00:00
[2023-04-26T18:20:46.164+0000] {sql.py:254} INFO - Executing: create table if not exists tb_cliente(
    id int generated by default as identity,
    name varchar not null,
    dt date
)
[2023-04-26T18:20:46.180+0000] {base.py:73} INFO - Using connection ID 'postgres-***' for task execution.
[2023-04-26T18:20:46.715+0000] {base.py:73} INFO - Using connection ID 'postgres-***' for task execution.
[2023-04-26T18:20:46.773+0000] {sql.py:375} INFO - Running statement: create table if not exists tb_cliente(
    id int generated by default as identity,
    name varchar not null,
    dt date
), parameters: None
[2023-04-26T18:20:46.828+0000] {taskinstance.py:1323} INFO - Marking task as SUCCESS. dag_id=dag_sql, task_id=criar_tabela_db, execution_date=20230426T163000, start_date=20230426T182045, end_date=20230426T182046
[2023-04-26T18:20:46.902+0000] {local_task_job.py:208} INFO - Task exited with return code 0
[2023-04-26T18:20:47.002+0000] {taskinstance.py:2578} INFO - 1 downstream tasks scheduled from follow-on schedule check
