[2023-04-01T00:00:49.481+0000] {processor.py:153} INFO - Started process (PID=8248) to work on /opt/airflow/dags/dag_sql.py
[2023-04-01T00:00:49.497+0000] {processor.py:743} INFO - Processing file /opt/airflow/dags/dag_sql.py for tasks to queue
[2023-04-01T00:00:49.506+0000] {logging_mixin.py:137} INFO - [2023-04-01T00:00:49.505+0000] {dagbag.py:538} INFO - Filling up the DagBag from /opt/airflow/dags/dag_sql.py
[2023-04-01T00:00:49.913+0000] {processor.py:753} INFO - DAG(s) dict_keys(['dag_sql']) retrieved from /opt/airflow/dags/dag_sql.py
[2023-04-01T00:00:50.062+0000] {logging_mixin.py:137} INFO - [2023-04-01T00:00:50.062+0000] {dag.py:2690} INFO - Sync 1 DAGs
[2023-04-01T00:00:50.223+0000] {logging_mixin.py:137} INFO - [2023-04-01T00:00:50.223+0000] {dag.py:3441} INFO - Setting next_dagrun for dag_sql to 2023-03-31T22:30:00+00:00, run_after=2023-03-31T23:30:00+00:00
[2023-04-01T00:00:50.338+0000] {processor.py:175} INFO - Processing /opt/airflow/dags/dag_sql.py took 0.876 seconds
[2023-04-01T00:01:21.090+0000] {processor.py:153} INFO - Started process (PID=8282) to work on /opt/airflow/dags/dag_sql.py
[2023-04-01T00:01:21.092+0000] {processor.py:743} INFO - Processing file /opt/airflow/dags/dag_sql.py for tasks to queue
[2023-04-01T00:01:21.094+0000] {logging_mixin.py:137} INFO - [2023-04-01T00:01:21.093+0000] {dagbag.py:538} INFO - Filling up the DagBag from /opt/airflow/dags/dag_sql.py
[2023-04-01T00:01:21.253+0000] {processor.py:753} INFO - DAG(s) dict_keys(['dag_sql']) retrieved from /opt/airflow/dags/dag_sql.py
[2023-04-01T00:01:21.311+0000] {logging_mixin.py:137} INFO - [2023-04-01T00:01:21.310+0000] {dag.py:2690} INFO - Sync 1 DAGs
[2023-04-01T00:01:21.377+0000] {logging_mixin.py:137} INFO - [2023-04-01T00:01:21.377+0000] {dag.py:3441} INFO - Setting next_dagrun for dag_sql to 2023-03-31T22:30:00+00:00, run_after=2023-03-31T23:30:00+00:00
[2023-04-01T00:01:21.440+0000] {processor.py:175} INFO - Processing /opt/airflow/dags/dag_sql.py took 0.357 seconds
[2023-04-01T00:01:51.902+0000] {processor.py:153} INFO - Started process (PID=8317) to work on /opt/airflow/dags/dag_sql.py
[2023-04-01T00:01:51.906+0000] {processor.py:743} INFO - Processing file /opt/airflow/dags/dag_sql.py for tasks to queue
[2023-04-01T00:01:51.909+0000] {logging_mixin.py:137} INFO - [2023-04-01T00:01:51.908+0000] {dagbag.py:538} INFO - Filling up the DagBag from /opt/airflow/dags/dag_sql.py
[2023-04-01T00:01:52.237+0000] {processor.py:753} INFO - DAG(s) dict_keys(['dag_sql']) retrieved from /opt/airflow/dags/dag_sql.py
[2023-04-01T00:01:52.285+0000] {logging_mixin.py:137} INFO - [2023-04-01T00:01:52.284+0000] {dag.py:2690} INFO - Sync 1 DAGs
[2023-04-01T00:01:52.349+0000] {logging_mixin.py:137} INFO - [2023-04-01T00:01:52.349+0000] {dag.py:3441} INFO - Setting next_dagrun for dag_sql to 2023-03-31T22:30:00+00:00, run_after=2023-03-31T23:30:00+00:00
[2023-04-01T00:01:52.389+0000] {processor.py:175} INFO - Processing /opt/airflow/dags/dag_sql.py took 0.497 seconds
[2023-04-01T00:02:23.074+0000] {processor.py:153} INFO - Started process (PID=8352) to work on /opt/airflow/dags/dag_sql.py
[2023-04-01T00:02:23.077+0000] {processor.py:743} INFO - Processing file /opt/airflow/dags/dag_sql.py for tasks to queue
[2023-04-01T00:02:23.079+0000] {logging_mixin.py:137} INFO - [2023-04-01T00:02:23.078+0000] {dagbag.py:538} INFO - Filling up the DagBag from /opt/airflow/dags/dag_sql.py
[2023-04-01T00:02:23.273+0000] {processor.py:753} INFO - DAG(s) dict_keys(['dag_sql']) retrieved from /opt/airflow/dags/dag_sql.py
[2023-04-01T00:02:23.311+0000] {logging_mixin.py:137} INFO - [2023-04-01T00:02:23.311+0000] {dag.py:2690} INFO - Sync 1 DAGs
[2023-04-01T00:02:23.343+0000] {logging_mixin.py:137} INFO - [2023-04-01T00:02:23.342+0000] {dag.py:3441} INFO - Setting next_dagrun for dag_sql to 2023-03-31T22:30:00+00:00, run_after=2023-03-31T23:30:00+00:00
[2023-04-01T00:02:23.378+0000] {processor.py:175} INFO - Processing /opt/airflow/dags/dag_sql.py took 0.309 seconds
[2023-04-01T00:02:53.651+0000] {processor.py:153} INFO - Started process (PID=8387) to work on /opt/airflow/dags/dag_sql.py
[2023-04-01T00:02:53.653+0000] {processor.py:743} INFO - Processing file /opt/airflow/dags/dag_sql.py for tasks to queue
[2023-04-01T00:02:53.654+0000] {logging_mixin.py:137} INFO - [2023-04-01T00:02:53.654+0000] {dagbag.py:538} INFO - Filling up the DagBag from /opt/airflow/dags/dag_sql.py
[2023-04-01T00:02:53.857+0000] {processor.py:753} INFO - DAG(s) dict_keys(['dag_sql']) retrieved from /opt/airflow/dags/dag_sql.py
[2023-04-01T00:02:54.362+0000] {logging_mixin.py:137} INFO - [2023-04-01T00:02:54.362+0000] {dag.py:2690} INFO - Sync 1 DAGs
[2023-04-01T00:02:54.400+0000] {logging_mixin.py:137} INFO - [2023-04-01T00:02:54.400+0000] {dag.py:3441} INFO - Setting next_dagrun for dag_sql to 2023-03-31T22:30:00+00:00, run_after=2023-03-31T23:30:00+00:00
[2023-04-01T00:02:54.438+0000] {processor.py:175} INFO - Processing /opt/airflow/dags/dag_sql.py took 0.796 seconds
[2023-04-01T00:03:24.583+0000] {processor.py:153} INFO - Started process (PID=8423) to work on /opt/airflow/dags/dag_sql.py
[2023-04-01T00:03:24.585+0000] {processor.py:743} INFO - Processing file /opt/airflow/dags/dag_sql.py for tasks to queue
[2023-04-01T00:03:24.586+0000] {logging_mixin.py:137} INFO - [2023-04-01T00:03:24.586+0000] {dagbag.py:538} INFO - Filling up the DagBag from /opt/airflow/dags/dag_sql.py
[2023-04-01T00:03:24.768+0000] {processor.py:753} INFO - DAG(s) dict_keys(['dag_sql']) retrieved from /opt/airflow/dags/dag_sql.py
[2023-04-01T00:03:24.820+0000] {logging_mixin.py:137} INFO - [2023-04-01T00:03:24.819+0000] {dag.py:2690} INFO - Sync 1 DAGs
[2023-04-01T00:03:24.875+0000] {logging_mixin.py:137} INFO - [2023-04-01T00:03:24.875+0000] {dag.py:3441} INFO - Setting next_dagrun for dag_sql to 2023-03-31T22:30:00+00:00, run_after=2023-03-31T23:30:00+00:00
[2023-04-01T00:03:24.913+0000] {processor.py:175} INFO - Processing /opt/airflow/dags/dag_sql.py took 0.338 seconds
[2023-04-01T00:03:55.304+0000] {processor.py:153} INFO - Started process (PID=8458) to work on /opt/airflow/dags/dag_sql.py
[2023-04-01T00:03:55.306+0000] {processor.py:743} INFO - Processing file /opt/airflow/dags/dag_sql.py for tasks to queue
[2023-04-01T00:03:55.309+0000] {logging_mixin.py:137} INFO - [2023-04-01T00:03:55.309+0000] {dagbag.py:538} INFO - Filling up the DagBag from /opt/airflow/dags/dag_sql.py
[2023-04-01T00:03:55.499+0000] {processor.py:753} INFO - DAG(s) dict_keys(['dag_sql']) retrieved from /opt/airflow/dags/dag_sql.py
[2023-04-01T00:03:55.539+0000] {logging_mixin.py:137} INFO - [2023-04-01T00:03:55.539+0000] {dag.py:2690} INFO - Sync 1 DAGs
[2023-04-01T00:03:55.576+0000] {logging_mixin.py:137} INFO - [2023-04-01T00:03:55.576+0000] {dag.py:3441} INFO - Setting next_dagrun for dag_sql to 2023-03-31T22:30:00+00:00, run_after=2023-03-31T23:30:00+00:00
[2023-04-01T00:03:55.610+0000] {processor.py:175} INFO - Processing /opt/airflow/dags/dag_sql.py took 0.316 seconds
[2023-04-01T00:04:26.359+0000] {processor.py:153} INFO - Started process (PID=8493) to work on /opt/airflow/dags/dag_sql.py
[2023-04-01T00:04:26.361+0000] {processor.py:743} INFO - Processing file /opt/airflow/dags/dag_sql.py for tasks to queue
[2023-04-01T00:04:26.363+0000] {logging_mixin.py:137} INFO - [2023-04-01T00:04:26.363+0000] {dagbag.py:538} INFO - Filling up the DagBag from /opt/airflow/dags/dag_sql.py
[2023-04-01T00:04:26.562+0000] {processor.py:753} INFO - DAG(s) dict_keys(['dag_sql']) retrieved from /opt/airflow/dags/dag_sql.py
[2023-04-01T00:04:26.611+0000] {logging_mixin.py:137} INFO - [2023-04-01T00:04:26.611+0000] {dag.py:2690} INFO - Sync 1 DAGs
[2023-04-01T00:04:26.642+0000] {logging_mixin.py:137} INFO - [2023-04-01T00:04:26.642+0000] {dag.py:3441} INFO - Setting next_dagrun for dag_sql to 2023-03-31T22:30:00+00:00, run_after=2023-03-31T23:30:00+00:00
[2023-04-01T00:04:26.675+0000] {processor.py:175} INFO - Processing /opt/airflow/dags/dag_sql.py took 0.322 seconds
[2023-04-01T00:41:27.094+0000] {processor.py:153} INFO - Started process (PID=8540) to work on /opt/airflow/dags/dag_sql.py
[2023-04-01T00:41:27.111+0000] {processor.py:743} INFO - Processing file /opt/airflow/dags/dag_sql.py for tasks to queue
[2023-04-01T00:41:27.126+0000] {logging_mixin.py:137} INFO - [2023-04-01T00:41:27.126+0000] {dagbag.py:538} INFO - Filling up the DagBag from /opt/airflow/dags/dag_sql.py
[2023-04-01T00:41:28.352+0000] {processor.py:753} INFO - DAG(s) dict_keys(['dag_sql']) retrieved from /opt/airflow/dags/dag_sql.py
[2023-04-01T00:41:28.555+0000] {logging_mixin.py:137} INFO - [2023-04-01T00:41:28.554+0000] {dag.py:2690} INFO - Sync 1 DAGs
[2023-04-01T00:41:28.795+0000] {logging_mixin.py:137} INFO - [2023-04-01T00:41:28.794+0000] {dag.py:3441} INFO - Setting next_dagrun for dag_sql to 2023-03-31T23:30:00+00:00, run_after=2023-04-01T00:30:00+00:00
[2023-04-01T00:41:28.985+0000] {processor.py:175} INFO - Processing /opt/airflow/dags/dag_sql.py took 1.904 seconds
[2023-04-01T22:54:57.976+0000] {processor.py:153} INFO - Started process (PID=8557) to work on /opt/airflow/dags/dag_sql.py
[2023-04-01T22:54:58.135+0000] {processor.py:743} INFO - Processing file /opt/airflow/dags/dag_sql.py for tasks to queue
[2023-04-01T22:54:58.216+0000] {logging_mixin.py:137} INFO - [2023-04-01T22:54:58.215+0000] {dagbag.py:538} INFO - Filling up the DagBag from /opt/airflow/dags/dag_sql.py
[2023-04-01T22:55:10.375+0000] {processor.py:753} INFO - DAG(s) dict_keys(['dag_sql']) retrieved from /opt/airflow/dags/dag_sql.py
[2023-04-01T22:55:13.776+0000] {logging_mixin.py:137} INFO - [2023-04-01T22:55:13.775+0000] {dag.py:2690} INFO - Sync 1 DAGs
[2023-04-01T22:55:17.649+0000] {logging_mixin.py:137} INFO - [2023-04-01T22:55:17.369+0000] {dag.py:3441} INFO - Setting next_dagrun for dag_sql to 2023-04-01T21:30:00+00:00, run_after=2023-04-01T22:30:00+00:00
[2023-04-01T22:55:23.680+0000] {processor.py:175} INFO - Processing /opt/airflow/dags/dag_sql.py took 25.939 seconds
[2023-04-01T22:56:06.006+0000] {processor.py:153} INFO - Started process (PID=8583) to work on /opt/airflow/dags/dag_sql.py
[2023-04-01T22:56:06.086+0000] {processor.py:743} INFO - Processing file /opt/airflow/dags/dag_sql.py for tasks to queue
[2023-04-01T22:56:06.246+0000] {logging_mixin.py:137} INFO - [2023-04-01T22:56:06.187+0000] {dagbag.py:538} INFO - Filling up the DagBag from /opt/airflow/dags/dag_sql.py
[2023-04-01T22:56:20.238+0000] {processor.py:753} INFO - DAG(s) dict_keys(['dag_sql']) retrieved from /opt/airflow/dags/dag_sql.py
[2023-04-01T22:56:21.588+0000] {logging_mixin.py:137} INFO - [2023-04-01T22:56:21.588+0000] {dag.py:2690} INFO - Sync 1 DAGs
[2023-04-01T22:56:24.518+0000] {logging_mixin.py:137} INFO - [2023-04-01T22:56:24.518+0000] {dag.py:3441} INFO - Setting next_dagrun for dag_sql to 2023-04-01T21:30:00+00:00, run_after=2023-04-01T22:30:00+00:00
[2023-04-01T22:56:28.009+0000] {processor.py:175} INFO - Processing /opt/airflow/dags/dag_sql.py took 24.090 seconds
[2023-04-01T22:57:00.267+0000] {processor.py:153} INFO - Started process (PID=8614) to work on /opt/airflow/dags/dag_sql.py
[2023-04-01T22:57:00.317+0000] {processor.py:743} INFO - Processing file /opt/airflow/dags/dag_sql.py for tasks to queue
[2023-04-01T22:57:00.347+0000] {logging_mixin.py:137} INFO - [2023-04-01T22:57:00.347+0000] {dagbag.py:538} INFO - Filling up the DagBag from /opt/airflow/dags/dag_sql.py
[2023-04-01T22:57:02.977+0000] {processor.py:753} INFO - DAG(s) dict_keys(['dag_sql']) retrieved from /opt/airflow/dags/dag_sql.py
[2023-04-01T22:57:04.367+0000] {logging_mixin.py:137} INFO - [2023-04-01T22:57:04.367+0000] {dag.py:2690} INFO - Sync 1 DAGs
[2023-04-01T22:57:06.637+0000] {logging_mixin.py:137} INFO - [2023-04-01T22:57:06.637+0000] {dag.py:3441} INFO - Setting next_dagrun for dag_sql to 2023-04-01T21:30:00+00:00, run_after=2023-04-01T22:30:00+00:00
[2023-04-01T22:57:09.206+0000] {processor.py:175} INFO - Processing /opt/airflow/dags/dag_sql.py took 9.190 seconds
[2023-04-01T22:57:40.857+0000] {processor.py:153} INFO - Started process (PID=8634) to work on /opt/airflow/dags/dag_sql.py
[2023-04-01T22:57:40.926+0000] {processor.py:743} INFO - Processing file /opt/airflow/dags/dag_sql.py for tasks to queue
[2023-04-01T22:57:40.985+0000] {logging_mixin.py:137} INFO - [2023-04-01T22:57:40.936+0000] {dagbag.py:538} INFO - Filling up the DagBag from /opt/airflow/dags/dag_sql.py
[2023-04-01T22:57:42.846+0000] {processor.py:753} INFO - DAG(s) dict_keys(['dag_sql']) retrieved from /opt/airflow/dags/dag_sql.py
[2023-04-01T22:57:43.506+0000] {logging_mixin.py:137} INFO - [2023-04-01T22:57:43.506+0000] {dag.py:2690} INFO - Sync 1 DAGs
[2023-04-01T22:57:45.466+0000] {logging_mixin.py:137} INFO - [2023-04-01T22:57:45.466+0000] {dag.py:3441} INFO - Setting next_dagrun for dag_sql to 2023-04-01T21:30:00+00:00, run_after=2023-04-01T22:30:00+00:00
[2023-04-01T22:57:46.755+0000] {processor.py:175} INFO - Processing /opt/airflow/dags/dag_sql.py took 6.030 seconds
[2023-04-01T22:58:17.800+0000] {processor.py:153} INFO - Started process (PID=8656) to work on /opt/airflow/dags/dag_sql.py
[2023-04-01T22:58:17.810+0000] {processor.py:743} INFO - Processing file /opt/airflow/dags/dag_sql.py for tasks to queue
[2023-04-01T22:58:17.830+0000] {logging_mixin.py:137} INFO - [2023-04-01T22:58:17.820+0000] {dagbag.py:538} INFO - Filling up the DagBag from /opt/airflow/dags/dag_sql.py
[2023-04-01T22:58:19.000+0000] {processor.py:753} INFO - DAG(s) dict_keys(['dag_sql']) retrieved from /opt/airflow/dags/dag_sql.py
[2023-04-01T22:58:19.451+0000] {logging_mixin.py:137} INFO - [2023-04-01T22:58:19.450+0000] {dag.py:2690} INFO - Sync 1 DAGs
[2023-04-01T22:58:20.001+0000] {logging_mixin.py:137} INFO - [2023-04-01T22:58:20.000+0000] {dag.py:3441} INFO - Setting next_dagrun for dag_sql to 2023-04-01T21:30:00+00:00, run_after=2023-04-01T22:30:00+00:00
[2023-04-01T22:58:20.470+0000] {processor.py:175} INFO - Processing /opt/airflow/dags/dag_sql.py took 2.751 seconds
[2023-04-01T22:58:51.294+0000] {processor.py:153} INFO - Started process (PID=8684) to work on /opt/airflow/dags/dag_sql.py
[2023-04-01T22:58:51.313+0000] {processor.py:743} INFO - Processing file /opt/airflow/dags/dag_sql.py for tasks to queue
[2023-04-01T22:58:51.334+0000] {logging_mixin.py:137} INFO - [2023-04-01T22:58:51.333+0000] {dagbag.py:538} INFO - Filling up the DagBag from /opt/airflow/dags/dag_sql.py
[2023-04-01T22:58:52.724+0000] {processor.py:753} INFO - DAG(s) dict_keys(['dag_sql']) retrieved from /opt/airflow/dags/dag_sql.py
[2023-04-01T22:58:53.303+0000] {logging_mixin.py:137} INFO - [2023-04-01T22:58:53.294+0000] {dag.py:2690} INFO - Sync 1 DAGs
[2023-04-01T22:58:53.924+0000] {logging_mixin.py:137} INFO - [2023-04-01T22:58:53.924+0000] {dag.py:3441} INFO - Setting next_dagrun for dag_sql to 2023-04-01T21:30:00+00:00, run_after=2023-04-01T22:30:00+00:00
[2023-04-01T22:58:54.654+0000] {processor.py:175} INFO - Processing /opt/airflow/dags/dag_sql.py took 3.431 seconds
[2023-04-01T22:59:25.937+0000] {processor.py:153} INFO - Started process (PID=8702) to work on /opt/airflow/dags/dag_sql.py
[2023-04-01T22:59:25.947+0000] {processor.py:743} INFO - Processing file /opt/airflow/dags/dag_sql.py for tasks to queue
[2023-04-01T22:59:25.958+0000] {logging_mixin.py:137} INFO - [2023-04-01T22:59:25.958+0000] {dagbag.py:538} INFO - Filling up the DagBag from /opt/airflow/dags/dag_sql.py
[2023-04-01T22:59:27.228+0000] {processor.py:753} INFO - DAG(s) dict_keys(['dag_sql']) retrieved from /opt/airflow/dags/dag_sql.py
[2023-04-01T22:59:27.677+0000] {logging_mixin.py:137} INFO - [2023-04-01T22:59:27.677+0000] {dag.py:2690} INFO - Sync 1 DAGs
[2023-04-01T22:59:28.267+0000] {logging_mixin.py:137} INFO - [2023-04-01T22:59:28.258+0000] {dag.py:3441} INFO - Setting next_dagrun for dag_sql to 2023-04-01T21:30:00+00:00, run_after=2023-04-01T22:30:00+00:00
[2023-04-01T22:59:28.618+0000] {processor.py:175} INFO - Processing /opt/airflow/dags/dag_sql.py took 2.760 seconds
[2023-04-01T22:59:59.477+0000] {processor.py:153} INFO - Started process (PID=8723) to work on /opt/airflow/dags/dag_sql.py
[2023-04-01T22:59:59.498+0000] {processor.py:743} INFO - Processing file /opt/airflow/dags/dag_sql.py for tasks to queue
[2023-04-01T22:59:59.518+0000] {logging_mixin.py:137} INFO - [2023-04-01T22:59:59.517+0000] {dagbag.py:538} INFO - Filling up the DagBag from /opt/airflow/dags/dag_sql.py
[2023-04-01T23:00:00.637+0000] {processor.py:753} INFO - DAG(s) dict_keys(['dag_sql']) retrieved from /opt/airflow/dags/dag_sql.py
[2023-04-01T23:00:00.958+0000] {logging_mixin.py:137} INFO - [2023-04-01T23:00:00.958+0000] {dag.py:2690} INFO - Sync 1 DAGs
[2023-04-01T23:00:01.428+0000] {logging_mixin.py:137} INFO - [2023-04-01T23:00:01.428+0000] {dag.py:3441} INFO - Setting next_dagrun for dag_sql to 2023-04-01T21:30:00+00:00, run_after=2023-04-01T22:30:00+00:00
[2023-04-01T23:00:02.018+0000] {processor.py:175} INFO - Processing /opt/airflow/dags/dag_sql.py took 2.620 seconds
[2023-04-01T23:00:32.798+0000] {processor.py:153} INFO - Started process (PID=8757) to work on /opt/airflow/dags/dag_sql.py
[2023-04-01T23:00:32.808+0000] {processor.py:743} INFO - Processing file /opt/airflow/dags/dag_sql.py for tasks to queue
[2023-04-01T23:00:32.829+0000] {logging_mixin.py:137} INFO - [2023-04-01T23:00:32.818+0000] {dagbag.py:538} INFO - Filling up the DagBag from /opt/airflow/dags/dag_sql.py
[2023-04-01T23:00:33.858+0000] {processor.py:753} INFO - DAG(s) dict_keys(['dag_sql']) retrieved from /opt/airflow/dags/dag_sql.py
[2023-04-01T23:00:34.178+0000] {logging_mixin.py:137} INFO - [2023-04-01T23:00:34.178+0000] {dag.py:2690} INFO - Sync 1 DAGs
[2023-04-01T23:00:34.548+0000] {logging_mixin.py:137} INFO - [2023-04-01T23:00:34.528+0000] {dag.py:3441} INFO - Setting next_dagrun for dag_sql to 2023-04-01T21:30:00+00:00, run_after=2023-04-01T22:30:00+00:00
[2023-04-01T23:00:36.318+0000] {processor.py:175} INFO - Processing /opt/airflow/dags/dag_sql.py took 3.560 seconds
[2023-04-01T23:01:08.514+0000] {processor.py:153} INFO - Started process (PID=8768) to work on /opt/airflow/dags/dag_sql.py
[2023-04-01T23:01:08.564+0000] {processor.py:743} INFO - Processing file /opt/airflow/dags/dag_sql.py for tasks to queue
[2023-04-01T23:01:08.584+0000] {logging_mixin.py:137} INFO - [2023-04-01T23:01:08.584+0000] {dagbag.py:538} INFO - Filling up the DagBag from /opt/airflow/dags/dag_sql.py
[2023-04-01T23:01:11.044+0000] {processor.py:753} INFO - DAG(s) dict_keys(['dag_sql']) retrieved from /opt/airflow/dags/dag_sql.py
[2023-04-01T23:01:12.104+0000] {logging_mixin.py:137} INFO - [2023-04-01T23:01:12.104+0000] {dag.py:2690} INFO - Sync 1 DAGs
[2023-04-01T23:01:12.945+0000] {logging_mixin.py:137} INFO - [2023-04-01T23:01:12.944+0000] {dag.py:3441} INFO - Setting next_dagrun for dag_sql to 2023-04-01T21:30:00+00:00, run_after=2023-04-01T22:30:00+00:00
[2023-04-01T23:01:13.794+0000] {processor.py:175} INFO - Processing /opt/airflow/dags/dag_sql.py took 5.370 seconds
[2023-04-01T23:01:46.082+0000] {processor.py:153} INFO - Started process (PID=8787) to work on /opt/airflow/dags/dag_sql.py
[2023-04-01T23:01:46.112+0000] {processor.py:743} INFO - Processing file /opt/airflow/dags/dag_sql.py for tasks to queue
[2023-04-01T23:01:46.152+0000] {logging_mixin.py:137} INFO - [2023-04-01T23:01:46.133+0000] {dagbag.py:538} INFO - Filling up the DagBag from /opt/airflow/dags/dag_sql.py
[2023-04-01T23:01:48.609+0000] {processor.py:753} INFO - DAG(s) dict_keys(['dag_sql']) retrieved from /opt/airflow/dags/dag_sql.py
[2023-04-01T23:01:49.439+0000] {logging_mixin.py:137} INFO - [2023-04-01T23:01:49.438+0000] {dag.py:2690} INFO - Sync 1 DAGs
[2023-04-01T23:01:50.748+0000] {logging_mixin.py:137} INFO - [2023-04-01T23:01:50.739+0000] {dag.py:3441} INFO - Setting next_dagrun for dag_sql to 2023-04-01T21:30:00+00:00, run_after=2023-04-01T22:30:00+00:00
[2023-04-01T23:01:51.759+0000] {processor.py:175} INFO - Processing /opt/airflow/dags/dag_sql.py took 5.790 seconds
[2023-04-01T23:02:23.570+0000] {processor.py:153} INFO - Started process (PID=8806) to work on /opt/airflow/dags/dag_sql.py
[2023-04-01T23:02:23.600+0000] {processor.py:743} INFO - Processing file /opt/airflow/dags/dag_sql.py for tasks to queue
[2023-04-01T23:02:23.621+0000] {logging_mixin.py:137} INFO - [2023-04-01T23:02:23.621+0000] {dagbag.py:538} INFO - Filling up the DagBag from /opt/airflow/dags/dag_sql.py
[2023-04-01T23:02:26.080+0000] {processor.py:753} INFO - DAG(s) dict_keys(['dag_sql']) retrieved from /opt/airflow/dags/dag_sql.py
[2023-04-01T23:02:27.201+0000] {logging_mixin.py:137} INFO - [2023-04-01T23:02:27.200+0000] {dag.py:2690} INFO - Sync 1 DAGs
[2023-04-01T23:02:28.460+0000] {logging_mixin.py:137} INFO - [2023-04-01T23:02:28.451+0000] {dag.py:3441} INFO - Setting next_dagrun for dag_sql to 2023-04-01T21:30:00+00:00, run_after=2023-04-01T22:30:00+00:00
[2023-04-01T23:02:29.360+0000] {processor.py:175} INFO - Processing /opt/airflow/dags/dag_sql.py took 5.900 seconds
[2023-04-01T23:03:02.479+0000] {processor.py:153} INFO - Started process (PID=8827) to work on /opt/airflow/dags/dag_sql.py
[2023-04-01T23:03:02.530+0000] {processor.py:743} INFO - Processing file /opt/airflow/dags/dag_sql.py for tasks to queue
[2023-04-01T23:03:02.580+0000] {logging_mixin.py:137} INFO - [2023-04-01T23:03:02.580+0000] {dagbag.py:538} INFO - Filling up the DagBag from /opt/airflow/dags/dag_sql.py
[2023-04-01T23:03:06.780+0000] {processor.py:753} INFO - DAG(s) dict_keys(['dag_sql']) retrieved from /opt/airflow/dags/dag_sql.py
[2023-04-01T23:03:07.659+0000] {logging_mixin.py:137} INFO - [2023-04-01T23:03:07.659+0000] {dag.py:2690} INFO - Sync 1 DAGs
[2023-04-01T23:03:09.580+0000] {logging_mixin.py:137} INFO - [2023-04-01T23:03:09.579+0000] {dag.py:3441} INFO - Setting next_dagrun for dag_sql to 2023-04-01T21:30:00+00:00, run_after=2023-04-01T22:30:00+00:00
[2023-04-01T23:03:11.349+0000] {processor.py:175} INFO - Processing /opt/airflow/dags/dag_sql.py took 9.140 seconds
[2023-04-01T23:03:43.385+0000] {processor.py:153} INFO - Started process (PID=8848) to work on /opt/airflow/dags/dag_sql.py
[2023-04-01T23:03:43.454+0000] {processor.py:743} INFO - Processing file /opt/airflow/dags/dag_sql.py for tasks to queue
[2023-04-01T23:03:43.504+0000] {logging_mixin.py:137} INFO - [2023-04-01T23:03:43.475+0000] {dagbag.py:538} INFO - Filling up the DagBag from /opt/airflow/dags/dag_sql.py
[2023-04-01T23:03:45.764+0000] {processor.py:753} INFO - DAG(s) dict_keys(['dag_sql']) retrieved from /opt/airflow/dags/dag_sql.py
[2023-04-01T23:03:46.745+0000] {logging_mixin.py:137} INFO - [2023-04-01T23:03:46.744+0000] {dag.py:2690} INFO - Sync 1 DAGs
[2023-04-01T23:03:47.942+0000] {logging_mixin.py:137} INFO - [2023-04-01T23:03:47.922+0000] {dag.py:3441} INFO - Setting next_dagrun for dag_sql to 2023-04-01T21:30:00+00:00, run_after=2023-04-01T22:30:00+00:00
[2023-04-01T23:03:49.582+0000] {processor.py:175} INFO - Processing /opt/airflow/dags/dag_sql.py took 6.280 seconds
[2023-04-01T23:04:21.151+0000] {processor.py:153} INFO - Started process (PID=8870) to work on /opt/airflow/dags/dag_sql.py
[2023-04-01T23:04:21.171+0000] {processor.py:743} INFO - Processing file /opt/airflow/dags/dag_sql.py for tasks to queue
[2023-04-01T23:04:21.190+0000] {logging_mixin.py:137} INFO - [2023-04-01T23:04:21.181+0000] {dagbag.py:538} INFO - Filling up the DagBag from /opt/airflow/dags/dag_sql.py
[2023-04-01T23:04:23.191+0000] {processor.py:753} INFO - DAG(s) dict_keys(['dag_sql']) retrieved from /opt/airflow/dags/dag_sql.py
[2023-04-01T23:04:23.751+0000] {logging_mixin.py:137} INFO - [2023-04-01T23:04:23.750+0000] {dag.py:2690} INFO - Sync 1 DAGs
[2023-04-01T23:04:24.340+0000] {logging_mixin.py:137} INFO - [2023-04-01T23:04:24.340+0000] {dag.py:3441} INFO - Setting next_dagrun for dag_sql to 2023-04-01T21:30:00+00:00, run_after=2023-04-01T22:30:00+00:00
[2023-04-01T23:04:24.900+0000] {processor.py:175} INFO - Processing /opt/airflow/dags/dag_sql.py took 3.839 seconds
[2023-04-01T23:04:56.342+0000] {processor.py:153} INFO - Started process (PID=8889) to work on /opt/airflow/dags/dag_sql.py
[2023-04-01T23:04:56.411+0000] {processor.py:743} INFO - Processing file /opt/airflow/dags/dag_sql.py for tasks to queue
[2023-04-01T23:04:56.432+0000] {logging_mixin.py:137} INFO - [2023-04-01T23:04:56.431+0000] {dagbag.py:538} INFO - Filling up the DagBag from /opt/airflow/dags/dag_sql.py
[2023-04-01T23:05:02.960+0000] {processor.py:753} INFO - DAG(s) dict_keys(['dag_sql']) retrieved from /opt/airflow/dags/dag_sql.py
[2023-04-01T23:05:03.651+0000] {logging_mixin.py:137} INFO - [2023-04-01T23:05:03.642+0000] {dag.py:2690} INFO - Sync 1 DAGs
[2023-04-01T23:05:04.251+0000] {logging_mixin.py:137} INFO - [2023-04-01T23:05:04.251+0000] {dag.py:3441} INFO - Setting next_dagrun for dag_sql to 2023-04-01T21:30:00+00:00, run_after=2023-04-01T22:30:00+00:00
[2023-04-01T23:05:04.812+0000] {processor.py:175} INFO - Processing /opt/airflow/dags/dag_sql.py took 8.790 seconds
[2023-04-01T23:05:36.204+0000] {processor.py:153} INFO - Started process (PID=8903) to work on /opt/airflow/dags/dag_sql.py
[2023-04-01T23:05:36.224+0000] {processor.py:743} INFO - Processing file /opt/airflow/dags/dag_sql.py for tasks to queue
[2023-04-01T23:05:36.263+0000] {logging_mixin.py:137} INFO - [2023-04-01T23:05:36.244+0000] {dagbag.py:538} INFO - Filling up the DagBag from /opt/airflow/dags/dag_sql.py
[2023-04-01T23:05:38.783+0000] {processor.py:753} INFO - DAG(s) dict_keys(['dag_sql']) retrieved from /opt/airflow/dags/dag_sql.py
[2023-04-01T23:05:39.293+0000] {logging_mixin.py:137} INFO - [2023-04-01T23:05:39.293+0000] {dag.py:2690} INFO - Sync 1 DAGs
[2023-04-01T23:05:39.933+0000] {logging_mixin.py:137} INFO - [2023-04-01T23:05:39.914+0000] {dag.py:3441} INFO - Setting next_dagrun for dag_sql to 2023-04-01T21:30:00+00:00, run_after=2023-04-01T22:30:00+00:00
[2023-04-01T23:05:40.464+0000] {processor.py:175} INFO - Processing /opt/airflow/dags/dag_sql.py took 4.330 seconds
[2023-04-01T23:06:11.077+0000] {processor.py:153} INFO - Started process (PID=8924) to work on /opt/airflow/dags/dag_sql.py
[2023-04-01T23:06:11.087+0000] {processor.py:743} INFO - Processing file /opt/airflow/dags/dag_sql.py for tasks to queue
[2023-04-01T23:06:11.098+0000] {logging_mixin.py:137} INFO - [2023-04-01T23:06:11.097+0000] {dagbag.py:538} INFO - Filling up the DagBag from /opt/airflow/dags/dag_sql.py
[2023-04-01T23:06:12.118+0000] {processor.py:753} INFO - DAG(s) dict_keys(['dag_sql']) retrieved from /opt/airflow/dags/dag_sql.py
[2023-04-01T23:06:12.547+0000] {logging_mixin.py:137} INFO - [2023-04-01T23:06:12.538+0000] {dag.py:2690} INFO - Sync 1 DAGs
[2023-04-01T23:06:13.368+0000] {logging_mixin.py:137} INFO - [2023-04-01T23:06:13.367+0000] {dag.py:3441} INFO - Setting next_dagrun for dag_sql to 2023-04-01T21:30:00+00:00, run_after=2023-04-01T22:30:00+00:00
[2023-04-01T23:06:13.888+0000] {processor.py:175} INFO - Processing /opt/airflow/dags/dag_sql.py took 2.860 seconds
[2023-04-01T23:06:44.628+0000] {processor.py:153} INFO - Started process (PID=8943) to work on /opt/airflow/dags/dag_sql.py
[2023-04-01T23:06:44.647+0000] {processor.py:743} INFO - Processing file /opt/airflow/dags/dag_sql.py for tasks to queue
[2023-04-01T23:06:44.658+0000] {logging_mixin.py:137} INFO - [2023-04-01T23:06:44.658+0000] {dagbag.py:538} INFO - Filling up the DagBag from /opt/airflow/dags/dag_sql.py
[2023-04-01T23:06:45.517+0000] {processor.py:753} INFO - DAG(s) dict_keys(['dag_sql']) retrieved from /opt/airflow/dags/dag_sql.py
[2023-04-01T23:06:45.858+0000] {logging_mixin.py:137} INFO - [2023-04-01T23:06:45.858+0000] {dag.py:2690} INFO - Sync 1 DAGs
[2023-04-01T23:06:46.367+0000] {logging_mixin.py:137} INFO - [2023-04-01T23:06:46.367+0000] {dag.py:3441} INFO - Setting next_dagrun for dag_sql to 2023-04-01T21:30:00+00:00, run_after=2023-04-01T22:30:00+00:00
[2023-04-01T23:06:46.798+0000] {processor.py:175} INFO - Processing /opt/airflow/dags/dag_sql.py took 2.230 seconds
[2023-04-01T23:07:18.013+0000] {processor.py:153} INFO - Started process (PID=8954) to work on /opt/airflow/dags/dag_sql.py
[2023-04-01T23:07:18.033+0000] {processor.py:743} INFO - Processing file /opt/airflow/dags/dag_sql.py for tasks to queue
[2023-04-01T23:07:18.063+0000] {logging_mixin.py:137} INFO - [2023-04-01T23:07:18.063+0000] {dagbag.py:538} INFO - Filling up the DagBag from /opt/airflow/dags/dag_sql.py
[2023-04-01T23:07:19.578+0000] {processor.py:753} INFO - DAG(s) dict_keys(['dag_sql']) retrieved from /opt/airflow/dags/dag_sql.py
[2023-04-01T23:07:20.158+0000] {logging_mixin.py:137} INFO - [2023-04-01T23:07:20.158+0000] {dag.py:2690} INFO - Sync 1 DAGs
[2023-04-01T23:07:20.679+0000] {logging_mixin.py:137} INFO - [2023-04-01T23:07:20.678+0000] {dag.py:3441} INFO - Setting next_dagrun for dag_sql to 2023-04-01T21:30:00+00:00, run_after=2023-04-01T22:30:00+00:00
[2023-04-01T23:07:21.088+0000] {processor.py:175} INFO - Processing /opt/airflow/dags/dag_sql.py took 3.160 seconds
[2023-04-01T23:07:52.023+0000] {processor.py:153} INFO - Started process (PID=8975) to work on /opt/airflow/dags/dag_sql.py
[2023-04-01T23:07:52.043+0000] {processor.py:743} INFO - Processing file /opt/airflow/dags/dag_sql.py for tasks to queue
[2023-04-01T23:07:52.053+0000] {logging_mixin.py:137} INFO - [2023-04-01T23:07:52.053+0000] {dagbag.py:538} INFO - Filling up the DagBag from /opt/airflow/dags/dag_sql.py
[2023-04-01T23:07:52.893+0000] {processor.py:753} INFO - DAG(s) dict_keys(['dag_sql']) retrieved from /opt/airflow/dags/dag_sql.py
[2023-04-01T23:07:53.173+0000] {logging_mixin.py:137} INFO - [2023-04-01T23:07:53.173+0000] {dag.py:2690} INFO - Sync 1 DAGs
[2023-04-01T23:07:53.523+0000] {logging_mixin.py:137} INFO - [2023-04-01T23:07:53.523+0000] {dag.py:3441} INFO - Setting next_dagrun for dag_sql to 2023-04-01T21:30:00+00:00, run_after=2023-04-01T22:30:00+00:00
[2023-04-01T23:07:53.804+0000] {processor.py:175} INFO - Processing /opt/airflow/dags/dag_sql.py took 1.831 seconds
[2023-04-01T23:08:24.379+0000] {processor.py:153} INFO - Started process (PID=8996) to work on /opt/airflow/dags/dag_sql.py
[2023-04-01T23:08:24.389+0000] {processor.py:743} INFO - Processing file /opt/airflow/dags/dag_sql.py for tasks to queue
[2023-04-01T23:08:24.399+0000] {logging_mixin.py:137} INFO - [2023-04-01T23:08:24.399+0000] {dagbag.py:538} INFO - Filling up the DagBag from /opt/airflow/dags/dag_sql.py
[2023-04-01T23:08:25.259+0000] {processor.py:753} INFO - DAG(s) dict_keys(['dag_sql']) retrieved from /opt/airflow/dags/dag_sql.py
[2023-04-01T23:08:25.799+0000] {logging_mixin.py:137} INFO - [2023-04-01T23:08:25.799+0000] {dag.py:2690} INFO - Sync 1 DAGs
[2023-04-01T23:08:26.219+0000] {logging_mixin.py:137} INFO - [2023-04-01T23:08:26.219+0000] {dag.py:3441} INFO - Setting next_dagrun for dag_sql to 2023-04-01T21:30:00+00:00, run_after=2023-04-01T22:30:00+00:00
[2023-04-01T23:08:26.578+0000] {processor.py:175} INFO - Processing /opt/airflow/dags/dag_sql.py took 2.259 seconds
[2023-04-01T23:08:57.538+0000] {processor.py:153} INFO - Started process (PID=9017) to work on /opt/airflow/dags/dag_sql.py
[2023-04-01T23:08:57.617+0000] {processor.py:743} INFO - Processing file /opt/airflow/dags/dag_sql.py for tasks to queue
[2023-04-01T23:08:57.648+0000] {logging_mixin.py:137} INFO - [2023-04-01T23:08:57.647+0000] {dagbag.py:538} INFO - Filling up the DagBag from /opt/airflow/dags/dag_sql.py
[2023-04-01T23:09:00.367+0000] {processor.py:753} INFO - DAG(s) dict_keys(['dag_sql']) retrieved from /opt/airflow/dags/dag_sql.py
[2023-04-01T23:09:01.028+0000] {logging_mixin.py:137} INFO - [2023-04-01T23:09:01.027+0000] {dag.py:2690} INFO - Sync 1 DAGs
[2023-04-01T23:09:01.447+0000] {logging_mixin.py:137} INFO - [2023-04-01T23:09:01.438+0000] {dag.py:3441} INFO - Setting next_dagrun for dag_sql to 2023-04-01T21:30:00+00:00, run_after=2023-04-01T22:30:00+00:00
[2023-04-01T23:09:01.817+0000] {processor.py:175} INFO - Processing /opt/airflow/dags/dag_sql.py took 4.370 seconds
[2023-04-01T23:09:32.727+0000] {processor.py:153} INFO - Started process (PID=9037) to work on /opt/airflow/dags/dag_sql.py
[2023-04-01T23:09:32.758+0000] {processor.py:743} INFO - Processing file /opt/airflow/dags/dag_sql.py for tasks to queue
[2023-04-01T23:09:32.778+0000] {logging_mixin.py:137} INFO - [2023-04-01T23:09:32.778+0000] {dagbag.py:538} INFO - Filling up the DagBag from /opt/airflow/dags/dag_sql.py
[2023-04-01T23:09:35.848+0000] {processor.py:753} INFO - DAG(s) dict_keys(['dag_sql']) retrieved from /opt/airflow/dags/dag_sql.py
[2023-04-01T23:09:36.938+0000] {logging_mixin.py:137} INFO - [2023-04-01T23:09:36.937+0000] {dag.py:2690} INFO - Sync 1 DAGs
[2023-04-01T23:09:38.078+0000] {logging_mixin.py:137} INFO - [2023-04-01T23:09:38.078+0000] {dag.py:3441} INFO - Setting next_dagrun for dag_sql to 2023-04-01T21:30:00+00:00, run_after=2023-04-01T22:30:00+00:00
[2023-04-01T23:09:38.758+0000] {processor.py:175} INFO - Processing /opt/airflow/dags/dag_sql.py took 6.140 seconds
[2023-04-01T23:10:09.859+0000] {processor.py:153} INFO - Started process (PID=9058) to work on /opt/airflow/dags/dag_sql.py
[2023-04-01T23:10:09.869+0000] {processor.py:743} INFO - Processing file /opt/airflow/dags/dag_sql.py for tasks to queue
[2023-04-01T23:10:09.898+0000] {logging_mixin.py:137} INFO - [2023-04-01T23:10:09.889+0000] {dagbag.py:538} INFO - Filling up the DagBag from /opt/airflow/dags/dag_sql.py
[2023-04-01T23:10:11.379+0000] {processor.py:753} INFO - DAG(s) dict_keys(['dag_sql']) retrieved from /opt/airflow/dags/dag_sql.py
[2023-04-01T23:10:11.909+0000] {logging_mixin.py:137} INFO - [2023-04-01T23:10:11.908+0000] {dag.py:2690} INFO - Sync 1 DAGs
[2023-04-01T23:10:12.539+0000] {logging_mixin.py:137} INFO - [2023-04-01T23:10:12.538+0000] {dag.py:3441} INFO - Setting next_dagrun for dag_sql to 2023-04-01T21:30:00+00:00, run_after=2023-04-01T22:30:00+00:00
[2023-04-01T23:10:13.318+0000] {processor.py:175} INFO - Processing /opt/airflow/dags/dag_sql.py took 3.509 seconds
[2023-04-01T23:10:44.060+0000] {processor.py:153} INFO - Started process (PID=9085) to work on /opt/airflow/dags/dag_sql.py
[2023-04-01T23:10:44.079+0000] {processor.py:743} INFO - Processing file /opt/airflow/dags/dag_sql.py for tasks to queue
[2023-04-01T23:10:44.130+0000] {logging_mixin.py:137} INFO - [2023-04-01T23:10:44.119+0000] {dagbag.py:538} INFO - Filling up the DagBag from /opt/airflow/dags/dag_sql.py
[2023-04-01T23:10:45.449+0000] {processor.py:753} INFO - DAG(s) dict_keys(['dag_sql']) retrieved from /opt/airflow/dags/dag_sql.py
[2023-04-01T23:10:45.910+0000] {logging_mixin.py:137} INFO - [2023-04-01T23:10:45.910+0000] {dag.py:2690} INFO - Sync 1 DAGs
[2023-04-01T23:10:46.489+0000] {logging_mixin.py:137} INFO - [2023-04-01T23:10:46.489+0000] {dag.py:3441} INFO - Setting next_dagrun for dag_sql to 2023-04-01T21:30:00+00:00, run_after=2023-04-01T22:30:00+00:00
[2023-04-01T23:10:46.849+0000] {processor.py:175} INFO - Processing /opt/airflow/dags/dag_sql.py took 2.820 seconds
[2023-04-01T23:11:18.647+0000] {processor.py:153} INFO - Started process (PID=9098) to work on /opt/airflow/dags/dag_sql.py
[2023-04-01T23:11:18.666+0000] {processor.py:743} INFO - Processing file /opt/airflow/dags/dag_sql.py for tasks to queue
[2023-04-01T23:11:18.677+0000] {logging_mixin.py:137} INFO - [2023-04-01T23:11:18.677+0000] {dagbag.py:538} INFO - Filling up the DagBag from /opt/airflow/dags/dag_sql.py
[2023-04-01T23:11:20.927+0000] {processor.py:753} INFO - DAG(s) dict_keys(['dag_sql']) retrieved from /opt/airflow/dags/dag_sql.py
[2023-04-01T23:11:22.046+0000] {logging_mixin.py:137} INFO - [2023-04-01T23:11:22.027+0000] {dag.py:2690} INFO - Sync 1 DAGs
[2023-04-01T23:11:23.017+0000] {logging_mixin.py:137} INFO - [2023-04-01T23:11:23.017+0000] {dag.py:3441} INFO - Setting next_dagrun for dag_sql to 2023-04-01T21:30:00+00:00, run_after=2023-04-01T22:30:00+00:00
[2023-04-01T23:11:23.857+0000] {processor.py:175} INFO - Processing /opt/airflow/dags/dag_sql.py took 5.299 seconds
[2023-04-01T23:11:54.704+0000] {processor.py:153} INFO - Started process (PID=9119) to work on /opt/airflow/dags/dag_sql.py
[2023-04-01T23:11:54.734+0000] {processor.py:743} INFO - Processing file /opt/airflow/dags/dag_sql.py for tasks to queue
[2023-04-01T23:11:54.774+0000] {logging_mixin.py:137} INFO - [2023-04-01T23:11:54.763+0000] {dagbag.py:538} INFO - Filling up the DagBag from /opt/airflow/dags/dag_sql.py
[2023-04-01T23:11:56.033+0000] {processor.py:753} INFO - DAG(s) dict_keys(['dag_sql']) retrieved from /opt/airflow/dags/dag_sql.py
[2023-04-01T23:11:56.514+0000] {logging_mixin.py:137} INFO - [2023-04-01T23:11:56.513+0000] {dag.py:2690} INFO - Sync 1 DAGs
[2023-04-01T23:11:57.533+0000] {logging_mixin.py:137} INFO - [2023-04-01T23:11:57.524+0000] {dag.py:3441} INFO - Setting next_dagrun for dag_sql to 2023-04-01T21:30:00+00:00, run_after=2023-04-01T22:30:00+00:00
[2023-04-01T23:11:58.354+0000] {processor.py:175} INFO - Processing /opt/airflow/dags/dag_sql.py took 3.751 seconds
[2023-04-01T23:12:29.373+0000] {processor.py:153} INFO - Started process (PID=9138) to work on /opt/airflow/dags/dag_sql.py
[2023-04-01T23:12:29.393+0000] {processor.py:743} INFO - Processing file /opt/airflow/dags/dag_sql.py for tasks to queue
[2023-04-01T23:12:29.404+0000] {logging_mixin.py:137} INFO - [2023-04-01T23:12:29.403+0000] {dagbag.py:538} INFO - Filling up the DagBag from /opt/airflow/dags/dag_sql.py
[2023-04-01T23:12:30.273+0000] {processor.py:753} INFO - DAG(s) dict_keys(['dag_sql']) retrieved from /opt/airflow/dags/dag_sql.py
[2023-04-01T23:12:30.774+0000] {logging_mixin.py:137} INFO - [2023-04-01T23:12:30.773+0000] {dag.py:2690} INFO - Sync 1 DAGs
[2023-04-01T23:12:31.513+0000] {logging_mixin.py:137} INFO - [2023-04-01T23:12:31.513+0000] {dag.py:3441} INFO - Setting next_dagrun for dag_sql to 2023-04-01T21:30:00+00:00, run_after=2023-04-01T22:30:00+00:00
[2023-04-01T23:12:32.533+0000] {processor.py:175} INFO - Processing /opt/airflow/dags/dag_sql.py took 3.230 seconds
[2023-04-01T23:13:03.723+0000] {processor.py:153} INFO - Started process (PID=9150) to work on /opt/airflow/dags/dag_sql.py
[2023-04-01T23:13:03.742+0000] {processor.py:743} INFO - Processing file /opt/airflow/dags/dag_sql.py for tasks to queue
[2023-04-01T23:13:03.753+0000] {logging_mixin.py:137} INFO - [2023-04-01T23:13:03.753+0000] {dagbag.py:538} INFO - Filling up the DagBag from /opt/airflow/dags/dag_sql.py
[2023-04-01T23:13:04.903+0000] {processor.py:753} INFO - DAG(s) dict_keys(['dag_sql']) retrieved from /opt/airflow/dags/dag_sql.py
[2023-04-01T23:13:05.532+0000] {logging_mixin.py:137} INFO - [2023-04-01T23:13:05.522+0000] {dag.py:2690} INFO - Sync 1 DAGs
[2023-04-01T23:13:06.272+0000] {logging_mixin.py:137} INFO - [2023-04-01T23:13:06.263+0000] {dag.py:3441} INFO - Setting next_dagrun for dag_sql to 2023-04-01T21:30:00+00:00, run_after=2023-04-01T22:30:00+00:00
[2023-04-01T23:13:06.743+0000] {processor.py:175} INFO - Processing /opt/airflow/dags/dag_sql.py took 3.090 seconds
[2023-04-01T23:13:37.569+0000] {processor.py:153} INFO - Started process (PID=9171) to work on /opt/airflow/dags/dag_sql.py
[2023-04-01T23:13:37.588+0000] {processor.py:743} INFO - Processing file /opt/airflow/dags/dag_sql.py for tasks to queue
[2023-04-01T23:13:37.618+0000] {logging_mixin.py:137} INFO - [2023-04-01T23:13:37.599+0000] {dagbag.py:538} INFO - Filling up the DagBag from /opt/airflow/dags/dag_sql.py
[2023-04-01T23:13:39.449+0000] {processor.py:753} INFO - DAG(s) dict_keys(['dag_sql']) retrieved from /opt/airflow/dags/dag_sql.py
[2023-04-01T23:13:40.089+0000] {logging_mixin.py:137} INFO - [2023-04-01T23:13:40.088+0000] {dag.py:2690} INFO - Sync 1 DAGs
[2023-04-01T23:13:40.689+0000] {logging_mixin.py:137} INFO - [2023-04-01T23:13:40.689+0000] {dag.py:3441} INFO - Setting next_dagrun for dag_sql to 2023-04-01T21:30:00+00:00, run_after=2023-04-01T22:30:00+00:00
[2023-04-01T23:13:41.148+0000] {processor.py:175} INFO - Processing /opt/airflow/dags/dag_sql.py took 3.620 seconds
[2023-04-01T23:14:12.328+0000] {processor.py:153} INFO - Started process (PID=9192) to work on /opt/airflow/dags/dag_sql.py
[2023-04-01T23:14:12.357+0000] {processor.py:743} INFO - Processing file /opt/airflow/dags/dag_sql.py for tasks to queue
[2023-04-01T23:14:12.407+0000] {logging_mixin.py:137} INFO - [2023-04-01T23:14:12.398+0000] {dagbag.py:538} INFO - Filling up the DagBag from /opt/airflow/dags/dag_sql.py
[2023-04-01T23:14:13.838+0000] {processor.py:753} INFO - DAG(s) dict_keys(['dag_sql']) retrieved from /opt/airflow/dags/dag_sql.py
[2023-04-01T23:14:14.408+0000] {logging_mixin.py:137} INFO - [2023-04-01T23:14:14.408+0000] {dag.py:2690} INFO - Sync 1 DAGs
[2023-04-01T23:14:15.048+0000] {logging_mixin.py:137} INFO - [2023-04-01T23:14:15.047+0000] {dag.py:3441} INFO - Setting next_dagrun for dag_sql to 2023-04-01T21:30:00+00:00, run_after=2023-04-01T22:30:00+00:00
[2023-04-01T23:14:15.807+0000] {processor.py:175} INFO - Processing /opt/airflow/dags/dag_sql.py took 3.600 seconds
[2023-04-01T23:14:48.068+0000] {processor.py:153} INFO - Started process (PID=9211) to work on /opt/airflow/dags/dag_sql.py
[2023-04-01T23:14:48.087+0000] {processor.py:743} INFO - Processing file /opt/airflow/dags/dag_sql.py for tasks to queue
[2023-04-01T23:14:48.117+0000] {logging_mixin.py:137} INFO - [2023-04-01T23:14:48.108+0000] {dagbag.py:538} INFO - Filling up the DagBag from /opt/airflow/dags/dag_sql.py
[2023-04-01T23:14:49.519+0000] {processor.py:753} INFO - DAG(s) dict_keys(['dag_sql']) retrieved from /opt/airflow/dags/dag_sql.py
[2023-04-01T23:14:49.899+0000] {logging_mixin.py:137} INFO - [2023-04-01T23:14:49.899+0000] {dag.py:2690} INFO - Sync 1 DAGs
[2023-04-01T23:14:50.469+0000] {logging_mixin.py:137} INFO - [2023-04-01T23:14:50.469+0000] {dag.py:3441} INFO - Setting next_dagrun for dag_sql to 2023-04-01T21:30:00+00:00, run_after=2023-04-01T22:30:00+00:00
[2023-04-01T23:14:50.949+0000] {processor.py:175} INFO - Processing /opt/airflow/dags/dag_sql.py took 2.930 seconds
[2023-04-01T23:15:22.388+0000] {processor.py:153} INFO - Started process (PID=9224) to work on /opt/airflow/dags/dag_sql.py
[2023-04-01T23:15:22.417+0000] {processor.py:743} INFO - Processing file /opt/airflow/dags/dag_sql.py for tasks to queue
[2023-04-01T23:15:22.467+0000] {logging_mixin.py:137} INFO - [2023-04-01T23:15:22.458+0000] {dagbag.py:538} INFO - Filling up the DagBag from /opt/airflow/dags/dag_sql.py
[2023-04-01T23:15:24.278+0000] {processor.py:753} INFO - DAG(s) dict_keys(['dag_sql']) retrieved from /opt/airflow/dags/dag_sql.py
[2023-04-01T23:15:24.917+0000] {logging_mixin.py:137} INFO - [2023-04-01T23:15:24.908+0000] {dag.py:2690} INFO - Sync 1 DAGs
[2023-04-01T23:15:25.637+0000] {logging_mixin.py:137} INFO - [2023-04-01T23:15:25.628+0000] {dag.py:3441} INFO - Setting next_dagrun for dag_sql to 2023-04-01T21:30:00+00:00, run_after=2023-04-01T22:30:00+00:00
[2023-04-01T23:15:26.197+0000] {processor.py:175} INFO - Processing /opt/airflow/dags/dag_sql.py took 3.870 seconds
[2023-04-01T23:15:57.229+0000] {processor.py:153} INFO - Started process (PID=9246) to work on /opt/airflow/dags/dag_sql.py
[2023-04-01T23:15:57.248+0000] {processor.py:743} INFO - Processing file /opt/airflow/dags/dag_sql.py for tasks to queue
[2023-04-01T23:15:57.269+0000] {logging_mixin.py:137} INFO - [2023-04-01T23:15:57.269+0000] {dagbag.py:538} INFO - Filling up the DagBag from /opt/airflow/dags/dag_sql.py
[2023-04-01T23:15:58.289+0000] {processor.py:753} INFO - DAG(s) dict_keys(['dag_sql']) retrieved from /opt/airflow/dags/dag_sql.py
[2023-04-01T23:15:58.768+0000] {logging_mixin.py:137} INFO - [2023-04-01T23:15:58.759+0000] {dag.py:2690} INFO - Sync 1 DAGs
[2023-04-01T23:15:59.109+0000] {logging_mixin.py:137} INFO - [2023-04-01T23:15:59.099+0000] {dag.py:3441} INFO - Setting next_dagrun for dag_sql to 2023-04-01T21:30:00+00:00, run_after=2023-04-01T22:30:00+00:00
[2023-04-01T23:15:59.458+0000] {processor.py:175} INFO - Processing /opt/airflow/dags/dag_sql.py took 2.290 seconds
