[2023-03-09T14:30:07.697+0000] {taskinstance.py:1083} INFO - Dependencies all met for <TaskInstance: dag_sql.criar_tabela_db scheduled__2023-03-09T13:30:00+00:00 [queued]>
[2023-03-09T14:30:07.980+0000] {taskinstance.py:1083} INFO - Dependencies all met for <TaskInstance: dag_sql.criar_tabela_db scheduled__2023-03-09T13:30:00+00:00 [queued]>
[2023-03-09T14:30:07.997+0000] {taskinstance.py:1279} INFO - 
--------------------------------------------------------------------------------
[2023-03-09T14:30:08.021+0000] {taskinstance.py:1280} INFO - Starting attempt 1 of 1
[2023-03-09T14:30:08.041+0000] {taskinstance.py:1281} INFO - 
--------------------------------------------------------------------------------
[2023-03-09T14:30:08.463+0000] {taskinstance.py:1300} INFO - Executing <Task(PostgresOperator): criar_tabela_db> on 2023-03-09 13:30:00+00:00
[2023-03-09T14:30:08.616+0000] {standard_task_runner.py:55} INFO - Started process 2949 to run task
[2023-03-09T14:30:08.853+0000] {standard_task_runner.py:82} INFO - Running: ['***', 'tasks', 'run', 'dag_sql', 'criar_tabela_db', 'scheduled__2023-03-09T13:30:00+00:00', '--job-id', '152', '--raw', '--subdir', 'DAGS_FOLDER/dag_sql.py', '--cfg-path', '/tmp/tmp0nma7cjy']
[2023-03-09T14:30:08.878+0000] {standard_task_runner.py:83} INFO - Job 152: Subtask criar_tabela_db
[2023-03-09T14:30:11.567+0000] {task_command.py:388} INFO - Running <TaskInstance: dag_sql.criar_tabela_db scheduled__2023-03-09T13:30:00+00:00 [running]> on host 55fa40ce7ec1
[2023-03-09T14:30:13.688+0000] {taskinstance.py:1509} INFO - Exporting the following env vars:
AIRFLOW_CTX_DAG_OWNER=***
AIRFLOW_CTX_DAG_ID=dag_sql
AIRFLOW_CTX_TASK_ID=criar_tabela_db
AIRFLOW_CTX_EXECUTION_DATE=2023-03-09T13:30:00+00:00
AIRFLOW_CTX_TRY_NUMBER=1
AIRFLOW_CTX_DAG_RUN_ID=scheduled__2023-03-09T13:30:00+00:00
[2023-03-09T14:30:13.698+0000] {sql.py:254} INFO - Executing: create table if not exists tb_cliente(
    id int generated by default as identity,
    name varchar not null,
    dt date
)
[2023-03-09T14:30:13.862+0000] {base.py:73} INFO - Using connection ID 'postgres-***' for task execution.
[2023-03-09T14:30:17.432+0000] {base.py:73} INFO - Using connection ID 'postgres-***' for task execution.
[2023-03-09T14:30:18.108+0000] {sql.py:375} INFO - Running statement: create table if not exists tb_cliente(
    id int generated by default as identity,
    name varchar not null,
    dt date
), parameters: None
[2023-03-09T14:30:18.193+0000] {taskinstance.py:1323} INFO - Marking task as SUCCESS. dag_id=dag_sql, task_id=criar_tabela_db, execution_date=20230309T133000, start_date=20230309T143007, end_date=20230309T143018
[2023-03-09T14:30:18.275+0000] {local_task_job.py:208} INFO - Task exited with return code 0
[2023-03-09T14:30:18.472+0000] {taskinstance.py:2578} INFO - 1 downstream tasks scheduled from follow-on schedule check
