[2023-03-10T22:30:03.244+0000] {taskinstance.py:1083} INFO - Dependencies all met for <TaskInstance: ingestion_dados_postgres.delete_dados_duplicados_table_ed_replica scheduled__2023-03-10T21:30:00+00:00 [queued]>
[2023-03-10T22:30:03.254+0000] {taskinstance.py:1083} INFO - Dependencies all met for <TaskInstance: ingestion_dados_postgres.delete_dados_duplicados_table_ed_replica scheduled__2023-03-10T21:30:00+00:00 [queued]>
[2023-03-10T22:30:03.254+0000] {taskinstance.py:1279} INFO - 
--------------------------------------------------------------------------------
[2023-03-10T22:30:03.257+0000] {taskinstance.py:1280} INFO - Starting attempt 1 of 1
[2023-03-10T22:30:03.258+0000] {taskinstance.py:1281} INFO - 
--------------------------------------------------------------------------------
[2023-03-10T22:30:03.274+0000] {taskinstance.py:1300} INFO - Executing <Task(PostgresOperator): delete_dados_duplicados_table_ed_replica> on 2023-03-10 21:30:00+00:00
[2023-03-10T22:30:03.279+0000] {standard_task_runner.py:55} INFO - Started process 10773 to run task
[2023-03-10T22:30:03.282+0000] {standard_task_runner.py:82} INFO - Running: ['***', 'tasks', 'run', 'ingestion_dados_postgres', 'delete_dados_duplicados_table_ed_replica', 'scheduled__2023-03-10T21:30:00+00:00', '--job-id', '184', '--raw', '--subdir', 'DAGS_FOLDER/ingestion_dados_postgres.py', '--cfg-path', '/tmp/tmpqhdmsj_x']
[2023-03-10T22:30:03.283+0000] {standard_task_runner.py:83} INFO - Job 184: Subtask delete_dados_duplicados_table_ed_replica
[2023-03-10T22:30:03.351+0000] {task_command.py:388} INFO - Running <TaskInstance: ingestion_dados_postgres.delete_dados_duplicados_table_ed_replica scheduled__2023-03-10T21:30:00+00:00 [running]> on host 9ff22fa0bca3
[2023-03-10T22:30:03.417+0000] {taskinstance.py:1509} INFO - Exporting the following env vars:
AIRFLOW_CTX_DAG_OWNER=***
AIRFLOW_CTX_DAG_ID=ingestion_dados_postgres
AIRFLOW_CTX_TASK_ID=delete_dados_duplicados_table_ed_replica
AIRFLOW_CTX_EXECUTION_DATE=2023-03-10T21:30:00+00:00
AIRFLOW_CTX_TRY_NUMBER=1
AIRFLOW_CTX_DAG_RUN_ID=scheduled__2023-03-10T21:30:00+00:00
[2023-03-10T22:30:03.419+0000] {sql.py:254} INFO - Executing: delete from tb_data_engineering_replica
where dt = '2023-03-08'
        
[2023-03-10T22:30:03.430+0000] {base.py:73} INFO - Using connection ID 'postgres-***' for task execution.
[2023-03-10T22:30:03.598+0000] {base.py:73} INFO - Using connection ID 'postgres-***' for task execution.
[2023-03-10T22:30:03.632+0000] {sql.py:375} INFO - Running statement: delete from tb_data_engineering_replica
where dt = '2023-03-08'
        , parameters: None
[2023-03-10T22:30:03.639+0000] {sql.py:384} INFO - Rows affected: 8
[2023-03-10T22:30:03.665+0000] {taskinstance.py:1323} INFO - Marking task as SUCCESS. dag_id=ingestion_dados_postgres, task_id=delete_dados_duplicados_table_ed_replica, execution_date=20230310T213000, start_date=20230310T223003, end_date=20230310T223003
[2023-03-10T22:30:03.728+0000] {local_task_job.py:208} INFO - Task exited with return code 0
[2023-03-10T22:30:03.746+0000] {taskinstance.py:2578} INFO - 0 downstream tasks scheduled from follow-on schedule check
