[2023-04-27T14:30:32.706+0000] {taskinstance.py:1083} INFO - Dependencies all met for <TaskInstance: gsc_to_bq.create_bucket_trusted scheduled__2023-04-25T00:00:00+00:00 [queued]>
[2023-04-27T14:30:32.782+0000] {taskinstance.py:1083} INFO - Dependencies all met for <TaskInstance: gsc_to_bq.create_bucket_trusted scheduled__2023-04-25T00:00:00+00:00 [queued]>
[2023-04-27T14:30:32.801+0000] {taskinstance.py:1279} INFO - 
--------------------------------------------------------------------------------
[2023-04-27T14:30:32.803+0000] {taskinstance.py:1280} INFO - Starting attempt 14 of 15
[2023-04-27T14:30:32.804+0000] {taskinstance.py:1281} INFO - 
--------------------------------------------------------------------------------
[2023-04-27T14:30:32.868+0000] {taskinstance.py:1300} INFO - Executing <Task(GCSCreateBucketOperator): create_bucket_trusted> on 2023-04-25 00:00:00+00:00
[2023-04-27T14:30:32.890+0000] {standard_task_runner.py:55} INFO - Started process 32462 to run task
[2023-04-27T14:30:32.905+0000] {standard_task_runner.py:82} INFO - Running: ['***', 'tasks', 'run', 'gsc_to_bq', 'create_bucket_trusted', 'scheduled__2023-04-25T00:00:00+00:00', '--job-id', '404', '--raw', '--subdir', 'DAGS_FOLDER/gcs_to_bq.py', '--cfg-path', '/tmp/tmprrmgy73y']
[2023-04-27T14:30:32.910+0000] {standard_task_runner.py:83} INFO - Job 404: Subtask create_bucket_trusted
[2023-04-27T14:30:33.135+0000] {task_command.py:388} INFO - Running <TaskInstance: gsc_to_bq.create_bucket_trusted scheduled__2023-04-25T00:00:00+00:00 [running]> on host b592efbffeab
[2023-04-27T14:30:33.291+0000] {taskinstance.py:1509} INFO - Exporting the following env vars:
AIRFLOW_CTX_DAG_OWNER=Junior Lafuente
AIRFLOW_CTX_DAG_ID=gsc_to_bq
AIRFLOW_CTX_TASK_ID=create_bucket_trusted
AIRFLOW_CTX_EXECUTION_DATE=2023-04-25T00:00:00+00:00
AIRFLOW_CTX_TRY_NUMBER=14
AIRFLOW_CTX_DAG_RUN_ID=scheduled__2023-04-25T00:00:00+00:00
[2023-04-27T14:30:33.315+0000] {base.py:73} INFO - Using connection ID 'gcp' for task execution.
[2023-04-27T14:30:33.395+0000] {gcs.py:880} INFO - Creating Bucket: bucket_trusted_jr; Location: us-central1; Storage Class: STANDARD
[2023-04-27T14:30:35.265+0000] {gcs.py:161} WARNING - Bucket bucket_trusted_jr already exists
[2023-04-27T14:30:35.286+0000] {taskinstance.py:1323} INFO - Marking task as SUCCESS. dag_id=gsc_to_bq, task_id=create_bucket_trusted, execution_date=20230425T000000, start_date=20230427T143032, end_date=20230427T143035
[2023-04-27T14:30:35.348+0000] {local_task_job.py:208} INFO - Task exited with return code 0
[2023-04-27T14:30:35.407+0000] {taskinstance.py:2578} INFO - 1 downstream tasks scheduled from follow-on schedule check
