[2023-05-01T02:00:33.820+0000] {taskinstance.py:1083} INFO - Dependencies all met for <TaskInstance: dag_sql.criar_tabela_db scheduled__2023-04-28T17:30:00+00:00 [queued]>
[2023-05-01T02:00:33.854+0000] {taskinstance.py:1083} INFO - Dependencies all met for <TaskInstance: dag_sql.criar_tabela_db scheduled__2023-04-28T17:30:00+00:00 [queued]>
[2023-05-01T02:00:33.856+0000] {taskinstance.py:1279} INFO - 
--------------------------------------------------------------------------------
[2023-05-01T02:00:33.857+0000] {taskinstance.py:1280} INFO - Starting attempt 2 of 2
[2023-05-01T02:00:33.857+0000] {taskinstance.py:1281} INFO - 
--------------------------------------------------------------------------------
[2023-05-01T02:00:33.892+0000] {taskinstance.py:1300} INFO - Executing <Task(PostgresOperator): criar_tabela_db> on 2023-04-28 17:30:00+00:00
[2023-05-01T02:00:33.898+0000] {standard_task_runner.py:55} INFO - Started process 27461 to run task
[2023-05-01T02:00:33.904+0000] {standard_task_runner.py:82} INFO - Running: ['***', 'tasks', 'run', 'dag_sql', 'criar_tabela_db', 'scheduled__2023-04-28T17:30:00+00:00', '--job-id', '500', '--raw', '--subdir', 'DAGS_FOLDER/dag_sql.py', '--cfg-path', '/tmp/tmpcxj74402']
[2023-05-01T02:00:33.905+0000] {standard_task_runner.py:83} INFO - Job 500: Subtask criar_tabela_db
[2023-05-01T02:00:34.023+0000] {task_command.py:388} INFO - Running <TaskInstance: dag_sql.criar_tabela_db scheduled__2023-04-28T17:30:00+00:00 [running]> on host 32f6cac2461e
[2023-05-01T02:00:34.177+0000] {taskinstance.py:1509} INFO - Exporting the following env vars:
AIRFLOW_CTX_DAG_OWNER=***
AIRFLOW_CTX_DAG_ID=dag_sql
AIRFLOW_CTX_TASK_ID=criar_tabela_db
AIRFLOW_CTX_EXECUTION_DATE=2023-04-28T17:30:00+00:00
AIRFLOW_CTX_TRY_NUMBER=2
AIRFLOW_CTX_DAG_RUN_ID=scheduled__2023-04-28T17:30:00+00:00
[2023-05-01T02:00:34.181+0000] {sql.py:254} INFO - Executing: create table if not exists tb_cliente(
    id int generated by default as identity,
    name varchar not null,
    dt date
)
[2023-05-01T02:00:34.199+0000] {base.py:73} INFO - Using connection ID 'postgres-***' for task execution.
[2023-05-01T02:00:34.602+0000] {base.py:73} INFO - Using connection ID 'postgres-***' for task execution.
[2023-05-01T02:00:34.639+0000] {sql.py:375} INFO - Running statement: create table if not exists tb_cliente(
    id int generated by default as identity,
    name varchar not null,
    dt date
), parameters: None
[2023-05-01T02:00:34.687+0000] {taskinstance.py:1323} INFO - Marking task as SUCCESS. dag_id=dag_sql, task_id=criar_tabela_db, execution_date=20230428T173000, start_date=20230501T020033, end_date=20230501T020034
[2023-05-01T02:00:34.734+0000] {local_task_job.py:208} INFO - Task exited with return code 0
[2023-05-01T02:00:34.784+0000] {taskinstance.py:2578} INFO - 1 downstream tasks scheduled from follow-on schedule check
