[2023-06-06T21:26:37.039+0000] {taskinstance.py:1083} INFO - Dependencies all met for <TaskInstance: create_infra.create_bucket_raw scheduled__2023-06-05T00:00:00+00:00 [queued]>
[2023-06-06T21:26:37.068+0000] {taskinstance.py:1083} INFO - Dependencies all met for <TaskInstance: create_infra.create_bucket_raw scheduled__2023-06-05T00:00:00+00:00 [queued]>
[2023-06-06T21:26:37.069+0000] {taskinstance.py:1279} INFO - 
--------------------------------------------------------------------------------
[2023-06-06T21:26:37.071+0000] {taskinstance.py:1280} INFO - Starting attempt 2 of 3
[2023-06-06T21:26:37.077+0000] {taskinstance.py:1281} INFO - 
--------------------------------------------------------------------------------
[2023-06-06T21:26:37.113+0000] {taskinstance.py:1300} INFO - Executing <Task(GCSCreateBucketOperator): create_bucket_raw> on 2023-06-05 00:00:00+00:00
[2023-06-06T21:26:37.124+0000] {standard_task_runner.py:55} INFO - Started process 520 to run task
[2023-06-06T21:26:37.149+0000] {standard_task_runner.py:82} INFO - Running: ['***', 'tasks', 'run', 'create_infra', 'create_bucket_raw', 'scheduled__2023-06-05T00:00:00+00:00', '--job-id', '4', '--raw', '--subdir', 'DAGS_FOLDER/create_infra.py', '--cfg-path', '/tmp/tmp11yoeqoq']
[2023-06-06T21:26:37.153+0000] {standard_task_runner.py:83} INFO - Job 4: Subtask create_bucket_raw
[2023-06-06T21:26:37.282+0000] {task_command.py:388} INFO - Running <TaskInstance: create_infra.create_bucket_raw scheduled__2023-06-05T00:00:00+00:00 [running]> on host d33a653d73b2
[2023-06-06T21:26:37.417+0000] {taskinstance.py:1509} INFO - Exporting the following env vars:
AIRFLOW_CTX_DAG_OWNER=Junior Lafuente
AIRFLOW_CTX_DAG_ID=create_infra
AIRFLOW_CTX_TASK_ID=create_bucket_raw
AIRFLOW_CTX_EXECUTION_DATE=2023-06-05T00:00:00+00:00
AIRFLOW_CTX_TRY_NUMBER=2
AIRFLOW_CTX_DAG_RUN_ID=scheduled__2023-06-05T00:00:00+00:00
[2023-06-06T21:26:37.431+0000] {base.py:73} INFO - Using connection ID 'gcp' for task execution.
[2023-06-06T21:26:37.459+0000] {gcs.py:880} INFO - Creating Bucket: bucket_raw_jr; Location: us-central1; Storage Class: STANDARD
[2023-06-06T21:26:38.076+0000] {taskinstance.py:1768} ERROR - Task failed with exception
Traceback (most recent call last):
  File "/home/airflow/.local/lib/python3.7/site-packages/airflow/providers/google/cloud/operators/gcs.py", line 158, in execute
    labels=self.labels,
  File "/home/airflow/.local/lib/python3.7/site-packages/airflow/providers/google/common/hooks/base_google.py", line 462, in inner_wrapper
    return func(self, *args, **kwargs)
  File "/home/airflow/.local/lib/python3.7/site-packages/airflow/providers/google/cloud/hooks/gcs.py", line 897, in create_bucket
    bucket.create(project=project_id, location=location)
  File "/home/airflow/.local/lib/python3.7/site-packages/google/cloud/storage/bucket.py", line 989, in create
    retry=retry,
  File "/home/airflow/.local/lib/python3.7/site-packages/google/cloud/storage/client.py", line 954, in create_bucket
    _target_object=bucket,
  File "/home/airflow/.local/lib/python3.7/site-packages/google/cloud/storage/client.py", line 620, in _post_resource
    _target_object=_target_object,
  File "/home/airflow/.local/lib/python3.7/site-packages/google/cloud/storage/_http.py", line 72, in api_request
    return call()
  File "/home/airflow/.local/lib/python3.7/site-packages/google/api_core/retry.py", line 288, in retry_wrapped_func
    on_error=on_error,
  File "/home/airflow/.local/lib/python3.7/site-packages/google/api_core/retry.py", line 190, in retry_target
    return target()
  File "/home/airflow/.local/lib/python3.7/site-packages/google/cloud/_http/__init__.py", line 490, in api_request
    extra_api_info=extra_api_info,
  File "/home/airflow/.local/lib/python3.7/site-packages/google/cloud/_http/__init__.py", line 342, in _make_request
    method, url, headers, data, target_object, timeout=timeout
  File "/home/airflow/.local/lib/python3.7/site-packages/google/cloud/_http/__init__.py", line 380, in _do_request
    url=url, method=method, headers=headers, data=data, timeout=timeout
  File "/home/airflow/.local/lib/python3.7/site-packages/google/auth/transport/requests.py", line 545, in request
    self.credentials.before_request(auth_request, method, url, request_headers)
  File "/home/airflow/.local/lib/python3.7/site-packages/google/auth/credentials.py", line 135, in before_request
    self.refresh(request)
  File "/home/airflow/.local/lib/python3.7/site-packages/google/oauth2/service_account.py", line 430, in refresh
    request, self._token_uri, assertion
  File "/home/airflow/.local/lib/python3.7/site-packages/google/oauth2/_client.py", line 295, in jwt_grant
    request, token_uri, body, can_retry=can_retry
  File "/home/airflow/.local/lib/python3.7/site-packages/google/oauth2/_client.py", line 265, in _token_endpoint_request
    _handle_error_response(response_data, retryable_error)
  File "/home/airflow/.local/lib/python3.7/site-packages/google/oauth2/_client.py", line 70, in _handle_error_response
    error_details, response_data, retryable=retryable_error
google.auth.exceptions.RefreshError: ('invalid_grant: Invalid JWT Signature.', {'error': 'invalid_grant', 'error_description': 'Invalid JWT Signature.'})
[2023-06-06T21:26:38.091+0000] {taskinstance.py:1323} INFO - Marking task as UP_FOR_RETRY. dag_id=create_infra, task_id=create_bucket_raw, execution_date=20230605T000000, start_date=20230606T212637, end_date=20230606T212638
[2023-06-06T21:26:38.112+0000] {standard_task_runner.py:105} ERROR - Failed to execute job 4 for task create_bucket_raw (('invalid_grant: Invalid JWT Signature.', {'error': 'invalid_grant', 'error_description': 'Invalid JWT Signature.'}); 520)
[2023-06-06T21:26:38.157+0000] {local_task_job.py:208} INFO - Task exited with return code 1
[2023-06-06T21:26:38.209+0000] {taskinstance.py:2578} INFO - 0 downstream tasks scheduled from follow-on schedule check
