[2023-03-16T23:38:57.218+0000] {processor.py:153} INFO - Started process (PID=138) to work on /home/airflow/.local/lib/python3.7/site-packages/airflow/example_dags/example_xcomargs.py
[2023-03-16T23:38:57.220+0000] {processor.py:743} INFO - Processing file /home/airflow/.local/lib/python3.7/site-packages/airflow/example_dags/example_xcomargs.py for tasks to queue
[2023-03-16T23:38:57.225+0000] {logging_mixin.py:137} INFO - [2023-03-16T23:38:57.224+0000] {dagbag.py:538} INFO - Filling up the DagBag from /home/airflow/.local/lib/python3.7/site-packages/airflow/example_dags/example_xcomargs.py
[2023-03-16T23:38:57.400+0000] {processor.py:753} INFO - DAG(s) dict_keys(['example_xcom_args', 'example_xcom_args_with_operators']) retrieved from /home/airflow/.local/lib/python3.7/site-packages/airflow/example_dags/example_xcomargs.py
[2023-03-16T23:38:57.590+0000] {logging_mixin.py:137} INFO - [2023-03-16T23:38:57.590+0000] {dag.py:2690} INFO - Sync 2 DAGs
[2023-03-16T23:38:57.958+0000] {logging_mixin.py:137} INFO - [2023-03-16T23:38:57.958+0000] {dag.py:3441} INFO - Setting next_dagrun for example_xcom_args to None, run_after=None
[2023-03-16T23:38:58.011+0000] {logging_mixin.py:137} INFO - [2023-03-16T23:38:58.011+0000] {dag.py:3441} INFO - Setting next_dagrun for example_xcom_args_with_operators to None, run_after=None
[2023-03-16T23:38:58.163+0000] {processor.py:175} INFO - Processing /home/airflow/.local/lib/python3.7/site-packages/airflow/example_dags/example_xcomargs.py took 0.953 seconds
[2023-03-16T23:39:28.375+0000] {processor.py:153} INFO - Started process (PID=212) to work on /home/airflow/.local/lib/python3.7/site-packages/airflow/example_dags/example_xcomargs.py
[2023-03-16T23:39:28.385+0000] {processor.py:743} INFO - Processing file /home/airflow/.local/lib/python3.7/site-packages/airflow/example_dags/example_xcomargs.py for tasks to queue
[2023-03-16T23:39:28.388+0000] {logging_mixin.py:137} INFO - [2023-03-16T23:39:28.387+0000] {dagbag.py:538} INFO - Filling up the DagBag from /home/airflow/.local/lib/python3.7/site-packages/airflow/example_dags/example_xcomargs.py
[2023-03-16T23:39:28.486+0000] {processor.py:753} INFO - DAG(s) dict_keys(['example_xcom_args', 'example_xcom_args_with_operators']) retrieved from /home/airflow/.local/lib/python3.7/site-packages/airflow/example_dags/example_xcomargs.py
[2023-03-16T23:39:28.611+0000] {logging_mixin.py:137} INFO - [2023-03-16T23:39:28.611+0000] {dag.py:2690} INFO - Sync 2 DAGs
[2023-03-16T23:39:28.745+0000] {logging_mixin.py:137} INFO - [2023-03-16T23:39:28.745+0000] {dag.py:3441} INFO - Setting next_dagrun for example_xcom_args to None, run_after=None
[2023-03-16T23:39:28.763+0000] {logging_mixin.py:137} INFO - [2023-03-16T23:39:28.762+0000] {dag.py:3441} INFO - Setting next_dagrun for example_xcom_args_with_operators to None, run_after=None
[2023-03-16T23:39:28.834+0000] {processor.py:175} INFO - Processing /home/airflow/.local/lib/python3.7/site-packages/airflow/example_dags/example_xcomargs.py took 0.472 seconds
[2023-03-16T23:39:59.184+0000] {processor.py:153} INFO - Started process (PID=279) to work on /home/airflow/.local/lib/python3.7/site-packages/airflow/example_dags/example_xcomargs.py
[2023-03-16T23:39:59.199+0000] {processor.py:743} INFO - Processing file /home/airflow/.local/lib/python3.7/site-packages/airflow/example_dags/example_xcomargs.py for tasks to queue
[2023-03-16T23:39:59.202+0000] {logging_mixin.py:137} INFO - [2023-03-16T23:39:59.202+0000] {dagbag.py:538} INFO - Filling up the DagBag from /home/airflow/.local/lib/python3.7/site-packages/airflow/example_dags/example_xcomargs.py
[2023-03-16T23:39:59.332+0000] {processor.py:753} INFO - DAG(s) dict_keys(['example_xcom_args_with_operators', 'example_xcom_args']) retrieved from /home/airflow/.local/lib/python3.7/site-packages/airflow/example_dags/example_xcomargs.py
[2023-03-16T23:39:59.448+0000] {logging_mixin.py:137} INFO - [2023-03-16T23:39:59.447+0000] {dag.py:2690} INFO - Sync 2 DAGs
[2023-03-16T23:39:59.554+0000] {logging_mixin.py:137} INFO - [2023-03-16T23:39:59.553+0000] {dag.py:3441} INFO - Setting next_dagrun for example_xcom_args to None, run_after=None
[2023-03-16T23:39:59.578+0000] {logging_mixin.py:137} INFO - [2023-03-16T23:39:59.578+0000] {dag.py:3441} INFO - Setting next_dagrun for example_xcom_args_with_operators to None, run_after=None
[2023-03-16T23:39:59.641+0000] {processor.py:175} INFO - Processing /home/airflow/.local/lib/python3.7/site-packages/airflow/example_dags/example_xcomargs.py took 0.471 seconds
[2023-03-16T23:40:29.808+0000] {processor.py:153} INFO - Started process (PID=345) to work on /home/airflow/.local/lib/python3.7/site-packages/airflow/example_dags/example_xcomargs.py
[2023-03-16T23:40:29.811+0000] {processor.py:743} INFO - Processing file /home/airflow/.local/lib/python3.7/site-packages/airflow/example_dags/example_xcomargs.py for tasks to queue
[2023-03-16T23:40:29.814+0000] {logging_mixin.py:137} INFO - [2023-03-16T23:40:29.813+0000] {dagbag.py:538} INFO - Filling up the DagBag from /home/airflow/.local/lib/python3.7/site-packages/airflow/example_dags/example_xcomargs.py
[2023-03-16T23:40:29.887+0000] {processor.py:753} INFO - DAG(s) dict_keys(['example_xcom_args_with_operators', 'example_xcom_args']) retrieved from /home/airflow/.local/lib/python3.7/site-packages/airflow/example_dags/example_xcomargs.py
[2023-03-16T23:40:29.965+0000] {logging_mixin.py:137} INFO - [2023-03-16T23:40:29.964+0000] {dag.py:2690} INFO - Sync 2 DAGs
[2023-03-16T23:40:30.046+0000] {logging_mixin.py:137} INFO - [2023-03-16T23:40:30.045+0000] {dag.py:3441} INFO - Setting next_dagrun for example_xcom_args to None, run_after=None
[2023-03-16T23:40:30.067+0000] {logging_mixin.py:137} INFO - [2023-03-16T23:40:30.064+0000] {dag.py:3441} INFO - Setting next_dagrun for example_xcom_args_with_operators to None, run_after=None
[2023-03-16T23:40:30.114+0000] {processor.py:175} INFO - Processing /home/airflow/.local/lib/python3.7/site-packages/airflow/example_dags/example_xcomargs.py took 0.317 seconds
[2023-03-16T23:41:00.974+0000] {processor.py:153} INFO - Started process (PID=419) to work on /home/airflow/.local/lib/python3.7/site-packages/airflow/example_dags/example_xcomargs.py
[2023-03-16T23:41:00.977+0000] {processor.py:743} INFO - Processing file /home/airflow/.local/lib/python3.7/site-packages/airflow/example_dags/example_xcomargs.py for tasks to queue
[2023-03-16T23:41:00.980+0000] {logging_mixin.py:137} INFO - [2023-03-16T23:41:00.979+0000] {dagbag.py:538} INFO - Filling up the DagBag from /home/airflow/.local/lib/python3.7/site-packages/airflow/example_dags/example_xcomargs.py
[2023-03-16T23:41:01.053+0000] {processor.py:753} INFO - DAG(s) dict_keys(['example_xcom_args_with_operators', 'example_xcom_args']) retrieved from /home/airflow/.local/lib/python3.7/site-packages/airflow/example_dags/example_xcomargs.py
[2023-03-16T23:41:01.153+0000] {logging_mixin.py:137} INFO - [2023-03-16T23:41:01.153+0000] {dag.py:2690} INFO - Sync 2 DAGs
[2023-03-16T23:41:01.251+0000] {logging_mixin.py:137} INFO - [2023-03-16T23:41:01.251+0000] {dag.py:3441} INFO - Setting next_dagrun for example_xcom_args to None, run_after=None
[2023-03-16T23:41:01.264+0000] {logging_mixin.py:137} INFO - [2023-03-16T23:41:01.264+0000] {dag.py:3441} INFO - Setting next_dagrun for example_xcom_args_with_operators to None, run_after=None
[2023-03-16T23:41:01.321+0000] {processor.py:175} INFO - Processing /home/airflow/.local/lib/python3.7/site-packages/airflow/example_dags/example_xcomargs.py took 0.357 seconds
[2023-03-16T23:41:32.046+0000] {processor.py:153} INFO - Started process (PID=492) to work on /home/airflow/.local/lib/python3.7/site-packages/airflow/example_dags/example_xcomargs.py
[2023-03-16T23:41:32.048+0000] {processor.py:743} INFO - Processing file /home/airflow/.local/lib/python3.7/site-packages/airflow/example_dags/example_xcomargs.py for tasks to queue
[2023-03-16T23:41:32.050+0000] {logging_mixin.py:137} INFO - [2023-03-16T23:41:32.049+0000] {dagbag.py:538} INFO - Filling up the DagBag from /home/airflow/.local/lib/python3.7/site-packages/airflow/example_dags/example_xcomargs.py
[2023-03-16T23:41:32.086+0000] {processor.py:753} INFO - DAG(s) dict_keys(['example_xcom_args_with_operators', 'example_xcom_args']) retrieved from /home/airflow/.local/lib/python3.7/site-packages/airflow/example_dags/example_xcomargs.py
[2023-03-16T23:41:32.128+0000] {logging_mixin.py:137} INFO - [2023-03-16T23:41:32.127+0000] {dag.py:2690} INFO - Sync 2 DAGs
[2023-03-16T23:41:32.168+0000] {logging_mixin.py:137} INFO - [2023-03-16T23:41:32.168+0000] {dag.py:3441} INFO - Setting next_dagrun for example_xcom_args to None, run_after=None
[2023-03-16T23:41:32.174+0000] {logging_mixin.py:137} INFO - [2023-03-16T23:41:32.174+0000] {dag.py:3441} INFO - Setting next_dagrun for example_xcom_args_with_operators to None, run_after=None
[2023-03-16T23:41:32.205+0000] {processor.py:175} INFO - Processing /home/airflow/.local/lib/python3.7/site-packages/airflow/example_dags/example_xcomargs.py took 0.164 seconds
[2023-03-16T23:42:03.546+0000] {processor.py:153} INFO - Started process (PID=564) to work on /home/airflow/.local/lib/python3.7/site-packages/airflow/example_dags/example_xcomargs.py
[2023-03-16T23:42:03.548+0000] {processor.py:743} INFO - Processing file /home/airflow/.local/lib/python3.7/site-packages/airflow/example_dags/example_xcomargs.py for tasks to queue
[2023-03-16T23:42:03.551+0000] {logging_mixin.py:137} INFO - [2023-03-16T23:42:03.550+0000] {dagbag.py:538} INFO - Filling up the DagBag from /home/airflow/.local/lib/python3.7/site-packages/airflow/example_dags/example_xcomargs.py
[2023-03-16T23:42:03.659+0000] {processor.py:753} INFO - DAG(s) dict_keys(['example_xcom_args_with_operators', 'example_xcom_args']) retrieved from /home/airflow/.local/lib/python3.7/site-packages/airflow/example_dags/example_xcomargs.py
[2023-03-16T23:42:03.777+0000] {logging_mixin.py:137} INFO - [2023-03-16T23:42:03.777+0000] {dag.py:2690} INFO - Sync 2 DAGs
[2023-03-16T23:42:03.908+0000] {logging_mixin.py:137} INFO - [2023-03-16T23:42:03.908+0000] {dag.py:3441} INFO - Setting next_dagrun for example_xcom_args to None, run_after=None
[2023-03-16T23:42:03.927+0000] {logging_mixin.py:137} INFO - [2023-03-16T23:42:03.927+0000] {dag.py:3441} INFO - Setting next_dagrun for example_xcom_args_with_operators to None, run_after=None
[2023-03-16T23:42:04.000+0000] {processor.py:175} INFO - Processing /home/airflow/.local/lib/python3.7/site-packages/airflow/example_dags/example_xcomargs.py took 0.472 seconds
[2023-03-16T23:42:34.847+0000] {processor.py:153} INFO - Started process (PID=621) to work on /home/airflow/.local/lib/python3.7/site-packages/airflow/example_dags/example_xcomargs.py
[2023-03-16T23:42:34.850+0000] {processor.py:743} INFO - Processing file /home/airflow/.local/lib/python3.7/site-packages/airflow/example_dags/example_xcomargs.py for tasks to queue
[2023-03-16T23:42:34.852+0000] {logging_mixin.py:137} INFO - [2023-03-16T23:42:34.851+0000] {dagbag.py:538} INFO - Filling up the DagBag from /home/airflow/.local/lib/python3.7/site-packages/airflow/example_dags/example_xcomargs.py
[2023-03-16T23:42:34.906+0000] {processor.py:753} INFO - DAG(s) dict_keys(['example_xcom_args_with_operators', 'example_xcom_args']) retrieved from /home/airflow/.local/lib/python3.7/site-packages/airflow/example_dags/example_xcomargs.py
[2023-03-16T23:42:34.983+0000] {logging_mixin.py:137} INFO - [2023-03-16T23:42:34.983+0000] {dag.py:2690} INFO - Sync 2 DAGs
[2023-03-16T23:42:35.072+0000] {logging_mixin.py:137} INFO - [2023-03-16T23:42:35.072+0000] {dag.py:3441} INFO - Setting next_dagrun for example_xcom_args to None, run_after=None
[2023-03-16T23:42:35.086+0000] {logging_mixin.py:137} INFO - [2023-03-16T23:42:35.086+0000] {dag.py:3441} INFO - Setting next_dagrun for example_xcom_args_with_operators to None, run_after=None
[2023-03-16T23:42:35.164+0000] {processor.py:175} INFO - Processing /home/airflow/.local/lib/python3.7/site-packages/airflow/example_dags/example_xcomargs.py took 0.322 seconds
[2023-03-16T23:43:06.036+0000] {processor.py:153} INFO - Started process (PID=694) to work on /home/airflow/.local/lib/python3.7/site-packages/airflow/example_dags/example_xcomargs.py
[2023-03-16T23:43:06.051+0000] {processor.py:743} INFO - Processing file /home/airflow/.local/lib/python3.7/site-packages/airflow/example_dags/example_xcomargs.py for tasks to queue
[2023-03-16T23:43:06.056+0000] {logging_mixin.py:137} INFO - [2023-03-16T23:43:06.056+0000] {dagbag.py:538} INFO - Filling up the DagBag from /home/airflow/.local/lib/python3.7/site-packages/airflow/example_dags/example_xcomargs.py
[2023-03-16T23:43:06.192+0000] {processor.py:753} INFO - DAG(s) dict_keys(['example_xcom_args', 'example_xcom_args_with_operators']) retrieved from /home/airflow/.local/lib/python3.7/site-packages/airflow/example_dags/example_xcomargs.py
[2023-03-16T23:43:06.310+0000] {logging_mixin.py:137} INFO - [2023-03-16T23:43:06.309+0000] {dag.py:2690} INFO - Sync 2 DAGs
[2023-03-16T23:43:06.490+0000] {logging_mixin.py:137} INFO - [2023-03-16T23:43:06.490+0000] {dag.py:3441} INFO - Setting next_dagrun for example_xcom_args to None, run_after=None
[2023-03-16T23:43:06.520+0000] {logging_mixin.py:137} INFO - [2023-03-16T23:43:06.520+0000] {dag.py:3441} INFO - Setting next_dagrun for example_xcom_args_with_operators to None, run_after=None
[2023-03-16T23:43:06.634+0000] {processor.py:175} INFO - Processing /home/airflow/.local/lib/python3.7/site-packages/airflow/example_dags/example_xcomargs.py took 0.608 seconds
[2023-03-16T23:43:36.983+0000] {processor.py:153} INFO - Started process (PID=767) to work on /home/airflow/.local/lib/python3.7/site-packages/airflow/example_dags/example_xcomargs.py
[2023-03-16T23:43:36.985+0000] {processor.py:743} INFO - Processing file /home/airflow/.local/lib/python3.7/site-packages/airflow/example_dags/example_xcomargs.py for tasks to queue
[2023-03-16T23:43:36.987+0000] {logging_mixin.py:137} INFO - [2023-03-16T23:43:36.986+0000] {dagbag.py:538} INFO - Filling up the DagBag from /home/airflow/.local/lib/python3.7/site-packages/airflow/example_dags/example_xcomargs.py
[2023-03-16T23:43:37.055+0000] {processor.py:753} INFO - DAG(s) dict_keys(['example_xcom_args', 'example_xcom_args_with_operators']) retrieved from /home/airflow/.local/lib/python3.7/site-packages/airflow/example_dags/example_xcomargs.py
[2023-03-16T23:43:37.123+0000] {logging_mixin.py:137} INFO - [2023-03-16T23:43:37.123+0000] {dag.py:2690} INFO - Sync 2 DAGs
[2023-03-16T23:43:37.189+0000] {logging_mixin.py:137} INFO - [2023-03-16T23:43:37.189+0000] {dag.py:3441} INFO - Setting next_dagrun for example_xcom_args to None, run_after=None
[2023-03-16T23:43:37.197+0000] {logging_mixin.py:137} INFO - [2023-03-16T23:43:37.196+0000] {dag.py:3441} INFO - Setting next_dagrun for example_xcom_args_with_operators to None, run_after=None
[2023-03-16T23:43:37.238+0000] {processor.py:175} INFO - Processing /home/airflow/.local/lib/python3.7/site-packages/airflow/example_dags/example_xcomargs.py took 0.260 seconds
[2023-03-16T23:44:08.175+0000] {processor.py:153} INFO - Started process (PID=832) to work on /home/airflow/.local/lib/python3.7/site-packages/airflow/example_dags/example_xcomargs.py
[2023-03-16T23:44:08.176+0000] {processor.py:743} INFO - Processing file /home/airflow/.local/lib/python3.7/site-packages/airflow/example_dags/example_xcomargs.py for tasks to queue
[2023-03-16T23:44:08.178+0000] {logging_mixin.py:137} INFO - [2023-03-16T23:44:08.177+0000] {dagbag.py:538} INFO - Filling up the DagBag from /home/airflow/.local/lib/python3.7/site-packages/airflow/example_dags/example_xcomargs.py
[2023-03-16T23:44:08.270+0000] {processor.py:753} INFO - DAG(s) dict_keys(['example_xcom_args', 'example_xcom_args_with_operators']) retrieved from /home/airflow/.local/lib/python3.7/site-packages/airflow/example_dags/example_xcomargs.py
[2023-03-16T23:44:08.357+0000] {logging_mixin.py:137} INFO - [2023-03-16T23:44:08.357+0000] {dag.py:2690} INFO - Sync 2 DAGs
[2023-03-16T23:44:08.461+0000] {logging_mixin.py:137} INFO - [2023-03-16T23:44:08.460+0000] {dag.py:3441} INFO - Setting next_dagrun for example_xcom_args to None, run_after=None
[2023-03-16T23:44:08.468+0000] {logging_mixin.py:137} INFO - [2023-03-16T23:44:08.468+0000] {dag.py:3441} INFO - Setting next_dagrun for example_xcom_args_with_operators to None, run_after=None
[2023-03-16T23:44:08.506+0000] {processor.py:175} INFO - Processing /home/airflow/.local/lib/python3.7/site-packages/airflow/example_dags/example_xcomargs.py took 0.336 seconds
[2023-03-16T23:44:40.588+0000] {processor.py:153} INFO - Started process (PID=900) to work on /home/airflow/.local/lib/python3.7/site-packages/airflow/example_dags/example_xcomargs.py
[2023-03-16T23:44:40.592+0000] {processor.py:743} INFO - Processing file /home/airflow/.local/lib/python3.7/site-packages/airflow/example_dags/example_xcomargs.py for tasks to queue
[2023-03-16T23:44:40.594+0000] {logging_mixin.py:137} INFO - [2023-03-16T23:44:40.594+0000] {dagbag.py:538} INFO - Filling up the DagBag from /home/airflow/.local/lib/python3.7/site-packages/airflow/example_dags/example_xcomargs.py
[2023-03-16T23:44:40.665+0000] {processor.py:753} INFO - DAG(s) dict_keys(['example_xcom_args_with_operators', 'example_xcom_args']) retrieved from /home/airflow/.local/lib/python3.7/site-packages/airflow/example_dags/example_xcomargs.py
[2023-03-16T23:44:40.780+0000] {logging_mixin.py:137} INFO - [2023-03-16T23:44:40.779+0000] {dag.py:2690} INFO - Sync 2 DAGs
[2023-03-16T23:44:40.856+0000] {logging_mixin.py:137} INFO - [2023-03-16T23:44:40.856+0000] {dag.py:3441} INFO - Setting next_dagrun for example_xcom_args to None, run_after=None
[2023-03-16T23:44:40.887+0000] {logging_mixin.py:137} INFO - [2023-03-16T23:44:40.887+0000] {dag.py:3441} INFO - Setting next_dagrun for example_xcom_args_with_operators to None, run_after=None
[2023-03-16T23:44:40.965+0000] {processor.py:175} INFO - Processing /home/airflow/.local/lib/python3.7/site-packages/airflow/example_dags/example_xcomargs.py took 0.388 seconds
[2023-03-16T23:45:11.760+0000] {processor.py:153} INFO - Started process (PID=966) to work on /home/airflow/.local/lib/python3.7/site-packages/airflow/example_dags/example_xcomargs.py
[2023-03-16T23:45:11.773+0000] {processor.py:743} INFO - Processing file /home/airflow/.local/lib/python3.7/site-packages/airflow/example_dags/example_xcomargs.py for tasks to queue
[2023-03-16T23:45:11.777+0000] {logging_mixin.py:137} INFO - [2023-03-16T23:45:11.777+0000] {dagbag.py:538} INFO - Filling up the DagBag from /home/airflow/.local/lib/python3.7/site-packages/airflow/example_dags/example_xcomargs.py
[2023-03-16T23:45:11.943+0000] {processor.py:753} INFO - DAG(s) dict_keys(['example_xcom_args', 'example_xcom_args_with_operators']) retrieved from /home/airflow/.local/lib/python3.7/site-packages/airflow/example_dags/example_xcomargs.py
[2023-03-16T23:45:12.099+0000] {logging_mixin.py:137} INFO - [2023-03-16T23:45:12.099+0000] {dag.py:2690} INFO - Sync 2 DAGs
[2023-03-16T23:45:12.275+0000] {logging_mixin.py:137} INFO - [2023-03-16T23:45:12.275+0000] {dag.py:3441} INFO - Setting next_dagrun for example_xcom_args to None, run_after=None
[2023-03-16T23:45:12.303+0000] {logging_mixin.py:137} INFO - [2023-03-16T23:45:12.303+0000] {dag.py:3441} INFO - Setting next_dagrun for example_xcom_args_with_operators to None, run_after=None
[2023-03-16T23:45:12.420+0000] {processor.py:175} INFO - Processing /home/airflow/.local/lib/python3.7/site-packages/airflow/example_dags/example_xcomargs.py took 0.686 seconds
[2023-03-16T23:45:42.879+0000] {processor.py:153} INFO - Started process (PID=1031) to work on /home/airflow/.local/lib/python3.7/site-packages/airflow/example_dags/example_xcomargs.py
[2023-03-16T23:45:42.882+0000] {processor.py:743} INFO - Processing file /home/airflow/.local/lib/python3.7/site-packages/airflow/example_dags/example_xcomargs.py for tasks to queue
[2023-03-16T23:45:42.883+0000] {logging_mixin.py:137} INFO - [2023-03-16T23:45:42.883+0000] {dagbag.py:538} INFO - Filling up the DagBag from /home/airflow/.local/lib/python3.7/site-packages/airflow/example_dags/example_xcomargs.py
[2023-03-16T23:45:42.958+0000] {processor.py:753} INFO - DAG(s) dict_keys(['example_xcom_args', 'example_xcom_args_with_operators']) retrieved from /home/airflow/.local/lib/python3.7/site-packages/airflow/example_dags/example_xcomargs.py
[2023-03-16T23:45:43.051+0000] {logging_mixin.py:137} INFO - [2023-03-16T23:45:43.050+0000] {dag.py:2690} INFO - Sync 2 DAGs
[2023-03-16T23:45:43.148+0000] {logging_mixin.py:137} INFO - [2023-03-16T23:45:43.148+0000] {dag.py:3441} INFO - Setting next_dagrun for example_xcom_args to None, run_after=None
[2023-03-16T23:45:43.167+0000] {logging_mixin.py:137} INFO - [2023-03-16T23:45:43.167+0000] {dag.py:3441} INFO - Setting next_dagrun for example_xcom_args_with_operators to None, run_after=None
[2023-03-16T23:45:43.255+0000] {processor.py:175} INFO - Processing /home/airflow/.local/lib/python3.7/site-packages/airflow/example_dags/example_xcomargs.py took 0.382 seconds
[2023-03-16T23:46:15.309+0000] {processor.py:153} INFO - Started process (PID=1104) to work on /home/airflow/.local/lib/python3.7/site-packages/airflow/example_dags/example_xcomargs.py
[2023-03-16T23:46:15.314+0000] {processor.py:743} INFO - Processing file /home/airflow/.local/lib/python3.7/site-packages/airflow/example_dags/example_xcomargs.py for tasks to queue
[2023-03-16T23:46:15.322+0000] {logging_mixin.py:137} INFO - [2023-03-16T23:46:15.319+0000] {dagbag.py:538} INFO - Filling up the DagBag from /home/airflow/.local/lib/python3.7/site-packages/airflow/example_dags/example_xcomargs.py
[2023-03-16T23:46:15.445+0000] {processor.py:753} INFO - DAG(s) dict_keys(['example_xcom_args_with_operators', 'example_xcom_args']) retrieved from /home/airflow/.local/lib/python3.7/site-packages/airflow/example_dags/example_xcomargs.py
[2023-03-16T23:46:15.644+0000] {logging_mixin.py:137} INFO - [2023-03-16T23:46:15.644+0000] {dag.py:2690} INFO - Sync 2 DAGs
[2023-03-16T23:46:15.765+0000] {logging_mixin.py:137} INFO - [2023-03-16T23:46:15.765+0000] {dag.py:3441} INFO - Setting next_dagrun for example_xcom_args to None, run_after=None
[2023-03-16T23:46:15.784+0000] {logging_mixin.py:137} INFO - [2023-03-16T23:46:15.784+0000] {dag.py:3441} INFO - Setting next_dagrun for example_xcom_args_with_operators to None, run_after=None
[2023-03-16T23:46:15.838+0000] {processor.py:175} INFO - Processing /home/airflow/.local/lib/python3.7/site-packages/airflow/example_dags/example_xcomargs.py took 0.532 seconds
[2023-03-16T23:46:46.027+0000] {processor.py:153} INFO - Started process (PID=1169) to work on /home/airflow/.local/lib/python3.7/site-packages/airflow/example_dags/example_xcomargs.py
[2023-03-16T23:46:46.030+0000] {processor.py:743} INFO - Processing file /home/airflow/.local/lib/python3.7/site-packages/airflow/example_dags/example_xcomargs.py for tasks to queue
[2023-03-16T23:46:46.034+0000] {logging_mixin.py:137} INFO - [2023-03-16T23:46:46.034+0000] {dagbag.py:538} INFO - Filling up the DagBag from /home/airflow/.local/lib/python3.7/site-packages/airflow/example_dags/example_xcomargs.py
[2023-03-16T23:46:46.092+0000] {processor.py:753} INFO - DAG(s) dict_keys(['example_xcom_args', 'example_xcom_args_with_operators']) retrieved from /home/airflow/.local/lib/python3.7/site-packages/airflow/example_dags/example_xcomargs.py
[2023-03-16T23:46:46.152+0000] {logging_mixin.py:137} INFO - [2023-03-16T23:46:46.152+0000] {dag.py:2690} INFO - Sync 2 DAGs
[2023-03-16T23:46:46.211+0000] {logging_mixin.py:137} INFO - [2023-03-16T23:46:46.210+0000] {dag.py:3441} INFO - Setting next_dagrun for example_xcom_args to None, run_after=None
[2023-03-16T23:46:46.218+0000] {logging_mixin.py:137} INFO - [2023-03-16T23:46:46.217+0000] {dag.py:3441} INFO - Setting next_dagrun for example_xcom_args_with_operators to None, run_after=None
[2023-03-16T23:46:46.252+0000] {processor.py:175} INFO - Processing /home/airflow/.local/lib/python3.7/site-packages/airflow/example_dags/example_xcomargs.py took 0.234 seconds
[2023-03-16T23:47:16.579+0000] {processor.py:153} INFO - Started process (PID=1241) to work on /home/airflow/.local/lib/python3.7/site-packages/airflow/example_dags/example_xcomargs.py
[2023-03-16T23:47:16.581+0000] {processor.py:743} INFO - Processing file /home/airflow/.local/lib/python3.7/site-packages/airflow/example_dags/example_xcomargs.py for tasks to queue
[2023-03-16T23:47:16.585+0000] {logging_mixin.py:137} INFO - [2023-03-16T23:47:16.584+0000] {dagbag.py:538} INFO - Filling up the DagBag from /home/airflow/.local/lib/python3.7/site-packages/airflow/example_dags/example_xcomargs.py
[2023-03-16T23:47:16.661+0000] {processor.py:753} INFO - DAG(s) dict_keys(['example_xcom_args', 'example_xcom_args_with_operators']) retrieved from /home/airflow/.local/lib/python3.7/site-packages/airflow/example_dags/example_xcomargs.py
[2023-03-16T23:47:16.720+0000] {logging_mixin.py:137} INFO - [2023-03-16T23:47:16.720+0000] {dag.py:2690} INFO - Sync 2 DAGs
[2023-03-16T23:47:16.774+0000] {logging_mixin.py:137} INFO - [2023-03-16T23:47:16.774+0000] {dag.py:3441} INFO - Setting next_dagrun for example_xcom_args to None, run_after=None
[2023-03-16T23:47:16.781+0000] {logging_mixin.py:137} INFO - [2023-03-16T23:47:16.781+0000] {dag.py:3441} INFO - Setting next_dagrun for example_xcom_args_with_operators to None, run_after=None
[2023-03-16T23:47:16.882+0000] {processor.py:175} INFO - Processing /home/airflow/.local/lib/python3.7/site-packages/airflow/example_dags/example_xcomargs.py took 0.309 seconds
[2023-03-16T23:47:47.577+0000] {processor.py:153} INFO - Started process (PID=1314) to work on /home/airflow/.local/lib/python3.7/site-packages/airflow/example_dags/example_xcomargs.py
[2023-03-16T23:47:47.579+0000] {processor.py:743} INFO - Processing file /home/airflow/.local/lib/python3.7/site-packages/airflow/example_dags/example_xcomargs.py for tasks to queue
[2023-03-16T23:47:47.582+0000] {logging_mixin.py:137} INFO - [2023-03-16T23:47:47.581+0000] {dagbag.py:538} INFO - Filling up the DagBag from /home/airflow/.local/lib/python3.7/site-packages/airflow/example_dags/example_xcomargs.py
[2023-03-16T23:47:47.667+0000] {processor.py:753} INFO - DAG(s) dict_keys(['example_xcom_args_with_operators', 'example_xcom_args']) retrieved from /home/airflow/.local/lib/python3.7/site-packages/airflow/example_dags/example_xcomargs.py
[2023-03-16T23:47:47.818+0000] {logging_mixin.py:137} INFO - [2023-03-16T23:47:47.817+0000] {dag.py:2690} INFO - Sync 2 DAGs
[2023-03-16T23:47:47.916+0000] {logging_mixin.py:137} INFO - [2023-03-16T23:47:47.916+0000] {dag.py:3441} INFO - Setting next_dagrun for example_xcom_args to None, run_after=None
[2023-03-16T23:47:47.928+0000] {logging_mixin.py:137} INFO - [2023-03-16T23:47:47.928+0000] {dag.py:3441} INFO - Setting next_dagrun for example_xcom_args_with_operators to None, run_after=None
[2023-03-16T23:47:47.984+0000] {processor.py:175} INFO - Processing /home/airflow/.local/lib/python3.7/site-packages/airflow/example_dags/example_xcomargs.py took 0.418 seconds
[2023-03-16T23:48:18.589+0000] {processor.py:153} INFO - Started process (PID=1386) to work on /home/airflow/.local/lib/python3.7/site-packages/airflow/example_dags/example_xcomargs.py
[2023-03-16T23:48:18.591+0000] {processor.py:743} INFO - Processing file /home/airflow/.local/lib/python3.7/site-packages/airflow/example_dags/example_xcomargs.py for tasks to queue
[2023-03-16T23:48:18.600+0000] {logging_mixin.py:137} INFO - [2023-03-16T23:48:18.593+0000] {dagbag.py:538} INFO - Filling up the DagBag from /home/airflow/.local/lib/python3.7/site-packages/airflow/example_dags/example_xcomargs.py
[2023-03-16T23:48:18.704+0000] {processor.py:753} INFO - DAG(s) dict_keys(['example_xcom_args_with_operators', 'example_xcom_args']) retrieved from /home/airflow/.local/lib/python3.7/site-packages/airflow/example_dags/example_xcomargs.py
[2023-03-16T23:48:18.800+0000] {logging_mixin.py:137} INFO - [2023-03-16T23:48:18.800+0000] {dag.py:2690} INFO - Sync 2 DAGs
[2023-03-16T23:48:18.892+0000] {logging_mixin.py:137} INFO - [2023-03-16T23:48:18.892+0000] {dag.py:3441} INFO - Setting next_dagrun for example_xcom_args to None, run_after=None
[2023-03-16T23:48:18.901+0000] {logging_mixin.py:137} INFO - [2023-03-16T23:48:18.900+0000] {dag.py:3441} INFO - Setting next_dagrun for example_xcom_args_with_operators to None, run_after=None
[2023-03-16T23:48:18.957+0000] {processor.py:175} INFO - Processing /home/airflow/.local/lib/python3.7/site-packages/airflow/example_dags/example_xcomargs.py took 0.383 seconds
[2023-03-16T23:48:49.113+0000] {processor.py:153} INFO - Started process (PID=1453) to work on /home/airflow/.local/lib/python3.7/site-packages/airflow/example_dags/example_xcomargs.py
[2023-03-16T23:48:49.116+0000] {processor.py:743} INFO - Processing file /home/airflow/.local/lib/python3.7/site-packages/airflow/example_dags/example_xcomargs.py for tasks to queue
[2023-03-16T23:48:49.119+0000] {logging_mixin.py:137} INFO - [2023-03-16T23:48:49.118+0000] {dagbag.py:538} INFO - Filling up the DagBag from /home/airflow/.local/lib/python3.7/site-packages/airflow/example_dags/example_xcomargs.py
[2023-03-16T23:48:49.165+0000] {processor.py:753} INFO - DAG(s) dict_keys(['example_xcom_args_with_operators', 'example_xcom_args']) retrieved from /home/airflow/.local/lib/python3.7/site-packages/airflow/example_dags/example_xcomargs.py
[2023-03-16T23:48:49.231+0000] {logging_mixin.py:137} INFO - [2023-03-16T23:48:49.231+0000] {dag.py:2690} INFO - Sync 2 DAGs
[2023-03-16T23:48:49.274+0000] {logging_mixin.py:137} INFO - [2023-03-16T23:48:49.274+0000] {dag.py:3441} INFO - Setting next_dagrun for example_xcom_args to None, run_after=None
[2023-03-16T23:48:49.283+0000] {logging_mixin.py:137} INFO - [2023-03-16T23:48:49.282+0000] {dag.py:3441} INFO - Setting next_dagrun for example_xcom_args_with_operators to None, run_after=None
[2023-03-16T23:48:49.407+0000] {processor.py:175} INFO - Processing /home/airflow/.local/lib/python3.7/site-packages/airflow/example_dags/example_xcomargs.py took 0.302 seconds
[2023-03-16T23:49:19.487+0000] {processor.py:153} INFO - Started process (PID=1526) to work on /home/airflow/.local/lib/python3.7/site-packages/airflow/example_dags/example_xcomargs.py
[2023-03-16T23:49:19.489+0000] {processor.py:743} INFO - Processing file /home/airflow/.local/lib/python3.7/site-packages/airflow/example_dags/example_xcomargs.py for tasks to queue
[2023-03-16T23:49:19.494+0000] {logging_mixin.py:137} INFO - [2023-03-16T23:49:19.493+0000] {dagbag.py:538} INFO - Filling up the DagBag from /home/airflow/.local/lib/python3.7/site-packages/airflow/example_dags/example_xcomargs.py
[2023-03-16T23:49:19.541+0000] {processor.py:753} INFO - DAG(s) dict_keys(['example_xcom_args_with_operators', 'example_xcom_args']) retrieved from /home/airflow/.local/lib/python3.7/site-packages/airflow/example_dags/example_xcomargs.py
[2023-03-16T23:49:19.601+0000] {logging_mixin.py:137} INFO - [2023-03-16T23:49:19.601+0000] {dag.py:2690} INFO - Sync 2 DAGs
[2023-03-16T23:49:19.654+0000] {logging_mixin.py:137} INFO - [2023-03-16T23:49:19.654+0000] {dag.py:3441} INFO - Setting next_dagrun for example_xcom_args to None, run_after=None
[2023-03-16T23:49:19.662+0000] {logging_mixin.py:137} INFO - [2023-03-16T23:49:19.662+0000] {dag.py:3441} INFO - Setting next_dagrun for example_xcom_args_with_operators to None, run_after=None
[2023-03-16T23:49:19.703+0000] {processor.py:175} INFO - Processing /home/airflow/.local/lib/python3.7/site-packages/airflow/example_dags/example_xcomargs.py took 0.220 seconds
[2023-03-16T23:49:50.166+0000] {processor.py:153} INFO - Started process (PID=1598) to work on /home/airflow/.local/lib/python3.7/site-packages/airflow/example_dags/example_xcomargs.py
[2023-03-16T23:49:50.175+0000] {processor.py:743} INFO - Processing file /home/airflow/.local/lib/python3.7/site-packages/airflow/example_dags/example_xcomargs.py for tasks to queue
[2023-03-16T23:49:50.178+0000] {logging_mixin.py:137} INFO - [2023-03-16T23:49:50.178+0000] {dagbag.py:538} INFO - Filling up the DagBag from /home/airflow/.local/lib/python3.7/site-packages/airflow/example_dags/example_xcomargs.py
[2023-03-16T23:49:50.258+0000] {processor.py:753} INFO - DAG(s) dict_keys(['example_xcom_args', 'example_xcom_args_with_operators']) retrieved from /home/airflow/.local/lib/python3.7/site-packages/airflow/example_dags/example_xcomargs.py
[2023-03-16T23:49:50.321+0000] {logging_mixin.py:137} INFO - [2023-03-16T23:49:50.320+0000] {dag.py:2690} INFO - Sync 2 DAGs
[2023-03-16T23:49:50.380+0000] {logging_mixin.py:137} INFO - [2023-03-16T23:49:50.379+0000] {dag.py:3441} INFO - Setting next_dagrun for example_xcom_args to None, run_after=None
[2023-03-16T23:49:50.386+0000] {logging_mixin.py:137} INFO - [2023-03-16T23:49:50.386+0000] {dag.py:3441} INFO - Setting next_dagrun for example_xcom_args_with_operators to None, run_after=None
[2023-03-16T23:49:50.424+0000] {processor.py:175} INFO - Processing /home/airflow/.local/lib/python3.7/site-packages/airflow/example_dags/example_xcomargs.py took 0.265 seconds
[2023-03-16T23:50:21.035+0000] {processor.py:153} INFO - Started process (PID=1671) to work on /home/airflow/.local/lib/python3.7/site-packages/airflow/example_dags/example_xcomargs.py
[2023-03-16T23:50:21.037+0000] {processor.py:743} INFO - Processing file /home/airflow/.local/lib/python3.7/site-packages/airflow/example_dags/example_xcomargs.py for tasks to queue
[2023-03-16T23:50:21.039+0000] {logging_mixin.py:137} INFO - [2023-03-16T23:50:21.039+0000] {dagbag.py:538} INFO - Filling up the DagBag from /home/airflow/.local/lib/python3.7/site-packages/airflow/example_dags/example_xcomargs.py
[2023-03-16T23:50:21.097+0000] {processor.py:753} INFO - DAG(s) dict_keys(['example_xcom_args', 'example_xcom_args_with_operators']) retrieved from /home/airflow/.local/lib/python3.7/site-packages/airflow/example_dags/example_xcomargs.py
[2023-03-16T23:50:21.183+0000] {logging_mixin.py:137} INFO - [2023-03-16T23:50:21.182+0000] {dag.py:2690} INFO - Sync 2 DAGs
[2023-03-16T23:50:21.261+0000] {logging_mixin.py:137} INFO - [2023-03-16T23:50:21.261+0000] {dag.py:3441} INFO - Setting next_dagrun for example_xcom_args to None, run_after=None
[2023-03-16T23:50:21.279+0000] {logging_mixin.py:137} INFO - [2023-03-16T23:50:21.279+0000] {dag.py:3441} INFO - Setting next_dagrun for example_xcom_args_with_operators to None, run_after=None
[2023-03-16T23:50:21.331+0000] {processor.py:175} INFO - Processing /home/airflow/.local/lib/python3.7/site-packages/airflow/example_dags/example_xcomargs.py took 0.303 seconds
[2023-03-16T23:50:52.007+0000] {processor.py:153} INFO - Started process (PID=1744) to work on /home/airflow/.local/lib/python3.7/site-packages/airflow/example_dags/example_xcomargs.py
[2023-03-16T23:50:52.009+0000] {processor.py:743} INFO - Processing file /home/airflow/.local/lib/python3.7/site-packages/airflow/example_dags/example_xcomargs.py for tasks to queue
[2023-03-16T23:50:52.010+0000] {logging_mixin.py:137} INFO - [2023-03-16T23:50:52.010+0000] {dagbag.py:538} INFO - Filling up the DagBag from /home/airflow/.local/lib/python3.7/site-packages/airflow/example_dags/example_xcomargs.py
[2023-03-16T23:50:52.065+0000] {processor.py:753} INFO - DAG(s) dict_keys(['example_xcom_args', 'example_xcom_args_with_operators']) retrieved from /home/airflow/.local/lib/python3.7/site-packages/airflow/example_dags/example_xcomargs.py
[2023-03-16T23:50:52.149+0000] {logging_mixin.py:137} INFO - [2023-03-16T23:50:52.149+0000] {dag.py:2690} INFO - Sync 2 DAGs
[2023-03-16T23:50:52.214+0000] {logging_mixin.py:137} INFO - [2023-03-16T23:50:52.214+0000] {dag.py:3441} INFO - Setting next_dagrun for example_xcom_args to None, run_after=None
[2023-03-16T23:50:52.227+0000] {logging_mixin.py:137} INFO - [2023-03-16T23:50:52.227+0000] {dag.py:3441} INFO - Setting next_dagrun for example_xcom_args_with_operators to None, run_after=None
[2023-03-16T23:50:52.271+0000] {processor.py:175} INFO - Processing /home/airflow/.local/lib/python3.7/site-packages/airflow/example_dags/example_xcomargs.py took 0.270 seconds
[2023-03-16T23:51:22.604+0000] {processor.py:153} INFO - Started process (PID=1817) to work on /home/airflow/.local/lib/python3.7/site-packages/airflow/example_dags/example_xcomargs.py
[2023-03-16T23:51:22.606+0000] {processor.py:743} INFO - Processing file /home/airflow/.local/lib/python3.7/site-packages/airflow/example_dags/example_xcomargs.py for tasks to queue
[2023-03-16T23:51:22.608+0000] {logging_mixin.py:137} INFO - [2023-03-16T23:51:22.607+0000] {dagbag.py:538} INFO - Filling up the DagBag from /home/airflow/.local/lib/python3.7/site-packages/airflow/example_dags/example_xcomargs.py
[2023-03-16T23:51:22.682+0000] {processor.py:753} INFO - DAG(s) dict_keys(['example_xcom_args_with_operators', 'example_xcom_args']) retrieved from /home/airflow/.local/lib/python3.7/site-packages/airflow/example_dags/example_xcomargs.py
[2023-03-16T23:51:22.796+0000] {logging_mixin.py:137} INFO - [2023-03-16T23:51:22.796+0000] {dag.py:2690} INFO - Sync 2 DAGs
[2023-03-16T23:51:22.876+0000] {logging_mixin.py:137} INFO - [2023-03-16T23:51:22.876+0000] {dag.py:3441} INFO - Setting next_dagrun for example_xcom_args to None, run_after=None
[2023-03-16T23:51:22.884+0000] {logging_mixin.py:137} INFO - [2023-03-16T23:51:22.883+0000] {dag.py:3441} INFO - Setting next_dagrun for example_xcom_args_with_operators to None, run_after=None
[2023-03-16T23:51:22.916+0000] {processor.py:175} INFO - Processing /home/airflow/.local/lib/python3.7/site-packages/airflow/example_dags/example_xcomargs.py took 0.319 seconds
[2023-03-16T23:51:53.591+0000] {processor.py:153} INFO - Started process (PID=1891) to work on /home/airflow/.local/lib/python3.7/site-packages/airflow/example_dags/example_xcomargs.py
[2023-03-16T23:51:53.644+0000] {processor.py:743} INFO - Processing file /home/airflow/.local/lib/python3.7/site-packages/airflow/example_dags/example_xcomargs.py for tasks to queue
[2023-03-16T23:51:53.647+0000] {logging_mixin.py:137} INFO - [2023-03-16T23:51:53.646+0000] {dagbag.py:538} INFO - Filling up the DagBag from /home/airflow/.local/lib/python3.7/site-packages/airflow/example_dags/example_xcomargs.py
[2023-03-16T23:51:53.745+0000] {processor.py:753} INFO - DAG(s) dict_keys(['example_xcom_args', 'example_xcom_args_with_operators']) retrieved from /home/airflow/.local/lib/python3.7/site-packages/airflow/example_dags/example_xcomargs.py
[2023-03-16T23:51:53.881+0000] {logging_mixin.py:137} INFO - [2023-03-16T23:51:53.881+0000] {dag.py:2690} INFO - Sync 2 DAGs
[2023-03-16T23:51:53.970+0000] {logging_mixin.py:137} INFO - [2023-03-16T23:51:53.970+0000] {dag.py:3441} INFO - Setting next_dagrun for example_xcom_args to None, run_after=None
[2023-03-16T23:51:53.983+0000] {logging_mixin.py:137} INFO - [2023-03-16T23:51:53.983+0000] {dag.py:3441} INFO - Setting next_dagrun for example_xcom_args_with_operators to None, run_after=None
[2023-03-16T23:51:54.068+0000] {processor.py:175} INFO - Processing /home/airflow/.local/lib/python3.7/site-packages/airflow/example_dags/example_xcomargs.py took 0.496 seconds
[2023-03-16T23:52:24.479+0000] {processor.py:153} INFO - Started process (PID=1964) to work on /home/airflow/.local/lib/python3.7/site-packages/airflow/example_dags/example_xcomargs.py
[2023-03-16T23:52:24.483+0000] {processor.py:743} INFO - Processing file /home/airflow/.local/lib/python3.7/site-packages/airflow/example_dags/example_xcomargs.py for tasks to queue
[2023-03-16T23:52:24.486+0000] {logging_mixin.py:137} INFO - [2023-03-16T23:52:24.485+0000] {dagbag.py:538} INFO - Filling up the DagBag from /home/airflow/.local/lib/python3.7/site-packages/airflow/example_dags/example_xcomargs.py
[2023-03-16T23:52:24.565+0000] {processor.py:753} INFO - DAG(s) dict_keys(['example_xcom_args_with_operators', 'example_xcom_args']) retrieved from /home/airflow/.local/lib/python3.7/site-packages/airflow/example_dags/example_xcomargs.py
[2023-03-16T23:52:24.623+0000] {logging_mixin.py:137} INFO - [2023-03-16T23:52:24.623+0000] {dag.py:2690} INFO - Sync 2 DAGs
[2023-03-16T23:52:24.732+0000] {logging_mixin.py:137} INFO - [2023-03-16T23:52:24.732+0000] {dag.py:3441} INFO - Setting next_dagrun for example_xcom_args to None, run_after=None
[2023-03-16T23:52:24.743+0000] {logging_mixin.py:137} INFO - [2023-03-16T23:52:24.743+0000] {dag.py:3441} INFO - Setting next_dagrun for example_xcom_args_with_operators to None, run_after=None
[2023-03-16T23:52:24.807+0000] {processor.py:175} INFO - Processing /home/airflow/.local/lib/python3.7/site-packages/airflow/example_dags/example_xcomargs.py took 0.334 seconds
[2023-03-16T23:52:55.089+0000] {processor.py:153} INFO - Started process (PID=2037) to work on /home/airflow/.local/lib/python3.7/site-packages/airflow/example_dags/example_xcomargs.py
[2023-03-16T23:52:55.091+0000] {processor.py:743} INFO - Processing file /home/airflow/.local/lib/python3.7/site-packages/airflow/example_dags/example_xcomargs.py for tasks to queue
[2023-03-16T23:52:55.093+0000] {logging_mixin.py:137} INFO - [2023-03-16T23:52:55.093+0000] {dagbag.py:538} INFO - Filling up the DagBag from /home/airflow/.local/lib/python3.7/site-packages/airflow/example_dags/example_xcomargs.py
[2023-03-16T23:52:55.189+0000] {processor.py:753} INFO - DAG(s) dict_keys(['example_xcom_args_with_operators', 'example_xcom_args']) retrieved from /home/airflow/.local/lib/python3.7/site-packages/airflow/example_dags/example_xcomargs.py
[2023-03-16T23:52:55.352+0000] {logging_mixin.py:137} INFO - [2023-03-16T23:52:55.352+0000] {dag.py:2690} INFO - Sync 2 DAGs
[2023-03-16T23:52:55.464+0000] {logging_mixin.py:137} INFO - [2023-03-16T23:52:55.463+0000] {dag.py:3441} INFO - Setting next_dagrun for example_xcom_args to None, run_after=None
[2023-03-16T23:52:55.481+0000] {logging_mixin.py:137} INFO - [2023-03-16T23:52:55.481+0000] {dag.py:3441} INFO - Setting next_dagrun for example_xcom_args_with_operators to None, run_after=None
[2023-03-16T23:52:55.586+0000] {processor.py:175} INFO - Processing /home/airflow/.local/lib/python3.7/site-packages/airflow/example_dags/example_xcomargs.py took 0.517 seconds
[2023-03-16T23:53:26.141+0000] {processor.py:153} INFO - Started process (PID=2110) to work on /home/airflow/.local/lib/python3.7/site-packages/airflow/example_dags/example_xcomargs.py
[2023-03-16T23:53:26.144+0000] {processor.py:743} INFO - Processing file /home/airflow/.local/lib/python3.7/site-packages/airflow/example_dags/example_xcomargs.py for tasks to queue
[2023-03-16T23:53:26.146+0000] {logging_mixin.py:137} INFO - [2023-03-16T23:53:26.146+0000] {dagbag.py:538} INFO - Filling up the DagBag from /home/airflow/.local/lib/python3.7/site-packages/airflow/example_dags/example_xcomargs.py
[2023-03-16T23:53:26.201+0000] {processor.py:753} INFO - DAG(s) dict_keys(['example_xcom_args_with_operators', 'example_xcom_args']) retrieved from /home/airflow/.local/lib/python3.7/site-packages/airflow/example_dags/example_xcomargs.py
[2023-03-16T23:53:26.269+0000] {logging_mixin.py:137} INFO - [2023-03-16T23:53:26.268+0000] {dag.py:2690} INFO - Sync 2 DAGs
[2023-03-16T23:53:26.333+0000] {logging_mixin.py:137} INFO - [2023-03-16T23:53:26.333+0000] {dag.py:3441} INFO - Setting next_dagrun for example_xcom_args to None, run_after=None
[2023-03-16T23:53:26.346+0000] {logging_mixin.py:137} INFO - [2023-03-16T23:53:26.345+0000] {dag.py:3441} INFO - Setting next_dagrun for example_xcom_args_with_operators to None, run_after=None
[2023-03-16T23:53:26.384+0000] {processor.py:175} INFO - Processing /home/airflow/.local/lib/python3.7/site-packages/airflow/example_dags/example_xcomargs.py took 0.249 seconds
[2023-03-16T23:53:56.909+0000] {processor.py:153} INFO - Started process (PID=2183) to work on /home/airflow/.local/lib/python3.7/site-packages/airflow/example_dags/example_xcomargs.py
[2023-03-16T23:53:56.911+0000] {processor.py:743} INFO - Processing file /home/airflow/.local/lib/python3.7/site-packages/airflow/example_dags/example_xcomargs.py for tasks to queue
[2023-03-16T23:53:56.912+0000] {logging_mixin.py:137} INFO - [2023-03-16T23:53:56.912+0000] {dagbag.py:538} INFO - Filling up the DagBag from /home/airflow/.local/lib/python3.7/site-packages/airflow/example_dags/example_xcomargs.py
[2023-03-16T23:53:56.983+0000] {processor.py:753} INFO - DAG(s) dict_keys(['example_xcom_args_with_operators', 'example_xcom_args']) retrieved from /home/airflow/.local/lib/python3.7/site-packages/airflow/example_dags/example_xcomargs.py
[2023-03-16T23:53:57.140+0000] {logging_mixin.py:137} INFO - [2023-03-16T23:53:57.139+0000] {dag.py:2690} INFO - Sync 2 DAGs
[2023-03-16T23:53:57.209+0000] {logging_mixin.py:137} INFO - [2023-03-16T23:53:57.208+0000] {dag.py:3441} INFO - Setting next_dagrun for example_xcom_args to None, run_after=None
[2023-03-16T23:53:57.222+0000] {logging_mixin.py:137} INFO - [2023-03-16T23:53:57.221+0000] {dag.py:3441} INFO - Setting next_dagrun for example_xcom_args_with_operators to None, run_after=None
[2023-03-16T23:53:57.286+0000] {processor.py:175} INFO - Processing /home/airflow/.local/lib/python3.7/site-packages/airflow/example_dags/example_xcomargs.py took 0.383 seconds
[2023-03-16T23:54:27.454+0000] {processor.py:153} INFO - Started process (PID=2256) to work on /home/airflow/.local/lib/python3.7/site-packages/airflow/example_dags/example_xcomargs.py
[2023-03-16T23:54:27.456+0000] {processor.py:743} INFO - Processing file /home/airflow/.local/lib/python3.7/site-packages/airflow/example_dags/example_xcomargs.py for tasks to queue
[2023-03-16T23:54:27.459+0000] {logging_mixin.py:137} INFO - [2023-03-16T23:54:27.458+0000] {dagbag.py:538} INFO - Filling up the DagBag from /home/airflow/.local/lib/python3.7/site-packages/airflow/example_dags/example_xcomargs.py
[2023-03-16T23:54:27.509+0000] {processor.py:753} INFO - DAG(s) dict_keys(['example_xcom_args_with_operators', 'example_xcom_args']) retrieved from /home/airflow/.local/lib/python3.7/site-packages/airflow/example_dags/example_xcomargs.py
[2023-03-16T23:54:27.562+0000] {logging_mixin.py:137} INFO - [2023-03-16T23:54:27.562+0000] {dag.py:2690} INFO - Sync 2 DAGs
[2023-03-16T23:54:27.607+0000] {logging_mixin.py:137} INFO - [2023-03-16T23:54:27.606+0000] {dag.py:3441} INFO - Setting next_dagrun for example_xcom_args to None, run_after=None
[2023-03-16T23:54:27.614+0000] {logging_mixin.py:137} INFO - [2023-03-16T23:54:27.613+0000] {dag.py:3441} INFO - Setting next_dagrun for example_xcom_args_with_operators to None, run_after=None
[2023-03-16T23:54:27.646+0000] {processor.py:175} INFO - Processing /home/airflow/.local/lib/python3.7/site-packages/airflow/example_dags/example_xcomargs.py took 0.198 seconds
[2023-03-16T23:54:58.234+0000] {processor.py:153} INFO - Started process (PID=2329) to work on /home/airflow/.local/lib/python3.7/site-packages/airflow/example_dags/example_xcomargs.py
[2023-03-16T23:54:58.236+0000] {processor.py:743} INFO - Processing file /home/airflow/.local/lib/python3.7/site-packages/airflow/example_dags/example_xcomargs.py for tasks to queue
[2023-03-16T23:54:58.237+0000] {logging_mixin.py:137} INFO - [2023-03-16T23:54:58.237+0000] {dagbag.py:538} INFO - Filling up the DagBag from /home/airflow/.local/lib/python3.7/site-packages/airflow/example_dags/example_xcomargs.py
[2023-03-16T23:54:58.267+0000] {processor.py:753} INFO - DAG(s) dict_keys(['example_xcom_args_with_operators', 'example_xcom_args']) retrieved from /home/airflow/.local/lib/python3.7/site-packages/airflow/example_dags/example_xcomargs.py
[2023-03-16T23:54:58.313+0000] {logging_mixin.py:137} INFO - [2023-03-16T23:54:58.313+0000] {dag.py:2690} INFO - Sync 2 DAGs
[2023-03-16T23:54:58.355+0000] {logging_mixin.py:137} INFO - [2023-03-16T23:54:58.354+0000] {dag.py:3441} INFO - Setting next_dagrun for example_xcom_args to None, run_after=None
[2023-03-16T23:54:58.364+0000] {logging_mixin.py:137} INFO - [2023-03-16T23:54:58.363+0000] {dag.py:3441} INFO - Setting next_dagrun for example_xcom_args_with_operators to None, run_after=None
[2023-03-16T23:54:58.394+0000] {processor.py:175} INFO - Processing /home/airflow/.local/lib/python3.7/site-packages/airflow/example_dags/example_xcomargs.py took 0.169 seconds
[2023-03-16T23:55:28.562+0000] {processor.py:153} INFO - Started process (PID=2402) to work on /home/airflow/.local/lib/python3.7/site-packages/airflow/example_dags/example_xcomargs.py
[2023-03-16T23:55:28.564+0000] {processor.py:743} INFO - Processing file /home/airflow/.local/lib/python3.7/site-packages/airflow/example_dags/example_xcomargs.py for tasks to queue
[2023-03-16T23:55:28.566+0000] {logging_mixin.py:137} INFO - [2023-03-16T23:55:28.565+0000] {dagbag.py:538} INFO - Filling up the DagBag from /home/airflow/.local/lib/python3.7/site-packages/airflow/example_dags/example_xcomargs.py
[2023-03-16T23:55:28.613+0000] {processor.py:753} INFO - DAG(s) dict_keys(['example_xcom_args', 'example_xcom_args_with_operators']) retrieved from /home/airflow/.local/lib/python3.7/site-packages/airflow/example_dags/example_xcomargs.py
[2023-03-16T23:55:28.673+0000] {logging_mixin.py:137} INFO - [2023-03-16T23:55:28.673+0000] {dag.py:2690} INFO - Sync 2 DAGs
[2023-03-16T23:55:28.714+0000] {logging_mixin.py:137} INFO - [2023-03-16T23:55:28.714+0000] {dag.py:3441} INFO - Setting next_dagrun for example_xcom_args to None, run_after=None
[2023-03-16T23:55:28.723+0000] {logging_mixin.py:137} INFO - [2023-03-16T23:55:28.723+0000] {dag.py:3441} INFO - Setting next_dagrun for example_xcom_args_with_operators to None, run_after=None
[2023-03-16T23:55:28.755+0000] {processor.py:175} INFO - Processing /home/airflow/.local/lib/python3.7/site-packages/airflow/example_dags/example_xcomargs.py took 0.198 seconds
[2023-03-16T23:55:59.439+0000] {processor.py:153} INFO - Started process (PID=2475) to work on /home/airflow/.local/lib/python3.7/site-packages/airflow/example_dags/example_xcomargs.py
[2023-03-16T23:55:59.441+0000] {processor.py:743} INFO - Processing file /home/airflow/.local/lib/python3.7/site-packages/airflow/example_dags/example_xcomargs.py for tasks to queue
[2023-03-16T23:55:59.443+0000] {logging_mixin.py:137} INFO - [2023-03-16T23:55:59.443+0000] {dagbag.py:538} INFO - Filling up the DagBag from /home/airflow/.local/lib/python3.7/site-packages/airflow/example_dags/example_xcomargs.py
[2023-03-16T23:55:59.536+0000] {processor.py:753} INFO - DAG(s) dict_keys(['example_xcom_args', 'example_xcom_args_with_operators']) retrieved from /home/airflow/.local/lib/python3.7/site-packages/airflow/example_dags/example_xcomargs.py
[2023-03-16T23:55:59.669+0000] {logging_mixin.py:137} INFO - [2023-03-16T23:55:59.668+0000] {dag.py:2690} INFO - Sync 2 DAGs
[2023-03-16T23:55:59.786+0000] {logging_mixin.py:137} INFO - [2023-03-16T23:55:59.785+0000] {dag.py:3441} INFO - Setting next_dagrun for example_xcom_args to None, run_after=None
[2023-03-16T23:55:59.796+0000] {logging_mixin.py:137} INFO - [2023-03-16T23:55:59.796+0000] {dag.py:3441} INFO - Setting next_dagrun for example_xcom_args_with_operators to None, run_after=None
[2023-03-16T23:55:59.876+0000] {processor.py:175} INFO - Processing /home/airflow/.local/lib/python3.7/site-packages/airflow/example_dags/example_xcomargs.py took 0.446 seconds
[2023-03-16T23:56:30.029+0000] {processor.py:153} INFO - Started process (PID=2548) to work on /home/airflow/.local/lib/python3.7/site-packages/airflow/example_dags/example_xcomargs.py
[2023-03-16T23:56:30.032+0000] {processor.py:743} INFO - Processing file /home/airflow/.local/lib/python3.7/site-packages/airflow/example_dags/example_xcomargs.py for tasks to queue
[2023-03-16T23:56:30.033+0000] {logging_mixin.py:137} INFO - [2023-03-16T23:56:30.033+0000] {dagbag.py:538} INFO - Filling up the DagBag from /home/airflow/.local/lib/python3.7/site-packages/airflow/example_dags/example_xcomargs.py
[2023-03-16T23:56:30.092+0000] {processor.py:753} INFO - DAG(s) dict_keys(['example_xcom_args_with_operators', 'example_xcom_args']) retrieved from /home/airflow/.local/lib/python3.7/site-packages/airflow/example_dags/example_xcomargs.py
[2023-03-16T23:56:30.132+0000] {logging_mixin.py:137} INFO - [2023-03-16T23:56:30.132+0000] {dag.py:2690} INFO - Sync 2 DAGs
[2023-03-16T23:56:30.177+0000] {logging_mixin.py:137} INFO - [2023-03-16T23:56:30.177+0000] {dag.py:3441} INFO - Setting next_dagrun for example_xcom_args to None, run_after=None
[2023-03-16T23:56:30.186+0000] {logging_mixin.py:137} INFO - [2023-03-16T23:56:30.186+0000] {dag.py:3441} INFO - Setting next_dagrun for example_xcom_args_with_operators to None, run_after=None
[2023-03-16T23:56:30.227+0000] {processor.py:175} INFO - Processing /home/airflow/.local/lib/python3.7/site-packages/airflow/example_dags/example_xcomargs.py took 0.205 seconds
[2023-03-16T23:57:01.051+0000] {processor.py:153} INFO - Started process (PID=2632) to work on /home/airflow/.local/lib/python3.7/site-packages/airflow/example_dags/example_xcomargs.py
[2023-03-16T23:57:01.054+0000] {processor.py:743} INFO - Processing file /home/airflow/.local/lib/python3.7/site-packages/airflow/example_dags/example_xcomargs.py for tasks to queue
[2023-03-16T23:57:01.056+0000] {logging_mixin.py:137} INFO - [2023-03-16T23:57:01.055+0000] {dagbag.py:538} INFO - Filling up the DagBag from /home/airflow/.local/lib/python3.7/site-packages/airflow/example_dags/example_xcomargs.py
[2023-03-16T23:57:01.106+0000] {processor.py:753} INFO - DAG(s) dict_keys(['example_xcom_args', 'example_xcom_args_with_operators']) retrieved from /home/airflow/.local/lib/python3.7/site-packages/airflow/example_dags/example_xcomargs.py
[2023-03-16T23:57:01.167+0000] {logging_mixin.py:137} INFO - [2023-03-16T23:57:01.166+0000] {dag.py:2690} INFO - Sync 2 DAGs
[2023-03-16T23:57:01.227+0000] {logging_mixin.py:137} INFO - [2023-03-16T23:57:01.227+0000] {dag.py:3441} INFO - Setting next_dagrun for example_xcom_args to None, run_after=None
[2023-03-16T23:57:01.235+0000] {logging_mixin.py:137} INFO - [2023-03-16T23:57:01.235+0000] {dag.py:3441} INFO - Setting next_dagrun for example_xcom_args_with_operators to None, run_after=None
[2023-03-16T23:57:01.275+0000] {processor.py:175} INFO - Processing /home/airflow/.local/lib/python3.7/site-packages/airflow/example_dags/example_xcomargs.py took 0.229 seconds
[2023-03-16T23:57:31.948+0000] {processor.py:153} INFO - Started process (PID=2714) to work on /home/airflow/.local/lib/python3.7/site-packages/airflow/example_dags/example_xcomargs.py
[2023-03-16T23:57:31.950+0000] {processor.py:743} INFO - Processing file /home/airflow/.local/lib/python3.7/site-packages/airflow/example_dags/example_xcomargs.py for tasks to queue
[2023-03-16T23:57:31.953+0000] {logging_mixin.py:137} INFO - [2023-03-16T23:57:31.952+0000] {dagbag.py:538} INFO - Filling up the DagBag from /home/airflow/.local/lib/python3.7/site-packages/airflow/example_dags/example_xcomargs.py
[2023-03-16T23:57:32.028+0000] {processor.py:753} INFO - DAG(s) dict_keys(['example_xcom_args_with_operators', 'example_xcom_args']) retrieved from /home/airflow/.local/lib/python3.7/site-packages/airflow/example_dags/example_xcomargs.py
[2023-03-16T23:57:32.104+0000] {logging_mixin.py:137} INFO - [2023-03-16T23:57:32.104+0000] {dag.py:2690} INFO - Sync 2 DAGs
[2023-03-16T23:57:32.174+0000] {logging_mixin.py:137} INFO - [2023-03-16T23:57:32.173+0000] {dag.py:3441} INFO - Setting next_dagrun for example_xcom_args to None, run_after=None
[2023-03-16T23:57:32.180+0000] {logging_mixin.py:137} INFO - [2023-03-16T23:57:32.180+0000] {dag.py:3441} INFO - Setting next_dagrun for example_xcom_args_with_operators to None, run_after=None
[2023-03-16T23:57:32.218+0000] {processor.py:175} INFO - Processing /home/airflow/.local/lib/python3.7/site-packages/airflow/example_dags/example_xcomargs.py took 0.279 seconds
[2023-03-16T23:58:02.357+0000] {processor.py:153} INFO - Started process (PID=2787) to work on /home/airflow/.local/lib/python3.7/site-packages/airflow/example_dags/example_xcomargs.py
[2023-03-16T23:58:02.359+0000] {processor.py:743} INFO - Processing file /home/airflow/.local/lib/python3.7/site-packages/airflow/example_dags/example_xcomargs.py for tasks to queue
[2023-03-16T23:58:02.360+0000] {logging_mixin.py:137} INFO - [2023-03-16T23:58:02.360+0000] {dagbag.py:538} INFO - Filling up the DagBag from /home/airflow/.local/lib/python3.7/site-packages/airflow/example_dags/example_xcomargs.py
[2023-03-16T23:58:02.405+0000] {processor.py:753} INFO - DAG(s) dict_keys(['example_xcom_args', 'example_xcom_args_with_operators']) retrieved from /home/airflow/.local/lib/python3.7/site-packages/airflow/example_dags/example_xcomargs.py
[2023-03-16T23:58:02.465+0000] {logging_mixin.py:137} INFO - [2023-03-16T23:58:02.465+0000] {dag.py:2690} INFO - Sync 2 DAGs
[2023-03-16T23:58:02.502+0000] {logging_mixin.py:137} INFO - [2023-03-16T23:58:02.502+0000] {dag.py:3441} INFO - Setting next_dagrun for example_xcom_args to None, run_after=None
[2023-03-16T23:58:02.509+0000] {logging_mixin.py:137} INFO - [2023-03-16T23:58:02.509+0000] {dag.py:3441} INFO - Setting next_dagrun for example_xcom_args_with_operators to None, run_after=None
[2023-03-16T23:58:02.542+0000] {processor.py:175} INFO - Processing /home/airflow/.local/lib/python3.7/site-packages/airflow/example_dags/example_xcomargs.py took 0.192 seconds
[2023-03-16T23:58:32.795+0000] {processor.py:153} INFO - Started process (PID=2860) to work on /home/airflow/.local/lib/python3.7/site-packages/airflow/example_dags/example_xcomargs.py
[2023-03-16T23:58:32.797+0000] {processor.py:743} INFO - Processing file /home/airflow/.local/lib/python3.7/site-packages/airflow/example_dags/example_xcomargs.py for tasks to queue
[2023-03-16T23:58:32.809+0000] {logging_mixin.py:137} INFO - [2023-03-16T23:58:32.809+0000] {dagbag.py:538} INFO - Filling up the DagBag from /home/airflow/.local/lib/python3.7/site-packages/airflow/example_dags/example_xcomargs.py
[2023-03-16T23:58:32.954+0000] {processor.py:753} INFO - DAG(s) dict_keys(['example_xcom_args_with_operators', 'example_xcom_args']) retrieved from /home/airflow/.local/lib/python3.7/site-packages/airflow/example_dags/example_xcomargs.py
[2023-03-16T23:58:33.038+0000] {logging_mixin.py:137} INFO - [2023-03-16T23:58:33.038+0000] {dag.py:2690} INFO - Sync 2 DAGs
[2023-03-16T23:58:33.096+0000] {logging_mixin.py:137} INFO - [2023-03-16T23:58:33.096+0000] {dag.py:3441} INFO - Setting next_dagrun for example_xcom_args to None, run_after=None
[2023-03-16T23:58:33.103+0000] {logging_mixin.py:137} INFO - [2023-03-16T23:58:33.103+0000] {dag.py:3441} INFO - Setting next_dagrun for example_xcom_args_with_operators to None, run_after=None
[2023-03-16T23:58:33.139+0000] {processor.py:175} INFO - Processing /home/airflow/.local/lib/python3.7/site-packages/airflow/example_dags/example_xcomargs.py took 0.350 seconds
[2023-03-16T23:59:03.260+0000] {processor.py:153} INFO - Started process (PID=2932) to work on /home/airflow/.local/lib/python3.7/site-packages/airflow/example_dags/example_xcomargs.py
[2023-03-16T23:59:03.264+0000] {processor.py:743} INFO - Processing file /home/airflow/.local/lib/python3.7/site-packages/airflow/example_dags/example_xcomargs.py for tasks to queue
[2023-03-16T23:59:03.266+0000] {logging_mixin.py:137} INFO - [2023-03-16T23:59:03.265+0000] {dagbag.py:538} INFO - Filling up the DagBag from /home/airflow/.local/lib/python3.7/site-packages/airflow/example_dags/example_xcomargs.py
[2023-03-16T23:59:03.325+0000] {processor.py:753} INFO - DAG(s) dict_keys(['example_xcom_args_with_operators', 'example_xcom_args']) retrieved from /home/airflow/.local/lib/python3.7/site-packages/airflow/example_dags/example_xcomargs.py
[2023-03-16T23:59:03.393+0000] {logging_mixin.py:137} INFO - [2023-03-16T23:59:03.393+0000] {dag.py:2690} INFO - Sync 2 DAGs
[2023-03-16T23:59:03.440+0000] {logging_mixin.py:137} INFO - [2023-03-16T23:59:03.439+0000] {dag.py:3441} INFO - Setting next_dagrun for example_xcom_args to None, run_after=None
[2023-03-16T23:59:03.447+0000] {logging_mixin.py:137} INFO - [2023-03-16T23:59:03.446+0000] {dag.py:3441} INFO - Setting next_dagrun for example_xcom_args_with_operators to None, run_after=None
[2023-03-16T23:59:03.478+0000] {processor.py:175} INFO - Processing /home/airflow/.local/lib/python3.7/site-packages/airflow/example_dags/example_xcomargs.py took 0.225 seconds
[2023-03-16T23:59:34.035+0000] {processor.py:153} INFO - Started process (PID=3005) to work on /home/airflow/.local/lib/python3.7/site-packages/airflow/example_dags/example_xcomargs.py
[2023-03-16T23:59:34.037+0000] {processor.py:743} INFO - Processing file /home/airflow/.local/lib/python3.7/site-packages/airflow/example_dags/example_xcomargs.py for tasks to queue
[2023-03-16T23:59:34.040+0000] {logging_mixin.py:137} INFO - [2023-03-16T23:59:34.039+0000] {dagbag.py:538} INFO - Filling up the DagBag from /home/airflow/.local/lib/python3.7/site-packages/airflow/example_dags/example_xcomargs.py
[2023-03-16T23:59:34.084+0000] {processor.py:753} INFO - DAG(s) dict_keys(['example_xcom_args_with_operators', 'example_xcom_args']) retrieved from /home/airflow/.local/lib/python3.7/site-packages/airflow/example_dags/example_xcomargs.py
[2023-03-16T23:59:34.129+0000] {logging_mixin.py:137} INFO - [2023-03-16T23:59:34.128+0000] {dag.py:2690} INFO - Sync 2 DAGs
[2023-03-16T23:59:34.165+0000] {logging_mixin.py:137} INFO - [2023-03-16T23:59:34.164+0000] {dag.py:3441} INFO - Setting next_dagrun for example_xcom_args to None, run_after=None
[2023-03-16T23:59:34.172+0000] {logging_mixin.py:137} INFO - [2023-03-16T23:59:34.172+0000] {dag.py:3441} INFO - Setting next_dagrun for example_xcom_args_with_operators to None, run_after=None
[2023-03-16T23:59:34.210+0000] {processor.py:175} INFO - Processing /home/airflow/.local/lib/python3.7/site-packages/airflow/example_dags/example_xcomargs.py took 0.188 seconds
