[2023-03-16T23:38:53.029+0000] {processor.py:153} INFO - Started process (PID=129) to work on /home/airflow/.local/lib/python3.7/site-packages/airflow/example_dags/example_task_group_decorator.py
[2023-03-16T23:38:53.049+0000] {processor.py:743} INFO - Processing file /home/airflow/.local/lib/python3.7/site-packages/airflow/example_dags/example_task_group_decorator.py for tasks to queue
[2023-03-16T23:38:53.063+0000] {logging_mixin.py:137} INFO - [2023-03-16T23:38:53.063+0000] {dagbag.py:538} INFO - Filling up the DagBag from /home/airflow/.local/lib/python3.7/site-packages/airflow/example_dags/example_task_group_decorator.py
[2023-03-16T23:38:53.296+0000] {processor.py:753} INFO - DAG(s) dict_keys(['example_task_group_decorator']) retrieved from /home/airflow/.local/lib/python3.7/site-packages/airflow/example_dags/example_task_group_decorator.py
[2023-03-16T23:38:53.469+0000] {logging_mixin.py:137} INFO - [2023-03-16T23:38:53.468+0000] {dag.py:2690} INFO - Sync 1 DAGs
[2023-03-16T23:38:53.619+0000] {logging_mixin.py:137} INFO - [2023-03-16T23:38:53.618+0000] {dag.py:3441} INFO - Setting next_dagrun for example_task_group_decorator to 2023-03-15T23:38:53.618289+00:00, run_after=2023-03-16T23:38:53.618289+00:00
[2023-03-16T23:38:53.821+0000] {processor.py:175} INFO - Processing /home/airflow/.local/lib/python3.7/site-packages/airflow/example_dags/example_task_group_decorator.py took 0.811 seconds
[2023-03-16T23:39:24.105+0000] {processor.py:153} INFO - Started process (PID=203) to work on /home/airflow/.local/lib/python3.7/site-packages/airflow/example_dags/example_task_group_decorator.py
[2023-03-16T23:39:24.123+0000] {processor.py:743} INFO - Processing file /home/airflow/.local/lib/python3.7/site-packages/airflow/example_dags/example_task_group_decorator.py for tasks to queue
[2023-03-16T23:39:24.126+0000] {logging_mixin.py:137} INFO - [2023-03-16T23:39:24.125+0000] {dagbag.py:538} INFO - Filling up the DagBag from /home/airflow/.local/lib/python3.7/site-packages/airflow/example_dags/example_task_group_decorator.py
[2023-03-16T23:39:24.251+0000] {processor.py:753} INFO - DAG(s) dict_keys(['example_task_group_decorator']) retrieved from /home/airflow/.local/lib/python3.7/site-packages/airflow/example_dags/example_task_group_decorator.py
[2023-03-16T23:39:24.428+0000] {logging_mixin.py:137} INFO - [2023-03-16T23:39:24.428+0000] {dag.py:2690} INFO - Sync 1 DAGs
[2023-03-16T23:39:24.527+0000] {logging_mixin.py:137} INFO - [2023-03-16T23:39:24.526+0000] {dag.py:3441} INFO - Setting next_dagrun for example_task_group_decorator to 2023-03-15T23:39:24.526138+00:00, run_after=2023-03-16T23:39:24.526138+00:00
[2023-03-16T23:39:24.636+0000] {processor.py:175} INFO - Processing /home/airflow/.local/lib/python3.7/site-packages/airflow/example_dags/example_task_group_decorator.py took 0.539 seconds
[2023-03-16T23:39:56.270+0000] {processor.py:153} INFO - Started process (PID=260) to work on /home/airflow/.local/lib/python3.7/site-packages/airflow/example_dags/example_task_group_decorator.py
[2023-03-16T23:39:56.273+0000] {processor.py:743} INFO - Processing file /home/airflow/.local/lib/python3.7/site-packages/airflow/example_dags/example_task_group_decorator.py for tasks to queue
[2023-03-16T23:39:56.274+0000] {logging_mixin.py:137} INFO - [2023-03-16T23:39:56.274+0000] {dagbag.py:538} INFO - Filling up the DagBag from /home/airflow/.local/lib/python3.7/site-packages/airflow/example_dags/example_task_group_decorator.py
[2023-03-16T23:39:56.339+0000] {processor.py:753} INFO - DAG(s) dict_keys(['example_task_group_decorator']) retrieved from /home/airflow/.local/lib/python3.7/site-packages/airflow/example_dags/example_task_group_decorator.py
[2023-03-16T23:39:56.379+0000] {logging_mixin.py:137} INFO - [2023-03-16T23:39:56.379+0000] {dag.py:2690} INFO - Sync 1 DAGs
[2023-03-16T23:39:56.433+0000] {logging_mixin.py:137} INFO - [2023-03-16T23:39:56.433+0000] {dag.py:3441} INFO - Setting next_dagrun for example_task_group_decorator to 2023-03-15T23:39:56.432948+00:00, run_after=2023-03-16T23:39:56.432948+00:00
[2023-03-16T23:39:56.661+0000] {processor.py:175} INFO - Processing /home/airflow/.local/lib/python3.7/site-packages/airflow/example_dags/example_task_group_decorator.py took 0.397 seconds
[2023-03-16T23:40:27.460+0000] {processor.py:153} INFO - Started process (PID=334) to work on /home/airflow/.local/lib/python3.7/site-packages/airflow/example_dags/example_task_group_decorator.py
[2023-03-16T23:40:27.464+0000] {processor.py:743} INFO - Processing file /home/airflow/.local/lib/python3.7/site-packages/airflow/example_dags/example_task_group_decorator.py for tasks to queue
[2023-03-16T23:40:27.468+0000] {logging_mixin.py:137} INFO - [2023-03-16T23:40:27.467+0000] {dagbag.py:538} INFO - Filling up the DagBag from /home/airflow/.local/lib/python3.7/site-packages/airflow/example_dags/example_task_group_decorator.py
[2023-03-16T23:40:27.616+0000] {processor.py:753} INFO - DAG(s) dict_keys(['example_task_group_decorator']) retrieved from /home/airflow/.local/lib/python3.7/site-packages/airflow/example_dags/example_task_group_decorator.py
[2023-03-16T23:40:27.766+0000] {logging_mixin.py:137} INFO - [2023-03-16T23:40:27.765+0000] {dag.py:2690} INFO - Sync 1 DAGs
[2023-03-16T23:40:27.865+0000] {logging_mixin.py:137} INFO - [2023-03-16T23:40:27.865+0000] {dag.py:3441} INFO - Setting next_dagrun for example_task_group_decorator to 2023-03-15T23:40:27.864792+00:00, run_after=2023-03-16T23:40:27.864792+00:00
[2023-03-16T23:40:27.949+0000] {processor.py:175} INFO - Processing /home/airflow/.local/lib/python3.7/site-packages/airflow/example_dags/example_task_group_decorator.py took 0.496 seconds
[2023-03-16T23:40:58.647+0000] {processor.py:153} INFO - Started process (PID=408) to work on /home/airflow/.local/lib/python3.7/site-packages/airflow/example_dags/example_task_group_decorator.py
[2023-03-16T23:40:58.651+0000] {processor.py:743} INFO - Processing file /home/airflow/.local/lib/python3.7/site-packages/airflow/example_dags/example_task_group_decorator.py for tasks to queue
[2023-03-16T23:40:58.653+0000] {logging_mixin.py:137} INFO - [2023-03-16T23:40:58.653+0000] {dagbag.py:538} INFO - Filling up the DagBag from /home/airflow/.local/lib/python3.7/site-packages/airflow/example_dags/example_task_group_decorator.py
[2023-03-16T23:40:58.749+0000] {processor.py:753} INFO - DAG(s) dict_keys(['example_task_group_decorator']) retrieved from /home/airflow/.local/lib/python3.7/site-packages/airflow/example_dags/example_task_group_decorator.py
[2023-03-16T23:40:58.842+0000] {logging_mixin.py:137} INFO - [2023-03-16T23:40:58.842+0000] {dag.py:2690} INFO - Sync 1 DAGs
[2023-03-16T23:40:58.905+0000] {logging_mixin.py:137} INFO - [2023-03-16T23:40:58.904+0000] {dag.py:3441} INFO - Setting next_dagrun for example_task_group_decorator to 2023-03-15T23:40:58.904462+00:00, run_after=2023-03-16T23:40:58.904462+00:00
[2023-03-16T23:40:58.950+0000] {processor.py:175} INFO - Processing /home/airflow/.local/lib/python3.7/site-packages/airflow/example_dags/example_task_group_decorator.py took 0.311 seconds
[2023-03-16T23:41:29.982+0000] {processor.py:153} INFO - Started process (PID=481) to work on /home/airflow/.local/lib/python3.7/site-packages/airflow/example_dags/example_task_group_decorator.py
[2023-03-16T23:41:29.990+0000] {processor.py:743} INFO - Processing file /home/airflow/.local/lib/python3.7/site-packages/airflow/example_dags/example_task_group_decorator.py for tasks to queue
[2023-03-16T23:41:30.019+0000] {logging_mixin.py:137} INFO - [2023-03-16T23:41:30.019+0000] {dagbag.py:538} INFO - Filling up the DagBag from /home/airflow/.local/lib/python3.7/site-packages/airflow/example_dags/example_task_group_decorator.py
[2023-03-16T23:41:30.117+0000] {processor.py:753} INFO - DAG(s) dict_keys(['example_task_group_decorator']) retrieved from /home/airflow/.local/lib/python3.7/site-packages/airflow/example_dags/example_task_group_decorator.py
[2023-03-16T23:41:30.230+0000] {logging_mixin.py:137} INFO - [2023-03-16T23:41:30.229+0000] {dag.py:2690} INFO - Sync 1 DAGs
[2023-03-16T23:41:30.317+0000] {logging_mixin.py:137} INFO - [2023-03-16T23:41:30.316+0000] {dag.py:3441} INFO - Setting next_dagrun for example_task_group_decorator to 2023-03-15T23:41:30.316307+00:00, run_after=2023-03-16T23:41:30.316307+00:00
[2023-03-16T23:41:30.454+0000] {processor.py:175} INFO - Processing /home/airflow/.local/lib/python3.7/site-packages/airflow/example_dags/example_task_group_decorator.py took 0.480 seconds
[2023-03-16T23:42:00.624+0000] {processor.py:153} INFO - Started process (PID=547) to work on /home/airflow/.local/lib/python3.7/site-packages/airflow/example_dags/example_task_group_decorator.py
[2023-03-16T23:42:00.634+0000] {processor.py:743} INFO - Processing file /home/airflow/.local/lib/python3.7/site-packages/airflow/example_dags/example_task_group_decorator.py for tasks to queue
[2023-03-16T23:42:00.637+0000] {logging_mixin.py:137} INFO - [2023-03-16T23:42:00.636+0000] {dagbag.py:538} INFO - Filling up the DagBag from /home/airflow/.local/lib/python3.7/site-packages/airflow/example_dags/example_task_group_decorator.py
[2023-03-16T23:42:00.731+0000] {processor.py:753} INFO - DAG(s) dict_keys(['example_task_group_decorator']) retrieved from /home/airflow/.local/lib/python3.7/site-packages/airflow/example_dags/example_task_group_decorator.py
[2023-03-16T23:42:00.858+0000] {logging_mixin.py:137} INFO - [2023-03-16T23:42:00.857+0000] {dag.py:2690} INFO - Sync 1 DAGs
[2023-03-16T23:42:00.962+0000] {logging_mixin.py:137} INFO - [2023-03-16T23:42:00.961+0000] {dag.py:3441} INFO - Setting next_dagrun for example_task_group_decorator to 2023-03-15T23:42:00.961194+00:00, run_after=2023-03-16T23:42:00.961194+00:00
[2023-03-16T23:42:01.047+0000] {processor.py:175} INFO - Processing /home/airflow/.local/lib/python3.7/site-packages/airflow/example_dags/example_task_group_decorator.py took 0.431 seconds
[2023-03-16T23:42:31.826+0000] {processor.py:153} INFO - Started process (PID=612) to work on /home/airflow/.local/lib/python3.7/site-packages/airflow/example_dags/example_task_group_decorator.py
[2023-03-16T23:42:31.829+0000] {processor.py:743} INFO - Processing file /home/airflow/.local/lib/python3.7/site-packages/airflow/example_dags/example_task_group_decorator.py for tasks to queue
[2023-03-16T23:42:31.833+0000] {logging_mixin.py:137} INFO - [2023-03-16T23:42:31.830+0000] {dagbag.py:538} INFO - Filling up the DagBag from /home/airflow/.local/lib/python3.7/site-packages/airflow/example_dags/example_task_group_decorator.py
[2023-03-16T23:42:31.950+0000] {processor.py:753} INFO - DAG(s) dict_keys(['example_task_group_decorator']) retrieved from /home/airflow/.local/lib/python3.7/site-packages/airflow/example_dags/example_task_group_decorator.py
[2023-03-16T23:42:32.068+0000] {logging_mixin.py:137} INFO - [2023-03-16T23:42:32.066+0000] {dag.py:2690} INFO - Sync 1 DAGs
[2023-03-16T23:42:32.162+0000] {logging_mixin.py:137} INFO - [2023-03-16T23:42:32.162+0000] {dag.py:3441} INFO - Setting next_dagrun for example_task_group_decorator to 2023-03-15T23:42:32.161840+00:00, run_after=2023-03-16T23:42:32.161840+00:00
[2023-03-16T23:42:32.249+0000] {processor.py:175} INFO - Processing /home/airflow/.local/lib/python3.7/site-packages/airflow/example_dags/example_task_group_decorator.py took 0.433 seconds
[2023-03-16T23:43:02.643+0000] {processor.py:153} INFO - Started process (PID=685) to work on /home/airflow/.local/lib/python3.7/site-packages/airflow/example_dags/example_task_group_decorator.py
[2023-03-16T23:43:02.645+0000] {processor.py:743} INFO - Processing file /home/airflow/.local/lib/python3.7/site-packages/airflow/example_dags/example_task_group_decorator.py for tasks to queue
[2023-03-16T23:43:02.647+0000] {logging_mixin.py:137} INFO - [2023-03-16T23:43:02.646+0000] {dagbag.py:538} INFO - Filling up the DagBag from /home/airflow/.local/lib/python3.7/site-packages/airflow/example_dags/example_task_group_decorator.py
[2023-03-16T23:43:02.778+0000] {processor.py:753} INFO - DAG(s) dict_keys(['example_task_group_decorator']) retrieved from /home/airflow/.local/lib/python3.7/site-packages/airflow/example_dags/example_task_group_decorator.py
[2023-03-16T23:43:02.903+0000] {logging_mixin.py:137} INFO - [2023-03-16T23:43:02.902+0000] {dag.py:2690} INFO - Sync 1 DAGs
[2023-03-16T23:43:03.038+0000] {logging_mixin.py:137} INFO - [2023-03-16T23:43:03.035+0000] {dag.py:3441} INFO - Setting next_dagrun for example_task_group_decorator to 2023-03-15T23:43:03.035320+00:00, run_after=2023-03-16T23:43:03.035320+00:00
[2023-03-16T23:43:03.147+0000] {processor.py:175} INFO - Processing /home/airflow/.local/lib/python3.7/site-packages/airflow/example_dags/example_task_group_decorator.py took 0.513 seconds
[2023-03-16T23:43:33.350+0000] {processor.py:153} INFO - Started process (PID=758) to work on /home/airflow/.local/lib/python3.7/site-packages/airflow/example_dags/example_task_group_decorator.py
[2023-03-16T23:43:33.353+0000] {processor.py:743} INFO - Processing file /home/airflow/.local/lib/python3.7/site-packages/airflow/example_dags/example_task_group_decorator.py for tasks to queue
[2023-03-16T23:43:33.363+0000] {logging_mixin.py:137} INFO - [2023-03-16T23:43:33.356+0000] {dagbag.py:538} INFO - Filling up the DagBag from /home/airflow/.local/lib/python3.7/site-packages/airflow/example_dags/example_task_group_decorator.py
[2023-03-16T23:43:33.525+0000] {processor.py:753} INFO - DAG(s) dict_keys(['example_task_group_decorator']) retrieved from /home/airflow/.local/lib/python3.7/site-packages/airflow/example_dags/example_task_group_decorator.py
[2023-03-16T23:43:33.673+0000] {logging_mixin.py:137} INFO - [2023-03-16T23:43:33.669+0000] {dag.py:2690} INFO - Sync 1 DAGs
[2023-03-16T23:43:33.785+0000] {logging_mixin.py:137} INFO - [2023-03-16T23:43:33.784+0000] {dag.py:3441} INFO - Setting next_dagrun for example_task_group_decorator to 2023-03-15T23:43:33.784292+00:00, run_after=2023-03-16T23:43:33.784292+00:00
[2023-03-16T23:43:33.870+0000] {processor.py:175} INFO - Processing /home/airflow/.local/lib/python3.7/site-packages/airflow/example_dags/example_task_group_decorator.py took 0.527 seconds
[2023-03-16T23:44:04.179+0000] {processor.py:153} INFO - Started process (PID=815) to work on /home/airflow/.local/lib/python3.7/site-packages/airflow/example_dags/example_task_group_decorator.py
[2023-03-16T23:44:04.182+0000] {processor.py:743} INFO - Processing file /home/airflow/.local/lib/python3.7/site-packages/airflow/example_dags/example_task_group_decorator.py for tasks to queue
[2023-03-16T23:44:04.184+0000] {logging_mixin.py:137} INFO - [2023-03-16T23:44:04.184+0000] {dagbag.py:538} INFO - Filling up the DagBag from /home/airflow/.local/lib/python3.7/site-packages/airflow/example_dags/example_task_group_decorator.py
[2023-03-16T23:44:04.269+0000] {processor.py:753} INFO - DAG(s) dict_keys(['example_task_group_decorator']) retrieved from /home/airflow/.local/lib/python3.7/site-packages/airflow/example_dags/example_task_group_decorator.py
[2023-03-16T23:44:04.367+0000] {logging_mixin.py:137} INFO - [2023-03-16T23:44:04.366+0000] {dag.py:2690} INFO - Sync 1 DAGs
[2023-03-16T23:44:04.485+0000] {logging_mixin.py:137} INFO - [2023-03-16T23:44:04.484+0000] {dag.py:3441} INFO - Setting next_dagrun for example_task_group_decorator to 2023-03-15T23:44:04.484422+00:00, run_after=2023-03-16T23:44:04.484422+00:00
[2023-03-16T23:44:04.737+0000] {processor.py:175} INFO - Processing /home/airflow/.local/lib/python3.7/site-packages/airflow/example_dags/example_task_group_decorator.py took 0.570 seconds
[2023-03-16T23:44:35.553+0000] {processor.py:153} INFO - Started process (PID=889) to work on /home/airflow/.local/lib/python3.7/site-packages/airflow/example_dags/example_task_group_decorator.py
[2023-03-16T23:44:35.576+0000] {processor.py:743} INFO - Processing file /home/airflow/.local/lib/python3.7/site-packages/airflow/example_dags/example_task_group_decorator.py for tasks to queue
[2023-03-16T23:44:35.579+0000] {logging_mixin.py:137} INFO - [2023-03-16T23:44:35.579+0000] {dagbag.py:538} INFO - Filling up the DagBag from /home/airflow/.local/lib/python3.7/site-packages/airflow/example_dags/example_task_group_decorator.py
[2023-03-16T23:44:35.811+0000] {processor.py:753} INFO - DAG(s) dict_keys(['example_task_group_decorator']) retrieved from /home/airflow/.local/lib/python3.7/site-packages/airflow/example_dags/example_task_group_decorator.py
[2023-03-16T23:44:36.047+0000] {logging_mixin.py:137} INFO - [2023-03-16T23:44:36.046+0000] {dag.py:2690} INFO - Sync 1 DAGs
[2023-03-16T23:44:36.218+0000] {logging_mixin.py:137} INFO - [2023-03-16T23:44:36.218+0000] {dag.py:3441} INFO - Setting next_dagrun for example_task_group_decorator to 2023-03-15T23:44:36.217423+00:00, run_after=2023-03-16T23:44:36.217423+00:00
[2023-03-16T23:44:36.413+0000] {processor.py:175} INFO - Processing /home/airflow/.local/lib/python3.7/site-packages/airflow/example_dags/example_task_group_decorator.py took 0.879 seconds
[2023-03-16T23:45:06.612+0000] {processor.py:153} INFO - Started process (PID=946) to work on /home/airflow/.local/lib/python3.7/site-packages/airflow/example_dags/example_task_group_decorator.py
[2023-03-16T23:45:06.615+0000] {processor.py:743} INFO - Processing file /home/airflow/.local/lib/python3.7/site-packages/airflow/example_dags/example_task_group_decorator.py for tasks to queue
[2023-03-16T23:45:06.618+0000] {logging_mixin.py:137} INFO - [2023-03-16T23:45:06.617+0000] {dagbag.py:538} INFO - Filling up the DagBag from /home/airflow/.local/lib/python3.7/site-packages/airflow/example_dags/example_task_group_decorator.py
[2023-03-16T23:45:06.779+0000] {processor.py:753} INFO - DAG(s) dict_keys(['example_task_group_decorator']) retrieved from /home/airflow/.local/lib/python3.7/site-packages/airflow/example_dags/example_task_group_decorator.py
[2023-03-16T23:45:06.910+0000] {logging_mixin.py:137} INFO - [2023-03-16T23:45:06.909+0000] {dag.py:2690} INFO - Sync 1 DAGs
[2023-03-16T23:45:07.060+0000] {logging_mixin.py:137} INFO - [2023-03-16T23:45:07.059+0000] {dag.py:3441} INFO - Setting next_dagrun for example_task_group_decorator to 2023-03-15T23:45:07.059293+00:00, run_after=2023-03-16T23:45:07.059293+00:00
[2023-03-16T23:45:07.186+0000] {processor.py:175} INFO - Processing /home/airflow/.local/lib/python3.7/site-packages/airflow/example_dags/example_task_group_decorator.py took 0.592 seconds
[2023-03-16T23:45:37.854+0000] {processor.py:153} INFO - Started process (PID=1019) to work on /home/airflow/.local/lib/python3.7/site-packages/airflow/example_dags/example_task_group_decorator.py
[2023-03-16T23:45:37.856+0000] {processor.py:743} INFO - Processing file /home/airflow/.local/lib/python3.7/site-packages/airflow/example_dags/example_task_group_decorator.py for tasks to queue
[2023-03-16T23:45:37.858+0000] {logging_mixin.py:137} INFO - [2023-03-16T23:45:37.857+0000] {dagbag.py:538} INFO - Filling up the DagBag from /home/airflow/.local/lib/python3.7/site-packages/airflow/example_dags/example_task_group_decorator.py
[2023-03-16T23:45:37.964+0000] {processor.py:753} INFO - DAG(s) dict_keys(['example_task_group_decorator']) retrieved from /home/airflow/.local/lib/python3.7/site-packages/airflow/example_dags/example_task_group_decorator.py
[2023-03-16T23:45:38.084+0000] {logging_mixin.py:137} INFO - [2023-03-16T23:45:38.083+0000] {dag.py:2690} INFO - Sync 1 DAGs
[2023-03-16T23:45:38.183+0000] {logging_mixin.py:137} INFO - [2023-03-16T23:45:38.182+0000] {dag.py:3441} INFO - Setting next_dagrun for example_task_group_decorator to 2023-03-15T23:45:38.182178+00:00, run_after=2023-03-16T23:45:38.182178+00:00
[2023-03-16T23:45:38.298+0000] {processor.py:175} INFO - Processing /home/airflow/.local/lib/python3.7/site-packages/airflow/example_dags/example_task_group_decorator.py took 0.452 seconds
[2023-03-16T23:46:08.486+0000] {processor.py:153} INFO - Started process (PID=1083) to work on /home/airflow/.local/lib/python3.7/site-packages/airflow/example_dags/example_task_group_decorator.py
[2023-03-16T23:46:08.488+0000] {processor.py:743} INFO - Processing file /home/airflow/.local/lib/python3.7/site-packages/airflow/example_dags/example_task_group_decorator.py for tasks to queue
[2023-03-16T23:46:08.490+0000] {logging_mixin.py:137} INFO - [2023-03-16T23:46:08.490+0000] {dagbag.py:538} INFO - Filling up the DagBag from /home/airflow/.local/lib/python3.7/site-packages/airflow/example_dags/example_task_group_decorator.py
[2023-03-16T23:46:08.567+0000] {processor.py:753} INFO - DAG(s) dict_keys(['example_task_group_decorator']) retrieved from /home/airflow/.local/lib/python3.7/site-packages/airflow/example_dags/example_task_group_decorator.py
[2023-03-16T23:46:08.624+0000] {logging_mixin.py:137} INFO - [2023-03-16T23:46:08.624+0000] {dag.py:2690} INFO - Sync 1 DAGs
[2023-03-16T23:46:08.695+0000] {logging_mixin.py:137} INFO - [2023-03-16T23:46:08.695+0000] {dag.py:3441} INFO - Setting next_dagrun for example_task_group_decorator to 2023-03-15T23:46:08.694922+00:00, run_after=2023-03-16T23:46:08.694922+00:00
[2023-03-16T23:46:08.765+0000] {processor.py:175} INFO - Processing /home/airflow/.local/lib/python3.7/site-packages/airflow/example_dags/example_task_group_decorator.py took 0.285 seconds
[2023-03-16T23:46:38.962+0000] {processor.py:153} INFO - Started process (PID=1148) to work on /home/airflow/.local/lib/python3.7/site-packages/airflow/example_dags/example_task_group_decorator.py
[2023-03-16T23:46:38.964+0000] {processor.py:743} INFO - Processing file /home/airflow/.local/lib/python3.7/site-packages/airflow/example_dags/example_task_group_decorator.py for tasks to queue
[2023-03-16T23:46:38.966+0000] {logging_mixin.py:137} INFO - [2023-03-16T23:46:38.965+0000] {dagbag.py:538} INFO - Filling up the DagBag from /home/airflow/.local/lib/python3.7/site-packages/airflow/example_dags/example_task_group_decorator.py
[2023-03-16T23:46:39.001+0000] {processor.py:753} INFO - DAG(s) dict_keys(['example_task_group_decorator']) retrieved from /home/airflow/.local/lib/python3.7/site-packages/airflow/example_dags/example_task_group_decorator.py
[2023-03-16T23:46:39.044+0000] {logging_mixin.py:137} INFO - [2023-03-16T23:46:39.043+0000] {dag.py:2690} INFO - Sync 1 DAGs
[2023-03-16T23:46:39.084+0000] {logging_mixin.py:137} INFO - [2023-03-16T23:46:39.084+0000] {dag.py:3441} INFO - Setting next_dagrun for example_task_group_decorator to 2023-03-15T23:46:39.083951+00:00, run_after=2023-03-16T23:46:39.083951+00:00
[2023-03-16T23:46:39.114+0000] {processor.py:175} INFO - Processing /home/airflow/.local/lib/python3.7/site-packages/airflow/example_dags/example_task_group_decorator.py took 0.160 seconds
[2023-03-16T23:47:09.475+0000] {processor.py:153} INFO - Started process (PID=1221) to work on /home/airflow/.local/lib/python3.7/site-packages/airflow/example_dags/example_task_group_decorator.py
[2023-03-16T23:47:09.477+0000] {processor.py:743} INFO - Processing file /home/airflow/.local/lib/python3.7/site-packages/airflow/example_dags/example_task_group_decorator.py for tasks to queue
[2023-03-16T23:47:09.479+0000] {logging_mixin.py:137} INFO - [2023-03-16T23:47:09.479+0000] {dagbag.py:538} INFO - Filling up the DagBag from /home/airflow/.local/lib/python3.7/site-packages/airflow/example_dags/example_task_group_decorator.py
[2023-03-16T23:47:09.576+0000] {processor.py:753} INFO - DAG(s) dict_keys(['example_task_group_decorator']) retrieved from /home/airflow/.local/lib/python3.7/site-packages/airflow/example_dags/example_task_group_decorator.py
[2023-03-16T23:47:09.646+0000] {logging_mixin.py:137} INFO - [2023-03-16T23:47:09.646+0000] {dag.py:2690} INFO - Sync 1 DAGs
[2023-03-16T23:47:09.716+0000] {logging_mixin.py:137} INFO - [2023-03-16T23:47:09.715+0000] {dag.py:3441} INFO - Setting next_dagrun for example_task_group_decorator to 2023-03-15T23:47:09.714786+00:00, run_after=2023-03-16T23:47:09.714786+00:00
[2023-03-16T23:47:09.755+0000] {processor.py:175} INFO - Processing /home/airflow/.local/lib/python3.7/site-packages/airflow/example_dags/example_task_group_decorator.py took 0.286 seconds
[2023-03-16T23:47:40.604+0000] {processor.py:153} INFO - Started process (PID=1294) to work on /home/airflow/.local/lib/python3.7/site-packages/airflow/example_dags/example_task_group_decorator.py
[2023-03-16T23:47:40.607+0000] {processor.py:743} INFO - Processing file /home/airflow/.local/lib/python3.7/site-packages/airflow/example_dags/example_task_group_decorator.py for tasks to queue
[2023-03-16T23:47:40.609+0000] {logging_mixin.py:137} INFO - [2023-03-16T23:47:40.609+0000] {dagbag.py:538} INFO - Filling up the DagBag from /home/airflow/.local/lib/python3.7/site-packages/airflow/example_dags/example_task_group_decorator.py
[2023-03-16T23:47:40.672+0000] {processor.py:753} INFO - DAG(s) dict_keys(['example_task_group_decorator']) retrieved from /home/airflow/.local/lib/python3.7/site-packages/airflow/example_dags/example_task_group_decorator.py
[2023-03-16T23:47:40.727+0000] {logging_mixin.py:137} INFO - [2023-03-16T23:47:40.727+0000] {dag.py:2690} INFO - Sync 1 DAGs
[2023-03-16T23:47:40.765+0000] {logging_mixin.py:137} INFO - [2023-03-16T23:47:40.765+0000] {dag.py:3441} INFO - Setting next_dagrun for example_task_group_decorator to 2023-03-15T23:47:40.765200+00:00, run_after=2023-03-16T23:47:40.765200+00:00
[2023-03-16T23:47:40.802+0000] {processor.py:175} INFO - Processing /home/airflow/.local/lib/python3.7/site-packages/airflow/example_dags/example_task_group_decorator.py took 0.207 seconds
[2023-03-16T23:48:11.386+0000] {processor.py:153} INFO - Started process (PID=1367) to work on /home/airflow/.local/lib/python3.7/site-packages/airflow/example_dags/example_task_group_decorator.py
[2023-03-16T23:48:11.391+0000] {processor.py:743} INFO - Processing file /home/airflow/.local/lib/python3.7/site-packages/airflow/example_dags/example_task_group_decorator.py for tasks to queue
[2023-03-16T23:48:11.394+0000] {logging_mixin.py:137} INFO - [2023-03-16T23:48:11.393+0000] {dagbag.py:538} INFO - Filling up the DagBag from /home/airflow/.local/lib/python3.7/site-packages/airflow/example_dags/example_task_group_decorator.py
[2023-03-16T23:48:11.441+0000] {processor.py:753} INFO - DAG(s) dict_keys(['example_task_group_decorator']) retrieved from /home/airflow/.local/lib/python3.7/site-packages/airflow/example_dags/example_task_group_decorator.py
[2023-03-16T23:48:11.486+0000] {logging_mixin.py:137} INFO - [2023-03-16T23:48:11.486+0000] {dag.py:2690} INFO - Sync 1 DAGs
[2023-03-16T23:48:11.525+0000] {logging_mixin.py:137} INFO - [2023-03-16T23:48:11.525+0000] {dag.py:3441} INFO - Setting next_dagrun for example_task_group_decorator to 2023-03-15T23:48:11.524847+00:00, run_after=2023-03-16T23:48:11.524847+00:00
[2023-03-16T23:48:11.563+0000] {processor.py:175} INFO - Processing /home/airflow/.local/lib/python3.7/site-packages/airflow/example_dags/example_task_group_decorator.py took 0.184 seconds
[2023-03-16T23:48:42.179+0000] {processor.py:153} INFO - Started process (PID=1440) to work on /home/airflow/.local/lib/python3.7/site-packages/airflow/example_dags/example_task_group_decorator.py
[2023-03-16T23:48:42.200+0000] {processor.py:743} INFO - Processing file /home/airflow/.local/lib/python3.7/site-packages/airflow/example_dags/example_task_group_decorator.py for tasks to queue
[2023-03-16T23:48:42.202+0000] {logging_mixin.py:137} INFO - [2023-03-16T23:48:42.202+0000] {dagbag.py:538} INFO - Filling up the DagBag from /home/airflow/.local/lib/python3.7/site-packages/airflow/example_dags/example_task_group_decorator.py
[2023-03-16T23:48:42.369+0000] {processor.py:753} INFO - DAG(s) dict_keys(['example_task_group_decorator']) retrieved from /home/airflow/.local/lib/python3.7/site-packages/airflow/example_dags/example_task_group_decorator.py
[2023-03-16T23:48:42.456+0000] {logging_mixin.py:137} INFO - [2023-03-16T23:48:42.456+0000] {dag.py:2690} INFO - Sync 1 DAGs
[2023-03-16T23:48:42.520+0000] {logging_mixin.py:137} INFO - [2023-03-16T23:48:42.519+0000] {dag.py:3441} INFO - Setting next_dagrun for example_task_group_decorator to 2023-03-15T23:48:42.519110+00:00, run_after=2023-03-16T23:48:42.519110+00:00
[2023-03-16T23:48:42.570+0000] {processor.py:175} INFO - Processing /home/airflow/.local/lib/python3.7/site-packages/airflow/example_dags/example_task_group_decorator.py took 0.398 seconds
[2023-03-16T23:49:13.141+0000] {processor.py:153} INFO - Started process (PID=1513) to work on /home/airflow/.local/lib/python3.7/site-packages/airflow/example_dags/example_task_group_decorator.py
[2023-03-16T23:49:13.144+0000] {processor.py:743} INFO - Processing file /home/airflow/.local/lib/python3.7/site-packages/airflow/example_dags/example_task_group_decorator.py for tasks to queue
[2023-03-16T23:49:13.146+0000] {logging_mixin.py:137} INFO - [2023-03-16T23:49:13.146+0000] {dagbag.py:538} INFO - Filling up the DagBag from /home/airflow/.local/lib/python3.7/site-packages/airflow/example_dags/example_task_group_decorator.py
[2023-03-16T23:49:13.219+0000] {processor.py:753} INFO - DAG(s) dict_keys(['example_task_group_decorator']) retrieved from /home/airflow/.local/lib/python3.7/site-packages/airflow/example_dags/example_task_group_decorator.py
[2023-03-16T23:49:13.288+0000] {logging_mixin.py:137} INFO - [2023-03-16T23:49:13.287+0000] {dag.py:2690} INFO - Sync 1 DAGs
[2023-03-16T23:49:13.340+0000] {logging_mixin.py:137} INFO - [2023-03-16T23:49:13.340+0000] {dag.py:3441} INFO - Setting next_dagrun for example_task_group_decorator to 2023-03-15T23:49:13.340193+00:00, run_after=2023-03-16T23:49:13.340193+00:00
[2023-03-16T23:49:13.382+0000] {processor.py:175} INFO - Processing /home/airflow/.local/lib/python3.7/site-packages/airflow/example_dags/example_task_group_decorator.py took 0.249 seconds
[2023-03-16T23:49:44.199+0000] {processor.py:153} INFO - Started process (PID=1586) to work on /home/airflow/.local/lib/python3.7/site-packages/airflow/example_dags/example_task_group_decorator.py
[2023-03-16T23:49:44.200+0000] {processor.py:743} INFO - Processing file /home/airflow/.local/lib/python3.7/site-packages/airflow/example_dags/example_task_group_decorator.py for tasks to queue
[2023-03-16T23:49:44.202+0000] {logging_mixin.py:137} INFO - [2023-03-16T23:49:44.202+0000] {dagbag.py:538} INFO - Filling up the DagBag from /home/airflow/.local/lib/python3.7/site-packages/airflow/example_dags/example_task_group_decorator.py
[2023-03-16T23:49:44.261+0000] {processor.py:753} INFO - DAG(s) dict_keys(['example_task_group_decorator']) retrieved from /home/airflow/.local/lib/python3.7/site-packages/airflow/example_dags/example_task_group_decorator.py
[2023-03-16T23:49:44.346+0000] {logging_mixin.py:137} INFO - [2023-03-16T23:49:44.345+0000] {dag.py:2690} INFO - Sync 1 DAGs
[2023-03-16T23:49:44.404+0000] {logging_mixin.py:137} INFO - [2023-03-16T23:49:44.404+0000] {dag.py:3441} INFO - Setting next_dagrun for example_task_group_decorator to 2023-03-15T23:49:44.403659+00:00, run_after=2023-03-16T23:49:44.403659+00:00
[2023-03-16T23:49:44.441+0000] {processor.py:175} INFO - Processing /home/airflow/.local/lib/python3.7/site-packages/airflow/example_dags/example_task_group_decorator.py took 0.247 seconds
[2023-03-16T23:50:15.127+0000] {processor.py:153} INFO - Started process (PID=1659) to work on /home/airflow/.local/lib/python3.7/site-packages/airflow/example_dags/example_task_group_decorator.py
[2023-03-16T23:50:15.146+0000] {processor.py:743} INFO - Processing file /home/airflow/.local/lib/python3.7/site-packages/airflow/example_dags/example_task_group_decorator.py for tasks to queue
[2023-03-16T23:50:15.164+0000] {logging_mixin.py:137} INFO - [2023-03-16T23:50:15.164+0000] {dagbag.py:538} INFO - Filling up the DagBag from /home/airflow/.local/lib/python3.7/site-packages/airflow/example_dags/example_task_group_decorator.py
[2023-03-16T23:50:15.369+0000] {processor.py:753} INFO - DAG(s) dict_keys(['example_task_group_decorator']) retrieved from /home/airflow/.local/lib/python3.7/site-packages/airflow/example_dags/example_task_group_decorator.py
[2023-03-16T23:50:15.536+0000] {logging_mixin.py:137} INFO - [2023-03-16T23:50:15.535+0000] {dag.py:2690} INFO - Sync 1 DAGs
[2023-03-16T23:50:15.660+0000] {logging_mixin.py:137} INFO - [2023-03-16T23:50:15.660+0000] {dag.py:3441} INFO - Setting next_dagrun for example_task_group_decorator to 2023-03-15T23:50:15.660017+00:00, run_after=2023-03-16T23:50:15.660017+00:00
[2023-03-16T23:50:15.805+0000] {processor.py:175} INFO - Processing /home/airflow/.local/lib/python3.7/site-packages/airflow/example_dags/example_task_group_decorator.py took 0.666 seconds
[2023-03-16T23:50:46.590+0000] {processor.py:153} INFO - Started process (PID=1725) to work on /home/airflow/.local/lib/python3.7/site-packages/airflow/example_dags/example_task_group_decorator.py
[2023-03-16T23:50:46.592+0000] {processor.py:743} INFO - Processing file /home/airflow/.local/lib/python3.7/site-packages/airflow/example_dags/example_task_group_decorator.py for tasks to queue
[2023-03-16T23:50:46.594+0000] {logging_mixin.py:137} INFO - [2023-03-16T23:50:46.593+0000] {dagbag.py:538} INFO - Filling up the DagBag from /home/airflow/.local/lib/python3.7/site-packages/airflow/example_dags/example_task_group_decorator.py
[2023-03-16T23:50:46.653+0000] {processor.py:753} INFO - DAG(s) dict_keys(['example_task_group_decorator']) retrieved from /home/airflow/.local/lib/python3.7/site-packages/airflow/example_dags/example_task_group_decorator.py
[2023-03-16T23:50:46.702+0000] {logging_mixin.py:137} INFO - [2023-03-16T23:50:46.701+0000] {dag.py:2690} INFO - Sync 1 DAGs
[2023-03-16T23:50:46.748+0000] {logging_mixin.py:137} INFO - [2023-03-16T23:50:46.747+0000] {dag.py:3441} INFO - Setting next_dagrun for example_task_group_decorator to 2023-03-15T23:50:46.747299+00:00, run_after=2023-03-16T23:50:46.747299+00:00
[2023-03-16T23:50:46.780+0000] {processor.py:175} INFO - Processing /home/airflow/.local/lib/python3.7/site-packages/airflow/example_dags/example_task_group_decorator.py took 0.196 seconds
[2023-03-16T23:51:17.409+0000] {processor.py:153} INFO - Started process (PID=1805) to work on /home/airflow/.local/lib/python3.7/site-packages/airflow/example_dags/example_task_group_decorator.py
[2023-03-16T23:51:17.410+0000] {processor.py:743} INFO - Processing file /home/airflow/.local/lib/python3.7/site-packages/airflow/example_dags/example_task_group_decorator.py for tasks to queue
[2023-03-16T23:51:17.412+0000] {logging_mixin.py:137} INFO - [2023-03-16T23:51:17.412+0000] {dagbag.py:538} INFO - Filling up the DagBag from /home/airflow/.local/lib/python3.7/site-packages/airflow/example_dags/example_task_group_decorator.py
[2023-03-16T23:51:17.499+0000] {processor.py:753} INFO - DAG(s) dict_keys(['example_task_group_decorator']) retrieved from /home/airflow/.local/lib/python3.7/site-packages/airflow/example_dags/example_task_group_decorator.py
[2023-03-16T23:51:17.572+0000] {logging_mixin.py:137} INFO - [2023-03-16T23:51:17.572+0000] {dag.py:2690} INFO - Sync 1 DAGs
[2023-03-16T23:51:17.627+0000] {logging_mixin.py:137} INFO - [2023-03-16T23:51:17.627+0000] {dag.py:3441} INFO - Setting next_dagrun for example_task_group_decorator to 2023-03-15T23:51:17.626703+00:00, run_after=2023-03-16T23:51:17.626703+00:00
[2023-03-16T23:51:17.723+0000] {processor.py:175} INFO - Processing /home/airflow/.local/lib/python3.7/site-packages/airflow/example_dags/example_task_group_decorator.py took 0.320 seconds
[2023-03-16T23:51:48.699+0000] {processor.py:153} INFO - Started process (PID=1879) to work on /home/airflow/.local/lib/python3.7/site-packages/airflow/example_dags/example_task_group_decorator.py
[2023-03-16T23:51:48.701+0000] {processor.py:743} INFO - Processing file /home/airflow/.local/lib/python3.7/site-packages/airflow/example_dags/example_task_group_decorator.py for tasks to queue
[2023-03-16T23:51:48.703+0000] {logging_mixin.py:137} INFO - [2023-03-16T23:51:48.702+0000] {dagbag.py:538} INFO - Filling up the DagBag from /home/airflow/.local/lib/python3.7/site-packages/airflow/example_dags/example_task_group_decorator.py
[2023-03-16T23:51:48.792+0000] {processor.py:753} INFO - DAG(s) dict_keys(['example_task_group_decorator']) retrieved from /home/airflow/.local/lib/python3.7/site-packages/airflow/example_dags/example_task_group_decorator.py
[2023-03-16T23:51:48.873+0000] {logging_mixin.py:137} INFO - [2023-03-16T23:51:48.872+0000] {dag.py:2690} INFO - Sync 1 DAGs
[2023-03-16T23:51:48.975+0000] {logging_mixin.py:137} INFO - [2023-03-16T23:51:48.975+0000] {dag.py:3441} INFO - Setting next_dagrun for example_task_group_decorator to 2023-03-15T23:51:48.975107+00:00, run_after=2023-03-16T23:51:48.975107+00:00
[2023-03-16T23:51:49.009+0000] {processor.py:175} INFO - Processing /home/airflow/.local/lib/python3.7/site-packages/airflow/example_dags/example_task_group_decorator.py took 0.315 seconds
[2023-03-16T23:52:19.562+0000] {processor.py:153} INFO - Started process (PID=1953) to work on /home/airflow/.local/lib/python3.7/site-packages/airflow/example_dags/example_task_group_decorator.py
[2023-03-16T23:52:19.563+0000] {processor.py:743} INFO - Processing file /home/airflow/.local/lib/python3.7/site-packages/airflow/example_dags/example_task_group_decorator.py for tasks to queue
[2023-03-16T23:52:19.565+0000] {logging_mixin.py:137} INFO - [2023-03-16T23:52:19.565+0000] {dagbag.py:538} INFO - Filling up the DagBag from /home/airflow/.local/lib/python3.7/site-packages/airflow/example_dags/example_task_group_decorator.py
[2023-03-16T23:52:19.685+0000] {processor.py:753} INFO - DAG(s) dict_keys(['example_task_group_decorator']) retrieved from /home/airflow/.local/lib/python3.7/site-packages/airflow/example_dags/example_task_group_decorator.py
[2023-03-16T23:52:19.777+0000] {logging_mixin.py:137} INFO - [2023-03-16T23:52:19.776+0000] {dag.py:2690} INFO - Sync 1 DAGs
[2023-03-16T23:52:19.914+0000] {logging_mixin.py:137} INFO - [2023-03-16T23:52:19.911+0000] {dag.py:3441} INFO - Setting next_dagrun for example_task_group_decorator to 2023-03-15T23:52:19.910925+00:00, run_after=2023-03-16T23:52:19.910925+00:00
[2023-03-16T23:52:20.009+0000] {processor.py:175} INFO - Processing /home/airflow/.local/lib/python3.7/site-packages/airflow/example_dags/example_task_group_decorator.py took 0.452 seconds
[2023-03-16T23:52:50.298+0000] {processor.py:153} INFO - Started process (PID=2019) to work on /home/airflow/.local/lib/python3.7/site-packages/airflow/example_dags/example_task_group_decorator.py
[2023-03-16T23:52:50.302+0000] {processor.py:743} INFO - Processing file /home/airflow/.local/lib/python3.7/site-packages/airflow/example_dags/example_task_group_decorator.py for tasks to queue
[2023-03-16T23:52:50.305+0000] {logging_mixin.py:137} INFO - [2023-03-16T23:52:50.304+0000] {dagbag.py:538} INFO - Filling up the DagBag from /home/airflow/.local/lib/python3.7/site-packages/airflow/example_dags/example_task_group_decorator.py
[2023-03-16T23:52:50.375+0000] {processor.py:753} INFO - DAG(s) dict_keys(['example_task_group_decorator']) retrieved from /home/airflow/.local/lib/python3.7/site-packages/airflow/example_dags/example_task_group_decorator.py
[2023-03-16T23:52:50.431+0000] {logging_mixin.py:137} INFO - [2023-03-16T23:52:50.431+0000] {dag.py:2690} INFO - Sync 1 DAGs
[2023-03-16T23:52:50.516+0000] {logging_mixin.py:137} INFO - [2023-03-16T23:52:50.516+0000] {dag.py:3441} INFO - Setting next_dagrun for example_task_group_decorator to 2023-03-15T23:52:50.515708+00:00, run_after=2023-03-16T23:52:50.515708+00:00
[2023-03-16T23:52:50.597+0000] {processor.py:175} INFO - Processing /home/airflow/.local/lib/python3.7/site-packages/airflow/example_dags/example_task_group_decorator.py took 0.306 seconds
[2023-03-16T23:53:20.703+0000] {processor.py:153} INFO - Started process (PID=2091) to work on /home/airflow/.local/lib/python3.7/site-packages/airflow/example_dags/example_task_group_decorator.py
[2023-03-16T23:53:20.705+0000] {processor.py:743} INFO - Processing file /home/airflow/.local/lib/python3.7/site-packages/airflow/example_dags/example_task_group_decorator.py for tasks to queue
[2023-03-16T23:53:20.712+0000] {logging_mixin.py:137} INFO - [2023-03-16T23:53:20.710+0000] {dagbag.py:538} INFO - Filling up the DagBag from /home/airflow/.local/lib/python3.7/site-packages/airflow/example_dags/example_task_group_decorator.py
[2023-03-16T23:53:20.801+0000] {processor.py:753} INFO - DAG(s) dict_keys(['example_task_group_decorator']) retrieved from /home/airflow/.local/lib/python3.7/site-packages/airflow/example_dags/example_task_group_decorator.py
[2023-03-16T23:53:20.879+0000] {logging_mixin.py:137} INFO - [2023-03-16T23:53:20.879+0000] {dag.py:2690} INFO - Sync 1 DAGs
[2023-03-16T23:53:20.977+0000] {logging_mixin.py:137} INFO - [2023-03-16T23:53:20.977+0000] {dag.py:3441} INFO - Setting next_dagrun for example_task_group_decorator to 2023-03-15T23:53:20.976933+00:00, run_after=2023-03-16T23:53:20.976933+00:00
[2023-03-16T23:53:21.078+0000] {processor.py:175} INFO - Processing /home/airflow/.local/lib/python3.7/site-packages/airflow/example_dags/example_task_group_decorator.py took 0.383 seconds
[2023-03-16T23:53:51.257+0000] {processor.py:153} INFO - Started process (PID=2164) to work on /home/airflow/.local/lib/python3.7/site-packages/airflow/example_dags/example_task_group_decorator.py
[2023-03-16T23:53:51.260+0000] {processor.py:743} INFO - Processing file /home/airflow/.local/lib/python3.7/site-packages/airflow/example_dags/example_task_group_decorator.py for tasks to queue
[2023-03-16T23:53:51.266+0000] {logging_mixin.py:137} INFO - [2023-03-16T23:53:51.261+0000] {dagbag.py:538} INFO - Filling up the DagBag from /home/airflow/.local/lib/python3.7/site-packages/airflow/example_dags/example_task_group_decorator.py
[2023-03-16T23:53:51.382+0000] {processor.py:753} INFO - DAG(s) dict_keys(['example_task_group_decorator']) retrieved from /home/airflow/.local/lib/python3.7/site-packages/airflow/example_dags/example_task_group_decorator.py
[2023-03-16T23:53:51.441+0000] {logging_mixin.py:137} INFO - [2023-03-16T23:53:51.440+0000] {dag.py:2690} INFO - Sync 1 DAGs
[2023-03-16T23:53:51.497+0000] {logging_mixin.py:137} INFO - [2023-03-16T23:53:51.496+0000] {dag.py:3441} INFO - Setting next_dagrun for example_task_group_decorator to 2023-03-15T23:53:51.496168+00:00, run_after=2023-03-16T23:53:51.496168+00:00
[2023-03-16T23:53:51.546+0000] {processor.py:175} INFO - Processing /home/airflow/.local/lib/python3.7/site-packages/airflow/example_dags/example_task_group_decorator.py took 0.302 seconds
[2023-03-16T23:54:22.069+0000] {processor.py:153} INFO - Started process (PID=2245) to work on /home/airflow/.local/lib/python3.7/site-packages/airflow/example_dags/example_task_group_decorator.py
[2023-03-16T23:54:22.071+0000] {processor.py:743} INFO - Processing file /home/airflow/.local/lib/python3.7/site-packages/airflow/example_dags/example_task_group_decorator.py for tasks to queue
[2023-03-16T23:54:22.073+0000] {logging_mixin.py:137} INFO - [2023-03-16T23:54:22.073+0000] {dagbag.py:538} INFO - Filling up the DagBag from /home/airflow/.local/lib/python3.7/site-packages/airflow/example_dags/example_task_group_decorator.py
[2023-03-16T23:54:22.139+0000] {processor.py:753} INFO - DAG(s) dict_keys(['example_task_group_decorator']) retrieved from /home/airflow/.local/lib/python3.7/site-packages/airflow/example_dags/example_task_group_decorator.py
[2023-03-16T23:54:22.184+0000] {logging_mixin.py:137} INFO - [2023-03-16T23:54:22.184+0000] {dag.py:2690} INFO - Sync 1 DAGs
[2023-03-16T23:54:22.227+0000] {logging_mixin.py:137} INFO - [2023-03-16T23:54:22.227+0000] {dag.py:3441} INFO - Setting next_dagrun for example_task_group_decorator to 2023-03-15T23:54:22.226875+00:00, run_after=2023-03-16T23:54:22.226875+00:00
[2023-03-16T23:54:22.267+0000] {processor.py:175} INFO - Processing /home/airflow/.local/lib/python3.7/site-packages/airflow/example_dags/example_task_group_decorator.py took 0.209 seconds
[2023-03-16T23:54:52.712+0000] {processor.py:153} INFO - Started process (PID=2318) to work on /home/airflow/.local/lib/python3.7/site-packages/airflow/example_dags/example_task_group_decorator.py
[2023-03-16T23:54:52.715+0000] {processor.py:743} INFO - Processing file /home/airflow/.local/lib/python3.7/site-packages/airflow/example_dags/example_task_group_decorator.py for tasks to queue
[2023-03-16T23:54:52.717+0000] {logging_mixin.py:137} INFO - [2023-03-16T23:54:52.717+0000] {dagbag.py:538} INFO - Filling up the DagBag from /home/airflow/.local/lib/python3.7/site-packages/airflow/example_dags/example_task_group_decorator.py
[2023-03-16T23:54:52.787+0000] {processor.py:753} INFO - DAG(s) dict_keys(['example_task_group_decorator']) retrieved from /home/airflow/.local/lib/python3.7/site-packages/airflow/example_dags/example_task_group_decorator.py
[2023-03-16T23:54:52.834+0000] {logging_mixin.py:137} INFO - [2023-03-16T23:54:52.833+0000] {dag.py:2690} INFO - Sync 1 DAGs
[2023-03-16T23:54:52.877+0000] {logging_mixin.py:137} INFO - [2023-03-16T23:54:52.877+0000] {dag.py:3441} INFO - Setting next_dagrun for example_task_group_decorator to 2023-03-15T23:54:52.876905+00:00, run_after=2023-03-16T23:54:52.876905+00:00
[2023-03-16T23:54:52.906+0000] {processor.py:175} INFO - Processing /home/airflow/.local/lib/python3.7/site-packages/airflow/example_dags/example_task_group_decorator.py took 0.203 seconds
[2023-03-16T23:55:23.039+0000] {processor.py:153} INFO - Started process (PID=2391) to work on /home/airflow/.local/lib/python3.7/site-packages/airflow/example_dags/example_task_group_decorator.py
[2023-03-16T23:55:23.043+0000] {processor.py:743} INFO - Processing file /home/airflow/.local/lib/python3.7/site-packages/airflow/example_dags/example_task_group_decorator.py for tasks to queue
[2023-03-16T23:55:23.045+0000] {logging_mixin.py:137} INFO - [2023-03-16T23:55:23.044+0000] {dagbag.py:538} INFO - Filling up the DagBag from /home/airflow/.local/lib/python3.7/site-packages/airflow/example_dags/example_task_group_decorator.py
[2023-03-16T23:55:23.095+0000] {processor.py:753} INFO - DAG(s) dict_keys(['example_task_group_decorator']) retrieved from /home/airflow/.local/lib/python3.7/site-packages/airflow/example_dags/example_task_group_decorator.py
[2023-03-16T23:55:23.166+0000] {logging_mixin.py:137} INFO - [2023-03-16T23:55:23.166+0000] {dag.py:2690} INFO - Sync 1 DAGs
[2023-03-16T23:55:23.219+0000] {logging_mixin.py:137} INFO - [2023-03-16T23:55:23.219+0000] {dag.py:3441} INFO - Setting next_dagrun for example_task_group_decorator to 2023-03-15T23:55:23.218656+00:00, run_after=2023-03-16T23:55:23.218656+00:00
[2023-03-16T23:55:23.257+0000] {processor.py:175} INFO - Processing /home/airflow/.local/lib/python3.7/site-packages/airflow/example_dags/example_task_group_decorator.py took 0.224 seconds
[2023-03-16T23:55:53.329+0000] {processor.py:153} INFO - Started process (PID=2464) to work on /home/airflow/.local/lib/python3.7/site-packages/airflow/example_dags/example_task_group_decorator.py
[2023-03-16T23:55:53.331+0000] {processor.py:743} INFO - Processing file /home/airflow/.local/lib/python3.7/site-packages/airflow/example_dags/example_task_group_decorator.py for tasks to queue
[2023-03-16T23:55:53.333+0000] {logging_mixin.py:137} INFO - [2023-03-16T23:55:53.333+0000] {dagbag.py:538} INFO - Filling up the DagBag from /home/airflow/.local/lib/python3.7/site-packages/airflow/example_dags/example_task_group_decorator.py
[2023-03-16T23:55:53.394+0000] {processor.py:753} INFO - DAG(s) dict_keys(['example_task_group_decorator']) retrieved from /home/airflow/.local/lib/python3.7/site-packages/airflow/example_dags/example_task_group_decorator.py
[2023-03-16T23:55:53.435+0000] {logging_mixin.py:137} INFO - [2023-03-16T23:55:53.435+0000] {dag.py:2690} INFO - Sync 1 DAGs
[2023-03-16T23:55:53.475+0000] {logging_mixin.py:137} INFO - [2023-03-16T23:55:53.475+0000] {dag.py:3441} INFO - Setting next_dagrun for example_task_group_decorator to 2023-03-15T23:55:53.474929+00:00, run_after=2023-03-16T23:55:53.474929+00:00
[2023-03-16T23:55:53.503+0000] {processor.py:175} INFO - Processing /home/airflow/.local/lib/python3.7/site-packages/airflow/example_dags/example_task_group_decorator.py took 0.180 seconds
[2023-03-16T23:56:23.900+0000] {processor.py:153} INFO - Started process (PID=2537) to work on /home/airflow/.local/lib/python3.7/site-packages/airflow/example_dags/example_task_group_decorator.py
[2023-03-16T23:56:23.902+0000] {processor.py:743} INFO - Processing file /home/airflow/.local/lib/python3.7/site-packages/airflow/example_dags/example_task_group_decorator.py for tasks to queue
[2023-03-16T23:56:23.904+0000] {logging_mixin.py:137} INFO - [2023-03-16T23:56:23.903+0000] {dagbag.py:538} INFO - Filling up the DagBag from /home/airflow/.local/lib/python3.7/site-packages/airflow/example_dags/example_task_group_decorator.py
[2023-03-16T23:56:23.950+0000] {processor.py:753} INFO - DAG(s) dict_keys(['example_task_group_decorator']) retrieved from /home/airflow/.local/lib/python3.7/site-packages/airflow/example_dags/example_task_group_decorator.py
[2023-03-16T23:56:23.982+0000] {logging_mixin.py:137} INFO - [2023-03-16T23:56:23.982+0000] {dag.py:2690} INFO - Sync 1 DAGs
[2023-03-16T23:56:24.014+0000] {logging_mixin.py:137} INFO - [2023-03-16T23:56:24.014+0000] {dag.py:3441} INFO - Setting next_dagrun for example_task_group_decorator to 2023-03-15T23:56:24.014295+00:00, run_after=2023-03-16T23:56:24.014295+00:00
[2023-03-16T23:56:24.061+0000] {processor.py:175} INFO - Processing /home/airflow/.local/lib/python3.7/site-packages/airflow/example_dags/example_task_group_decorator.py took 0.167 seconds
[2023-03-16T23:56:54.814+0000] {processor.py:153} INFO - Started process (PID=2612) to work on /home/airflow/.local/lib/python3.7/site-packages/airflow/example_dags/example_task_group_decorator.py
[2023-03-16T23:56:54.816+0000] {processor.py:743} INFO - Processing file /home/airflow/.local/lib/python3.7/site-packages/airflow/example_dags/example_task_group_decorator.py for tasks to queue
[2023-03-16T23:56:54.818+0000] {logging_mixin.py:137} INFO - [2023-03-16T23:56:54.817+0000] {dagbag.py:538} INFO - Filling up the DagBag from /home/airflow/.local/lib/python3.7/site-packages/airflow/example_dags/example_task_group_decorator.py
[2023-03-16T23:56:54.900+0000] {processor.py:753} INFO - DAG(s) dict_keys(['example_task_group_decorator']) retrieved from /home/airflow/.local/lib/python3.7/site-packages/airflow/example_dags/example_task_group_decorator.py
[2023-03-16T23:56:54.988+0000] {logging_mixin.py:137} INFO - [2023-03-16T23:56:54.988+0000] {dag.py:2690} INFO - Sync 1 DAGs
[2023-03-16T23:56:55.059+0000] {logging_mixin.py:137} INFO - [2023-03-16T23:56:55.059+0000] {dag.py:3441} INFO - Setting next_dagrun for example_task_group_decorator to 2023-03-15T23:56:55.058874+00:00, run_after=2023-03-16T23:56:55.058874+00:00
[2023-03-16T23:56:55.103+0000] {processor.py:175} INFO - Processing /home/airflow/.local/lib/python3.7/site-packages/airflow/example_dags/example_task_group_decorator.py took 0.297 seconds
[2023-03-16T23:57:25.427+0000] {processor.py:153} INFO - Started process (PID=2686) to work on /home/airflow/.local/lib/python3.7/site-packages/airflow/example_dags/example_task_group_decorator.py
[2023-03-16T23:57:25.429+0000] {processor.py:743} INFO - Processing file /home/airflow/.local/lib/python3.7/site-packages/airflow/example_dags/example_task_group_decorator.py for tasks to queue
[2023-03-16T23:57:25.431+0000] {logging_mixin.py:137} INFO - [2023-03-16T23:57:25.431+0000] {dagbag.py:538} INFO - Filling up the DagBag from /home/airflow/.local/lib/python3.7/site-packages/airflow/example_dags/example_task_group_decorator.py
[2023-03-16T23:57:25.482+0000] {processor.py:753} INFO - DAG(s) dict_keys(['example_task_group_decorator']) retrieved from /home/airflow/.local/lib/python3.7/site-packages/airflow/example_dags/example_task_group_decorator.py
[2023-03-16T23:57:25.520+0000] {logging_mixin.py:137} INFO - [2023-03-16T23:57:25.520+0000] {dag.py:2690} INFO - Sync 1 DAGs
[2023-03-16T23:57:25.563+0000] {logging_mixin.py:137} INFO - [2023-03-16T23:57:25.562+0000] {dag.py:3441} INFO - Setting next_dagrun for example_task_group_decorator to 2023-03-15T23:57:25.562481+00:00, run_after=2023-03-16T23:57:25.562481+00:00
[2023-03-16T23:57:25.597+0000] {processor.py:175} INFO - Processing /home/airflow/.local/lib/python3.7/site-packages/airflow/example_dags/example_task_group_decorator.py took 0.177 seconds
[2023-03-16T23:57:55.975+0000] {processor.py:153} INFO - Started process (PID=2760) to work on /home/airflow/.local/lib/python3.7/site-packages/airflow/example_dags/example_task_group_decorator.py
[2023-03-16T23:57:55.980+0000] {processor.py:743} INFO - Processing file /home/airflow/.local/lib/python3.7/site-packages/airflow/example_dags/example_task_group_decorator.py for tasks to queue
[2023-03-16T23:57:55.983+0000] {logging_mixin.py:137} INFO - [2023-03-16T23:57:55.982+0000] {dagbag.py:538} INFO - Filling up the DagBag from /home/airflow/.local/lib/python3.7/site-packages/airflow/example_dags/example_task_group_decorator.py
[2023-03-16T23:57:56.032+0000] {processor.py:753} INFO - DAG(s) dict_keys(['example_task_group_decorator']) retrieved from /home/airflow/.local/lib/python3.7/site-packages/airflow/example_dags/example_task_group_decorator.py
[2023-03-16T23:57:56.084+0000] {logging_mixin.py:137} INFO - [2023-03-16T23:57:56.084+0000] {dag.py:2690} INFO - Sync 1 DAGs
[2023-03-16T23:57:56.126+0000] {logging_mixin.py:137} INFO - [2023-03-16T23:57:56.125+0000] {dag.py:3441} INFO - Setting next_dagrun for example_task_group_decorator to 2023-03-15T23:57:56.125671+00:00, run_after=2023-03-16T23:57:56.125671+00:00
[2023-03-16T23:57:56.163+0000] {processor.py:175} INFO - Processing /home/airflow/.local/lib/python3.7/site-packages/airflow/example_dags/example_task_group_decorator.py took 0.199 seconds
[2023-03-16T23:58:26.581+0000] {processor.py:153} INFO - Started process (PID=2842) to work on /home/airflow/.local/lib/python3.7/site-packages/airflow/example_dags/example_task_group_decorator.py
[2023-03-16T23:58:26.583+0000] {processor.py:743} INFO - Processing file /home/airflow/.local/lib/python3.7/site-packages/airflow/example_dags/example_task_group_decorator.py for tasks to queue
[2023-03-16T23:58:26.585+0000] {logging_mixin.py:137} INFO - [2023-03-16T23:58:26.584+0000] {dagbag.py:538} INFO - Filling up the DagBag from /home/airflow/.local/lib/python3.7/site-packages/airflow/example_dags/example_task_group_decorator.py
[2023-03-16T23:58:26.637+0000] {processor.py:753} INFO - DAG(s) dict_keys(['example_task_group_decorator']) retrieved from /home/airflow/.local/lib/python3.7/site-packages/airflow/example_dags/example_task_group_decorator.py
[2023-03-16T23:58:26.695+0000] {logging_mixin.py:137} INFO - [2023-03-16T23:58:26.695+0000] {dag.py:2690} INFO - Sync 1 DAGs
[2023-03-16T23:58:26.752+0000] {logging_mixin.py:137} INFO - [2023-03-16T23:58:26.752+0000] {dag.py:3441} INFO - Setting next_dagrun for example_task_group_decorator to 2023-03-15T23:58:26.751555+00:00, run_after=2023-03-16T23:58:26.751555+00:00
[2023-03-16T23:58:26.790+0000] {processor.py:175} INFO - Processing /home/airflow/.local/lib/python3.7/site-packages/airflow/example_dags/example_task_group_decorator.py took 0.214 seconds
[2023-03-16T23:58:57.248+0000] {processor.py:153} INFO - Started process (PID=2914) to work on /home/airflow/.local/lib/python3.7/site-packages/airflow/example_dags/example_task_group_decorator.py
[2023-03-16T23:58:57.250+0000] {processor.py:743} INFO - Processing file /home/airflow/.local/lib/python3.7/site-packages/airflow/example_dags/example_task_group_decorator.py for tasks to queue
[2023-03-16T23:58:57.253+0000] {logging_mixin.py:137} INFO - [2023-03-16T23:58:57.252+0000] {dagbag.py:538} INFO - Filling up the DagBag from /home/airflow/.local/lib/python3.7/site-packages/airflow/example_dags/example_task_group_decorator.py
[2023-03-16T23:58:57.321+0000] {processor.py:753} INFO - DAG(s) dict_keys(['example_task_group_decorator']) retrieved from /home/airflow/.local/lib/python3.7/site-packages/airflow/example_dags/example_task_group_decorator.py
[2023-03-16T23:58:57.498+0000] {logging_mixin.py:137} INFO - [2023-03-16T23:58:57.498+0000] {dag.py:2690} INFO - Sync 1 DAGs
[2023-03-16T23:58:57.557+0000] {logging_mixin.py:137} INFO - [2023-03-16T23:58:57.557+0000] {dag.py:3441} INFO - Setting next_dagrun for example_task_group_decorator to 2023-03-15T23:58:57.556642+00:00, run_after=2023-03-16T23:58:57.556642+00:00
[2023-03-16T23:58:57.600+0000] {processor.py:175} INFO - Processing /home/airflow/.local/lib/python3.7/site-packages/airflow/example_dags/example_task_group_decorator.py took 0.363 seconds
[2023-03-16T23:59:27.685+0000] {processor.py:153} INFO - Started process (PID=2994) to work on /home/airflow/.local/lib/python3.7/site-packages/airflow/example_dags/example_task_group_decorator.py
[2023-03-16T23:59:27.687+0000] {processor.py:743} INFO - Processing file /home/airflow/.local/lib/python3.7/site-packages/airflow/example_dags/example_task_group_decorator.py for tasks to queue
[2023-03-16T23:59:27.688+0000] {logging_mixin.py:137} INFO - [2023-03-16T23:59:27.688+0000] {dagbag.py:538} INFO - Filling up the DagBag from /home/airflow/.local/lib/python3.7/site-packages/airflow/example_dags/example_task_group_decorator.py
[2023-03-16T23:59:27.754+0000] {processor.py:753} INFO - DAG(s) dict_keys(['example_task_group_decorator']) retrieved from /home/airflow/.local/lib/python3.7/site-packages/airflow/example_dags/example_task_group_decorator.py
[2023-03-16T23:59:27.810+0000] {logging_mixin.py:137} INFO - [2023-03-16T23:59:27.810+0000] {dag.py:2690} INFO - Sync 1 DAGs
[2023-03-16T23:59:27.855+0000] {logging_mixin.py:137} INFO - [2023-03-16T23:59:27.855+0000] {dag.py:3441} INFO - Setting next_dagrun for example_task_group_decorator to 2023-03-15T23:59:27.854941+00:00, run_after=2023-03-16T23:59:27.854941+00:00
[2023-03-16T23:59:27.889+0000] {processor.py:175} INFO - Processing /home/airflow/.local/lib/python3.7/site-packages/airflow/example_dags/example_task_group_decorator.py took 0.211 seconds
[2023-03-16T23:59:58.342+0000] {processor.py:153} INFO - Started process (PID=3067) to work on /home/airflow/.local/lib/python3.7/site-packages/airflow/example_dags/example_task_group_decorator.py
[2023-03-16T23:59:58.345+0000] {processor.py:743} INFO - Processing file /home/airflow/.local/lib/python3.7/site-packages/airflow/example_dags/example_task_group_decorator.py for tasks to queue
[2023-03-16T23:59:58.347+0000] {logging_mixin.py:137} INFO - [2023-03-16T23:59:58.347+0000] {dagbag.py:538} INFO - Filling up the DagBag from /home/airflow/.local/lib/python3.7/site-packages/airflow/example_dags/example_task_group_decorator.py
[2023-03-16T23:59:58.399+0000] {processor.py:753} INFO - DAG(s) dict_keys(['example_task_group_decorator']) retrieved from /home/airflow/.local/lib/python3.7/site-packages/airflow/example_dags/example_task_group_decorator.py
[2023-03-16T23:59:58.445+0000] {logging_mixin.py:137} INFO - [2023-03-16T23:59:58.445+0000] {dag.py:2690} INFO - Sync 1 DAGs
[2023-03-16T23:59:58.489+0000] {logging_mixin.py:137} INFO - [2023-03-16T23:59:58.489+0000] {dag.py:3441} INFO - Setting next_dagrun for example_task_group_decorator to 2023-03-15T23:59:58.488753+00:00, run_after=2023-03-16T23:59:58.488753+00:00
[2023-03-16T23:59:58.566+0000] {processor.py:175} INFO - Processing /home/airflow/.local/lib/python3.7/site-packages/airflow/example_dags/example_task_group_decorator.py took 0.229 seconds
