[2023-03-16T23:38:51.723+0000] {processor.py:153} INFO - Started process (PID=127) to work on /home/airflow/.local/lib/python3.7/site-packages/airflow/example_dags/example_bash_operator.py
[2023-03-16T23:38:51.739+0000] {processor.py:743} INFO - Processing file /home/airflow/.local/lib/python3.7/site-packages/airflow/example_dags/example_bash_operator.py for tasks to queue
[2023-03-16T23:38:51.755+0000] {logging_mixin.py:137} INFO - [2023-03-16T23:38:51.754+0000] {dagbag.py:538} INFO - Filling up the DagBag from /home/airflow/.local/lib/python3.7/site-packages/airflow/example_dags/example_bash_operator.py
[2023-03-16T23:38:51.900+0000] {processor.py:753} INFO - DAG(s) dict_keys(['example_bash_operator']) retrieved from /home/airflow/.local/lib/python3.7/site-packages/airflow/example_dags/example_bash_operator.py
[2023-03-16T23:38:52.222+0000] {logging_mixin.py:137} INFO - [2023-03-16T23:38:52.222+0000] {dag.py:2690} INFO - Sync 1 DAGs
[2023-03-16T23:38:52.432+0000] {logging_mixin.py:137} INFO - [2023-03-16T23:38:52.432+0000] {dag.py:3441} INFO - Setting next_dagrun for example_bash_operator to 2023-03-15T00:00:00+00:00, run_after=2023-03-16T00:00:00+00:00
[2023-03-16T23:38:52.576+0000] {processor.py:175} INFO - Processing /home/airflow/.local/lib/python3.7/site-packages/airflow/example_dags/example_bash_operator.py took 0.865 seconds
[2023-03-16T23:39:23.214+0000] {processor.py:153} INFO - Started process (PID=194) to work on /home/airflow/.local/lib/python3.7/site-packages/airflow/example_dags/example_bash_operator.py
[2023-03-16T23:39:23.218+0000] {processor.py:743} INFO - Processing file /home/airflow/.local/lib/python3.7/site-packages/airflow/example_dags/example_bash_operator.py for tasks to queue
[2023-03-16T23:39:23.228+0000] {logging_mixin.py:137} INFO - [2023-03-16T23:39:23.222+0000] {dagbag.py:538} INFO - Filling up the DagBag from /home/airflow/.local/lib/python3.7/site-packages/airflow/example_dags/example_bash_operator.py
[2023-03-16T23:39:23.342+0000] {processor.py:753} INFO - DAG(s) dict_keys(['example_bash_operator']) retrieved from /home/airflow/.local/lib/python3.7/site-packages/airflow/example_dags/example_bash_operator.py
[2023-03-16T23:39:23.652+0000] {logging_mixin.py:137} INFO - [2023-03-16T23:39:23.652+0000] {dag.py:2690} INFO - Sync 1 DAGs
[2023-03-16T23:39:23.876+0000] {logging_mixin.py:137} INFO - [2023-03-16T23:39:23.876+0000] {dag.py:3441} INFO - Setting next_dagrun for example_bash_operator to 2023-03-15T00:00:00+00:00, run_after=2023-03-16T00:00:00+00:00
[2023-03-16T23:39:23.988+0000] {processor.py:175} INFO - Processing /home/airflow/.local/lib/python3.7/site-packages/airflow/example_dags/example_bash_operator.py took 0.795 seconds
[2023-03-16T23:39:54.249+0000] {processor.py:153} INFO - Started process (PID=258) to work on /home/airflow/.local/lib/python3.7/site-packages/airflow/example_dags/example_bash_operator.py
[2023-03-16T23:39:55.153+0000] {processor.py:743} INFO - Processing file /home/airflow/.local/lib/python3.7/site-packages/airflow/example_dags/example_bash_operator.py for tasks to queue
[2023-03-16T23:39:55.155+0000] {logging_mixin.py:137} INFO - [2023-03-16T23:39:55.154+0000] {dagbag.py:538} INFO - Filling up the DagBag from /home/airflow/.local/lib/python3.7/site-packages/airflow/example_dags/example_bash_operator.py
[2023-03-16T23:39:55.199+0000] {processor.py:753} INFO - DAG(s) dict_keys(['example_bash_operator']) retrieved from /home/airflow/.local/lib/python3.7/site-packages/airflow/example_dags/example_bash_operator.py
[2023-03-16T23:39:55.258+0000] {logging_mixin.py:137} INFO - [2023-03-16T23:39:55.258+0000] {dag.py:2690} INFO - Sync 1 DAGs
[2023-03-16T23:39:55.298+0000] {logging_mixin.py:137} INFO - [2023-03-16T23:39:55.298+0000] {dag.py:3441} INFO - Setting next_dagrun for example_bash_operator to 2023-03-15T00:00:00+00:00, run_after=2023-03-16T00:00:00+00:00
[2023-03-16T23:39:55.677+0000] {processor.py:175} INFO - Processing /home/airflow/.local/lib/python3.7/site-packages/airflow/example_dags/example_bash_operator.py took 1.437 seconds
[2023-03-16T23:40:25.859+0000] {processor.py:153} INFO - Started process (PID=332) to work on /home/airflow/.local/lib/python3.7/site-packages/airflow/example_dags/example_bash_operator.py
[2023-03-16T23:40:25.861+0000] {processor.py:743} INFO - Processing file /home/airflow/.local/lib/python3.7/site-packages/airflow/example_dags/example_bash_operator.py for tasks to queue
[2023-03-16T23:40:25.863+0000] {logging_mixin.py:137} INFO - [2023-03-16T23:40:25.863+0000] {dagbag.py:538} INFO - Filling up the DagBag from /home/airflow/.local/lib/python3.7/site-packages/airflow/example_dags/example_bash_operator.py
[2023-03-16T23:40:25.944+0000] {processor.py:753} INFO - DAG(s) dict_keys(['example_bash_operator']) retrieved from /home/airflow/.local/lib/python3.7/site-packages/airflow/example_dags/example_bash_operator.py
[2023-03-16T23:40:26.122+0000] {logging_mixin.py:137} INFO - [2023-03-16T23:40:26.121+0000] {dag.py:2690} INFO - Sync 1 DAGs
[2023-03-16T23:40:26.218+0000] {logging_mixin.py:137} INFO - [2023-03-16T23:40:26.218+0000] {dag.py:3441} INFO - Setting next_dagrun for example_bash_operator to 2023-03-15T00:00:00+00:00, run_after=2023-03-16T00:00:00+00:00
[2023-03-16T23:40:26.260+0000] {processor.py:175} INFO - Processing /home/airflow/.local/lib/python3.7/site-packages/airflow/example_dags/example_bash_operator.py took 0.411 seconds
[2023-03-16T23:40:56.340+0000] {processor.py:153} INFO - Started process (PID=406) to work on /home/airflow/.local/lib/python3.7/site-packages/airflow/example_dags/example_bash_operator.py
[2023-03-16T23:40:56.343+0000] {processor.py:743} INFO - Processing file /home/airflow/.local/lib/python3.7/site-packages/airflow/example_dags/example_bash_operator.py for tasks to queue
[2023-03-16T23:40:56.345+0000] {logging_mixin.py:137} INFO - [2023-03-16T23:40:56.345+0000] {dagbag.py:538} INFO - Filling up the DagBag from /home/airflow/.local/lib/python3.7/site-packages/airflow/example_dags/example_bash_operator.py
[2023-03-16T23:40:56.395+0000] {processor.py:753} INFO - DAG(s) dict_keys(['example_bash_operator']) retrieved from /home/airflow/.local/lib/python3.7/site-packages/airflow/example_dags/example_bash_operator.py
[2023-03-16T23:40:56.467+0000] {logging_mixin.py:137} INFO - [2023-03-16T23:40:56.466+0000] {dag.py:2690} INFO - Sync 1 DAGs
[2023-03-16T23:40:56.526+0000] {logging_mixin.py:137} INFO - [2023-03-16T23:40:56.526+0000] {dag.py:3441} INFO - Setting next_dagrun for example_bash_operator to 2023-03-15T00:00:00+00:00, run_after=2023-03-16T00:00:00+00:00
[2023-03-16T23:40:56.575+0000] {processor.py:175} INFO - Processing /home/airflow/.local/lib/python3.7/site-packages/airflow/example_dags/example_bash_operator.py took 0.241 seconds
[2023-03-16T23:41:27.409+0000] {processor.py:153} INFO - Started process (PID=479) to work on /home/airflow/.local/lib/python3.7/site-packages/airflow/example_dags/example_bash_operator.py
[2023-03-16T23:41:27.412+0000] {processor.py:743} INFO - Processing file /home/airflow/.local/lib/python3.7/site-packages/airflow/example_dags/example_bash_operator.py for tasks to queue
[2023-03-16T23:41:27.414+0000] {logging_mixin.py:137} INFO - [2023-03-16T23:41:27.413+0000] {dagbag.py:538} INFO - Filling up the DagBag from /home/airflow/.local/lib/python3.7/site-packages/airflow/example_dags/example_bash_operator.py
[2023-03-16T23:41:27.504+0000] {processor.py:753} INFO - DAG(s) dict_keys(['example_bash_operator']) retrieved from /home/airflow/.local/lib/python3.7/site-packages/airflow/example_dags/example_bash_operator.py
[2023-03-16T23:41:27.608+0000] {logging_mixin.py:137} INFO - [2023-03-16T23:41:27.608+0000] {dag.py:2690} INFO - Sync 1 DAGs
[2023-03-16T23:41:27.693+0000] {logging_mixin.py:137} INFO - [2023-03-16T23:41:27.692+0000] {dag.py:3441} INFO - Setting next_dagrun for example_bash_operator to 2023-03-15T00:00:00+00:00, run_after=2023-03-16T00:00:00+00:00
[2023-03-16T23:41:27.768+0000] {processor.py:175} INFO - Processing /home/airflow/.local/lib/python3.7/site-packages/airflow/example_dags/example_bash_operator.py took 0.375 seconds
[2023-03-16T23:41:58.322+0000] {processor.py:153} INFO - Started process (PID=544) to work on /home/airflow/.local/lib/python3.7/site-packages/airflow/example_dags/example_bash_operator.py
[2023-03-16T23:41:58.324+0000] {processor.py:743} INFO - Processing file /home/airflow/.local/lib/python3.7/site-packages/airflow/example_dags/example_bash_operator.py for tasks to queue
[2023-03-16T23:41:58.326+0000] {logging_mixin.py:137} INFO - [2023-03-16T23:41:58.326+0000] {dagbag.py:538} INFO - Filling up the DagBag from /home/airflow/.local/lib/python3.7/site-packages/airflow/example_dags/example_bash_operator.py
[2023-03-16T23:41:58.370+0000] {processor.py:753} INFO - DAG(s) dict_keys(['example_bash_operator']) retrieved from /home/airflow/.local/lib/python3.7/site-packages/airflow/example_dags/example_bash_operator.py
[2023-03-16T23:41:58.494+0000] {logging_mixin.py:137} INFO - [2023-03-16T23:41:58.494+0000] {dag.py:2690} INFO - Sync 1 DAGs
[2023-03-16T23:41:58.603+0000] {logging_mixin.py:137} INFO - [2023-03-16T23:41:58.603+0000] {dag.py:3441} INFO - Setting next_dagrun for example_bash_operator to 2023-03-15T00:00:00+00:00, run_after=2023-03-16T00:00:00+00:00
[2023-03-16T23:41:58.684+0000] {processor.py:175} INFO - Processing /home/airflow/.local/lib/python3.7/site-packages/airflow/example_dags/example_bash_operator.py took 0.370 seconds
[2023-03-16T23:42:29.246+0000] {processor.py:153} INFO - Started process (PID=610) to work on /home/airflow/.local/lib/python3.7/site-packages/airflow/example_dags/example_bash_operator.py
[2023-03-16T23:42:29.255+0000] {processor.py:743} INFO - Processing file /home/airflow/.local/lib/python3.7/site-packages/airflow/example_dags/example_bash_operator.py for tasks to queue
[2023-03-16T23:42:29.260+0000] {logging_mixin.py:137} INFO - [2023-03-16T23:42:29.260+0000] {dagbag.py:538} INFO - Filling up the DagBag from /home/airflow/.local/lib/python3.7/site-packages/airflow/example_dags/example_bash_operator.py
[2023-03-16T23:42:29.398+0000] {processor.py:753} INFO - DAG(s) dict_keys(['example_bash_operator']) retrieved from /home/airflow/.local/lib/python3.7/site-packages/airflow/example_dags/example_bash_operator.py
[2023-03-16T23:42:29.553+0000] {logging_mixin.py:137} INFO - [2023-03-16T23:42:29.552+0000] {dag.py:2690} INFO - Sync 1 DAGs
[2023-03-16T23:42:29.650+0000] {logging_mixin.py:137} INFO - [2023-03-16T23:42:29.650+0000] {dag.py:3441} INFO - Setting next_dagrun for example_bash_operator to 2023-03-15T00:00:00+00:00, run_after=2023-03-16T00:00:00+00:00
[2023-03-16T23:42:29.724+0000] {processor.py:175} INFO - Processing /home/airflow/.local/lib/python3.7/site-packages/airflow/example_dags/example_bash_operator.py took 0.497 seconds
[2023-03-16T23:43:00.106+0000] {processor.py:153} INFO - Started process (PID=683) to work on /home/airflow/.local/lib/python3.7/site-packages/airflow/example_dags/example_bash_operator.py
[2023-03-16T23:43:00.109+0000] {processor.py:743} INFO - Processing file /home/airflow/.local/lib/python3.7/site-packages/airflow/example_dags/example_bash_operator.py for tasks to queue
[2023-03-16T23:43:00.119+0000] {logging_mixin.py:137} INFO - [2023-03-16T23:43:00.118+0000] {dagbag.py:538} INFO - Filling up the DagBag from /home/airflow/.local/lib/python3.7/site-packages/airflow/example_dags/example_bash_operator.py
[2023-03-16T23:43:00.211+0000] {processor.py:753} INFO - DAG(s) dict_keys(['example_bash_operator']) retrieved from /home/airflow/.local/lib/python3.7/site-packages/airflow/example_dags/example_bash_operator.py
[2023-03-16T23:43:00.362+0000] {logging_mixin.py:137} INFO - [2023-03-16T23:43:00.362+0000] {dag.py:2690} INFO - Sync 1 DAGs
[2023-03-16T23:43:00.469+0000] {logging_mixin.py:137} INFO - [2023-03-16T23:43:00.468+0000] {dag.py:3441} INFO - Setting next_dagrun for example_bash_operator to 2023-03-15T00:00:00+00:00, run_after=2023-03-16T00:00:00+00:00
[2023-03-16T23:43:00.563+0000] {processor.py:175} INFO - Processing /home/airflow/.local/lib/python3.7/site-packages/airflow/example_dags/example_bash_operator.py took 0.465 seconds
[2023-03-16T23:43:30.845+0000] {processor.py:153} INFO - Started process (PID=749) to work on /home/airflow/.local/lib/python3.7/site-packages/airflow/example_dags/example_bash_operator.py
[2023-03-16T23:43:30.853+0000] {processor.py:743} INFO - Processing file /home/airflow/.local/lib/python3.7/site-packages/airflow/example_dags/example_bash_operator.py for tasks to queue
[2023-03-16T23:43:30.863+0000] {logging_mixin.py:137} INFO - [2023-03-16T23:43:30.862+0000] {dagbag.py:538} INFO - Filling up the DagBag from /home/airflow/.local/lib/python3.7/site-packages/airflow/example_dags/example_bash_operator.py
[2023-03-16T23:43:30.963+0000] {processor.py:753} INFO - DAG(s) dict_keys(['example_bash_operator']) retrieved from /home/airflow/.local/lib/python3.7/site-packages/airflow/example_dags/example_bash_operator.py
[2023-03-16T23:43:31.178+0000] {logging_mixin.py:137} INFO - [2023-03-16T23:43:31.178+0000] {dag.py:2690} INFO - Sync 1 DAGs
[2023-03-16T23:43:31.240+0000] {logging_mixin.py:137} INFO - [2023-03-16T23:43:31.240+0000] {dag.py:3441} INFO - Setting next_dagrun for example_bash_operator to 2023-03-15T00:00:00+00:00, run_after=2023-03-16T00:00:00+00:00
[2023-03-16T23:43:31.305+0000] {processor.py:175} INFO - Processing /home/airflow/.local/lib/python3.7/site-packages/airflow/example_dags/example_bash_operator.py took 0.465 seconds
[2023-03-16T23:44:02.297+0000] {processor.py:153} INFO - Started process (PID=813) to work on /home/airflow/.local/lib/python3.7/site-packages/airflow/example_dags/example_bash_operator.py
[2023-03-16T23:44:02.300+0000] {processor.py:743} INFO - Processing file /home/airflow/.local/lib/python3.7/site-packages/airflow/example_dags/example_bash_operator.py for tasks to queue
[2023-03-16T23:44:02.307+0000] {logging_mixin.py:137} INFO - [2023-03-16T23:44:02.302+0000] {dagbag.py:538} INFO - Filling up the DagBag from /home/airflow/.local/lib/python3.7/site-packages/airflow/example_dags/example_bash_operator.py
[2023-03-16T23:44:02.357+0000] {processor.py:753} INFO - DAG(s) dict_keys(['example_bash_operator']) retrieved from /home/airflow/.local/lib/python3.7/site-packages/airflow/example_dags/example_bash_operator.py
[2023-03-16T23:44:02.465+0000] {logging_mixin.py:137} INFO - [2023-03-16T23:44:02.465+0000] {dag.py:2690} INFO - Sync 1 DAGs
[2023-03-16T23:44:02.527+0000] {logging_mixin.py:137} INFO - [2023-03-16T23:44:02.527+0000] {dag.py:3441} INFO - Setting next_dagrun for example_bash_operator to 2023-03-15T00:00:00+00:00, run_after=2023-03-16T00:00:00+00:00
[2023-03-16T23:44:02.973+0000] {processor.py:175} INFO - Processing /home/airflow/.local/lib/python3.7/site-packages/airflow/example_dags/example_bash_operator.py took 0.685 seconds
[2023-03-16T23:44:33.420+0000] {processor.py:153} INFO - Started process (PID=880) to work on /home/airflow/.local/lib/python3.7/site-packages/airflow/example_dags/example_bash_operator.py
[2023-03-16T23:44:33.422+0000] {processor.py:743} INFO - Processing file /home/airflow/.local/lib/python3.7/site-packages/airflow/example_dags/example_bash_operator.py for tasks to queue
[2023-03-16T23:44:33.433+0000] {logging_mixin.py:137} INFO - [2023-03-16T23:44:33.433+0000] {dagbag.py:538} INFO - Filling up the DagBag from /home/airflow/.local/lib/python3.7/site-packages/airflow/example_dags/example_bash_operator.py
[2023-03-16T23:44:33.768+0000] {processor.py:753} INFO - DAG(s) dict_keys(['example_bash_operator']) retrieved from /home/airflow/.local/lib/python3.7/site-packages/airflow/example_dags/example_bash_operator.py
[2023-03-16T23:44:34.032+0000] {logging_mixin.py:137} INFO - [2023-03-16T23:44:34.032+0000] {dag.py:2690} INFO - Sync 1 DAGs
[2023-03-16T23:44:34.209+0000] {logging_mixin.py:137} INFO - [2023-03-16T23:44:34.208+0000] {dag.py:3441} INFO - Setting next_dagrun for example_bash_operator to 2023-03-15T00:00:00+00:00, run_after=2023-03-16T00:00:00+00:00
[2023-03-16T23:44:34.349+0000] {processor.py:175} INFO - Processing /home/airflow/.local/lib/python3.7/site-packages/airflow/example_dags/example_bash_operator.py took 0.949 seconds
[2023-03-16T23:45:04.977+0000] {processor.py:153} INFO - Started process (PID=945) to work on /home/airflow/.local/lib/python3.7/site-packages/airflow/example_dags/example_bash_operator.py
[2023-03-16T23:45:04.982+0000] {processor.py:743} INFO - Processing file /home/airflow/.local/lib/python3.7/site-packages/airflow/example_dags/example_bash_operator.py for tasks to queue
[2023-03-16T23:45:04.989+0000] {logging_mixin.py:137} INFO - [2023-03-16T23:45:04.988+0000] {dagbag.py:538} INFO - Filling up the DagBag from /home/airflow/.local/lib/python3.7/site-packages/airflow/example_dags/example_bash_operator.py
[2023-03-16T23:45:05.055+0000] {processor.py:753} INFO - DAG(s) dict_keys(['example_bash_operator']) retrieved from /home/airflow/.local/lib/python3.7/site-packages/airflow/example_dags/example_bash_operator.py
[2023-03-16T23:45:05.199+0000] {logging_mixin.py:137} INFO - [2023-03-16T23:45:05.199+0000] {dag.py:2690} INFO - Sync 1 DAGs
[2023-03-16T23:45:05.335+0000] {logging_mixin.py:137} INFO - [2023-03-16T23:45:05.335+0000] {dag.py:3441} INFO - Setting next_dagrun for example_bash_operator to 2023-03-15T00:00:00+00:00, run_after=2023-03-16T00:00:00+00:00
[2023-03-16T23:45:05.426+0000] {processor.py:175} INFO - Processing /home/airflow/.local/lib/python3.7/site-packages/airflow/example_dags/example_bash_operator.py took 0.458 seconds
[2023-03-16T23:45:35.977+0000] {processor.py:153} INFO - Started process (PID=1018) to work on /home/airflow/.local/lib/python3.7/site-packages/airflow/example_dags/example_bash_operator.py
[2023-03-16T23:45:35.980+0000] {processor.py:743} INFO - Processing file /home/airflow/.local/lib/python3.7/site-packages/airflow/example_dags/example_bash_operator.py for tasks to queue
[2023-03-16T23:45:35.985+0000] {logging_mixin.py:137} INFO - [2023-03-16T23:45:35.984+0000] {dagbag.py:538} INFO - Filling up the DagBag from /home/airflow/.local/lib/python3.7/site-packages/airflow/example_dags/example_bash_operator.py
[2023-03-16T23:45:36.098+0000] {processor.py:753} INFO - DAG(s) dict_keys(['example_bash_operator']) retrieved from /home/airflow/.local/lib/python3.7/site-packages/airflow/example_dags/example_bash_operator.py
[2023-03-16T23:45:36.370+0000] {logging_mixin.py:137} INFO - [2023-03-16T23:45:36.370+0000] {dag.py:2690} INFO - Sync 1 DAGs
[2023-03-16T23:45:36.562+0000] {logging_mixin.py:137} INFO - [2023-03-16T23:45:36.561+0000] {dag.py:3441} INFO - Setting next_dagrun for example_bash_operator to 2023-03-15T00:00:00+00:00, run_after=2023-03-16T00:00:00+00:00
[2023-03-16T23:45:36.726+0000] {processor.py:175} INFO - Processing /home/airflow/.local/lib/python3.7/site-packages/airflow/example_dags/example_bash_operator.py took 0.755 seconds
[2023-03-16T23:46:07.184+0000] {processor.py:153} INFO - Started process (PID=1075) to work on /home/airflow/.local/lib/python3.7/site-packages/airflow/example_dags/example_bash_operator.py
[2023-03-16T23:46:07.186+0000] {processor.py:743} INFO - Processing file /home/airflow/.local/lib/python3.7/site-packages/airflow/example_dags/example_bash_operator.py for tasks to queue
[2023-03-16T23:46:07.188+0000] {logging_mixin.py:137} INFO - [2023-03-16T23:46:07.188+0000] {dagbag.py:538} INFO - Filling up the DagBag from /home/airflow/.local/lib/python3.7/site-packages/airflow/example_dags/example_bash_operator.py
[2023-03-16T23:46:07.226+0000] {processor.py:753} INFO - DAG(s) dict_keys(['example_bash_operator']) retrieved from /home/airflow/.local/lib/python3.7/site-packages/airflow/example_dags/example_bash_operator.py
[2023-03-16T23:46:07.313+0000] {logging_mixin.py:137} INFO - [2023-03-16T23:46:07.313+0000] {dag.py:2690} INFO - Sync 1 DAGs
[2023-03-16T23:46:07.367+0000] {logging_mixin.py:137} INFO - [2023-03-16T23:46:07.367+0000] {dag.py:3441} INFO - Setting next_dagrun for example_bash_operator to 2023-03-15T00:00:00+00:00, run_after=2023-03-16T00:00:00+00:00
[2023-03-16T23:46:07.406+0000] {processor.py:175} INFO - Processing /home/airflow/.local/lib/python3.7/site-packages/airflow/example_dags/example_bash_operator.py took 0.230 seconds
[2023-03-16T23:46:37.607+0000] {processor.py:153} INFO - Started process (PID=1147) to work on /home/airflow/.local/lib/python3.7/site-packages/airflow/example_dags/example_bash_operator.py
[2023-03-16T23:46:37.609+0000] {processor.py:743} INFO - Processing file /home/airflow/.local/lib/python3.7/site-packages/airflow/example_dags/example_bash_operator.py for tasks to queue
[2023-03-16T23:46:37.611+0000] {logging_mixin.py:137} INFO - [2023-03-16T23:46:37.611+0000] {dagbag.py:538} INFO - Filling up the DagBag from /home/airflow/.local/lib/python3.7/site-packages/airflow/example_dags/example_bash_operator.py
[2023-03-16T23:46:37.677+0000] {processor.py:753} INFO - DAG(s) dict_keys(['example_bash_operator']) retrieved from /home/airflow/.local/lib/python3.7/site-packages/airflow/example_dags/example_bash_operator.py
[2023-03-16T23:46:37.784+0000] {logging_mixin.py:137} INFO - [2023-03-16T23:46:37.782+0000] {dag.py:2690} INFO - Sync 1 DAGs
[2023-03-16T23:46:37.848+0000] {logging_mixin.py:137} INFO - [2023-03-16T23:46:37.848+0000] {dag.py:3441} INFO - Setting next_dagrun for example_bash_operator to 2023-03-15T00:00:00+00:00, run_after=2023-03-16T00:00:00+00:00
[2023-03-16T23:46:37.910+0000] {processor.py:175} INFO - Processing /home/airflow/.local/lib/python3.7/site-packages/airflow/example_dags/example_bash_operator.py took 0.307 seconds
[2023-03-16T23:47:08.082+0000] {processor.py:153} INFO - Started process (PID=1220) to work on /home/airflow/.local/lib/python3.7/site-packages/airflow/example_dags/example_bash_operator.py
[2023-03-16T23:47:08.084+0000] {processor.py:743} INFO - Processing file /home/airflow/.local/lib/python3.7/site-packages/airflow/example_dags/example_bash_operator.py for tasks to queue
[2023-03-16T23:47:08.086+0000] {logging_mixin.py:137} INFO - [2023-03-16T23:47:08.086+0000] {dagbag.py:538} INFO - Filling up the DagBag from /home/airflow/.local/lib/python3.7/site-packages/airflow/example_dags/example_bash_operator.py
[2023-03-16T23:47:08.143+0000] {processor.py:753} INFO - DAG(s) dict_keys(['example_bash_operator']) retrieved from /home/airflow/.local/lib/python3.7/site-packages/airflow/example_dags/example_bash_operator.py
[2023-03-16T23:47:08.247+0000] {logging_mixin.py:137} INFO - [2023-03-16T23:47:08.247+0000] {dag.py:2690} INFO - Sync 1 DAGs
[2023-03-16T23:47:08.311+0000] {logging_mixin.py:137} INFO - [2023-03-16T23:47:08.307+0000] {dag.py:3441} INFO - Setting next_dagrun for example_bash_operator to 2023-03-15T00:00:00+00:00, run_after=2023-03-16T00:00:00+00:00
[2023-03-16T23:47:08.349+0000] {processor.py:175} INFO - Processing /home/airflow/.local/lib/python3.7/site-packages/airflow/example_dags/example_bash_operator.py took 0.276 seconds
[2023-03-16T23:47:39.239+0000] {processor.py:153} INFO - Started process (PID=1293) to work on /home/airflow/.local/lib/python3.7/site-packages/airflow/example_dags/example_bash_operator.py
[2023-03-16T23:47:39.241+0000] {processor.py:743} INFO - Processing file /home/airflow/.local/lib/python3.7/site-packages/airflow/example_dags/example_bash_operator.py for tasks to queue
[2023-03-16T23:47:39.246+0000] {logging_mixin.py:137} INFO - [2023-03-16T23:47:39.245+0000] {dagbag.py:538} INFO - Filling up the DagBag from /home/airflow/.local/lib/python3.7/site-packages/airflow/example_dags/example_bash_operator.py
[2023-03-16T23:47:39.307+0000] {processor.py:753} INFO - DAG(s) dict_keys(['example_bash_operator']) retrieved from /home/airflow/.local/lib/python3.7/site-packages/airflow/example_dags/example_bash_operator.py
[2023-03-16T23:47:39.439+0000] {logging_mixin.py:137} INFO - [2023-03-16T23:47:39.438+0000] {dag.py:2690} INFO - Sync 1 DAGs
[2023-03-16T23:47:39.511+0000] {logging_mixin.py:137} INFO - [2023-03-16T23:47:39.511+0000] {dag.py:3441} INFO - Setting next_dagrun for example_bash_operator to 2023-03-15T00:00:00+00:00, run_after=2023-03-16T00:00:00+00:00
[2023-03-16T23:47:39.574+0000] {processor.py:175} INFO - Processing /home/airflow/.local/lib/python3.7/site-packages/airflow/example_dags/example_bash_operator.py took 0.342 seconds
[2023-03-16T23:48:09.985+0000] {processor.py:153} INFO - Started process (PID=1366) to work on /home/airflow/.local/lib/python3.7/site-packages/airflow/example_dags/example_bash_operator.py
[2023-03-16T23:48:09.993+0000] {processor.py:743} INFO - Processing file /home/airflow/.local/lib/python3.7/site-packages/airflow/example_dags/example_bash_operator.py for tasks to queue
[2023-03-16T23:48:10.003+0000] {logging_mixin.py:137} INFO - [2023-03-16T23:48:10.002+0000] {dagbag.py:538} INFO - Filling up the DagBag from /home/airflow/.local/lib/python3.7/site-packages/airflow/example_dags/example_bash_operator.py
[2023-03-16T23:48:10.074+0000] {processor.py:753} INFO - DAG(s) dict_keys(['example_bash_operator']) retrieved from /home/airflow/.local/lib/python3.7/site-packages/airflow/example_dags/example_bash_operator.py
[2023-03-16T23:48:10.180+0000] {logging_mixin.py:137} INFO - [2023-03-16T23:48:10.179+0000] {dag.py:2690} INFO - Sync 1 DAGs
[2023-03-16T23:48:10.265+0000] {logging_mixin.py:137} INFO - [2023-03-16T23:48:10.265+0000] {dag.py:3441} INFO - Setting next_dagrun for example_bash_operator to 2023-03-15T00:00:00+00:00, run_after=2023-03-16T00:00:00+00:00
[2023-03-16T23:48:10.353+0000] {processor.py:175} INFO - Processing /home/airflow/.local/lib/python3.7/site-packages/airflow/example_dags/example_bash_operator.py took 0.376 seconds
[2023-03-16T23:48:40.713+0000] {processor.py:153} INFO - Started process (PID=1439) to work on /home/airflow/.local/lib/python3.7/site-packages/airflow/example_dags/example_bash_operator.py
[2023-03-16T23:48:40.715+0000] {processor.py:743} INFO - Processing file /home/airflow/.local/lib/python3.7/site-packages/airflow/example_dags/example_bash_operator.py for tasks to queue
[2023-03-16T23:48:40.718+0000] {logging_mixin.py:137} INFO - [2023-03-16T23:48:40.718+0000] {dagbag.py:538} INFO - Filling up the DagBag from /home/airflow/.local/lib/python3.7/site-packages/airflow/example_dags/example_bash_operator.py
[2023-03-16T23:48:40.786+0000] {processor.py:753} INFO - DAG(s) dict_keys(['example_bash_operator']) retrieved from /home/airflow/.local/lib/python3.7/site-packages/airflow/example_dags/example_bash_operator.py
[2023-03-16T23:48:40.970+0000] {logging_mixin.py:137} INFO - [2023-03-16T23:48:40.970+0000] {dag.py:2690} INFO - Sync 1 DAGs
[2023-03-16T23:48:41.126+0000] {logging_mixin.py:137} INFO - [2023-03-16T23:48:41.125+0000] {dag.py:3441} INFO - Setting next_dagrun for example_bash_operator to 2023-03-15T00:00:00+00:00, run_after=2023-03-16T00:00:00+00:00
[2023-03-16T23:48:41.178+0000] {processor.py:175} INFO - Processing /home/airflow/.local/lib/python3.7/site-packages/airflow/example_dags/example_bash_operator.py took 0.483 seconds
[2023-03-16T23:49:11.804+0000] {processor.py:153} INFO - Started process (PID=1512) to work on /home/airflow/.local/lib/python3.7/site-packages/airflow/example_dags/example_bash_operator.py
[2023-03-16T23:49:11.806+0000] {processor.py:743} INFO - Processing file /home/airflow/.local/lib/python3.7/site-packages/airflow/example_dags/example_bash_operator.py for tasks to queue
[2023-03-16T23:49:11.810+0000] {logging_mixin.py:137} INFO - [2023-03-16T23:49:11.810+0000] {dagbag.py:538} INFO - Filling up the DagBag from /home/airflow/.local/lib/python3.7/site-packages/airflow/example_dags/example_bash_operator.py
[2023-03-16T23:49:11.875+0000] {processor.py:753} INFO - DAG(s) dict_keys(['example_bash_operator']) retrieved from /home/airflow/.local/lib/python3.7/site-packages/airflow/example_dags/example_bash_operator.py
[2023-03-16T23:49:11.994+0000] {logging_mixin.py:137} INFO - [2023-03-16T23:49:11.994+0000] {dag.py:2690} INFO - Sync 1 DAGs
[2023-03-16T23:49:12.055+0000] {logging_mixin.py:137} INFO - [2023-03-16T23:49:12.055+0000] {dag.py:3441} INFO - Setting next_dagrun for example_bash_operator to 2023-03-15T00:00:00+00:00, run_after=2023-03-16T00:00:00+00:00
[2023-03-16T23:49:12.149+0000] {processor.py:175} INFO - Processing /home/airflow/.local/lib/python3.7/site-packages/airflow/example_dags/example_bash_operator.py took 0.354 seconds
[2023-03-16T23:49:42.595+0000] {processor.py:153} INFO - Started process (PID=1578) to work on /home/airflow/.local/lib/python3.7/site-packages/airflow/example_dags/example_bash_operator.py
[2023-03-16T23:49:42.606+0000] {processor.py:743} INFO - Processing file /home/airflow/.local/lib/python3.7/site-packages/airflow/example_dags/example_bash_operator.py for tasks to queue
[2023-03-16T23:49:42.608+0000] {logging_mixin.py:137} INFO - [2023-03-16T23:49:42.608+0000] {dagbag.py:538} INFO - Filling up the DagBag from /home/airflow/.local/lib/python3.7/site-packages/airflow/example_dags/example_bash_operator.py
[2023-03-16T23:49:42.674+0000] {processor.py:753} INFO - DAG(s) dict_keys(['example_bash_operator']) retrieved from /home/airflow/.local/lib/python3.7/site-packages/airflow/example_dags/example_bash_operator.py
[2023-03-16T23:49:42.956+0000] {logging_mixin.py:137} INFO - [2023-03-16T23:49:42.956+0000] {dag.py:2690} INFO - Sync 1 DAGs
[2023-03-16T23:49:43.088+0000] {logging_mixin.py:137} INFO - [2023-03-16T23:49:43.086+0000] {dag.py:3441} INFO - Setting next_dagrun for example_bash_operator to 2023-03-15T00:00:00+00:00, run_after=2023-03-16T00:00:00+00:00
[2023-03-16T23:49:43.156+0000] {processor.py:175} INFO - Processing /home/airflow/.local/lib/python3.7/site-packages/airflow/example_dags/example_bash_operator.py took 0.568 seconds
[2023-03-16T23:50:14.242+0000] {processor.py:153} INFO - Started process (PID=1651) to work on /home/airflow/.local/lib/python3.7/site-packages/airflow/example_dags/example_bash_operator.py
[2023-03-16T23:50:14.253+0000] {processor.py:743} INFO - Processing file /home/airflow/.local/lib/python3.7/site-packages/airflow/example_dags/example_bash_operator.py for tasks to queue
[2023-03-16T23:50:14.265+0000] {logging_mixin.py:137} INFO - [2023-03-16T23:50:14.265+0000] {dagbag.py:538} INFO - Filling up the DagBag from /home/airflow/.local/lib/python3.7/site-packages/airflow/example_dags/example_bash_operator.py
[2023-03-16T23:50:14.401+0000] {processor.py:753} INFO - DAG(s) dict_keys(['example_bash_operator']) retrieved from /home/airflow/.local/lib/python3.7/site-packages/airflow/example_dags/example_bash_operator.py
[2023-03-16T23:50:14.637+0000] {logging_mixin.py:137} INFO - [2023-03-16T23:50:14.636+0000] {dag.py:2690} INFO - Sync 1 DAGs
[2023-03-16T23:50:14.774+0000] {logging_mixin.py:137} INFO - [2023-03-16T23:50:14.773+0000] {dag.py:3441} INFO - Setting next_dagrun for example_bash_operator to 2023-03-15T00:00:00+00:00, run_after=2023-03-16T00:00:00+00:00
[2023-03-16T23:50:15.000+0000] {processor.py:175} INFO - Processing /home/airflow/.local/lib/python3.7/site-packages/airflow/example_dags/example_bash_operator.py took 0.767 seconds
[2023-03-16T23:50:45.318+0000] {processor.py:153} INFO - Started process (PID=1721) to work on /home/airflow/.local/lib/python3.7/site-packages/airflow/example_dags/example_bash_operator.py
[2023-03-16T23:50:45.320+0000] {processor.py:743} INFO - Processing file /home/airflow/.local/lib/python3.7/site-packages/airflow/example_dags/example_bash_operator.py for tasks to queue
[2023-03-16T23:50:45.323+0000] {logging_mixin.py:137} INFO - [2023-03-16T23:50:45.322+0000] {dagbag.py:538} INFO - Filling up the DagBag from /home/airflow/.local/lib/python3.7/site-packages/airflow/example_dags/example_bash_operator.py
[2023-03-16T23:50:45.389+0000] {processor.py:753} INFO - DAG(s) dict_keys(['example_bash_operator']) retrieved from /home/airflow/.local/lib/python3.7/site-packages/airflow/example_dags/example_bash_operator.py
[2023-03-16T23:50:45.482+0000] {logging_mixin.py:137} INFO - [2023-03-16T23:50:45.482+0000] {dag.py:2690} INFO - Sync 1 DAGs
[2023-03-16T23:50:45.538+0000] {logging_mixin.py:137} INFO - [2023-03-16T23:50:45.537+0000] {dag.py:3441} INFO - Setting next_dagrun for example_bash_operator to 2023-03-15T00:00:00+00:00, run_after=2023-03-16T00:00:00+00:00
[2023-03-16T23:50:45.592+0000] {processor.py:175} INFO - Processing /home/airflow/.local/lib/python3.7/site-packages/airflow/example_dags/example_bash_operator.py took 0.281 seconds
[2023-03-16T23:51:16.012+0000] {processor.py:153} INFO - Started process (PID=1797) to work on /home/airflow/.local/lib/python3.7/site-packages/airflow/example_dags/example_bash_operator.py
[2023-03-16T23:51:16.024+0000] {processor.py:743} INFO - Processing file /home/airflow/.local/lib/python3.7/site-packages/airflow/example_dags/example_bash_operator.py for tasks to queue
[2023-03-16T23:51:16.026+0000] {logging_mixin.py:137} INFO - [2023-03-16T23:51:16.026+0000] {dagbag.py:538} INFO - Filling up the DagBag from /home/airflow/.local/lib/python3.7/site-packages/airflow/example_dags/example_bash_operator.py
[2023-03-16T23:51:16.115+0000] {processor.py:753} INFO - DAG(s) dict_keys(['example_bash_operator']) retrieved from /home/airflow/.local/lib/python3.7/site-packages/airflow/example_dags/example_bash_operator.py
[2023-03-16T23:51:16.297+0000] {logging_mixin.py:137} INFO - [2023-03-16T23:51:16.297+0000] {dag.py:2690} INFO - Sync 1 DAGs
[2023-03-16T23:51:16.436+0000] {logging_mixin.py:137} INFO - [2023-03-16T23:51:16.436+0000] {dag.py:3441} INFO - Setting next_dagrun for example_bash_operator to 2023-03-15T00:00:00+00:00, run_after=2023-03-16T00:00:00+00:00
[2023-03-16T23:51:16.524+0000] {processor.py:175} INFO - Processing /home/airflow/.local/lib/python3.7/site-packages/airflow/example_dags/example_bash_operator.py took 0.519 seconds
[2023-03-16T23:51:47.213+0000] {processor.py:153} INFO - Started process (PID=1871) to work on /home/airflow/.local/lib/python3.7/site-packages/airflow/example_dags/example_bash_operator.py
[2023-03-16T23:51:47.215+0000] {processor.py:743} INFO - Processing file /home/airflow/.local/lib/python3.7/site-packages/airflow/example_dags/example_bash_operator.py for tasks to queue
[2023-03-16T23:51:47.229+0000] {logging_mixin.py:137} INFO - [2023-03-16T23:51:47.229+0000] {dagbag.py:538} INFO - Filling up the DagBag from /home/airflow/.local/lib/python3.7/site-packages/airflow/example_dags/example_bash_operator.py
[2023-03-16T23:51:47.297+0000] {processor.py:753} INFO - DAG(s) dict_keys(['example_bash_operator']) retrieved from /home/airflow/.local/lib/python3.7/site-packages/airflow/example_dags/example_bash_operator.py
[2023-03-16T23:51:47.419+0000] {logging_mixin.py:137} INFO - [2023-03-16T23:51:47.419+0000] {dag.py:2690} INFO - Sync 1 DAGs
[2023-03-16T23:51:47.508+0000] {logging_mixin.py:137} INFO - [2023-03-16T23:51:47.507+0000] {dag.py:3441} INFO - Setting next_dagrun for example_bash_operator to 2023-03-15T00:00:00+00:00, run_after=2023-03-16T00:00:00+00:00
[2023-03-16T23:51:47.592+0000] {processor.py:175} INFO - Processing /home/airflow/.local/lib/python3.7/site-packages/airflow/example_dags/example_bash_operator.py took 0.387 seconds
[2023-03-16T23:52:18.227+0000] {processor.py:153} INFO - Started process (PID=1944) to work on /home/airflow/.local/lib/python3.7/site-packages/airflow/example_dags/example_bash_operator.py
[2023-03-16T23:52:18.229+0000] {processor.py:743} INFO - Processing file /home/airflow/.local/lib/python3.7/site-packages/airflow/example_dags/example_bash_operator.py for tasks to queue
[2023-03-16T23:52:18.231+0000] {logging_mixin.py:137} INFO - [2023-03-16T23:52:18.231+0000] {dagbag.py:538} INFO - Filling up the DagBag from /home/airflow/.local/lib/python3.7/site-packages/airflow/example_dags/example_bash_operator.py
[2023-03-16T23:52:18.272+0000] {processor.py:753} INFO - DAG(s) dict_keys(['example_bash_operator']) retrieved from /home/airflow/.local/lib/python3.7/site-packages/airflow/example_dags/example_bash_operator.py
[2023-03-16T23:52:18.375+0000] {logging_mixin.py:137} INFO - [2023-03-16T23:52:18.375+0000] {dag.py:2690} INFO - Sync 1 DAGs
[2023-03-16T23:52:18.437+0000] {logging_mixin.py:137} INFO - [2023-03-16T23:52:18.437+0000] {dag.py:3441} INFO - Setting next_dagrun for example_bash_operator to 2023-03-15T00:00:00+00:00, run_after=2023-03-16T00:00:00+00:00
[2023-03-16T23:52:18.472+0000] {processor.py:175} INFO - Processing /home/airflow/.local/lib/python3.7/site-packages/airflow/example_dags/example_bash_operator.py took 0.253 seconds
[2023-03-16T23:52:48.982+0000] {processor.py:153} INFO - Started process (PID=2017) to work on /home/airflow/.local/lib/python3.7/site-packages/airflow/example_dags/example_bash_operator.py
[2023-03-16T23:52:48.984+0000] {processor.py:743} INFO - Processing file /home/airflow/.local/lib/python3.7/site-packages/airflow/example_dags/example_bash_operator.py for tasks to queue
[2023-03-16T23:52:48.986+0000] {logging_mixin.py:137} INFO - [2023-03-16T23:52:48.986+0000] {dagbag.py:538} INFO - Filling up the DagBag from /home/airflow/.local/lib/python3.7/site-packages/airflow/example_dags/example_bash_operator.py
[2023-03-16T23:52:49.030+0000] {processor.py:753} INFO - DAG(s) dict_keys(['example_bash_operator']) retrieved from /home/airflow/.local/lib/python3.7/site-packages/airflow/example_dags/example_bash_operator.py
[2023-03-16T23:52:49.106+0000] {logging_mixin.py:137} INFO - [2023-03-16T23:52:49.106+0000] {dag.py:2690} INFO - Sync 1 DAGs
[2023-03-16T23:52:49.159+0000] {logging_mixin.py:137} INFO - [2023-03-16T23:52:49.159+0000] {dag.py:3441} INFO - Setting next_dagrun for example_bash_operator to 2023-03-15T00:00:00+00:00, run_after=2023-03-16T00:00:00+00:00
[2023-03-16T23:52:49.204+0000] {processor.py:175} INFO - Processing /home/airflow/.local/lib/python3.7/site-packages/airflow/example_dags/example_bash_operator.py took 0.229 seconds
[2023-03-16T23:53:19.411+0000] {processor.py:153} INFO - Started process (PID=2081) to work on /home/airflow/.local/lib/python3.7/site-packages/airflow/example_dags/example_bash_operator.py
[2023-03-16T23:53:19.415+0000] {processor.py:743} INFO - Processing file /home/airflow/.local/lib/python3.7/site-packages/airflow/example_dags/example_bash_operator.py for tasks to queue
[2023-03-16T23:53:19.423+0000] {logging_mixin.py:137} INFO - [2023-03-16T23:53:19.423+0000] {dagbag.py:538} INFO - Filling up the DagBag from /home/airflow/.local/lib/python3.7/site-packages/airflow/example_dags/example_bash_operator.py
[2023-03-16T23:53:19.495+0000] {processor.py:753} INFO - DAG(s) dict_keys(['example_bash_operator']) retrieved from /home/airflow/.local/lib/python3.7/site-packages/airflow/example_dags/example_bash_operator.py
[2023-03-16T23:53:19.682+0000] {logging_mixin.py:137} INFO - [2023-03-16T23:53:19.682+0000] {dag.py:2690} INFO - Sync 1 DAGs
[2023-03-16T23:53:19.746+0000] {logging_mixin.py:137} INFO - [2023-03-16T23:53:19.746+0000] {dag.py:3441} INFO - Setting next_dagrun for example_bash_operator to 2023-03-15T00:00:00+00:00, run_after=2023-03-16T00:00:00+00:00
[2023-03-16T23:53:19.793+0000] {processor.py:175} INFO - Processing /home/airflow/.local/lib/python3.7/site-packages/airflow/example_dags/example_bash_operator.py took 0.399 seconds
[2023-03-16T23:53:49.875+0000] {processor.py:153} INFO - Started process (PID=2154) to work on /home/airflow/.local/lib/python3.7/site-packages/airflow/example_dags/example_bash_operator.py
[2023-03-16T23:53:49.877+0000] {processor.py:743} INFO - Processing file /home/airflow/.local/lib/python3.7/site-packages/airflow/example_dags/example_bash_operator.py for tasks to queue
[2023-03-16T23:53:49.878+0000] {logging_mixin.py:137} INFO - [2023-03-16T23:53:49.878+0000] {dagbag.py:538} INFO - Filling up the DagBag from /home/airflow/.local/lib/python3.7/site-packages/airflow/example_dags/example_bash_operator.py
[2023-03-16T23:53:49.908+0000] {processor.py:753} INFO - DAG(s) dict_keys(['example_bash_operator']) retrieved from /home/airflow/.local/lib/python3.7/site-packages/airflow/example_dags/example_bash_operator.py
[2023-03-16T23:53:50.021+0000] {logging_mixin.py:137} INFO - [2023-03-16T23:53:50.021+0000] {dag.py:2690} INFO - Sync 1 DAGs
[2023-03-16T23:53:50.153+0000] {logging_mixin.py:137} INFO - [2023-03-16T23:53:50.153+0000] {dag.py:3441} INFO - Setting next_dagrun for example_bash_operator to 2023-03-15T00:00:00+00:00, run_after=2023-03-16T00:00:00+00:00
[2023-03-16T23:53:50.233+0000] {processor.py:175} INFO - Processing /home/airflow/.local/lib/python3.7/site-packages/airflow/example_dags/example_bash_operator.py took 0.363 seconds
[2023-03-16T23:54:20.761+0000] {processor.py:153} INFO - Started process (PID=2236) to work on /home/airflow/.local/lib/python3.7/site-packages/airflow/example_dags/example_bash_operator.py
[2023-03-16T23:54:20.767+0000] {processor.py:743} INFO - Processing file /home/airflow/.local/lib/python3.7/site-packages/airflow/example_dags/example_bash_operator.py for tasks to queue
[2023-03-16T23:54:20.778+0000] {logging_mixin.py:137} INFO - [2023-03-16T23:54:20.777+0000] {dagbag.py:538} INFO - Filling up the DagBag from /home/airflow/.local/lib/python3.7/site-packages/airflow/example_dags/example_bash_operator.py
[2023-03-16T23:54:20.843+0000] {processor.py:753} INFO - DAG(s) dict_keys(['example_bash_operator']) retrieved from /home/airflow/.local/lib/python3.7/site-packages/airflow/example_dags/example_bash_operator.py
[2023-03-16T23:54:20.943+0000] {logging_mixin.py:137} INFO - [2023-03-16T23:54:20.942+0000] {dag.py:2690} INFO - Sync 1 DAGs
[2023-03-16T23:54:21.034+0000] {logging_mixin.py:137} INFO - [2023-03-16T23:54:21.033+0000] {dag.py:3441} INFO - Setting next_dagrun for example_bash_operator to 2023-03-15T00:00:00+00:00, run_after=2023-03-16T00:00:00+00:00
[2023-03-16T23:54:21.107+0000] {processor.py:175} INFO - Processing /home/airflow/.local/lib/python3.7/site-packages/airflow/example_dags/example_bash_operator.py took 0.352 seconds
[2023-03-16T23:54:51.266+0000] {processor.py:153} INFO - Started process (PID=2316) to work on /home/airflow/.local/lib/python3.7/site-packages/airflow/example_dags/example_bash_operator.py
[2023-03-16T23:54:51.269+0000] {processor.py:743} INFO - Processing file /home/airflow/.local/lib/python3.7/site-packages/airflow/example_dags/example_bash_operator.py for tasks to queue
[2023-03-16T23:54:51.271+0000] {logging_mixin.py:137} INFO - [2023-03-16T23:54:51.271+0000] {dagbag.py:538} INFO - Filling up the DagBag from /home/airflow/.local/lib/python3.7/site-packages/airflow/example_dags/example_bash_operator.py
[2023-03-16T23:54:51.354+0000] {processor.py:753} INFO - DAG(s) dict_keys(['example_bash_operator']) retrieved from /home/airflow/.local/lib/python3.7/site-packages/airflow/example_dags/example_bash_operator.py
[2023-03-16T23:54:51.488+0000] {logging_mixin.py:137} INFO - [2023-03-16T23:54:51.488+0000] {dag.py:2690} INFO - Sync 1 DAGs
[2023-03-16T23:54:51.594+0000] {logging_mixin.py:137} INFO - [2023-03-16T23:54:51.594+0000] {dag.py:3441} INFO - Setting next_dagrun for example_bash_operator to 2023-03-15T00:00:00+00:00, run_after=2023-03-16T00:00:00+00:00
[2023-03-16T23:54:51.709+0000] {processor.py:175} INFO - Processing /home/airflow/.local/lib/python3.7/site-packages/airflow/example_dags/example_bash_operator.py took 0.454 seconds
[2023-03-16T23:55:22.010+0000] {processor.py:153} INFO - Started process (PID=2389) to work on /home/airflow/.local/lib/python3.7/site-packages/airflow/example_dags/example_bash_operator.py
[2023-03-16T23:55:22.012+0000] {processor.py:743} INFO - Processing file /home/airflow/.local/lib/python3.7/site-packages/airflow/example_dags/example_bash_operator.py for tasks to queue
[2023-03-16T23:55:22.015+0000] {logging_mixin.py:137} INFO - [2023-03-16T23:55:22.014+0000] {dagbag.py:538} INFO - Filling up the DagBag from /home/airflow/.local/lib/python3.7/site-packages/airflow/example_dags/example_bash_operator.py
[2023-03-16T23:55:22.054+0000] {processor.py:753} INFO - DAG(s) dict_keys(['example_bash_operator']) retrieved from /home/airflow/.local/lib/python3.7/site-packages/airflow/example_dags/example_bash_operator.py
[2023-03-16T23:55:22.126+0000] {logging_mixin.py:137} INFO - [2023-03-16T23:55:22.126+0000] {dag.py:2690} INFO - Sync 1 DAGs
[2023-03-16T23:55:22.169+0000] {logging_mixin.py:137} INFO - [2023-03-16T23:55:22.169+0000] {dag.py:3441} INFO - Setting next_dagrun for example_bash_operator to 2023-03-15T00:00:00+00:00, run_after=2023-03-16T00:00:00+00:00
[2023-03-16T23:55:22.218+0000] {processor.py:175} INFO - Processing /home/airflow/.local/lib/python3.7/site-packages/airflow/example_dags/example_bash_operator.py took 0.212 seconds
[2023-03-16T23:55:52.327+0000] {processor.py:153} INFO - Started process (PID=2462) to work on /home/airflow/.local/lib/python3.7/site-packages/airflow/example_dags/example_bash_operator.py
[2023-03-16T23:55:52.330+0000] {processor.py:743} INFO - Processing file /home/airflow/.local/lib/python3.7/site-packages/airflow/example_dags/example_bash_operator.py for tasks to queue
[2023-03-16T23:55:52.332+0000] {logging_mixin.py:137} INFO - [2023-03-16T23:55:52.332+0000] {dagbag.py:538} INFO - Filling up the DagBag from /home/airflow/.local/lib/python3.7/site-packages/airflow/example_dags/example_bash_operator.py
[2023-03-16T23:55:52.391+0000] {processor.py:753} INFO - DAG(s) dict_keys(['example_bash_operator']) retrieved from /home/airflow/.local/lib/python3.7/site-packages/airflow/example_dags/example_bash_operator.py
[2023-03-16T23:55:52.486+0000] {logging_mixin.py:137} INFO - [2023-03-16T23:55:52.486+0000] {dag.py:2690} INFO - Sync 1 DAGs
[2023-03-16T23:55:52.539+0000] {logging_mixin.py:137} INFO - [2023-03-16T23:55:52.538+0000] {dag.py:3441} INFO - Setting next_dagrun for example_bash_operator to 2023-03-15T00:00:00+00:00, run_after=2023-03-16T00:00:00+00:00
[2023-03-16T23:55:52.612+0000] {processor.py:175} INFO - Processing /home/airflow/.local/lib/python3.7/site-packages/airflow/example_dags/example_bash_operator.py took 0.291 seconds
[2023-03-16T23:56:22.897+0000] {processor.py:153} INFO - Started process (PID=2535) to work on /home/airflow/.local/lib/python3.7/site-packages/airflow/example_dags/example_bash_operator.py
[2023-03-16T23:56:22.899+0000] {processor.py:743} INFO - Processing file /home/airflow/.local/lib/python3.7/site-packages/airflow/example_dags/example_bash_operator.py for tasks to queue
[2023-03-16T23:56:22.901+0000] {logging_mixin.py:137} INFO - [2023-03-16T23:56:22.901+0000] {dagbag.py:538} INFO - Filling up the DagBag from /home/airflow/.local/lib/python3.7/site-packages/airflow/example_dags/example_bash_operator.py
[2023-03-16T23:56:22.974+0000] {processor.py:753} INFO - DAG(s) dict_keys(['example_bash_operator']) retrieved from /home/airflow/.local/lib/python3.7/site-packages/airflow/example_dags/example_bash_operator.py
[2023-03-16T23:56:23.121+0000] {logging_mixin.py:137} INFO - [2023-03-16T23:56:23.120+0000] {dag.py:2690} INFO - Sync 1 DAGs
[2023-03-16T23:56:23.169+0000] {logging_mixin.py:137} INFO - [2023-03-16T23:56:23.169+0000] {dag.py:3441} INFO - Setting next_dagrun for example_bash_operator to 2023-03-15T00:00:00+00:00, run_after=2023-03-16T00:00:00+00:00
[2023-03-16T23:56:23.200+0000] {processor.py:175} INFO - Processing /home/airflow/.local/lib/python3.7/site-packages/airflow/example_dags/example_bash_operator.py took 0.310 seconds
[2023-03-16T23:56:53.550+0000] {processor.py:153} INFO - Started process (PID=2610) to work on /home/airflow/.local/lib/python3.7/site-packages/airflow/example_dags/example_bash_operator.py
[2023-03-16T23:56:53.553+0000] {processor.py:743} INFO - Processing file /home/airflow/.local/lib/python3.7/site-packages/airflow/example_dags/example_bash_operator.py for tasks to queue
[2023-03-16T23:56:53.554+0000] {logging_mixin.py:137} INFO - [2023-03-16T23:56:53.554+0000] {dagbag.py:538} INFO - Filling up the DagBag from /home/airflow/.local/lib/python3.7/site-packages/airflow/example_dags/example_bash_operator.py
[2023-03-16T23:56:53.591+0000] {processor.py:753} INFO - DAG(s) dict_keys(['example_bash_operator']) retrieved from /home/airflow/.local/lib/python3.7/site-packages/airflow/example_dags/example_bash_operator.py
[2023-03-16T23:56:53.658+0000] {logging_mixin.py:137} INFO - [2023-03-16T23:56:53.657+0000] {dag.py:2690} INFO - Sync 1 DAGs
[2023-03-16T23:56:53.700+0000] {logging_mixin.py:137} INFO - [2023-03-16T23:56:53.700+0000] {dag.py:3441} INFO - Setting next_dagrun for example_bash_operator to 2023-03-15T00:00:00+00:00, run_after=2023-03-16T00:00:00+00:00
[2023-03-16T23:56:53.740+0000] {processor.py:175} INFO - Processing /home/airflow/.local/lib/python3.7/site-packages/airflow/example_dags/example_bash_operator.py took 0.195 seconds
[2023-03-16T23:57:24.192+0000] {processor.py:153} INFO - Started process (PID=2684) to work on /home/airflow/.local/lib/python3.7/site-packages/airflow/example_dags/example_bash_operator.py
[2023-03-16T23:57:24.194+0000] {processor.py:743} INFO - Processing file /home/airflow/.local/lib/python3.7/site-packages/airflow/example_dags/example_bash_operator.py for tasks to queue
[2023-03-16T23:57:24.196+0000] {logging_mixin.py:137} INFO - [2023-03-16T23:57:24.195+0000] {dagbag.py:538} INFO - Filling up the DagBag from /home/airflow/.local/lib/python3.7/site-packages/airflow/example_dags/example_bash_operator.py
[2023-03-16T23:57:24.227+0000] {processor.py:753} INFO - DAG(s) dict_keys(['example_bash_operator']) retrieved from /home/airflow/.local/lib/python3.7/site-packages/airflow/example_dags/example_bash_operator.py
[2023-03-16T23:57:24.294+0000] {logging_mixin.py:137} INFO - [2023-03-16T23:57:24.293+0000] {dag.py:2690} INFO - Sync 1 DAGs
[2023-03-16T23:57:24.351+0000] {logging_mixin.py:137} INFO - [2023-03-16T23:57:24.351+0000] {dag.py:3441} INFO - Setting next_dagrun for example_bash_operator to 2023-03-15T00:00:00+00:00, run_after=2023-03-16T00:00:00+00:00
[2023-03-16T23:57:24.387+0000] {processor.py:175} INFO - Processing /home/airflow/.local/lib/python3.7/site-packages/airflow/example_dags/example_bash_operator.py took 0.203 seconds
[2023-03-16T23:57:54.702+0000] {processor.py:153} INFO - Started process (PID=2758) to work on /home/airflow/.local/lib/python3.7/site-packages/airflow/example_dags/example_bash_operator.py
[2023-03-16T23:57:54.704+0000] {processor.py:743} INFO - Processing file /home/airflow/.local/lib/python3.7/site-packages/airflow/example_dags/example_bash_operator.py for tasks to queue
[2023-03-16T23:57:54.706+0000] {logging_mixin.py:137} INFO - [2023-03-16T23:57:54.706+0000] {dagbag.py:538} INFO - Filling up the DagBag from /home/airflow/.local/lib/python3.7/site-packages/airflow/example_dags/example_bash_operator.py
[2023-03-16T23:57:54.743+0000] {processor.py:753} INFO - DAG(s) dict_keys(['example_bash_operator']) retrieved from /home/airflow/.local/lib/python3.7/site-packages/airflow/example_dags/example_bash_operator.py
[2023-03-16T23:57:54.821+0000] {logging_mixin.py:137} INFO - [2023-03-16T23:57:54.821+0000] {dag.py:2690} INFO - Sync 1 DAGs
[2023-03-16T23:57:54.896+0000] {logging_mixin.py:137} INFO - [2023-03-16T23:57:54.896+0000] {dag.py:3441} INFO - Setting next_dagrun for example_bash_operator to 2023-03-15T00:00:00+00:00, run_after=2023-03-16T00:00:00+00:00
[2023-03-16T23:57:54.938+0000] {processor.py:175} INFO - Processing /home/airflow/.local/lib/python3.7/site-packages/airflow/example_dags/example_bash_operator.py took 0.242 seconds
[2023-03-16T23:58:25.263+0000] {processor.py:153} INFO - Started process (PID=2831) to work on /home/airflow/.local/lib/python3.7/site-packages/airflow/example_dags/example_bash_operator.py
[2023-03-16T23:58:25.266+0000] {processor.py:743} INFO - Processing file /home/airflow/.local/lib/python3.7/site-packages/airflow/example_dags/example_bash_operator.py for tasks to queue
[2023-03-16T23:58:25.268+0000] {logging_mixin.py:137} INFO - [2023-03-16T23:58:25.268+0000] {dagbag.py:538} INFO - Filling up the DagBag from /home/airflow/.local/lib/python3.7/site-packages/airflow/example_dags/example_bash_operator.py
[2023-03-16T23:58:25.348+0000] {processor.py:753} INFO - DAG(s) dict_keys(['example_bash_operator']) retrieved from /home/airflow/.local/lib/python3.7/site-packages/airflow/example_dags/example_bash_operator.py
[2023-03-16T23:58:25.482+0000] {logging_mixin.py:137} INFO - [2023-03-16T23:58:25.482+0000] {dag.py:2690} INFO - Sync 1 DAGs
[2023-03-16T23:58:25.545+0000] {logging_mixin.py:137} INFO - [2023-03-16T23:58:25.545+0000] {dag.py:3441} INFO - Setting next_dagrun for example_bash_operator to 2023-03-15T00:00:00+00:00, run_after=2023-03-16T00:00:00+00:00
[2023-03-16T23:58:25.598+0000] {processor.py:175} INFO - Processing /home/airflow/.local/lib/python3.7/site-packages/airflow/example_dags/example_bash_operator.py took 0.342 seconds
[2023-03-16T23:58:55.977+0000] {processor.py:153} INFO - Started process (PID=2912) to work on /home/airflow/.local/lib/python3.7/site-packages/airflow/example_dags/example_bash_operator.py
[2023-03-16T23:58:55.980+0000] {processor.py:743} INFO - Processing file /home/airflow/.local/lib/python3.7/site-packages/airflow/example_dags/example_bash_operator.py for tasks to queue
[2023-03-16T23:58:55.982+0000] {logging_mixin.py:137} INFO - [2023-03-16T23:58:55.982+0000] {dagbag.py:538} INFO - Filling up the DagBag from /home/airflow/.local/lib/python3.7/site-packages/airflow/example_dags/example_bash_operator.py
[2023-03-16T23:58:56.030+0000] {processor.py:753} INFO - DAG(s) dict_keys(['example_bash_operator']) retrieved from /home/airflow/.local/lib/python3.7/site-packages/airflow/example_dags/example_bash_operator.py
[2023-03-16T23:58:56.103+0000] {logging_mixin.py:137} INFO - [2023-03-16T23:58:56.103+0000] {dag.py:2690} INFO - Sync 1 DAGs
[2023-03-16T23:58:56.154+0000] {logging_mixin.py:137} INFO - [2023-03-16T23:58:56.154+0000] {dag.py:3441} INFO - Setting next_dagrun for example_bash_operator to 2023-03-15T00:00:00+00:00, run_after=2023-03-16T00:00:00+00:00
[2023-03-16T23:58:56.202+0000] {processor.py:175} INFO - Processing /home/airflow/.local/lib/python3.7/site-packages/airflow/example_dags/example_bash_operator.py took 0.233 seconds
[2023-03-16T23:59:26.414+0000] {processor.py:153} INFO - Started process (PID=2992) to work on /home/airflow/.local/lib/python3.7/site-packages/airflow/example_dags/example_bash_operator.py
[2023-03-16T23:59:26.416+0000] {processor.py:743} INFO - Processing file /home/airflow/.local/lib/python3.7/site-packages/airflow/example_dags/example_bash_operator.py for tasks to queue
[2023-03-16T23:59:26.418+0000] {logging_mixin.py:137} INFO - [2023-03-16T23:59:26.417+0000] {dagbag.py:538} INFO - Filling up the DagBag from /home/airflow/.local/lib/python3.7/site-packages/airflow/example_dags/example_bash_operator.py
[2023-03-16T23:59:26.454+0000] {processor.py:753} INFO - DAG(s) dict_keys(['example_bash_operator']) retrieved from /home/airflow/.local/lib/python3.7/site-packages/airflow/example_dags/example_bash_operator.py
[2023-03-16T23:59:26.513+0000] {logging_mixin.py:137} INFO - [2023-03-16T23:59:26.513+0000] {dag.py:2690} INFO - Sync 1 DAGs
[2023-03-16T23:59:26.567+0000] {logging_mixin.py:137} INFO - [2023-03-16T23:59:26.567+0000] {dag.py:3441} INFO - Setting next_dagrun for example_bash_operator to 2023-03-15T00:00:00+00:00, run_after=2023-03-16T00:00:00+00:00
[2023-03-16T23:59:26.602+0000] {processor.py:175} INFO - Processing /home/airflow/.local/lib/python3.7/site-packages/airflow/example_dags/example_bash_operator.py took 0.193 seconds
[2023-03-16T23:59:57.149+0000] {processor.py:153} INFO - Started process (PID=3065) to work on /home/airflow/.local/lib/python3.7/site-packages/airflow/example_dags/example_bash_operator.py
[2023-03-16T23:59:57.151+0000] {processor.py:743} INFO - Processing file /home/airflow/.local/lib/python3.7/site-packages/airflow/example_dags/example_bash_operator.py for tasks to queue
[2023-03-16T23:59:57.152+0000] {logging_mixin.py:137} INFO - [2023-03-16T23:59:57.152+0000] {dagbag.py:538} INFO - Filling up the DagBag from /home/airflow/.local/lib/python3.7/site-packages/airflow/example_dags/example_bash_operator.py
[2023-03-16T23:59:57.185+0000] {processor.py:753} INFO - DAG(s) dict_keys(['example_bash_operator']) retrieved from /home/airflow/.local/lib/python3.7/site-packages/airflow/example_dags/example_bash_operator.py
[2023-03-16T23:59:57.261+0000] {logging_mixin.py:137} INFO - [2023-03-16T23:59:57.260+0000] {dag.py:2690} INFO - Sync 1 DAGs
[2023-03-16T23:59:57.312+0000] {logging_mixin.py:137} INFO - [2023-03-16T23:59:57.312+0000] {dag.py:3441} INFO - Setting next_dagrun for example_bash_operator to 2023-03-15T00:00:00+00:00, run_after=2023-03-16T00:00:00+00:00
[2023-03-16T23:59:57.354+0000] {processor.py:175} INFO - Processing /home/airflow/.local/lib/python3.7/site-packages/airflow/example_dags/example_bash_operator.py took 0.210 seconds
