[2023-03-16T23:38:49.367+0000] {processor.py:153} INFO - Started process (PID=123) to work on /home/airflow/.local/lib/python3.7/site-packages/airflow/example_dags/example_sla_dag.py
[2023-03-16T23:38:49.396+0000] {processor.py:743} INFO - Processing file /home/airflow/.local/lib/python3.7/site-packages/airflow/example_dags/example_sla_dag.py for tasks to queue
[2023-03-16T23:38:49.408+0000] {logging_mixin.py:137} INFO - [2023-03-16T23:38:49.407+0000] {dagbag.py:538} INFO - Filling up the DagBag from /home/airflow/.local/lib/python3.7/site-packages/airflow/example_dags/example_sla_dag.py
[2023-03-16T23:38:49.624+0000] {processor.py:753} INFO - DAG(s) dict_keys(['example_sla_dag']) retrieved from /home/airflow/.local/lib/python3.7/site-packages/airflow/example_dags/example_sla_dag.py
[2023-03-16T23:38:49.854+0000] {logging_mixin.py:137} INFO - [2023-03-16T23:38:49.853+0000] {dag.py:2690} INFO - Sync 1 DAGs
[2023-03-16T23:38:50.092+0000] {logging_mixin.py:137} INFO - [2023-03-16T23:38:50.092+0000] {dag.py:3441} INFO - Setting next_dagrun for example_sla_dag to 2023-03-16T23:36:00+00:00, run_after=2023-03-16T23:38:00+00:00
[2023-03-16T23:38:50.237+0000] {processor.py:175} INFO - Processing /home/airflow/.local/lib/python3.7/site-packages/airflow/example_dags/example_sla_dag.py took 0.903 seconds
[2023-03-16T23:39:20.924+0000] {processor.py:153} INFO - Started process (PID=190) to work on /home/airflow/.local/lib/python3.7/site-packages/airflow/example_dags/example_sla_dag.py
[2023-03-16T23:39:20.926+0000] {processor.py:743} INFO - Processing file /home/airflow/.local/lib/python3.7/site-packages/airflow/example_dags/example_sla_dag.py for tasks to queue
[2023-03-16T23:39:20.937+0000] {logging_mixin.py:137} INFO - [2023-03-16T23:39:20.937+0000] {dagbag.py:538} INFO - Filling up the DagBag from /home/airflow/.local/lib/python3.7/site-packages/airflow/example_dags/example_sla_dag.py
[2023-03-16T23:39:21.070+0000] {processor.py:753} INFO - DAG(s) dict_keys(['example_sla_dag']) retrieved from /home/airflow/.local/lib/python3.7/site-packages/airflow/example_dags/example_sla_dag.py
[2023-03-16T23:39:21.157+0000] {logging_mixin.py:137} INFO - [2023-03-16T23:39:21.157+0000] {dag.py:2690} INFO - Sync 1 DAGs
[2023-03-16T23:39:21.290+0000] {logging_mixin.py:137} INFO - [2023-03-16T23:39:21.290+0000] {dag.py:3441} INFO - Setting next_dagrun for example_sla_dag to 2023-03-16T23:36:00+00:00, run_after=2023-03-16T23:38:00+00:00
[2023-03-16T23:39:21.382+0000] {processor.py:175} INFO - Processing /home/airflow/.local/lib/python3.7/site-packages/airflow/example_dags/example_sla_dag.py took 0.464 seconds
[2023-03-16T23:39:52.261+0000] {processor.py:153} INFO - Started process (PID=254) to work on /home/airflow/.local/lib/python3.7/site-packages/airflow/example_dags/example_sla_dag.py
[2023-03-16T23:39:52.263+0000] {processor.py:743} INFO - Processing file /home/airflow/.local/lib/python3.7/site-packages/airflow/example_dags/example_sla_dag.py for tasks to queue
[2023-03-16T23:39:52.267+0000] {logging_mixin.py:137} INFO - [2023-03-16T23:39:52.267+0000] {dagbag.py:538} INFO - Filling up the DagBag from /home/airflow/.local/lib/python3.7/site-packages/airflow/example_dags/example_sla_dag.py
[2023-03-16T23:39:52.340+0000] {processor.py:753} INFO - DAG(s) dict_keys(['example_sla_dag']) retrieved from /home/airflow/.local/lib/python3.7/site-packages/airflow/example_dags/example_sla_dag.py
[2023-03-16T23:39:52.402+0000] {logging_mixin.py:137} INFO - [2023-03-16T23:39:52.402+0000] {dag.py:2690} INFO - Sync 1 DAGs
[2023-03-16T23:39:52.475+0000] {logging_mixin.py:137} INFO - [2023-03-16T23:39:52.475+0000] {dag.py:3441} INFO - Setting next_dagrun for example_sla_dag to 2023-03-16T23:36:00+00:00, run_after=2023-03-16T23:38:00+00:00
[2023-03-16T23:39:52.538+0000] {processor.py:175} INFO - Processing /home/airflow/.local/lib/python3.7/site-packages/airflow/example_dags/example_sla_dag.py took 0.283 seconds
[2023-03-16T23:40:23.300+0000] {processor.py:153} INFO - Started process (PID=328) to work on /home/airflow/.local/lib/python3.7/site-packages/airflow/example_dags/example_sla_dag.py
[2023-03-16T23:40:23.303+0000] {processor.py:743} INFO - Processing file /home/airflow/.local/lib/python3.7/site-packages/airflow/example_dags/example_sla_dag.py for tasks to queue
[2023-03-16T23:40:23.305+0000] {logging_mixin.py:137} INFO - [2023-03-16T23:40:23.305+0000] {dagbag.py:538} INFO - Filling up the DagBag from /home/airflow/.local/lib/python3.7/site-packages/airflow/example_dags/example_sla_dag.py
[2023-03-16T23:40:23.353+0000] {processor.py:753} INFO - DAG(s) dict_keys(['example_sla_dag']) retrieved from /home/airflow/.local/lib/python3.7/site-packages/airflow/example_dags/example_sla_dag.py
[2023-03-16T23:40:23.401+0000] {logging_mixin.py:137} INFO - [2023-03-16T23:40:23.401+0000] {dag.py:2690} INFO - Sync 1 DAGs
[2023-03-16T23:40:23.455+0000] {logging_mixin.py:137} INFO - [2023-03-16T23:40:23.454+0000] {dag.py:3441} INFO - Setting next_dagrun for example_sla_dag to 2023-03-16T23:38:00+00:00, run_after=2023-03-16T23:40:00+00:00
[2023-03-16T23:40:23.491+0000] {processor.py:175} INFO - Processing /home/airflow/.local/lib/python3.7/site-packages/airflow/example_dags/example_sla_dag.py took 0.197 seconds
[2023-03-16T23:40:53.908+0000] {processor.py:153} INFO - Started process (PID=402) to work on /home/airflow/.local/lib/python3.7/site-packages/airflow/example_dags/example_sla_dag.py
[2023-03-16T23:40:53.910+0000] {processor.py:743} INFO - Processing file /home/airflow/.local/lib/python3.7/site-packages/airflow/example_dags/example_sla_dag.py for tasks to queue
[2023-03-16T23:40:53.912+0000] {logging_mixin.py:137} INFO - [2023-03-16T23:40:53.912+0000] {dagbag.py:538} INFO - Filling up the DagBag from /home/airflow/.local/lib/python3.7/site-packages/airflow/example_dags/example_sla_dag.py
[2023-03-16T23:40:53.963+0000] {processor.py:753} INFO - DAG(s) dict_keys(['example_sla_dag']) retrieved from /home/airflow/.local/lib/python3.7/site-packages/airflow/example_dags/example_sla_dag.py
[2023-03-16T23:40:54.020+0000] {logging_mixin.py:137} INFO - [2023-03-16T23:40:54.019+0000] {dag.py:2690} INFO - Sync 1 DAGs
[2023-03-16T23:40:54.117+0000] {logging_mixin.py:137} INFO - [2023-03-16T23:40:54.117+0000] {dag.py:3441} INFO - Setting next_dagrun for example_sla_dag to 2023-03-16T23:38:00+00:00, run_after=2023-03-16T23:40:00+00:00
[2023-03-16T23:40:54.189+0000] {processor.py:175} INFO - Processing /home/airflow/.local/lib/python3.7/site-packages/airflow/example_dags/example_sla_dag.py took 0.286 seconds
[2023-03-16T23:41:24.623+0000] {processor.py:153} INFO - Started process (PID=468) to work on /home/airflow/.local/lib/python3.7/site-packages/airflow/example_dags/example_sla_dag.py
[2023-03-16T23:41:24.626+0000] {processor.py:743} INFO - Processing file /home/airflow/.local/lib/python3.7/site-packages/airflow/example_dags/example_sla_dag.py for tasks to queue
[2023-03-16T23:41:24.644+0000] {logging_mixin.py:137} INFO - [2023-03-16T23:41:24.644+0000] {dagbag.py:538} INFO - Filling up the DagBag from /home/airflow/.local/lib/python3.7/site-packages/airflow/example_dags/example_sla_dag.py
[2023-03-16T23:41:24.763+0000] {processor.py:753} INFO - DAG(s) dict_keys(['example_sla_dag']) retrieved from /home/airflow/.local/lib/python3.7/site-packages/airflow/example_dags/example_sla_dag.py
[2023-03-16T23:41:24.892+0000] {logging_mixin.py:137} INFO - [2023-03-16T23:41:24.891+0000] {dag.py:2690} INFO - Sync 1 DAGs
[2023-03-16T23:41:25.016+0000] {logging_mixin.py:137} INFO - [2023-03-16T23:41:25.016+0000] {dag.py:3441} INFO - Setting next_dagrun for example_sla_dag to 2023-03-16T23:38:00+00:00, run_after=2023-03-16T23:40:00+00:00
[2023-03-16T23:41:25.116+0000] {processor.py:175} INFO - Processing /home/airflow/.local/lib/python3.7/site-packages/airflow/example_dags/example_sla_dag.py took 0.511 seconds
[2023-03-16T23:41:55.726+0000] {processor.py:153} INFO - Started process (PID=532) to work on /home/airflow/.local/lib/python3.7/site-packages/airflow/example_dags/example_sla_dag.py
[2023-03-16T23:41:55.729+0000] {processor.py:743} INFO - Processing file /home/airflow/.local/lib/python3.7/site-packages/airflow/example_dags/example_sla_dag.py for tasks to queue
[2023-03-16T23:41:55.731+0000] {logging_mixin.py:137} INFO - [2023-03-16T23:41:55.730+0000] {dagbag.py:538} INFO - Filling up the DagBag from /home/airflow/.local/lib/python3.7/site-packages/airflow/example_dags/example_sla_dag.py
[2023-03-16T23:41:55.804+0000] {processor.py:753} INFO - DAG(s) dict_keys(['example_sla_dag']) retrieved from /home/airflow/.local/lib/python3.7/site-packages/airflow/example_dags/example_sla_dag.py
[2023-03-16T23:41:55.881+0000] {logging_mixin.py:137} INFO - [2023-03-16T23:41:55.880+0000] {dag.py:2690} INFO - Sync 1 DAGs
[2023-03-16T23:41:55.955+0000] {logging_mixin.py:137} INFO - [2023-03-16T23:41:55.955+0000] {dag.py:3441} INFO - Setting next_dagrun for example_sla_dag to 2023-03-16T23:38:00+00:00, run_after=2023-03-16T23:40:00+00:00
[2023-03-16T23:41:56.001+0000] {processor.py:175} INFO - Processing /home/airflow/.local/lib/python3.7/site-packages/airflow/example_dags/example_sla_dag.py took 0.282 seconds
[2023-03-16T23:42:26.371+0000] {processor.py:153} INFO - Started process (PID=606) to work on /home/airflow/.local/lib/python3.7/site-packages/airflow/example_dags/example_sla_dag.py
[2023-03-16T23:42:26.384+0000] {processor.py:743} INFO - Processing file /home/airflow/.local/lib/python3.7/site-packages/airflow/example_dags/example_sla_dag.py for tasks to queue
[2023-03-16T23:42:26.387+0000] {logging_mixin.py:137} INFO - [2023-03-16T23:42:26.387+0000] {dagbag.py:538} INFO - Filling up the DagBag from /home/airflow/.local/lib/python3.7/site-packages/airflow/example_dags/example_sla_dag.py
[2023-03-16T23:42:26.547+0000] {processor.py:753} INFO - DAG(s) dict_keys(['example_sla_dag']) retrieved from /home/airflow/.local/lib/python3.7/site-packages/airflow/example_dags/example_sla_dag.py
[2023-03-16T23:42:26.657+0000] {logging_mixin.py:137} INFO - [2023-03-16T23:42:26.657+0000] {dag.py:2690} INFO - Sync 1 DAGs
[2023-03-16T23:42:26.793+0000] {logging_mixin.py:137} INFO - [2023-03-16T23:42:26.793+0000] {dag.py:3441} INFO - Setting next_dagrun for example_sla_dag to 2023-03-16T23:40:00+00:00, run_after=2023-03-16T23:42:00+00:00
[2023-03-16T23:42:26.945+0000] {processor.py:175} INFO - Processing /home/airflow/.local/lib/python3.7/site-packages/airflow/example_dags/example_sla_dag.py took 0.584 seconds
[2023-03-16T23:42:57.692+0000] {processor.py:153} INFO - Started process (PID=679) to work on /home/airflow/.local/lib/python3.7/site-packages/airflow/example_dags/example_sla_dag.py
[2023-03-16T23:42:57.700+0000] {processor.py:743} INFO - Processing file /home/airflow/.local/lib/python3.7/site-packages/airflow/example_dags/example_sla_dag.py for tasks to queue
[2023-03-16T23:42:57.702+0000] {logging_mixin.py:137} INFO - [2023-03-16T23:42:57.702+0000] {dagbag.py:538} INFO - Filling up the DagBag from /home/airflow/.local/lib/python3.7/site-packages/airflow/example_dags/example_sla_dag.py
[2023-03-16T23:42:57.801+0000] {processor.py:753} INFO - DAG(s) dict_keys(['example_sla_dag']) retrieved from /home/airflow/.local/lib/python3.7/site-packages/airflow/example_dags/example_sla_dag.py
[2023-03-16T23:42:57.910+0000] {logging_mixin.py:137} INFO - [2023-03-16T23:42:57.909+0000] {dag.py:2690} INFO - Sync 1 DAGs
[2023-03-16T23:42:58.016+0000] {logging_mixin.py:137} INFO - [2023-03-16T23:42:58.016+0000] {dag.py:3441} INFO - Setting next_dagrun for example_sla_dag to 2023-03-16T23:40:00+00:00, run_after=2023-03-16T23:42:00+00:00
[2023-03-16T23:42:58.094+0000] {processor.py:175} INFO - Processing /home/airflow/.local/lib/python3.7/site-packages/airflow/example_dags/example_sla_dag.py took 0.417 seconds
[2023-03-16T23:43:28.485+0000] {processor.py:153} INFO - Started process (PID=736) to work on /home/airflow/.local/lib/python3.7/site-packages/airflow/example_dags/example_sla_dag.py
[2023-03-16T23:43:28.486+0000] {processor.py:743} INFO - Processing file /home/airflow/.local/lib/python3.7/site-packages/airflow/example_dags/example_sla_dag.py for tasks to queue
[2023-03-16T23:43:28.488+0000] {logging_mixin.py:137} INFO - [2023-03-16T23:43:28.487+0000] {dagbag.py:538} INFO - Filling up the DagBag from /home/airflow/.local/lib/python3.7/site-packages/airflow/example_dags/example_sla_dag.py
[2023-03-16T23:43:28.539+0000] {processor.py:753} INFO - DAG(s) dict_keys(['example_sla_dag']) retrieved from /home/airflow/.local/lib/python3.7/site-packages/airflow/example_dags/example_sla_dag.py
[2023-03-16T23:43:28.576+0000] {logging_mixin.py:137} INFO - [2023-03-16T23:43:28.575+0000] {dag.py:2690} INFO - Sync 1 DAGs
[2023-03-16T23:43:28.625+0000] {logging_mixin.py:137} INFO - [2023-03-16T23:43:28.625+0000] {dag.py:3441} INFO - Setting next_dagrun for example_sla_dag to 2023-03-16T23:40:00+00:00, run_after=2023-03-16T23:42:00+00:00
[2023-03-16T23:43:28.662+0000] {processor.py:175} INFO - Processing /home/airflow/.local/lib/python3.7/site-packages/airflow/example_dags/example_sla_dag.py took 0.182 seconds
[2023-03-16T23:43:59.631+0000] {processor.py:153} INFO - Started process (PID=809) to work on /home/airflow/.local/lib/python3.7/site-packages/airflow/example_dags/example_sla_dag.py
[2023-03-16T23:43:59.646+0000] {processor.py:743} INFO - Processing file /home/airflow/.local/lib/python3.7/site-packages/airflow/example_dags/example_sla_dag.py for tasks to queue
[2023-03-16T23:43:59.665+0000] {logging_mixin.py:137} INFO - [2023-03-16T23:43:59.664+0000] {dagbag.py:538} INFO - Filling up the DagBag from /home/airflow/.local/lib/python3.7/site-packages/airflow/example_dags/example_sla_dag.py
[2023-03-16T23:43:59.821+0000] {processor.py:753} INFO - DAG(s) dict_keys(['example_sla_dag']) retrieved from /home/airflow/.local/lib/python3.7/site-packages/airflow/example_dags/example_sla_dag.py
[2023-03-16T23:43:59.939+0000] {logging_mixin.py:137} INFO - [2023-03-16T23:43:59.938+0000] {dag.py:2690} INFO - Sync 1 DAGs
[2023-03-16T23:44:00.125+0000] {logging_mixin.py:137} INFO - [2023-03-16T23:44:00.125+0000] {dag.py:3441} INFO - Setting next_dagrun for example_sla_dag to 2023-03-16T23:42:00+00:00, run_after=2023-03-16T23:44:00+00:00
[2023-03-16T23:44:00.228+0000] {processor.py:175} INFO - Processing /home/airflow/.local/lib/python3.7/site-packages/airflow/example_dags/example_sla_dag.py took 0.614 seconds
[2023-03-16T23:44:30.871+0000] {processor.py:153} INFO - Started process (PID=875) to work on /home/airflow/.local/lib/python3.7/site-packages/airflow/example_dags/example_sla_dag.py
[2023-03-16T23:44:30.879+0000] {processor.py:743} INFO - Processing file /home/airflow/.local/lib/python3.7/site-packages/airflow/example_dags/example_sla_dag.py for tasks to queue
[2023-03-16T23:44:30.896+0000] {logging_mixin.py:137} INFO - [2023-03-16T23:44:30.896+0000] {dagbag.py:538} INFO - Filling up the DagBag from /home/airflow/.local/lib/python3.7/site-packages/airflow/example_dags/example_sla_dag.py
[2023-03-16T23:44:31.061+0000] {processor.py:753} INFO - DAG(s) dict_keys(['example_sla_dag']) retrieved from /home/airflow/.local/lib/python3.7/site-packages/airflow/example_dags/example_sla_dag.py
[2023-03-16T23:44:31.248+0000] {logging_mixin.py:137} INFO - [2023-03-16T23:44:31.248+0000] {dag.py:2690} INFO - Sync 1 DAGs
[2023-03-16T23:44:31.370+0000] {logging_mixin.py:137} INFO - [2023-03-16T23:44:31.370+0000] {dag.py:3441} INFO - Setting next_dagrun for example_sla_dag to 2023-03-16T23:42:00+00:00, run_after=2023-03-16T23:44:00+00:00
[2023-03-16T23:44:31.507+0000] {processor.py:175} INFO - Processing /home/airflow/.local/lib/python3.7/site-packages/airflow/example_dags/example_sla_dag.py took 0.642 seconds
[2023-03-16T23:45:01.972+0000] {processor.py:153} INFO - Started process (PID=940) to work on /home/airflow/.local/lib/python3.7/site-packages/airflow/example_dags/example_sla_dag.py
[2023-03-16T23:45:01.984+0000] {processor.py:743} INFO - Processing file /home/airflow/.local/lib/python3.7/site-packages/airflow/example_dags/example_sla_dag.py for tasks to queue
[2023-03-16T23:45:01.994+0000] {logging_mixin.py:137} INFO - [2023-03-16T23:45:01.994+0000] {dagbag.py:538} INFO - Filling up the DagBag from /home/airflow/.local/lib/python3.7/site-packages/airflow/example_dags/example_sla_dag.py
[2023-03-16T23:45:02.149+0000] {processor.py:753} INFO - DAG(s) dict_keys(['example_sla_dag']) retrieved from /home/airflow/.local/lib/python3.7/site-packages/airflow/example_dags/example_sla_dag.py
[2023-03-16T23:45:02.268+0000] {logging_mixin.py:137} INFO - [2023-03-16T23:45:02.268+0000] {dag.py:2690} INFO - Sync 1 DAGs
[2023-03-16T23:45:02.455+0000] {logging_mixin.py:137} INFO - [2023-03-16T23:45:02.455+0000] {dag.py:3441} INFO - Setting next_dagrun for example_sla_dag to 2023-03-16T23:42:00+00:00, run_after=2023-03-16T23:44:00+00:00
[2023-03-16T23:45:02.574+0000] {processor.py:175} INFO - Processing /home/airflow/.local/lib/python3.7/site-packages/airflow/example_dags/example_sla_dag.py took 0.608 seconds
[2023-03-16T23:45:33.054+0000] {processor.py:153} INFO - Started process (PID=1013) to work on /home/airflow/.local/lib/python3.7/site-packages/airflow/example_dags/example_sla_dag.py
[2023-03-16T23:45:33.056+0000] {processor.py:743} INFO - Processing file /home/airflow/.local/lib/python3.7/site-packages/airflow/example_dags/example_sla_dag.py for tasks to queue
[2023-03-16T23:45:33.067+0000] {logging_mixin.py:137} INFO - [2023-03-16T23:45:33.067+0000] {dagbag.py:538} INFO - Filling up the DagBag from /home/airflow/.local/lib/python3.7/site-packages/airflow/example_dags/example_sla_dag.py
[2023-03-16T23:45:33.201+0000] {processor.py:753} INFO - DAG(s) dict_keys(['example_sla_dag']) retrieved from /home/airflow/.local/lib/python3.7/site-packages/airflow/example_dags/example_sla_dag.py
[2023-03-16T23:45:33.345+0000] {logging_mixin.py:137} INFO - [2023-03-16T23:45:33.344+0000] {dag.py:2690} INFO - Sync 1 DAGs
[2023-03-16T23:45:33.564+0000] {logging_mixin.py:137} INFO - [2023-03-16T23:45:33.553+0000] {dag.py:3441} INFO - Setting next_dagrun for example_sla_dag to 2023-03-16T23:42:00+00:00, run_after=2023-03-16T23:44:00+00:00
[2023-03-16T23:45:33.666+0000] {processor.py:175} INFO - Processing /home/airflow/.local/lib/python3.7/site-packages/airflow/example_dags/example_sla_dag.py took 0.619 seconds
[2023-03-16T23:46:03.783+0000] {processor.py:153} INFO - Started process (PID=1070) to work on /home/airflow/.local/lib/python3.7/site-packages/airflow/example_dags/example_sla_dag.py
[2023-03-16T23:46:03.785+0000] {processor.py:743} INFO - Processing file /home/airflow/.local/lib/python3.7/site-packages/airflow/example_dags/example_sla_dag.py for tasks to queue
[2023-03-16T23:46:03.788+0000] {logging_mixin.py:137} INFO - [2023-03-16T23:46:03.787+0000] {dagbag.py:538} INFO - Filling up the DagBag from /home/airflow/.local/lib/python3.7/site-packages/airflow/example_dags/example_sla_dag.py
[2023-03-16T23:46:03.844+0000] {processor.py:753} INFO - DAG(s) dict_keys(['example_sla_dag']) retrieved from /home/airflow/.local/lib/python3.7/site-packages/airflow/example_dags/example_sla_dag.py
[2023-03-16T23:46:03.892+0000] {logging_mixin.py:137} INFO - [2023-03-16T23:46:03.892+0000] {dag.py:2690} INFO - Sync 1 DAGs
[2023-03-16T23:46:03.939+0000] {logging_mixin.py:137} INFO - [2023-03-16T23:46:03.938+0000] {dag.py:3441} INFO - Setting next_dagrun for example_sla_dag to 2023-03-16T23:44:00+00:00, run_after=2023-03-16T23:46:00+00:00
[2023-03-16T23:46:03.970+0000] {processor.py:175} INFO - Processing /home/airflow/.local/lib/python3.7/site-packages/airflow/example_dags/example_sla_dag.py took 0.193 seconds
[2023-03-16T23:46:34.206+0000] {processor.py:153} INFO - Started process (PID=1142) to work on /home/airflow/.local/lib/python3.7/site-packages/airflow/example_dags/example_sla_dag.py
[2023-03-16T23:46:34.208+0000] {processor.py:743} INFO - Processing file /home/airflow/.local/lib/python3.7/site-packages/airflow/example_dags/example_sla_dag.py for tasks to queue
[2023-03-16T23:46:34.209+0000] {logging_mixin.py:137} INFO - [2023-03-16T23:46:34.209+0000] {dagbag.py:538} INFO - Filling up the DagBag from /home/airflow/.local/lib/python3.7/site-packages/airflow/example_dags/example_sla_dag.py
[2023-03-16T23:46:34.240+0000] {processor.py:753} INFO - DAG(s) dict_keys(['example_sla_dag']) retrieved from /home/airflow/.local/lib/python3.7/site-packages/airflow/example_dags/example_sla_dag.py
[2023-03-16T23:46:34.272+0000] {logging_mixin.py:137} INFO - [2023-03-16T23:46:34.272+0000] {dag.py:2690} INFO - Sync 1 DAGs
[2023-03-16T23:46:34.317+0000] {logging_mixin.py:137} INFO - [2023-03-16T23:46:34.317+0000] {dag.py:3441} INFO - Setting next_dagrun for example_sla_dag to 2023-03-16T23:44:00+00:00, run_after=2023-03-16T23:46:00+00:00
[2023-03-16T23:46:34.356+0000] {processor.py:175} INFO - Processing /home/airflow/.local/lib/python3.7/site-packages/airflow/example_dags/example_sla_dag.py took 0.155 seconds
[2023-03-16T23:47:04.578+0000] {processor.py:153} INFO - Started process (PID=1215) to work on /home/airflow/.local/lib/python3.7/site-packages/airflow/example_dags/example_sla_dag.py
[2023-03-16T23:47:04.581+0000] {processor.py:743} INFO - Processing file /home/airflow/.local/lib/python3.7/site-packages/airflow/example_dags/example_sla_dag.py for tasks to queue
[2023-03-16T23:47:04.583+0000] {logging_mixin.py:137} INFO - [2023-03-16T23:47:04.583+0000] {dagbag.py:538} INFO - Filling up the DagBag from /home/airflow/.local/lib/python3.7/site-packages/airflow/example_dags/example_sla_dag.py
[2023-03-16T23:47:04.633+0000] {processor.py:753} INFO - DAG(s) dict_keys(['example_sla_dag']) retrieved from /home/airflow/.local/lib/python3.7/site-packages/airflow/example_dags/example_sla_dag.py
[2023-03-16T23:47:04.718+0000] {logging_mixin.py:137} INFO - [2023-03-16T23:47:04.718+0000] {dag.py:2690} INFO - Sync 1 DAGs
[2023-03-16T23:47:04.833+0000] {logging_mixin.py:137} INFO - [2023-03-16T23:47:04.833+0000] {dag.py:3441} INFO - Setting next_dagrun for example_sla_dag to 2023-03-16T23:44:00+00:00, run_after=2023-03-16T23:46:00+00:00
[2023-03-16T23:47:04.906+0000] {processor.py:175} INFO - Processing /home/airflow/.local/lib/python3.7/site-packages/airflow/example_dags/example_sla_dag.py took 0.334 seconds
[2023-03-16T23:47:35.327+0000] {processor.py:153} INFO - Started process (PID=1288) to work on /home/airflow/.local/lib/python3.7/site-packages/airflow/example_dags/example_sla_dag.py
[2023-03-16T23:47:35.333+0000] {processor.py:743} INFO - Processing file /home/airflow/.local/lib/python3.7/site-packages/airflow/example_dags/example_sla_dag.py for tasks to queue
[2023-03-16T23:47:35.338+0000] {logging_mixin.py:137} INFO - [2023-03-16T23:47:35.337+0000] {dagbag.py:538} INFO - Filling up the DagBag from /home/airflow/.local/lib/python3.7/site-packages/airflow/example_dags/example_sla_dag.py
[2023-03-16T23:47:35.424+0000] {processor.py:753} INFO - DAG(s) dict_keys(['example_sla_dag']) retrieved from /home/airflow/.local/lib/python3.7/site-packages/airflow/example_dags/example_sla_dag.py
[2023-03-16T23:47:35.493+0000] {logging_mixin.py:137} INFO - [2023-03-16T23:47:35.492+0000] {dag.py:2690} INFO - Sync 1 DAGs
[2023-03-16T23:47:35.573+0000] {logging_mixin.py:137} INFO - [2023-03-16T23:47:35.573+0000] {dag.py:3441} INFO - Setting next_dagrun for example_sla_dag to 2023-03-16T23:44:00+00:00, run_after=2023-03-16T23:46:00+00:00
[2023-03-16T23:47:35.621+0000] {processor.py:175} INFO - Processing /home/airflow/.local/lib/python3.7/site-packages/airflow/example_dags/example_sla_dag.py took 0.301 seconds
[2023-03-16T23:48:05.879+0000] {processor.py:153} INFO - Started process (PID=1361) to work on /home/airflow/.local/lib/python3.7/site-packages/airflow/example_dags/example_sla_dag.py
[2023-03-16T23:48:05.882+0000] {processor.py:743} INFO - Processing file /home/airflow/.local/lib/python3.7/site-packages/airflow/example_dags/example_sla_dag.py for tasks to queue
[2023-03-16T23:48:05.884+0000] {logging_mixin.py:137} INFO - [2023-03-16T23:48:05.884+0000] {dagbag.py:538} INFO - Filling up the DagBag from /home/airflow/.local/lib/python3.7/site-packages/airflow/example_dags/example_sla_dag.py
[2023-03-16T23:48:05.973+0000] {processor.py:753} INFO - DAG(s) dict_keys(['example_sla_dag']) retrieved from /home/airflow/.local/lib/python3.7/site-packages/airflow/example_dags/example_sla_dag.py
[2023-03-16T23:48:06.089+0000] {logging_mixin.py:137} INFO - [2023-03-16T23:48:06.089+0000] {dag.py:2690} INFO - Sync 1 DAGs
[2023-03-16T23:48:06.179+0000] {logging_mixin.py:137} INFO - [2023-03-16T23:48:06.179+0000] {dag.py:3441} INFO - Setting next_dagrun for example_sla_dag to 2023-03-16T23:46:00+00:00, run_after=2023-03-16T23:48:00+00:00
[2023-03-16T23:48:06.228+0000] {processor.py:175} INFO - Processing /home/airflow/.local/lib/python3.7/site-packages/airflow/example_dags/example_sla_dag.py took 0.363 seconds
[2023-03-16T23:48:36.464+0000] {processor.py:153} INFO - Started process (PID=1418) to work on /home/airflow/.local/lib/python3.7/site-packages/airflow/example_dags/example_sla_dag.py
[2023-03-16T23:48:36.466+0000] {processor.py:743} INFO - Processing file /home/airflow/.local/lib/python3.7/site-packages/airflow/example_dags/example_sla_dag.py for tasks to queue
[2023-03-16T23:48:36.468+0000] {logging_mixin.py:137} INFO - [2023-03-16T23:48:36.468+0000] {dagbag.py:538} INFO - Filling up the DagBag from /home/airflow/.local/lib/python3.7/site-packages/airflow/example_dags/example_sla_dag.py
[2023-03-16T23:48:36.519+0000] {processor.py:753} INFO - DAG(s) dict_keys(['example_sla_dag']) retrieved from /home/airflow/.local/lib/python3.7/site-packages/airflow/example_dags/example_sla_dag.py
[2023-03-16T23:48:36.566+0000] {logging_mixin.py:137} INFO - [2023-03-16T23:48:36.566+0000] {dag.py:2690} INFO - Sync 1 DAGs
[2023-03-16T23:48:36.602+0000] {logging_mixin.py:137} INFO - [2023-03-16T23:48:36.602+0000] {dag.py:3441} INFO - Setting next_dagrun for example_sla_dag to 2023-03-16T23:46:00+00:00, run_after=2023-03-16T23:48:00+00:00
[2023-03-16T23:48:36.633+0000] {processor.py:175} INFO - Processing /home/airflow/.local/lib/python3.7/site-packages/airflow/example_dags/example_sla_dag.py took 0.175 seconds
[2023-03-16T23:49:07.163+0000] {processor.py:153} INFO - Started process (PID=1491) to work on /home/airflow/.local/lib/python3.7/site-packages/airflow/example_dags/example_sla_dag.py
[2023-03-16T23:49:07.168+0000] {processor.py:743} INFO - Processing file /home/airflow/.local/lib/python3.7/site-packages/airflow/example_dags/example_sla_dag.py for tasks to queue
[2023-03-16T23:49:07.172+0000] {logging_mixin.py:137} INFO - [2023-03-16T23:49:07.172+0000] {dagbag.py:538} INFO - Filling up the DagBag from /home/airflow/.local/lib/python3.7/site-packages/airflow/example_dags/example_sla_dag.py
[2023-03-16T23:49:07.215+0000] {processor.py:753} INFO - DAG(s) dict_keys(['example_sla_dag']) retrieved from /home/airflow/.local/lib/python3.7/site-packages/airflow/example_dags/example_sla_dag.py
[2023-03-16T23:49:07.257+0000] {logging_mixin.py:137} INFO - [2023-03-16T23:49:07.257+0000] {dag.py:2690} INFO - Sync 1 DAGs
[2023-03-16T23:49:07.315+0000] {logging_mixin.py:137} INFO - [2023-03-16T23:49:07.315+0000] {dag.py:3441} INFO - Setting next_dagrun for example_sla_dag to 2023-03-16T23:46:00+00:00, run_after=2023-03-16T23:48:00+00:00
[2023-03-16T23:49:07.361+0000] {processor.py:175} INFO - Processing /home/airflow/.local/lib/python3.7/site-packages/airflow/example_dags/example_sla_dag.py took 0.204 seconds
[2023-03-16T23:49:37.549+0000] {processor.py:153} INFO - Started process (PID=1564) to work on /home/airflow/.local/lib/python3.7/site-packages/airflow/example_dags/example_sla_dag.py
[2023-03-16T23:49:37.552+0000] {processor.py:743} INFO - Processing file /home/airflow/.local/lib/python3.7/site-packages/airflow/example_dags/example_sla_dag.py for tasks to queue
[2023-03-16T23:49:37.555+0000] {logging_mixin.py:137} INFO - [2023-03-16T23:49:37.554+0000] {dagbag.py:538} INFO - Filling up the DagBag from /home/airflow/.local/lib/python3.7/site-packages/airflow/example_dags/example_sla_dag.py
[2023-03-16T23:49:37.611+0000] {processor.py:753} INFO - DAG(s) dict_keys(['example_sla_dag']) retrieved from /home/airflow/.local/lib/python3.7/site-packages/airflow/example_dags/example_sla_dag.py
[2023-03-16T23:49:37.678+0000] {logging_mixin.py:137} INFO - [2023-03-16T23:49:37.677+0000] {dag.py:2690} INFO - Sync 1 DAGs
[2023-03-16T23:49:37.755+0000] {logging_mixin.py:137} INFO - [2023-03-16T23:49:37.755+0000] {dag.py:3441} INFO - Setting next_dagrun for example_sla_dag to 2023-03-16T23:46:00+00:00, run_after=2023-03-16T23:48:00+00:00
[2023-03-16T23:49:37.794+0000] {processor.py:175} INFO - Processing /home/airflow/.local/lib/python3.7/site-packages/airflow/example_dags/example_sla_dag.py took 0.251 seconds
[2023-03-16T23:50:08.708+0000] {processor.py:153} INFO - Started process (PID=1637) to work on /home/airflow/.local/lib/python3.7/site-packages/airflow/example_dags/example_sla_dag.py
[2023-03-16T23:50:08.714+0000] {processor.py:743} INFO - Processing file /home/airflow/.local/lib/python3.7/site-packages/airflow/example_dags/example_sla_dag.py for tasks to queue
[2023-03-16T23:50:08.719+0000] {logging_mixin.py:137} INFO - [2023-03-16T23:50:08.718+0000] {dagbag.py:538} INFO - Filling up the DagBag from /home/airflow/.local/lib/python3.7/site-packages/airflow/example_dags/example_sla_dag.py
[2023-03-16T23:50:08.803+0000] {processor.py:753} INFO - DAG(s) dict_keys(['example_sla_dag']) retrieved from /home/airflow/.local/lib/python3.7/site-packages/airflow/example_dags/example_sla_dag.py
[2023-03-16T23:50:08.912+0000] {logging_mixin.py:137} INFO - [2023-03-16T23:50:08.912+0000] {dag.py:2690} INFO - Sync 1 DAGs
[2023-03-16T23:50:09.026+0000] {logging_mixin.py:137} INFO - [2023-03-16T23:50:09.025+0000] {dag.py:3441} INFO - Setting next_dagrun for example_sla_dag to 2023-03-16T23:48:00+00:00, run_after=2023-03-16T23:50:00+00:00
[2023-03-16T23:50:09.137+0000] {processor.py:175} INFO - Processing /home/airflow/.local/lib/python3.7/site-packages/airflow/example_dags/example_sla_dag.py took 0.446 seconds
[2023-03-16T23:50:39.766+0000] {processor.py:153} INFO - Started process (PID=1710) to work on /home/airflow/.local/lib/python3.7/site-packages/airflow/example_dags/example_sla_dag.py
[2023-03-16T23:50:39.768+0000] {processor.py:743} INFO - Processing file /home/airflow/.local/lib/python3.7/site-packages/airflow/example_dags/example_sla_dag.py for tasks to queue
[2023-03-16T23:50:39.769+0000] {logging_mixin.py:137} INFO - [2023-03-16T23:50:39.769+0000] {dagbag.py:538} INFO - Filling up the DagBag from /home/airflow/.local/lib/python3.7/site-packages/airflow/example_dags/example_sla_dag.py
[2023-03-16T23:50:39.869+0000] {processor.py:753} INFO - DAG(s) dict_keys(['example_sla_dag']) retrieved from /home/airflow/.local/lib/python3.7/site-packages/airflow/example_dags/example_sla_dag.py
[2023-03-16T23:50:40.011+0000] {logging_mixin.py:137} INFO - [2023-03-16T23:50:40.011+0000] {dag.py:2690} INFO - Sync 1 DAGs
[2023-03-16T23:50:40.088+0000] {logging_mixin.py:137} INFO - [2023-03-16T23:50:40.088+0000] {dag.py:3441} INFO - Setting next_dagrun for example_sla_dag to 2023-03-16T23:48:00+00:00, run_after=2023-03-16T23:50:00+00:00
[2023-03-16T23:50:40.147+0000] {processor.py:175} INFO - Processing /home/airflow/.local/lib/python3.7/site-packages/airflow/example_dags/example_sla_dag.py took 0.385 seconds
[2023-03-16T23:51:10.385+0000] {processor.py:153} INFO - Started process (PID=1783) to work on /home/airflow/.local/lib/python3.7/site-packages/airflow/example_dags/example_sla_dag.py
[2023-03-16T23:51:10.387+0000] {processor.py:743} INFO - Processing file /home/airflow/.local/lib/python3.7/site-packages/airflow/example_dags/example_sla_dag.py for tasks to queue
[2023-03-16T23:51:10.388+0000] {logging_mixin.py:137} INFO - [2023-03-16T23:51:10.388+0000] {dagbag.py:538} INFO - Filling up the DagBag from /home/airflow/.local/lib/python3.7/site-packages/airflow/example_dags/example_sla_dag.py
[2023-03-16T23:51:10.416+0000] {processor.py:753} INFO - DAG(s) dict_keys(['example_sla_dag']) retrieved from /home/airflow/.local/lib/python3.7/site-packages/airflow/example_dags/example_sla_dag.py
[2023-03-16T23:51:10.452+0000] {logging_mixin.py:137} INFO - [2023-03-16T23:51:10.451+0000] {dag.py:2690} INFO - Sync 1 DAGs
[2023-03-16T23:51:10.488+0000] {logging_mixin.py:137} INFO - [2023-03-16T23:51:10.488+0000] {dag.py:3441} INFO - Setting next_dagrun for example_sla_dag to 2023-03-16T23:48:00+00:00, run_after=2023-03-16T23:50:00+00:00
[2023-03-16T23:51:10.529+0000] {processor.py:175} INFO - Processing /home/airflow/.local/lib/python3.7/site-packages/airflow/example_dags/example_sla_dag.py took 0.149 seconds
[2023-03-16T23:51:40.826+0000] {processor.py:153} INFO - Started process (PID=1856) to work on /home/airflow/.local/lib/python3.7/site-packages/airflow/example_dags/example_sla_dag.py
[2023-03-16T23:51:40.828+0000] {processor.py:743} INFO - Processing file /home/airflow/.local/lib/python3.7/site-packages/airflow/example_dags/example_sla_dag.py for tasks to queue
[2023-03-16T23:51:40.829+0000] {logging_mixin.py:137} INFO - [2023-03-16T23:51:40.829+0000] {dagbag.py:538} INFO - Filling up the DagBag from /home/airflow/.local/lib/python3.7/site-packages/airflow/example_dags/example_sla_dag.py
[2023-03-16T23:51:40.857+0000] {processor.py:753} INFO - DAG(s) dict_keys(['example_sla_dag']) retrieved from /home/airflow/.local/lib/python3.7/site-packages/airflow/example_dags/example_sla_dag.py
[2023-03-16T23:51:40.896+0000] {logging_mixin.py:137} INFO - [2023-03-16T23:51:40.896+0000] {dag.py:2690} INFO - Sync 1 DAGs
[2023-03-16T23:51:40.954+0000] {logging_mixin.py:137} INFO - [2023-03-16T23:51:40.953+0000] {dag.py:3441} INFO - Setting next_dagrun for example_sla_dag to 2023-03-16T23:48:00+00:00, run_after=2023-03-16T23:50:00+00:00
[2023-03-16T23:51:41.030+0000] {processor.py:175} INFO - Processing /home/airflow/.local/lib/python3.7/site-packages/airflow/example_dags/example_sla_dag.py took 0.208 seconds
[2023-03-16T23:52:11.500+0000] {processor.py:153} INFO - Started process (PID=1930) to work on /home/airflow/.local/lib/python3.7/site-packages/airflow/example_dags/example_sla_dag.py
[2023-03-16T23:52:11.502+0000] {processor.py:743} INFO - Processing file /home/airflow/.local/lib/python3.7/site-packages/airflow/example_dags/example_sla_dag.py for tasks to queue
[2023-03-16T23:52:11.505+0000] {logging_mixin.py:137} INFO - [2023-03-16T23:52:11.505+0000] {dagbag.py:538} INFO - Filling up the DagBag from /home/airflow/.local/lib/python3.7/site-packages/airflow/example_dags/example_sla_dag.py
[2023-03-16T23:52:11.533+0000] {processor.py:753} INFO - DAG(s) dict_keys(['example_sla_dag']) retrieved from /home/airflow/.local/lib/python3.7/site-packages/airflow/example_dags/example_sla_dag.py
[2023-03-16T23:52:11.572+0000] {logging_mixin.py:137} INFO - [2023-03-16T23:52:11.572+0000] {dag.py:2690} INFO - Sync 1 DAGs
[2023-03-16T23:52:11.633+0000] {logging_mixin.py:137} INFO - [2023-03-16T23:52:11.632+0000] {dag.py:3441} INFO - Setting next_dagrun for example_sla_dag to 2023-03-16T23:50:00+00:00, run_after=2023-03-16T23:52:00+00:00
[2023-03-16T23:52:11.672+0000] {processor.py:175} INFO - Processing /home/airflow/.local/lib/python3.7/site-packages/airflow/example_dags/example_sla_dag.py took 0.178 seconds
[2023-03-16T23:52:42.491+0000] {processor.py:153} INFO - Started process (PID=2003) to work on /home/airflow/.local/lib/python3.7/site-packages/airflow/example_dags/example_sla_dag.py
[2023-03-16T23:52:42.493+0000] {processor.py:743} INFO - Processing file /home/airflow/.local/lib/python3.7/site-packages/airflow/example_dags/example_sla_dag.py for tasks to queue
[2023-03-16T23:52:42.496+0000] {logging_mixin.py:137} INFO - [2023-03-16T23:52:42.495+0000] {dagbag.py:538} INFO - Filling up the DagBag from /home/airflow/.local/lib/python3.7/site-packages/airflow/example_dags/example_sla_dag.py
[2023-03-16T23:52:42.546+0000] {processor.py:753} INFO - DAG(s) dict_keys(['example_sla_dag']) retrieved from /home/airflow/.local/lib/python3.7/site-packages/airflow/example_dags/example_sla_dag.py
[2023-03-16T23:52:42.590+0000] {logging_mixin.py:137} INFO - [2023-03-16T23:52:42.589+0000] {dag.py:2690} INFO - Sync 1 DAGs
[2023-03-16T23:52:42.645+0000] {logging_mixin.py:137} INFO - [2023-03-16T23:52:42.645+0000] {dag.py:3441} INFO - Setting next_dagrun for example_sla_dag to 2023-03-16T23:50:00+00:00, run_after=2023-03-16T23:52:00+00:00
[2023-03-16T23:52:42.682+0000] {processor.py:175} INFO - Processing /home/airflow/.local/lib/python3.7/site-packages/airflow/example_dags/example_sla_dag.py took 0.197 seconds
[2023-03-16T23:53:12.913+0000] {processor.py:153} INFO - Started process (PID=2076) to work on /home/airflow/.local/lib/python3.7/site-packages/airflow/example_dags/example_sla_dag.py
[2023-03-16T23:53:12.921+0000] {processor.py:743} INFO - Processing file /home/airflow/.local/lib/python3.7/site-packages/airflow/example_dags/example_sla_dag.py for tasks to queue
[2023-03-16T23:53:12.926+0000] {logging_mixin.py:137} INFO - [2023-03-16T23:53:12.925+0000] {dagbag.py:538} INFO - Filling up the DagBag from /home/airflow/.local/lib/python3.7/site-packages/airflow/example_dags/example_sla_dag.py
[2023-03-16T23:53:12.982+0000] {processor.py:753} INFO - DAG(s) dict_keys(['example_sla_dag']) retrieved from /home/airflow/.local/lib/python3.7/site-packages/airflow/example_dags/example_sla_dag.py
[2023-03-16T23:53:13.041+0000] {logging_mixin.py:137} INFO - [2023-03-16T23:53:13.041+0000] {dag.py:2690} INFO - Sync 1 DAGs
[2023-03-16T23:53:13.161+0000] {logging_mixin.py:137} INFO - [2023-03-16T23:53:13.160+0000] {dag.py:3441} INFO - Setting next_dagrun for example_sla_dag to 2023-03-16T23:50:00+00:00, run_after=2023-03-16T23:52:00+00:00
[2023-03-16T23:53:13.222+0000] {processor.py:175} INFO - Processing /home/airflow/.local/lib/python3.7/site-packages/airflow/example_dags/example_sla_dag.py took 0.326 seconds
[2023-03-16T23:53:43.378+0000] {processor.py:153} INFO - Started process (PID=2149) to work on /home/airflow/.local/lib/python3.7/site-packages/airflow/example_dags/example_sla_dag.py
[2023-03-16T23:53:43.381+0000] {processor.py:743} INFO - Processing file /home/airflow/.local/lib/python3.7/site-packages/airflow/example_dags/example_sla_dag.py for tasks to queue
[2023-03-16T23:53:43.383+0000] {logging_mixin.py:137} INFO - [2023-03-16T23:53:43.382+0000] {dagbag.py:538} INFO - Filling up the DagBag from /home/airflow/.local/lib/python3.7/site-packages/airflow/example_dags/example_sla_dag.py
[2023-03-16T23:53:43.415+0000] {processor.py:753} INFO - DAG(s) dict_keys(['example_sla_dag']) retrieved from /home/airflow/.local/lib/python3.7/site-packages/airflow/example_dags/example_sla_dag.py
[2023-03-16T23:53:43.462+0000] {logging_mixin.py:137} INFO - [2023-03-16T23:53:43.462+0000] {dag.py:2690} INFO - Sync 1 DAGs
[2023-03-16T23:53:43.508+0000] {logging_mixin.py:137} INFO - [2023-03-16T23:53:43.508+0000] {dag.py:3441} INFO - Setting next_dagrun for example_sla_dag to 2023-03-16T23:50:00+00:00, run_after=2023-03-16T23:52:00+00:00
[2023-03-16T23:53:43.546+0000] {processor.py:175} INFO - Processing /home/airflow/.local/lib/python3.7/site-packages/airflow/example_dags/example_sla_dag.py took 0.176 seconds
[2023-03-16T23:54:14.241+0000] {processor.py:153} INFO - Started process (PID=2222) to work on /home/airflow/.local/lib/python3.7/site-packages/airflow/example_dags/example_sla_dag.py
[2023-03-16T23:54:14.243+0000] {processor.py:743} INFO - Processing file /home/airflow/.local/lib/python3.7/site-packages/airflow/example_dags/example_sla_dag.py for tasks to queue
[2023-03-16T23:54:14.244+0000] {logging_mixin.py:137} INFO - [2023-03-16T23:54:14.244+0000] {dagbag.py:538} INFO - Filling up the DagBag from /home/airflow/.local/lib/python3.7/site-packages/airflow/example_dags/example_sla_dag.py
[2023-03-16T23:54:14.277+0000] {processor.py:753} INFO - DAG(s) dict_keys(['example_sla_dag']) retrieved from /home/airflow/.local/lib/python3.7/site-packages/airflow/example_dags/example_sla_dag.py
[2023-03-16T23:54:14.328+0000] {logging_mixin.py:137} INFO - [2023-03-16T23:54:14.328+0000] {dag.py:2690} INFO - Sync 1 DAGs
[2023-03-16T23:54:14.374+0000] {logging_mixin.py:137} INFO - [2023-03-16T23:54:14.373+0000] {dag.py:3441} INFO - Setting next_dagrun for example_sla_dag to 2023-03-16T23:52:00+00:00, run_after=2023-03-16T23:54:00+00:00
[2023-03-16T23:54:14.416+0000] {processor.py:175} INFO - Processing /home/airflow/.local/lib/python3.7/site-packages/airflow/example_dags/example_sla_dag.py took 0.181 seconds
[2023-03-16T23:54:44.921+0000] {processor.py:153} INFO - Started process (PID=2295) to work on /home/airflow/.local/lib/python3.7/site-packages/airflow/example_dags/example_sla_dag.py
[2023-03-16T23:54:44.927+0000] {processor.py:743} INFO - Processing file /home/airflow/.local/lib/python3.7/site-packages/airflow/example_dags/example_sla_dag.py for tasks to queue
[2023-03-16T23:54:44.931+0000] {logging_mixin.py:137} INFO - [2023-03-16T23:54:44.931+0000] {dagbag.py:538} INFO - Filling up the DagBag from /home/airflow/.local/lib/python3.7/site-packages/airflow/example_dags/example_sla_dag.py
[2023-03-16T23:54:45.004+0000] {processor.py:753} INFO - DAG(s) dict_keys(['example_sla_dag']) retrieved from /home/airflow/.local/lib/python3.7/site-packages/airflow/example_dags/example_sla_dag.py
[2023-03-16T23:54:45.081+0000] {logging_mixin.py:137} INFO - [2023-03-16T23:54:45.079+0000] {dag.py:2690} INFO - Sync 1 DAGs
[2023-03-16T23:54:45.173+0000] {logging_mixin.py:137} INFO - [2023-03-16T23:54:45.173+0000] {dag.py:3441} INFO - Setting next_dagrun for example_sla_dag to 2023-03-16T23:52:00+00:00, run_after=2023-03-16T23:54:00+00:00
[2023-03-16T23:54:45.228+0000] {processor.py:175} INFO - Processing /home/airflow/.local/lib/python3.7/site-packages/airflow/example_dags/example_sla_dag.py took 0.315 seconds
[2023-03-16T23:55:16.117+0000] {processor.py:153} INFO - Started process (PID=2368) to work on /home/airflow/.local/lib/python3.7/site-packages/airflow/example_dags/example_sla_dag.py
[2023-03-16T23:55:16.119+0000] {processor.py:743} INFO - Processing file /home/airflow/.local/lib/python3.7/site-packages/airflow/example_dags/example_sla_dag.py for tasks to queue
[2023-03-16T23:55:16.121+0000] {logging_mixin.py:137} INFO - [2023-03-16T23:55:16.121+0000] {dagbag.py:538} INFO - Filling up the DagBag from /home/airflow/.local/lib/python3.7/site-packages/airflow/example_dags/example_sla_dag.py
[2023-03-16T23:55:16.149+0000] {processor.py:753} INFO - DAG(s) dict_keys(['example_sla_dag']) retrieved from /home/airflow/.local/lib/python3.7/site-packages/airflow/example_dags/example_sla_dag.py
[2023-03-16T23:55:16.179+0000] {logging_mixin.py:137} INFO - [2023-03-16T23:55:16.179+0000] {dag.py:2690} INFO - Sync 1 DAGs
[2023-03-16T23:55:16.231+0000] {logging_mixin.py:137} INFO - [2023-03-16T23:55:16.231+0000] {dag.py:3441} INFO - Setting next_dagrun for example_sla_dag to 2023-03-16T23:52:00+00:00, run_after=2023-03-16T23:54:00+00:00
[2023-03-16T23:55:16.267+0000] {processor.py:175} INFO - Processing /home/airflow/.local/lib/python3.7/site-packages/airflow/example_dags/example_sla_dag.py took 0.156 seconds
[2023-03-16T23:55:46.393+0000] {processor.py:153} INFO - Started process (PID=2448) to work on /home/airflow/.local/lib/python3.7/site-packages/airflow/example_dags/example_sla_dag.py
[2023-03-16T23:55:46.396+0000] {processor.py:743} INFO - Processing file /home/airflow/.local/lib/python3.7/site-packages/airflow/example_dags/example_sla_dag.py for tasks to queue
[2023-03-16T23:55:46.398+0000] {logging_mixin.py:137} INFO - [2023-03-16T23:55:46.397+0000] {dagbag.py:538} INFO - Filling up the DagBag from /home/airflow/.local/lib/python3.7/site-packages/airflow/example_dags/example_sla_dag.py
[2023-03-16T23:55:46.441+0000] {processor.py:753} INFO - DAG(s) dict_keys(['example_sla_dag']) retrieved from /home/airflow/.local/lib/python3.7/site-packages/airflow/example_dags/example_sla_dag.py
[2023-03-16T23:55:46.493+0000] {logging_mixin.py:137} INFO - [2023-03-16T23:55:46.492+0000] {dag.py:2690} INFO - Sync 1 DAGs
[2023-03-16T23:55:46.560+0000] {logging_mixin.py:137} INFO - [2023-03-16T23:55:46.560+0000] {dag.py:3441} INFO - Setting next_dagrun for example_sla_dag to 2023-03-16T23:52:00+00:00, run_after=2023-03-16T23:54:00+00:00
[2023-03-16T23:55:46.595+0000] {processor.py:175} INFO - Processing /home/airflow/.local/lib/python3.7/site-packages/airflow/example_dags/example_sla_dag.py took 0.206 seconds
[2023-03-16T23:56:16.727+0000] {processor.py:153} INFO - Started process (PID=2514) to work on /home/airflow/.local/lib/python3.7/site-packages/airflow/example_dags/example_sla_dag.py
[2023-03-16T23:56:16.729+0000] {processor.py:743} INFO - Processing file /home/airflow/.local/lib/python3.7/site-packages/airflow/example_dags/example_sla_dag.py for tasks to queue
[2023-03-16T23:56:16.732+0000] {logging_mixin.py:137} INFO - [2023-03-16T23:56:16.731+0000] {dagbag.py:538} INFO - Filling up the DagBag from /home/airflow/.local/lib/python3.7/site-packages/airflow/example_dags/example_sla_dag.py
[2023-03-16T23:56:16.783+0000] {processor.py:753} INFO - DAG(s) dict_keys(['example_sla_dag']) retrieved from /home/airflow/.local/lib/python3.7/site-packages/airflow/example_dags/example_sla_dag.py
[2023-03-16T23:56:16.837+0000] {logging_mixin.py:137} INFO - [2023-03-16T23:56:16.837+0000] {dag.py:2690} INFO - Sync 1 DAGs
[2023-03-16T23:56:16.909+0000] {logging_mixin.py:137} INFO - [2023-03-16T23:56:16.909+0000] {dag.py:3441} INFO - Setting next_dagrun for example_sla_dag to 2023-03-16T23:54:00+00:00, run_after=2023-03-16T23:56:00+00:00
[2023-03-16T23:56:16.947+0000] {processor.py:175} INFO - Processing /home/airflow/.local/lib/python3.7/site-packages/airflow/example_dags/example_sla_dag.py took 0.226 seconds
[2023-03-16T23:56:47.171+0000] {processor.py:153} INFO - Started process (PID=2598) to work on /home/airflow/.local/lib/python3.7/site-packages/airflow/example_dags/example_sla_dag.py
[2023-03-16T23:56:47.173+0000] {processor.py:743} INFO - Processing file /home/airflow/.local/lib/python3.7/site-packages/airflow/example_dags/example_sla_dag.py for tasks to queue
[2023-03-16T23:56:47.175+0000] {logging_mixin.py:137} INFO - [2023-03-16T23:56:47.174+0000] {dagbag.py:538} INFO - Filling up the DagBag from /home/airflow/.local/lib/python3.7/site-packages/airflow/example_dags/example_sla_dag.py
[2023-03-16T23:56:47.222+0000] {processor.py:753} INFO - DAG(s) dict_keys(['example_sla_dag']) retrieved from /home/airflow/.local/lib/python3.7/site-packages/airflow/example_dags/example_sla_dag.py
[2023-03-16T23:56:47.322+0000] {logging_mixin.py:137} INFO - [2023-03-16T23:56:47.322+0000] {dag.py:2690} INFO - Sync 1 DAGs
[2023-03-16T23:56:47.374+0000] {logging_mixin.py:137} INFO - [2023-03-16T23:56:47.373+0000] {dag.py:3441} INFO - Setting next_dagrun for example_sla_dag to 2023-03-16T23:54:00+00:00, run_after=2023-03-16T23:56:00+00:00
[2023-03-16T23:56:47.419+0000] {processor.py:175} INFO - Processing /home/airflow/.local/lib/python3.7/site-packages/airflow/example_dags/example_sla_dag.py took 0.254 seconds
[2023-03-16T23:57:17.706+0000] {processor.py:153} INFO - Started process (PID=2679) to work on /home/airflow/.local/lib/python3.7/site-packages/airflow/example_dags/example_sla_dag.py
[2023-03-16T23:57:17.709+0000] {processor.py:743} INFO - Processing file /home/airflow/.local/lib/python3.7/site-packages/airflow/example_dags/example_sla_dag.py for tasks to queue
[2023-03-16T23:57:17.711+0000] {logging_mixin.py:137} INFO - [2023-03-16T23:57:17.711+0000] {dagbag.py:538} INFO - Filling up the DagBag from /home/airflow/.local/lib/python3.7/site-packages/airflow/example_dags/example_sla_dag.py
[2023-03-16T23:57:17.754+0000] {processor.py:753} INFO - DAG(s) dict_keys(['example_sla_dag']) retrieved from /home/airflow/.local/lib/python3.7/site-packages/airflow/example_dags/example_sla_dag.py
[2023-03-16T23:57:17.794+0000] {logging_mixin.py:137} INFO - [2023-03-16T23:57:17.794+0000] {dag.py:2690} INFO - Sync 1 DAGs
[2023-03-16T23:57:17.843+0000] {logging_mixin.py:137} INFO - [2023-03-16T23:57:17.843+0000] {dag.py:3441} INFO - Setting next_dagrun for example_sla_dag to 2023-03-16T23:54:00+00:00, run_after=2023-03-16T23:56:00+00:00
[2023-03-16T23:57:17.884+0000] {processor.py:175} INFO - Processing /home/airflow/.local/lib/python3.7/site-packages/airflow/example_dags/example_sla_dag.py took 0.184 seconds
[2023-03-16T23:57:48.339+0000] {processor.py:153} INFO - Started process (PID=2753) to work on /home/airflow/.local/lib/python3.7/site-packages/airflow/example_dags/example_sla_dag.py
[2023-03-16T23:57:48.341+0000] {processor.py:743} INFO - Processing file /home/airflow/.local/lib/python3.7/site-packages/airflow/example_dags/example_sla_dag.py for tasks to queue
[2023-03-16T23:57:48.343+0000] {logging_mixin.py:137} INFO - [2023-03-16T23:57:48.343+0000] {dagbag.py:538} INFO - Filling up the DagBag from /home/airflow/.local/lib/python3.7/site-packages/airflow/example_dags/example_sla_dag.py
[2023-03-16T23:57:48.382+0000] {processor.py:753} INFO - DAG(s) dict_keys(['example_sla_dag']) retrieved from /home/airflow/.local/lib/python3.7/site-packages/airflow/example_dags/example_sla_dag.py
[2023-03-16T23:57:48.432+0000] {logging_mixin.py:137} INFO - [2023-03-16T23:57:48.432+0000] {dag.py:2690} INFO - Sync 1 DAGs
[2023-03-16T23:57:48.485+0000] {logging_mixin.py:137} INFO - [2023-03-16T23:57:48.485+0000] {dag.py:3441} INFO - Setting next_dagrun for example_sla_dag to 2023-03-16T23:54:00+00:00, run_after=2023-03-16T23:56:00+00:00
[2023-03-16T23:57:48.524+0000] {processor.py:175} INFO - Processing /home/airflow/.local/lib/python3.7/site-packages/airflow/example_dags/example_sla_dag.py took 0.194 seconds
[2023-03-16T23:58:19.443+0000] {processor.py:153} INFO - Started process (PID=2826) to work on /home/airflow/.local/lib/python3.7/site-packages/airflow/example_dags/example_sla_dag.py
[2023-03-16T23:58:19.445+0000] {processor.py:743} INFO - Processing file /home/airflow/.local/lib/python3.7/site-packages/airflow/example_dags/example_sla_dag.py for tasks to queue
[2023-03-16T23:58:19.446+0000] {logging_mixin.py:137} INFO - [2023-03-16T23:58:19.446+0000] {dagbag.py:538} INFO - Filling up the DagBag from /home/airflow/.local/lib/python3.7/site-packages/airflow/example_dags/example_sla_dag.py
[2023-03-16T23:58:19.500+0000] {processor.py:753} INFO - DAG(s) dict_keys(['example_sla_dag']) retrieved from /home/airflow/.local/lib/python3.7/site-packages/airflow/example_dags/example_sla_dag.py
[2023-03-16T23:58:19.566+0000] {logging_mixin.py:137} INFO - [2023-03-16T23:58:19.566+0000] {dag.py:2690} INFO - Sync 1 DAGs
[2023-03-16T23:58:19.667+0000] {logging_mixin.py:137} INFO - [2023-03-16T23:58:19.667+0000] {dag.py:3441} INFO - Setting next_dagrun for example_sla_dag to 2023-03-16T23:56:00+00:00, run_after=2023-03-16T23:58:00+00:00
[2023-03-16T23:58:19.743+0000] {processor.py:175} INFO - Processing /home/airflow/.local/lib/python3.7/site-packages/airflow/example_dags/example_sla_dag.py took 0.307 seconds
[2023-03-16T23:58:50.411+0000] {processor.py:153} INFO - Started process (PID=2898) to work on /home/airflow/.local/lib/python3.7/site-packages/airflow/example_dags/example_sla_dag.py
[2023-03-16T23:58:50.413+0000] {processor.py:743} INFO - Processing file /home/airflow/.local/lib/python3.7/site-packages/airflow/example_dags/example_sla_dag.py for tasks to queue
[2023-03-16T23:58:50.415+0000] {logging_mixin.py:137} INFO - [2023-03-16T23:58:50.415+0000] {dagbag.py:538} INFO - Filling up the DagBag from /home/airflow/.local/lib/python3.7/site-packages/airflow/example_dags/example_sla_dag.py
[2023-03-16T23:58:50.462+0000] {processor.py:753} INFO - DAG(s) dict_keys(['example_sla_dag']) retrieved from /home/airflow/.local/lib/python3.7/site-packages/airflow/example_dags/example_sla_dag.py
[2023-03-16T23:58:50.511+0000] {logging_mixin.py:137} INFO - [2023-03-16T23:58:50.511+0000] {dag.py:2690} INFO - Sync 1 DAGs
[2023-03-16T23:58:50.568+0000] {logging_mixin.py:137} INFO - [2023-03-16T23:58:50.567+0000] {dag.py:3441} INFO - Setting next_dagrun for example_sla_dag to 2023-03-16T23:56:00+00:00, run_after=2023-03-16T23:58:00+00:00
[2023-03-16T23:58:50.620+0000] {processor.py:175} INFO - Processing /home/airflow/.local/lib/python3.7/site-packages/airflow/example_dags/example_sla_dag.py took 0.218 seconds
[2023-03-16T23:59:21.016+0000] {processor.py:153} INFO - Started process (PID=2971) to work on /home/airflow/.local/lib/python3.7/site-packages/airflow/example_dags/example_sla_dag.py
[2023-03-16T23:59:21.017+0000] {processor.py:743} INFO - Processing file /home/airflow/.local/lib/python3.7/site-packages/airflow/example_dags/example_sla_dag.py for tasks to queue
[2023-03-16T23:59:21.018+0000] {logging_mixin.py:137} INFO - [2023-03-16T23:59:21.018+0000] {dagbag.py:538} INFO - Filling up the DagBag from /home/airflow/.local/lib/python3.7/site-packages/airflow/example_dags/example_sla_dag.py
[2023-03-16T23:59:21.055+0000] {processor.py:753} INFO - DAG(s) dict_keys(['example_sla_dag']) retrieved from /home/airflow/.local/lib/python3.7/site-packages/airflow/example_dags/example_sla_dag.py
[2023-03-16T23:59:21.093+0000] {logging_mixin.py:137} INFO - [2023-03-16T23:59:21.093+0000] {dag.py:2690} INFO - Sync 1 DAGs
[2023-03-16T23:59:21.138+0000] {logging_mixin.py:137} INFO - [2023-03-16T23:59:21.138+0000] {dag.py:3441} INFO - Setting next_dagrun for example_sla_dag to 2023-03-16T23:56:00+00:00, run_after=2023-03-16T23:58:00+00:00
[2023-03-16T23:59:21.173+0000] {processor.py:175} INFO - Processing /home/airflow/.local/lib/python3.7/site-packages/airflow/example_dags/example_sla_dag.py took 0.162 seconds
[2023-03-16T23:59:51.501+0000] {processor.py:153} INFO - Started process (PID=3044) to work on /home/airflow/.local/lib/python3.7/site-packages/airflow/example_dags/example_sla_dag.py
[2023-03-16T23:59:51.503+0000] {processor.py:743} INFO - Processing file /home/airflow/.local/lib/python3.7/site-packages/airflow/example_dags/example_sla_dag.py for tasks to queue
[2023-03-16T23:59:51.506+0000] {logging_mixin.py:137} INFO - [2023-03-16T23:59:51.506+0000] {dagbag.py:538} INFO - Filling up the DagBag from /home/airflow/.local/lib/python3.7/site-packages/airflow/example_dags/example_sla_dag.py
[2023-03-16T23:59:51.553+0000] {processor.py:753} INFO - DAG(s) dict_keys(['example_sla_dag']) retrieved from /home/airflow/.local/lib/python3.7/site-packages/airflow/example_dags/example_sla_dag.py
[2023-03-16T23:59:51.599+0000] {logging_mixin.py:137} INFO - [2023-03-16T23:59:51.599+0000] {dag.py:2690} INFO - Sync 1 DAGs
[2023-03-16T23:59:51.658+0000] {logging_mixin.py:137} INFO - [2023-03-16T23:59:51.658+0000] {dag.py:3441} INFO - Setting next_dagrun for example_sla_dag to 2023-03-16T23:56:00+00:00, run_after=2023-03-16T23:58:00+00:00
[2023-03-16T23:59:51.695+0000] {processor.py:175} INFO - Processing /home/airflow/.local/lib/python3.7/site-packages/airflow/example_dags/example_sla_dag.py took 0.198 seconds
