[2023-03-16T23:38:38.455+0000] {processor.py:153} INFO - Started process (PID=99) to work on /home/airflow/.local/lib/python3.7/site-packages/airflow/example_dags/example_dag_decorator.py
[2023-03-16T23:38:38.479+0000] {processor.py:743} INFO - Processing file /home/airflow/.local/lib/python3.7/site-packages/airflow/example_dags/example_dag_decorator.py for tasks to queue
[2023-03-16T23:38:38.496+0000] {logging_mixin.py:137} INFO - [2023-03-16T23:38:38.496+0000] {dagbag.py:538} INFO - Filling up the DagBag from /home/airflow/.local/lib/python3.7/site-packages/airflow/example_dags/example_dag_decorator.py
[2023-03-16T23:38:38.647+0000] {logging_mixin.py:137} INFO - [2023-03-16T23:38:38.647+0000] {taskmixin.py:205} WARNING - Dependency <Task(_PythonDecoratedOperator): prepare_email>, send_email already registered for DAG: example_dag_decorator
[2023-03-16T23:38:38.670+0000] {logging_mixin.py:137} INFO - [2023-03-16T23:38:38.669+0000] {taskmixin.py:205} WARNING - Dependency <Task(EmailOperator): send_email>, prepare_email already registered for DAG: example_dag_decorator
[2023-03-16T23:38:38.805+0000] {processor.py:753} INFO - DAG(s) dict_keys(['example_dag_decorator']) retrieved from /home/airflow/.local/lib/python3.7/site-packages/airflow/example_dags/example_dag_decorator.py
[2023-03-16T23:38:39.317+0000] {logging_mixin.py:137} INFO - [2023-03-16T23:38:39.316+0000] {dag.py:2690} INFO - Sync 1 DAGs
[2023-03-16T23:38:39.514+0000] {logging_mixin.py:137} INFO - [2023-03-16T23:38:39.514+0000] {dag.py:3441} INFO - Setting next_dagrun for example_dag_decorator to None, run_after=None
[2023-03-16T23:38:39.704+0000] {processor.py:175} INFO - Processing /home/airflow/.local/lib/python3.7/site-packages/airflow/example_dags/example_dag_decorator.py took 1.255 seconds
[2023-03-16T23:39:10.027+0000] {processor.py:153} INFO - Started process (PID=167) to work on /home/airflow/.local/lib/python3.7/site-packages/airflow/example_dags/example_dag_decorator.py
[2023-03-16T23:39:10.051+0000] {processor.py:743} INFO - Processing file /home/airflow/.local/lib/python3.7/site-packages/airflow/example_dags/example_dag_decorator.py for tasks to queue
[2023-03-16T23:39:10.065+0000] {logging_mixin.py:137} INFO - [2023-03-16T23:39:10.065+0000] {dagbag.py:538} INFO - Filling up the DagBag from /home/airflow/.local/lib/python3.7/site-packages/airflow/example_dags/example_dag_decorator.py
[2023-03-16T23:39:10.216+0000] {logging_mixin.py:137} INFO - [2023-03-16T23:39:10.216+0000] {taskmixin.py:205} WARNING - Dependency <Task(_PythonDecoratedOperator): prepare_email>, send_email already registered for DAG: example_dag_decorator
[2023-03-16T23:39:10.250+0000] {logging_mixin.py:137} INFO - [2023-03-16T23:39:10.250+0000] {taskmixin.py:205} WARNING - Dependency <Task(EmailOperator): send_email>, prepare_email already registered for DAG: example_dag_decorator
[2023-03-16T23:39:10.362+0000] {processor.py:753} INFO - DAG(s) dict_keys(['example_dag_decorator']) retrieved from /home/airflow/.local/lib/python3.7/site-packages/airflow/example_dags/example_dag_decorator.py
[2023-03-16T23:39:10.885+0000] {logging_mixin.py:137} INFO - [2023-03-16T23:39:10.885+0000] {dag.py:2690} INFO - Sync 1 DAGs
[2023-03-16T23:39:11.040+0000] {logging_mixin.py:137} INFO - [2023-03-16T23:39:11.030+0000] {dag.py:3441} INFO - Setting next_dagrun for example_dag_decorator to None, run_after=None
[2023-03-16T23:39:11.185+0000] {processor.py:175} INFO - Processing /home/airflow/.local/lib/python3.7/site-packages/airflow/example_dags/example_dag_decorator.py took 1.177 seconds
[2023-03-16T23:39:41.812+0000] {processor.py:153} INFO - Started process (PID=233) to work on /home/airflow/.local/lib/python3.7/site-packages/airflow/example_dags/example_dag_decorator.py
[2023-03-16T23:39:41.841+0000] {processor.py:743} INFO - Processing file /home/airflow/.local/lib/python3.7/site-packages/airflow/example_dags/example_dag_decorator.py for tasks to queue
[2023-03-16T23:39:41.855+0000] {logging_mixin.py:137} INFO - [2023-03-16T23:39:41.855+0000] {dagbag.py:538} INFO - Filling up the DagBag from /home/airflow/.local/lib/python3.7/site-packages/airflow/example_dags/example_dag_decorator.py
[2023-03-16T23:39:41.966+0000] {logging_mixin.py:137} INFO - [2023-03-16T23:39:41.965+0000] {taskmixin.py:205} WARNING - Dependency <Task(_PythonDecoratedOperator): prepare_email>, send_email already registered for DAG: example_dag_decorator
[2023-03-16T23:39:41.991+0000] {logging_mixin.py:137} INFO - [2023-03-16T23:39:41.991+0000] {taskmixin.py:205} WARNING - Dependency <Task(EmailOperator): send_email>, prepare_email already registered for DAG: example_dag_decorator
[2023-03-16T23:39:42.065+0000] {processor.py:753} INFO - DAG(s) dict_keys(['example_dag_decorator']) retrieved from /home/airflow/.local/lib/python3.7/site-packages/airflow/example_dags/example_dag_decorator.py
[2023-03-16T23:39:42.389+0000] {logging_mixin.py:137} INFO - [2023-03-16T23:39:42.388+0000] {dag.py:2690} INFO - Sync 1 DAGs
[2023-03-16T23:39:42.482+0000] {logging_mixin.py:137} INFO - [2023-03-16T23:39:42.482+0000] {dag.py:3441} INFO - Setting next_dagrun for example_dag_decorator to None, run_after=None
[2023-03-16T23:39:42.619+0000] {processor.py:175} INFO - Processing /home/airflow/.local/lib/python3.7/site-packages/airflow/example_dags/example_dag_decorator.py took 0.825 seconds
[2023-03-16T23:40:13.360+0000] {processor.py:153} INFO - Started process (PID=298) to work on /home/airflow/.local/lib/python3.7/site-packages/airflow/example_dags/example_dag_decorator.py
[2023-03-16T23:40:13.372+0000] {processor.py:743} INFO - Processing file /home/airflow/.local/lib/python3.7/site-packages/airflow/example_dags/example_dag_decorator.py for tasks to queue
[2023-03-16T23:40:13.375+0000] {logging_mixin.py:137} INFO - [2023-03-16T23:40:13.374+0000] {dagbag.py:538} INFO - Filling up the DagBag from /home/airflow/.local/lib/python3.7/site-packages/airflow/example_dags/example_dag_decorator.py
[2023-03-16T23:40:13.426+0000] {logging_mixin.py:137} INFO - [2023-03-16T23:40:13.425+0000] {taskmixin.py:205} WARNING - Dependency <Task(_PythonDecoratedOperator): prepare_email>, send_email already registered for DAG: example_dag_decorator
[2023-03-16T23:40:13.428+0000] {logging_mixin.py:137} INFO - [2023-03-16T23:40:13.427+0000] {taskmixin.py:205} WARNING - Dependency <Task(EmailOperator): send_email>, prepare_email already registered for DAG: example_dag_decorator
[2023-03-16T23:40:13.462+0000] {processor.py:753} INFO - DAG(s) dict_keys(['example_dag_decorator']) retrieved from /home/airflow/.local/lib/python3.7/site-packages/airflow/example_dags/example_dag_decorator.py
[2023-03-16T23:40:13.681+0000] {logging_mixin.py:137} INFO - [2023-03-16T23:40:13.679+0000] {dag.py:2690} INFO - Sync 1 DAGs
[2023-03-16T23:40:13.746+0000] {logging_mixin.py:137} INFO - [2023-03-16T23:40:13.745+0000] {dag.py:3441} INFO - Setting next_dagrun for example_dag_decorator to None, run_after=None
[2023-03-16T23:40:13.795+0000] {processor.py:175} INFO - Processing /home/airflow/.local/lib/python3.7/site-packages/airflow/example_dags/example_dag_decorator.py took 0.442 seconds
[2023-03-16T23:40:43.926+0000] {processor.py:153} INFO - Started process (PID=372) to work on /home/airflow/.local/lib/python3.7/site-packages/airflow/example_dags/example_dag_decorator.py
[2023-03-16T23:40:43.928+0000] {processor.py:743} INFO - Processing file /home/airflow/.local/lib/python3.7/site-packages/airflow/example_dags/example_dag_decorator.py for tasks to queue
[2023-03-16T23:40:43.929+0000] {logging_mixin.py:137} INFO - [2023-03-16T23:40:43.929+0000] {dagbag.py:538} INFO - Filling up the DagBag from /home/airflow/.local/lib/python3.7/site-packages/airflow/example_dags/example_dag_decorator.py
[2023-03-16T23:40:43.957+0000] {logging_mixin.py:137} INFO - [2023-03-16T23:40:43.956+0000] {taskmixin.py:205} WARNING - Dependency <Task(_PythonDecoratedOperator): prepare_email>, send_email already registered for DAG: example_dag_decorator
[2023-03-16T23:40:43.958+0000] {logging_mixin.py:137} INFO - [2023-03-16T23:40:43.957+0000] {taskmixin.py:205} WARNING - Dependency <Task(EmailOperator): send_email>, prepare_email already registered for DAG: example_dag_decorator
[2023-03-16T23:40:43.979+0000] {processor.py:753} INFO - DAG(s) dict_keys(['example_dag_decorator']) retrieved from /home/airflow/.local/lib/python3.7/site-packages/airflow/example_dags/example_dag_decorator.py
[2023-03-16T23:40:44.114+0000] {logging_mixin.py:137} INFO - [2023-03-16T23:40:44.114+0000] {dag.py:2690} INFO - Sync 1 DAGs
[2023-03-16T23:40:44.167+0000] {logging_mixin.py:137} INFO - [2023-03-16T23:40:44.167+0000] {dag.py:3441} INFO - Setting next_dagrun for example_dag_decorator to None, run_after=None
[2023-03-16T23:40:44.209+0000] {processor.py:175} INFO - Processing /home/airflow/.local/lib/python3.7/site-packages/airflow/example_dags/example_dag_decorator.py took 0.287 seconds
[2023-03-16T23:41:14.423+0000] {processor.py:153} INFO - Started process (PID=445) to work on /home/airflow/.local/lib/python3.7/site-packages/airflow/example_dags/example_dag_decorator.py
[2023-03-16T23:41:14.431+0000] {processor.py:743} INFO - Processing file /home/airflow/.local/lib/python3.7/site-packages/airflow/example_dags/example_dag_decorator.py for tasks to queue
[2023-03-16T23:41:14.434+0000] {logging_mixin.py:137} INFO - [2023-03-16T23:41:14.434+0000] {dagbag.py:538} INFO - Filling up the DagBag from /home/airflow/.local/lib/python3.7/site-packages/airflow/example_dags/example_dag_decorator.py
[2023-03-16T23:41:14.493+0000] {logging_mixin.py:137} INFO - [2023-03-16T23:41:14.492+0000] {taskmixin.py:205} WARNING - Dependency <Task(_PythonDecoratedOperator): prepare_email>, send_email already registered for DAG: example_dag_decorator
[2023-03-16T23:41:14.494+0000] {logging_mixin.py:137} INFO - [2023-03-16T23:41:14.494+0000] {taskmixin.py:205} WARNING - Dependency <Task(EmailOperator): send_email>, prepare_email already registered for DAG: example_dag_decorator
[2023-03-16T23:41:14.522+0000] {processor.py:753} INFO - DAG(s) dict_keys(['example_dag_decorator']) retrieved from /home/airflow/.local/lib/python3.7/site-packages/airflow/example_dags/example_dag_decorator.py
[2023-03-16T23:41:14.734+0000] {logging_mixin.py:137} INFO - [2023-03-16T23:41:14.733+0000] {dag.py:2690} INFO - Sync 1 DAGs
[2023-03-16T23:41:14.817+0000] {logging_mixin.py:137} INFO - [2023-03-16T23:41:14.817+0000] {dag.py:3441} INFO - Setting next_dagrun for example_dag_decorator to None, run_after=None
[2023-03-16T23:41:14.904+0000] {processor.py:175} INFO - Processing /home/airflow/.local/lib/python3.7/site-packages/airflow/example_dags/example_dag_decorator.py took 0.488 seconds
[2023-03-16T23:41:45.496+0000] {processor.py:153} INFO - Started process (PID=519) to work on /home/airflow/.local/lib/python3.7/site-packages/airflow/example_dags/example_dag_decorator.py
[2023-03-16T23:41:45.498+0000] {processor.py:743} INFO - Processing file /home/airflow/.local/lib/python3.7/site-packages/airflow/example_dags/example_dag_decorator.py for tasks to queue
[2023-03-16T23:41:45.501+0000] {logging_mixin.py:137} INFO - [2023-03-16T23:41:45.500+0000] {dagbag.py:538} INFO - Filling up the DagBag from /home/airflow/.local/lib/python3.7/site-packages/airflow/example_dags/example_dag_decorator.py
[2023-03-16T23:41:45.566+0000] {logging_mixin.py:137} INFO - [2023-03-16T23:41:45.566+0000] {taskmixin.py:205} WARNING - Dependency <Task(_PythonDecoratedOperator): prepare_email>, send_email already registered for DAG: example_dag_decorator
[2023-03-16T23:41:45.568+0000] {logging_mixin.py:137} INFO - [2023-03-16T23:41:45.567+0000] {taskmixin.py:205} WARNING - Dependency <Task(EmailOperator): send_email>, prepare_email already registered for DAG: example_dag_decorator
[2023-03-16T23:41:45.612+0000] {processor.py:753} INFO - DAG(s) dict_keys(['example_dag_decorator']) retrieved from /home/airflow/.local/lib/python3.7/site-packages/airflow/example_dags/example_dag_decorator.py
[2023-03-16T23:41:45.913+0000] {logging_mixin.py:137} INFO - [2023-03-16T23:41:45.905+0000] {dag.py:2690} INFO - Sync 1 DAGs
[2023-03-16T23:41:45.993+0000] {logging_mixin.py:137} INFO - [2023-03-16T23:41:45.993+0000] {dag.py:3441} INFO - Setting next_dagrun for example_dag_decorator to None, run_after=None
[2023-03-16T23:41:46.053+0000] {processor.py:175} INFO - Processing /home/airflow/.local/lib/python3.7/site-packages/airflow/example_dags/example_dag_decorator.py took 0.570 seconds
[2023-03-16T23:42:16.420+0000] {processor.py:153} INFO - Started process (PID=577) to work on /home/airflow/.local/lib/python3.7/site-packages/airflow/example_dags/example_dag_decorator.py
[2023-03-16T23:42:16.434+0000] {processor.py:743} INFO - Processing file /home/airflow/.local/lib/python3.7/site-packages/airflow/example_dags/example_dag_decorator.py for tasks to queue
[2023-03-16T23:42:16.443+0000] {logging_mixin.py:137} INFO - [2023-03-16T23:42:16.443+0000] {dagbag.py:538} INFO - Filling up the DagBag from /home/airflow/.local/lib/python3.7/site-packages/airflow/example_dags/example_dag_decorator.py
[2023-03-16T23:42:16.623+0000] {logging_mixin.py:137} INFO - [2023-03-16T23:42:16.622+0000] {taskmixin.py:205} WARNING - Dependency <Task(_PythonDecoratedOperator): prepare_email>, send_email already registered for DAG: example_dag_decorator
[2023-03-16T23:42:16.711+0000] {logging_mixin.py:137} INFO - [2023-03-16T23:42:16.710+0000] {taskmixin.py:205} WARNING - Dependency <Task(EmailOperator): send_email>, prepare_email already registered for DAG: example_dag_decorator
[2023-03-16T23:42:16.949+0000] {processor.py:753} INFO - DAG(s) dict_keys(['example_dag_decorator']) retrieved from /home/airflow/.local/lib/python3.7/site-packages/airflow/example_dags/example_dag_decorator.py
[2023-03-16T23:42:17.496+0000] {logging_mixin.py:137} INFO - [2023-03-16T23:42:17.496+0000] {dag.py:2690} INFO - Sync 1 DAGs
[2023-03-16T23:42:17.655+0000] {logging_mixin.py:137} INFO - [2023-03-16T23:42:17.655+0000] {dag.py:3441} INFO - Setting next_dagrun for example_dag_decorator to None, run_after=None
[2023-03-16T23:42:17.779+0000] {processor.py:175} INFO - Processing /home/airflow/.local/lib/python3.7/site-packages/airflow/example_dags/example_dag_decorator.py took 1.365 seconds
[2023-03-16T23:42:48.475+0000] {processor.py:153} INFO - Started process (PID=650) to work on /home/airflow/.local/lib/python3.7/site-packages/airflow/example_dags/example_dag_decorator.py
[2023-03-16T23:42:48.480+0000] {processor.py:743} INFO - Processing file /home/airflow/.local/lib/python3.7/site-packages/airflow/example_dags/example_dag_decorator.py for tasks to queue
[2023-03-16T23:42:48.483+0000] {logging_mixin.py:137} INFO - [2023-03-16T23:42:48.483+0000] {dagbag.py:538} INFO - Filling up the DagBag from /home/airflow/.local/lib/python3.7/site-packages/airflow/example_dags/example_dag_decorator.py
[2023-03-16T23:42:48.532+0000] {logging_mixin.py:137} INFO - [2023-03-16T23:42:48.532+0000] {taskmixin.py:205} WARNING - Dependency <Task(_PythonDecoratedOperator): prepare_email>, send_email already registered for DAG: example_dag_decorator
[2023-03-16T23:42:48.533+0000] {logging_mixin.py:137} INFO - [2023-03-16T23:42:48.533+0000] {taskmixin.py:205} WARNING - Dependency <Task(EmailOperator): send_email>, prepare_email already registered for DAG: example_dag_decorator
[2023-03-16T23:42:48.573+0000] {processor.py:753} INFO - DAG(s) dict_keys(['example_dag_decorator']) retrieved from /home/airflow/.local/lib/python3.7/site-packages/airflow/example_dags/example_dag_decorator.py
[2023-03-16T23:42:48.798+0000] {logging_mixin.py:137} INFO - [2023-03-16T23:42:48.798+0000] {dag.py:2690} INFO - Sync 1 DAGs
[2023-03-16T23:42:48.862+0000] {logging_mixin.py:137} INFO - [2023-03-16T23:42:48.862+0000] {dag.py:3441} INFO - Setting next_dagrun for example_dag_decorator to None, run_after=None
[2023-03-16T23:42:48.924+0000] {processor.py:175} INFO - Processing /home/airflow/.local/lib/python3.7/site-packages/airflow/example_dags/example_dag_decorator.py took 0.456 seconds
[2023-03-16T23:43:19.332+0000] {processor.py:153} INFO - Started process (PID=724) to work on /home/airflow/.local/lib/python3.7/site-packages/airflow/example_dags/example_dag_decorator.py
[2023-03-16T23:43:19.337+0000] {processor.py:743} INFO - Processing file /home/airflow/.local/lib/python3.7/site-packages/airflow/example_dags/example_dag_decorator.py for tasks to queue
[2023-03-16T23:43:19.346+0000] {logging_mixin.py:137} INFO - [2023-03-16T23:43:19.345+0000] {dagbag.py:538} INFO - Filling up the DagBag from /home/airflow/.local/lib/python3.7/site-packages/airflow/example_dags/example_dag_decorator.py
[2023-03-16T23:43:19.389+0000] {logging_mixin.py:137} INFO - [2023-03-16T23:43:19.389+0000] {taskmixin.py:205} WARNING - Dependency <Task(_PythonDecoratedOperator): prepare_email>, send_email already registered for DAG: example_dag_decorator
[2023-03-16T23:43:19.390+0000] {logging_mixin.py:137} INFO - [2023-03-16T23:43:19.390+0000] {taskmixin.py:205} WARNING - Dependency <Task(EmailOperator): send_email>, prepare_email already registered for DAG: example_dag_decorator
[2023-03-16T23:43:19.421+0000] {processor.py:753} INFO - DAG(s) dict_keys(['example_dag_decorator']) retrieved from /home/airflow/.local/lib/python3.7/site-packages/airflow/example_dags/example_dag_decorator.py
[2023-03-16T23:43:19.555+0000] {logging_mixin.py:137} INFO - [2023-03-16T23:43:19.555+0000] {dag.py:2690} INFO - Sync 1 DAGs
[2023-03-16T23:43:19.612+0000] {logging_mixin.py:137} INFO - [2023-03-16T23:43:19.611+0000] {dag.py:3441} INFO - Setting next_dagrun for example_dag_decorator to None, run_after=None
[2023-03-16T23:43:19.660+0000] {processor.py:175} INFO - Processing /home/airflow/.local/lib/python3.7/site-packages/airflow/example_dags/example_dag_decorator.py took 0.337 seconds
[2023-03-16T23:43:50.504+0000] {processor.py:153} INFO - Started process (PID=790) to work on /home/airflow/.local/lib/python3.7/site-packages/airflow/example_dags/example_dag_decorator.py
[2023-03-16T23:43:50.521+0000] {processor.py:743} INFO - Processing file /home/airflow/.local/lib/python3.7/site-packages/airflow/example_dags/example_dag_decorator.py for tasks to queue
[2023-03-16T23:43:50.535+0000] {logging_mixin.py:137} INFO - [2023-03-16T23:43:50.534+0000] {dagbag.py:538} INFO - Filling up the DagBag from /home/airflow/.local/lib/python3.7/site-packages/airflow/example_dags/example_dag_decorator.py
[2023-03-16T23:43:50.667+0000] {logging_mixin.py:137} INFO - [2023-03-16T23:43:50.667+0000] {taskmixin.py:205} WARNING - Dependency <Task(_PythonDecoratedOperator): prepare_email>, send_email already registered for DAG: example_dag_decorator
[2023-03-16T23:43:50.697+0000] {logging_mixin.py:137} INFO - [2023-03-16T23:43:50.697+0000] {taskmixin.py:205} WARNING - Dependency <Task(EmailOperator): send_email>, prepare_email already registered for DAG: example_dag_decorator
[2023-03-16T23:43:50.801+0000] {processor.py:753} INFO - DAG(s) dict_keys(['example_dag_decorator']) retrieved from /home/airflow/.local/lib/python3.7/site-packages/airflow/example_dags/example_dag_decorator.py
[2023-03-16T23:43:51.242+0000] {logging_mixin.py:137} INFO - [2023-03-16T23:43:51.242+0000] {dag.py:2690} INFO - Sync 1 DAGs
[2023-03-16T23:43:51.383+0000] {logging_mixin.py:137} INFO - [2023-03-16T23:43:51.383+0000] {dag.py:3441} INFO - Setting next_dagrun for example_dag_decorator to None, run_after=None
[2023-03-16T23:43:51.523+0000] {processor.py:175} INFO - Processing /home/airflow/.local/lib/python3.7/site-packages/airflow/example_dags/example_dag_decorator.py took 1.026 seconds
[2023-03-16T23:44:22.069+0000] {processor.py:153} INFO - Started process (PID=855) to work on /home/airflow/.local/lib/python3.7/site-packages/airflow/example_dags/example_dag_decorator.py
[2023-03-16T23:44:22.071+0000] {processor.py:743} INFO - Processing file /home/airflow/.local/lib/python3.7/site-packages/airflow/example_dags/example_dag_decorator.py for tasks to queue
[2023-03-16T23:44:22.076+0000] {logging_mixin.py:137} INFO - [2023-03-16T23:44:22.076+0000] {dagbag.py:538} INFO - Filling up the DagBag from /home/airflow/.local/lib/python3.7/site-packages/airflow/example_dags/example_dag_decorator.py
[2023-03-16T23:44:22.170+0000] {logging_mixin.py:137} INFO - [2023-03-16T23:44:22.170+0000] {taskmixin.py:205} WARNING - Dependency <Task(_PythonDecoratedOperator): prepare_email>, send_email already registered for DAG: example_dag_decorator
[2023-03-16T23:44:22.172+0000] {logging_mixin.py:137} INFO - [2023-03-16T23:44:22.172+0000] {taskmixin.py:205} WARNING - Dependency <Task(EmailOperator): send_email>, prepare_email already registered for DAG: example_dag_decorator
[2023-03-16T23:44:22.221+0000] {processor.py:753} INFO - DAG(s) dict_keys(['example_dag_decorator']) retrieved from /home/airflow/.local/lib/python3.7/site-packages/airflow/example_dags/example_dag_decorator.py
[2023-03-16T23:44:22.550+0000] {logging_mixin.py:137} INFO - [2023-03-16T23:44:22.550+0000] {dag.py:2690} INFO - Sync 1 DAGs
[2023-03-16T23:44:22.722+0000] {logging_mixin.py:137} INFO - [2023-03-16T23:44:22.722+0000] {dag.py:3441} INFO - Setting next_dagrun for example_dag_decorator to None, run_after=None
[2023-03-16T23:44:22.874+0000] {processor.py:175} INFO - Processing /home/airflow/.local/lib/python3.7/site-packages/airflow/example_dags/example_dag_decorator.py took 0.823 seconds
[2023-03-16T23:44:53.531+0000] {processor.py:153} INFO - Started process (PID=922) to work on /home/airflow/.local/lib/python3.7/site-packages/airflow/example_dags/example_dag_decorator.py
[2023-03-16T23:44:53.550+0000] {processor.py:743} INFO - Processing file /home/airflow/.local/lib/python3.7/site-packages/airflow/example_dags/example_dag_decorator.py for tasks to queue
[2023-03-16T23:44:53.553+0000] {logging_mixin.py:137} INFO - [2023-03-16T23:44:53.553+0000] {dagbag.py:538} INFO - Filling up the DagBag from /home/airflow/.local/lib/python3.7/site-packages/airflow/example_dags/example_dag_decorator.py
[2023-03-16T23:44:53.687+0000] {logging_mixin.py:137} INFO - [2023-03-16T23:44:53.686+0000] {taskmixin.py:205} WARNING - Dependency <Task(_PythonDecoratedOperator): prepare_email>, send_email already registered for DAG: example_dag_decorator
[2023-03-16T23:44:53.713+0000] {logging_mixin.py:137} INFO - [2023-03-16T23:44:53.713+0000] {taskmixin.py:205} WARNING - Dependency <Task(EmailOperator): send_email>, prepare_email already registered for DAG: example_dag_decorator
[2023-03-16T23:44:53.811+0000] {processor.py:753} INFO - DAG(s) dict_keys(['example_dag_decorator']) retrieved from /home/airflow/.local/lib/python3.7/site-packages/airflow/example_dags/example_dag_decorator.py
[2023-03-16T23:44:54.360+0000] {logging_mixin.py:137} INFO - [2023-03-16T23:44:54.360+0000] {dag.py:2690} INFO - Sync 1 DAGs
[2023-03-16T23:44:54.554+0000] {logging_mixin.py:137} INFO - [2023-03-16T23:44:54.553+0000] {dag.py:3441} INFO - Setting next_dagrun for example_dag_decorator to None, run_after=None
[2023-03-16T23:44:54.696+0000] {processor.py:175} INFO - Processing /home/airflow/.local/lib/python3.7/site-packages/airflow/example_dags/example_dag_decorator.py took 1.173 seconds
[2023-03-16T23:45:25.088+0000] {processor.py:153} INFO - Started process (PID=986) to work on /home/airflow/.local/lib/python3.7/site-packages/airflow/example_dags/example_dag_decorator.py
[2023-03-16T23:45:25.090+0000] {processor.py:743} INFO - Processing file /home/airflow/.local/lib/python3.7/site-packages/airflow/example_dags/example_dag_decorator.py for tasks to queue
[2023-03-16T23:45:25.093+0000] {logging_mixin.py:137} INFO - [2023-03-16T23:45:25.093+0000] {dagbag.py:538} INFO - Filling up the DagBag from /home/airflow/.local/lib/python3.7/site-packages/airflow/example_dags/example_dag_decorator.py
[2023-03-16T23:45:25.122+0000] {logging_mixin.py:137} INFO - [2023-03-16T23:45:25.121+0000] {taskmixin.py:205} WARNING - Dependency <Task(_PythonDecoratedOperator): prepare_email>, send_email already registered for DAG: example_dag_decorator
[2023-03-16T23:45:25.122+0000] {logging_mixin.py:137} INFO - [2023-03-16T23:45:25.122+0000] {taskmixin.py:205} WARNING - Dependency <Task(EmailOperator): send_email>, prepare_email already registered for DAG: example_dag_decorator
[2023-03-16T23:45:25.140+0000] {processor.py:753} INFO - DAG(s) dict_keys(['example_dag_decorator']) retrieved from /home/airflow/.local/lib/python3.7/site-packages/airflow/example_dags/example_dag_decorator.py
[2023-03-16T23:45:25.274+0000] {logging_mixin.py:137} INFO - [2023-03-16T23:45:25.274+0000] {dag.py:2690} INFO - Sync 1 DAGs
[2023-03-16T23:45:25.354+0000] {logging_mixin.py:137} INFO - [2023-03-16T23:45:25.354+0000] {dag.py:3441} INFO - Setting next_dagrun for example_dag_decorator to None, run_after=None
[2023-03-16T23:45:25.394+0000] {processor.py:175} INFO - Processing /home/airflow/.local/lib/python3.7/site-packages/airflow/example_dags/example_dag_decorator.py took 0.312 seconds
[2023-03-16T23:45:55.977+0000] {processor.py:153} INFO - Started process (PID=1058) to work on /home/airflow/.local/lib/python3.7/site-packages/airflow/example_dags/example_dag_decorator.py
[2023-03-16T23:45:55.989+0000] {processor.py:743} INFO - Processing file /home/airflow/.local/lib/python3.7/site-packages/airflow/example_dags/example_dag_decorator.py for tasks to queue
[2023-03-16T23:45:55.992+0000] {logging_mixin.py:137} INFO - [2023-03-16T23:45:55.992+0000] {dagbag.py:538} INFO - Filling up the DagBag from /home/airflow/.local/lib/python3.7/site-packages/airflow/example_dags/example_dag_decorator.py
[2023-03-16T23:45:56.095+0000] {logging_mixin.py:137} INFO - [2023-03-16T23:45:56.095+0000] {taskmixin.py:205} WARNING - Dependency <Task(_PythonDecoratedOperator): prepare_email>, send_email already registered for DAG: example_dag_decorator
[2023-03-16T23:45:56.114+0000] {logging_mixin.py:137} INFO - [2023-03-16T23:45:56.112+0000] {taskmixin.py:205} WARNING - Dependency <Task(EmailOperator): send_email>, prepare_email already registered for DAG: example_dag_decorator
[2023-03-16T23:45:56.167+0000] {processor.py:753} INFO - DAG(s) dict_keys(['example_dag_decorator']) retrieved from /home/airflow/.local/lib/python3.7/site-packages/airflow/example_dags/example_dag_decorator.py
[2023-03-16T23:45:56.506+0000] {logging_mixin.py:137} INFO - [2023-03-16T23:45:56.506+0000] {dag.py:2690} INFO - Sync 1 DAGs
[2023-03-16T23:45:56.645+0000] {logging_mixin.py:137} INFO - [2023-03-16T23:45:56.645+0000] {dag.py:3441} INFO - Setting next_dagrun for example_dag_decorator to None, run_after=None
[2023-03-16T23:45:56.778+0000] {processor.py:175} INFO - Processing /home/airflow/.local/lib/python3.7/site-packages/airflow/example_dags/example_dag_decorator.py took 0.807 seconds
[2023-03-16T23:46:27.536+0000] {processor.py:153} INFO - Started process (PID=1122) to work on /home/airflow/.local/lib/python3.7/site-packages/airflow/example_dags/example_dag_decorator.py
[2023-03-16T23:46:27.538+0000] {processor.py:743} INFO - Processing file /home/airflow/.local/lib/python3.7/site-packages/airflow/example_dags/example_dag_decorator.py for tasks to queue
[2023-03-16T23:46:27.539+0000] {logging_mixin.py:137} INFO - [2023-03-16T23:46:27.539+0000] {dagbag.py:538} INFO - Filling up the DagBag from /home/airflow/.local/lib/python3.7/site-packages/airflow/example_dags/example_dag_decorator.py
[2023-03-16T23:46:27.596+0000] {logging_mixin.py:137} INFO - [2023-03-16T23:46:27.595+0000] {taskmixin.py:205} WARNING - Dependency <Task(_PythonDecoratedOperator): prepare_email>, send_email already registered for DAG: example_dag_decorator
[2023-03-16T23:46:27.597+0000] {logging_mixin.py:137} INFO - [2023-03-16T23:46:27.597+0000] {taskmixin.py:205} WARNING - Dependency <Task(EmailOperator): send_email>, prepare_email already registered for DAG: example_dag_decorator
[2023-03-16T23:46:27.642+0000] {processor.py:753} INFO - DAG(s) dict_keys(['example_dag_decorator']) retrieved from /home/airflow/.local/lib/python3.7/site-packages/airflow/example_dags/example_dag_decorator.py
[2023-03-16T23:46:27.928+0000] {logging_mixin.py:137} INFO - [2023-03-16T23:46:27.928+0000] {dag.py:2690} INFO - Sync 1 DAGs
[2023-03-16T23:46:28.058+0000] {logging_mixin.py:137} INFO - [2023-03-16T23:46:28.058+0000] {dag.py:3441} INFO - Setting next_dagrun for example_dag_decorator to None, run_after=None
[2023-03-16T23:46:28.156+0000] {processor.py:175} INFO - Processing /home/airflow/.local/lib/python3.7/site-packages/airflow/example_dags/example_dag_decorator.py took 0.627 seconds
[2023-03-16T23:46:58.405+0000] {processor.py:153} INFO - Started process (PID=1189) to work on /home/airflow/.local/lib/python3.7/site-packages/airflow/example_dags/example_dag_decorator.py
[2023-03-16T23:46:58.407+0000] {processor.py:743} INFO - Processing file /home/airflow/.local/lib/python3.7/site-packages/airflow/example_dags/example_dag_decorator.py for tasks to queue
[2023-03-16T23:46:58.409+0000] {logging_mixin.py:137} INFO - [2023-03-16T23:46:58.408+0000] {dagbag.py:538} INFO - Filling up the DagBag from /home/airflow/.local/lib/python3.7/site-packages/airflow/example_dags/example_dag_decorator.py
[2023-03-16T23:46:58.432+0000] {logging_mixin.py:137} INFO - [2023-03-16T23:46:58.432+0000] {taskmixin.py:205} WARNING - Dependency <Task(_PythonDecoratedOperator): prepare_email>, send_email already registered for DAG: example_dag_decorator
[2023-03-16T23:46:58.433+0000] {logging_mixin.py:137} INFO - [2023-03-16T23:46:58.433+0000] {taskmixin.py:205} WARNING - Dependency <Task(EmailOperator): send_email>, prepare_email already registered for DAG: example_dag_decorator
[2023-03-16T23:46:58.451+0000] {processor.py:753} INFO - DAG(s) dict_keys(['example_dag_decorator']) retrieved from /home/airflow/.local/lib/python3.7/site-packages/airflow/example_dags/example_dag_decorator.py
[2023-03-16T23:46:58.552+0000] {logging_mixin.py:137} INFO - [2023-03-16T23:46:58.552+0000] {dag.py:2690} INFO - Sync 1 DAGs
[2023-03-16T23:46:58.588+0000] {logging_mixin.py:137} INFO - [2023-03-16T23:46:58.588+0000] {dag.py:3441} INFO - Setting next_dagrun for example_dag_decorator to None, run_after=None
[2023-03-16T23:46:58.620+0000] {processor.py:175} INFO - Processing /home/airflow/.local/lib/python3.7/site-packages/airflow/example_dags/example_dag_decorator.py took 0.220 seconds
[2023-03-16T23:47:29.420+0000] {processor.py:153} INFO - Started process (PID=1262) to work on /home/airflow/.local/lib/python3.7/site-packages/airflow/example_dags/example_dag_decorator.py
[2023-03-16T23:47:29.421+0000] {processor.py:743} INFO - Processing file /home/airflow/.local/lib/python3.7/site-packages/airflow/example_dags/example_dag_decorator.py for tasks to queue
[2023-03-16T23:47:29.423+0000] {logging_mixin.py:137} INFO - [2023-03-16T23:47:29.423+0000] {dagbag.py:538} INFO - Filling up the DagBag from /home/airflow/.local/lib/python3.7/site-packages/airflow/example_dags/example_dag_decorator.py
[2023-03-16T23:47:29.459+0000] {logging_mixin.py:137} INFO - [2023-03-16T23:47:29.459+0000] {taskmixin.py:205} WARNING - Dependency <Task(_PythonDecoratedOperator): prepare_email>, send_email already registered for DAG: example_dag_decorator
[2023-03-16T23:47:29.460+0000] {logging_mixin.py:137} INFO - [2023-03-16T23:47:29.460+0000] {taskmixin.py:205} WARNING - Dependency <Task(EmailOperator): send_email>, prepare_email already registered for DAG: example_dag_decorator
[2023-03-16T23:47:29.483+0000] {processor.py:753} INFO - DAG(s) dict_keys(['example_dag_decorator']) retrieved from /home/airflow/.local/lib/python3.7/site-packages/airflow/example_dags/example_dag_decorator.py
[2023-03-16T23:47:29.623+0000] {logging_mixin.py:137} INFO - [2023-03-16T23:47:29.621+0000] {dag.py:2690} INFO - Sync 1 DAGs
[2023-03-16T23:47:29.694+0000] {logging_mixin.py:137} INFO - [2023-03-16T23:47:29.694+0000] {dag.py:3441} INFO - Setting next_dagrun for example_dag_decorator to None, run_after=None
[2023-03-16T23:47:29.777+0000] {processor.py:175} INFO - Processing /home/airflow/.local/lib/python3.7/site-packages/airflow/example_dags/example_dag_decorator.py took 0.362 seconds
[2023-03-16T23:48:00.153+0000] {processor.py:153} INFO - Started process (PID=1335) to work on /home/airflow/.local/lib/python3.7/site-packages/airflow/example_dags/example_dag_decorator.py
[2023-03-16T23:48:00.155+0000] {processor.py:743} INFO - Processing file /home/airflow/.local/lib/python3.7/site-packages/airflow/example_dags/example_dag_decorator.py for tasks to queue
[2023-03-16T23:48:00.157+0000] {logging_mixin.py:137} INFO - [2023-03-16T23:48:00.156+0000] {dagbag.py:538} INFO - Filling up the DagBag from /home/airflow/.local/lib/python3.7/site-packages/airflow/example_dags/example_dag_decorator.py
[2023-03-16T23:48:00.191+0000] {logging_mixin.py:137} INFO - [2023-03-16T23:48:00.191+0000] {taskmixin.py:205} WARNING - Dependency <Task(_PythonDecoratedOperator): prepare_email>, send_email already registered for DAG: example_dag_decorator
[2023-03-16T23:48:00.192+0000] {logging_mixin.py:137} INFO - [2023-03-16T23:48:00.192+0000] {taskmixin.py:205} WARNING - Dependency <Task(EmailOperator): send_email>, prepare_email already registered for DAG: example_dag_decorator
[2023-03-16T23:48:00.209+0000] {processor.py:753} INFO - DAG(s) dict_keys(['example_dag_decorator']) retrieved from /home/airflow/.local/lib/python3.7/site-packages/airflow/example_dags/example_dag_decorator.py
[2023-03-16T23:48:00.385+0000] {logging_mixin.py:137} INFO - [2023-03-16T23:48:00.385+0000] {dag.py:2690} INFO - Sync 1 DAGs
[2023-03-16T23:48:00.445+0000] {logging_mixin.py:137} INFO - [2023-03-16T23:48:00.445+0000] {dag.py:3441} INFO - Setting next_dagrun for example_dag_decorator to None, run_after=None
[2023-03-16T23:48:00.499+0000] {processor.py:175} INFO - Processing /home/airflow/.local/lib/python3.7/site-packages/airflow/example_dags/example_dag_decorator.py took 0.353 seconds
[2023-03-16T23:48:30.926+0000] {processor.py:153} INFO - Started process (PID=1408) to work on /home/airflow/.local/lib/python3.7/site-packages/airflow/example_dags/example_dag_decorator.py
[2023-03-16T23:48:30.932+0000] {processor.py:743} INFO - Processing file /home/airflow/.local/lib/python3.7/site-packages/airflow/example_dags/example_dag_decorator.py for tasks to queue
[2023-03-16T23:48:30.935+0000] {logging_mixin.py:137} INFO - [2023-03-16T23:48:30.934+0000] {dagbag.py:538} INFO - Filling up the DagBag from /home/airflow/.local/lib/python3.7/site-packages/airflow/example_dags/example_dag_decorator.py
[2023-03-16T23:48:30.966+0000] {logging_mixin.py:137} INFO - [2023-03-16T23:48:30.966+0000] {taskmixin.py:205} WARNING - Dependency <Task(_PythonDecoratedOperator): prepare_email>, send_email already registered for DAG: example_dag_decorator
[2023-03-16T23:48:30.967+0000] {logging_mixin.py:137} INFO - [2023-03-16T23:48:30.967+0000] {taskmixin.py:205} WARNING - Dependency <Task(EmailOperator): send_email>, prepare_email already registered for DAG: example_dag_decorator
[2023-03-16T23:48:30.984+0000] {processor.py:753} INFO - DAG(s) dict_keys(['example_dag_decorator']) retrieved from /home/airflow/.local/lib/python3.7/site-packages/airflow/example_dags/example_dag_decorator.py
[2023-03-16T23:48:31.114+0000] {logging_mixin.py:137} INFO - [2023-03-16T23:48:31.114+0000] {dag.py:2690} INFO - Sync 1 DAGs
[2023-03-16T23:48:31.152+0000] {logging_mixin.py:137} INFO - [2023-03-16T23:48:31.152+0000] {dag.py:3441} INFO - Setting next_dagrun for example_dag_decorator to None, run_after=None
[2023-03-16T23:48:31.187+0000] {processor.py:175} INFO - Processing /home/airflow/.local/lib/python3.7/site-packages/airflow/example_dags/example_dag_decorator.py took 0.269 seconds
[2023-03-16T23:49:01.774+0000] {processor.py:153} INFO - Started process (PID=1481) to work on /home/airflow/.local/lib/python3.7/site-packages/airflow/example_dags/example_dag_decorator.py
[2023-03-16T23:49:01.786+0000] {processor.py:743} INFO - Processing file /home/airflow/.local/lib/python3.7/site-packages/airflow/example_dags/example_dag_decorator.py for tasks to queue
[2023-03-16T23:49:01.788+0000] {logging_mixin.py:137} INFO - [2023-03-16T23:49:01.788+0000] {dagbag.py:538} INFO - Filling up the DagBag from /home/airflow/.local/lib/python3.7/site-packages/airflow/example_dags/example_dag_decorator.py
[2023-03-16T23:49:01.831+0000] {logging_mixin.py:137} INFO - [2023-03-16T23:49:01.830+0000] {taskmixin.py:205} WARNING - Dependency <Task(_PythonDecoratedOperator): prepare_email>, send_email already registered for DAG: example_dag_decorator
[2023-03-16T23:49:01.833+0000] {logging_mixin.py:137} INFO - [2023-03-16T23:49:01.832+0000] {taskmixin.py:205} WARNING - Dependency <Task(EmailOperator): send_email>, prepare_email already registered for DAG: example_dag_decorator
[2023-03-16T23:49:01.873+0000] {processor.py:753} INFO - DAG(s) dict_keys(['example_dag_decorator']) retrieved from /home/airflow/.local/lib/python3.7/site-packages/airflow/example_dags/example_dag_decorator.py
[2023-03-16T23:49:01.999+0000] {logging_mixin.py:137} INFO - [2023-03-16T23:49:01.999+0000] {dag.py:2690} INFO - Sync 1 DAGs
[2023-03-16T23:49:02.054+0000] {logging_mixin.py:137} INFO - [2023-03-16T23:49:02.053+0000] {dag.py:3441} INFO - Setting next_dagrun for example_dag_decorator to None, run_after=None
[2023-03-16T23:49:02.113+0000] {processor.py:175} INFO - Processing /home/airflow/.local/lib/python3.7/site-packages/airflow/example_dags/example_dag_decorator.py took 0.347 seconds
[2023-03-16T23:49:32.938+0000] {processor.py:153} INFO - Started process (PID=1554) to work on /home/airflow/.local/lib/python3.7/site-packages/airflow/example_dags/example_dag_decorator.py
[2023-03-16T23:49:32.940+0000] {processor.py:743} INFO - Processing file /home/airflow/.local/lib/python3.7/site-packages/airflow/example_dags/example_dag_decorator.py for tasks to queue
[2023-03-16T23:49:32.942+0000] {logging_mixin.py:137} INFO - [2023-03-16T23:49:32.941+0000] {dagbag.py:538} INFO - Filling up the DagBag from /home/airflow/.local/lib/python3.7/site-packages/airflow/example_dags/example_dag_decorator.py
[2023-03-16T23:49:32.978+0000] {logging_mixin.py:137} INFO - [2023-03-16T23:49:32.977+0000] {taskmixin.py:205} WARNING - Dependency <Task(_PythonDecoratedOperator): prepare_email>, send_email already registered for DAG: example_dag_decorator
[2023-03-16T23:49:32.978+0000] {logging_mixin.py:137} INFO - [2023-03-16T23:49:32.978+0000] {taskmixin.py:205} WARNING - Dependency <Task(EmailOperator): send_email>, prepare_email already registered for DAG: example_dag_decorator
[2023-03-16T23:49:33.001+0000] {processor.py:753} INFO - DAG(s) dict_keys(['example_dag_decorator']) retrieved from /home/airflow/.local/lib/python3.7/site-packages/airflow/example_dags/example_dag_decorator.py
[2023-03-16T23:49:33.114+0000] {logging_mixin.py:137} INFO - [2023-03-16T23:49:33.114+0000] {dag.py:2690} INFO - Sync 1 DAGs
[2023-03-16T23:49:33.153+0000] {logging_mixin.py:137} INFO - [2023-03-16T23:49:33.153+0000] {dag.py:3441} INFO - Setting next_dagrun for example_dag_decorator to None, run_after=None
[2023-03-16T23:49:33.198+0000] {processor.py:175} INFO - Processing /home/airflow/.local/lib/python3.7/site-packages/airflow/example_dags/example_dag_decorator.py took 0.266 seconds
[2023-03-16T23:50:03.821+0000] {processor.py:153} INFO - Started process (PID=1627) to work on /home/airflow/.local/lib/python3.7/site-packages/airflow/example_dags/example_dag_decorator.py
[2023-03-16T23:50:03.822+0000] {processor.py:743} INFO - Processing file /home/airflow/.local/lib/python3.7/site-packages/airflow/example_dags/example_dag_decorator.py for tasks to queue
[2023-03-16T23:50:03.824+0000] {logging_mixin.py:137} INFO - [2023-03-16T23:50:03.824+0000] {dagbag.py:538} INFO - Filling up the DagBag from /home/airflow/.local/lib/python3.7/site-packages/airflow/example_dags/example_dag_decorator.py
[2023-03-16T23:50:03.860+0000] {logging_mixin.py:137} INFO - [2023-03-16T23:50:03.860+0000] {taskmixin.py:205} WARNING - Dependency <Task(_PythonDecoratedOperator): prepare_email>, send_email already registered for DAG: example_dag_decorator
[2023-03-16T23:50:03.862+0000] {logging_mixin.py:137} INFO - [2023-03-16T23:50:03.862+0000] {taskmixin.py:205} WARNING - Dependency <Task(EmailOperator): send_email>, prepare_email already registered for DAG: example_dag_decorator
[2023-03-16T23:50:03.891+0000] {processor.py:753} INFO - DAG(s) dict_keys(['example_dag_decorator']) retrieved from /home/airflow/.local/lib/python3.7/site-packages/airflow/example_dags/example_dag_decorator.py
[2023-03-16T23:50:04.038+0000] {logging_mixin.py:137} INFO - [2023-03-16T23:50:04.038+0000] {dag.py:2690} INFO - Sync 1 DAGs
[2023-03-16T23:50:04.089+0000] {logging_mixin.py:137} INFO - [2023-03-16T23:50:04.088+0000] {dag.py:3441} INFO - Setting next_dagrun for example_dag_decorator to None, run_after=None
[2023-03-16T23:50:04.160+0000] {processor.py:175} INFO - Processing /home/airflow/.local/lib/python3.7/site-packages/airflow/example_dags/example_dag_decorator.py took 0.347 seconds
[2023-03-16T23:50:34.342+0000] {processor.py:153} INFO - Started process (PID=1700) to work on /home/airflow/.local/lib/python3.7/site-packages/airflow/example_dags/example_dag_decorator.py
[2023-03-16T23:50:34.347+0000] {processor.py:743} INFO - Processing file /home/airflow/.local/lib/python3.7/site-packages/airflow/example_dags/example_dag_decorator.py for tasks to queue
[2023-03-16T23:50:34.362+0000] {logging_mixin.py:137} INFO - [2023-03-16T23:50:34.358+0000] {dagbag.py:538} INFO - Filling up the DagBag from /home/airflow/.local/lib/python3.7/site-packages/airflow/example_dags/example_dag_decorator.py
[2023-03-16T23:50:34.423+0000] {logging_mixin.py:137} INFO - [2023-03-16T23:50:34.423+0000] {taskmixin.py:205} WARNING - Dependency <Task(_PythonDecoratedOperator): prepare_email>, send_email already registered for DAG: example_dag_decorator
[2023-03-16T23:50:34.429+0000] {logging_mixin.py:137} INFO - [2023-03-16T23:50:34.429+0000] {taskmixin.py:205} WARNING - Dependency <Task(EmailOperator): send_email>, prepare_email already registered for DAG: example_dag_decorator
[2023-03-16T23:50:34.468+0000] {processor.py:753} INFO - DAG(s) dict_keys(['example_dag_decorator']) retrieved from /home/airflow/.local/lib/python3.7/site-packages/airflow/example_dags/example_dag_decorator.py
[2023-03-16T23:50:34.732+0000] {logging_mixin.py:137} INFO - [2023-03-16T23:50:34.732+0000] {dag.py:2690} INFO - Sync 1 DAGs
[2023-03-16T23:50:34.847+0000] {logging_mixin.py:137} INFO - [2023-03-16T23:50:34.847+0000] {dag.py:3441} INFO - Setting next_dagrun for example_dag_decorator to None, run_after=None
[2023-03-16T23:50:34.960+0000] {processor.py:175} INFO - Processing /home/airflow/.local/lib/python3.7/site-packages/airflow/example_dags/example_dag_decorator.py took 0.627 seconds
[2023-03-16T23:51:05.371+0000] {processor.py:153} INFO - Started process (PID=1773) to work on /home/airflow/.local/lib/python3.7/site-packages/airflow/example_dags/example_dag_decorator.py
[2023-03-16T23:51:05.373+0000] {processor.py:743} INFO - Processing file /home/airflow/.local/lib/python3.7/site-packages/airflow/example_dags/example_dag_decorator.py for tasks to queue
[2023-03-16T23:51:05.375+0000] {logging_mixin.py:137} INFO - [2023-03-16T23:51:05.374+0000] {dagbag.py:538} INFO - Filling up the DagBag from /home/airflow/.local/lib/python3.7/site-packages/airflow/example_dags/example_dag_decorator.py
[2023-03-16T23:51:05.416+0000] {logging_mixin.py:137} INFO - [2023-03-16T23:51:05.416+0000] {taskmixin.py:205} WARNING - Dependency <Task(_PythonDecoratedOperator): prepare_email>, send_email already registered for DAG: example_dag_decorator
[2023-03-16T23:51:05.418+0000] {logging_mixin.py:137} INFO - [2023-03-16T23:51:05.417+0000] {taskmixin.py:205} WARNING - Dependency <Task(EmailOperator): send_email>, prepare_email already registered for DAG: example_dag_decorator
[2023-03-16T23:51:05.452+0000] {processor.py:753} INFO - DAG(s) dict_keys(['example_dag_decorator']) retrieved from /home/airflow/.local/lib/python3.7/site-packages/airflow/example_dags/example_dag_decorator.py
[2023-03-16T23:51:05.688+0000] {logging_mixin.py:137} INFO - [2023-03-16T23:51:05.687+0000] {dag.py:2690} INFO - Sync 1 DAGs
[2023-03-16T23:51:05.743+0000] {logging_mixin.py:137} INFO - [2023-03-16T23:51:05.743+0000] {dag.py:3441} INFO - Setting next_dagrun for example_dag_decorator to None, run_after=None
[2023-03-16T23:51:05.807+0000] {processor.py:175} INFO - Processing /home/airflow/.local/lib/python3.7/site-packages/airflow/example_dags/example_dag_decorator.py took 0.444 seconds
[2023-03-16T23:51:36.402+0000] {processor.py:153} INFO - Started process (PID=1846) to work on /home/airflow/.local/lib/python3.7/site-packages/airflow/example_dags/example_dag_decorator.py
[2023-03-16T23:51:36.410+0000] {processor.py:743} INFO - Processing file /home/airflow/.local/lib/python3.7/site-packages/airflow/example_dags/example_dag_decorator.py for tasks to queue
[2023-03-16T23:51:36.412+0000] {logging_mixin.py:137} INFO - [2023-03-16T23:51:36.412+0000] {dagbag.py:538} INFO - Filling up the DagBag from /home/airflow/.local/lib/python3.7/site-packages/airflow/example_dags/example_dag_decorator.py
[2023-03-16T23:51:36.445+0000] {logging_mixin.py:137} INFO - [2023-03-16T23:51:36.445+0000] {taskmixin.py:205} WARNING - Dependency <Task(_PythonDecoratedOperator): prepare_email>, send_email already registered for DAG: example_dag_decorator
[2023-03-16T23:51:36.447+0000] {logging_mixin.py:137} INFO - [2023-03-16T23:51:36.446+0000] {taskmixin.py:205} WARNING - Dependency <Task(EmailOperator): send_email>, prepare_email already registered for DAG: example_dag_decorator
[2023-03-16T23:51:36.475+0000] {processor.py:753} INFO - DAG(s) dict_keys(['example_dag_decorator']) retrieved from /home/airflow/.local/lib/python3.7/site-packages/airflow/example_dags/example_dag_decorator.py
[2023-03-16T23:51:36.661+0000] {logging_mixin.py:137} INFO - [2023-03-16T23:51:36.660+0000] {dag.py:2690} INFO - Sync 1 DAGs
[2023-03-16T23:51:36.713+0000] {logging_mixin.py:137} INFO - [2023-03-16T23:51:36.713+0000] {dag.py:3441} INFO - Setting next_dagrun for example_dag_decorator to None, run_after=None
[2023-03-16T23:51:36.758+0000] {processor.py:175} INFO - Processing /home/airflow/.local/lib/python3.7/site-packages/airflow/example_dags/example_dag_decorator.py took 0.367 seconds
[2023-03-16T23:52:07.148+0000] {processor.py:153} INFO - Started process (PID=1920) to work on /home/airflow/.local/lib/python3.7/site-packages/airflow/example_dags/example_dag_decorator.py
[2023-03-16T23:52:07.151+0000] {processor.py:743} INFO - Processing file /home/airflow/.local/lib/python3.7/site-packages/airflow/example_dags/example_dag_decorator.py for tasks to queue
[2023-03-16T23:52:07.154+0000] {logging_mixin.py:137} INFO - [2023-03-16T23:52:07.153+0000] {dagbag.py:538} INFO - Filling up the DagBag from /home/airflow/.local/lib/python3.7/site-packages/airflow/example_dags/example_dag_decorator.py
[2023-03-16T23:52:07.195+0000] {logging_mixin.py:137} INFO - [2023-03-16T23:52:07.194+0000] {taskmixin.py:205} WARNING - Dependency <Task(_PythonDecoratedOperator): prepare_email>, send_email already registered for DAG: example_dag_decorator
[2023-03-16T23:52:07.196+0000] {logging_mixin.py:137} INFO - [2023-03-16T23:52:07.196+0000] {taskmixin.py:205} WARNING - Dependency <Task(EmailOperator): send_email>, prepare_email already registered for DAG: example_dag_decorator
[2023-03-16T23:52:07.232+0000] {processor.py:753} INFO - DAG(s) dict_keys(['example_dag_decorator']) retrieved from /home/airflow/.local/lib/python3.7/site-packages/airflow/example_dags/example_dag_decorator.py
[2023-03-16T23:52:07.407+0000] {logging_mixin.py:137} INFO - [2023-03-16T23:52:07.406+0000] {dag.py:2690} INFO - Sync 1 DAGs
[2023-03-16T23:52:07.476+0000] {logging_mixin.py:137} INFO - [2023-03-16T23:52:07.476+0000] {dag.py:3441} INFO - Setting next_dagrun for example_dag_decorator to None, run_after=None
[2023-03-16T23:52:07.523+0000] {processor.py:175} INFO - Processing /home/airflow/.local/lib/python3.7/site-packages/airflow/example_dags/example_dag_decorator.py took 0.385 seconds
[2023-03-16T23:52:38.134+0000] {processor.py:153} INFO - Started process (PID=1993) to work on /home/airflow/.local/lib/python3.7/site-packages/airflow/example_dags/example_dag_decorator.py
[2023-03-16T23:52:38.139+0000] {processor.py:743} INFO - Processing file /home/airflow/.local/lib/python3.7/site-packages/airflow/example_dags/example_dag_decorator.py for tasks to queue
[2023-03-16T23:52:38.142+0000] {logging_mixin.py:137} INFO - [2023-03-16T23:52:38.141+0000] {dagbag.py:538} INFO - Filling up the DagBag from /home/airflow/.local/lib/python3.7/site-packages/airflow/example_dags/example_dag_decorator.py
[2023-03-16T23:52:38.186+0000] {logging_mixin.py:137} INFO - [2023-03-16T23:52:38.186+0000] {taskmixin.py:205} WARNING - Dependency <Task(_PythonDecoratedOperator): prepare_email>, send_email already registered for DAG: example_dag_decorator
[2023-03-16T23:52:38.188+0000] {logging_mixin.py:137} INFO - [2023-03-16T23:52:38.187+0000] {taskmixin.py:205} WARNING - Dependency <Task(EmailOperator): send_email>, prepare_email already registered for DAG: example_dag_decorator
[2023-03-16T23:52:38.216+0000] {processor.py:753} INFO - DAG(s) dict_keys(['example_dag_decorator']) retrieved from /home/airflow/.local/lib/python3.7/site-packages/airflow/example_dags/example_dag_decorator.py
[2023-03-16T23:52:38.388+0000] {logging_mixin.py:137} INFO - [2023-03-16T23:52:38.388+0000] {dag.py:2690} INFO - Sync 1 DAGs
[2023-03-16T23:52:38.451+0000] {logging_mixin.py:137} INFO - [2023-03-16T23:52:38.451+0000] {dag.py:3441} INFO - Setting next_dagrun for example_dag_decorator to None, run_after=None
[2023-03-16T23:52:38.513+0000] {processor.py:175} INFO - Processing /home/airflow/.local/lib/python3.7/site-packages/airflow/example_dags/example_dag_decorator.py took 0.389 seconds
[2023-03-16T23:53:09.314+0000] {processor.py:153} INFO - Started process (PID=2066) to work on /home/airflow/.local/lib/python3.7/site-packages/airflow/example_dags/example_dag_decorator.py
[2023-03-16T23:53:09.321+0000] {processor.py:743} INFO - Processing file /home/airflow/.local/lib/python3.7/site-packages/airflow/example_dags/example_dag_decorator.py for tasks to queue
[2023-03-16T23:53:09.326+0000] {logging_mixin.py:137} INFO - [2023-03-16T23:53:09.325+0000] {dagbag.py:538} INFO - Filling up the DagBag from /home/airflow/.local/lib/python3.7/site-packages/airflow/example_dags/example_dag_decorator.py
[2023-03-16T23:53:09.446+0000] {logging_mixin.py:137} INFO - [2023-03-16T23:53:09.433+0000] {taskmixin.py:205} WARNING - Dependency <Task(_PythonDecoratedOperator): prepare_email>, send_email already registered for DAG: example_dag_decorator
[2023-03-16T23:53:09.465+0000] {logging_mixin.py:137} INFO - [2023-03-16T23:53:09.465+0000] {taskmixin.py:205} WARNING - Dependency <Task(EmailOperator): send_email>, prepare_email already registered for DAG: example_dag_decorator
[2023-03-16T23:53:09.533+0000] {processor.py:753} INFO - DAG(s) dict_keys(['example_dag_decorator']) retrieved from /home/airflow/.local/lib/python3.7/site-packages/airflow/example_dags/example_dag_decorator.py
[2023-03-16T23:53:09.813+0000] {logging_mixin.py:137} INFO - [2023-03-16T23:53:09.813+0000] {dag.py:2690} INFO - Sync 1 DAGs
[2023-03-16T23:53:09.913+0000] {logging_mixin.py:137} INFO - [2023-03-16T23:53:09.913+0000] {dag.py:3441} INFO - Setting next_dagrun for example_dag_decorator to None, run_after=None
[2023-03-16T23:53:10.004+0000] {processor.py:175} INFO - Processing /home/airflow/.local/lib/python3.7/site-packages/airflow/example_dags/example_dag_decorator.py took 0.706 seconds
[2023-03-16T23:53:40.448+0000] {processor.py:153} INFO - Started process (PID=2139) to work on /home/airflow/.local/lib/python3.7/site-packages/airflow/example_dags/example_dag_decorator.py
[2023-03-16T23:53:40.450+0000] {processor.py:743} INFO - Processing file /home/airflow/.local/lib/python3.7/site-packages/airflow/example_dags/example_dag_decorator.py for tasks to queue
[2023-03-16T23:53:40.452+0000] {logging_mixin.py:137} INFO - [2023-03-16T23:53:40.451+0000] {dagbag.py:538} INFO - Filling up the DagBag from /home/airflow/.local/lib/python3.7/site-packages/airflow/example_dags/example_dag_decorator.py
[2023-03-16T23:53:40.491+0000] {logging_mixin.py:137} INFO - [2023-03-16T23:53:40.490+0000] {taskmixin.py:205} WARNING - Dependency <Task(_PythonDecoratedOperator): prepare_email>, send_email already registered for DAG: example_dag_decorator
[2023-03-16T23:53:40.492+0000] {logging_mixin.py:137} INFO - [2023-03-16T23:53:40.491+0000] {taskmixin.py:205} WARNING - Dependency <Task(EmailOperator): send_email>, prepare_email already registered for DAG: example_dag_decorator
[2023-03-16T23:53:40.517+0000] {processor.py:753} INFO - DAG(s) dict_keys(['example_dag_decorator']) retrieved from /home/airflow/.local/lib/python3.7/site-packages/airflow/example_dags/example_dag_decorator.py
[2023-03-16T23:53:40.695+0000] {logging_mixin.py:137} INFO - [2023-03-16T23:53:40.695+0000] {dag.py:2690} INFO - Sync 1 DAGs
[2023-03-16T23:53:40.779+0000] {logging_mixin.py:137} INFO - [2023-03-16T23:53:40.778+0000] {dag.py:3441} INFO - Setting next_dagrun for example_dag_decorator to None, run_after=None
[2023-03-16T23:53:40.867+0000] {processor.py:175} INFO - Processing /home/airflow/.local/lib/python3.7/site-packages/airflow/example_dags/example_dag_decorator.py took 0.425 seconds
[2023-03-16T23:54:11.600+0000] {processor.py:153} INFO - Started process (PID=2212) to work on /home/airflow/.local/lib/python3.7/site-packages/airflow/example_dags/example_dag_decorator.py
[2023-03-16T23:54:11.602+0000] {processor.py:743} INFO - Processing file /home/airflow/.local/lib/python3.7/site-packages/airflow/example_dags/example_dag_decorator.py for tasks to queue
[2023-03-16T23:54:11.604+0000] {logging_mixin.py:137} INFO - [2023-03-16T23:54:11.604+0000] {dagbag.py:538} INFO - Filling up the DagBag from /home/airflow/.local/lib/python3.7/site-packages/airflow/example_dags/example_dag_decorator.py
[2023-03-16T23:54:11.635+0000] {logging_mixin.py:137} INFO - [2023-03-16T23:54:11.635+0000] {taskmixin.py:205} WARNING - Dependency <Task(_PythonDecoratedOperator): prepare_email>, send_email already registered for DAG: example_dag_decorator
[2023-03-16T23:54:11.636+0000] {logging_mixin.py:137} INFO - [2023-03-16T23:54:11.636+0000] {taskmixin.py:205} WARNING - Dependency <Task(EmailOperator): send_email>, prepare_email already registered for DAG: example_dag_decorator
[2023-03-16T23:54:11.654+0000] {processor.py:753} INFO - DAG(s) dict_keys(['example_dag_decorator']) retrieved from /home/airflow/.local/lib/python3.7/site-packages/airflow/example_dags/example_dag_decorator.py
[2023-03-16T23:54:11.795+0000] {logging_mixin.py:137} INFO - [2023-03-16T23:54:11.795+0000] {dag.py:2690} INFO - Sync 1 DAGs
[2023-03-16T23:54:11.848+0000] {logging_mixin.py:137} INFO - [2023-03-16T23:54:11.848+0000] {dag.py:3441} INFO - Setting next_dagrun for example_dag_decorator to None, run_after=None
[2023-03-16T23:54:11.893+0000] {processor.py:175} INFO - Processing /home/airflow/.local/lib/python3.7/site-packages/airflow/example_dags/example_dag_decorator.py took 0.301 seconds
[2023-03-16T23:54:42.084+0000] {processor.py:153} INFO - Started process (PID=2285) to work on /home/airflow/.local/lib/python3.7/site-packages/airflow/example_dags/example_dag_decorator.py
[2023-03-16T23:54:42.086+0000] {processor.py:743} INFO - Processing file /home/airflow/.local/lib/python3.7/site-packages/airflow/example_dags/example_dag_decorator.py for tasks to queue
[2023-03-16T23:54:42.093+0000] {logging_mixin.py:137} INFO - [2023-03-16T23:54:42.092+0000] {dagbag.py:538} INFO - Filling up the DagBag from /home/airflow/.local/lib/python3.7/site-packages/airflow/example_dags/example_dag_decorator.py
[2023-03-16T23:54:42.126+0000] {logging_mixin.py:137} INFO - [2023-03-16T23:54:42.126+0000] {taskmixin.py:205} WARNING - Dependency <Task(_PythonDecoratedOperator): prepare_email>, send_email already registered for DAG: example_dag_decorator
[2023-03-16T23:54:42.127+0000] {logging_mixin.py:137} INFO - [2023-03-16T23:54:42.127+0000] {taskmixin.py:205} WARNING - Dependency <Task(EmailOperator): send_email>, prepare_email already registered for DAG: example_dag_decorator
[2023-03-16T23:54:42.147+0000] {processor.py:753} INFO - DAG(s) dict_keys(['example_dag_decorator']) retrieved from /home/airflow/.local/lib/python3.7/site-packages/airflow/example_dags/example_dag_decorator.py
[2023-03-16T23:54:42.252+0000] {logging_mixin.py:137} INFO - [2023-03-16T23:54:42.252+0000] {dag.py:2690} INFO - Sync 1 DAGs
[2023-03-16T23:54:42.304+0000] {logging_mixin.py:137} INFO - [2023-03-16T23:54:42.304+0000] {dag.py:3441} INFO - Setting next_dagrun for example_dag_decorator to None, run_after=None
[2023-03-16T23:54:42.362+0000] {processor.py:175} INFO - Processing /home/airflow/.local/lib/python3.7/site-packages/airflow/example_dags/example_dag_decorator.py took 0.284 seconds
[2023-03-16T23:55:12.923+0000] {processor.py:153} INFO - Started process (PID=2358) to work on /home/airflow/.local/lib/python3.7/site-packages/airflow/example_dags/example_dag_decorator.py
[2023-03-16T23:55:12.925+0000] {processor.py:743} INFO - Processing file /home/airflow/.local/lib/python3.7/site-packages/airflow/example_dags/example_dag_decorator.py for tasks to queue
[2023-03-16T23:55:12.927+0000] {logging_mixin.py:137} INFO - [2023-03-16T23:55:12.927+0000] {dagbag.py:538} INFO - Filling up the DagBag from /home/airflow/.local/lib/python3.7/site-packages/airflow/example_dags/example_dag_decorator.py
[2023-03-16T23:55:12.958+0000] {logging_mixin.py:137} INFO - [2023-03-16T23:55:12.957+0000] {taskmixin.py:205} WARNING - Dependency <Task(_PythonDecoratedOperator): prepare_email>, send_email already registered for DAG: example_dag_decorator
[2023-03-16T23:55:12.959+0000] {logging_mixin.py:137} INFO - [2023-03-16T23:55:12.958+0000] {taskmixin.py:205} WARNING - Dependency <Task(EmailOperator): send_email>, prepare_email already registered for DAG: example_dag_decorator
[2023-03-16T23:55:12.978+0000] {processor.py:753} INFO - DAG(s) dict_keys(['example_dag_decorator']) retrieved from /home/airflow/.local/lib/python3.7/site-packages/airflow/example_dags/example_dag_decorator.py
[2023-03-16T23:55:13.091+0000] {logging_mixin.py:137} INFO - [2023-03-16T23:55:13.091+0000] {dag.py:2690} INFO - Sync 1 DAGs
[2023-03-16T23:55:13.131+0000] {logging_mixin.py:137} INFO - [2023-03-16T23:55:13.131+0000] {dag.py:3441} INFO - Setting next_dagrun for example_dag_decorator to None, run_after=None
[2023-03-16T23:55:13.172+0000] {processor.py:175} INFO - Processing /home/airflow/.local/lib/python3.7/site-packages/airflow/example_dags/example_dag_decorator.py took 0.254 seconds
[2023-03-16T23:55:43.532+0000] {processor.py:153} INFO - Started process (PID=2431) to work on /home/airflow/.local/lib/python3.7/site-packages/airflow/example_dags/example_dag_decorator.py
[2023-03-16T23:55:43.534+0000] {processor.py:743} INFO - Processing file /home/airflow/.local/lib/python3.7/site-packages/airflow/example_dags/example_dag_decorator.py for tasks to queue
[2023-03-16T23:55:43.537+0000] {logging_mixin.py:137} INFO - [2023-03-16T23:55:43.536+0000] {dagbag.py:538} INFO - Filling up the DagBag from /home/airflow/.local/lib/python3.7/site-packages/airflow/example_dags/example_dag_decorator.py
[2023-03-16T23:55:43.586+0000] {logging_mixin.py:137} INFO - [2023-03-16T23:55:43.586+0000] {taskmixin.py:205} WARNING - Dependency <Task(_PythonDecoratedOperator): prepare_email>, send_email already registered for DAG: example_dag_decorator
[2023-03-16T23:55:43.587+0000] {logging_mixin.py:137} INFO - [2023-03-16T23:55:43.587+0000] {taskmixin.py:205} WARNING - Dependency <Task(EmailOperator): send_email>, prepare_email already registered for DAG: example_dag_decorator
[2023-03-16T23:55:43.617+0000] {processor.py:753} INFO - DAG(s) dict_keys(['example_dag_decorator']) retrieved from /home/airflow/.local/lib/python3.7/site-packages/airflow/example_dags/example_dag_decorator.py
[2023-03-16T23:55:43.771+0000] {logging_mixin.py:137} INFO - [2023-03-16T23:55:43.771+0000] {dag.py:2690} INFO - Sync 1 DAGs
[2023-03-16T23:55:43.822+0000] {logging_mixin.py:137} INFO - [2023-03-16T23:55:43.822+0000] {dag.py:3441} INFO - Setting next_dagrun for example_dag_decorator to None, run_after=None
[2023-03-16T23:55:43.874+0000] {processor.py:175} INFO - Processing /home/airflow/.local/lib/python3.7/site-packages/airflow/example_dags/example_dag_decorator.py took 0.349 seconds
[2023-03-16T23:56:13.957+0000] {processor.py:153} INFO - Started process (PID=2504) to work on /home/airflow/.local/lib/python3.7/site-packages/airflow/example_dags/example_dag_decorator.py
[2023-03-16T23:56:13.959+0000] {processor.py:743} INFO - Processing file /home/airflow/.local/lib/python3.7/site-packages/airflow/example_dags/example_dag_decorator.py for tasks to queue
[2023-03-16T23:56:13.961+0000] {logging_mixin.py:137} INFO - [2023-03-16T23:56:13.960+0000] {dagbag.py:538} INFO - Filling up the DagBag from /home/airflow/.local/lib/python3.7/site-packages/airflow/example_dags/example_dag_decorator.py
[2023-03-16T23:56:13.997+0000] {logging_mixin.py:137} INFO - [2023-03-16T23:56:13.997+0000] {taskmixin.py:205} WARNING - Dependency <Task(_PythonDecoratedOperator): prepare_email>, send_email already registered for DAG: example_dag_decorator
[2023-03-16T23:56:13.998+0000] {logging_mixin.py:137} INFO - [2023-03-16T23:56:13.998+0000] {taskmixin.py:205} WARNING - Dependency <Task(EmailOperator): send_email>, prepare_email already registered for DAG: example_dag_decorator
[2023-03-16T23:56:14.026+0000] {processor.py:753} INFO - DAG(s) dict_keys(['example_dag_decorator']) retrieved from /home/airflow/.local/lib/python3.7/site-packages/airflow/example_dags/example_dag_decorator.py
[2023-03-16T23:56:14.213+0000] {logging_mixin.py:137} INFO - [2023-03-16T23:56:14.213+0000] {dag.py:2690} INFO - Sync 1 DAGs
[2023-03-16T23:56:14.278+0000] {logging_mixin.py:137} INFO - [2023-03-16T23:56:14.278+0000] {dag.py:3441} INFO - Setting next_dagrun for example_dag_decorator to None, run_after=None
[2023-03-16T23:56:14.350+0000] {processor.py:175} INFO - Processing /home/airflow/.local/lib/python3.7/site-packages/airflow/example_dags/example_dag_decorator.py took 0.400 seconds
[2023-03-16T23:56:44.564+0000] {processor.py:153} INFO - Started process (PID=2578) to work on /home/airflow/.local/lib/python3.7/site-packages/airflow/example_dags/example_dag_decorator.py
[2023-03-16T23:56:44.565+0000] {processor.py:743} INFO - Processing file /home/airflow/.local/lib/python3.7/site-packages/airflow/example_dags/example_dag_decorator.py for tasks to queue
[2023-03-16T23:56:44.567+0000] {logging_mixin.py:137} INFO - [2023-03-16T23:56:44.567+0000] {dagbag.py:538} INFO - Filling up the DagBag from /home/airflow/.local/lib/python3.7/site-packages/airflow/example_dags/example_dag_decorator.py
[2023-03-16T23:56:44.606+0000] {logging_mixin.py:137} INFO - [2023-03-16T23:56:44.606+0000] {taskmixin.py:205} WARNING - Dependency <Task(_PythonDecoratedOperator): prepare_email>, send_email already registered for DAG: example_dag_decorator
[2023-03-16T23:56:44.607+0000] {logging_mixin.py:137} INFO - [2023-03-16T23:56:44.607+0000] {taskmixin.py:205} WARNING - Dependency <Task(EmailOperator): send_email>, prepare_email already registered for DAG: example_dag_decorator
[2023-03-16T23:56:44.641+0000] {processor.py:753} INFO - DAG(s) dict_keys(['example_dag_decorator']) retrieved from /home/airflow/.local/lib/python3.7/site-packages/airflow/example_dags/example_dag_decorator.py
[2023-03-16T23:56:44.810+0000] {logging_mixin.py:137} INFO - [2023-03-16T23:56:44.810+0000] {dag.py:2690} INFO - Sync 1 DAGs
[2023-03-16T23:56:44.851+0000] {logging_mixin.py:137} INFO - [2023-03-16T23:56:44.851+0000] {dag.py:3441} INFO - Setting next_dagrun for example_dag_decorator to None, run_after=None
[2023-03-16T23:56:44.893+0000] {processor.py:175} INFO - Processing /home/airflow/.local/lib/python3.7/site-packages/airflow/example_dags/example_dag_decorator.py took 0.333 seconds
[2023-03-16T23:57:15.836+0000] {processor.py:153} INFO - Started process (PID=2662) to work on /home/airflow/.local/lib/python3.7/site-packages/airflow/example_dags/example_dag_decorator.py
[2023-03-16T23:57:15.837+0000] {processor.py:743} INFO - Processing file /home/airflow/.local/lib/python3.7/site-packages/airflow/example_dags/example_dag_decorator.py for tasks to queue
[2023-03-16T23:57:15.838+0000] {logging_mixin.py:137} INFO - [2023-03-16T23:57:15.838+0000] {dagbag.py:538} INFO - Filling up the DagBag from /home/airflow/.local/lib/python3.7/site-packages/airflow/example_dags/example_dag_decorator.py
[2023-03-16T23:57:15.864+0000] {logging_mixin.py:137} INFO - [2023-03-16T23:57:15.863+0000] {taskmixin.py:205} WARNING - Dependency <Task(_PythonDecoratedOperator): prepare_email>, send_email already registered for DAG: example_dag_decorator
[2023-03-16T23:57:15.865+0000] {logging_mixin.py:137} INFO - [2023-03-16T23:57:15.864+0000] {taskmixin.py:205} WARNING - Dependency <Task(EmailOperator): send_email>, prepare_email already registered for DAG: example_dag_decorator
[2023-03-16T23:57:15.883+0000] {processor.py:753} INFO - DAG(s) dict_keys(['example_dag_decorator']) retrieved from /home/airflow/.local/lib/python3.7/site-packages/airflow/example_dags/example_dag_decorator.py
[2023-03-16T23:57:15.990+0000] {logging_mixin.py:137} INFO - [2023-03-16T23:57:15.990+0000] {dag.py:2690} INFO - Sync 1 DAGs
[2023-03-16T23:57:16.038+0000] {logging_mixin.py:137} INFO - [2023-03-16T23:57:16.037+0000] {dag.py:3441} INFO - Setting next_dagrun for example_dag_decorator to None, run_after=None
[2023-03-16T23:57:16.080+0000] {processor.py:175} INFO - Processing /home/airflow/.local/lib/python3.7/site-packages/airflow/example_dags/example_dag_decorator.py took 0.250 seconds
[2023-03-16T23:57:46.437+0000] {processor.py:153} INFO - Started process (PID=2743) to work on /home/airflow/.local/lib/python3.7/site-packages/airflow/example_dags/example_dag_decorator.py
[2023-03-16T23:57:46.439+0000] {processor.py:743} INFO - Processing file /home/airflow/.local/lib/python3.7/site-packages/airflow/example_dags/example_dag_decorator.py for tasks to queue
[2023-03-16T23:57:46.441+0000] {logging_mixin.py:137} INFO - [2023-03-16T23:57:46.440+0000] {dagbag.py:538} INFO - Filling up the DagBag from /home/airflow/.local/lib/python3.7/site-packages/airflow/example_dags/example_dag_decorator.py
[2023-03-16T23:57:46.490+0000] {logging_mixin.py:137} INFO - [2023-03-16T23:57:46.490+0000] {taskmixin.py:205} WARNING - Dependency <Task(_PythonDecoratedOperator): prepare_email>, send_email already registered for DAG: example_dag_decorator
[2023-03-16T23:57:46.491+0000] {logging_mixin.py:137} INFO - [2023-03-16T23:57:46.491+0000] {taskmixin.py:205} WARNING - Dependency <Task(EmailOperator): send_email>, prepare_email already registered for DAG: example_dag_decorator
[2023-03-16T23:57:46.522+0000] {processor.py:753} INFO - DAG(s) dict_keys(['example_dag_decorator']) retrieved from /home/airflow/.local/lib/python3.7/site-packages/airflow/example_dags/example_dag_decorator.py
[2023-03-16T23:57:46.663+0000] {logging_mixin.py:137} INFO - [2023-03-16T23:57:46.663+0000] {dag.py:2690} INFO - Sync 1 DAGs
[2023-03-16T23:57:46.705+0000] {logging_mixin.py:137} INFO - [2023-03-16T23:57:46.705+0000] {dag.py:3441} INFO - Setting next_dagrun for example_dag_decorator to None, run_after=None
[2023-03-16T23:57:46.775+0000] {processor.py:175} INFO - Processing /home/airflow/.local/lib/python3.7/site-packages/airflow/example_dags/example_dag_decorator.py took 0.345 seconds
[2023-03-16T23:58:17.323+0000] {processor.py:153} INFO - Started process (PID=2816) to work on /home/airflow/.local/lib/python3.7/site-packages/airflow/example_dags/example_dag_decorator.py
[2023-03-16T23:58:17.325+0000] {processor.py:743} INFO - Processing file /home/airflow/.local/lib/python3.7/site-packages/airflow/example_dags/example_dag_decorator.py for tasks to queue
[2023-03-16T23:58:17.327+0000] {logging_mixin.py:137} INFO - [2023-03-16T23:58:17.327+0000] {dagbag.py:538} INFO - Filling up the DagBag from /home/airflow/.local/lib/python3.7/site-packages/airflow/example_dags/example_dag_decorator.py
[2023-03-16T23:58:17.361+0000] {logging_mixin.py:137} INFO - [2023-03-16T23:58:17.361+0000] {taskmixin.py:205} WARNING - Dependency <Task(_PythonDecoratedOperator): prepare_email>, send_email already registered for DAG: example_dag_decorator
[2023-03-16T23:58:17.362+0000] {logging_mixin.py:137} INFO - [2023-03-16T23:58:17.362+0000] {taskmixin.py:205} WARNING - Dependency <Task(EmailOperator): send_email>, prepare_email already registered for DAG: example_dag_decorator
[2023-03-16T23:58:17.393+0000] {processor.py:753} INFO - DAG(s) dict_keys(['example_dag_decorator']) retrieved from /home/airflow/.local/lib/python3.7/site-packages/airflow/example_dags/example_dag_decorator.py
[2023-03-16T23:58:17.569+0000] {logging_mixin.py:137} INFO - [2023-03-16T23:58:17.569+0000] {dag.py:2690} INFO - Sync 1 DAGs
[2023-03-16T23:58:17.627+0000] {logging_mixin.py:137} INFO - [2023-03-16T23:58:17.627+0000] {dag.py:3441} INFO - Setting next_dagrun for example_dag_decorator to None, run_after=None
[2023-03-16T23:58:17.699+0000] {processor.py:175} INFO - Processing /home/airflow/.local/lib/python3.7/site-packages/airflow/example_dags/example_dag_decorator.py took 0.382 seconds
[2023-03-16T23:58:47.917+0000] {processor.py:153} INFO - Started process (PID=2888) to work on /home/airflow/.local/lib/python3.7/site-packages/airflow/example_dags/example_dag_decorator.py
[2023-03-16T23:58:47.920+0000] {processor.py:743} INFO - Processing file /home/airflow/.local/lib/python3.7/site-packages/airflow/example_dags/example_dag_decorator.py for tasks to queue
[2023-03-16T23:58:47.922+0000] {logging_mixin.py:137} INFO - [2023-03-16T23:58:47.922+0000] {dagbag.py:538} INFO - Filling up the DagBag from /home/airflow/.local/lib/python3.7/site-packages/airflow/example_dags/example_dag_decorator.py
[2023-03-16T23:58:47.963+0000] {logging_mixin.py:137} INFO - [2023-03-16T23:58:47.963+0000] {taskmixin.py:205} WARNING - Dependency <Task(_PythonDecoratedOperator): prepare_email>, send_email already registered for DAG: example_dag_decorator
[2023-03-16T23:58:47.964+0000] {logging_mixin.py:137} INFO - [2023-03-16T23:58:47.964+0000] {taskmixin.py:205} WARNING - Dependency <Task(EmailOperator): send_email>, prepare_email already registered for DAG: example_dag_decorator
[2023-03-16T23:58:47.989+0000] {processor.py:753} INFO - DAG(s) dict_keys(['example_dag_decorator']) retrieved from /home/airflow/.local/lib/python3.7/site-packages/airflow/example_dags/example_dag_decorator.py
[2023-03-16T23:58:48.188+0000] {logging_mixin.py:137} INFO - [2023-03-16T23:58:48.187+0000] {dag.py:2690} INFO - Sync 1 DAGs
[2023-03-16T23:58:48.230+0000] {logging_mixin.py:137} INFO - [2023-03-16T23:58:48.230+0000] {dag.py:3441} INFO - Setting next_dagrun for example_dag_decorator to None, run_after=None
[2023-03-16T23:58:48.284+0000] {processor.py:175} INFO - Processing /home/airflow/.local/lib/python3.7/site-packages/airflow/example_dags/example_dag_decorator.py took 0.381 seconds
[2023-03-16T23:59:18.569+0000] {processor.py:153} INFO - Started process (PID=2961) to work on /home/airflow/.local/lib/python3.7/site-packages/airflow/example_dags/example_dag_decorator.py
[2023-03-16T23:59:18.571+0000] {processor.py:743} INFO - Processing file /home/airflow/.local/lib/python3.7/site-packages/airflow/example_dags/example_dag_decorator.py for tasks to queue
[2023-03-16T23:59:18.574+0000] {logging_mixin.py:137} INFO - [2023-03-16T23:59:18.573+0000] {dagbag.py:538} INFO - Filling up the DagBag from /home/airflow/.local/lib/python3.7/site-packages/airflow/example_dags/example_dag_decorator.py
[2023-03-16T23:59:18.601+0000] {logging_mixin.py:137} INFO - [2023-03-16T23:59:18.600+0000] {taskmixin.py:205} WARNING - Dependency <Task(_PythonDecoratedOperator): prepare_email>, send_email already registered for DAG: example_dag_decorator
[2023-03-16T23:59:18.603+0000] {logging_mixin.py:137} INFO - [2023-03-16T23:59:18.602+0000] {taskmixin.py:205} WARNING - Dependency <Task(EmailOperator): send_email>, prepare_email already registered for DAG: example_dag_decorator
[2023-03-16T23:59:18.624+0000] {processor.py:753} INFO - DAG(s) dict_keys(['example_dag_decorator']) retrieved from /home/airflow/.local/lib/python3.7/site-packages/airflow/example_dags/example_dag_decorator.py
[2023-03-16T23:59:18.734+0000] {logging_mixin.py:137} INFO - [2023-03-16T23:59:18.734+0000] {dag.py:2690} INFO - Sync 1 DAGs
[2023-03-16T23:59:18.776+0000] {logging_mixin.py:137} INFO - [2023-03-16T23:59:18.775+0000] {dag.py:3441} INFO - Setting next_dagrun for example_dag_decorator to None, run_after=None
[2023-03-16T23:59:18.813+0000] {processor.py:175} INFO - Processing /home/airflow/.local/lib/python3.7/site-packages/airflow/example_dags/example_dag_decorator.py took 0.250 seconds
[2023-03-16T23:59:49.522+0000] {processor.py:153} INFO - Started process (PID=3034) to work on /home/airflow/.local/lib/python3.7/site-packages/airflow/example_dags/example_dag_decorator.py
[2023-03-16T23:59:49.524+0000] {processor.py:743} INFO - Processing file /home/airflow/.local/lib/python3.7/site-packages/airflow/example_dags/example_dag_decorator.py for tasks to queue
[2023-03-16T23:59:49.526+0000] {logging_mixin.py:137} INFO - [2023-03-16T23:59:49.526+0000] {dagbag.py:538} INFO - Filling up the DagBag from /home/airflow/.local/lib/python3.7/site-packages/airflow/example_dags/example_dag_decorator.py
[2023-03-16T23:59:49.559+0000] {logging_mixin.py:137} INFO - [2023-03-16T23:59:49.559+0000] {taskmixin.py:205} WARNING - Dependency <Task(_PythonDecoratedOperator): prepare_email>, send_email already registered for DAG: example_dag_decorator
[2023-03-16T23:59:49.560+0000] {logging_mixin.py:137} INFO - [2023-03-16T23:59:49.560+0000] {taskmixin.py:205} WARNING - Dependency <Task(EmailOperator): send_email>, prepare_email already registered for DAG: example_dag_decorator
[2023-03-16T23:59:49.575+0000] {processor.py:753} INFO - DAG(s) dict_keys(['example_dag_decorator']) retrieved from /home/airflow/.local/lib/python3.7/site-packages/airflow/example_dags/example_dag_decorator.py
[2023-03-16T23:59:49.664+0000] {logging_mixin.py:137} INFO - [2023-03-16T23:59:49.664+0000] {dag.py:2690} INFO - Sync 1 DAGs
[2023-03-16T23:59:49.702+0000] {logging_mixin.py:137} INFO - [2023-03-16T23:59:49.702+0000] {dag.py:3441} INFO - Setting next_dagrun for example_dag_decorator to None, run_after=None
[2023-03-16T23:59:49.749+0000] {processor.py:175} INFO - Processing /home/airflow/.local/lib/python3.7/site-packages/airflow/example_dags/example_dag_decorator.py took 0.231 seconds
