[2023-03-16T23:38:34.546+0000] {processor.py:153} INFO - Started process (PID=87) to work on /home/airflow/.local/lib/python3.7/site-packages/airflow/example_dags/example_short_circuit_operator.py
[2023-03-16T23:38:34.548+0000] {processor.py:743} INFO - Processing file /home/airflow/.local/lib/python3.7/site-packages/airflow/example_dags/example_short_circuit_operator.py for tasks to queue
[2023-03-16T23:38:34.551+0000] {logging_mixin.py:137} INFO - [2023-03-16T23:38:34.550+0000] {dagbag.py:538} INFO - Filling up the DagBag from /home/airflow/.local/lib/python3.7/site-packages/airflow/example_dags/example_short_circuit_operator.py
[2023-03-16T23:38:34.703+0000] {processor.py:753} INFO - DAG(s) dict_keys(['example_short_circuit_operator']) retrieved from /home/airflow/.local/lib/python3.7/site-packages/airflow/example_dags/example_short_circuit_operator.py
[2023-03-16T23:38:34.863+0000] {logging_mixin.py:137} INFO - [2023-03-16T23:38:34.863+0000] {dag.py:2690} INFO - Sync 1 DAGs
[2023-03-16T23:38:35.028+0000] {logging_mixin.py:137} INFO - [2023-03-16T23:38:35.028+0000] {dag.py:3441} INFO - Setting next_dagrun for example_short_circuit_operator to 2023-03-15T23:38:35.018784+00:00, run_after=2023-03-16T23:38:35.018784+00:00
[2023-03-16T23:38:35.213+0000] {processor.py:175} INFO - Processing /home/airflow/.local/lib/python3.7/site-packages/airflow/example_dags/example_short_circuit_operator.py took 0.684 seconds
[2023-03-16T23:39:05.814+0000] {processor.py:153} INFO - Started process (PID=161) to work on /home/airflow/.local/lib/python3.7/site-packages/airflow/example_dags/example_short_circuit_operator.py
[2023-03-16T23:39:05.832+0000] {processor.py:743} INFO - Processing file /home/airflow/.local/lib/python3.7/site-packages/airflow/example_dags/example_short_circuit_operator.py for tasks to queue
[2023-03-16T23:39:05.842+0000] {logging_mixin.py:137} INFO - [2023-03-16T23:39:05.842+0000] {dagbag.py:538} INFO - Filling up the DagBag from /home/airflow/.local/lib/python3.7/site-packages/airflow/example_dags/example_short_circuit_operator.py
[2023-03-16T23:39:05.943+0000] {processor.py:753} INFO - DAG(s) dict_keys(['example_short_circuit_operator']) retrieved from /home/airflow/.local/lib/python3.7/site-packages/airflow/example_dags/example_short_circuit_operator.py
[2023-03-16T23:39:06.099+0000] {logging_mixin.py:137} INFO - [2023-03-16T23:39:06.098+0000] {dag.py:2690} INFO - Sync 1 DAGs
[2023-03-16T23:39:06.265+0000] {logging_mixin.py:137} INFO - [2023-03-16T23:39:06.265+0000] {dag.py:3441} INFO - Setting next_dagrun for example_short_circuit_operator to 2023-03-15T23:39:06.264715+00:00, run_after=2023-03-16T23:39:06.264715+00:00
[2023-03-16T23:39:06.382+0000] {processor.py:175} INFO - Processing /home/airflow/.local/lib/python3.7/site-packages/airflow/example_dags/example_short_circuit_operator.py took 0.582 seconds
[2023-03-16T23:39:36.782+0000] {processor.py:153} INFO - Started process (PID=217) to work on /home/airflow/.local/lib/python3.7/site-packages/airflow/example_dags/example_short_circuit_operator.py
[2023-03-16T23:39:36.784+0000] {processor.py:743} INFO - Processing file /home/airflow/.local/lib/python3.7/site-packages/airflow/example_dags/example_short_circuit_operator.py for tasks to queue
[2023-03-16T23:39:36.786+0000] {logging_mixin.py:137} INFO - [2023-03-16T23:39:36.786+0000] {dagbag.py:538} INFO - Filling up the DagBag from /home/airflow/.local/lib/python3.7/site-packages/airflow/example_dags/example_short_circuit_operator.py
[2023-03-16T23:39:36.859+0000] {processor.py:753} INFO - DAG(s) dict_keys(['example_short_circuit_operator']) retrieved from /home/airflow/.local/lib/python3.7/site-packages/airflow/example_dags/example_short_circuit_operator.py
[2023-03-16T23:39:36.980+0000] {logging_mixin.py:137} INFO - [2023-03-16T23:39:36.980+0000] {dag.py:2690} INFO - Sync 1 DAGs
[2023-03-16T23:39:37.099+0000] {logging_mixin.py:137} INFO - [2023-03-16T23:39:37.098+0000] {dag.py:3441} INFO - Setting next_dagrun for example_short_circuit_operator to 2023-03-15T23:39:37.098320+00:00, run_after=2023-03-16T23:39:37.098320+00:00
[2023-03-16T23:39:37.197+0000] {processor.py:175} INFO - Processing /home/airflow/.local/lib/python3.7/site-packages/airflow/example_dags/example_short_circuit_operator.py took 0.424 seconds
[2023-03-16T23:40:08.065+0000] {processor.py:153} INFO - Started process (PID=291) to work on /home/airflow/.local/lib/python3.7/site-packages/airflow/example_dags/example_short_circuit_operator.py
[2023-03-16T23:40:08.066+0000] {processor.py:743} INFO - Processing file /home/airflow/.local/lib/python3.7/site-packages/airflow/example_dags/example_short_circuit_operator.py for tasks to queue
[2023-03-16T23:40:08.068+0000] {logging_mixin.py:137} INFO - [2023-03-16T23:40:08.068+0000] {dagbag.py:538} INFO - Filling up the DagBag from /home/airflow/.local/lib/python3.7/site-packages/airflow/example_dags/example_short_circuit_operator.py
[2023-03-16T23:40:08.098+0000] {processor.py:753} INFO - DAG(s) dict_keys(['example_short_circuit_operator']) retrieved from /home/airflow/.local/lib/python3.7/site-packages/airflow/example_dags/example_short_circuit_operator.py
[2023-03-16T23:40:08.147+0000] {logging_mixin.py:137} INFO - [2023-03-16T23:40:08.147+0000] {dag.py:2690} INFO - Sync 1 DAGs
[2023-03-16T23:40:08.194+0000] {logging_mixin.py:137} INFO - [2023-03-16T23:40:08.193+0000] {dag.py:3441} INFO - Setting next_dagrun for example_short_circuit_operator to 2023-03-15T23:40:08.193328+00:00, run_after=2023-03-16T23:40:08.193328+00:00
[2023-03-16T23:40:08.234+0000] {processor.py:175} INFO - Processing /home/airflow/.local/lib/python3.7/site-packages/airflow/example_dags/example_short_circuit_operator.py took 0.175 seconds
[2023-03-16T23:40:38.538+0000] {processor.py:153} INFO - Started process (PID=364) to work on /home/airflow/.local/lib/python3.7/site-packages/airflow/example_dags/example_short_circuit_operator.py
[2023-03-16T23:40:38.541+0000] {processor.py:743} INFO - Processing file /home/airflow/.local/lib/python3.7/site-packages/airflow/example_dags/example_short_circuit_operator.py for tasks to queue
[2023-03-16T23:40:38.543+0000] {logging_mixin.py:137} INFO - [2023-03-16T23:40:38.543+0000] {dagbag.py:538} INFO - Filling up the DagBag from /home/airflow/.local/lib/python3.7/site-packages/airflow/example_dags/example_short_circuit_operator.py
[2023-03-16T23:40:38.579+0000] {processor.py:753} INFO - DAG(s) dict_keys(['example_short_circuit_operator']) retrieved from /home/airflow/.local/lib/python3.7/site-packages/airflow/example_dags/example_short_circuit_operator.py
[2023-03-16T23:40:38.640+0000] {logging_mixin.py:137} INFO - [2023-03-16T23:40:38.639+0000] {dag.py:2690} INFO - Sync 1 DAGs
[2023-03-16T23:40:38.702+0000] {logging_mixin.py:137} INFO - [2023-03-16T23:40:38.702+0000] {dag.py:3441} INFO - Setting next_dagrun for example_short_circuit_operator to 2023-03-15T23:40:38.701914+00:00, run_after=2023-03-16T23:40:38.701914+00:00
[2023-03-16T23:40:38.749+0000] {processor.py:175} INFO - Processing /home/airflow/.local/lib/python3.7/site-packages/airflow/example_dags/example_short_circuit_operator.py took 0.219 seconds
[2023-03-16T23:41:08.941+0000] {processor.py:153} INFO - Started process (PID=438) to work on /home/airflow/.local/lib/python3.7/site-packages/airflow/example_dags/example_short_circuit_operator.py
[2023-03-16T23:41:08.954+0000] {processor.py:743} INFO - Processing file /home/airflow/.local/lib/python3.7/site-packages/airflow/example_dags/example_short_circuit_operator.py for tasks to queue
[2023-03-16T23:41:08.956+0000] {logging_mixin.py:137} INFO - [2023-03-16T23:41:08.956+0000] {dagbag.py:538} INFO - Filling up the DagBag from /home/airflow/.local/lib/python3.7/site-packages/airflow/example_dags/example_short_circuit_operator.py
[2023-03-16T23:41:09.096+0000] {processor.py:753} INFO - DAG(s) dict_keys(['example_short_circuit_operator']) retrieved from /home/airflow/.local/lib/python3.7/site-packages/airflow/example_dags/example_short_circuit_operator.py
[2023-03-16T23:41:09.230+0000] {logging_mixin.py:137} INFO - [2023-03-16T23:41:09.229+0000] {dag.py:2690} INFO - Sync 1 DAGs
[2023-03-16T23:41:09.345+0000] {logging_mixin.py:137} INFO - [2023-03-16T23:41:09.345+0000] {dag.py:3441} INFO - Setting next_dagrun for example_short_circuit_operator to 2023-03-15T23:41:09.344349+00:00, run_after=2023-03-16T23:41:09.344349+00:00
[2023-03-16T23:41:09.438+0000] {processor.py:175} INFO - Processing /home/airflow/.local/lib/python3.7/site-packages/airflow/example_dags/example_short_circuit_operator.py took 0.505 seconds
[2023-03-16T23:41:39.898+0000] {processor.py:153} INFO - Started process (PID=495) to work on /home/airflow/.local/lib/python3.7/site-packages/airflow/example_dags/example_short_circuit_operator.py
[2023-03-16T23:41:39.900+0000] {processor.py:743} INFO - Processing file /home/airflow/.local/lib/python3.7/site-packages/airflow/example_dags/example_short_circuit_operator.py for tasks to queue
[2023-03-16T23:41:39.911+0000] {logging_mixin.py:137} INFO - [2023-03-16T23:41:39.911+0000] {dagbag.py:538} INFO - Filling up the DagBag from /home/airflow/.local/lib/python3.7/site-packages/airflow/example_dags/example_short_circuit_operator.py
[2023-03-16T23:41:39.992+0000] {processor.py:753} INFO - DAG(s) dict_keys(['example_short_circuit_operator']) retrieved from /home/airflow/.local/lib/python3.7/site-packages/airflow/example_dags/example_short_circuit_operator.py
[2023-03-16T23:41:40.084+0000] {logging_mixin.py:137} INFO - [2023-03-16T23:41:40.084+0000] {dag.py:2690} INFO - Sync 1 DAGs
[2023-03-16T23:41:40.169+0000] {logging_mixin.py:137} INFO - [2023-03-16T23:41:40.168+0000] {dag.py:3441} INFO - Setting next_dagrun for example_short_circuit_operator to 2023-03-15T23:41:40.168354+00:00, run_after=2023-03-16T23:41:40.168354+00:00
[2023-03-16T23:41:40.255+0000] {processor.py:175} INFO - Processing /home/airflow/.local/lib/python3.7/site-packages/airflow/example_dags/example_short_circuit_operator.py took 0.376 seconds
[2023-03-16T23:42:11.390+0000] {processor.py:153} INFO - Started process (PID=569) to work on /home/airflow/.local/lib/python3.7/site-packages/airflow/example_dags/example_short_circuit_operator.py
[2023-03-16T23:42:11.405+0000] {processor.py:743} INFO - Processing file /home/airflow/.local/lib/python3.7/site-packages/airflow/example_dags/example_short_circuit_operator.py for tasks to queue
[2023-03-16T23:42:11.436+0000] {logging_mixin.py:137} INFO - [2023-03-16T23:42:11.436+0000] {dagbag.py:538} INFO - Filling up the DagBag from /home/airflow/.local/lib/python3.7/site-packages/airflow/example_dags/example_short_circuit_operator.py
[2023-03-16T23:42:11.545+0000] {processor.py:753} INFO - DAG(s) dict_keys(['example_short_circuit_operator']) retrieved from /home/airflow/.local/lib/python3.7/site-packages/airflow/example_dags/example_short_circuit_operator.py
[2023-03-16T23:42:11.691+0000] {logging_mixin.py:137} INFO - [2023-03-16T23:42:11.690+0000] {dag.py:2690} INFO - Sync 1 DAGs
[2023-03-16T23:42:11.855+0000] {logging_mixin.py:137} INFO - [2023-03-16T23:42:11.855+0000] {dag.py:3441} INFO - Setting next_dagrun for example_short_circuit_operator to 2023-03-15T23:42:11.854882+00:00, run_after=2023-03-16T23:42:11.854882+00:00
[2023-03-16T23:42:12.003+0000] {processor.py:175} INFO - Processing /home/airflow/.local/lib/python3.7/site-packages/airflow/example_dags/example_short_circuit_operator.py took 0.631 seconds
[2023-03-16T23:42:42.675+0000] {processor.py:153} INFO - Started process (PID=642) to work on /home/airflow/.local/lib/python3.7/site-packages/airflow/example_dags/example_short_circuit_operator.py
[2023-03-16T23:42:42.678+0000] {processor.py:743} INFO - Processing file /home/airflow/.local/lib/python3.7/site-packages/airflow/example_dags/example_short_circuit_operator.py for tasks to queue
[2023-03-16T23:42:42.681+0000] {logging_mixin.py:137} INFO - [2023-03-16T23:42:42.681+0000] {dagbag.py:538} INFO - Filling up the DagBag from /home/airflow/.local/lib/python3.7/site-packages/airflow/example_dags/example_short_circuit_operator.py
[2023-03-16T23:42:42.803+0000] {processor.py:753} INFO - DAG(s) dict_keys(['example_short_circuit_operator']) retrieved from /home/airflow/.local/lib/python3.7/site-packages/airflow/example_dags/example_short_circuit_operator.py
[2023-03-16T23:42:42.894+0000] {logging_mixin.py:137} INFO - [2023-03-16T23:42:42.893+0000] {dag.py:2690} INFO - Sync 1 DAGs
[2023-03-16T23:42:42.983+0000] {logging_mixin.py:137} INFO - [2023-03-16T23:42:42.982+0000] {dag.py:3441} INFO - Setting next_dagrun for example_short_circuit_operator to 2023-03-15T23:42:42.981976+00:00, run_after=2023-03-16T23:42:42.981976+00:00
[2023-03-16T23:42:43.078+0000] {processor.py:175} INFO - Processing /home/airflow/.local/lib/python3.7/site-packages/airflow/example_dags/example_short_circuit_operator.py took 0.410 seconds
[2023-03-16T23:43:13.393+0000] {processor.py:153} INFO - Started process (PID=708) to work on /home/airflow/.local/lib/python3.7/site-packages/airflow/example_dags/example_short_circuit_operator.py
[2023-03-16T23:43:13.396+0000] {processor.py:743} INFO - Processing file /home/airflow/.local/lib/python3.7/site-packages/airflow/example_dags/example_short_circuit_operator.py for tasks to queue
[2023-03-16T23:43:13.398+0000] {logging_mixin.py:137} INFO - [2023-03-16T23:43:13.398+0000] {dagbag.py:538} INFO - Filling up the DagBag from /home/airflow/.local/lib/python3.7/site-packages/airflow/example_dags/example_short_circuit_operator.py
[2023-03-16T23:43:13.452+0000] {processor.py:753} INFO - DAG(s) dict_keys(['example_short_circuit_operator']) retrieved from /home/airflow/.local/lib/python3.7/site-packages/airflow/example_dags/example_short_circuit_operator.py
[2023-03-16T23:43:13.552+0000] {logging_mixin.py:137} INFO - [2023-03-16T23:43:13.551+0000] {dag.py:2690} INFO - Sync 1 DAGs
[2023-03-16T23:43:13.670+0000] {logging_mixin.py:137} INFO - [2023-03-16T23:43:13.670+0000] {dag.py:3441} INFO - Setting next_dagrun for example_short_circuit_operator to 2023-03-15T23:43:13.669468+00:00, run_after=2023-03-16T23:43:13.669468+00:00
[2023-03-16T23:43:13.764+0000] {processor.py:175} INFO - Processing /home/airflow/.local/lib/python3.7/site-packages/airflow/example_dags/example_short_circuit_operator.py took 0.378 seconds
[2023-03-16T23:43:43.906+0000] {processor.py:153} INFO - Started process (PID=771) to work on /home/airflow/.local/lib/python3.7/site-packages/airflow/example_dags/example_short_circuit_operator.py
[2023-03-16T23:43:43.910+0000] {processor.py:743} INFO - Processing file /home/airflow/.local/lib/python3.7/site-packages/airflow/example_dags/example_short_circuit_operator.py for tasks to queue
[2023-03-16T23:43:43.915+0000] {logging_mixin.py:137} INFO - [2023-03-16T23:43:43.914+0000] {dagbag.py:538} INFO - Filling up the DagBag from /home/airflow/.local/lib/python3.7/site-packages/airflow/example_dags/example_short_circuit_operator.py
[2023-03-16T23:43:43.958+0000] {processor.py:753} INFO - DAG(s) dict_keys(['example_short_circuit_operator']) retrieved from /home/airflow/.local/lib/python3.7/site-packages/airflow/example_dags/example_short_circuit_operator.py
[2023-03-16T23:43:44.043+0000] {logging_mixin.py:137} INFO - [2023-03-16T23:43:44.042+0000] {dag.py:2690} INFO - Sync 1 DAGs
[2023-03-16T23:43:44.135+0000] {logging_mixin.py:137} INFO - [2023-03-16T23:43:44.134+0000] {dag.py:3441} INFO - Setting next_dagrun for example_short_circuit_operator to 2023-03-15T23:43:44.134363+00:00, run_after=2023-03-16T23:43:44.134363+00:00
[2023-03-16T23:43:44.202+0000] {processor.py:175} INFO - Processing /home/airflow/.local/lib/python3.7/site-packages/airflow/example_dags/example_short_circuit_operator.py took 0.303 seconds
[2023-03-16T23:44:14.562+0000] {processor.py:153} INFO - Started process (PID=845) to work on /home/airflow/.local/lib/python3.7/site-packages/airflow/example_dags/example_short_circuit_operator.py
[2023-03-16T23:44:14.567+0000] {processor.py:743} INFO - Processing file /home/airflow/.local/lib/python3.7/site-packages/airflow/example_dags/example_short_circuit_operator.py for tasks to queue
[2023-03-16T23:44:14.574+0000] {logging_mixin.py:137} INFO - [2023-03-16T23:44:14.574+0000] {dagbag.py:538} INFO - Filling up the DagBag from /home/airflow/.local/lib/python3.7/site-packages/airflow/example_dags/example_short_circuit_operator.py
[2023-03-16T23:44:14.701+0000] {processor.py:753} INFO - DAG(s) dict_keys(['example_short_circuit_operator']) retrieved from /home/airflow/.local/lib/python3.7/site-packages/airflow/example_dags/example_short_circuit_operator.py
[2023-03-16T23:44:14.890+0000] {logging_mixin.py:137} INFO - [2023-03-16T23:44:14.889+0000] {dag.py:2690} INFO - Sync 1 DAGs
[2023-03-16T23:44:15.074+0000] {logging_mixin.py:137} INFO - [2023-03-16T23:44:15.074+0000] {dag.py:3441} INFO - Setting next_dagrun for example_short_circuit_operator to 2023-03-15T23:44:15.062677+00:00, run_after=2023-03-16T23:44:15.062677+00:00
[2023-03-16T23:44:15.237+0000] {processor.py:175} INFO - Processing /home/airflow/.local/lib/python3.7/site-packages/airflow/example_dags/example_short_circuit_operator.py took 0.694 seconds
[2023-03-16T23:44:45.869+0000] {processor.py:153} INFO - Started process (PID=902) to work on /home/airflow/.local/lib/python3.7/site-packages/airflow/example_dags/example_short_circuit_operator.py
[2023-03-16T23:44:45.874+0000] {processor.py:743} INFO - Processing file /home/airflow/.local/lib/python3.7/site-packages/airflow/example_dags/example_short_circuit_operator.py for tasks to queue
[2023-03-16T23:44:45.882+0000] {logging_mixin.py:137} INFO - [2023-03-16T23:44:45.882+0000] {dagbag.py:538} INFO - Filling up the DagBag from /home/airflow/.local/lib/python3.7/site-packages/airflow/example_dags/example_short_circuit_operator.py
[2023-03-16T23:44:45.952+0000] {processor.py:753} INFO - DAG(s) dict_keys(['example_short_circuit_operator']) retrieved from /home/airflow/.local/lib/python3.7/site-packages/airflow/example_dags/example_short_circuit_operator.py
[2023-03-16T23:44:46.090+0000] {logging_mixin.py:137} INFO - [2023-03-16T23:44:46.089+0000] {dag.py:2690} INFO - Sync 1 DAGs
[2023-03-16T23:44:46.231+0000] {logging_mixin.py:137} INFO - [2023-03-16T23:44:46.230+0000] {dag.py:3441} INFO - Setting next_dagrun for example_short_circuit_operator to 2023-03-15T23:44:46.221096+00:00, run_after=2023-03-16T23:44:46.221096+00:00
[2023-03-16T23:44:46.334+0000] {processor.py:175} INFO - Processing /home/airflow/.local/lib/python3.7/site-packages/airflow/example_dags/example_short_circuit_operator.py took 0.472 seconds
[2023-03-16T23:45:16.926+0000] {processor.py:153} INFO - Started process (PID=976) to work on /home/airflow/.local/lib/python3.7/site-packages/airflow/example_dags/example_short_circuit_operator.py
[2023-03-16T23:45:16.940+0000] {processor.py:743} INFO - Processing file /home/airflow/.local/lib/python3.7/site-packages/airflow/example_dags/example_short_circuit_operator.py for tasks to queue
[2023-03-16T23:45:16.942+0000] {logging_mixin.py:137} INFO - [2023-03-16T23:45:16.942+0000] {dagbag.py:538} INFO - Filling up the DagBag from /home/airflow/.local/lib/python3.7/site-packages/airflow/example_dags/example_short_circuit_operator.py
[2023-03-16T23:45:17.025+0000] {processor.py:753} INFO - DAG(s) dict_keys(['example_short_circuit_operator']) retrieved from /home/airflow/.local/lib/python3.7/site-packages/airflow/example_dags/example_short_circuit_operator.py
[2023-03-16T23:45:17.228+0000] {logging_mixin.py:137} INFO - [2023-03-16T23:45:17.228+0000] {dag.py:2690} INFO - Sync 1 DAGs
[2023-03-16T23:45:17.372+0000] {logging_mixin.py:137} INFO - [2023-03-16T23:45:17.371+0000] {dag.py:3441} INFO - Setting next_dagrun for example_short_circuit_operator to 2023-03-15T23:45:17.371496+00:00, run_after=2023-03-16T23:45:17.371496+00:00
[2023-03-16T23:45:17.515+0000] {processor.py:175} INFO - Processing /home/airflow/.local/lib/python3.7/site-packages/airflow/example_dags/example_short_circuit_operator.py took 0.597 seconds
[2023-03-16T23:45:47.845+0000] {processor.py:153} INFO - Started process (PID=1033) to work on /home/airflow/.local/lib/python3.7/site-packages/airflow/example_dags/example_short_circuit_operator.py
[2023-03-16T23:45:47.847+0000] {processor.py:743} INFO - Processing file /home/airflow/.local/lib/python3.7/site-packages/airflow/example_dags/example_short_circuit_operator.py for tasks to queue
[2023-03-16T23:45:47.862+0000] {logging_mixin.py:137} INFO - [2023-03-16T23:45:47.861+0000] {dagbag.py:538} INFO - Filling up the DagBag from /home/airflow/.local/lib/python3.7/site-packages/airflow/example_dags/example_short_circuit_operator.py
[2023-03-16T23:45:47.944+0000] {processor.py:753} INFO - DAG(s) dict_keys(['example_short_circuit_operator']) retrieved from /home/airflow/.local/lib/python3.7/site-packages/airflow/example_dags/example_short_circuit_operator.py
[2023-03-16T23:45:48.088+0000] {logging_mixin.py:137} INFO - [2023-03-16T23:45:48.088+0000] {dag.py:2690} INFO - Sync 1 DAGs
[2023-03-16T23:45:48.218+0000] {logging_mixin.py:137} INFO - [2023-03-16T23:45:48.218+0000] {dag.py:3441} INFO - Setting next_dagrun for example_short_circuit_operator to 2023-03-15T23:45:48.217921+00:00, run_after=2023-03-16T23:45:48.217921+00:00
[2023-03-16T23:45:48.305+0000] {processor.py:175} INFO - Processing /home/airflow/.local/lib/python3.7/site-packages/airflow/example_dags/example_short_circuit_operator.py took 0.478 seconds
[2023-03-16T23:46:18.449+0000] {processor.py:153} INFO - Started process (PID=1106) to work on /home/airflow/.local/lib/python3.7/site-packages/airflow/example_dags/example_short_circuit_operator.py
[2023-03-16T23:46:18.456+0000] {processor.py:743} INFO - Processing file /home/airflow/.local/lib/python3.7/site-packages/airflow/example_dags/example_short_circuit_operator.py for tasks to queue
[2023-03-16T23:46:18.458+0000] {logging_mixin.py:137} INFO - [2023-03-16T23:46:18.457+0000] {dagbag.py:538} INFO - Filling up the DagBag from /home/airflow/.local/lib/python3.7/site-packages/airflow/example_dags/example_short_circuit_operator.py
[2023-03-16T23:46:18.480+0000] {processor.py:753} INFO - DAG(s) dict_keys(['example_short_circuit_operator']) retrieved from /home/airflow/.local/lib/python3.7/site-packages/airflow/example_dags/example_short_circuit_operator.py
[2023-03-16T23:46:18.578+0000] {logging_mixin.py:137} INFO - [2023-03-16T23:46:18.578+0000] {dag.py:2690} INFO - Sync 1 DAGs
[2023-03-16T23:46:18.698+0000] {logging_mixin.py:137} INFO - [2023-03-16T23:46:18.693+0000] {dag.py:3441} INFO - Setting next_dagrun for example_short_circuit_operator to 2023-03-15T23:46:18.693308+00:00, run_after=2023-03-16T23:46:18.693308+00:00
[2023-03-16T23:46:18.745+0000] {processor.py:175} INFO - Processing /home/airflow/.local/lib/python3.7/site-packages/airflow/example_dags/example_short_circuit_operator.py took 0.299 seconds
[2023-03-16T23:46:49.111+0000] {processor.py:153} INFO - Started process (PID=1178) to work on /home/airflow/.local/lib/python3.7/site-packages/airflow/example_dags/example_short_circuit_operator.py
[2023-03-16T23:46:49.113+0000] {processor.py:743} INFO - Processing file /home/airflow/.local/lib/python3.7/site-packages/airflow/example_dags/example_short_circuit_operator.py for tasks to queue
[2023-03-16T23:46:49.115+0000] {logging_mixin.py:137} INFO - [2023-03-16T23:46:49.115+0000] {dagbag.py:538} INFO - Filling up the DagBag from /home/airflow/.local/lib/python3.7/site-packages/airflow/example_dags/example_short_circuit_operator.py
[2023-03-16T23:46:49.145+0000] {processor.py:753} INFO - DAG(s) dict_keys(['example_short_circuit_operator']) retrieved from /home/airflow/.local/lib/python3.7/site-packages/airflow/example_dags/example_short_circuit_operator.py
[2023-03-16T23:46:49.181+0000] {logging_mixin.py:137} INFO - [2023-03-16T23:46:49.181+0000] {dag.py:2690} INFO - Sync 1 DAGs
[2023-03-16T23:46:49.219+0000] {logging_mixin.py:137} INFO - [2023-03-16T23:46:49.218+0000] {dag.py:3441} INFO - Setting next_dagrun for example_short_circuit_operator to 2023-03-15T23:46:49.217853+00:00, run_after=2023-03-16T23:46:49.217853+00:00
[2023-03-16T23:46:49.257+0000] {processor.py:175} INFO - Processing /home/airflow/.local/lib/python3.7/site-packages/airflow/example_dags/example_short_circuit_operator.py took 0.151 seconds
[2023-03-16T23:47:19.807+0000] {processor.py:153} INFO - Started process (PID=1251) to work on /home/airflow/.local/lib/python3.7/site-packages/airflow/example_dags/example_short_circuit_operator.py
[2023-03-16T23:47:19.812+0000] {processor.py:743} INFO - Processing file /home/airflow/.local/lib/python3.7/site-packages/airflow/example_dags/example_short_circuit_operator.py for tasks to queue
[2023-03-16T23:47:19.814+0000] {logging_mixin.py:137} INFO - [2023-03-16T23:47:19.814+0000] {dagbag.py:538} INFO - Filling up the DagBag from /home/airflow/.local/lib/python3.7/site-packages/airflow/example_dags/example_short_circuit_operator.py
[2023-03-16T23:47:19.872+0000] {processor.py:753} INFO - DAG(s) dict_keys(['example_short_circuit_operator']) retrieved from /home/airflow/.local/lib/python3.7/site-packages/airflow/example_dags/example_short_circuit_operator.py
[2023-03-16T23:47:19.979+0000] {logging_mixin.py:137} INFO - [2023-03-16T23:47:19.979+0000] {dag.py:2690} INFO - Sync 1 DAGs
[2023-03-16T23:47:20.096+0000] {logging_mixin.py:137} INFO - [2023-03-16T23:47:20.095+0000] {dag.py:3441} INFO - Setting next_dagrun for example_short_circuit_operator to 2023-03-15T23:47:20.095278+00:00, run_after=2023-03-16T23:47:20.095278+00:00
[2023-03-16T23:47:20.135+0000] {processor.py:175} INFO - Processing /home/airflow/.local/lib/python3.7/site-packages/airflow/example_dags/example_short_circuit_operator.py took 0.332 seconds
[2023-03-16T23:47:50.400+0000] {processor.py:153} INFO - Started process (PID=1324) to work on /home/airflow/.local/lib/python3.7/site-packages/airflow/example_dags/example_short_circuit_operator.py
[2023-03-16T23:47:50.402+0000] {processor.py:743} INFO - Processing file /home/airflow/.local/lib/python3.7/site-packages/airflow/example_dags/example_short_circuit_operator.py for tasks to queue
[2023-03-16T23:47:50.414+0000] {logging_mixin.py:137} INFO - [2023-03-16T23:47:50.413+0000] {dagbag.py:538} INFO - Filling up the DagBag from /home/airflow/.local/lib/python3.7/site-packages/airflow/example_dags/example_short_circuit_operator.py
[2023-03-16T23:47:50.468+0000] {processor.py:753} INFO - DAG(s) dict_keys(['example_short_circuit_operator']) retrieved from /home/airflow/.local/lib/python3.7/site-packages/airflow/example_dags/example_short_circuit_operator.py
[2023-03-16T23:47:50.565+0000] {logging_mixin.py:137} INFO - [2023-03-16T23:47:50.565+0000] {dag.py:2690} INFO - Sync 1 DAGs
[2023-03-16T23:47:50.646+0000] {logging_mixin.py:137} INFO - [2023-03-16T23:47:50.645+0000] {dag.py:3441} INFO - Setting next_dagrun for example_short_circuit_operator to 2023-03-15T23:47:50.645261+00:00, run_after=2023-03-16T23:47:50.645261+00:00
[2023-03-16T23:47:50.721+0000] {processor.py:175} INFO - Processing /home/airflow/.local/lib/python3.7/site-packages/airflow/example_dags/example_short_circuit_operator.py took 0.328 seconds
[2023-03-16T23:48:21.163+0000] {processor.py:153} INFO - Started process (PID=1390) to work on /home/airflow/.local/lib/python3.7/site-packages/airflow/example_dags/example_short_circuit_operator.py
[2023-03-16T23:48:21.166+0000] {processor.py:743} INFO - Processing file /home/airflow/.local/lib/python3.7/site-packages/airflow/example_dags/example_short_circuit_operator.py for tasks to queue
[2023-03-16T23:48:21.169+0000] {logging_mixin.py:137} INFO - [2023-03-16T23:48:21.169+0000] {dagbag.py:538} INFO - Filling up the DagBag from /home/airflow/.local/lib/python3.7/site-packages/airflow/example_dags/example_short_circuit_operator.py
[2023-03-16T23:48:21.261+0000] {processor.py:753} INFO - DAG(s) dict_keys(['example_short_circuit_operator']) retrieved from /home/airflow/.local/lib/python3.7/site-packages/airflow/example_dags/example_short_circuit_operator.py
[2023-03-16T23:48:21.345+0000] {logging_mixin.py:137} INFO - [2023-03-16T23:48:21.345+0000] {dag.py:2690} INFO - Sync 1 DAGs
[2023-03-16T23:48:21.452+0000] {logging_mixin.py:137} INFO - [2023-03-16T23:48:21.450+0000] {dag.py:3441} INFO - Setting next_dagrun for example_short_circuit_operator to 2023-03-15T23:48:21.449855+00:00, run_after=2023-03-16T23:48:21.449855+00:00
[2023-03-16T23:48:21.521+0000] {processor.py:175} INFO - Processing /home/airflow/.local/lib/python3.7/site-packages/airflow/example_dags/example_short_circuit_operator.py took 0.386 seconds
[2023-03-16T23:48:52.225+0000] {processor.py:153} INFO - Started process (PID=1454) to work on /home/airflow/.local/lib/python3.7/site-packages/airflow/example_dags/example_short_circuit_operator.py
[2023-03-16T23:48:52.227+0000] {processor.py:743} INFO - Processing file /home/airflow/.local/lib/python3.7/site-packages/airflow/example_dags/example_short_circuit_operator.py for tasks to queue
[2023-03-16T23:48:52.228+0000] {logging_mixin.py:137} INFO - [2023-03-16T23:48:52.228+0000] {dagbag.py:538} INFO - Filling up the DagBag from /home/airflow/.local/lib/python3.7/site-packages/airflow/example_dags/example_short_circuit_operator.py
[2023-03-16T23:48:52.267+0000] {processor.py:753} INFO - DAG(s) dict_keys(['example_short_circuit_operator']) retrieved from /home/airflow/.local/lib/python3.7/site-packages/airflow/example_dags/example_short_circuit_operator.py
[2023-03-16T23:48:52.354+0000] {logging_mixin.py:137} INFO - [2023-03-16T23:48:52.353+0000] {dag.py:2690} INFO - Sync 1 DAGs
[2023-03-16T23:48:52.391+0000] {logging_mixin.py:137} INFO - [2023-03-16T23:48:52.391+0000] {dag.py:3441} INFO - Setting next_dagrun for example_short_circuit_operator to 2023-03-15T23:48:52.391199+00:00, run_after=2023-03-16T23:48:52.391199+00:00
[2023-03-16T23:48:52.418+0000] {processor.py:175} INFO - Processing /home/airflow/.local/lib/python3.7/site-packages/airflow/example_dags/example_short_circuit_operator.py took 0.200 seconds
[2023-03-16T23:49:22.585+0000] {processor.py:153} INFO - Started process (PID=1527) to work on /home/airflow/.local/lib/python3.7/site-packages/airflow/example_dags/example_short_circuit_operator.py
[2023-03-16T23:49:22.587+0000] {processor.py:743} INFO - Processing file /home/airflow/.local/lib/python3.7/site-packages/airflow/example_dags/example_short_circuit_operator.py for tasks to queue
[2023-03-16T23:49:22.589+0000] {logging_mixin.py:137} INFO - [2023-03-16T23:49:22.589+0000] {dagbag.py:538} INFO - Filling up the DagBag from /home/airflow/.local/lib/python3.7/site-packages/airflow/example_dags/example_short_circuit_operator.py
[2023-03-16T23:49:22.606+0000] {processor.py:753} INFO - DAG(s) dict_keys(['example_short_circuit_operator']) retrieved from /home/airflow/.local/lib/python3.7/site-packages/airflow/example_dags/example_short_circuit_operator.py
[2023-03-16T23:49:22.643+0000] {logging_mixin.py:137} INFO - [2023-03-16T23:49:22.642+0000] {dag.py:2690} INFO - Sync 1 DAGs
[2023-03-16T23:49:22.672+0000] {logging_mixin.py:137} INFO - [2023-03-16T23:49:22.672+0000] {dag.py:3441} INFO - Setting next_dagrun for example_short_circuit_operator to 2023-03-15T23:49:22.671972+00:00, run_after=2023-03-16T23:49:22.671972+00:00
[2023-03-16T23:49:22.695+0000] {processor.py:175} INFO - Processing /home/airflow/.local/lib/python3.7/site-packages/airflow/example_dags/example_short_circuit_operator.py took 0.113 seconds
[2023-03-16T23:49:53.522+0000] {processor.py:153} INFO - Started process (PID=1600) to work on /home/airflow/.local/lib/python3.7/site-packages/airflow/example_dags/example_short_circuit_operator.py
[2023-03-16T23:49:53.525+0000] {processor.py:743} INFO - Processing file /home/airflow/.local/lib/python3.7/site-packages/airflow/example_dags/example_short_circuit_operator.py for tasks to queue
[2023-03-16T23:49:53.527+0000] {logging_mixin.py:137} INFO - [2023-03-16T23:49:53.527+0000] {dagbag.py:538} INFO - Filling up the DagBag from /home/airflow/.local/lib/python3.7/site-packages/airflow/example_dags/example_short_circuit_operator.py
[2023-03-16T23:49:53.561+0000] {processor.py:753} INFO - DAG(s) dict_keys(['example_short_circuit_operator']) retrieved from /home/airflow/.local/lib/python3.7/site-packages/airflow/example_dags/example_short_circuit_operator.py
[2023-03-16T23:49:53.613+0000] {logging_mixin.py:137} INFO - [2023-03-16T23:49:53.613+0000] {dag.py:2690} INFO - Sync 1 DAGs
[2023-03-16T23:49:53.664+0000] {logging_mixin.py:137} INFO - [2023-03-16T23:49:53.664+0000] {dag.py:3441} INFO - Setting next_dagrun for example_short_circuit_operator to 2023-03-15T23:49:53.663915+00:00, run_after=2023-03-16T23:49:53.663915+00:00
[2023-03-16T23:49:53.708+0000] {processor.py:175} INFO - Processing /home/airflow/.local/lib/python3.7/site-packages/airflow/example_dags/example_short_circuit_operator.py took 0.192 seconds
[2023-03-16T23:50:24.454+0000] {processor.py:153} INFO - Started process (PID=1673) to work on /home/airflow/.local/lib/python3.7/site-packages/airflow/example_dags/example_short_circuit_operator.py
[2023-03-16T23:50:24.456+0000] {processor.py:743} INFO - Processing file /home/airflow/.local/lib/python3.7/site-packages/airflow/example_dags/example_short_circuit_operator.py for tasks to queue
[2023-03-16T23:50:24.458+0000] {logging_mixin.py:137} INFO - [2023-03-16T23:50:24.457+0000] {dagbag.py:538} INFO - Filling up the DagBag from /home/airflow/.local/lib/python3.7/site-packages/airflow/example_dags/example_short_circuit_operator.py
[2023-03-16T23:50:24.495+0000] {processor.py:753} INFO - DAG(s) dict_keys(['example_short_circuit_operator']) retrieved from /home/airflow/.local/lib/python3.7/site-packages/airflow/example_dags/example_short_circuit_operator.py
[2023-03-16T23:50:24.538+0000] {logging_mixin.py:137} INFO - [2023-03-16T23:50:24.538+0000] {dag.py:2690} INFO - Sync 1 DAGs
[2023-03-16T23:50:24.581+0000] {logging_mixin.py:137} INFO - [2023-03-16T23:50:24.580+0000] {dag.py:3441} INFO - Setting next_dagrun for example_short_circuit_operator to 2023-03-15T23:50:24.580482+00:00, run_after=2023-03-16T23:50:24.580482+00:00
[2023-03-16T23:50:24.613+0000] {processor.py:175} INFO - Processing /home/airflow/.local/lib/python3.7/site-packages/airflow/example_dags/example_short_circuit_operator.py took 0.165 seconds
[2023-03-16T23:50:55.324+0000] {processor.py:153} INFO - Started process (PID=1746) to work on /home/airflow/.local/lib/python3.7/site-packages/airflow/example_dags/example_short_circuit_operator.py
[2023-03-16T23:50:55.326+0000] {processor.py:743} INFO - Processing file /home/airflow/.local/lib/python3.7/site-packages/airflow/example_dags/example_short_circuit_operator.py for tasks to queue
[2023-03-16T23:50:55.329+0000] {logging_mixin.py:137} INFO - [2023-03-16T23:50:55.328+0000] {dagbag.py:538} INFO - Filling up the DagBag from /home/airflow/.local/lib/python3.7/site-packages/airflow/example_dags/example_short_circuit_operator.py
[2023-03-16T23:50:55.357+0000] {processor.py:753} INFO - DAG(s) dict_keys(['example_short_circuit_operator']) retrieved from /home/airflow/.local/lib/python3.7/site-packages/airflow/example_dags/example_short_circuit_operator.py
[2023-03-16T23:50:55.395+0000] {logging_mixin.py:137} INFO - [2023-03-16T23:50:55.394+0000] {dag.py:2690} INFO - Sync 1 DAGs
[2023-03-16T23:50:55.439+0000] {logging_mixin.py:137} INFO - [2023-03-16T23:50:55.439+0000] {dag.py:3441} INFO - Setting next_dagrun for example_short_circuit_operator to 2023-03-15T23:50:55.439323+00:00, run_after=2023-03-16T23:50:55.439323+00:00
[2023-03-16T23:50:55.491+0000] {processor.py:175} INFO - Processing /home/airflow/.local/lib/python3.7/site-packages/airflow/example_dags/example_short_circuit_operator.py took 0.170 seconds
[2023-03-16T23:51:25.953+0000] {processor.py:153} INFO - Started process (PID=1819) to work on /home/airflow/.local/lib/python3.7/site-packages/airflow/example_dags/example_short_circuit_operator.py
[2023-03-16T23:51:25.955+0000] {processor.py:743} INFO - Processing file /home/airflow/.local/lib/python3.7/site-packages/airflow/example_dags/example_short_circuit_operator.py for tasks to queue
[2023-03-16T23:51:25.957+0000] {logging_mixin.py:137} INFO - [2023-03-16T23:51:25.957+0000] {dagbag.py:538} INFO - Filling up the DagBag from /home/airflow/.local/lib/python3.7/site-packages/airflow/example_dags/example_short_circuit_operator.py
[2023-03-16T23:51:25.993+0000] {processor.py:753} INFO - DAG(s) dict_keys(['example_short_circuit_operator']) retrieved from /home/airflow/.local/lib/python3.7/site-packages/airflow/example_dags/example_short_circuit_operator.py
[2023-03-16T23:51:26.056+0000] {logging_mixin.py:137} INFO - [2023-03-16T23:51:26.056+0000] {dag.py:2690} INFO - Sync 1 DAGs
[2023-03-16T23:51:26.097+0000] {logging_mixin.py:137} INFO - [2023-03-16T23:51:26.097+0000] {dag.py:3441} INFO - Setting next_dagrun for example_short_circuit_operator to 2023-03-15T23:51:26.097095+00:00, run_after=2023-03-16T23:51:26.097095+00:00
[2023-03-16T23:51:26.135+0000] {processor.py:175} INFO - Processing /home/airflow/.local/lib/python3.7/site-packages/airflow/example_dags/example_short_circuit_operator.py took 0.189 seconds
[2023-03-16T23:51:56.223+0000] {processor.py:153} INFO - Started process (PID=1893) to work on /home/airflow/.local/lib/python3.7/site-packages/airflow/example_dags/example_short_circuit_operator.py
[2023-03-16T23:51:56.225+0000] {processor.py:743} INFO - Processing file /home/airflow/.local/lib/python3.7/site-packages/airflow/example_dags/example_short_circuit_operator.py for tasks to queue
[2023-03-16T23:51:56.226+0000] {logging_mixin.py:137} INFO - [2023-03-16T23:51:56.226+0000] {dagbag.py:538} INFO - Filling up the DagBag from /home/airflow/.local/lib/python3.7/site-packages/airflow/example_dags/example_short_circuit_operator.py
[2023-03-16T23:51:56.248+0000] {processor.py:753} INFO - DAG(s) dict_keys(['example_short_circuit_operator']) retrieved from /home/airflow/.local/lib/python3.7/site-packages/airflow/example_dags/example_short_circuit_operator.py
[2023-03-16T23:51:56.300+0000] {logging_mixin.py:137} INFO - [2023-03-16T23:51:56.300+0000] {dag.py:2690} INFO - Sync 1 DAGs
[2023-03-16T23:51:56.347+0000] {logging_mixin.py:137} INFO - [2023-03-16T23:51:56.347+0000] {dag.py:3441} INFO - Setting next_dagrun for example_short_circuit_operator to 2023-03-15T23:51:56.346853+00:00, run_after=2023-03-16T23:51:56.346853+00:00
[2023-03-16T23:51:56.383+0000] {processor.py:175} INFO - Processing /home/airflow/.local/lib/python3.7/site-packages/airflow/example_dags/example_short_circuit_operator.py took 0.165 seconds
[2023-03-16T23:52:26.769+0000] {processor.py:153} INFO - Started process (PID=1966) to work on /home/airflow/.local/lib/python3.7/site-packages/airflow/example_dags/example_short_circuit_operator.py
[2023-03-16T23:52:26.771+0000] {processor.py:743} INFO - Processing file /home/airflow/.local/lib/python3.7/site-packages/airflow/example_dags/example_short_circuit_operator.py for tasks to queue
[2023-03-16T23:52:26.772+0000] {logging_mixin.py:137} INFO - [2023-03-16T23:52:26.772+0000] {dagbag.py:538} INFO - Filling up the DagBag from /home/airflow/.local/lib/python3.7/site-packages/airflow/example_dags/example_short_circuit_operator.py
[2023-03-16T23:52:26.797+0000] {processor.py:753} INFO - DAG(s) dict_keys(['example_short_circuit_operator']) retrieved from /home/airflow/.local/lib/python3.7/site-packages/airflow/example_dags/example_short_circuit_operator.py
[2023-03-16T23:52:26.831+0000] {logging_mixin.py:137} INFO - [2023-03-16T23:52:26.831+0000] {dag.py:2690} INFO - Sync 1 DAGs
[2023-03-16T23:52:26.870+0000] {logging_mixin.py:137} INFO - [2023-03-16T23:52:26.869+0000] {dag.py:3441} INFO - Setting next_dagrun for example_short_circuit_operator to 2023-03-15T23:52:26.869573+00:00, run_after=2023-03-16T23:52:26.869573+00:00
[2023-03-16T23:52:26.906+0000] {processor.py:175} INFO - Processing /home/airflow/.local/lib/python3.7/site-packages/airflow/example_dags/example_short_circuit_operator.py took 0.143 seconds
[2023-03-16T23:52:57.550+0000] {processor.py:153} INFO - Started process (PID=2039) to work on /home/airflow/.local/lib/python3.7/site-packages/airflow/example_dags/example_short_circuit_operator.py
[2023-03-16T23:52:57.552+0000] {processor.py:743} INFO - Processing file /home/airflow/.local/lib/python3.7/site-packages/airflow/example_dags/example_short_circuit_operator.py for tasks to queue
[2023-03-16T23:52:57.559+0000] {logging_mixin.py:137} INFO - [2023-03-16T23:52:57.558+0000] {dagbag.py:538} INFO - Filling up the DagBag from /home/airflow/.local/lib/python3.7/site-packages/airflow/example_dags/example_short_circuit_operator.py
[2023-03-16T23:52:57.625+0000] {processor.py:753} INFO - DAG(s) dict_keys(['example_short_circuit_operator']) retrieved from /home/airflow/.local/lib/python3.7/site-packages/airflow/example_dags/example_short_circuit_operator.py
[2023-03-16T23:52:57.727+0000] {logging_mixin.py:137} INFO - [2023-03-16T23:52:57.727+0000] {dag.py:2690} INFO - Sync 1 DAGs
[2023-03-16T23:52:57.814+0000] {logging_mixin.py:137} INFO - [2023-03-16T23:52:57.813+0000] {dag.py:3441} INFO - Setting next_dagrun for example_short_circuit_operator to 2023-03-15T23:52:57.813136+00:00, run_after=2023-03-16T23:52:57.813136+00:00
[2023-03-16T23:52:57.887+0000] {processor.py:175} INFO - Processing /home/airflow/.local/lib/python3.7/site-packages/airflow/example_dags/example_short_circuit_operator.py took 0.345 seconds
[2023-03-16T23:53:28.497+0000] {processor.py:153} INFO - Started process (PID=2112) to work on /home/airflow/.local/lib/python3.7/site-packages/airflow/example_dags/example_short_circuit_operator.py
[2023-03-16T23:53:28.498+0000] {processor.py:743} INFO - Processing file /home/airflow/.local/lib/python3.7/site-packages/airflow/example_dags/example_short_circuit_operator.py for tasks to queue
[2023-03-16T23:53:28.500+0000] {logging_mixin.py:137} INFO - [2023-03-16T23:53:28.500+0000] {dagbag.py:538} INFO - Filling up the DagBag from /home/airflow/.local/lib/python3.7/site-packages/airflow/example_dags/example_short_circuit_operator.py
[2023-03-16T23:53:28.539+0000] {processor.py:753} INFO - DAG(s) dict_keys(['example_short_circuit_operator']) retrieved from /home/airflow/.local/lib/python3.7/site-packages/airflow/example_dags/example_short_circuit_operator.py
[2023-03-16T23:53:28.591+0000] {logging_mixin.py:137} INFO - [2023-03-16T23:53:28.591+0000] {dag.py:2690} INFO - Sync 1 DAGs
[2023-03-16T23:53:28.634+0000] {logging_mixin.py:137} INFO - [2023-03-16T23:53:28.633+0000] {dag.py:3441} INFO - Setting next_dagrun for example_short_circuit_operator to 2023-03-15T23:53:28.633697+00:00, run_after=2023-03-16T23:53:28.633697+00:00
[2023-03-16T23:53:28.675+0000] {processor.py:175} INFO - Processing /home/airflow/.local/lib/python3.7/site-packages/airflow/example_dags/example_short_circuit_operator.py took 0.184 seconds
[2023-03-16T23:53:59.256+0000] {processor.py:153} INFO - Started process (PID=2185) to work on /home/airflow/.local/lib/python3.7/site-packages/airflow/example_dags/example_short_circuit_operator.py
[2023-03-16T23:53:59.258+0000] {processor.py:743} INFO - Processing file /home/airflow/.local/lib/python3.7/site-packages/airflow/example_dags/example_short_circuit_operator.py for tasks to queue
[2023-03-16T23:53:59.260+0000] {logging_mixin.py:137} INFO - [2023-03-16T23:53:59.260+0000] {dagbag.py:538} INFO - Filling up the DagBag from /home/airflow/.local/lib/python3.7/site-packages/airflow/example_dags/example_short_circuit_operator.py
[2023-03-16T23:53:59.297+0000] {processor.py:753} INFO - DAG(s) dict_keys(['example_short_circuit_operator']) retrieved from /home/airflow/.local/lib/python3.7/site-packages/airflow/example_dags/example_short_circuit_operator.py
[2023-03-16T23:53:59.396+0000] {logging_mixin.py:137} INFO - [2023-03-16T23:53:59.395+0000] {dag.py:2690} INFO - Sync 1 DAGs
[2023-03-16T23:53:59.440+0000] {logging_mixin.py:137} INFO - [2023-03-16T23:53:59.440+0000] {dag.py:3441} INFO - Setting next_dagrun for example_short_circuit_operator to 2023-03-15T23:53:59.440081+00:00, run_after=2023-03-16T23:53:59.440081+00:00
[2023-03-16T23:53:59.474+0000] {processor.py:175} INFO - Processing /home/airflow/.local/lib/python3.7/site-packages/airflow/example_dags/example_short_circuit_operator.py took 0.224 seconds
[2023-03-16T23:54:29.730+0000] {processor.py:153} INFO - Started process (PID=2258) to work on /home/airflow/.local/lib/python3.7/site-packages/airflow/example_dags/example_short_circuit_operator.py
[2023-03-16T23:54:29.732+0000] {processor.py:743} INFO - Processing file /home/airflow/.local/lib/python3.7/site-packages/airflow/example_dags/example_short_circuit_operator.py for tasks to queue
[2023-03-16T23:54:29.734+0000] {logging_mixin.py:137} INFO - [2023-03-16T23:54:29.734+0000] {dagbag.py:538} INFO - Filling up the DagBag from /home/airflow/.local/lib/python3.7/site-packages/airflow/example_dags/example_short_circuit_operator.py
[2023-03-16T23:54:29.774+0000] {processor.py:753} INFO - DAG(s) dict_keys(['example_short_circuit_operator']) retrieved from /home/airflow/.local/lib/python3.7/site-packages/airflow/example_dags/example_short_circuit_operator.py
[2023-03-16T23:54:29.813+0000] {logging_mixin.py:137} INFO - [2023-03-16T23:54:29.813+0000] {dag.py:2690} INFO - Sync 1 DAGs
[2023-03-16T23:54:29.854+0000] {logging_mixin.py:137} INFO - [2023-03-16T23:54:29.854+0000] {dag.py:3441} INFO - Setting next_dagrun for example_short_circuit_operator to 2023-03-15T23:54:29.853979+00:00, run_after=2023-03-16T23:54:29.853979+00:00
[2023-03-16T23:54:29.896+0000] {processor.py:175} INFO - Processing /home/airflow/.local/lib/python3.7/site-packages/airflow/example_dags/example_short_circuit_operator.py took 0.173 seconds
[2023-03-16T23:55:00.423+0000] {processor.py:153} INFO - Started process (PID=2331) to work on /home/airflow/.local/lib/python3.7/site-packages/airflow/example_dags/example_short_circuit_operator.py
[2023-03-16T23:55:00.424+0000] {processor.py:743} INFO - Processing file /home/airflow/.local/lib/python3.7/site-packages/airflow/example_dags/example_short_circuit_operator.py for tasks to queue
[2023-03-16T23:55:00.428+0000] {logging_mixin.py:137} INFO - [2023-03-16T23:55:00.428+0000] {dagbag.py:538} INFO - Filling up the DagBag from /home/airflow/.local/lib/python3.7/site-packages/airflow/example_dags/example_short_circuit_operator.py
[2023-03-16T23:55:00.462+0000] {processor.py:753} INFO - DAG(s) dict_keys(['example_short_circuit_operator']) retrieved from /home/airflow/.local/lib/python3.7/site-packages/airflow/example_dags/example_short_circuit_operator.py
[2023-03-16T23:55:00.501+0000] {logging_mixin.py:137} INFO - [2023-03-16T23:55:00.501+0000] {dag.py:2690} INFO - Sync 1 DAGs
[2023-03-16T23:55:00.537+0000] {logging_mixin.py:137} INFO - [2023-03-16T23:55:00.537+0000] {dag.py:3441} INFO - Setting next_dagrun for example_short_circuit_operator to 2023-03-15T23:55:00.536982+00:00, run_after=2023-03-16T23:55:00.536982+00:00
[2023-03-16T23:55:00.570+0000] {processor.py:175} INFO - Processing /home/airflow/.local/lib/python3.7/site-packages/airflow/example_dags/example_short_circuit_operator.py took 0.155 seconds
[2023-03-16T23:55:30.746+0000] {processor.py:153} INFO - Started process (PID=2411) to work on /home/airflow/.local/lib/python3.7/site-packages/airflow/example_dags/example_short_circuit_operator.py
[2023-03-16T23:55:30.748+0000] {processor.py:743} INFO - Processing file /home/airflow/.local/lib/python3.7/site-packages/airflow/example_dags/example_short_circuit_operator.py for tasks to queue
[2023-03-16T23:55:30.750+0000] {logging_mixin.py:137} INFO - [2023-03-16T23:55:30.749+0000] {dagbag.py:538} INFO - Filling up the DagBag from /home/airflow/.local/lib/python3.7/site-packages/airflow/example_dags/example_short_circuit_operator.py
[2023-03-16T23:55:30.795+0000] {processor.py:753} INFO - DAG(s) dict_keys(['example_short_circuit_operator']) retrieved from /home/airflow/.local/lib/python3.7/site-packages/airflow/example_dags/example_short_circuit_operator.py
[2023-03-16T23:55:30.889+0000] {logging_mixin.py:137} INFO - [2023-03-16T23:55:30.889+0000] {dag.py:2690} INFO - Sync 1 DAGs
[2023-03-16T23:55:30.989+0000] {logging_mixin.py:137} INFO - [2023-03-16T23:55:30.989+0000] {dag.py:3441} INFO - Setting next_dagrun for example_short_circuit_operator to 2023-03-15T23:55:30.988409+00:00, run_after=2023-03-16T23:55:30.988409+00:00
[2023-03-16T23:55:31.052+0000] {processor.py:175} INFO - Processing /home/airflow/.local/lib/python3.7/site-packages/airflow/example_dags/example_short_circuit_operator.py took 0.311 seconds
[2023-03-16T23:56:01.791+0000] {processor.py:153} INFO - Started process (PID=2486) to work on /home/airflow/.local/lib/python3.7/site-packages/airflow/example_dags/example_short_circuit_operator.py
[2023-03-16T23:56:01.794+0000] {processor.py:743} INFO - Processing file /home/airflow/.local/lib/python3.7/site-packages/airflow/example_dags/example_short_circuit_operator.py for tasks to queue
[2023-03-16T23:56:01.798+0000] {logging_mixin.py:137} INFO - [2023-03-16T23:56:01.797+0000] {dagbag.py:538} INFO - Filling up the DagBag from /home/airflow/.local/lib/python3.7/site-packages/airflow/example_dags/example_short_circuit_operator.py
[2023-03-16T23:56:01.839+0000] {processor.py:753} INFO - DAG(s) dict_keys(['example_short_circuit_operator']) retrieved from /home/airflow/.local/lib/python3.7/site-packages/airflow/example_dags/example_short_circuit_operator.py
[2023-03-16T23:56:01.896+0000] {logging_mixin.py:137} INFO - [2023-03-16T23:56:01.896+0000] {dag.py:2690} INFO - Sync 1 DAGs
[2023-03-16T23:56:01.954+0000] {logging_mixin.py:137} INFO - [2023-03-16T23:56:01.953+0000] {dag.py:3441} INFO - Setting next_dagrun for example_short_circuit_operator to 2023-03-15T23:56:01.953307+00:00, run_after=2023-03-16T23:56:01.953307+00:00
[2023-03-16T23:56:02.035+0000] {processor.py:175} INFO - Processing /home/airflow/.local/lib/python3.7/site-packages/airflow/example_dags/example_short_circuit_operator.py took 0.253 seconds
[2023-03-16T23:56:32.334+0000] {processor.py:153} INFO - Started process (PID=2558) to work on /home/airflow/.local/lib/python3.7/site-packages/airflow/example_dags/example_short_circuit_operator.py
[2023-03-16T23:56:32.336+0000] {processor.py:743} INFO - Processing file /home/airflow/.local/lib/python3.7/site-packages/airflow/example_dags/example_short_circuit_operator.py for tasks to queue
[2023-03-16T23:56:32.338+0000] {logging_mixin.py:137} INFO - [2023-03-16T23:56:32.338+0000] {dagbag.py:538} INFO - Filling up the DagBag from /home/airflow/.local/lib/python3.7/site-packages/airflow/example_dags/example_short_circuit_operator.py
[2023-03-16T23:56:32.374+0000] {processor.py:753} INFO - DAG(s) dict_keys(['example_short_circuit_operator']) retrieved from /home/airflow/.local/lib/python3.7/site-packages/airflow/example_dags/example_short_circuit_operator.py
[2023-03-16T23:56:32.430+0000] {logging_mixin.py:137} INFO - [2023-03-16T23:56:32.429+0000] {dag.py:2690} INFO - Sync 1 DAGs
[2023-03-16T23:56:32.469+0000] {logging_mixin.py:137} INFO - [2023-03-16T23:56:32.469+0000] {dag.py:3441} INFO - Setting next_dagrun for example_short_circuit_operator to 2023-03-15T23:56:32.469186+00:00, run_after=2023-03-16T23:56:32.469186+00:00
[2023-03-16T23:56:32.516+0000] {processor.py:175} INFO - Processing /home/airflow/.local/lib/python3.7/site-packages/airflow/example_dags/example_short_circuit_operator.py took 0.188 seconds
[2023-03-16T23:57:03.263+0000] {processor.py:153} INFO - Started process (PID=2641) to work on /home/airflow/.local/lib/python3.7/site-packages/airflow/example_dags/example_short_circuit_operator.py
[2023-03-16T23:57:03.267+0000] {processor.py:743} INFO - Processing file /home/airflow/.local/lib/python3.7/site-packages/airflow/example_dags/example_short_circuit_operator.py for tasks to queue
[2023-03-16T23:57:03.269+0000] {logging_mixin.py:137} INFO - [2023-03-16T23:57:03.269+0000] {dagbag.py:538} INFO - Filling up the DagBag from /home/airflow/.local/lib/python3.7/site-packages/airflow/example_dags/example_short_circuit_operator.py
[2023-03-16T23:57:03.312+0000] {processor.py:753} INFO - DAG(s) dict_keys(['example_short_circuit_operator']) retrieved from /home/airflow/.local/lib/python3.7/site-packages/airflow/example_dags/example_short_circuit_operator.py
[2023-03-16T23:57:03.384+0000] {logging_mixin.py:137} INFO - [2023-03-16T23:57:03.383+0000] {dag.py:2690} INFO - Sync 1 DAGs
[2023-03-16T23:57:03.469+0000] {logging_mixin.py:137} INFO - [2023-03-16T23:57:03.468+0000] {dag.py:3441} INFO - Setting next_dagrun for example_short_circuit_operator to 2023-03-15T23:57:03.468093+00:00, run_after=2023-03-16T23:57:03.468093+00:00
[2023-03-16T23:57:03.538+0000] {processor.py:175} INFO - Processing /home/airflow/.local/lib/python3.7/site-packages/airflow/example_dags/example_short_circuit_operator.py took 0.287 seconds
[2023-03-16T23:57:34.117+0000] {processor.py:153} INFO - Started process (PID=2716) to work on /home/airflow/.local/lib/python3.7/site-packages/airflow/example_dags/example_short_circuit_operator.py
[2023-03-16T23:57:34.119+0000] {processor.py:743} INFO - Processing file /home/airflow/.local/lib/python3.7/site-packages/airflow/example_dags/example_short_circuit_operator.py for tasks to queue
[2023-03-16T23:57:34.121+0000] {logging_mixin.py:137} INFO - [2023-03-16T23:57:34.120+0000] {dagbag.py:538} INFO - Filling up the DagBag from /home/airflow/.local/lib/python3.7/site-packages/airflow/example_dags/example_short_circuit_operator.py
[2023-03-16T23:57:34.140+0000] {processor.py:753} INFO - DAG(s) dict_keys(['example_short_circuit_operator']) retrieved from /home/airflow/.local/lib/python3.7/site-packages/airflow/example_dags/example_short_circuit_operator.py
[2023-03-16T23:57:34.175+0000] {logging_mixin.py:137} INFO - [2023-03-16T23:57:34.174+0000] {dag.py:2690} INFO - Sync 1 DAGs
[2023-03-16T23:57:34.226+0000] {logging_mixin.py:137} INFO - [2023-03-16T23:57:34.225+0000] {dag.py:3441} INFO - Setting next_dagrun for example_short_circuit_operator to 2023-03-15T23:57:34.224613+00:00, run_after=2023-03-16T23:57:34.224613+00:00
[2023-03-16T23:57:34.262+0000] {processor.py:175} INFO - Processing /home/airflow/.local/lib/python3.7/site-packages/airflow/example_dags/example_short_circuit_operator.py took 0.150 seconds
[2023-03-16T23:58:04.504+0000] {processor.py:153} INFO - Started process (PID=2789) to work on /home/airflow/.local/lib/python3.7/site-packages/airflow/example_dags/example_short_circuit_operator.py
[2023-03-16T23:58:04.506+0000] {processor.py:743} INFO - Processing file /home/airflow/.local/lib/python3.7/site-packages/airflow/example_dags/example_short_circuit_operator.py for tasks to queue
[2023-03-16T23:58:04.508+0000] {logging_mixin.py:137} INFO - [2023-03-16T23:58:04.507+0000] {dagbag.py:538} INFO - Filling up the DagBag from /home/airflow/.local/lib/python3.7/site-packages/airflow/example_dags/example_short_circuit_operator.py
[2023-03-16T23:58:04.531+0000] {processor.py:753} INFO - DAG(s) dict_keys(['example_short_circuit_operator']) retrieved from /home/airflow/.local/lib/python3.7/site-packages/airflow/example_dags/example_short_circuit_operator.py
[2023-03-16T23:58:04.581+0000] {logging_mixin.py:137} INFO - [2023-03-16T23:58:04.581+0000] {dag.py:2690} INFO - Sync 1 DAGs
[2023-03-16T23:58:04.625+0000] {logging_mixin.py:137} INFO - [2023-03-16T23:58:04.625+0000] {dag.py:3441} INFO - Setting next_dagrun for example_short_circuit_operator to 2023-03-15T23:58:04.624736+00:00, run_after=2023-03-16T23:58:04.624736+00:00
[2023-03-16T23:58:04.669+0000] {processor.py:175} INFO - Processing /home/airflow/.local/lib/python3.7/site-packages/airflow/example_dags/example_short_circuit_operator.py took 0.172 seconds
[2023-03-16T23:58:35.280+0000] {processor.py:153} INFO - Started process (PID=2862) to work on /home/airflow/.local/lib/python3.7/site-packages/airflow/example_dags/example_short_circuit_operator.py
[2023-03-16T23:58:35.284+0000] {processor.py:743} INFO - Processing file /home/airflow/.local/lib/python3.7/site-packages/airflow/example_dags/example_short_circuit_operator.py for tasks to queue
[2023-03-16T23:58:35.286+0000] {logging_mixin.py:137} INFO - [2023-03-16T23:58:35.286+0000] {dagbag.py:538} INFO - Filling up the DagBag from /home/airflow/.local/lib/python3.7/site-packages/airflow/example_dags/example_short_circuit_operator.py
[2023-03-16T23:58:35.331+0000] {processor.py:753} INFO - DAG(s) dict_keys(['example_short_circuit_operator']) retrieved from /home/airflow/.local/lib/python3.7/site-packages/airflow/example_dags/example_short_circuit_operator.py
[2023-03-16T23:58:35.377+0000] {logging_mixin.py:137} INFO - [2023-03-16T23:58:35.377+0000] {dag.py:2690} INFO - Sync 1 DAGs
[2023-03-16T23:58:35.442+0000] {logging_mixin.py:137} INFO - [2023-03-16T23:58:35.441+0000] {dag.py:3441} INFO - Setting next_dagrun for example_short_circuit_operator to 2023-03-15T23:58:35.441400+00:00, run_after=2023-03-16T23:58:35.441400+00:00
[2023-03-16T23:58:35.490+0000] {processor.py:175} INFO - Processing /home/airflow/.local/lib/python3.7/site-packages/airflow/example_dags/example_short_circuit_operator.py took 0.223 seconds
[2023-03-16T23:59:05.590+0000] {processor.py:153} INFO - Started process (PID=2934) to work on /home/airflow/.local/lib/python3.7/site-packages/airflow/example_dags/example_short_circuit_operator.py
[2023-03-16T23:59:05.593+0000] {processor.py:743} INFO - Processing file /home/airflow/.local/lib/python3.7/site-packages/airflow/example_dags/example_short_circuit_operator.py for tasks to queue
[2023-03-16T23:59:05.595+0000] {logging_mixin.py:137} INFO - [2023-03-16T23:59:05.595+0000] {dagbag.py:538} INFO - Filling up the DagBag from /home/airflow/.local/lib/python3.7/site-packages/airflow/example_dags/example_short_circuit_operator.py
[2023-03-16T23:59:05.626+0000] {processor.py:753} INFO - DAG(s) dict_keys(['example_short_circuit_operator']) retrieved from /home/airflow/.local/lib/python3.7/site-packages/airflow/example_dags/example_short_circuit_operator.py
[2023-03-16T23:59:05.676+0000] {logging_mixin.py:137} INFO - [2023-03-16T23:59:05.676+0000] {dag.py:2690} INFO - Sync 1 DAGs
[2023-03-16T23:59:05.784+0000] {logging_mixin.py:137} INFO - [2023-03-16T23:59:05.784+0000] {dag.py:3441} INFO - Setting next_dagrun for example_short_circuit_operator to 2023-03-15T23:59:05.783593+00:00, run_after=2023-03-16T23:59:05.783593+00:00
[2023-03-16T23:59:05.872+0000] {processor.py:175} INFO - Processing /home/airflow/.local/lib/python3.7/site-packages/airflow/example_dags/example_short_circuit_operator.py took 0.288 seconds
[2023-03-16T23:59:36.177+0000] {processor.py:153} INFO - Started process (PID=3007) to work on /home/airflow/.local/lib/python3.7/site-packages/airflow/example_dags/example_short_circuit_operator.py
[2023-03-16T23:59:36.180+0000] {processor.py:743} INFO - Processing file /home/airflow/.local/lib/python3.7/site-packages/airflow/example_dags/example_short_circuit_operator.py for tasks to queue
[2023-03-16T23:59:36.182+0000] {logging_mixin.py:137} INFO - [2023-03-16T23:59:36.182+0000] {dagbag.py:538} INFO - Filling up the DagBag from /home/airflow/.local/lib/python3.7/site-packages/airflow/example_dags/example_short_circuit_operator.py
[2023-03-16T23:59:36.211+0000] {processor.py:753} INFO - DAG(s) dict_keys(['example_short_circuit_operator']) retrieved from /home/airflow/.local/lib/python3.7/site-packages/airflow/example_dags/example_short_circuit_operator.py
[2023-03-16T23:59:36.261+0000] {logging_mixin.py:137} INFO - [2023-03-16T23:59:36.261+0000] {dag.py:2690} INFO - Sync 1 DAGs
[2023-03-16T23:59:36.301+0000] {logging_mixin.py:137} INFO - [2023-03-16T23:59:36.301+0000] {dag.py:3441} INFO - Setting next_dagrun for example_short_circuit_operator to 2023-03-15T23:59:36.300863+00:00, run_after=2023-03-16T23:59:36.300863+00:00
[2023-03-16T23:59:36.336+0000] {processor.py:175} INFO - Processing /home/airflow/.local/lib/python3.7/site-packages/airflow/example_dags/example_short_circuit_operator.py took 0.164 seconds
