[2023-03-16T23:38:47.994+0000] {processor.py:153} INFO - Started process (PID=121) to work on /home/airflow/.local/lib/python3.7/site-packages/airflow/example_dags/example_latest_only.py
[2023-03-16T23:38:48.007+0000] {processor.py:743} INFO - Processing file /home/airflow/.local/lib/python3.7/site-packages/airflow/example_dags/example_latest_only.py for tasks to queue
[2023-03-16T23:38:48.025+0000] {logging_mixin.py:137} INFO - [2023-03-16T23:38:48.024+0000] {dagbag.py:538} INFO - Filling up the DagBag from /home/airflow/.local/lib/python3.7/site-packages/airflow/example_dags/example_latest_only.py
[2023-03-16T23:38:48.138+0000] {processor.py:753} INFO - DAG(s) dict_keys(['latest_only']) retrieved from /home/airflow/.local/lib/python3.7/site-packages/airflow/example_dags/example_latest_only.py
[2023-03-16T23:38:48.328+0000] {logging_mixin.py:137} INFO - [2023-03-16T23:38:48.328+0000] {dag.py:2690} INFO - Sync 1 DAGs
[2023-03-16T23:38:48.547+0000] {logging_mixin.py:137} INFO - [2023-03-16T23:38:48.547+0000] {dag.py:3441} INFO - Setting next_dagrun for latest_only to 2023-03-16T19:38:48.547026+00:00, run_after=2023-03-16T23:38:48.547026+00:00
[2023-03-16T23:38:48.670+0000] {processor.py:175} INFO - Processing /home/airflow/.local/lib/python3.7/site-packages/airflow/example_dags/example_latest_only.py took 0.697 seconds
[2023-03-16T23:39:19.132+0000] {processor.py:153} INFO - Started process (PID=186) to work on /home/airflow/.local/lib/python3.7/site-packages/airflow/example_dags/example_latest_only.py
[2023-03-16T23:39:19.143+0000] {processor.py:743} INFO - Processing file /home/airflow/.local/lib/python3.7/site-packages/airflow/example_dags/example_latest_only.py for tasks to queue
[2023-03-16T23:39:19.145+0000] {logging_mixin.py:137} INFO - [2023-03-16T23:39:19.145+0000] {dagbag.py:538} INFO - Filling up the DagBag from /home/airflow/.local/lib/python3.7/site-packages/airflow/example_dags/example_latest_only.py
[2023-03-16T23:39:19.184+0000] {processor.py:753} INFO - DAG(s) dict_keys(['latest_only']) retrieved from /home/airflow/.local/lib/python3.7/site-packages/airflow/example_dags/example_latest_only.py
[2023-03-16T23:39:19.290+0000] {logging_mixin.py:137} INFO - [2023-03-16T23:39:19.290+0000] {dag.py:2690} INFO - Sync 1 DAGs
[2023-03-16T23:39:19.423+0000] {logging_mixin.py:137} INFO - [2023-03-16T23:39:19.422+0000] {dag.py:3441} INFO - Setting next_dagrun for latest_only to 2023-03-16T19:39:19.422282+00:00, run_after=2023-03-16T23:39:19.422282+00:00
[2023-03-16T23:39:19.550+0000] {processor.py:175} INFO - Processing /home/airflow/.local/lib/python3.7/site-packages/airflow/example_dags/example_latest_only.py took 0.424 seconds
[2023-03-16T23:39:49.829+0000] {processor.py:153} INFO - Started process (PID=252) to work on /home/airflow/.local/lib/python3.7/site-packages/airflow/example_dags/example_latest_only.py
[2023-03-16T23:39:49.832+0000] {processor.py:743} INFO - Processing file /home/airflow/.local/lib/python3.7/site-packages/airflow/example_dags/example_latest_only.py for tasks to queue
[2023-03-16T23:39:49.835+0000] {logging_mixin.py:137} INFO - [2023-03-16T23:39:49.834+0000] {dagbag.py:538} INFO - Filling up the DagBag from /home/airflow/.local/lib/python3.7/site-packages/airflow/example_dags/example_latest_only.py
[2023-03-16T23:39:49.868+0000] {processor.py:753} INFO - DAG(s) dict_keys(['latest_only']) retrieved from /home/airflow/.local/lib/python3.7/site-packages/airflow/example_dags/example_latest_only.py
[2023-03-16T23:39:49.961+0000] {logging_mixin.py:137} INFO - [2023-03-16T23:39:49.961+0000] {dag.py:2690} INFO - Sync 1 DAGs
[2023-03-16T23:39:50.052+0000] {logging_mixin.py:137} INFO - [2023-03-16T23:39:50.052+0000] {dag.py:3441} INFO - Setting next_dagrun for latest_only to 2023-03-16T19:39:50.051976+00:00, run_after=2023-03-16T23:39:50.051976+00:00
[2023-03-16T23:39:50.139+0000] {processor.py:175} INFO - Processing /home/airflow/.local/lib/python3.7/site-packages/airflow/example_dags/example_latest_only.py took 0.317 seconds
[2023-03-16T23:40:20.791+0000] {processor.py:153} INFO - Started process (PID=326) to work on /home/airflow/.local/lib/python3.7/site-packages/airflow/example_dags/example_latest_only.py
[2023-03-16T23:40:20.794+0000] {processor.py:743} INFO - Processing file /home/airflow/.local/lib/python3.7/site-packages/airflow/example_dags/example_latest_only.py for tasks to queue
[2023-03-16T23:40:20.801+0000] {logging_mixin.py:137} INFO - [2023-03-16T23:40:20.801+0000] {dagbag.py:538} INFO - Filling up the DagBag from /home/airflow/.local/lib/python3.7/site-packages/airflow/example_dags/example_latest_only.py
[2023-03-16T23:40:20.845+0000] {processor.py:753} INFO - DAG(s) dict_keys(['latest_only']) retrieved from /home/airflow/.local/lib/python3.7/site-packages/airflow/example_dags/example_latest_only.py
[2023-03-16T23:40:20.978+0000] {logging_mixin.py:137} INFO - [2023-03-16T23:40:20.977+0000] {dag.py:2690} INFO - Sync 1 DAGs
[2023-03-16T23:40:21.116+0000] {logging_mixin.py:137} INFO - [2023-03-16T23:40:21.116+0000] {dag.py:3441} INFO - Setting next_dagrun for latest_only to 2023-03-16T19:40:21.115858+00:00, run_after=2023-03-16T23:40:21.115858+00:00
[2023-03-16T23:40:21.201+0000] {processor.py:175} INFO - Processing /home/airflow/.local/lib/python3.7/site-packages/airflow/example_dags/example_latest_only.py took 0.420 seconds
[2023-03-16T23:40:51.382+0000] {processor.py:153} INFO - Started process (PID=393) to work on /home/airflow/.local/lib/python3.7/site-packages/airflow/example_dags/example_latest_only.py
[2023-03-16T23:40:51.389+0000] {processor.py:743} INFO - Processing file /home/airflow/.local/lib/python3.7/site-packages/airflow/example_dags/example_latest_only.py for tasks to queue
[2023-03-16T23:40:51.392+0000] {logging_mixin.py:137} INFO - [2023-03-16T23:40:51.391+0000] {dagbag.py:538} INFO - Filling up the DagBag from /home/airflow/.local/lib/python3.7/site-packages/airflow/example_dags/example_latest_only.py
[2023-03-16T23:40:51.428+0000] {processor.py:753} INFO - DAG(s) dict_keys(['latest_only']) retrieved from /home/airflow/.local/lib/python3.7/site-packages/airflow/example_dags/example_latest_only.py
[2023-03-16T23:40:51.499+0000] {logging_mixin.py:137} INFO - [2023-03-16T23:40:51.499+0000] {dag.py:2690} INFO - Sync 1 DAGs
[2023-03-16T23:40:51.631+0000] {logging_mixin.py:137} INFO - [2023-03-16T23:40:51.631+0000] {dag.py:3441} INFO - Setting next_dagrun for latest_only to 2023-03-16T19:40:51.630728+00:00, run_after=2023-03-16T23:40:51.630728+00:00
[2023-03-16T23:40:51.710+0000] {processor.py:175} INFO - Processing /home/airflow/.local/lib/python3.7/site-packages/airflow/example_dags/example_latest_only.py took 0.341 seconds
[2023-03-16T23:41:22.231+0000] {processor.py:153} INFO - Started process (PID=457) to work on /home/airflow/.local/lib/python3.7/site-packages/airflow/example_dags/example_latest_only.py
[2023-03-16T23:41:22.242+0000] {processor.py:743} INFO - Processing file /home/airflow/.local/lib/python3.7/site-packages/airflow/example_dags/example_latest_only.py for tasks to queue
[2023-03-16T23:41:22.250+0000] {logging_mixin.py:137} INFO - [2023-03-16T23:41:22.250+0000] {dagbag.py:538} INFO - Filling up the DagBag from /home/airflow/.local/lib/python3.7/site-packages/airflow/example_dags/example_latest_only.py
[2023-03-16T23:41:22.306+0000] {processor.py:753} INFO - DAG(s) dict_keys(['latest_only']) retrieved from /home/airflow/.local/lib/python3.7/site-packages/airflow/example_dags/example_latest_only.py
[2023-03-16T23:41:22.464+0000] {logging_mixin.py:137} INFO - [2023-03-16T23:41:22.463+0000] {dag.py:2690} INFO - Sync 1 DAGs
[2023-03-16T23:41:22.621+0000] {logging_mixin.py:137} INFO - [2023-03-16T23:41:22.621+0000] {dag.py:3441} INFO - Setting next_dagrun for latest_only to 2023-03-16T19:41:22.617807+00:00, run_after=2023-03-16T23:41:22.617807+00:00
[2023-03-16T23:41:22.704+0000] {processor.py:175} INFO - Processing /home/airflow/.local/lib/python3.7/site-packages/airflow/example_dags/example_latest_only.py took 0.480 seconds
[2023-03-16T23:41:53.422+0000] {processor.py:153} INFO - Started process (PID=530) to work on /home/airflow/.local/lib/python3.7/site-packages/airflow/example_dags/example_latest_only.py
[2023-03-16T23:41:53.428+0000] {processor.py:743} INFO - Processing file /home/airflow/.local/lib/python3.7/site-packages/airflow/example_dags/example_latest_only.py for tasks to queue
[2023-03-16T23:41:53.430+0000] {logging_mixin.py:137} INFO - [2023-03-16T23:41:53.430+0000] {dagbag.py:538} INFO - Filling up the DagBag from /home/airflow/.local/lib/python3.7/site-packages/airflow/example_dags/example_latest_only.py
[2023-03-16T23:41:53.467+0000] {processor.py:753} INFO - DAG(s) dict_keys(['latest_only']) retrieved from /home/airflow/.local/lib/python3.7/site-packages/airflow/example_dags/example_latest_only.py
[2023-03-16T23:41:53.514+0000] {logging_mixin.py:137} INFO - [2023-03-16T23:41:53.513+0000] {dag.py:2690} INFO - Sync 1 DAGs
[2023-03-16T23:41:53.590+0000] {logging_mixin.py:137} INFO - [2023-03-16T23:41:53.589+0000] {dag.py:3441} INFO - Setting next_dagrun for latest_only to 2023-03-16T19:41:53.589275+00:00, run_after=2023-03-16T23:41:53.589275+00:00
[2023-03-16T23:41:53.666+0000] {processor.py:175} INFO - Processing /home/airflow/.local/lib/python3.7/site-packages/airflow/example_dags/example_latest_only.py took 0.249 seconds
[2023-03-16T23:42:24.327+0000] {processor.py:153} INFO - Started process (PID=604) to work on /home/airflow/.local/lib/python3.7/site-packages/airflow/example_dags/example_latest_only.py
[2023-03-16T23:42:24.338+0000] {processor.py:743} INFO - Processing file /home/airflow/.local/lib/python3.7/site-packages/airflow/example_dags/example_latest_only.py for tasks to queue
[2023-03-16T23:42:24.398+0000] {logging_mixin.py:137} INFO - [2023-03-16T23:42:24.398+0000] {dagbag.py:538} INFO - Filling up the DagBag from /home/airflow/.local/lib/python3.7/site-packages/airflow/example_dags/example_latest_only.py
[2023-03-16T23:42:24.548+0000] {processor.py:753} INFO - DAG(s) dict_keys(['latest_only']) retrieved from /home/airflow/.local/lib/python3.7/site-packages/airflow/example_dags/example_latest_only.py
[2023-03-16T23:42:24.798+0000] {logging_mixin.py:137} INFO - [2023-03-16T23:42:24.798+0000] {dag.py:2690} INFO - Sync 1 DAGs
[2023-03-16T23:42:25.023+0000] {logging_mixin.py:137} INFO - [2023-03-16T23:42:25.023+0000] {dag.py:3441} INFO - Setting next_dagrun for latest_only to 2023-03-16T19:42:25.022646+00:00, run_after=2023-03-16T23:42:25.022646+00:00
[2023-03-16T23:42:25.114+0000] {processor.py:175} INFO - Processing /home/airflow/.local/lib/python3.7/site-packages/airflow/example_dags/example_latest_only.py took 0.803 seconds
[2023-03-16T23:42:56.188+0000] {processor.py:153} INFO - Started process (PID=677) to work on /home/airflow/.local/lib/python3.7/site-packages/airflow/example_dags/example_latest_only.py
[2023-03-16T23:42:56.200+0000] {processor.py:743} INFO - Processing file /home/airflow/.local/lib/python3.7/site-packages/airflow/example_dags/example_latest_only.py for tasks to queue
[2023-03-16T23:42:56.228+0000] {logging_mixin.py:137} INFO - [2023-03-16T23:42:56.228+0000] {dagbag.py:538} INFO - Filling up the DagBag from /home/airflow/.local/lib/python3.7/site-packages/airflow/example_dags/example_latest_only.py
[2023-03-16T23:42:56.313+0000] {processor.py:753} INFO - DAG(s) dict_keys(['latest_only']) retrieved from /home/airflow/.local/lib/python3.7/site-packages/airflow/example_dags/example_latest_only.py
[2023-03-16T23:42:56.398+0000] {logging_mixin.py:137} INFO - [2023-03-16T23:42:56.398+0000] {dag.py:2690} INFO - Sync 1 DAGs
[2023-03-16T23:42:56.462+0000] {logging_mixin.py:137} INFO - [2023-03-16T23:42:56.462+0000] {dag.py:3441} INFO - Setting next_dagrun for latest_only to 2023-03-16T19:42:56.462125+00:00, run_after=2023-03-16T23:42:56.462125+00:00
[2023-03-16T23:42:56.552+0000] {processor.py:175} INFO - Processing /home/airflow/.local/lib/python3.7/site-packages/airflow/example_dags/example_latest_only.py took 0.372 seconds
[2023-03-16T23:43:27.438+0000] {processor.py:153} INFO - Started process (PID=734) to work on /home/airflow/.local/lib/python3.7/site-packages/airflow/example_dags/example_latest_only.py
[2023-03-16T23:43:27.448+0000] {processor.py:743} INFO - Processing file /home/airflow/.local/lib/python3.7/site-packages/airflow/example_dags/example_latest_only.py for tasks to queue
[2023-03-16T23:43:27.450+0000] {logging_mixin.py:137} INFO - [2023-03-16T23:43:27.450+0000] {dagbag.py:538} INFO - Filling up the DagBag from /home/airflow/.local/lib/python3.7/site-packages/airflow/example_dags/example_latest_only.py
[2023-03-16T23:43:27.489+0000] {processor.py:753} INFO - DAG(s) dict_keys(['latest_only']) retrieved from /home/airflow/.local/lib/python3.7/site-packages/airflow/example_dags/example_latest_only.py
[2023-03-16T23:43:27.544+0000] {logging_mixin.py:137} INFO - [2023-03-16T23:43:27.543+0000] {dag.py:2690} INFO - Sync 1 DAGs
[2023-03-16T23:43:27.622+0000] {logging_mixin.py:137} INFO - [2023-03-16T23:43:27.621+0000] {dag.py:3441} INFO - Setting next_dagrun for latest_only to 2023-03-16T19:43:27.621252+00:00, run_after=2023-03-16T23:43:27.621252+00:00
[2023-03-16T23:43:27.678+0000] {processor.py:175} INFO - Processing /home/airflow/.local/lib/python3.7/site-packages/airflow/example_dags/example_latest_only.py took 0.248 seconds
[2023-03-16T23:43:58.065+0000] {processor.py:153} INFO - Started process (PID=807) to work on /home/airflow/.local/lib/python3.7/site-packages/airflow/example_dags/example_latest_only.py
[2023-03-16T23:43:58.067+0000] {processor.py:743} INFO - Processing file /home/airflow/.local/lib/python3.7/site-packages/airflow/example_dags/example_latest_only.py for tasks to queue
[2023-03-16T23:43:58.069+0000] {logging_mixin.py:137} INFO - [2023-03-16T23:43:58.068+0000] {dagbag.py:538} INFO - Filling up the DagBag from /home/airflow/.local/lib/python3.7/site-packages/airflow/example_dags/example_latest_only.py
[2023-03-16T23:43:58.139+0000] {processor.py:753} INFO - DAG(s) dict_keys(['latest_only']) retrieved from /home/airflow/.local/lib/python3.7/site-packages/airflow/example_dags/example_latest_only.py
[2023-03-16T23:43:58.276+0000] {logging_mixin.py:137} INFO - [2023-03-16T23:43:58.276+0000] {dag.py:2690} INFO - Sync 1 DAGs
[2023-03-16T23:43:58.404+0000] {logging_mixin.py:137} INFO - [2023-03-16T23:43:58.404+0000] {dag.py:3441} INFO - Setting next_dagrun for latest_only to 2023-03-16T19:43:58.403750+00:00, run_after=2023-03-16T23:43:58.403750+00:00
[2023-03-16T23:43:58.523+0000] {processor.py:175} INFO - Processing /home/airflow/.local/lib/python3.7/site-packages/airflow/example_dags/example_latest_only.py took 0.476 seconds
[2023-03-16T23:44:28.855+0000] {processor.py:153} INFO - Started process (PID=874) to work on /home/airflow/.local/lib/python3.7/site-packages/airflow/example_dags/example_latest_only.py
[2023-03-16T23:44:28.870+0000] {processor.py:743} INFO - Processing file /home/airflow/.local/lib/python3.7/site-packages/airflow/example_dags/example_latest_only.py for tasks to queue
[2023-03-16T23:44:28.872+0000] {logging_mixin.py:137} INFO - [2023-03-16T23:44:28.872+0000] {dagbag.py:538} INFO - Filling up the DagBag from /home/airflow/.local/lib/python3.7/site-packages/airflow/example_dags/example_latest_only.py
[2023-03-16T23:44:28.918+0000] {processor.py:753} INFO - DAG(s) dict_keys(['latest_only']) retrieved from /home/airflow/.local/lib/python3.7/site-packages/airflow/example_dags/example_latest_only.py
[2023-03-16T23:44:29.083+0000] {logging_mixin.py:137} INFO - [2023-03-16T23:44:29.083+0000] {dag.py:2690} INFO - Sync 1 DAGs
[2023-03-16T23:44:29.213+0000] {logging_mixin.py:137} INFO - [2023-03-16T23:44:29.213+0000] {dag.py:3441} INFO - Setting next_dagrun for latest_only to 2023-03-16T19:44:29.212982+00:00, run_after=2023-03-16T23:44:29.212982+00:00
[2023-03-16T23:44:29.318+0000] {processor.py:175} INFO - Processing /home/airflow/.local/lib/python3.7/site-packages/airflow/example_dags/example_latest_only.py took 0.469 seconds
[2023-03-16T23:45:00.113+0000] {processor.py:153} INFO - Started process (PID=939) to work on /home/airflow/.local/lib/python3.7/site-packages/airflow/example_dags/example_latest_only.py
[2023-03-16T23:45:00.159+0000] {processor.py:743} INFO - Processing file /home/airflow/.local/lib/python3.7/site-packages/airflow/example_dags/example_latest_only.py for tasks to queue
[2023-03-16T23:45:00.178+0000] {logging_mixin.py:137} INFO - [2023-03-16T23:45:00.177+0000] {dagbag.py:538} INFO - Filling up the DagBag from /home/airflow/.local/lib/python3.7/site-packages/airflow/example_dags/example_latest_only.py
[2023-03-16T23:45:00.308+0000] {processor.py:753} INFO - DAG(s) dict_keys(['latest_only']) retrieved from /home/airflow/.local/lib/python3.7/site-packages/airflow/example_dags/example_latest_only.py
[2023-03-16T23:45:00.460+0000] {logging_mixin.py:137} INFO - [2023-03-16T23:45:00.459+0000] {dag.py:2690} INFO - Sync 1 DAGs
[2023-03-16T23:45:00.597+0000] {logging_mixin.py:137} INFO - [2023-03-16T23:45:00.588+0000] {dag.py:3441} INFO - Setting next_dagrun for latest_only to 2023-03-16T19:45:00.587524+00:00, run_after=2023-03-16T23:45:00.587524+00:00
[2023-03-16T23:45:00.713+0000] {processor.py:175} INFO - Processing /home/airflow/.local/lib/python3.7/site-packages/airflow/example_dags/example_latest_only.py took 0.619 seconds
[2023-03-16T23:45:31.191+0000] {processor.py:153} INFO - Started process (PID=1005) to work on /home/airflow/.local/lib/python3.7/site-packages/airflow/example_dags/example_latest_only.py
[2023-03-16T23:45:31.193+0000] {processor.py:743} INFO - Processing file /home/airflow/.local/lib/python3.7/site-packages/airflow/example_dags/example_latest_only.py for tasks to queue
[2023-03-16T23:45:31.196+0000] {logging_mixin.py:137} INFO - [2023-03-16T23:45:31.195+0000] {dagbag.py:538} INFO - Filling up the DagBag from /home/airflow/.local/lib/python3.7/site-packages/airflow/example_dags/example_latest_only.py
[2023-03-16T23:45:31.319+0000] {processor.py:753} INFO - DAG(s) dict_keys(['latest_only']) retrieved from /home/airflow/.local/lib/python3.7/site-packages/airflow/example_dags/example_latest_only.py
[2023-03-16T23:45:31.426+0000] {logging_mixin.py:137} INFO - [2023-03-16T23:45:31.426+0000] {dag.py:2690} INFO - Sync 1 DAGs
[2023-03-16T23:45:31.623+0000] {logging_mixin.py:137} INFO - [2023-03-16T23:45:31.622+0000] {dag.py:3441} INFO - Setting next_dagrun for latest_only to 2023-03-16T19:45:31.595440+00:00, run_after=2023-03-16T23:45:31.595440+00:00
[2023-03-16T23:45:31.815+0000] {processor.py:175} INFO - Processing /home/airflow/.local/lib/python3.7/site-packages/airflow/example_dags/example_latest_only.py took 0.642 seconds
[2023-03-16T23:46:02.457+0000] {processor.py:153} INFO - Started process (PID=1069) to work on /home/airflow/.local/lib/python3.7/site-packages/airflow/example_dags/example_latest_only.py
[2023-03-16T23:46:02.459+0000] {processor.py:743} INFO - Processing file /home/airflow/.local/lib/python3.7/site-packages/airflow/example_dags/example_latest_only.py for tasks to queue
[2023-03-16T23:46:02.461+0000] {logging_mixin.py:137} INFO - [2023-03-16T23:46:02.461+0000] {dagbag.py:538} INFO - Filling up the DagBag from /home/airflow/.local/lib/python3.7/site-packages/airflow/example_dags/example_latest_only.py
[2023-03-16T23:46:02.495+0000] {processor.py:753} INFO - DAG(s) dict_keys(['latest_only']) retrieved from /home/airflow/.local/lib/python3.7/site-packages/airflow/example_dags/example_latest_only.py
[2023-03-16T23:46:02.559+0000] {logging_mixin.py:137} INFO - [2023-03-16T23:46:02.556+0000] {dag.py:2690} INFO - Sync 1 DAGs
[2023-03-16T23:46:02.616+0000] {logging_mixin.py:137} INFO - [2023-03-16T23:46:02.616+0000] {dag.py:3441} INFO - Setting next_dagrun for latest_only to 2023-03-16T19:46:02.615658+00:00, run_after=2023-03-16T23:46:02.615658+00:00
[2023-03-16T23:46:02.654+0000] {processor.py:175} INFO - Processing /home/airflow/.local/lib/python3.7/site-packages/airflow/example_dags/example_latest_only.py took 0.203 seconds
[2023-03-16T23:46:32.789+0000] {processor.py:153} INFO - Started process (PID=1141) to work on /home/airflow/.local/lib/python3.7/site-packages/airflow/example_dags/example_latest_only.py
[2023-03-16T23:46:32.792+0000] {processor.py:743} INFO - Processing file /home/airflow/.local/lib/python3.7/site-packages/airflow/example_dags/example_latest_only.py for tasks to queue
[2023-03-16T23:46:32.798+0000] {logging_mixin.py:137} INFO - [2023-03-16T23:46:32.797+0000] {dagbag.py:538} INFO - Filling up the DagBag from /home/airflow/.local/lib/python3.7/site-packages/airflow/example_dags/example_latest_only.py
[2023-03-16T23:46:32.830+0000] {processor.py:753} INFO - DAG(s) dict_keys(['latest_only']) retrieved from /home/airflow/.local/lib/python3.7/site-packages/airflow/example_dags/example_latest_only.py
[2023-03-16T23:46:32.907+0000] {logging_mixin.py:137} INFO - [2023-03-16T23:46:32.906+0000] {dag.py:2690} INFO - Sync 1 DAGs
[2023-03-16T23:46:33.004+0000] {logging_mixin.py:137} INFO - [2023-03-16T23:46:33.004+0000] {dag.py:3441} INFO - Setting next_dagrun for latest_only to 2023-03-16T19:46:33.003531+00:00, run_after=2023-03-16T23:46:33.003531+00:00
[2023-03-16T23:46:33.122+0000] {processor.py:175} INFO - Processing /home/airflow/.local/lib/python3.7/site-packages/airflow/example_dags/example_latest_only.py took 0.340 seconds
[2023-03-16T23:47:03.270+0000] {processor.py:153} INFO - Started process (PID=1214) to work on /home/airflow/.local/lib/python3.7/site-packages/airflow/example_dags/example_latest_only.py
[2023-03-16T23:47:03.272+0000] {processor.py:743} INFO - Processing file /home/airflow/.local/lib/python3.7/site-packages/airflow/example_dags/example_latest_only.py for tasks to queue
[2023-03-16T23:47:03.274+0000] {logging_mixin.py:137} INFO - [2023-03-16T23:47:03.274+0000] {dagbag.py:538} INFO - Filling up the DagBag from /home/airflow/.local/lib/python3.7/site-packages/airflow/example_dags/example_latest_only.py
[2023-03-16T23:47:03.305+0000] {processor.py:753} INFO - DAG(s) dict_keys(['latest_only']) retrieved from /home/airflow/.local/lib/python3.7/site-packages/airflow/example_dags/example_latest_only.py
[2023-03-16T23:47:03.370+0000] {logging_mixin.py:137} INFO - [2023-03-16T23:47:03.370+0000] {dag.py:2690} INFO - Sync 1 DAGs
[2023-03-16T23:47:03.432+0000] {logging_mixin.py:137} INFO - [2023-03-16T23:47:03.432+0000] {dag.py:3441} INFO - Setting next_dagrun for latest_only to 2023-03-16T19:47:03.432146+00:00, run_after=2023-03-16T23:47:03.432146+00:00
[2023-03-16T23:47:03.473+0000] {processor.py:175} INFO - Processing /home/airflow/.local/lib/python3.7/site-packages/airflow/example_dags/example_latest_only.py took 0.217 seconds
[2023-03-16T23:47:33.990+0000] {processor.py:153} INFO - Started process (PID=1287) to work on /home/airflow/.local/lib/python3.7/site-packages/airflow/example_dags/example_latest_only.py
[2023-03-16T23:47:33.992+0000] {processor.py:743} INFO - Processing file /home/airflow/.local/lib/python3.7/site-packages/airflow/example_dags/example_latest_only.py for tasks to queue
[2023-03-16T23:47:33.994+0000] {logging_mixin.py:137} INFO - [2023-03-16T23:47:33.994+0000] {dagbag.py:538} INFO - Filling up the DagBag from /home/airflow/.local/lib/python3.7/site-packages/airflow/example_dags/example_latest_only.py
[2023-03-16T23:47:34.021+0000] {processor.py:753} INFO - DAG(s) dict_keys(['latest_only']) retrieved from /home/airflow/.local/lib/python3.7/site-packages/airflow/example_dags/example_latest_only.py
[2023-03-16T23:47:34.117+0000] {logging_mixin.py:137} INFO - [2023-03-16T23:47:34.117+0000] {dag.py:2690} INFO - Sync 1 DAGs
[2023-03-16T23:47:34.212+0000] {logging_mixin.py:137} INFO - [2023-03-16T23:47:34.211+0000] {dag.py:3441} INFO - Setting next_dagrun for latest_only to 2023-03-16T19:47:34.211288+00:00, run_after=2023-03-16T23:47:34.211288+00:00
[2023-03-16T23:47:34.291+0000] {processor.py:175} INFO - Processing /home/airflow/.local/lib/python3.7/site-packages/airflow/example_dags/example_latest_only.py took 0.308 seconds
[2023-03-16T23:48:04.432+0000] {processor.py:153} INFO - Started process (PID=1352) to work on /home/airflow/.local/lib/python3.7/site-packages/airflow/example_dags/example_latest_only.py
[2023-03-16T23:48:04.435+0000] {processor.py:743} INFO - Processing file /home/airflow/.local/lib/python3.7/site-packages/airflow/example_dags/example_latest_only.py for tasks to queue
[2023-03-16T23:48:04.443+0000] {logging_mixin.py:137} INFO - [2023-03-16T23:48:04.439+0000] {dagbag.py:538} INFO - Filling up the DagBag from /home/airflow/.local/lib/python3.7/site-packages/airflow/example_dags/example_latest_only.py
[2023-03-16T23:48:04.475+0000] {processor.py:753} INFO - DAG(s) dict_keys(['latest_only']) retrieved from /home/airflow/.local/lib/python3.7/site-packages/airflow/example_dags/example_latest_only.py
[2023-03-16T23:48:04.528+0000] {logging_mixin.py:137} INFO - [2023-03-16T23:48:04.528+0000] {dag.py:2690} INFO - Sync 1 DAGs
[2023-03-16T23:48:04.584+0000] {logging_mixin.py:137} INFO - [2023-03-16T23:48:04.583+0000] {dag.py:3441} INFO - Setting next_dagrun for latest_only to 2023-03-16T19:48:04.583275+00:00, run_after=2023-03-16T23:48:04.583275+00:00
[2023-03-16T23:48:04.660+0000] {processor.py:175} INFO - Processing /home/airflow/.local/lib/python3.7/site-packages/airflow/example_dags/example_latest_only.py took 0.236 seconds
[2023-03-16T23:48:34.998+0000] {processor.py:153} INFO - Started process (PID=1416) to work on /home/airflow/.local/lib/python3.7/site-packages/airflow/example_dags/example_latest_only.py
[2023-03-16T23:48:35.000+0000] {processor.py:743} INFO - Processing file /home/airflow/.local/lib/python3.7/site-packages/airflow/example_dags/example_latest_only.py for tasks to queue
[2023-03-16T23:48:35.002+0000] {logging_mixin.py:137} INFO - [2023-03-16T23:48:35.002+0000] {dagbag.py:538} INFO - Filling up the DagBag from /home/airflow/.local/lib/python3.7/site-packages/airflow/example_dags/example_latest_only.py
[2023-03-16T23:48:35.025+0000] {processor.py:753} INFO - DAG(s) dict_keys(['latest_only']) retrieved from /home/airflow/.local/lib/python3.7/site-packages/airflow/example_dags/example_latest_only.py
[2023-03-16T23:48:35.071+0000] {logging_mixin.py:137} INFO - [2023-03-16T23:48:35.071+0000] {dag.py:2690} INFO - Sync 1 DAGs
[2023-03-16T23:48:35.117+0000] {logging_mixin.py:137} INFO - [2023-03-16T23:48:35.117+0000] {dag.py:3441} INFO - Setting next_dagrun for latest_only to 2023-03-16T19:48:35.116990+00:00, run_after=2023-03-16T23:48:35.116990+00:00
[2023-03-16T23:48:35.160+0000] {processor.py:175} INFO - Processing /home/airflow/.local/lib/python3.7/site-packages/airflow/example_dags/example_latest_only.py took 0.167 seconds
[2023-03-16T23:49:05.932+0000] {processor.py:153} INFO - Started process (PID=1490) to work on /home/airflow/.local/lib/python3.7/site-packages/airflow/example_dags/example_latest_only.py
[2023-03-16T23:49:05.934+0000] {processor.py:743} INFO - Processing file /home/airflow/.local/lib/python3.7/site-packages/airflow/example_dags/example_latest_only.py for tasks to queue
[2023-03-16T23:49:05.935+0000] {logging_mixin.py:137} INFO - [2023-03-16T23:49:05.935+0000] {dagbag.py:538} INFO - Filling up the DagBag from /home/airflow/.local/lib/python3.7/site-packages/airflow/example_dags/example_latest_only.py
[2023-03-16T23:49:05.957+0000] {processor.py:753} INFO - DAG(s) dict_keys(['latest_only']) retrieved from /home/airflow/.local/lib/python3.7/site-packages/airflow/example_dags/example_latest_only.py
[2023-03-16T23:49:05.994+0000] {logging_mixin.py:137} INFO - [2023-03-16T23:49:05.993+0000] {dag.py:2690} INFO - Sync 1 DAGs
[2023-03-16T23:49:06.027+0000] {logging_mixin.py:137} INFO - [2023-03-16T23:49:06.026+0000] {dag.py:3441} INFO - Setting next_dagrun for latest_only to 2023-03-16T19:49:06.026434+00:00, run_after=2023-03-16T23:49:06.026434+00:00
[2023-03-16T23:49:06.060+0000] {processor.py:175} INFO - Processing /home/airflow/.local/lib/python3.7/site-packages/airflow/example_dags/example_latest_only.py took 0.133 seconds
[2023-03-16T23:49:36.142+0000] {processor.py:153} INFO - Started process (PID=1562) to work on /home/airflow/.local/lib/python3.7/site-packages/airflow/example_dags/example_latest_only.py
[2023-03-16T23:49:36.144+0000] {processor.py:743} INFO - Processing file /home/airflow/.local/lib/python3.7/site-packages/airflow/example_dags/example_latest_only.py for tasks to queue
[2023-03-16T23:49:36.146+0000] {logging_mixin.py:137} INFO - [2023-03-16T23:49:36.145+0000] {dagbag.py:538} INFO - Filling up the DagBag from /home/airflow/.local/lib/python3.7/site-packages/airflow/example_dags/example_latest_only.py
[2023-03-16T23:49:36.166+0000] {processor.py:753} INFO - DAG(s) dict_keys(['latest_only']) retrieved from /home/airflow/.local/lib/python3.7/site-packages/airflow/example_dags/example_latest_only.py
[2023-03-16T23:49:36.198+0000] {logging_mixin.py:137} INFO - [2023-03-16T23:49:36.198+0000] {dag.py:2690} INFO - Sync 1 DAGs
[2023-03-16T23:49:36.230+0000] {logging_mixin.py:137} INFO - [2023-03-16T23:49:36.230+0000] {dag.py:3441} INFO - Setting next_dagrun for latest_only to 2023-03-16T19:49:36.230493+00:00, run_after=2023-03-16T23:49:36.230493+00:00
[2023-03-16T23:49:36.253+0000] {processor.py:175} INFO - Processing /home/airflow/.local/lib/python3.7/site-packages/airflow/example_dags/example_latest_only.py took 0.116 seconds
[2023-03-16T23:50:06.995+0000] {processor.py:153} INFO - Started process (PID=1636) to work on /home/airflow/.local/lib/python3.7/site-packages/airflow/example_dags/example_latest_only.py
[2023-03-16T23:50:06.997+0000] {processor.py:743} INFO - Processing file /home/airflow/.local/lib/python3.7/site-packages/airflow/example_dags/example_latest_only.py for tasks to queue
[2023-03-16T23:50:07.000+0000] {logging_mixin.py:137} INFO - [2023-03-16T23:50:07.000+0000] {dagbag.py:538} INFO - Filling up the DagBag from /home/airflow/.local/lib/python3.7/site-packages/airflow/example_dags/example_latest_only.py
[2023-03-16T23:50:07.038+0000] {processor.py:753} INFO - DAG(s) dict_keys(['latest_only']) retrieved from /home/airflow/.local/lib/python3.7/site-packages/airflow/example_dags/example_latest_only.py
[2023-03-16T23:50:07.089+0000] {logging_mixin.py:137} INFO - [2023-03-16T23:50:07.089+0000] {dag.py:2690} INFO - Sync 1 DAGs
[2023-03-16T23:50:07.149+0000] {logging_mixin.py:137} INFO - [2023-03-16T23:50:07.149+0000] {dag.py:3441} INFO - Setting next_dagrun for latest_only to 2023-03-16T19:50:07.148405+00:00, run_after=2023-03-16T23:50:07.148405+00:00
[2023-03-16T23:50:07.229+0000] {processor.py:175} INFO - Processing /home/airflow/.local/lib/python3.7/site-packages/airflow/example_dags/example_latest_only.py took 0.241 seconds
[2023-03-16T23:50:37.352+0000] {processor.py:153} INFO - Started process (PID=1709) to work on /home/airflow/.local/lib/python3.7/site-packages/airflow/example_dags/example_latest_only.py
[2023-03-16T23:50:37.354+0000] {processor.py:743} INFO - Processing file /home/airflow/.local/lib/python3.7/site-packages/airflow/example_dags/example_latest_only.py for tasks to queue
[2023-03-16T23:50:37.356+0000] {logging_mixin.py:137} INFO - [2023-03-16T23:50:37.356+0000] {dagbag.py:538} INFO - Filling up the DagBag from /home/airflow/.local/lib/python3.7/site-packages/airflow/example_dags/example_latest_only.py
[2023-03-16T23:50:37.393+0000] {processor.py:753} INFO - DAG(s) dict_keys(['latest_only']) retrieved from /home/airflow/.local/lib/python3.7/site-packages/airflow/example_dags/example_latest_only.py
[2023-03-16T23:50:37.444+0000] {logging_mixin.py:137} INFO - [2023-03-16T23:50:37.444+0000] {dag.py:2690} INFO - Sync 1 DAGs
[2023-03-16T23:50:37.541+0000] {logging_mixin.py:137} INFO - [2023-03-16T23:50:37.541+0000] {dag.py:3441} INFO - Setting next_dagrun for latest_only to 2023-03-16T19:50:37.540645+00:00, run_after=2023-03-16T23:50:37.540645+00:00
[2023-03-16T23:50:37.636+0000] {processor.py:175} INFO - Processing /home/airflow/.local/lib/python3.7/site-packages/airflow/example_dags/example_latest_only.py took 0.292 seconds
[2023-03-16T23:51:08.114+0000] {processor.py:153} INFO - Started process (PID=1782) to work on /home/airflow/.local/lib/python3.7/site-packages/airflow/example_dags/example_latest_only.py
[2023-03-16T23:51:08.116+0000] {processor.py:743} INFO - Processing file /home/airflow/.local/lib/python3.7/site-packages/airflow/example_dags/example_latest_only.py for tasks to queue
[2023-03-16T23:51:08.117+0000] {logging_mixin.py:137} INFO - [2023-03-16T23:51:08.117+0000] {dagbag.py:538} INFO - Filling up the DagBag from /home/airflow/.local/lib/python3.7/site-packages/airflow/example_dags/example_latest_only.py
[2023-03-16T23:51:08.139+0000] {processor.py:753} INFO - DAG(s) dict_keys(['latest_only']) retrieved from /home/airflow/.local/lib/python3.7/site-packages/airflow/example_dags/example_latest_only.py
[2023-03-16T23:51:08.186+0000] {logging_mixin.py:137} INFO - [2023-03-16T23:51:08.186+0000] {dag.py:2690} INFO - Sync 1 DAGs
[2023-03-16T23:51:08.236+0000] {logging_mixin.py:137} INFO - [2023-03-16T23:51:08.236+0000] {dag.py:3441} INFO - Setting next_dagrun for latest_only to 2023-03-16T19:51:08.236173+00:00, run_after=2023-03-16T23:51:08.236173+00:00
[2023-03-16T23:51:08.274+0000] {processor.py:175} INFO - Processing /home/airflow/.local/lib/python3.7/site-packages/airflow/example_dags/example_latest_only.py took 0.166 seconds
[2023-03-16T23:51:38.604+0000] {processor.py:153} INFO - Started process (PID=1855) to work on /home/airflow/.local/lib/python3.7/site-packages/airflow/example_dags/example_latest_only.py
[2023-03-16T23:51:38.606+0000] {processor.py:743} INFO - Processing file /home/airflow/.local/lib/python3.7/site-packages/airflow/example_dags/example_latest_only.py for tasks to queue
[2023-03-16T23:51:38.608+0000] {logging_mixin.py:137} INFO - [2023-03-16T23:51:38.608+0000] {dagbag.py:538} INFO - Filling up the DagBag from /home/airflow/.local/lib/python3.7/site-packages/airflow/example_dags/example_latest_only.py
[2023-03-16T23:51:38.630+0000] {processor.py:753} INFO - DAG(s) dict_keys(['latest_only']) retrieved from /home/airflow/.local/lib/python3.7/site-packages/airflow/example_dags/example_latest_only.py
[2023-03-16T23:51:38.667+0000] {logging_mixin.py:137} INFO - [2023-03-16T23:51:38.667+0000] {dag.py:2690} INFO - Sync 1 DAGs
[2023-03-16T23:51:38.711+0000] {logging_mixin.py:137} INFO - [2023-03-16T23:51:38.710+0000] {dag.py:3441} INFO - Setting next_dagrun for latest_only to 2023-03-16T19:51:38.710555+00:00, run_after=2023-03-16T23:51:38.710555+00:00
[2023-03-16T23:51:38.750+0000] {processor.py:175} INFO - Processing /home/airflow/.local/lib/python3.7/site-packages/airflow/example_dags/example_latest_only.py took 0.152 seconds
[2023-03-16T23:52:09.419+0000] {processor.py:153} INFO - Started process (PID=1929) to work on /home/airflow/.local/lib/python3.7/site-packages/airflow/example_dags/example_latest_only.py
[2023-03-16T23:52:09.421+0000] {processor.py:743} INFO - Processing file /home/airflow/.local/lib/python3.7/site-packages/airflow/example_dags/example_latest_only.py for tasks to queue
[2023-03-16T23:52:09.422+0000] {logging_mixin.py:137} INFO - [2023-03-16T23:52:09.422+0000] {dagbag.py:538} INFO - Filling up the DagBag from /home/airflow/.local/lib/python3.7/site-packages/airflow/example_dags/example_latest_only.py
[2023-03-16T23:52:09.444+0000] {processor.py:753} INFO - DAG(s) dict_keys(['latest_only']) retrieved from /home/airflow/.local/lib/python3.7/site-packages/airflow/example_dags/example_latest_only.py
[2023-03-16T23:52:09.485+0000] {logging_mixin.py:137} INFO - [2023-03-16T23:52:09.485+0000] {dag.py:2690} INFO - Sync 1 DAGs
[2023-03-16T23:52:09.535+0000] {logging_mixin.py:137} INFO - [2023-03-16T23:52:09.534+0000] {dag.py:3441} INFO - Setting next_dagrun for latest_only to 2023-03-16T19:52:09.534460+00:00, run_after=2023-03-16T23:52:09.534460+00:00
[2023-03-16T23:52:09.570+0000] {processor.py:175} INFO - Processing /home/airflow/.local/lib/python3.7/site-packages/airflow/example_dags/example_latest_only.py took 0.157 seconds
[2023-03-16T23:52:40.005+0000] {processor.py:153} INFO - Started process (PID=2002) to work on /home/airflow/.local/lib/python3.7/site-packages/airflow/example_dags/example_latest_only.py
[2023-03-16T23:52:40.016+0000] {processor.py:743} INFO - Processing file /home/airflow/.local/lib/python3.7/site-packages/airflow/example_dags/example_latest_only.py for tasks to queue
[2023-03-16T23:52:40.018+0000] {logging_mixin.py:137} INFO - [2023-03-16T23:52:40.018+0000] {dagbag.py:538} INFO - Filling up the DagBag from /home/airflow/.local/lib/python3.7/site-packages/airflow/example_dags/example_latest_only.py
[2023-03-16T23:52:40.085+0000] {processor.py:753} INFO - DAG(s) dict_keys(['latest_only']) retrieved from /home/airflow/.local/lib/python3.7/site-packages/airflow/example_dags/example_latest_only.py
[2023-03-16T23:52:40.158+0000] {logging_mixin.py:137} INFO - [2023-03-16T23:52:40.157+0000] {dag.py:2690} INFO - Sync 1 DAGs
[2023-03-16T23:52:40.252+0000] {logging_mixin.py:137} INFO - [2023-03-16T23:52:40.252+0000] {dag.py:3441} INFO - Setting next_dagrun for latest_only to 2023-03-16T19:52:40.251476+00:00, run_after=2023-03-16T23:52:40.251476+00:00
[2023-03-16T23:52:40.312+0000] {processor.py:175} INFO - Processing /home/airflow/.local/lib/python3.7/site-packages/airflow/example_dags/example_latest_only.py took 0.316 seconds
[2023-03-16T23:53:11.700+0000] {processor.py:153} INFO - Started process (PID=2075) to work on /home/airflow/.local/lib/python3.7/site-packages/airflow/example_dags/example_latest_only.py
[2023-03-16T23:53:11.702+0000] {processor.py:743} INFO - Processing file /home/airflow/.local/lib/python3.7/site-packages/airflow/example_dags/example_latest_only.py for tasks to queue
[2023-03-16T23:53:11.705+0000] {logging_mixin.py:137} INFO - [2023-03-16T23:53:11.704+0000] {dagbag.py:538} INFO - Filling up the DagBag from /home/airflow/.local/lib/python3.7/site-packages/airflow/example_dags/example_latest_only.py
[2023-03-16T23:53:11.745+0000] {processor.py:753} INFO - DAG(s) dict_keys(['latest_only']) retrieved from /home/airflow/.local/lib/python3.7/site-packages/airflow/example_dags/example_latest_only.py
[2023-03-16T23:53:11.808+0000] {logging_mixin.py:137} INFO - [2023-03-16T23:53:11.808+0000] {dag.py:2690} INFO - Sync 1 DAGs
[2023-03-16T23:53:11.864+0000] {logging_mixin.py:137} INFO - [2023-03-16T23:53:11.864+0000] {dag.py:3441} INFO - Setting next_dagrun for latest_only to 2023-03-16T19:53:11.863747+00:00, run_after=2023-03-16T23:53:11.863747+00:00
[2023-03-16T23:53:11.924+0000] {processor.py:175} INFO - Processing /home/airflow/.local/lib/python3.7/site-packages/airflow/example_dags/example_latest_only.py took 0.231 seconds
[2023-03-16T23:53:42.292+0000] {processor.py:153} INFO - Started process (PID=2148) to work on /home/airflow/.local/lib/python3.7/site-packages/airflow/example_dags/example_latest_only.py
[2023-03-16T23:53:42.295+0000] {processor.py:743} INFO - Processing file /home/airflow/.local/lib/python3.7/site-packages/airflow/example_dags/example_latest_only.py for tasks to queue
[2023-03-16T23:53:42.306+0000] {logging_mixin.py:137} INFO - [2023-03-16T23:53:42.305+0000] {dagbag.py:538} INFO - Filling up the DagBag from /home/airflow/.local/lib/python3.7/site-packages/airflow/example_dags/example_latest_only.py
[2023-03-16T23:53:42.337+0000] {processor.py:753} INFO - DAG(s) dict_keys(['latest_only']) retrieved from /home/airflow/.local/lib/python3.7/site-packages/airflow/example_dags/example_latest_only.py
[2023-03-16T23:53:42.390+0000] {logging_mixin.py:137} INFO - [2023-03-16T23:53:42.390+0000] {dag.py:2690} INFO - Sync 1 DAGs
[2023-03-16T23:53:42.443+0000] {logging_mixin.py:137} INFO - [2023-03-16T23:53:42.443+0000] {dag.py:3441} INFO - Setting next_dagrun for latest_only to 2023-03-16T19:53:42.442148+00:00, run_after=2023-03-16T23:53:42.442148+00:00
[2023-03-16T23:53:42.514+0000] {processor.py:175} INFO - Processing /home/airflow/.local/lib/python3.7/site-packages/airflow/example_dags/example_latest_only.py took 0.236 seconds
[2023-03-16T23:54:13.214+0000] {processor.py:153} INFO - Started process (PID=2221) to work on /home/airflow/.local/lib/python3.7/site-packages/airflow/example_dags/example_latest_only.py
[2023-03-16T23:54:13.216+0000] {processor.py:743} INFO - Processing file /home/airflow/.local/lib/python3.7/site-packages/airflow/example_dags/example_latest_only.py for tasks to queue
[2023-03-16T23:54:13.218+0000] {logging_mixin.py:137} INFO - [2023-03-16T23:54:13.217+0000] {dagbag.py:538} INFO - Filling up the DagBag from /home/airflow/.local/lib/python3.7/site-packages/airflow/example_dags/example_latest_only.py
[2023-03-16T23:54:13.241+0000] {processor.py:753} INFO - DAG(s) dict_keys(['latest_only']) retrieved from /home/airflow/.local/lib/python3.7/site-packages/airflow/example_dags/example_latest_only.py
[2023-03-16T23:54:13.288+0000] {logging_mixin.py:137} INFO - [2023-03-16T23:54:13.288+0000] {dag.py:2690} INFO - Sync 1 DAGs
[2023-03-16T23:54:13.334+0000] {logging_mixin.py:137} INFO - [2023-03-16T23:54:13.334+0000] {dag.py:3441} INFO - Setting next_dagrun for latest_only to 2023-03-16T19:54:13.333974+00:00, run_after=2023-03-16T23:54:13.333974+00:00
[2023-03-16T23:54:13.373+0000] {processor.py:175} INFO - Processing /home/airflow/.local/lib/python3.7/site-packages/airflow/example_dags/example_latest_only.py took 0.166 seconds
[2023-03-16T23:54:44.567+0000] {processor.py:153} INFO - Started process (PID=2294) to work on /home/airflow/.local/lib/python3.7/site-packages/airflow/example_dags/example_latest_only.py
[2023-03-16T23:54:44.570+0000] {processor.py:743} INFO - Processing file /home/airflow/.local/lib/python3.7/site-packages/airflow/example_dags/example_latest_only.py for tasks to queue
[2023-03-16T23:54:44.572+0000] {logging_mixin.py:137} INFO - [2023-03-16T23:54:44.572+0000] {dagbag.py:538} INFO - Filling up the DagBag from /home/airflow/.local/lib/python3.7/site-packages/airflow/example_dags/example_latest_only.py
[2023-03-16T23:54:44.604+0000] {processor.py:753} INFO - DAG(s) dict_keys(['latest_only']) retrieved from /home/airflow/.local/lib/python3.7/site-packages/airflow/example_dags/example_latest_only.py
[2023-03-16T23:54:44.704+0000] {logging_mixin.py:137} INFO - [2023-03-16T23:54:44.704+0000] {dag.py:2690} INFO - Sync 1 DAGs
[2023-03-16T23:54:44.768+0000] {logging_mixin.py:137} INFO - [2023-03-16T23:54:44.767+0000] {dag.py:3441} INFO - Setting next_dagrun for latest_only to 2023-03-16T19:54:44.767581+00:00, run_after=2023-03-16T23:54:44.767581+00:00
[2023-03-16T23:54:44.791+0000] {processor.py:175} INFO - Processing /home/airflow/.local/lib/python3.7/site-packages/airflow/example_dags/example_latest_only.py took 0.231 seconds
[2023-03-16T23:55:14.905+0000] {processor.py:153} INFO - Started process (PID=2367) to work on /home/airflow/.local/lib/python3.7/site-packages/airflow/example_dags/example_latest_only.py
[2023-03-16T23:55:14.907+0000] {processor.py:743} INFO - Processing file /home/airflow/.local/lib/python3.7/site-packages/airflow/example_dags/example_latest_only.py for tasks to queue
[2023-03-16T23:55:14.908+0000] {logging_mixin.py:137} INFO - [2023-03-16T23:55:14.908+0000] {dagbag.py:538} INFO - Filling up the DagBag from /home/airflow/.local/lib/python3.7/site-packages/airflow/example_dags/example_latest_only.py
[2023-03-16T23:55:14.933+0000] {processor.py:753} INFO - DAG(s) dict_keys(['latest_only']) retrieved from /home/airflow/.local/lib/python3.7/site-packages/airflow/example_dags/example_latest_only.py
[2023-03-16T23:55:14.981+0000] {logging_mixin.py:137} INFO - [2023-03-16T23:55:14.981+0000] {dag.py:2690} INFO - Sync 1 DAGs
[2023-03-16T23:55:15.024+0000] {logging_mixin.py:137} INFO - [2023-03-16T23:55:15.024+0000] {dag.py:3441} INFO - Setting next_dagrun for latest_only to 2023-03-16T19:55:15.023948+00:00, run_after=2023-03-16T23:55:15.023948+00:00
[2023-03-16T23:55:15.069+0000] {processor.py:175} INFO - Processing /home/airflow/.local/lib/python3.7/site-packages/airflow/example_dags/example_latest_only.py took 0.170 seconds
[2023-03-16T23:55:46.127+0000] {processor.py:153} INFO - Started process (PID=2446) to work on /home/airflow/.local/lib/python3.7/site-packages/airflow/example_dags/example_latest_only.py
[2023-03-16T23:55:46.130+0000] {processor.py:743} INFO - Processing file /home/airflow/.local/lib/python3.7/site-packages/airflow/example_dags/example_latest_only.py for tasks to queue
[2023-03-16T23:55:46.132+0000] {logging_mixin.py:137} INFO - [2023-03-16T23:55:46.131+0000] {dagbag.py:538} INFO - Filling up the DagBag from /home/airflow/.local/lib/python3.7/site-packages/airflow/example_dags/example_latest_only.py
[2023-03-16T23:55:46.162+0000] {processor.py:753} INFO - DAG(s) dict_keys(['latest_only']) retrieved from /home/airflow/.local/lib/python3.7/site-packages/airflow/example_dags/example_latest_only.py
[2023-03-16T23:55:46.219+0000] {logging_mixin.py:137} INFO - [2023-03-16T23:55:46.218+0000] {dag.py:2690} INFO - Sync 1 DAGs
[2023-03-16T23:55:46.278+0000] {logging_mixin.py:137} INFO - [2023-03-16T23:55:46.278+0000] {dag.py:3441} INFO - Setting next_dagrun for latest_only to 2023-03-16T19:55:46.278199+00:00, run_after=2023-03-16T23:55:46.278199+00:00
[2023-03-16T23:55:46.318+0000] {processor.py:175} INFO - Processing /home/airflow/.local/lib/python3.7/site-packages/airflow/example_dags/example_latest_only.py took 0.198 seconds
[2023-03-16T23:56:16.525+0000] {processor.py:153} INFO - Started process (PID=2513) to work on /home/airflow/.local/lib/python3.7/site-packages/airflow/example_dags/example_latest_only.py
[2023-03-16T23:56:16.529+0000] {processor.py:743} INFO - Processing file /home/airflow/.local/lib/python3.7/site-packages/airflow/example_dags/example_latest_only.py for tasks to queue
[2023-03-16T23:56:16.531+0000] {logging_mixin.py:137} INFO - [2023-03-16T23:56:16.531+0000] {dagbag.py:538} INFO - Filling up the DagBag from /home/airflow/.local/lib/python3.7/site-packages/airflow/example_dags/example_latest_only.py
[2023-03-16T23:56:16.554+0000] {processor.py:753} INFO - DAG(s) dict_keys(['latest_only']) retrieved from /home/airflow/.local/lib/python3.7/site-packages/airflow/example_dags/example_latest_only.py
[2023-03-16T23:56:16.587+0000] {logging_mixin.py:137} INFO - [2023-03-16T23:56:16.586+0000] {dag.py:2690} INFO - Sync 1 DAGs
[2023-03-16T23:56:16.617+0000] {logging_mixin.py:137} INFO - [2023-03-16T23:56:16.617+0000] {dag.py:3441} INFO - Setting next_dagrun for latest_only to 2023-03-16T19:56:16.617212+00:00, run_after=2023-03-16T23:56:16.617212+00:00
[2023-03-16T23:56:16.646+0000] {processor.py:175} INFO - Processing /home/airflow/.local/lib/python3.7/site-packages/airflow/example_dags/example_latest_only.py took 0.126 seconds
[2023-03-16T23:56:46.978+0000] {processor.py:153} INFO - Started process (PID=2597) to work on /home/airflow/.local/lib/python3.7/site-packages/airflow/example_dags/example_latest_only.py
[2023-03-16T23:56:46.980+0000] {processor.py:743} INFO - Processing file /home/airflow/.local/lib/python3.7/site-packages/airflow/example_dags/example_latest_only.py for tasks to queue
[2023-03-16T23:56:46.981+0000] {logging_mixin.py:137} INFO - [2023-03-16T23:56:46.981+0000] {dagbag.py:538} INFO - Filling up the DagBag from /home/airflow/.local/lib/python3.7/site-packages/airflow/example_dags/example_latest_only.py
[2023-03-16T23:56:47.003+0000] {processor.py:753} INFO - DAG(s) dict_keys(['latest_only']) retrieved from /home/airflow/.local/lib/python3.7/site-packages/airflow/example_dags/example_latest_only.py
[2023-03-16T23:56:47.039+0000] {logging_mixin.py:137} INFO - [2023-03-16T23:56:47.039+0000] {dag.py:2690} INFO - Sync 1 DAGs
[2023-03-16T23:56:47.070+0000] {logging_mixin.py:137} INFO - [2023-03-16T23:56:47.070+0000] {dag.py:3441} INFO - Setting next_dagrun for latest_only to 2023-03-16T19:56:47.070020+00:00, run_after=2023-03-16T23:56:47.070020+00:00
[2023-03-16T23:56:47.096+0000] {processor.py:175} INFO - Processing /home/airflow/.local/lib/python3.7/site-packages/airflow/example_dags/example_latest_only.py took 0.123 seconds
[2023-03-16T23:57:17.512+0000] {processor.py:153} INFO - Started process (PID=2678) to work on /home/airflow/.local/lib/python3.7/site-packages/airflow/example_dags/example_latest_only.py
[2023-03-16T23:57:17.514+0000] {processor.py:743} INFO - Processing file /home/airflow/.local/lib/python3.7/site-packages/airflow/example_dags/example_latest_only.py for tasks to queue
[2023-03-16T23:57:17.516+0000] {logging_mixin.py:137} INFO - [2023-03-16T23:57:17.516+0000] {dagbag.py:538} INFO - Filling up the DagBag from /home/airflow/.local/lib/python3.7/site-packages/airflow/example_dags/example_latest_only.py
[2023-03-16T23:57:17.540+0000] {processor.py:753} INFO - DAG(s) dict_keys(['latest_only']) retrieved from /home/airflow/.local/lib/python3.7/site-packages/airflow/example_dags/example_latest_only.py
[2023-03-16T23:57:17.583+0000] {logging_mixin.py:137} INFO - [2023-03-16T23:57:17.583+0000] {dag.py:2690} INFO - Sync 1 DAGs
[2023-03-16T23:57:17.620+0000] {logging_mixin.py:137} INFO - [2023-03-16T23:57:17.619+0000] {dag.py:3441} INFO - Setting next_dagrun for latest_only to 2023-03-16T19:57:17.619600+00:00, run_after=2023-03-16T23:57:17.619600+00:00
[2023-03-16T23:57:17.661+0000] {processor.py:175} INFO - Processing /home/airflow/.local/lib/python3.7/site-packages/airflow/example_dags/example_latest_only.py took 0.155 seconds
[2023-03-16T23:57:47.765+0000] {processor.py:153} INFO - Started process (PID=2751) to work on /home/airflow/.local/lib/python3.7/site-packages/airflow/example_dags/example_latest_only.py
[2023-03-16T23:57:47.774+0000] {processor.py:743} INFO - Processing file /home/airflow/.local/lib/python3.7/site-packages/airflow/example_dags/example_latest_only.py for tasks to queue
[2023-03-16T23:57:47.776+0000] {logging_mixin.py:137} INFO - [2023-03-16T23:57:47.775+0000] {dagbag.py:538} INFO - Filling up the DagBag from /home/airflow/.local/lib/python3.7/site-packages/airflow/example_dags/example_latest_only.py
[2023-03-16T23:57:47.809+0000] {processor.py:753} INFO - DAG(s) dict_keys(['latest_only']) retrieved from /home/airflow/.local/lib/python3.7/site-packages/airflow/example_dags/example_latest_only.py
[2023-03-16T23:57:47.882+0000] {logging_mixin.py:137} INFO - [2023-03-16T23:57:47.882+0000] {dag.py:2690} INFO - Sync 1 DAGs
[2023-03-16T23:57:47.947+0000] {logging_mixin.py:137} INFO - [2023-03-16T23:57:47.947+0000] {dag.py:3441} INFO - Setting next_dagrun for latest_only to 2023-03-16T19:57:47.946615+00:00, run_after=2023-03-16T23:57:47.946615+00:00
[2023-03-16T23:57:47.987+0000] {processor.py:175} INFO - Processing /home/airflow/.local/lib/python3.7/site-packages/airflow/example_dags/example_latest_only.py took 0.237 seconds
[2023-03-16T23:58:19.148+0000] {processor.py:153} INFO - Started process (PID=2824) to work on /home/airflow/.local/lib/python3.7/site-packages/airflow/example_dags/example_latest_only.py
[2023-03-16T23:58:19.150+0000] {processor.py:743} INFO - Processing file /home/airflow/.local/lib/python3.7/site-packages/airflow/example_dags/example_latest_only.py for tasks to queue
[2023-03-16T23:58:19.152+0000] {logging_mixin.py:137} INFO - [2023-03-16T23:58:19.152+0000] {dagbag.py:538} INFO - Filling up the DagBag from /home/airflow/.local/lib/python3.7/site-packages/airflow/example_dags/example_latest_only.py
[2023-03-16T23:58:19.185+0000] {processor.py:753} INFO - DAG(s) dict_keys(['latest_only']) retrieved from /home/airflow/.local/lib/python3.7/site-packages/airflow/example_dags/example_latest_only.py
[2023-03-16T23:58:19.237+0000] {logging_mixin.py:137} INFO - [2023-03-16T23:58:19.237+0000] {dag.py:2690} INFO - Sync 1 DAGs
[2023-03-16T23:58:19.291+0000] {logging_mixin.py:137} INFO - [2023-03-16T23:58:19.291+0000] {dag.py:3441} INFO - Setting next_dagrun for latest_only to 2023-03-16T19:58:19.290842+00:00, run_after=2023-03-16T23:58:19.290842+00:00
[2023-03-16T23:58:19.342+0000] {processor.py:175} INFO - Processing /home/airflow/.local/lib/python3.7/site-packages/airflow/example_dags/example_latest_only.py took 0.202 seconds
[2023-03-16T23:58:50.147+0000] {processor.py:153} INFO - Started process (PID=2896) to work on /home/airflow/.local/lib/python3.7/site-packages/airflow/example_dags/example_latest_only.py
[2023-03-16T23:58:50.149+0000] {processor.py:743} INFO - Processing file /home/airflow/.local/lib/python3.7/site-packages/airflow/example_dags/example_latest_only.py for tasks to queue
[2023-03-16T23:58:50.151+0000] {logging_mixin.py:137} INFO - [2023-03-16T23:58:50.151+0000] {dagbag.py:538} INFO - Filling up the DagBag from /home/airflow/.local/lib/python3.7/site-packages/airflow/example_dags/example_latest_only.py
[2023-03-16T23:58:50.173+0000] {processor.py:753} INFO - DAG(s) dict_keys(['latest_only']) retrieved from /home/airflow/.local/lib/python3.7/site-packages/airflow/example_dags/example_latest_only.py
[2023-03-16T23:58:50.226+0000] {logging_mixin.py:137} INFO - [2023-03-16T23:58:50.226+0000] {dag.py:2690} INFO - Sync 1 DAGs
[2023-03-16T23:58:50.279+0000] {logging_mixin.py:137} INFO - [2023-03-16T23:58:50.279+0000] {dag.py:3441} INFO - Setting next_dagrun for latest_only to 2023-03-16T19:58:50.278658+00:00, run_after=2023-03-16T23:58:50.278658+00:00
[2023-03-16T23:58:50.342+0000] {processor.py:175} INFO - Processing /home/airflow/.local/lib/python3.7/site-packages/airflow/example_dags/example_latest_only.py took 0.200 seconds
[2023-03-16T23:59:20.870+0000] {processor.py:153} INFO - Started process (PID=2970) to work on /home/airflow/.local/lib/python3.7/site-packages/airflow/example_dags/example_latest_only.py
[2023-03-16T23:59:20.872+0000] {processor.py:743} INFO - Processing file /home/airflow/.local/lib/python3.7/site-packages/airflow/example_dags/example_latest_only.py for tasks to queue
[2023-03-16T23:59:20.874+0000] {logging_mixin.py:137} INFO - [2023-03-16T23:59:20.874+0000] {dagbag.py:538} INFO - Filling up the DagBag from /home/airflow/.local/lib/python3.7/site-packages/airflow/example_dags/example_latest_only.py
[2023-03-16T23:59:20.890+0000] {processor.py:753} INFO - DAG(s) dict_keys(['latest_only']) retrieved from /home/airflow/.local/lib/python3.7/site-packages/airflow/example_dags/example_latest_only.py
[2023-03-16T23:59:20.929+0000] {logging_mixin.py:137} INFO - [2023-03-16T23:59:20.929+0000] {dag.py:2690} INFO - Sync 1 DAGs
[2023-03-16T23:59:20.967+0000] {logging_mixin.py:137} INFO - [2023-03-16T23:59:20.967+0000] {dag.py:3441} INFO - Setting next_dagrun for latest_only to 2023-03-16T19:59:20.966718+00:00, run_after=2023-03-16T23:59:20.966718+00:00
[2023-03-16T23:59:21.000+0000] {processor.py:175} INFO - Processing /home/airflow/.local/lib/python3.7/site-packages/airflow/example_dags/example_latest_only.py took 0.136 seconds
[2023-03-16T23:59:51.477+0000] {processor.py:153} INFO - Started process (PID=3043) to work on /home/airflow/.local/lib/python3.7/site-packages/airflow/example_dags/example_latest_only.py
[2023-03-16T23:59:51.479+0000] {processor.py:743} INFO - Processing file /home/airflow/.local/lib/python3.7/site-packages/airflow/example_dags/example_latest_only.py for tasks to queue
[2023-03-16T23:59:51.481+0000] {logging_mixin.py:137} INFO - [2023-03-16T23:59:51.480+0000] {dagbag.py:538} INFO - Filling up the DagBag from /home/airflow/.local/lib/python3.7/site-packages/airflow/example_dags/example_latest_only.py
[2023-03-16T23:59:51.508+0000] {processor.py:753} INFO - DAG(s) dict_keys(['latest_only']) retrieved from /home/airflow/.local/lib/python3.7/site-packages/airflow/example_dags/example_latest_only.py
[2023-03-16T23:59:51.552+0000] {logging_mixin.py:137} INFO - [2023-03-16T23:59:51.552+0000] {dag.py:2690} INFO - Sync 1 DAGs
[2023-03-16T23:59:51.586+0000] {logging_mixin.py:137} INFO - [2023-03-16T23:59:51.585+0000] {dag.py:3441} INFO - Setting next_dagrun for latest_only to 2023-03-16T19:59:51.585695+00:00, run_after=2023-03-16T23:59:51.585695+00:00
[2023-03-16T23:59:51.626+0000] {processor.py:175} INFO - Processing /home/airflow/.local/lib/python3.7/site-packages/airflow/example_dags/example_latest_only.py took 0.154 seconds
