[2023-03-16T23:38:38.489+0000] {processor.py:153} INFO - Started process (PID=101) to work on /home/airflow/.local/lib/python3.7/site-packages/airflow/example_dags/example_task_group.py
[2023-03-16T23:38:38.499+0000] {processor.py:743} INFO - Processing file /home/airflow/.local/lib/python3.7/site-packages/airflow/example_dags/example_task_group.py for tasks to queue
[2023-03-16T23:38:38.508+0000] {logging_mixin.py:137} INFO - [2023-03-16T23:38:38.508+0000] {dagbag.py:538} INFO - Filling up the DagBag from /home/airflow/.local/lib/python3.7/site-packages/airflow/example_dags/example_task_group.py
[2023-03-16T23:38:38.662+0000] {processor.py:753} INFO - DAG(s) dict_keys(['example_task_group']) retrieved from /home/airflow/.local/lib/python3.7/site-packages/airflow/example_dags/example_task_group.py
[2023-03-16T23:38:38.848+0000] {logging_mixin.py:137} INFO - [2023-03-16T23:38:38.847+0000] {dag.py:2690} INFO - Sync 1 DAGs
[2023-03-16T23:38:38.988+0000] {logging_mixin.py:137} INFO - [2023-03-16T23:38:38.987+0000] {dag.py:3441} INFO - Setting next_dagrun for example_task_group to 2023-03-15T23:38:38.986903+00:00, run_after=2023-03-16T23:38:38.986903+00:00
[2023-03-16T23:38:39.216+0000] {processor.py:175} INFO - Processing /home/airflow/.local/lib/python3.7/site-packages/airflow/example_dags/example_task_group.py took 0.736 seconds
[2023-03-16T23:39:10.936+0000] {processor.py:153} INFO - Started process (PID=168) to work on /home/airflow/.local/lib/python3.7/site-packages/airflow/example_dags/example_task_group.py
[2023-03-16T23:39:10.954+0000] {processor.py:743} INFO - Processing file /home/airflow/.local/lib/python3.7/site-packages/airflow/example_dags/example_task_group.py for tasks to queue
[2023-03-16T23:39:10.956+0000] {logging_mixin.py:137} INFO - [2023-03-16T23:39:10.956+0000] {dagbag.py:538} INFO - Filling up the DagBag from /home/airflow/.local/lib/python3.7/site-packages/airflow/example_dags/example_task_group.py
[2023-03-16T23:39:11.081+0000] {processor.py:753} INFO - DAG(s) dict_keys(['example_task_group']) retrieved from /home/airflow/.local/lib/python3.7/site-packages/airflow/example_dags/example_task_group.py
[2023-03-16T23:39:11.310+0000] {logging_mixin.py:137} INFO - [2023-03-16T23:39:11.310+0000] {dag.py:2690} INFO - Sync 1 DAGs
[2023-03-16T23:39:11.553+0000] {logging_mixin.py:137} INFO - [2023-03-16T23:39:11.553+0000] {dag.py:3441} INFO - Setting next_dagrun for example_task_group to 2023-03-15T23:39:11.552718+00:00, run_after=2023-03-16T23:39:11.552718+00:00
[2023-03-16T23:39:11.687+0000] {processor.py:175} INFO - Processing /home/airflow/.local/lib/python3.7/site-packages/airflow/example_dags/example_task_group.py took 0.757 seconds
[2023-03-16T23:39:42.274+0000] {processor.py:153} INFO - Started process (PID=234) to work on /home/airflow/.local/lib/python3.7/site-packages/airflow/example_dags/example_task_group.py
[2023-03-16T23:39:42.289+0000] {processor.py:743} INFO - Processing file /home/airflow/.local/lib/python3.7/site-packages/airflow/example_dags/example_task_group.py for tasks to queue
[2023-03-16T23:39:42.300+0000] {logging_mixin.py:137} INFO - [2023-03-16T23:39:42.299+0000] {dagbag.py:538} INFO - Filling up the DagBag from /home/airflow/.local/lib/python3.7/site-packages/airflow/example_dags/example_task_group.py
[2023-03-16T23:39:42.412+0000] {processor.py:753} INFO - DAG(s) dict_keys(['example_task_group']) retrieved from /home/airflow/.local/lib/python3.7/site-packages/airflow/example_dags/example_task_group.py
[2023-03-16T23:39:42.533+0000] {logging_mixin.py:137} INFO - [2023-03-16T23:39:42.533+0000] {dag.py:2690} INFO - Sync 1 DAGs
[2023-03-16T23:39:42.755+0000] {logging_mixin.py:137} INFO - [2023-03-16T23:39:42.754+0000] {dag.py:3441} INFO - Setting next_dagrun for example_task_group to 2023-03-15T23:39:42.754439+00:00, run_after=2023-03-16T23:39:42.754439+00:00
[2023-03-16T23:39:42.881+0000] {processor.py:175} INFO - Processing /home/airflow/.local/lib/python3.7/site-packages/airflow/example_dags/example_task_group.py took 0.616 seconds
[2023-03-16T23:40:13.321+0000] {processor.py:153} INFO - Started process (PID=299) to work on /home/airflow/.local/lib/python3.7/site-packages/airflow/example_dags/example_task_group.py
[2023-03-16T23:40:13.324+0000] {processor.py:743} INFO - Processing file /home/airflow/.local/lib/python3.7/site-packages/airflow/example_dags/example_task_group.py for tasks to queue
[2023-03-16T23:40:13.327+0000] {logging_mixin.py:137} INFO - [2023-03-16T23:40:13.326+0000] {dagbag.py:538} INFO - Filling up the DagBag from /home/airflow/.local/lib/python3.7/site-packages/airflow/example_dags/example_task_group.py
[2023-03-16T23:40:13.380+0000] {processor.py:753} INFO - DAG(s) dict_keys(['example_task_group']) retrieved from /home/airflow/.local/lib/python3.7/site-packages/airflow/example_dags/example_task_group.py
[2023-03-16T23:40:13.457+0000] {logging_mixin.py:137} INFO - [2023-03-16T23:40:13.457+0000] {dag.py:2690} INFO - Sync 1 DAGs
[2023-03-16T23:40:13.539+0000] {logging_mixin.py:137} INFO - [2023-03-16T23:40:13.539+0000] {dag.py:3441} INFO - Setting next_dagrun for example_task_group to 2023-03-15T23:40:13.538427+00:00, run_after=2023-03-16T23:40:13.538427+00:00
[2023-03-16T23:40:13.595+0000] {processor.py:175} INFO - Processing /home/airflow/.local/lib/python3.7/site-packages/airflow/example_dags/example_task_group.py took 0.282 seconds
[2023-03-16T23:40:43.678+0000] {processor.py:153} INFO - Started process (PID=371) to work on /home/airflow/.local/lib/python3.7/site-packages/airflow/example_dags/example_task_group.py
[2023-03-16T23:40:43.681+0000] {processor.py:743} INFO - Processing file /home/airflow/.local/lib/python3.7/site-packages/airflow/example_dags/example_task_group.py for tasks to queue
[2023-03-16T23:40:43.683+0000] {logging_mixin.py:137} INFO - [2023-03-16T23:40:43.682+0000] {dagbag.py:538} INFO - Filling up the DagBag from /home/airflow/.local/lib/python3.7/site-packages/airflow/example_dags/example_task_group.py
[2023-03-16T23:40:43.716+0000] {processor.py:753} INFO - DAG(s) dict_keys(['example_task_group']) retrieved from /home/airflow/.local/lib/python3.7/site-packages/airflow/example_dags/example_task_group.py
[2023-03-16T23:40:43.758+0000] {logging_mixin.py:137} INFO - [2023-03-16T23:40:43.758+0000] {dag.py:2690} INFO - Sync 1 DAGs
[2023-03-16T23:40:43.805+0000] {logging_mixin.py:137} INFO - [2023-03-16T23:40:43.804+0000] {dag.py:3441} INFO - Setting next_dagrun for example_task_group to 2023-03-15T23:40:43.804366+00:00, run_after=2023-03-16T23:40:43.804366+00:00
[2023-03-16T23:40:43.849+0000] {processor.py:175} INFO - Processing /home/airflow/.local/lib/python3.7/site-packages/airflow/example_dags/example_task_group.py took 0.178 seconds
[2023-03-16T23:41:14.447+0000] {processor.py:153} INFO - Started process (PID=446) to work on /home/airflow/.local/lib/python3.7/site-packages/airflow/example_dags/example_task_group.py
[2023-03-16T23:41:14.453+0000] {processor.py:743} INFO - Processing file /home/airflow/.local/lib/python3.7/site-packages/airflow/example_dags/example_task_group.py for tasks to queue
[2023-03-16T23:41:14.455+0000] {logging_mixin.py:137} INFO - [2023-03-16T23:41:14.455+0000] {dagbag.py:538} INFO - Filling up the DagBag from /home/airflow/.local/lib/python3.7/site-packages/airflow/example_dags/example_task_group.py
[2023-03-16T23:41:14.501+0000] {processor.py:753} INFO - DAG(s) dict_keys(['example_task_group']) retrieved from /home/airflow/.local/lib/python3.7/site-packages/airflow/example_dags/example_task_group.py
[2023-03-16T23:41:14.583+0000] {logging_mixin.py:137} INFO - [2023-03-16T23:41:14.582+0000] {dag.py:2690} INFO - Sync 1 DAGs
[2023-03-16T23:41:14.691+0000] {logging_mixin.py:137} INFO - [2023-03-16T23:41:14.691+0000] {dag.py:3441} INFO - Setting next_dagrun for example_task_group to 2023-03-15T23:41:14.690564+00:00, run_after=2023-03-16T23:41:14.690564+00:00
[2023-03-16T23:41:14.752+0000] {processor.py:175} INFO - Processing /home/airflow/.local/lib/python3.7/site-packages/airflow/example_dags/example_task_group.py took 0.313 seconds
[2023-03-16T23:41:44.937+0000] {processor.py:153} INFO - Started process (PID=518) to work on /home/airflow/.local/lib/python3.7/site-packages/airflow/example_dags/example_task_group.py
[2023-03-16T23:41:44.939+0000] {processor.py:743} INFO - Processing file /home/airflow/.local/lib/python3.7/site-packages/airflow/example_dags/example_task_group.py for tasks to queue
[2023-03-16T23:41:44.947+0000] {logging_mixin.py:137} INFO - [2023-03-16T23:41:44.946+0000] {dagbag.py:538} INFO - Filling up the DagBag from /home/airflow/.local/lib/python3.7/site-packages/airflow/example_dags/example_task_group.py
[2023-03-16T23:41:45.008+0000] {processor.py:753} INFO - DAG(s) dict_keys(['example_task_group']) retrieved from /home/airflow/.local/lib/python3.7/site-packages/airflow/example_dags/example_task_group.py
[2023-03-16T23:41:45.099+0000] {logging_mixin.py:137} INFO - [2023-03-16T23:41:45.098+0000] {dag.py:2690} INFO - Sync 1 DAGs
[2023-03-16T23:41:45.198+0000] {logging_mixin.py:137} INFO - [2023-03-16T23:41:45.195+0000] {dag.py:3441} INFO - Setting next_dagrun for example_task_group to 2023-03-15T23:41:45.195060+00:00, run_after=2023-03-16T23:41:45.195060+00:00
[2023-03-16T23:41:45.285+0000] {processor.py:175} INFO - Processing /home/airflow/.local/lib/python3.7/site-packages/airflow/example_dags/example_task_group.py took 0.360 seconds
[2023-03-16T23:42:15.808+0000] {processor.py:153} INFO - Started process (PID=576) to work on /home/airflow/.local/lib/python3.7/site-packages/airflow/example_dags/example_task_group.py
[2023-03-16T23:42:15.939+0000] {processor.py:743} INFO - Processing file /home/airflow/.local/lib/python3.7/site-packages/airflow/example_dags/example_task_group.py for tasks to queue
[2023-03-16T23:42:15.955+0000] {logging_mixin.py:137} INFO - [2023-03-16T23:42:15.954+0000] {dagbag.py:538} INFO - Filling up the DagBag from /home/airflow/.local/lib/python3.7/site-packages/airflow/example_dags/example_task_group.py
[2023-03-16T23:42:16.042+0000] {processor.py:753} INFO - DAG(s) dict_keys(['example_task_group']) retrieved from /home/airflow/.local/lib/python3.7/site-packages/airflow/example_dags/example_task_group.py
[2023-03-16T23:42:16.211+0000] {logging_mixin.py:137} INFO - [2023-03-16T23:42:16.211+0000] {dag.py:2690} INFO - Sync 1 DAGs
[2023-03-16T23:42:16.369+0000] {logging_mixin.py:137} INFO - [2023-03-16T23:42:16.369+0000] {dag.py:3441} INFO - Setting next_dagrun for example_task_group to 2023-03-15T23:42:16.368493+00:00, run_after=2023-03-16T23:42:16.368493+00:00
[2023-03-16T23:42:16.468+0000] {processor.py:175} INFO - Processing /home/airflow/.local/lib/python3.7/site-packages/airflow/example_dags/example_task_group.py took 0.677 seconds
[2023-03-16T23:42:47.293+0000] {processor.py:153} INFO - Started process (PID=649) to work on /home/airflow/.local/lib/python3.7/site-packages/airflow/example_dags/example_task_group.py
[2023-03-16T23:42:47.303+0000] {processor.py:743} INFO - Processing file /home/airflow/.local/lib/python3.7/site-packages/airflow/example_dags/example_task_group.py for tasks to queue
[2023-03-16T23:42:47.306+0000] {logging_mixin.py:137} INFO - [2023-03-16T23:42:47.306+0000] {dagbag.py:538} INFO - Filling up the DagBag from /home/airflow/.local/lib/python3.7/site-packages/airflow/example_dags/example_task_group.py
[2023-03-16T23:42:47.371+0000] {processor.py:753} INFO - DAG(s) dict_keys(['example_task_group']) retrieved from /home/airflow/.local/lib/python3.7/site-packages/airflow/example_dags/example_task_group.py
[2023-03-16T23:42:47.478+0000] {logging_mixin.py:137} INFO - [2023-03-16T23:42:47.477+0000] {dag.py:2690} INFO - Sync 1 DAGs
[2023-03-16T23:42:47.572+0000] {logging_mixin.py:137} INFO - [2023-03-16T23:42:47.568+0000] {dag.py:3441} INFO - Setting next_dagrun for example_task_group to 2023-03-15T23:42:47.568148+00:00, run_after=2023-03-16T23:42:47.568148+00:00
[2023-03-16T23:42:47.671+0000] {processor.py:175} INFO - Processing /home/airflow/.local/lib/python3.7/site-packages/airflow/example_dags/example_task_group.py took 0.386 seconds
[2023-03-16T23:43:18.297+0000] {processor.py:153} INFO - Started process (PID=722) to work on /home/airflow/.local/lib/python3.7/site-packages/airflow/example_dags/example_task_group.py
[2023-03-16T23:43:18.310+0000] {processor.py:743} INFO - Processing file /home/airflow/.local/lib/python3.7/site-packages/airflow/example_dags/example_task_group.py for tasks to queue
[2023-03-16T23:43:18.314+0000] {logging_mixin.py:137} INFO - [2023-03-16T23:43:18.314+0000] {dagbag.py:538} INFO - Filling up the DagBag from /home/airflow/.local/lib/python3.7/site-packages/airflow/example_dags/example_task_group.py
[2023-03-16T23:43:18.398+0000] {processor.py:753} INFO - DAG(s) dict_keys(['example_task_group']) retrieved from /home/airflow/.local/lib/python3.7/site-packages/airflow/example_dags/example_task_group.py
[2023-03-16T23:43:18.564+0000] {logging_mixin.py:137} INFO - [2023-03-16T23:43:18.564+0000] {dag.py:2690} INFO - Sync 1 DAGs
[2023-03-16T23:43:18.771+0000] {logging_mixin.py:137} INFO - [2023-03-16T23:43:18.762+0000] {dag.py:3441} INFO - Setting next_dagrun for example_task_group to 2023-03-15T23:43:18.759676+00:00, run_after=2023-03-16T23:43:18.759676+00:00
[2023-03-16T23:43:18.861+0000] {processor.py:175} INFO - Processing /home/airflow/.local/lib/python3.7/site-packages/airflow/example_dags/example_task_group.py took 0.571 seconds
[2023-03-16T23:43:49.626+0000] {processor.py:153} INFO - Started process (PID=788) to work on /home/airflow/.local/lib/python3.7/site-packages/airflow/example_dags/example_task_group.py
[2023-03-16T23:43:49.628+0000] {processor.py:743} INFO - Processing file /home/airflow/.local/lib/python3.7/site-packages/airflow/example_dags/example_task_group.py for tasks to queue
[2023-03-16T23:43:49.630+0000] {logging_mixin.py:137} INFO - [2023-03-16T23:43:49.630+0000] {dagbag.py:538} INFO - Filling up the DagBag from /home/airflow/.local/lib/python3.7/site-packages/airflow/example_dags/example_task_group.py
[2023-03-16T23:43:49.724+0000] {processor.py:753} INFO - DAG(s) dict_keys(['example_task_group']) retrieved from /home/airflow/.local/lib/python3.7/site-packages/airflow/example_dags/example_task_group.py
[2023-03-16T23:43:49.831+0000] {logging_mixin.py:137} INFO - [2023-03-16T23:43:49.830+0000] {dag.py:2690} INFO - Sync 1 DAGs
[2023-03-16T23:43:49.947+0000] {logging_mixin.py:137} INFO - [2023-03-16T23:43:49.946+0000] {dag.py:3441} INFO - Setting next_dagrun for example_task_group to 2023-03-15T23:43:49.946091+00:00, run_after=2023-03-16T23:43:49.946091+00:00
[2023-03-16T23:43:50.086+0000] {processor.py:175} INFO - Processing /home/airflow/.local/lib/python3.7/site-packages/airflow/example_dags/example_task_group.py took 0.468 seconds
[2023-03-16T23:44:20.670+0000] {processor.py:153} INFO - Started process (PID=853) to work on /home/airflow/.local/lib/python3.7/site-packages/airflow/example_dags/example_task_group.py
[2023-03-16T23:44:20.682+0000] {processor.py:743} INFO - Processing file /home/airflow/.local/lib/python3.7/site-packages/airflow/example_dags/example_task_group.py for tasks to queue
[2023-03-16T23:44:20.684+0000] {logging_mixin.py:137} INFO - [2023-03-16T23:44:20.684+0000] {dagbag.py:538} INFO - Filling up the DagBag from /home/airflow/.local/lib/python3.7/site-packages/airflow/example_dags/example_task_group.py
[2023-03-16T23:44:20.780+0000] {processor.py:753} INFO - DAG(s) dict_keys(['example_task_group']) retrieved from /home/airflow/.local/lib/python3.7/site-packages/airflow/example_dags/example_task_group.py
[2023-03-16T23:44:20.947+0000] {logging_mixin.py:137} INFO - [2023-03-16T23:44:20.938+0000] {dag.py:2690} INFO - Sync 1 DAGs
[2023-03-16T23:44:21.101+0000] {logging_mixin.py:137} INFO - [2023-03-16T23:44:21.101+0000] {dag.py:3441} INFO - Setting next_dagrun for example_task_group to 2023-03-15T23:44:21.100379+00:00, run_after=2023-03-16T23:44:21.100379+00:00
[2023-03-16T23:44:21.210+0000] {processor.py:175} INFO - Processing /home/airflow/.local/lib/python3.7/site-packages/airflow/example_dags/example_task_group.py took 0.547 seconds
[2023-03-16T23:44:52.307+0000] {processor.py:153} INFO - Started process (PID=920) to work on /home/airflow/.local/lib/python3.7/site-packages/airflow/example_dags/example_task_group.py
[2023-03-16T23:44:52.351+0000] {processor.py:743} INFO - Processing file /home/airflow/.local/lib/python3.7/site-packages/airflow/example_dags/example_task_group.py for tasks to queue
[2023-03-16T23:44:52.398+0000] {logging_mixin.py:137} INFO - [2023-03-16T23:44:52.398+0000] {dagbag.py:538} INFO - Filling up the DagBag from /home/airflow/.local/lib/python3.7/site-packages/airflow/example_dags/example_task_group.py
[2023-03-16T23:44:52.595+0000] {processor.py:753} INFO - DAG(s) dict_keys(['example_task_group']) retrieved from /home/airflow/.local/lib/python3.7/site-packages/airflow/example_dags/example_task_group.py
[2023-03-16T23:44:52.763+0000] {logging_mixin.py:137} INFO - [2023-03-16T23:44:52.762+0000] {dag.py:2690} INFO - Sync 1 DAGs
[2023-03-16T23:44:52.940+0000] {logging_mixin.py:137} INFO - [2023-03-16T23:44:52.940+0000] {dag.py:3441} INFO - Setting next_dagrun for example_task_group to 2023-03-15T23:44:52.939565+00:00, run_after=2023-03-16T23:44:52.939565+00:00
[2023-03-16T23:44:53.108+0000] {processor.py:175} INFO - Processing /home/airflow/.local/lib/python3.7/site-packages/airflow/example_dags/example_task_group.py took 0.821 seconds
[2023-03-16T23:45:23.341+0000] {processor.py:153} INFO - Started process (PID=984) to work on /home/airflow/.local/lib/python3.7/site-packages/airflow/example_dags/example_task_group.py
[2023-03-16T23:45:23.344+0000] {processor.py:743} INFO - Processing file /home/airflow/.local/lib/python3.7/site-packages/airflow/example_dags/example_task_group.py for tasks to queue
[2023-03-16T23:45:23.346+0000] {logging_mixin.py:137} INFO - [2023-03-16T23:45:23.345+0000] {dagbag.py:538} INFO - Filling up the DagBag from /home/airflow/.local/lib/python3.7/site-packages/airflow/example_dags/example_task_group.py
[2023-03-16T23:45:23.382+0000] {processor.py:753} INFO - DAG(s) dict_keys(['example_task_group']) retrieved from /home/airflow/.local/lib/python3.7/site-packages/airflow/example_dags/example_task_group.py
[2023-03-16T23:45:23.451+0000] {logging_mixin.py:137} INFO - [2023-03-16T23:45:23.451+0000] {dag.py:2690} INFO - Sync 1 DAGs
[2023-03-16T23:45:23.547+0000] {logging_mixin.py:137} INFO - [2023-03-16T23:45:23.546+0000] {dag.py:3441} INFO - Setting next_dagrun for example_task_group to 2023-03-15T23:45:23.546343+00:00, run_after=2023-03-16T23:45:23.546343+00:00
[2023-03-16T23:45:23.630+0000] {processor.py:175} INFO - Processing /home/airflow/.local/lib/python3.7/site-packages/airflow/example_dags/example_task_group.py took 0.293 seconds
[2023-03-16T23:45:53.774+0000] {processor.py:153} INFO - Started process (PID=1056) to work on /home/airflow/.local/lib/python3.7/site-packages/airflow/example_dags/example_task_group.py
[2023-03-16T23:45:53.776+0000] {processor.py:743} INFO - Processing file /home/airflow/.local/lib/python3.7/site-packages/airflow/example_dags/example_task_group.py for tasks to queue
[2023-03-16T23:45:53.787+0000] {logging_mixin.py:137} INFO - [2023-03-16T23:45:53.787+0000] {dagbag.py:538} INFO - Filling up the DagBag from /home/airflow/.local/lib/python3.7/site-packages/airflow/example_dags/example_task_group.py
[2023-03-16T23:45:53.836+0000] {processor.py:753} INFO - DAG(s) dict_keys(['example_task_group']) retrieved from /home/airflow/.local/lib/python3.7/site-packages/airflow/example_dags/example_task_group.py
[2023-03-16T23:45:53.956+0000] {logging_mixin.py:137} INFO - [2023-03-16T23:45:53.956+0000] {dag.py:2690} INFO - Sync 1 DAGs
[2023-03-16T23:45:54.040+0000] {logging_mixin.py:137} INFO - [2023-03-16T23:45:54.040+0000] {dag.py:3441} INFO - Setting next_dagrun for example_task_group to 2023-03-15T23:45:54.039828+00:00, run_after=2023-03-16T23:45:54.039828+00:00
[2023-03-16T23:45:54.135+0000] {processor.py:175} INFO - Processing /home/airflow/.local/lib/python3.7/site-packages/airflow/example_dags/example_task_group.py took 0.367 seconds
[2023-03-16T23:46:25.046+0000] {processor.py:153} INFO - Started process (PID=1114) to work on /home/airflow/.local/lib/python3.7/site-packages/airflow/example_dags/example_task_group.py
[2023-03-16T23:46:25.061+0000] {processor.py:743} INFO - Processing file /home/airflow/.local/lib/python3.7/site-packages/airflow/example_dags/example_task_group.py for tasks to queue
[2023-03-16T23:46:25.064+0000] {logging_mixin.py:137} INFO - [2023-03-16T23:46:25.064+0000] {dagbag.py:538} INFO - Filling up the DagBag from /home/airflow/.local/lib/python3.7/site-packages/airflow/example_dags/example_task_group.py
[2023-03-16T23:46:25.105+0000] {processor.py:753} INFO - DAG(s) dict_keys(['example_task_group']) retrieved from /home/airflow/.local/lib/python3.7/site-packages/airflow/example_dags/example_task_group.py
[2023-03-16T23:46:25.208+0000] {logging_mixin.py:137} INFO - [2023-03-16T23:46:25.208+0000] {dag.py:2690} INFO - Sync 1 DAGs
[2023-03-16T23:46:25.287+0000] {logging_mixin.py:137} INFO - [2023-03-16T23:46:25.286+0000] {dag.py:3441} INFO - Setting next_dagrun for example_task_group to 2023-03-15T23:46:25.286298+00:00, run_after=2023-03-16T23:46:25.286298+00:00
[2023-03-16T23:46:25.381+0000] {processor.py:175} INFO - Processing /home/airflow/.local/lib/python3.7/site-packages/airflow/example_dags/example_task_group.py took 0.341 seconds
[2023-03-16T23:46:55.565+0000] {processor.py:153} INFO - Started process (PID=1186) to work on /home/airflow/.local/lib/python3.7/site-packages/airflow/example_dags/example_task_group.py
[2023-03-16T23:46:55.567+0000] {processor.py:743} INFO - Processing file /home/airflow/.local/lib/python3.7/site-packages/airflow/example_dags/example_task_group.py for tasks to queue
[2023-03-16T23:46:55.569+0000] {logging_mixin.py:137} INFO - [2023-03-16T23:46:55.569+0000] {dagbag.py:538} INFO - Filling up the DagBag from /home/airflow/.local/lib/python3.7/site-packages/airflow/example_dags/example_task_group.py
[2023-03-16T23:46:55.600+0000] {processor.py:753} INFO - DAG(s) dict_keys(['example_task_group']) retrieved from /home/airflow/.local/lib/python3.7/site-packages/airflow/example_dags/example_task_group.py
[2023-03-16T23:46:55.651+0000] {logging_mixin.py:137} INFO - [2023-03-16T23:46:55.651+0000] {dag.py:2690} INFO - Sync 1 DAGs
[2023-03-16T23:46:55.718+0000] {logging_mixin.py:137} INFO - [2023-03-16T23:46:55.718+0000] {dag.py:3441} INFO - Setting next_dagrun for example_task_group to 2023-03-15T23:46:55.717588+00:00, run_after=2023-03-16T23:46:55.717588+00:00
[2023-03-16T23:46:55.785+0000] {processor.py:175} INFO - Processing /home/airflow/.local/lib/python3.7/site-packages/airflow/example_dags/example_task_group.py took 0.226 seconds
[2023-03-16T23:47:26.116+0000] {processor.py:153} INFO - Started process (PID=1259) to work on /home/airflow/.local/lib/python3.7/site-packages/airflow/example_dags/example_task_group.py
[2023-03-16T23:47:26.117+0000] {processor.py:743} INFO - Processing file /home/airflow/.local/lib/python3.7/site-packages/airflow/example_dags/example_task_group.py for tasks to queue
[2023-03-16T23:47:26.119+0000] {logging_mixin.py:137} INFO - [2023-03-16T23:47:26.119+0000] {dagbag.py:538} INFO - Filling up the DagBag from /home/airflow/.local/lib/python3.7/site-packages/airflow/example_dags/example_task_group.py
[2023-03-16T23:47:26.147+0000] {processor.py:753} INFO - DAG(s) dict_keys(['example_task_group']) retrieved from /home/airflow/.local/lib/python3.7/site-packages/airflow/example_dags/example_task_group.py
[2023-03-16T23:47:26.194+0000] {logging_mixin.py:137} INFO - [2023-03-16T23:47:26.194+0000] {dag.py:2690} INFO - Sync 1 DAGs
[2023-03-16T23:47:26.234+0000] {logging_mixin.py:137} INFO - [2023-03-16T23:47:26.234+0000] {dag.py:3441} INFO - Setting next_dagrun for example_task_group to 2023-03-15T23:47:26.233760+00:00, run_after=2023-03-16T23:47:26.233760+00:00
[2023-03-16T23:47:26.262+0000] {processor.py:175} INFO - Processing /home/airflow/.local/lib/python3.7/site-packages/airflow/example_dags/example_task_group.py took 0.153 seconds
[2023-03-16T23:47:56.622+0000] {processor.py:153} INFO - Started process (PID=1332) to work on /home/airflow/.local/lib/python3.7/site-packages/airflow/example_dags/example_task_group.py
[2023-03-16T23:47:56.624+0000] {processor.py:743} INFO - Processing file /home/airflow/.local/lib/python3.7/site-packages/airflow/example_dags/example_task_group.py for tasks to queue
[2023-03-16T23:47:56.626+0000] {logging_mixin.py:137} INFO - [2023-03-16T23:47:56.626+0000] {dagbag.py:538} INFO - Filling up the DagBag from /home/airflow/.local/lib/python3.7/site-packages/airflow/example_dags/example_task_group.py
[2023-03-16T23:47:56.653+0000] {processor.py:753} INFO - DAG(s) dict_keys(['example_task_group']) retrieved from /home/airflow/.local/lib/python3.7/site-packages/airflow/example_dags/example_task_group.py
[2023-03-16T23:47:56.699+0000] {logging_mixin.py:137} INFO - [2023-03-16T23:47:56.698+0000] {dag.py:2690} INFO - Sync 1 DAGs
[2023-03-16T23:47:56.746+0000] {logging_mixin.py:137} INFO - [2023-03-16T23:47:56.746+0000] {dag.py:3441} INFO - Setting next_dagrun for example_task_group to 2023-03-15T23:47:56.745736+00:00, run_after=2023-03-16T23:47:56.745736+00:00
[2023-03-16T23:47:56.781+0000] {processor.py:175} INFO - Processing /home/airflow/.local/lib/python3.7/site-packages/airflow/example_dags/example_task_group.py took 0.165 seconds
[2023-03-16T23:48:27.528+0000] {processor.py:153} INFO - Started process (PID=1405) to work on /home/airflow/.local/lib/python3.7/site-packages/airflow/example_dags/example_task_group.py
[2023-03-16T23:48:27.530+0000] {processor.py:743} INFO - Processing file /home/airflow/.local/lib/python3.7/site-packages/airflow/example_dags/example_task_group.py for tasks to queue
[2023-03-16T23:48:27.532+0000] {logging_mixin.py:137} INFO - [2023-03-16T23:48:27.532+0000] {dagbag.py:538} INFO - Filling up the DagBag from /home/airflow/.local/lib/python3.7/site-packages/airflow/example_dags/example_task_group.py
[2023-03-16T23:48:27.564+0000] {processor.py:753} INFO - DAG(s) dict_keys(['example_task_group']) retrieved from /home/airflow/.local/lib/python3.7/site-packages/airflow/example_dags/example_task_group.py
[2023-03-16T23:48:27.615+0000] {logging_mixin.py:137} INFO - [2023-03-16T23:48:27.614+0000] {dag.py:2690} INFO - Sync 1 DAGs
[2023-03-16T23:48:27.683+0000] {logging_mixin.py:137} INFO - [2023-03-16T23:48:27.683+0000] {dag.py:3441} INFO - Setting next_dagrun for example_task_group to 2023-03-15T23:48:27.682720+00:00, run_after=2023-03-16T23:48:27.682720+00:00
[2023-03-16T23:48:27.729+0000] {processor.py:175} INFO - Processing /home/airflow/.local/lib/python3.7/site-packages/airflow/example_dags/example_task_group.py took 0.208 seconds
[2023-03-16T23:48:58.087+0000] {processor.py:153} INFO - Started process (PID=1478) to work on /home/airflow/.local/lib/python3.7/site-packages/airflow/example_dags/example_task_group.py
[2023-03-16T23:48:58.090+0000] {processor.py:743} INFO - Processing file /home/airflow/.local/lib/python3.7/site-packages/airflow/example_dags/example_task_group.py for tasks to queue
[2023-03-16T23:48:58.091+0000] {logging_mixin.py:137} INFO - [2023-03-16T23:48:58.091+0000] {dagbag.py:538} INFO - Filling up the DagBag from /home/airflow/.local/lib/python3.7/site-packages/airflow/example_dags/example_task_group.py
[2023-03-16T23:48:58.131+0000] {processor.py:753} INFO - DAG(s) dict_keys(['example_task_group']) retrieved from /home/airflow/.local/lib/python3.7/site-packages/airflow/example_dags/example_task_group.py
[2023-03-16T23:48:58.185+0000] {logging_mixin.py:137} INFO - [2023-03-16T23:48:58.185+0000] {dag.py:2690} INFO - Sync 1 DAGs
[2023-03-16T23:48:58.246+0000] {logging_mixin.py:137} INFO - [2023-03-16T23:48:58.246+0000] {dag.py:3441} INFO - Setting next_dagrun for example_task_group to 2023-03-15T23:48:58.245852+00:00, run_after=2023-03-16T23:48:58.245852+00:00
[2023-03-16T23:48:58.294+0000] {processor.py:175} INFO - Processing /home/airflow/.local/lib/python3.7/site-packages/airflow/example_dags/example_task_group.py took 0.216 seconds
[2023-03-16T23:49:28.583+0000] {processor.py:153} INFO - Started process (PID=1551) to work on /home/airflow/.local/lib/python3.7/site-packages/airflow/example_dags/example_task_group.py
[2023-03-16T23:49:28.587+0000] {processor.py:743} INFO - Processing file /home/airflow/.local/lib/python3.7/site-packages/airflow/example_dags/example_task_group.py for tasks to queue
[2023-03-16T23:49:28.589+0000] {logging_mixin.py:137} INFO - [2023-03-16T23:49:28.588+0000] {dagbag.py:538} INFO - Filling up the DagBag from /home/airflow/.local/lib/python3.7/site-packages/airflow/example_dags/example_task_group.py
[2023-03-16T23:49:28.626+0000] {processor.py:753} INFO - DAG(s) dict_keys(['example_task_group']) retrieved from /home/airflow/.local/lib/python3.7/site-packages/airflow/example_dags/example_task_group.py
[2023-03-16T23:49:28.683+0000] {logging_mixin.py:137} INFO - [2023-03-16T23:49:28.683+0000] {dag.py:2690} INFO - Sync 1 DAGs
[2023-03-16T23:49:28.749+0000] {logging_mixin.py:137} INFO - [2023-03-16T23:49:28.748+0000] {dag.py:3441} INFO - Setting next_dagrun for example_task_group to 2023-03-15T23:49:28.748459+00:00, run_after=2023-03-16T23:49:28.748459+00:00
[2023-03-16T23:49:28.786+0000] {processor.py:175} INFO - Processing /home/airflow/.local/lib/python3.7/site-packages/airflow/example_dags/example_task_group.py took 0.213 seconds
[2023-03-16T23:49:59.260+0000] {processor.py:153} INFO - Started process (PID=1624) to work on /home/airflow/.local/lib/python3.7/site-packages/airflow/example_dags/example_task_group.py
[2023-03-16T23:49:59.263+0000] {processor.py:743} INFO - Processing file /home/airflow/.local/lib/python3.7/site-packages/airflow/example_dags/example_task_group.py for tasks to queue
[2023-03-16T23:49:59.267+0000] {logging_mixin.py:137} INFO - [2023-03-16T23:49:59.266+0000] {dagbag.py:538} INFO - Filling up the DagBag from /home/airflow/.local/lib/python3.7/site-packages/airflow/example_dags/example_task_group.py
[2023-03-16T23:49:59.354+0000] {processor.py:753} INFO - DAG(s) dict_keys(['example_task_group']) retrieved from /home/airflow/.local/lib/python3.7/site-packages/airflow/example_dags/example_task_group.py
[2023-03-16T23:49:59.440+0000] {logging_mixin.py:137} INFO - [2023-03-16T23:49:59.439+0000] {dag.py:2690} INFO - Sync 1 DAGs
[2023-03-16T23:49:59.529+0000] {logging_mixin.py:137} INFO - [2023-03-16T23:49:59.527+0000] {dag.py:3441} INFO - Setting next_dagrun for example_task_group to 2023-03-15T23:49:59.526518+00:00, run_after=2023-03-16T23:49:59.526518+00:00
[2023-03-16T23:49:59.606+0000] {processor.py:175} INFO - Processing /home/airflow/.local/lib/python3.7/site-packages/airflow/example_dags/example_task_group.py took 0.355 seconds
[2023-03-16T23:50:29.712+0000] {processor.py:153} INFO - Started process (PID=1680) to work on /home/airflow/.local/lib/python3.7/site-packages/airflow/example_dags/example_task_group.py
[2023-03-16T23:50:29.714+0000] {processor.py:743} INFO - Processing file /home/airflow/.local/lib/python3.7/site-packages/airflow/example_dags/example_task_group.py for tasks to queue
[2023-03-16T23:50:29.716+0000] {logging_mixin.py:137} INFO - [2023-03-16T23:50:29.715+0000] {dagbag.py:538} INFO - Filling up the DagBag from /home/airflow/.local/lib/python3.7/site-packages/airflow/example_dags/example_task_group.py
[2023-03-16T23:50:29.738+0000] {processor.py:753} INFO - DAG(s) dict_keys(['example_task_group']) retrieved from /home/airflow/.local/lib/python3.7/site-packages/airflow/example_dags/example_task_group.py
[2023-03-16T23:50:29.777+0000] {logging_mixin.py:137} INFO - [2023-03-16T23:50:29.777+0000] {dag.py:2690} INFO - Sync 1 DAGs
[2023-03-16T23:50:29.815+0000] {logging_mixin.py:137} INFO - [2023-03-16T23:50:29.814+0000] {dag.py:3441} INFO - Setting next_dagrun for example_task_group to 2023-03-15T23:50:29.814623+00:00, run_after=2023-03-16T23:50:29.814623+00:00
[2023-03-16T23:50:29.848+0000] {processor.py:175} INFO - Processing /home/airflow/.local/lib/python3.7/site-packages/airflow/example_dags/example_task_group.py took 0.139 seconds
[2023-03-16T23:51:00.257+0000] {processor.py:153} INFO - Started process (PID=1763) to work on /home/airflow/.local/lib/python3.7/site-packages/airflow/example_dags/example_task_group.py
[2023-03-16T23:51:00.262+0000] {processor.py:743} INFO - Processing file /home/airflow/.local/lib/python3.7/site-packages/airflow/example_dags/example_task_group.py for tasks to queue
[2023-03-16T23:51:00.267+0000] {logging_mixin.py:137} INFO - [2023-03-16T23:51:00.267+0000] {dagbag.py:538} INFO - Filling up the DagBag from /home/airflow/.local/lib/python3.7/site-packages/airflow/example_dags/example_task_group.py
[2023-03-16T23:51:00.305+0000] {processor.py:753} INFO - DAG(s) dict_keys(['example_task_group']) retrieved from /home/airflow/.local/lib/python3.7/site-packages/airflow/example_dags/example_task_group.py
[2023-03-16T23:51:00.385+0000] {logging_mixin.py:137} INFO - [2023-03-16T23:51:00.384+0000] {dag.py:2690} INFO - Sync 1 DAGs
[2023-03-16T23:51:00.487+0000] {logging_mixin.py:137} INFO - [2023-03-16T23:51:00.486+0000] {dag.py:3441} INFO - Setting next_dagrun for example_task_group to 2023-03-15T23:51:00.486053+00:00, run_after=2023-03-16T23:51:00.486053+00:00
[2023-03-16T23:51:00.559+0000] {processor.py:175} INFO - Processing /home/airflow/.local/lib/python3.7/site-packages/airflow/example_dags/example_task_group.py took 0.308 seconds
[2023-03-16T23:51:30.826+0000] {processor.py:153} INFO - Started process (PID=1834) to work on /home/airflow/.local/lib/python3.7/site-packages/airflow/example_dags/example_task_group.py
[2023-03-16T23:51:30.827+0000] {processor.py:743} INFO - Processing file /home/airflow/.local/lib/python3.7/site-packages/airflow/example_dags/example_task_group.py for tasks to queue
[2023-03-16T23:51:30.829+0000] {logging_mixin.py:137} INFO - [2023-03-16T23:51:30.829+0000] {dagbag.py:538} INFO - Filling up the DagBag from /home/airflow/.local/lib/python3.7/site-packages/airflow/example_dags/example_task_group.py
[2023-03-16T23:51:30.865+0000] {processor.py:753} INFO - DAG(s) dict_keys(['example_task_group']) retrieved from /home/airflow/.local/lib/python3.7/site-packages/airflow/example_dags/example_task_group.py
[2023-03-16T23:51:30.913+0000] {logging_mixin.py:137} INFO - [2023-03-16T23:51:30.913+0000] {dag.py:2690} INFO - Sync 1 DAGs
[2023-03-16T23:51:30.958+0000] {logging_mixin.py:137} INFO - [2023-03-16T23:51:30.958+0000] {dag.py:3441} INFO - Setting next_dagrun for example_task_group to 2023-03-15T23:51:30.957632+00:00, run_after=2023-03-16T23:51:30.957632+00:00
[2023-03-16T23:51:31.019+0000] {processor.py:175} INFO - Processing /home/airflow/.local/lib/python3.7/site-packages/airflow/example_dags/example_task_group.py took 0.201 seconds
[2023-03-16T23:52:01.399+0000] {processor.py:153} INFO - Started process (PID=1910) to work on /home/airflow/.local/lib/python3.7/site-packages/airflow/example_dags/example_task_group.py
[2023-03-16T23:52:01.401+0000] {processor.py:743} INFO - Processing file /home/airflow/.local/lib/python3.7/site-packages/airflow/example_dags/example_task_group.py for tasks to queue
[2023-03-16T23:52:01.403+0000] {logging_mixin.py:137} INFO - [2023-03-16T23:52:01.402+0000] {dagbag.py:538} INFO - Filling up the DagBag from /home/airflow/.local/lib/python3.7/site-packages/airflow/example_dags/example_task_group.py
[2023-03-16T23:52:01.423+0000] {processor.py:753} INFO - DAG(s) dict_keys(['example_task_group']) retrieved from /home/airflow/.local/lib/python3.7/site-packages/airflow/example_dags/example_task_group.py
[2023-03-16T23:52:01.464+0000] {logging_mixin.py:137} INFO - [2023-03-16T23:52:01.464+0000] {dag.py:2690} INFO - Sync 1 DAGs
[2023-03-16T23:52:01.513+0000] {logging_mixin.py:137} INFO - [2023-03-16T23:52:01.512+0000] {dag.py:3441} INFO - Setting next_dagrun for example_task_group to 2023-03-15T23:52:01.512470+00:00, run_after=2023-03-16T23:52:01.512470+00:00
[2023-03-16T23:52:01.551+0000] {processor.py:175} INFO - Processing /home/airflow/.local/lib/python3.7/site-packages/airflow/example_dags/example_task_group.py took 0.158 seconds
[2023-03-16T23:52:31.858+0000] {processor.py:153} INFO - Started process (PID=1974) to work on /home/airflow/.local/lib/python3.7/site-packages/airflow/example_dags/example_task_group.py
[2023-03-16T23:52:31.860+0000] {processor.py:743} INFO - Processing file /home/airflow/.local/lib/python3.7/site-packages/airflow/example_dags/example_task_group.py for tasks to queue
[2023-03-16T23:52:31.862+0000] {logging_mixin.py:137} INFO - [2023-03-16T23:52:31.862+0000] {dagbag.py:538} INFO - Filling up the DagBag from /home/airflow/.local/lib/python3.7/site-packages/airflow/example_dags/example_task_group.py
[2023-03-16T23:52:31.888+0000] {processor.py:753} INFO - DAG(s) dict_keys(['example_task_group']) retrieved from /home/airflow/.local/lib/python3.7/site-packages/airflow/example_dags/example_task_group.py
[2023-03-16T23:52:31.930+0000] {logging_mixin.py:137} INFO - [2023-03-16T23:52:31.930+0000] {dag.py:2690} INFO - Sync 1 DAGs
[2023-03-16T23:52:31.988+0000] {logging_mixin.py:137} INFO - [2023-03-16T23:52:31.988+0000] {dag.py:3441} INFO - Setting next_dagrun for example_task_group to 2023-03-15T23:52:31.987836+00:00, run_after=2023-03-16T23:52:31.987836+00:00
[2023-03-16T23:52:32.022+0000] {processor.py:175} INFO - Processing /home/airflow/.local/lib/python3.7/site-packages/airflow/example_dags/example_task_group.py took 0.167 seconds
[2023-03-16T23:53:02.866+0000] {processor.py:153} INFO - Started process (PID=2047) to work on /home/airflow/.local/lib/python3.7/site-packages/airflow/example_dags/example_task_group.py
[2023-03-16T23:53:02.867+0000] {processor.py:743} INFO - Processing file /home/airflow/.local/lib/python3.7/site-packages/airflow/example_dags/example_task_group.py for tasks to queue
[2023-03-16T23:53:02.869+0000] {logging_mixin.py:137} INFO - [2023-03-16T23:53:02.869+0000] {dagbag.py:538} INFO - Filling up the DagBag from /home/airflow/.local/lib/python3.7/site-packages/airflow/example_dags/example_task_group.py
[2023-03-16T23:53:02.908+0000] {processor.py:753} INFO - DAG(s) dict_keys(['example_task_group']) retrieved from /home/airflow/.local/lib/python3.7/site-packages/airflow/example_dags/example_task_group.py
[2023-03-16T23:53:02.987+0000] {logging_mixin.py:137} INFO - [2023-03-16T23:53:02.987+0000] {dag.py:2690} INFO - Sync 1 DAGs
[2023-03-16T23:53:03.053+0000] {logging_mixin.py:137} INFO - [2023-03-16T23:53:03.053+0000] {dag.py:3441} INFO - Setting next_dagrun for example_task_group to 2023-03-15T23:53:03.053039+00:00, run_after=2023-03-16T23:53:03.053039+00:00
[2023-03-16T23:53:03.086+0000] {processor.py:175} INFO - Processing /home/airflow/.local/lib/python3.7/site-packages/airflow/example_dags/example_task_group.py took 0.226 seconds
[2023-03-16T23:53:33.836+0000] {processor.py:153} INFO - Started process (PID=2120) to work on /home/airflow/.local/lib/python3.7/site-packages/airflow/example_dags/example_task_group.py
[2023-03-16T23:53:33.838+0000] {processor.py:743} INFO - Processing file /home/airflow/.local/lib/python3.7/site-packages/airflow/example_dags/example_task_group.py for tasks to queue
[2023-03-16T23:53:33.840+0000] {logging_mixin.py:137} INFO - [2023-03-16T23:53:33.839+0000] {dagbag.py:538} INFO - Filling up the DagBag from /home/airflow/.local/lib/python3.7/site-packages/airflow/example_dags/example_task_group.py
[2023-03-16T23:53:33.875+0000] {processor.py:753} INFO - DAG(s) dict_keys(['example_task_group']) retrieved from /home/airflow/.local/lib/python3.7/site-packages/airflow/example_dags/example_task_group.py
[2023-03-16T23:53:33.931+0000] {logging_mixin.py:137} INFO - [2023-03-16T23:53:33.931+0000] {dag.py:2690} INFO - Sync 1 DAGs
[2023-03-16T23:53:33.969+0000] {logging_mixin.py:137} INFO - [2023-03-16T23:53:33.968+0000] {dag.py:3441} INFO - Setting next_dagrun for example_task_group to 2023-03-15T23:53:33.968577+00:00, run_after=2023-03-16T23:53:33.968577+00:00
[2023-03-16T23:53:33.998+0000] {processor.py:175} INFO - Processing /home/airflow/.local/lib/python3.7/site-packages/airflow/example_dags/example_task_group.py took 0.169 seconds
[2023-03-16T23:54:04.169+0000] {processor.py:153} INFO - Started process (PID=2193) to work on /home/airflow/.local/lib/python3.7/site-packages/airflow/example_dags/example_task_group.py
[2023-03-16T23:54:04.171+0000] {processor.py:743} INFO - Processing file /home/airflow/.local/lib/python3.7/site-packages/airflow/example_dags/example_task_group.py for tasks to queue
[2023-03-16T23:54:04.173+0000] {logging_mixin.py:137} INFO - [2023-03-16T23:54:04.173+0000] {dagbag.py:538} INFO - Filling up the DagBag from /home/airflow/.local/lib/python3.7/site-packages/airflow/example_dags/example_task_group.py
[2023-03-16T23:54:04.207+0000] {processor.py:753} INFO - DAG(s) dict_keys(['example_task_group']) retrieved from /home/airflow/.local/lib/python3.7/site-packages/airflow/example_dags/example_task_group.py
[2023-03-16T23:54:04.259+0000] {logging_mixin.py:137} INFO - [2023-03-16T23:54:04.259+0000] {dag.py:2690} INFO - Sync 1 DAGs
[2023-03-16T23:54:04.310+0000] {logging_mixin.py:137} INFO - [2023-03-16T23:54:04.309+0000] {dag.py:3441} INFO - Setting next_dagrun for example_task_group to 2023-03-15T23:54:04.309473+00:00, run_after=2023-03-16T23:54:04.309473+00:00
[2023-03-16T23:54:04.375+0000] {processor.py:175} INFO - Processing /home/airflow/.local/lib/python3.7/site-packages/airflow/example_dags/example_task_group.py took 0.210 seconds
[2023-03-16T23:54:34.633+0000] {processor.py:153} INFO - Started process (PID=2275) to work on /home/airflow/.local/lib/python3.7/site-packages/airflow/example_dags/example_task_group.py
[2023-03-16T23:54:34.636+0000] {processor.py:743} INFO - Processing file /home/airflow/.local/lib/python3.7/site-packages/airflow/example_dags/example_task_group.py for tasks to queue
[2023-03-16T23:54:34.638+0000] {logging_mixin.py:137} INFO - [2023-03-16T23:54:34.638+0000] {dagbag.py:538} INFO - Filling up the DagBag from /home/airflow/.local/lib/python3.7/site-packages/airflow/example_dags/example_task_group.py
[2023-03-16T23:54:34.664+0000] {processor.py:753} INFO - DAG(s) dict_keys(['example_task_group']) retrieved from /home/airflow/.local/lib/python3.7/site-packages/airflow/example_dags/example_task_group.py
[2023-03-16T23:54:34.722+0000] {logging_mixin.py:137} INFO - [2023-03-16T23:54:34.721+0000] {dag.py:2690} INFO - Sync 1 DAGs
[2023-03-16T23:54:34.788+0000] {logging_mixin.py:137} INFO - [2023-03-16T23:54:34.788+0000] {dag.py:3441} INFO - Setting next_dagrun for example_task_group to 2023-03-15T23:54:34.787353+00:00, run_after=2023-03-16T23:54:34.787353+00:00
[2023-03-16T23:54:34.836+0000] {processor.py:175} INFO - Processing /home/airflow/.local/lib/python3.7/site-packages/airflow/example_dags/example_task_group.py took 0.209 seconds
[2023-03-16T23:55:05.252+0000] {processor.py:153} INFO - Started process (PID=2355) to work on /home/airflow/.local/lib/python3.7/site-packages/airflow/example_dags/example_task_group.py
[2023-03-16T23:55:05.258+0000] {processor.py:743} INFO - Processing file /home/airflow/.local/lib/python3.7/site-packages/airflow/example_dags/example_task_group.py for tasks to queue
[2023-03-16T23:55:05.261+0000] {logging_mixin.py:137} INFO - [2023-03-16T23:55:05.261+0000] {dagbag.py:538} INFO - Filling up the DagBag from /home/airflow/.local/lib/python3.7/site-packages/airflow/example_dags/example_task_group.py
[2023-03-16T23:55:05.313+0000] {processor.py:753} INFO - DAG(s) dict_keys(['example_task_group']) retrieved from /home/airflow/.local/lib/python3.7/site-packages/airflow/example_dags/example_task_group.py
[2023-03-16T23:55:05.428+0000] {logging_mixin.py:137} INFO - [2023-03-16T23:55:05.428+0000] {dag.py:2690} INFO - Sync 1 DAGs
[2023-03-16T23:55:05.500+0000] {logging_mixin.py:137} INFO - [2023-03-16T23:55:05.500+0000] {dag.py:3441} INFO - Setting next_dagrun for example_task_group to 2023-03-15T23:55:05.499509+00:00, run_after=2023-03-16T23:55:05.499509+00:00
[2023-03-16T23:55:05.561+0000] {processor.py:175} INFO - Processing /home/airflow/.local/lib/python3.7/site-packages/airflow/example_dags/example_task_group.py took 0.317 seconds
[2023-03-16T23:55:36.038+0000] {processor.py:153} INFO - Started process (PID=2428) to work on /home/airflow/.local/lib/python3.7/site-packages/airflow/example_dags/example_task_group.py
[2023-03-16T23:55:36.040+0000] {processor.py:743} INFO - Processing file /home/airflow/.local/lib/python3.7/site-packages/airflow/example_dags/example_task_group.py for tasks to queue
[2023-03-16T23:55:36.041+0000] {logging_mixin.py:137} INFO - [2023-03-16T23:55:36.041+0000] {dagbag.py:538} INFO - Filling up the DagBag from /home/airflow/.local/lib/python3.7/site-packages/airflow/example_dags/example_task_group.py
[2023-03-16T23:55:36.085+0000] {processor.py:753} INFO - DAG(s) dict_keys(['example_task_group']) retrieved from /home/airflow/.local/lib/python3.7/site-packages/airflow/example_dags/example_task_group.py
[2023-03-16T23:55:36.154+0000] {logging_mixin.py:137} INFO - [2023-03-16T23:55:36.153+0000] {dag.py:2690} INFO - Sync 1 DAGs
[2023-03-16T23:55:36.221+0000] {logging_mixin.py:137} INFO - [2023-03-16T23:55:36.220+0000] {dag.py:3441} INFO - Setting next_dagrun for example_task_group to 2023-03-15T23:55:36.220447+00:00, run_after=2023-03-16T23:55:36.220447+00:00
[2023-03-16T23:55:36.268+0000] {processor.py:175} INFO - Processing /home/airflow/.local/lib/python3.7/site-packages/airflow/example_dags/example_task_group.py took 0.238 seconds
[2023-03-16T23:56:06.556+0000] {processor.py:153} INFO - Started process (PID=2501) to work on /home/airflow/.local/lib/python3.7/site-packages/airflow/example_dags/example_task_group.py
[2023-03-16T23:56:06.558+0000] {processor.py:743} INFO - Processing file /home/airflow/.local/lib/python3.7/site-packages/airflow/example_dags/example_task_group.py for tasks to queue
[2023-03-16T23:56:06.560+0000] {logging_mixin.py:137} INFO - [2023-03-16T23:56:06.560+0000] {dagbag.py:538} INFO - Filling up the DagBag from /home/airflow/.local/lib/python3.7/site-packages/airflow/example_dags/example_task_group.py
[2023-03-16T23:56:06.590+0000] {processor.py:753} INFO - DAG(s) dict_keys(['example_task_group']) retrieved from /home/airflow/.local/lib/python3.7/site-packages/airflow/example_dags/example_task_group.py
[2023-03-16T23:56:06.648+0000] {logging_mixin.py:137} INFO - [2023-03-16T23:56:06.648+0000] {dag.py:2690} INFO - Sync 1 DAGs
[2023-03-16T23:56:06.709+0000] {logging_mixin.py:137} INFO - [2023-03-16T23:56:06.709+0000] {dag.py:3441} INFO - Setting next_dagrun for example_task_group to 2023-03-15T23:56:06.708031+00:00, run_after=2023-03-16T23:56:06.708031+00:00
[2023-03-16T23:56:06.744+0000] {processor.py:175} INFO - Processing /home/airflow/.local/lib/python3.7/site-packages/airflow/example_dags/example_task_group.py took 0.195 seconds
[2023-03-16T23:56:36.965+0000] {processor.py:153} INFO - Started process (PID=2575) to work on /home/airflow/.local/lib/python3.7/site-packages/airflow/example_dags/example_task_group.py
[2023-03-16T23:56:36.967+0000] {processor.py:743} INFO - Processing file /home/airflow/.local/lib/python3.7/site-packages/airflow/example_dags/example_task_group.py for tasks to queue
[2023-03-16T23:56:36.969+0000] {logging_mixin.py:137} INFO - [2023-03-16T23:56:36.969+0000] {dagbag.py:538} INFO - Filling up the DagBag from /home/airflow/.local/lib/python3.7/site-packages/airflow/example_dags/example_task_group.py
[2023-03-16T23:56:36.998+0000] {processor.py:753} INFO - DAG(s) dict_keys(['example_task_group']) retrieved from /home/airflow/.local/lib/python3.7/site-packages/airflow/example_dags/example_task_group.py
[2023-03-16T23:56:37.066+0000] {logging_mixin.py:137} INFO - [2023-03-16T23:56:37.065+0000] {dag.py:2690} INFO - Sync 1 DAGs
[2023-03-16T23:56:37.103+0000] {logging_mixin.py:137} INFO - [2023-03-16T23:56:37.103+0000] {dag.py:3441} INFO - Setting next_dagrun for example_task_group to 2023-03-15T23:56:37.102925+00:00, run_after=2023-03-16T23:56:37.102925+00:00
[2023-03-16T23:56:37.132+0000] {processor.py:175} INFO - Processing /home/airflow/.local/lib/python3.7/site-packages/airflow/example_dags/example_task_group.py took 0.175 seconds
[2023-03-16T23:57:07.280+0000] {processor.py:153} INFO - Started process (PID=2649) to work on /home/airflow/.local/lib/python3.7/site-packages/airflow/example_dags/example_task_group.py
[2023-03-16T23:57:07.282+0000] {processor.py:743} INFO - Processing file /home/airflow/.local/lib/python3.7/site-packages/airflow/example_dags/example_task_group.py for tasks to queue
[2023-03-16T23:57:07.285+0000] {logging_mixin.py:137} INFO - [2023-03-16T23:57:07.285+0000] {dagbag.py:538} INFO - Filling up the DagBag from /home/airflow/.local/lib/python3.7/site-packages/airflow/example_dags/example_task_group.py
[2023-03-16T23:57:07.311+0000] {processor.py:753} INFO - DAG(s) dict_keys(['example_task_group']) retrieved from /home/airflow/.local/lib/python3.7/site-packages/airflow/example_dags/example_task_group.py
[2023-03-16T23:57:07.357+0000] {logging_mixin.py:137} INFO - [2023-03-16T23:57:07.356+0000] {dag.py:2690} INFO - Sync 1 DAGs
[2023-03-16T23:57:07.408+0000] {logging_mixin.py:137} INFO - [2023-03-16T23:57:07.408+0000] {dag.py:3441} INFO - Setting next_dagrun for example_task_group to 2023-03-15T23:57:07.407754+00:00, run_after=2023-03-16T23:57:07.407754+00:00
[2023-03-16T23:57:07.436+0000] {processor.py:175} INFO - Processing /home/airflow/.local/lib/python3.7/site-packages/airflow/example_dags/example_task_group.py took 0.161 seconds
[2023-03-16T23:57:37.971+0000] {processor.py:153} INFO - Started process (PID=2724) to work on /home/airflow/.local/lib/python3.7/site-packages/airflow/example_dags/example_task_group.py
[2023-03-16T23:57:37.974+0000] {processor.py:743} INFO - Processing file /home/airflow/.local/lib/python3.7/site-packages/airflow/example_dags/example_task_group.py for tasks to queue
[2023-03-16T23:57:37.976+0000] {logging_mixin.py:137} INFO - [2023-03-16T23:57:37.975+0000] {dagbag.py:538} INFO - Filling up the DagBag from /home/airflow/.local/lib/python3.7/site-packages/airflow/example_dags/example_task_group.py
[2023-03-16T23:57:38.007+0000] {processor.py:753} INFO - DAG(s) dict_keys(['example_task_group']) retrieved from /home/airflow/.local/lib/python3.7/site-packages/airflow/example_dags/example_task_group.py
[2023-03-16T23:57:38.058+0000] {logging_mixin.py:137} INFO - [2023-03-16T23:57:38.058+0000] {dag.py:2690} INFO - Sync 1 DAGs
[2023-03-16T23:57:38.108+0000] {logging_mixin.py:137} INFO - [2023-03-16T23:57:38.108+0000] {dag.py:3441} INFO - Setting next_dagrun for example_task_group to 2023-03-15T23:57:38.108261+00:00, run_after=2023-03-16T23:57:38.108261+00:00
[2023-03-16T23:57:38.135+0000] {processor.py:175} INFO - Processing /home/airflow/.local/lib/python3.7/site-packages/airflow/example_dags/example_task_group.py took 0.170 seconds
[2023-03-16T23:58:08.505+0000] {processor.py:153} INFO - Started process (PID=2797) to work on /home/airflow/.local/lib/python3.7/site-packages/airflow/example_dags/example_task_group.py
[2023-03-16T23:58:08.508+0000] {processor.py:743} INFO - Processing file /home/airflow/.local/lib/python3.7/site-packages/airflow/example_dags/example_task_group.py for tasks to queue
[2023-03-16T23:58:08.510+0000] {logging_mixin.py:137} INFO - [2023-03-16T23:58:08.509+0000] {dagbag.py:538} INFO - Filling up the DagBag from /home/airflow/.local/lib/python3.7/site-packages/airflow/example_dags/example_task_group.py
[2023-03-16T23:58:08.542+0000] {processor.py:753} INFO - DAG(s) dict_keys(['example_task_group']) retrieved from /home/airflow/.local/lib/python3.7/site-packages/airflow/example_dags/example_task_group.py
[2023-03-16T23:58:08.592+0000] {logging_mixin.py:137} INFO - [2023-03-16T23:58:08.592+0000] {dag.py:2690} INFO - Sync 1 DAGs
[2023-03-16T23:58:08.637+0000] {logging_mixin.py:137} INFO - [2023-03-16T23:58:08.636+0000] {dag.py:3441} INFO - Setting next_dagrun for example_task_group to 2023-03-15T23:58:08.636257+00:00, run_after=2023-03-16T23:58:08.636257+00:00
[2023-03-16T23:58:08.681+0000] {processor.py:175} INFO - Processing /home/airflow/.local/lib/python3.7/site-packages/airflow/example_dags/example_task_group.py took 0.185 seconds
[2023-03-16T23:58:39.348+0000] {processor.py:153} INFO - Started process (PID=2870) to work on /home/airflow/.local/lib/python3.7/site-packages/airflow/example_dags/example_task_group.py
[2023-03-16T23:58:39.350+0000] {processor.py:743} INFO - Processing file /home/airflow/.local/lib/python3.7/site-packages/airflow/example_dags/example_task_group.py for tasks to queue
[2023-03-16T23:58:39.352+0000] {logging_mixin.py:137} INFO - [2023-03-16T23:58:39.352+0000] {dagbag.py:538} INFO - Filling up the DagBag from /home/airflow/.local/lib/python3.7/site-packages/airflow/example_dags/example_task_group.py
[2023-03-16T23:58:39.432+0000] {processor.py:753} INFO - DAG(s) dict_keys(['example_task_group']) retrieved from /home/airflow/.local/lib/python3.7/site-packages/airflow/example_dags/example_task_group.py
[2023-03-16T23:58:39.538+0000] {logging_mixin.py:137} INFO - [2023-03-16T23:58:39.537+0000] {dag.py:2690} INFO - Sync 1 DAGs
[2023-03-16T23:58:39.619+0000] {logging_mixin.py:137} INFO - [2023-03-16T23:58:39.619+0000] {dag.py:3441} INFO - Setting next_dagrun for example_task_group to 2023-03-15T23:58:39.618468+00:00, run_after=2023-03-16T23:58:39.618468+00:00
[2023-03-16T23:58:39.689+0000] {processor.py:175} INFO - Processing /home/airflow/.local/lib/python3.7/site-packages/airflow/example_dags/example_task_group.py took 0.352 seconds
[2023-03-16T23:59:09.835+0000] {processor.py:153} INFO - Started process (PID=2942) to work on /home/airflow/.local/lib/python3.7/site-packages/airflow/example_dags/example_task_group.py
[2023-03-16T23:59:09.837+0000] {processor.py:743} INFO - Processing file /home/airflow/.local/lib/python3.7/site-packages/airflow/example_dags/example_task_group.py for tasks to queue
[2023-03-16T23:59:09.839+0000] {logging_mixin.py:137} INFO - [2023-03-16T23:59:09.839+0000] {dagbag.py:538} INFO - Filling up the DagBag from /home/airflow/.local/lib/python3.7/site-packages/airflow/example_dags/example_task_group.py
[2023-03-16T23:59:09.880+0000] {processor.py:753} INFO - DAG(s) dict_keys(['example_task_group']) retrieved from /home/airflow/.local/lib/python3.7/site-packages/airflow/example_dags/example_task_group.py
[2023-03-16T23:59:09.946+0000] {logging_mixin.py:137} INFO - [2023-03-16T23:59:09.946+0000] {dag.py:2690} INFO - Sync 1 DAGs
[2023-03-16T23:59:10.016+0000] {logging_mixin.py:137} INFO - [2023-03-16T23:59:10.016+0000] {dag.py:3441} INFO - Setting next_dagrun for example_task_group to 2023-03-15T23:59:10.015915+00:00, run_after=2023-03-16T23:59:10.015915+00:00
[2023-03-16T23:59:10.069+0000] {processor.py:175} INFO - Processing /home/airflow/.local/lib/python3.7/site-packages/airflow/example_dags/example_task_group.py took 0.241 seconds
[2023-03-16T23:59:41.053+0000] {processor.py:153} INFO - Started process (PID=3031) to work on /home/airflow/.local/lib/python3.7/site-packages/airflow/example_dags/example_task_group.py
[2023-03-16T23:59:41.055+0000] {processor.py:743} INFO - Processing file /home/airflow/.local/lib/python3.7/site-packages/airflow/example_dags/example_task_group.py for tasks to queue
[2023-03-16T23:59:41.057+0000] {logging_mixin.py:137} INFO - [2023-03-16T23:59:41.057+0000] {dagbag.py:538} INFO - Filling up the DagBag from /home/airflow/.local/lib/python3.7/site-packages/airflow/example_dags/example_task_group.py
[2023-03-16T23:59:41.083+0000] {processor.py:753} INFO - DAG(s) dict_keys(['example_task_group']) retrieved from /home/airflow/.local/lib/python3.7/site-packages/airflow/example_dags/example_task_group.py
[2023-03-16T23:59:41.120+0000] {logging_mixin.py:137} INFO - [2023-03-16T23:59:41.119+0000] {dag.py:2690} INFO - Sync 1 DAGs
[2023-03-16T23:59:41.160+0000] {logging_mixin.py:137} INFO - [2023-03-16T23:59:41.160+0000] {dag.py:3441} INFO - Setting next_dagrun for example_task_group to 2023-03-15T23:59:41.160377+00:00, run_after=2023-03-16T23:59:41.160377+00:00
[2023-03-16T23:59:41.196+0000] {processor.py:175} INFO - Processing /home/airflow/.local/lib/python3.7/site-packages/airflow/example_dags/example_task_group.py took 0.147 seconds
