[2023-03-16T23:38:56.119+0000] {processor.py:153} INFO - Started process (PID=135) to work on /home/airflow/.local/lib/python3.7/site-packages/airflow/example_dags/example_trigger_target_dag.py
[2023-03-16T23:38:56.135+0000] {processor.py:743} INFO - Processing file /home/airflow/.local/lib/python3.7/site-packages/airflow/example_dags/example_trigger_target_dag.py for tasks to queue
[2023-03-16T23:38:56.144+0000] {logging_mixin.py:137} INFO - [2023-03-16T23:38:56.143+0000] {dagbag.py:538} INFO - Filling up the DagBag from /home/airflow/.local/lib/python3.7/site-packages/airflow/example_dags/example_trigger_target_dag.py
[2023-03-16T23:38:56.269+0000] {processor.py:753} INFO - DAG(s) dict_keys(['example_trigger_target_dag']) retrieved from /home/airflow/.local/lib/python3.7/site-packages/airflow/example_dags/example_trigger_target_dag.py
[2023-03-16T23:38:56.405+0000] {logging_mixin.py:137} INFO - [2023-03-16T23:38:56.405+0000] {dag.py:2690} INFO - Sync 1 DAGs
[2023-03-16T23:38:56.541+0000] {logging_mixin.py:137} INFO - [2023-03-16T23:38:56.541+0000] {dag.py:3441} INFO - Setting next_dagrun for example_trigger_target_dag to None, run_after=None
[2023-03-16T23:38:56.646+0000] {processor.py:175} INFO - Processing /home/airflow/.local/lib/python3.7/site-packages/airflow/example_dags/example_trigger_target_dag.py took 0.532 seconds
[2023-03-16T23:39:27.391+0000] {processor.py:153} INFO - Started process (PID=209) to work on /home/airflow/.local/lib/python3.7/site-packages/airflow/example_dags/example_trigger_target_dag.py
[2023-03-16T23:39:27.393+0000] {processor.py:743} INFO - Processing file /home/airflow/.local/lib/python3.7/site-packages/airflow/example_dags/example_trigger_target_dag.py for tasks to queue
[2023-03-16T23:39:27.397+0000] {logging_mixin.py:137} INFO - [2023-03-16T23:39:27.397+0000] {dagbag.py:538} INFO - Filling up the DagBag from /home/airflow/.local/lib/python3.7/site-packages/airflow/example_dags/example_trigger_target_dag.py
[2023-03-16T23:39:27.484+0000] {processor.py:753} INFO - DAG(s) dict_keys(['example_trigger_target_dag']) retrieved from /home/airflow/.local/lib/python3.7/site-packages/airflow/example_dags/example_trigger_target_dag.py
[2023-03-16T23:39:27.589+0000] {logging_mixin.py:137} INFO - [2023-03-16T23:39:27.588+0000] {dag.py:2690} INFO - Sync 1 DAGs
[2023-03-16T23:39:27.738+0000] {logging_mixin.py:137} INFO - [2023-03-16T23:39:27.738+0000] {dag.py:3441} INFO - Setting next_dagrun for example_trigger_target_dag to None, run_after=None
[2023-03-16T23:39:27.860+0000] {processor.py:175} INFO - Processing /home/airflow/.local/lib/python3.7/site-packages/airflow/example_dags/example_trigger_target_dag.py took 0.485 seconds
[2023-03-16T23:39:58.019+0000] {processor.py:153} INFO - Started process (PID=266) to work on /home/airflow/.local/lib/python3.7/site-packages/airflow/example_dags/example_trigger_target_dag.py
[2023-03-16T23:39:58.022+0000] {processor.py:743} INFO - Processing file /home/airflow/.local/lib/python3.7/site-packages/airflow/example_dags/example_trigger_target_dag.py for tasks to queue
[2023-03-16T23:39:58.024+0000] {logging_mixin.py:137} INFO - [2023-03-16T23:39:58.023+0000] {dagbag.py:538} INFO - Filling up the DagBag from /home/airflow/.local/lib/python3.7/site-packages/airflow/example_dags/example_trigger_target_dag.py
[2023-03-16T23:39:58.077+0000] {processor.py:753} INFO - DAG(s) dict_keys(['example_trigger_target_dag']) retrieved from /home/airflow/.local/lib/python3.7/site-packages/airflow/example_dags/example_trigger_target_dag.py
[2023-03-16T23:39:58.110+0000] {logging_mixin.py:137} INFO - [2023-03-16T23:39:58.110+0000] {dag.py:2690} INFO - Sync 1 DAGs
[2023-03-16T23:39:58.157+0000] {logging_mixin.py:137} INFO - [2023-03-16T23:39:58.156+0000] {dag.py:3441} INFO - Setting next_dagrun for example_trigger_target_dag to None, run_after=None
[2023-03-16T23:39:58.212+0000] {processor.py:175} INFO - Processing /home/airflow/.local/lib/python3.7/site-packages/airflow/example_dags/example_trigger_target_dag.py took 0.199 seconds
[2023-03-16T23:40:28.850+0000] {processor.py:153} INFO - Started process (PID=340) to work on /home/airflow/.local/lib/python3.7/site-packages/airflow/example_dags/example_trigger_target_dag.py
[2023-03-16T23:40:28.852+0000] {processor.py:743} INFO - Processing file /home/airflow/.local/lib/python3.7/site-packages/airflow/example_dags/example_trigger_target_dag.py for tasks to queue
[2023-03-16T23:40:28.854+0000] {logging_mixin.py:137} INFO - [2023-03-16T23:40:28.854+0000] {dagbag.py:538} INFO - Filling up the DagBag from /home/airflow/.local/lib/python3.7/site-packages/airflow/example_dags/example_trigger_target_dag.py
[2023-03-16T23:40:28.905+0000] {processor.py:753} INFO - DAG(s) dict_keys(['example_trigger_target_dag']) retrieved from /home/airflow/.local/lib/python3.7/site-packages/airflow/example_dags/example_trigger_target_dag.py
[2023-03-16T23:40:28.969+0000] {logging_mixin.py:137} INFO - [2023-03-16T23:40:28.968+0000] {dag.py:2690} INFO - Sync 1 DAGs
[2023-03-16T23:40:29.052+0000] {logging_mixin.py:137} INFO - [2023-03-16T23:40:29.051+0000] {dag.py:3441} INFO - Setting next_dagrun for example_trigger_target_dag to None, run_after=None
[2023-03-16T23:40:29.120+0000] {processor.py:175} INFO - Processing /home/airflow/.local/lib/python3.7/site-packages/airflow/example_dags/example_trigger_target_dag.py took 0.278 seconds
[2023-03-16T23:40:59.867+0000] {processor.py:153} INFO - Started process (PID=414) to work on /home/airflow/.local/lib/python3.7/site-packages/airflow/example_dags/example_trigger_target_dag.py
[2023-03-16T23:40:59.874+0000] {processor.py:743} INFO - Processing file /home/airflow/.local/lib/python3.7/site-packages/airflow/example_dags/example_trigger_target_dag.py for tasks to queue
[2023-03-16T23:40:59.880+0000] {logging_mixin.py:137} INFO - [2023-03-16T23:40:59.880+0000] {dagbag.py:538} INFO - Filling up the DagBag from /home/airflow/.local/lib/python3.7/site-packages/airflow/example_dags/example_trigger_target_dag.py
[2023-03-16T23:40:59.990+0000] {processor.py:753} INFO - DAG(s) dict_keys(['example_trigger_target_dag']) retrieved from /home/airflow/.local/lib/python3.7/site-packages/airflow/example_dags/example_trigger_target_dag.py
[2023-03-16T23:41:00.082+0000] {logging_mixin.py:137} INFO - [2023-03-16T23:41:00.082+0000] {dag.py:2690} INFO - Sync 1 DAGs
[2023-03-16T23:41:00.182+0000] {logging_mixin.py:137} INFO - [2023-03-16T23:41:00.182+0000] {dag.py:3441} INFO - Setting next_dagrun for example_trigger_target_dag to None, run_after=None
[2023-03-16T23:41:00.279+0000] {processor.py:175} INFO - Processing /home/airflow/.local/lib/python3.7/site-packages/airflow/example_dags/example_trigger_target_dag.py took 0.428 seconds
[2023-03-16T23:41:31.468+0000] {processor.py:153} INFO - Started process (PID=487) to work on /home/airflow/.local/lib/python3.7/site-packages/airflow/example_dags/example_trigger_target_dag.py
[2023-03-16T23:41:31.471+0000] {processor.py:743} INFO - Processing file /home/airflow/.local/lib/python3.7/site-packages/airflow/example_dags/example_trigger_target_dag.py for tasks to queue
[2023-03-16T23:41:31.473+0000] {logging_mixin.py:137} INFO - [2023-03-16T23:41:31.472+0000] {dagbag.py:538} INFO - Filling up the DagBag from /home/airflow/.local/lib/python3.7/site-packages/airflow/example_dags/example_trigger_target_dag.py
[2023-03-16T23:41:31.508+0000] {processor.py:753} INFO - DAG(s) dict_keys(['example_trigger_target_dag']) retrieved from /home/airflow/.local/lib/python3.7/site-packages/airflow/example_dags/example_trigger_target_dag.py
[2023-03-16T23:41:31.562+0000] {logging_mixin.py:137} INFO - [2023-03-16T23:41:31.562+0000] {dag.py:2690} INFO - Sync 1 DAGs
[2023-03-16T23:41:31.606+0000] {logging_mixin.py:137} INFO - [2023-03-16T23:41:31.606+0000] {dag.py:3441} INFO - Setting next_dagrun for example_trigger_target_dag to None, run_after=None
[2023-03-16T23:41:31.647+0000] {processor.py:175} INFO - Processing /home/airflow/.local/lib/python3.7/site-packages/airflow/example_dags/example_trigger_target_dag.py took 0.186 seconds
[2023-03-16T23:42:02.658+0000] {processor.py:153} INFO - Started process (PID=561) to work on /home/airflow/.local/lib/python3.7/site-packages/airflow/example_dags/example_trigger_target_dag.py
[2023-03-16T23:42:02.663+0000] {processor.py:743} INFO - Processing file /home/airflow/.local/lib/python3.7/site-packages/airflow/example_dags/example_trigger_target_dag.py for tasks to queue
[2023-03-16T23:42:02.678+0000] {logging_mixin.py:137} INFO - [2023-03-16T23:42:02.678+0000] {dagbag.py:538} INFO - Filling up the DagBag from /home/airflow/.local/lib/python3.7/site-packages/airflow/example_dags/example_trigger_target_dag.py
[2023-03-16T23:42:02.805+0000] {processor.py:753} INFO - DAG(s) dict_keys(['example_trigger_target_dag']) retrieved from /home/airflow/.local/lib/python3.7/site-packages/airflow/example_dags/example_trigger_target_dag.py
[2023-03-16T23:42:02.909+0000] {logging_mixin.py:137} INFO - [2023-03-16T23:42:02.909+0000] {dag.py:2690} INFO - Sync 1 DAGs
[2023-03-16T23:42:03.036+0000] {logging_mixin.py:137} INFO - [2023-03-16T23:42:03.035+0000] {dag.py:3441} INFO - Setting next_dagrun for example_trigger_target_dag to None, run_after=None
[2023-03-16T23:42:03.121+0000] {processor.py:175} INFO - Processing /home/airflow/.local/lib/python3.7/site-packages/airflow/example_dags/example_trigger_target_dag.py took 0.470 seconds
[2023-03-16T23:42:33.986+0000] {processor.py:153} INFO - Started process (PID=618) to work on /home/airflow/.local/lib/python3.7/site-packages/airflow/example_dags/example_trigger_target_dag.py
[2023-03-16T23:42:33.989+0000] {processor.py:743} INFO - Processing file /home/airflow/.local/lib/python3.7/site-packages/airflow/example_dags/example_trigger_target_dag.py for tasks to queue
[2023-03-16T23:42:33.991+0000] {logging_mixin.py:137} INFO - [2023-03-16T23:42:33.991+0000] {dagbag.py:538} INFO - Filling up the DagBag from /home/airflow/.local/lib/python3.7/site-packages/airflow/example_dags/example_trigger_target_dag.py
[2023-03-16T23:42:34.026+0000] {processor.py:753} INFO - DAG(s) dict_keys(['example_trigger_target_dag']) retrieved from /home/airflow/.local/lib/python3.7/site-packages/airflow/example_dags/example_trigger_target_dag.py
[2023-03-16T23:42:34.075+0000] {logging_mixin.py:137} INFO - [2023-03-16T23:42:34.074+0000] {dag.py:2690} INFO - Sync 1 DAGs
[2023-03-16T23:42:34.127+0000] {logging_mixin.py:137} INFO - [2023-03-16T23:42:34.127+0000] {dag.py:3441} INFO - Setting next_dagrun for example_trigger_target_dag to None, run_after=None
[2023-03-16T23:42:34.188+0000] {processor.py:175} INFO - Processing /home/airflow/.local/lib/python3.7/site-packages/airflow/example_dags/example_trigger_target_dag.py took 0.209 seconds
[2023-03-16T23:43:05.177+0000] {processor.py:153} INFO - Started process (PID=691) to work on /home/airflow/.local/lib/python3.7/site-packages/airflow/example_dags/example_trigger_target_dag.py
[2023-03-16T23:43:05.180+0000] {processor.py:743} INFO - Processing file /home/airflow/.local/lib/python3.7/site-packages/airflow/example_dags/example_trigger_target_dag.py for tasks to queue
[2023-03-16T23:43:05.190+0000] {logging_mixin.py:137} INFO - [2023-03-16T23:43:05.190+0000] {dagbag.py:538} INFO - Filling up the DagBag from /home/airflow/.local/lib/python3.7/site-packages/airflow/example_dags/example_trigger_target_dag.py
[2023-03-16T23:43:05.327+0000] {processor.py:753} INFO - DAG(s) dict_keys(['example_trigger_target_dag']) retrieved from /home/airflow/.local/lib/python3.7/site-packages/airflow/example_dags/example_trigger_target_dag.py
[2023-03-16T23:43:05.458+0000] {logging_mixin.py:137} INFO - [2023-03-16T23:43:05.458+0000] {dag.py:2690} INFO - Sync 1 DAGs
[2023-03-16T23:43:05.585+0000] {logging_mixin.py:137} INFO - [2023-03-16T23:43:05.585+0000] {dag.py:3441} INFO - Setting next_dagrun for example_trigger_target_dag to None, run_after=None
[2023-03-16T23:43:05.691+0000] {processor.py:175} INFO - Processing /home/airflow/.local/lib/python3.7/site-packages/airflow/example_dags/example_trigger_target_dag.py took 0.529 seconds
[2023-03-16T23:43:35.965+0000] {processor.py:153} INFO - Started process (PID=764) to work on /home/airflow/.local/lib/python3.7/site-packages/airflow/example_dags/example_trigger_target_dag.py
[2023-03-16T23:43:35.978+0000] {processor.py:743} INFO - Processing file /home/airflow/.local/lib/python3.7/site-packages/airflow/example_dags/example_trigger_target_dag.py for tasks to queue
[2023-03-16T23:43:35.980+0000] {logging_mixin.py:137} INFO - [2023-03-16T23:43:35.980+0000] {dagbag.py:538} INFO - Filling up the DagBag from /home/airflow/.local/lib/python3.7/site-packages/airflow/example_dags/example_trigger_target_dag.py
[2023-03-16T23:43:36.112+0000] {processor.py:753} INFO - DAG(s) dict_keys(['example_trigger_target_dag']) retrieved from /home/airflow/.local/lib/python3.7/site-packages/airflow/example_dags/example_trigger_target_dag.py
[2023-03-16T23:43:36.233+0000] {logging_mixin.py:137} INFO - [2023-03-16T23:43:36.232+0000] {dag.py:2690} INFO - Sync 1 DAGs
[2023-03-16T23:43:36.442+0000] {logging_mixin.py:137} INFO - [2023-03-16T23:43:36.442+0000] {dag.py:3441} INFO - Setting next_dagrun for example_trigger_target_dag to None, run_after=None
[2023-03-16T23:43:36.535+0000] {processor.py:175} INFO - Processing /home/airflow/.local/lib/python3.7/site-packages/airflow/example_dags/example_trigger_target_dag.py took 0.577 seconds
[2023-03-16T23:44:07.074+0000] {processor.py:153} INFO - Started process (PID=821) to work on /home/airflow/.local/lib/python3.7/site-packages/airflow/example_dags/example_trigger_target_dag.py
[2023-03-16T23:44:07.081+0000] {processor.py:743} INFO - Processing file /home/airflow/.local/lib/python3.7/site-packages/airflow/example_dags/example_trigger_target_dag.py for tasks to queue
[2023-03-16T23:44:07.084+0000] {logging_mixin.py:137} INFO - [2023-03-16T23:44:07.083+0000] {dagbag.py:538} INFO - Filling up the DagBag from /home/airflow/.local/lib/python3.7/site-packages/airflow/example_dags/example_trigger_target_dag.py
[2023-03-16T23:44:07.155+0000] {processor.py:753} INFO - DAG(s) dict_keys(['example_trigger_target_dag']) retrieved from /home/airflow/.local/lib/python3.7/site-packages/airflow/example_dags/example_trigger_target_dag.py
[2023-03-16T23:44:07.222+0000] {logging_mixin.py:137} INFO - [2023-03-16T23:44:07.222+0000] {dag.py:2690} INFO - Sync 1 DAGs
[2023-03-16T23:44:07.266+0000] {logging_mixin.py:137} INFO - [2023-03-16T23:44:07.266+0000] {dag.py:3441} INFO - Setting next_dagrun for example_trigger_target_dag to None, run_after=None
[2023-03-16T23:44:07.321+0000] {processor.py:175} INFO - Processing /home/airflow/.local/lib/python3.7/site-packages/airflow/example_dags/example_trigger_target_dag.py took 0.257 seconds
[2023-03-16T23:44:38.800+0000] {processor.py:153} INFO - Started process (PID=895) to work on /home/airflow/.local/lib/python3.7/site-packages/airflow/example_dags/example_trigger_target_dag.py
[2023-03-16T23:44:38.812+0000] {processor.py:743} INFO - Processing file /home/airflow/.local/lib/python3.7/site-packages/airflow/example_dags/example_trigger_target_dag.py for tasks to queue
[2023-03-16T23:44:38.816+0000] {logging_mixin.py:137} INFO - [2023-03-16T23:44:38.815+0000] {dagbag.py:538} INFO - Filling up the DagBag from /home/airflow/.local/lib/python3.7/site-packages/airflow/example_dags/example_trigger_target_dag.py
[2023-03-16T23:44:38.964+0000] {processor.py:753} INFO - DAG(s) dict_keys(['example_trigger_target_dag']) retrieved from /home/airflow/.local/lib/python3.7/site-packages/airflow/example_dags/example_trigger_target_dag.py
[2023-03-16T23:44:39.132+0000] {logging_mixin.py:137} INFO - [2023-03-16T23:44:39.131+0000] {dag.py:2690} INFO - Sync 1 DAGs
[2023-03-16T23:44:39.308+0000] {logging_mixin.py:137} INFO - [2023-03-16T23:44:39.308+0000] {dag.py:3441} INFO - Setting next_dagrun for example_trigger_target_dag to None, run_after=None
[2023-03-16T23:44:39.424+0000] {processor.py:175} INFO - Processing /home/airflow/.local/lib/python3.7/site-packages/airflow/example_dags/example_trigger_target_dag.py took 0.643 seconds
[2023-03-16T23:45:10.008+0000] {processor.py:153} INFO - Started process (PID=962) to work on /home/airflow/.local/lib/python3.7/site-packages/airflow/example_dags/example_trigger_target_dag.py
[2023-03-16T23:45:10.021+0000] {processor.py:743} INFO - Processing file /home/airflow/.local/lib/python3.7/site-packages/airflow/example_dags/example_trigger_target_dag.py for tasks to queue
[2023-03-16T23:45:10.028+0000] {logging_mixin.py:137} INFO - [2023-03-16T23:45:10.027+0000] {dagbag.py:538} INFO - Filling up the DagBag from /home/airflow/.local/lib/python3.7/site-packages/airflow/example_dags/example_trigger_target_dag.py
[2023-03-16T23:45:10.137+0000] {processor.py:753} INFO - DAG(s) dict_keys(['example_trigger_target_dag']) retrieved from /home/airflow/.local/lib/python3.7/site-packages/airflow/example_dags/example_trigger_target_dag.py
[2023-03-16T23:45:10.283+0000] {logging_mixin.py:137} INFO - [2023-03-16T23:45:10.282+0000] {dag.py:2690} INFO - Sync 1 DAGs
[2023-03-16T23:45:10.475+0000] {logging_mixin.py:137} INFO - [2023-03-16T23:45:10.475+0000] {dag.py:3441} INFO - Setting next_dagrun for example_trigger_target_dag to None, run_after=None
[2023-03-16T23:45:10.663+0000] {processor.py:175} INFO - Processing /home/airflow/.local/lib/python3.7/site-packages/airflow/example_dags/example_trigger_target_dag.py took 0.664 seconds
[2023-03-16T23:45:40.968+0000] {processor.py:153} INFO - Started process (PID=1026) to work on /home/airflow/.local/lib/python3.7/site-packages/airflow/example_dags/example_trigger_target_dag.py
[2023-03-16T23:45:40.975+0000] {processor.py:743} INFO - Processing file /home/airflow/.local/lib/python3.7/site-packages/airflow/example_dags/example_trigger_target_dag.py for tasks to queue
[2023-03-16T23:45:40.986+0000] {logging_mixin.py:137} INFO - [2023-03-16T23:45:40.985+0000] {dagbag.py:538} INFO - Filling up the DagBag from /home/airflow/.local/lib/python3.7/site-packages/airflow/example_dags/example_trigger_target_dag.py
[2023-03-16T23:45:41.066+0000] {processor.py:753} INFO - DAG(s) dict_keys(['example_trigger_target_dag']) retrieved from /home/airflow/.local/lib/python3.7/site-packages/airflow/example_dags/example_trigger_target_dag.py
[2023-03-16T23:45:41.141+0000] {logging_mixin.py:137} INFO - [2023-03-16T23:45:41.141+0000] {dag.py:2690} INFO - Sync 1 DAGs
[2023-03-16T23:45:41.225+0000] {logging_mixin.py:137} INFO - [2023-03-16T23:45:41.224+0000] {dag.py:3441} INFO - Setting next_dagrun for example_trigger_target_dag to None, run_after=None
[2023-03-16T23:45:41.296+0000] {processor.py:175} INFO - Processing /home/airflow/.local/lib/python3.7/site-packages/airflow/example_dags/example_trigger_target_dag.py took 0.337 seconds
[2023-03-16T23:46:11.648+0000] {processor.py:153} INFO - Started process (PID=1099) to work on /home/airflow/.local/lib/python3.7/site-packages/airflow/example_dags/example_trigger_target_dag.py
[2023-03-16T23:46:11.650+0000] {processor.py:743} INFO - Processing file /home/airflow/.local/lib/python3.7/site-packages/airflow/example_dags/example_trigger_target_dag.py for tasks to queue
[2023-03-16T23:46:11.653+0000] {logging_mixin.py:137} INFO - [2023-03-16T23:46:11.653+0000] {dagbag.py:538} INFO - Filling up the DagBag from /home/airflow/.local/lib/python3.7/site-packages/airflow/example_dags/example_trigger_target_dag.py
[2023-03-16T23:46:11.714+0000] {processor.py:753} INFO - DAG(s) dict_keys(['example_trigger_target_dag']) retrieved from /home/airflow/.local/lib/python3.7/site-packages/airflow/example_dags/example_trigger_target_dag.py
[2023-03-16T23:46:11.815+0000] {logging_mixin.py:137} INFO - [2023-03-16T23:46:11.815+0000] {dag.py:2690} INFO - Sync 1 DAGs
[2023-03-16T23:46:11.944+0000] {logging_mixin.py:137} INFO - [2023-03-16T23:46:11.943+0000] {dag.py:3441} INFO - Setting next_dagrun for example_trigger_target_dag to None, run_after=None
[2023-03-16T23:46:12.048+0000] {processor.py:175} INFO - Processing /home/airflow/.local/lib/python3.7/site-packages/airflow/example_dags/example_trigger_target_dag.py took 0.411 seconds
[2023-03-16T23:46:43.038+0000] {processor.py:153} INFO - Started process (PID=1155) to work on /home/airflow/.local/lib/python3.7/site-packages/airflow/example_dags/example_trigger_target_dag.py
[2023-03-16T23:46:43.040+0000] {processor.py:743} INFO - Processing file /home/airflow/.local/lib/python3.7/site-packages/airflow/example_dags/example_trigger_target_dag.py for tasks to queue
[2023-03-16T23:46:43.042+0000] {logging_mixin.py:137} INFO - [2023-03-16T23:46:43.041+0000] {dagbag.py:538} INFO - Filling up the DagBag from /home/airflow/.local/lib/python3.7/site-packages/airflow/example_dags/example_trigger_target_dag.py
[2023-03-16T23:46:43.096+0000] {processor.py:753} INFO - DAG(s) dict_keys(['example_trigger_target_dag']) retrieved from /home/airflow/.local/lib/python3.7/site-packages/airflow/example_dags/example_trigger_target_dag.py
[2023-03-16T23:46:43.154+0000] {logging_mixin.py:137} INFO - [2023-03-16T23:46:43.154+0000] {dag.py:2690} INFO - Sync 1 DAGs
[2023-03-16T23:46:43.231+0000] {logging_mixin.py:137} INFO - [2023-03-16T23:46:43.230+0000] {dag.py:3441} INFO - Setting next_dagrun for example_trigger_target_dag to None, run_after=None
[2023-03-16T23:46:43.299+0000] {processor.py:175} INFO - Processing /home/airflow/.local/lib/python3.7/site-packages/airflow/example_dags/example_trigger_target_dag.py took 0.267 seconds
[2023-03-16T23:47:13.838+0000] {processor.py:153} INFO - Started process (PID=1228) to work on /home/airflow/.local/lib/python3.7/site-packages/airflow/example_dags/example_trigger_target_dag.py
[2023-03-16T23:47:13.842+0000] {processor.py:743} INFO - Processing file /home/airflow/.local/lib/python3.7/site-packages/airflow/example_dags/example_trigger_target_dag.py for tasks to queue
[2023-03-16T23:47:13.848+0000] {logging_mixin.py:137} INFO - [2023-03-16T23:47:13.847+0000] {dagbag.py:538} INFO - Filling up the DagBag from /home/airflow/.local/lib/python3.7/site-packages/airflow/example_dags/example_trigger_target_dag.py
[2023-03-16T23:47:13.894+0000] {processor.py:753} INFO - DAG(s) dict_keys(['example_trigger_target_dag']) retrieved from /home/airflow/.local/lib/python3.7/site-packages/airflow/example_dags/example_trigger_target_dag.py
[2023-03-16T23:47:13.983+0000] {logging_mixin.py:137} INFO - [2023-03-16T23:47:13.982+0000] {dag.py:2690} INFO - Sync 1 DAGs
[2023-03-16T23:47:14.044+0000] {logging_mixin.py:137} INFO - [2023-03-16T23:47:14.043+0000] {dag.py:3441} INFO - Setting next_dagrun for example_trigger_target_dag to None, run_after=None
[2023-03-16T23:47:14.129+0000] {processor.py:175} INFO - Processing /home/airflow/.local/lib/python3.7/site-packages/airflow/example_dags/example_trigger_target_dag.py took 0.298 seconds
[2023-03-16T23:47:44.476+0000] {processor.py:153} INFO - Started process (PID=1301) to work on /home/airflow/.local/lib/python3.7/site-packages/airflow/example_dags/example_trigger_target_dag.py
[2023-03-16T23:47:44.478+0000] {processor.py:743} INFO - Processing file /home/airflow/.local/lib/python3.7/site-packages/airflow/example_dags/example_trigger_target_dag.py for tasks to queue
[2023-03-16T23:47:44.480+0000] {logging_mixin.py:137} INFO - [2023-03-16T23:47:44.479+0000] {dagbag.py:538} INFO - Filling up the DagBag from /home/airflow/.local/lib/python3.7/site-packages/airflow/example_dags/example_trigger_target_dag.py
[2023-03-16T23:47:44.545+0000] {processor.py:753} INFO - DAG(s) dict_keys(['example_trigger_target_dag']) retrieved from /home/airflow/.local/lib/python3.7/site-packages/airflow/example_dags/example_trigger_target_dag.py
[2023-03-16T23:47:44.622+0000] {logging_mixin.py:137} INFO - [2023-03-16T23:47:44.621+0000] {dag.py:2690} INFO - Sync 1 DAGs
[2023-03-16T23:47:44.702+0000] {logging_mixin.py:137} INFO - [2023-03-16T23:47:44.702+0000] {dag.py:3441} INFO - Setting next_dagrun for example_trigger_target_dag to None, run_after=None
[2023-03-16T23:47:44.774+0000] {processor.py:175} INFO - Processing /home/airflow/.local/lib/python3.7/site-packages/airflow/example_dags/example_trigger_target_dag.py took 0.304 seconds
[2023-03-16T23:48:15.020+0000] {processor.py:153} INFO - Started process (PID=1374) to work on /home/airflow/.local/lib/python3.7/site-packages/airflow/example_dags/example_trigger_target_dag.py
[2023-03-16T23:48:15.022+0000] {processor.py:743} INFO - Processing file /home/airflow/.local/lib/python3.7/site-packages/airflow/example_dags/example_trigger_target_dag.py for tasks to queue
[2023-03-16T23:48:15.025+0000] {logging_mixin.py:137} INFO - [2023-03-16T23:48:15.024+0000] {dagbag.py:538} INFO - Filling up the DagBag from /home/airflow/.local/lib/python3.7/site-packages/airflow/example_dags/example_trigger_target_dag.py
[2023-03-16T23:48:15.120+0000] {processor.py:753} INFO - DAG(s) dict_keys(['example_trigger_target_dag']) retrieved from /home/airflow/.local/lib/python3.7/site-packages/airflow/example_dags/example_trigger_target_dag.py
[2023-03-16T23:48:15.209+0000] {logging_mixin.py:137} INFO - [2023-03-16T23:48:15.209+0000] {dag.py:2690} INFO - Sync 1 DAGs
[2023-03-16T23:48:15.271+0000] {logging_mixin.py:137} INFO - [2023-03-16T23:48:15.271+0000] {dag.py:3441} INFO - Setting next_dagrun for example_trigger_target_dag to None, run_after=None
[2023-03-16T23:48:15.313+0000] {processor.py:175} INFO - Processing /home/airflow/.local/lib/python3.7/site-packages/airflow/example_dags/example_trigger_target_dag.py took 0.299 seconds
[2023-03-16T23:48:45.373+0000] {processor.py:153} INFO - Started process (PID=1447) to work on /home/airflow/.local/lib/python3.7/site-packages/airflow/example_dags/example_trigger_target_dag.py
[2023-03-16T23:48:45.375+0000] {processor.py:743} INFO - Processing file /home/airflow/.local/lib/python3.7/site-packages/airflow/example_dags/example_trigger_target_dag.py for tasks to queue
[2023-03-16T23:48:45.377+0000] {logging_mixin.py:137} INFO - [2023-03-16T23:48:45.377+0000] {dagbag.py:538} INFO - Filling up the DagBag from /home/airflow/.local/lib/python3.7/site-packages/airflow/example_dags/example_trigger_target_dag.py
[2023-03-16T23:48:45.415+0000] {processor.py:753} INFO - DAG(s) dict_keys(['example_trigger_target_dag']) retrieved from /home/airflow/.local/lib/python3.7/site-packages/airflow/example_dags/example_trigger_target_dag.py
[2023-03-16T23:48:45.463+0000] {logging_mixin.py:137} INFO - [2023-03-16T23:48:45.462+0000] {dag.py:2690} INFO - Sync 1 DAGs
[2023-03-16T23:48:45.503+0000] {logging_mixin.py:137} INFO - [2023-03-16T23:48:45.503+0000] {dag.py:3441} INFO - Setting next_dagrun for example_trigger_target_dag to None, run_after=None
[2023-03-16T23:48:45.537+0000] {processor.py:175} INFO - Processing /home/airflow/.local/lib/python3.7/site-packages/airflow/example_dags/example_trigger_target_dag.py took 0.169 seconds
[2023-03-16T23:49:15.961+0000] {processor.py:153} INFO - Started process (PID=1520) to work on /home/airflow/.local/lib/python3.7/site-packages/airflow/example_dags/example_trigger_target_dag.py
[2023-03-16T23:49:15.963+0000] {processor.py:743} INFO - Processing file /home/airflow/.local/lib/python3.7/site-packages/airflow/example_dags/example_trigger_target_dag.py for tasks to queue
[2023-03-16T23:49:15.965+0000] {logging_mixin.py:137} INFO - [2023-03-16T23:49:15.964+0000] {dagbag.py:538} INFO - Filling up the DagBag from /home/airflow/.local/lib/python3.7/site-packages/airflow/example_dags/example_trigger_target_dag.py
[2023-03-16T23:49:16.000+0000] {processor.py:753} INFO - DAG(s) dict_keys(['example_trigger_target_dag']) retrieved from /home/airflow/.local/lib/python3.7/site-packages/airflow/example_dags/example_trigger_target_dag.py
[2023-03-16T23:49:16.036+0000] {logging_mixin.py:137} INFO - [2023-03-16T23:49:16.036+0000] {dag.py:2690} INFO - Sync 1 DAGs
[2023-03-16T23:49:16.087+0000] {logging_mixin.py:137} INFO - [2023-03-16T23:49:16.086+0000] {dag.py:3441} INFO - Setting next_dagrun for example_trigger_target_dag to None, run_after=None
[2023-03-16T23:49:16.122+0000] {processor.py:175} INFO - Processing /home/airflow/.local/lib/python3.7/site-packages/airflow/example_dags/example_trigger_target_dag.py took 0.166 seconds
[2023-03-16T23:49:47.404+0000] {processor.py:153} INFO - Started process (PID=1593) to work on /home/airflow/.local/lib/python3.7/site-packages/airflow/example_dags/example_trigger_target_dag.py
[2023-03-16T23:49:47.406+0000] {processor.py:743} INFO - Processing file /home/airflow/.local/lib/python3.7/site-packages/airflow/example_dags/example_trigger_target_dag.py for tasks to queue
[2023-03-16T23:49:47.408+0000] {logging_mixin.py:137} INFO - [2023-03-16T23:49:47.408+0000] {dagbag.py:538} INFO - Filling up the DagBag from /home/airflow/.local/lib/python3.7/site-packages/airflow/example_dags/example_trigger_target_dag.py
[2023-03-16T23:49:47.472+0000] {processor.py:753} INFO - DAG(s) dict_keys(['example_trigger_target_dag']) retrieved from /home/airflow/.local/lib/python3.7/site-packages/airflow/example_dags/example_trigger_target_dag.py
[2023-03-16T23:49:47.540+0000] {logging_mixin.py:137} INFO - [2023-03-16T23:49:47.539+0000] {dag.py:2690} INFO - Sync 1 DAGs
[2023-03-16T23:49:47.627+0000] {logging_mixin.py:137} INFO - [2023-03-16T23:49:47.627+0000] {dag.py:3441} INFO - Setting next_dagrun for example_trigger_target_dag to None, run_after=None
[2023-03-16T23:49:47.693+0000] {processor.py:175} INFO - Processing /home/airflow/.local/lib/python3.7/site-packages/airflow/example_dags/example_trigger_target_dag.py took 0.298 seconds
[2023-03-16T23:50:18.635+0000] {processor.py:153} INFO - Started process (PID=1666) to work on /home/airflow/.local/lib/python3.7/site-packages/airflow/example_dags/example_trigger_target_dag.py
[2023-03-16T23:50:18.641+0000] {processor.py:743} INFO - Processing file /home/airflow/.local/lib/python3.7/site-packages/airflow/example_dags/example_trigger_target_dag.py for tasks to queue
[2023-03-16T23:50:18.651+0000] {logging_mixin.py:137} INFO - [2023-03-16T23:50:18.650+0000] {dagbag.py:538} INFO - Filling up the DagBag from /home/airflow/.local/lib/python3.7/site-packages/airflow/example_dags/example_trigger_target_dag.py
[2023-03-16T23:50:18.817+0000] {processor.py:753} INFO - DAG(s) dict_keys(['example_trigger_target_dag']) retrieved from /home/airflow/.local/lib/python3.7/site-packages/airflow/example_dags/example_trigger_target_dag.py
[2023-03-16T23:50:18.905+0000] {logging_mixin.py:137} INFO - [2023-03-16T23:50:18.905+0000] {dag.py:2690} INFO - Sync 1 DAGs
[2023-03-16T23:50:19.061+0000] {logging_mixin.py:137} INFO - [2023-03-16T23:50:19.060+0000] {dag.py:3441} INFO - Setting next_dagrun for example_trigger_target_dag to None, run_after=None
[2023-03-16T23:50:19.161+0000] {processor.py:175} INFO - Processing /home/airflow/.local/lib/python3.7/site-packages/airflow/example_dags/example_trigger_target_dag.py took 0.549 seconds
[2023-03-16T23:50:49.558+0000] {processor.py:153} INFO - Started process (PID=1739) to work on /home/airflow/.local/lib/python3.7/site-packages/airflow/example_dags/example_trigger_target_dag.py
[2023-03-16T23:50:49.560+0000] {processor.py:743} INFO - Processing file /home/airflow/.local/lib/python3.7/site-packages/airflow/example_dags/example_trigger_target_dag.py for tasks to queue
[2023-03-16T23:50:49.562+0000] {logging_mixin.py:137} INFO - [2023-03-16T23:50:49.562+0000] {dagbag.py:538} INFO - Filling up the DagBag from /home/airflow/.local/lib/python3.7/site-packages/airflow/example_dags/example_trigger_target_dag.py
[2023-03-16T23:50:49.605+0000] {processor.py:753} INFO - DAG(s) dict_keys(['example_trigger_target_dag']) retrieved from /home/airflow/.local/lib/python3.7/site-packages/airflow/example_dags/example_trigger_target_dag.py
[2023-03-16T23:50:49.649+0000] {logging_mixin.py:137} INFO - [2023-03-16T23:50:49.649+0000] {dag.py:2690} INFO - Sync 1 DAGs
[2023-03-16T23:50:49.698+0000] {logging_mixin.py:137} INFO - [2023-03-16T23:50:49.698+0000] {dag.py:3441} INFO - Setting next_dagrun for example_trigger_target_dag to None, run_after=None
[2023-03-16T23:50:49.741+0000] {processor.py:175} INFO - Processing /home/airflow/.local/lib/python3.7/site-packages/airflow/example_dags/example_trigger_target_dag.py took 0.189 seconds
[2023-03-16T23:51:20.222+0000] {processor.py:153} INFO - Started process (PID=1812) to work on /home/airflow/.local/lib/python3.7/site-packages/airflow/example_dags/example_trigger_target_dag.py
[2023-03-16T23:51:20.225+0000] {processor.py:743} INFO - Processing file /home/airflow/.local/lib/python3.7/site-packages/airflow/example_dags/example_trigger_target_dag.py for tasks to queue
[2023-03-16T23:51:20.230+0000] {logging_mixin.py:137} INFO - [2023-03-16T23:51:20.230+0000] {dagbag.py:538} INFO - Filling up the DagBag from /home/airflow/.local/lib/python3.7/site-packages/airflow/example_dags/example_trigger_target_dag.py
[2023-03-16T23:51:20.295+0000] {processor.py:753} INFO - DAG(s) dict_keys(['example_trigger_target_dag']) retrieved from /home/airflow/.local/lib/python3.7/site-packages/airflow/example_dags/example_trigger_target_dag.py
[2023-03-16T23:51:20.387+0000] {logging_mixin.py:137} INFO - [2023-03-16T23:51:20.387+0000] {dag.py:2690} INFO - Sync 1 DAGs
[2023-03-16T23:51:20.452+0000] {logging_mixin.py:137} INFO - [2023-03-16T23:51:20.452+0000] {dag.py:3441} INFO - Setting next_dagrun for example_trigger_target_dag to None, run_after=None
[2023-03-16T23:51:20.480+0000] {processor.py:175} INFO - Processing /home/airflow/.local/lib/python3.7/site-packages/airflow/example_dags/example_trigger_target_dag.py took 0.265 seconds
[2023-03-16T23:51:51.231+0000] {processor.py:153} INFO - Started process (PID=1886) to work on /home/airflow/.local/lib/python3.7/site-packages/airflow/example_dags/example_trigger_target_dag.py
[2023-03-16T23:51:51.233+0000] {processor.py:743} INFO - Processing file /home/airflow/.local/lib/python3.7/site-packages/airflow/example_dags/example_trigger_target_dag.py for tasks to queue
[2023-03-16T23:51:51.235+0000] {logging_mixin.py:137} INFO - [2023-03-16T23:51:51.235+0000] {dagbag.py:538} INFO - Filling up the DagBag from /home/airflow/.local/lib/python3.7/site-packages/airflow/example_dags/example_trigger_target_dag.py
[2023-03-16T23:51:51.278+0000] {processor.py:753} INFO - DAG(s) dict_keys(['example_trigger_target_dag']) retrieved from /home/airflow/.local/lib/python3.7/site-packages/airflow/example_dags/example_trigger_target_dag.py
[2023-03-16T23:51:51.325+0000] {logging_mixin.py:137} INFO - [2023-03-16T23:51:51.325+0000] {dag.py:2690} INFO - Sync 1 DAGs
[2023-03-16T23:51:51.370+0000] {logging_mixin.py:137} INFO - [2023-03-16T23:51:51.369+0000] {dag.py:3441} INFO - Setting next_dagrun for example_trigger_target_dag to None, run_after=None
[2023-03-16T23:51:51.413+0000] {processor.py:175} INFO - Processing /home/airflow/.local/lib/python3.7/site-packages/airflow/example_dags/example_trigger_target_dag.py took 0.187 seconds
[2023-03-16T23:52:22.472+0000] {processor.py:153} INFO - Started process (PID=1959) to work on /home/airflow/.local/lib/python3.7/site-packages/airflow/example_dags/example_trigger_target_dag.py
[2023-03-16T23:52:22.475+0000] {processor.py:743} INFO - Processing file /home/airflow/.local/lib/python3.7/site-packages/airflow/example_dags/example_trigger_target_dag.py for tasks to queue
[2023-03-16T23:52:22.482+0000] {logging_mixin.py:137} INFO - [2023-03-16T23:52:22.482+0000] {dagbag.py:538} INFO - Filling up the DagBag from /home/airflow/.local/lib/python3.7/site-packages/airflow/example_dags/example_trigger_target_dag.py
[2023-03-16T23:52:22.559+0000] {processor.py:753} INFO - DAG(s) dict_keys(['example_trigger_target_dag']) retrieved from /home/airflow/.local/lib/python3.7/site-packages/airflow/example_dags/example_trigger_target_dag.py
[2023-03-16T23:52:22.627+0000] {logging_mixin.py:137} INFO - [2023-03-16T23:52:22.627+0000] {dag.py:2690} INFO - Sync 1 DAGs
[2023-03-16T23:52:22.701+0000] {logging_mixin.py:137} INFO - [2023-03-16T23:52:22.700+0000] {dag.py:3441} INFO - Setting next_dagrun for example_trigger_target_dag to None, run_after=None
[2023-03-16T23:52:22.852+0000] {processor.py:175} INFO - Processing /home/airflow/.local/lib/python3.7/site-packages/airflow/example_dags/example_trigger_target_dag.py took 0.394 seconds
[2023-03-16T23:52:53.547+0000] {processor.py:153} INFO - Started process (PID=2032) to work on /home/airflow/.local/lib/python3.7/site-packages/airflow/example_dags/example_trigger_target_dag.py
[2023-03-16T23:52:53.549+0000] {processor.py:743} INFO - Processing file /home/airflow/.local/lib/python3.7/site-packages/airflow/example_dags/example_trigger_target_dag.py for tasks to queue
[2023-03-16T23:52:53.550+0000] {logging_mixin.py:137} INFO - [2023-03-16T23:52:53.550+0000] {dagbag.py:538} INFO - Filling up the DagBag from /home/airflow/.local/lib/python3.7/site-packages/airflow/example_dags/example_trigger_target_dag.py
[2023-03-16T23:52:53.586+0000] {processor.py:753} INFO - DAG(s) dict_keys(['example_trigger_target_dag']) retrieved from /home/airflow/.local/lib/python3.7/site-packages/airflow/example_dags/example_trigger_target_dag.py
[2023-03-16T23:52:53.646+0000] {logging_mixin.py:137} INFO - [2023-03-16T23:52:53.646+0000] {dag.py:2690} INFO - Sync 1 DAGs
[2023-03-16T23:52:53.695+0000] {logging_mixin.py:137} INFO - [2023-03-16T23:52:53.694+0000] {dag.py:3441} INFO - Setting next_dagrun for example_trigger_target_dag to None, run_after=None
[2023-03-16T23:52:53.736+0000] {processor.py:175} INFO - Processing /home/airflow/.local/lib/python3.7/site-packages/airflow/example_dags/example_trigger_target_dag.py took 0.194 seconds
[2023-03-16T23:53:24.267+0000] {processor.py:153} INFO - Started process (PID=2105) to work on /home/airflow/.local/lib/python3.7/site-packages/airflow/example_dags/example_trigger_target_dag.py
[2023-03-16T23:53:24.269+0000] {processor.py:743} INFO - Processing file /home/airflow/.local/lib/python3.7/site-packages/airflow/example_dags/example_trigger_target_dag.py for tasks to queue
[2023-03-16T23:53:24.271+0000] {logging_mixin.py:137} INFO - [2023-03-16T23:53:24.271+0000] {dagbag.py:538} INFO - Filling up the DagBag from /home/airflow/.local/lib/python3.7/site-packages/airflow/example_dags/example_trigger_target_dag.py
[2023-03-16T23:53:24.348+0000] {processor.py:753} INFO - DAG(s) dict_keys(['example_trigger_target_dag']) retrieved from /home/airflow/.local/lib/python3.7/site-packages/airflow/example_dags/example_trigger_target_dag.py
[2023-03-16T23:53:24.452+0000] {logging_mixin.py:137} INFO - [2023-03-16T23:53:24.452+0000] {dag.py:2690} INFO - Sync 1 DAGs
[2023-03-16T23:53:24.560+0000] {logging_mixin.py:137} INFO - [2023-03-16T23:53:24.559+0000] {dag.py:3441} INFO - Setting next_dagrun for example_trigger_target_dag to None, run_after=None
[2023-03-16T23:53:24.630+0000] {processor.py:175} INFO - Processing /home/airflow/.local/lib/python3.7/site-packages/airflow/example_dags/example_trigger_target_dag.py took 0.377 seconds
[2023-03-16T23:53:55.452+0000] {processor.py:153} INFO - Started process (PID=2178) to work on /home/airflow/.local/lib/python3.7/site-packages/airflow/example_dags/example_trigger_target_dag.py
[2023-03-16T23:53:55.454+0000] {processor.py:743} INFO - Processing file /home/airflow/.local/lib/python3.7/site-packages/airflow/example_dags/example_trigger_target_dag.py for tasks to queue
[2023-03-16T23:53:55.455+0000] {logging_mixin.py:137} INFO - [2023-03-16T23:53:55.455+0000] {dagbag.py:538} INFO - Filling up the DagBag from /home/airflow/.local/lib/python3.7/site-packages/airflow/example_dags/example_trigger_target_dag.py
[2023-03-16T23:53:55.498+0000] {processor.py:753} INFO - DAG(s) dict_keys(['example_trigger_target_dag']) retrieved from /home/airflow/.local/lib/python3.7/site-packages/airflow/example_dags/example_trigger_target_dag.py
[2023-03-16T23:53:55.547+0000] {logging_mixin.py:137} INFO - [2023-03-16T23:53:55.546+0000] {dag.py:2690} INFO - Sync 1 DAGs
[2023-03-16T23:53:55.605+0000] {logging_mixin.py:137} INFO - [2023-03-16T23:53:55.605+0000] {dag.py:3441} INFO - Setting next_dagrun for example_trigger_target_dag to None, run_after=None
[2023-03-16T23:53:55.674+0000] {processor.py:175} INFO - Processing /home/airflow/.local/lib/python3.7/site-packages/airflow/example_dags/example_trigger_target_dag.py took 0.229 seconds
[2023-03-16T23:54:26.069+0000] {processor.py:153} INFO - Started process (PID=2251) to work on /home/airflow/.local/lib/python3.7/site-packages/airflow/example_dags/example_trigger_target_dag.py
[2023-03-16T23:54:26.071+0000] {processor.py:743} INFO - Processing file /home/airflow/.local/lib/python3.7/site-packages/airflow/example_dags/example_trigger_target_dag.py for tasks to queue
[2023-03-16T23:54:26.073+0000] {logging_mixin.py:137} INFO - [2023-03-16T23:54:26.073+0000] {dagbag.py:538} INFO - Filling up the DagBag from /home/airflow/.local/lib/python3.7/site-packages/airflow/example_dags/example_trigger_target_dag.py
[2023-03-16T23:54:26.114+0000] {processor.py:753} INFO - DAG(s) dict_keys(['example_trigger_target_dag']) retrieved from /home/airflow/.local/lib/python3.7/site-packages/airflow/example_dags/example_trigger_target_dag.py
[2023-03-16T23:54:26.158+0000] {logging_mixin.py:137} INFO - [2023-03-16T23:54:26.157+0000] {dag.py:2690} INFO - Sync 1 DAGs
[2023-03-16T23:54:26.203+0000] {logging_mixin.py:137} INFO - [2023-03-16T23:54:26.202+0000] {dag.py:3441} INFO - Setting next_dagrun for example_trigger_target_dag to None, run_after=None
[2023-03-16T23:54:26.239+0000] {processor.py:175} INFO - Processing /home/airflow/.local/lib/python3.7/site-packages/airflow/example_dags/example_trigger_target_dag.py took 0.173 seconds
[2023-03-16T23:54:56.621+0000] {processor.py:153} INFO - Started process (PID=2324) to work on /home/airflow/.local/lib/python3.7/site-packages/airflow/example_dags/example_trigger_target_dag.py
[2023-03-16T23:54:56.623+0000] {processor.py:743} INFO - Processing file /home/airflow/.local/lib/python3.7/site-packages/airflow/example_dags/example_trigger_target_dag.py for tasks to queue
[2023-03-16T23:54:56.625+0000] {logging_mixin.py:137} INFO - [2023-03-16T23:54:56.625+0000] {dagbag.py:538} INFO - Filling up the DagBag from /home/airflow/.local/lib/python3.7/site-packages/airflow/example_dags/example_trigger_target_dag.py
[2023-03-16T23:54:56.673+0000] {processor.py:753} INFO - DAG(s) dict_keys(['example_trigger_target_dag']) retrieved from /home/airflow/.local/lib/python3.7/site-packages/airflow/example_dags/example_trigger_target_dag.py
[2023-03-16T23:54:56.727+0000] {logging_mixin.py:137} INFO - [2023-03-16T23:54:56.727+0000] {dag.py:2690} INFO - Sync 1 DAGs
[2023-03-16T23:54:56.794+0000] {logging_mixin.py:137} INFO - [2023-03-16T23:54:56.793+0000] {dag.py:3441} INFO - Setting next_dagrun for example_trigger_target_dag to None, run_after=None
[2023-03-16T23:54:56.834+0000] {processor.py:175} INFO - Processing /home/airflow/.local/lib/python3.7/site-packages/airflow/example_dags/example_trigger_target_dag.py took 0.217 seconds
[2023-03-16T23:55:26.929+0000] {processor.py:153} INFO - Started process (PID=2397) to work on /home/airflow/.local/lib/python3.7/site-packages/airflow/example_dags/example_trigger_target_dag.py
[2023-03-16T23:55:26.931+0000] {processor.py:743} INFO - Processing file /home/airflow/.local/lib/python3.7/site-packages/airflow/example_dags/example_trigger_target_dag.py for tasks to queue
[2023-03-16T23:55:26.933+0000] {logging_mixin.py:137} INFO - [2023-03-16T23:55:26.933+0000] {dagbag.py:538} INFO - Filling up the DagBag from /home/airflow/.local/lib/python3.7/site-packages/airflow/example_dags/example_trigger_target_dag.py
[2023-03-16T23:55:26.971+0000] {processor.py:753} INFO - DAG(s) dict_keys(['example_trigger_target_dag']) retrieved from /home/airflow/.local/lib/python3.7/site-packages/airflow/example_dags/example_trigger_target_dag.py
[2023-03-16T23:55:27.014+0000] {logging_mixin.py:137} INFO - [2023-03-16T23:55:27.014+0000] {dag.py:2690} INFO - Sync 1 DAGs
[2023-03-16T23:55:27.069+0000] {logging_mixin.py:137} INFO - [2023-03-16T23:55:27.068+0000] {dag.py:3441} INFO - Setting next_dagrun for example_trigger_target_dag to None, run_after=None
[2023-03-16T23:55:27.112+0000] {processor.py:175} INFO - Processing /home/airflow/.local/lib/python3.7/site-packages/airflow/example_dags/example_trigger_target_dag.py took 0.188 seconds
[2023-03-16T23:55:57.722+0000] {processor.py:153} INFO - Started process (PID=2470) to work on /home/airflow/.local/lib/python3.7/site-packages/airflow/example_dags/example_trigger_target_dag.py
[2023-03-16T23:55:57.726+0000] {processor.py:743} INFO - Processing file /home/airflow/.local/lib/python3.7/site-packages/airflow/example_dags/example_trigger_target_dag.py for tasks to queue
[2023-03-16T23:55:57.728+0000] {logging_mixin.py:137} INFO - [2023-03-16T23:55:57.728+0000] {dagbag.py:538} INFO - Filling up the DagBag from /home/airflow/.local/lib/python3.7/site-packages/airflow/example_dags/example_trigger_target_dag.py
[2023-03-16T23:55:57.814+0000] {processor.py:753} INFO - DAG(s) dict_keys(['example_trigger_target_dag']) retrieved from /home/airflow/.local/lib/python3.7/site-packages/airflow/example_dags/example_trigger_target_dag.py
[2023-03-16T23:55:57.896+0000] {logging_mixin.py:137} INFO - [2023-03-16T23:55:57.895+0000] {dag.py:2690} INFO - Sync 1 DAGs
[2023-03-16T23:55:57.967+0000] {logging_mixin.py:137} INFO - [2023-03-16T23:55:57.967+0000] {dag.py:3441} INFO - Setting next_dagrun for example_trigger_target_dag to None, run_after=None
[2023-03-16T23:55:58.017+0000] {processor.py:175} INFO - Processing /home/airflow/.local/lib/python3.7/site-packages/airflow/example_dags/example_trigger_target_dag.py took 0.301 seconds
[2023-03-16T23:56:28.179+0000] {processor.py:153} INFO - Started process (PID=2543) to work on /home/airflow/.local/lib/python3.7/site-packages/airflow/example_dags/example_trigger_target_dag.py
[2023-03-16T23:56:28.181+0000] {processor.py:743} INFO - Processing file /home/airflow/.local/lib/python3.7/site-packages/airflow/example_dags/example_trigger_target_dag.py for tasks to queue
[2023-03-16T23:56:28.183+0000] {logging_mixin.py:137} INFO - [2023-03-16T23:56:28.182+0000] {dagbag.py:538} INFO - Filling up the DagBag from /home/airflow/.local/lib/python3.7/site-packages/airflow/example_dags/example_trigger_target_dag.py
[2023-03-16T23:56:28.232+0000] {processor.py:753} INFO - DAG(s) dict_keys(['example_trigger_target_dag']) retrieved from /home/airflow/.local/lib/python3.7/site-packages/airflow/example_dags/example_trigger_target_dag.py
[2023-03-16T23:56:28.283+0000] {logging_mixin.py:137} INFO - [2023-03-16T23:56:28.283+0000] {dag.py:2690} INFO - Sync 1 DAGs
[2023-03-16T23:56:28.331+0000] {logging_mixin.py:137} INFO - [2023-03-16T23:56:28.331+0000] {dag.py:3441} INFO - Setting next_dagrun for example_trigger_target_dag to None, run_after=None
[2023-03-16T23:56:28.371+0000] {processor.py:175} INFO - Processing /home/airflow/.local/lib/python3.7/site-packages/airflow/example_dags/example_trigger_target_dag.py took 0.198 seconds
[2023-03-16T23:56:58.539+0000] {processor.py:153} INFO - Started process (PID=2618) to work on /home/airflow/.local/lib/python3.7/site-packages/airflow/example_dags/example_trigger_target_dag.py
[2023-03-16T23:56:58.541+0000] {processor.py:743} INFO - Processing file /home/airflow/.local/lib/python3.7/site-packages/airflow/example_dags/example_trigger_target_dag.py for tasks to queue
[2023-03-16T23:56:58.542+0000] {logging_mixin.py:137} INFO - [2023-03-16T23:56:58.542+0000] {dagbag.py:538} INFO - Filling up the DagBag from /home/airflow/.local/lib/python3.7/site-packages/airflow/example_dags/example_trigger_target_dag.py
[2023-03-16T23:56:58.581+0000] {processor.py:753} INFO - DAG(s) dict_keys(['example_trigger_target_dag']) retrieved from /home/airflow/.local/lib/python3.7/site-packages/airflow/example_dags/example_trigger_target_dag.py
[2023-03-16T23:56:58.626+0000] {logging_mixin.py:137} INFO - [2023-03-16T23:56:58.626+0000] {dag.py:2690} INFO - Sync 1 DAGs
[2023-03-16T23:56:58.674+0000] {logging_mixin.py:137} INFO - [2023-03-16T23:56:58.674+0000] {dag.py:3441} INFO - Setting next_dagrun for example_trigger_target_dag to None, run_after=None
[2023-03-16T23:56:58.710+0000] {processor.py:175} INFO - Processing /home/airflow/.local/lib/python3.7/site-packages/airflow/example_dags/example_trigger_target_dag.py took 0.175 seconds
[2023-03-16T23:57:29.398+0000] {processor.py:153} INFO - Started process (PID=2702) to work on /home/airflow/.local/lib/python3.7/site-packages/airflow/example_dags/example_trigger_target_dag.py
[2023-03-16T23:57:29.400+0000] {processor.py:743} INFO - Processing file /home/airflow/.local/lib/python3.7/site-packages/airflow/example_dags/example_trigger_target_dag.py for tasks to queue
[2023-03-16T23:57:29.401+0000] {logging_mixin.py:137} INFO - [2023-03-16T23:57:29.401+0000] {dagbag.py:538} INFO - Filling up the DagBag from /home/airflow/.local/lib/python3.7/site-packages/airflow/example_dags/example_trigger_target_dag.py
[2023-03-16T23:57:29.439+0000] {processor.py:753} INFO - DAG(s) dict_keys(['example_trigger_target_dag']) retrieved from /home/airflow/.local/lib/python3.7/site-packages/airflow/example_dags/example_trigger_target_dag.py
[2023-03-16T23:57:29.482+0000] {logging_mixin.py:137} INFO - [2023-03-16T23:57:29.482+0000] {dag.py:2690} INFO - Sync 1 DAGs
[2023-03-16T23:57:29.539+0000] {logging_mixin.py:137} INFO - [2023-03-16T23:57:29.539+0000] {dag.py:3441} INFO - Setting next_dagrun for example_trigger_target_dag to None, run_after=None
[2023-03-16T23:57:29.570+0000] {processor.py:175} INFO - Processing /home/airflow/.local/lib/python3.7/site-packages/airflow/example_dags/example_trigger_target_dag.py took 0.177 seconds
[2023-03-16T23:57:59.696+0000] {processor.py:153} INFO - Started process (PID=2782) to work on /home/airflow/.local/lib/python3.7/site-packages/airflow/example_dags/example_trigger_target_dag.py
[2023-03-16T23:57:59.698+0000] {processor.py:743} INFO - Processing file /home/airflow/.local/lib/python3.7/site-packages/airflow/example_dags/example_trigger_target_dag.py for tasks to queue
[2023-03-16T23:57:59.701+0000] {logging_mixin.py:137} INFO - [2023-03-16T23:57:59.701+0000] {dagbag.py:538} INFO - Filling up the DagBag from /home/airflow/.local/lib/python3.7/site-packages/airflow/example_dags/example_trigger_target_dag.py
[2023-03-16T23:57:59.740+0000] {processor.py:753} INFO - DAG(s) dict_keys(['example_trigger_target_dag']) retrieved from /home/airflow/.local/lib/python3.7/site-packages/airflow/example_dags/example_trigger_target_dag.py
[2023-03-16T23:57:59.797+0000] {logging_mixin.py:137} INFO - [2023-03-16T23:57:59.797+0000] {dag.py:2690} INFO - Sync 1 DAGs
[2023-03-16T23:57:59.897+0000] {logging_mixin.py:137} INFO - [2023-03-16T23:57:59.897+0000] {dag.py:3441} INFO - Setting next_dagrun for example_trigger_target_dag to None, run_after=None
[2023-03-16T23:58:00.007+0000] {processor.py:175} INFO - Processing /home/airflow/.local/lib/python3.7/site-packages/airflow/example_dags/example_trigger_target_dag.py took 0.317 seconds
[2023-03-16T23:58:30.194+0000] {processor.py:153} INFO - Started process (PID=2855) to work on /home/airflow/.local/lib/python3.7/site-packages/airflow/example_dags/example_trigger_target_dag.py
[2023-03-16T23:58:30.199+0000] {processor.py:743} INFO - Processing file /home/airflow/.local/lib/python3.7/site-packages/airflow/example_dags/example_trigger_target_dag.py for tasks to queue
[2023-03-16T23:58:30.201+0000] {logging_mixin.py:137} INFO - [2023-03-16T23:58:30.201+0000] {dagbag.py:538} INFO - Filling up the DagBag from /home/airflow/.local/lib/python3.7/site-packages/airflow/example_dags/example_trigger_target_dag.py
[2023-03-16T23:58:30.265+0000] {processor.py:753} INFO - DAG(s) dict_keys(['example_trigger_target_dag']) retrieved from /home/airflow/.local/lib/python3.7/site-packages/airflow/example_dags/example_trigger_target_dag.py
[2023-03-16T23:58:30.330+0000] {logging_mixin.py:137} INFO - [2023-03-16T23:58:30.330+0000] {dag.py:2690} INFO - Sync 1 DAGs
[2023-03-16T23:58:30.415+0000] {logging_mixin.py:137} INFO - [2023-03-16T23:58:30.414+0000] {dag.py:3441} INFO - Setting next_dagrun for example_trigger_target_dag to None, run_after=None
[2023-03-16T23:58:30.481+0000] {processor.py:175} INFO - Processing /home/airflow/.local/lib/python3.7/site-packages/airflow/example_dags/example_trigger_target_dag.py took 0.295 seconds
[2023-03-16T23:59:00.610+0000] {processor.py:153} INFO - Started process (PID=2927) to work on /home/airflow/.local/lib/python3.7/site-packages/airflow/example_dags/example_trigger_target_dag.py
[2023-03-16T23:59:00.612+0000] {processor.py:743} INFO - Processing file /home/airflow/.local/lib/python3.7/site-packages/airflow/example_dags/example_trigger_target_dag.py for tasks to queue
[2023-03-16T23:59:00.614+0000] {logging_mixin.py:137} INFO - [2023-03-16T23:59:00.613+0000] {dagbag.py:538} INFO - Filling up the DagBag from /home/airflow/.local/lib/python3.7/site-packages/airflow/example_dags/example_trigger_target_dag.py
[2023-03-16T23:59:00.667+0000] {processor.py:753} INFO - DAG(s) dict_keys(['example_trigger_target_dag']) retrieved from /home/airflow/.local/lib/python3.7/site-packages/airflow/example_dags/example_trigger_target_dag.py
[2023-03-16T23:59:00.731+0000] {logging_mixin.py:137} INFO - [2023-03-16T23:59:00.730+0000] {dag.py:2690} INFO - Sync 1 DAGs
[2023-03-16T23:59:00.807+0000] {logging_mixin.py:137} INFO - [2023-03-16T23:59:00.806+0000] {dag.py:3441} INFO - Setting next_dagrun for example_trigger_target_dag to None, run_after=None
[2023-03-16T23:59:00.875+0000] {processor.py:175} INFO - Processing /home/airflow/.local/lib/python3.7/site-packages/airflow/example_dags/example_trigger_target_dag.py took 0.272 seconds
[2023-03-16T23:59:31.457+0000] {processor.py:153} INFO - Started process (PID=3000) to work on /home/airflow/.local/lib/python3.7/site-packages/airflow/example_dags/example_trigger_target_dag.py
[2023-03-16T23:59:31.458+0000] {processor.py:743} INFO - Processing file /home/airflow/.local/lib/python3.7/site-packages/airflow/example_dags/example_trigger_target_dag.py for tasks to queue
[2023-03-16T23:59:31.460+0000] {logging_mixin.py:137} INFO - [2023-03-16T23:59:31.460+0000] {dagbag.py:538} INFO - Filling up the DagBag from /home/airflow/.local/lib/python3.7/site-packages/airflow/example_dags/example_trigger_target_dag.py
[2023-03-16T23:59:31.499+0000] {processor.py:753} INFO - DAG(s) dict_keys(['example_trigger_target_dag']) retrieved from /home/airflow/.local/lib/python3.7/site-packages/airflow/example_dags/example_trigger_target_dag.py
[2023-03-16T23:59:31.559+0000] {logging_mixin.py:137} INFO - [2023-03-16T23:59:31.558+0000] {dag.py:2690} INFO - Sync 1 DAGs
[2023-03-16T23:59:31.598+0000] {logging_mixin.py:137} INFO - [2023-03-16T23:59:31.598+0000] {dag.py:3441} INFO - Setting next_dagrun for example_trigger_target_dag to None, run_after=None
[2023-03-16T23:59:31.635+0000] {processor.py:175} INFO - Processing /home/airflow/.local/lib/python3.7/site-packages/airflow/example_dags/example_trigger_target_dag.py took 0.183 seconds
