[2023-03-16T23:38:45.476+0000] {processor.py:153} INFO - Started process (PID=111) to work on /home/airflow/.local/lib/python3.7/site-packages/airflow/example_dags/example_short_circuit_decorator.py
[2023-03-16T23:38:45.488+0000] {processor.py:743} INFO - Processing file /home/airflow/.local/lib/python3.7/site-packages/airflow/example_dags/example_short_circuit_decorator.py for tasks to queue
[2023-03-16T23:38:45.506+0000] {logging_mixin.py:137} INFO - [2023-03-16T23:38:45.506+0000] {dagbag.py:538} INFO - Filling up the DagBag from /home/airflow/.local/lib/python3.7/site-packages/airflow/example_dags/example_short_circuit_decorator.py
[2023-03-16T23:38:45.790+0000] {processor.py:753} INFO - DAG(s) dict_keys(['example_short_circuit_decorator']) retrieved from /home/airflow/.local/lib/python3.7/site-packages/airflow/example_dags/example_short_circuit_decorator.py
[2023-03-16T23:38:46.074+0000] {logging_mixin.py:137} INFO - [2023-03-16T23:38:46.073+0000] {dag.py:2690} INFO - Sync 1 DAGs
[2023-03-16T23:38:46.339+0000] {logging_mixin.py:137} INFO - [2023-03-16T23:38:46.339+0000] {dag.py:3441} INFO - Setting next_dagrun for example_short_circuit_decorator to 2023-03-15T23:38:46.338653+00:00, run_after=2023-03-16T23:38:46.338653+00:00
[2023-03-16T23:38:46.597+0000] {processor.py:175} INFO - Processing /home/airflow/.local/lib/python3.7/site-packages/airflow/example_dags/example_short_circuit_decorator.py took 1.139 seconds
[2023-03-16T23:39:17.017+0000] {processor.py:153} INFO - Started process (PID=176) to work on /home/airflow/.local/lib/python3.7/site-packages/airflow/example_dags/example_short_circuit_decorator.py
[2023-03-16T23:39:17.020+0000] {processor.py:743} INFO - Processing file /home/airflow/.local/lib/python3.7/site-packages/airflow/example_dags/example_short_circuit_decorator.py for tasks to queue
[2023-03-16T23:39:17.023+0000] {logging_mixin.py:137} INFO - [2023-03-16T23:39:17.022+0000] {dagbag.py:538} INFO - Filling up the DagBag from /home/airflow/.local/lib/python3.7/site-packages/airflow/example_dags/example_short_circuit_decorator.py
[2023-03-16T23:39:17.179+0000] {processor.py:753} INFO - DAG(s) dict_keys(['example_short_circuit_decorator']) retrieved from /home/airflow/.local/lib/python3.7/site-packages/airflow/example_dags/example_short_circuit_decorator.py
[2023-03-16T23:39:17.313+0000] {logging_mixin.py:137} INFO - [2023-03-16T23:39:17.313+0000] {dag.py:2690} INFO - Sync 1 DAGs
[2023-03-16T23:39:17.443+0000] {logging_mixin.py:137} INFO - [2023-03-16T23:39:17.443+0000] {dag.py:3441} INFO - Setting next_dagrun for example_short_circuit_decorator to 2023-03-15T23:39:17.442911+00:00, run_after=2023-03-16T23:39:17.442911+00:00
[2023-03-16T23:39:17.545+0000] {processor.py:175} INFO - Processing /home/airflow/.local/lib/python3.7/site-packages/airflow/example_dags/example_short_circuit_decorator.py took 0.544 seconds
[2023-03-16T23:39:48.451+0000] {processor.py:153} INFO - Started process (PID=249) to work on /home/airflow/.local/lib/python3.7/site-packages/airflow/example_dags/example_short_circuit_decorator.py
[2023-03-16T23:39:48.454+0000] {processor.py:743} INFO - Processing file /home/airflow/.local/lib/python3.7/site-packages/airflow/example_dags/example_short_circuit_decorator.py for tasks to queue
[2023-03-16T23:39:48.458+0000] {logging_mixin.py:137} INFO - [2023-03-16T23:39:48.457+0000] {dagbag.py:538} INFO - Filling up the DagBag from /home/airflow/.local/lib/python3.7/site-packages/airflow/example_dags/example_short_circuit_decorator.py
[2023-03-16T23:39:48.534+0000] {processor.py:753} INFO - DAG(s) dict_keys(['example_short_circuit_decorator']) retrieved from /home/airflow/.local/lib/python3.7/site-packages/airflow/example_dags/example_short_circuit_decorator.py
[2023-03-16T23:39:48.605+0000] {logging_mixin.py:137} INFO - [2023-03-16T23:39:48.603+0000] {dag.py:2690} INFO - Sync 1 DAGs
[2023-03-16T23:39:48.719+0000] {logging_mixin.py:137} INFO - [2023-03-16T23:39:48.719+0000] {dag.py:3441} INFO - Setting next_dagrun for example_short_circuit_decorator to 2023-03-15T23:39:48.718834+00:00, run_after=2023-03-16T23:39:48.718834+00:00
[2023-03-16T23:39:48.804+0000] {processor.py:175} INFO - Processing /home/airflow/.local/lib/python3.7/site-packages/airflow/example_dags/example_short_circuit_decorator.py took 0.361 seconds
[2023-03-16T23:40:19.034+0000] {processor.py:153} INFO - Started process (PID=323) to work on /home/airflow/.local/lib/python3.7/site-packages/airflow/example_dags/example_short_circuit_decorator.py
[2023-03-16T23:40:19.038+0000] {processor.py:743} INFO - Processing file /home/airflow/.local/lib/python3.7/site-packages/airflow/example_dags/example_short_circuit_decorator.py for tasks to queue
[2023-03-16T23:40:19.042+0000] {logging_mixin.py:137} INFO - [2023-03-16T23:40:19.042+0000] {dagbag.py:538} INFO - Filling up the DagBag from /home/airflow/.local/lib/python3.7/site-packages/airflow/example_dags/example_short_circuit_decorator.py
[2023-03-16T23:40:19.127+0000] {processor.py:753} INFO - DAG(s) dict_keys(['example_short_circuit_decorator']) retrieved from /home/airflow/.local/lib/python3.7/site-packages/airflow/example_dags/example_short_circuit_decorator.py
[2023-03-16T23:40:19.316+0000] {logging_mixin.py:137} INFO - [2023-03-16T23:40:19.316+0000] {dag.py:2690} INFO - Sync 1 DAGs
[2023-03-16T23:40:19.469+0000] {logging_mixin.py:137} INFO - [2023-03-16T23:40:19.469+0000] {dag.py:3441} INFO - Setting next_dagrun for example_short_circuit_decorator to 2023-03-15T23:40:19.468654+00:00, run_after=2023-03-16T23:40:19.468654+00:00
[2023-03-16T23:40:19.628+0000] {processor.py:175} INFO - Processing /home/airflow/.local/lib/python3.7/site-packages/airflow/example_dags/example_short_circuit_decorator.py took 0.606 seconds
[2023-03-16T23:40:49.879+0000] {processor.py:153} INFO - Started process (PID=388) to work on /home/airflow/.local/lib/python3.7/site-packages/airflow/example_dags/example_short_circuit_decorator.py
[2023-03-16T23:40:49.892+0000] {processor.py:743} INFO - Processing file /home/airflow/.local/lib/python3.7/site-packages/airflow/example_dags/example_short_circuit_decorator.py for tasks to queue
[2023-03-16T23:40:49.927+0000] {logging_mixin.py:137} INFO - [2023-03-16T23:40:49.927+0000] {dagbag.py:538} INFO - Filling up the DagBag from /home/airflow/.local/lib/python3.7/site-packages/airflow/example_dags/example_short_circuit_decorator.py
[2023-03-16T23:40:50.045+0000] {processor.py:753} INFO - DAG(s) dict_keys(['example_short_circuit_decorator']) retrieved from /home/airflow/.local/lib/python3.7/site-packages/airflow/example_dags/example_short_circuit_decorator.py
[2023-03-16T23:40:50.152+0000] {logging_mixin.py:137} INFO - [2023-03-16T23:40:50.152+0000] {dag.py:2690} INFO - Sync 1 DAGs
[2023-03-16T23:40:50.240+0000] {logging_mixin.py:137} INFO - [2023-03-16T23:40:50.240+0000] {dag.py:3441} INFO - Setting next_dagrun for example_short_circuit_decorator to 2023-03-15T23:40:50.239654+00:00, run_after=2023-03-16T23:40:50.239654+00:00
[2023-03-16T23:40:50.333+0000] {processor.py:175} INFO - Processing /home/airflow/.local/lib/python3.7/site-packages/airflow/example_dags/example_short_circuit_decorator.py took 0.460 seconds
[2023-03-16T23:41:20.618+0000] {processor.py:153} INFO - Started process (PID=454) to work on /home/airflow/.local/lib/python3.7/site-packages/airflow/example_dags/example_short_circuit_decorator.py
[2023-03-16T23:41:20.621+0000] {processor.py:743} INFO - Processing file /home/airflow/.local/lib/python3.7/site-packages/airflow/example_dags/example_short_circuit_decorator.py for tasks to queue
[2023-03-16T23:41:20.623+0000] {logging_mixin.py:137} INFO - [2023-03-16T23:41:20.623+0000] {dagbag.py:538} INFO - Filling up the DagBag from /home/airflow/.local/lib/python3.7/site-packages/airflow/example_dags/example_short_circuit_decorator.py
[2023-03-16T23:41:20.785+0000] {processor.py:753} INFO - DAG(s) dict_keys(['example_short_circuit_decorator']) retrieved from /home/airflow/.local/lib/python3.7/site-packages/airflow/example_dags/example_short_circuit_decorator.py
[2023-03-16T23:41:20.919+0000] {logging_mixin.py:137} INFO - [2023-03-16T23:41:20.919+0000] {dag.py:2690} INFO - Sync 1 DAGs
[2023-03-16T23:41:21.045+0000] {logging_mixin.py:137} INFO - [2023-03-16T23:41:21.044+0000] {dag.py:3441} INFO - Setting next_dagrun for example_short_circuit_decorator to 2023-03-15T23:41:21.044353+00:00, run_after=2023-03-16T23:41:21.044353+00:00
[2023-03-16T23:41:21.112+0000] {processor.py:175} INFO - Processing /home/airflow/.local/lib/python3.7/site-packages/airflow/example_dags/example_short_circuit_decorator.py took 0.511 seconds
[2023-03-16T23:41:51.994+0000] {processor.py:153} INFO - Started process (PID=527) to work on /home/airflow/.local/lib/python3.7/site-packages/airflow/example_dags/example_short_circuit_decorator.py
[2023-03-16T23:41:51.997+0000] {processor.py:743} INFO - Processing file /home/airflow/.local/lib/python3.7/site-packages/airflow/example_dags/example_short_circuit_decorator.py for tasks to queue
[2023-03-16T23:41:52.000+0000] {logging_mixin.py:137} INFO - [2023-03-16T23:41:52.000+0000] {dagbag.py:538} INFO - Filling up the DagBag from /home/airflow/.local/lib/python3.7/site-packages/airflow/example_dags/example_short_circuit_decorator.py
[2023-03-16T23:41:52.087+0000] {processor.py:753} INFO - DAG(s) dict_keys(['example_short_circuit_decorator']) retrieved from /home/airflow/.local/lib/python3.7/site-packages/airflow/example_dags/example_short_circuit_decorator.py
[2023-03-16T23:41:52.182+0000] {logging_mixin.py:137} INFO - [2023-03-16T23:41:52.182+0000] {dag.py:2690} INFO - Sync 1 DAGs
[2023-03-16T23:41:52.244+0000] {logging_mixin.py:137} INFO - [2023-03-16T23:41:52.244+0000] {dag.py:3441} INFO - Setting next_dagrun for example_short_circuit_decorator to 2023-03-15T23:41:52.243630+00:00, run_after=2023-03-16T23:41:52.243630+00:00
[2023-03-16T23:41:52.322+0000] {processor.py:175} INFO - Processing /home/airflow/.local/lib/python3.7/site-packages/airflow/example_dags/example_short_circuit_decorator.py took 0.340 seconds
[2023-03-16T23:42:23.212+0000] {processor.py:153} INFO - Started process (PID=601) to work on /home/airflow/.local/lib/python3.7/site-packages/airflow/example_dags/example_short_circuit_decorator.py
[2023-03-16T23:42:23.236+0000] {processor.py:743} INFO - Processing file /home/airflow/.local/lib/python3.7/site-packages/airflow/example_dags/example_short_circuit_decorator.py for tasks to queue
[2023-03-16T23:42:23.240+0000] {logging_mixin.py:137} INFO - [2023-03-16T23:42:23.240+0000] {dagbag.py:538} INFO - Filling up the DagBag from /home/airflow/.local/lib/python3.7/site-packages/airflow/example_dags/example_short_circuit_decorator.py
[2023-03-16T23:42:23.375+0000] {processor.py:753} INFO - DAG(s) dict_keys(['example_short_circuit_decorator']) retrieved from /home/airflow/.local/lib/python3.7/site-packages/airflow/example_dags/example_short_circuit_decorator.py
[2023-03-16T23:42:23.515+0000] {logging_mixin.py:137} INFO - [2023-03-16T23:42:23.514+0000] {dag.py:2690} INFO - Sync 1 DAGs
[2023-03-16T23:42:23.662+0000] {logging_mixin.py:137} INFO - [2023-03-16T23:42:23.662+0000] {dag.py:3441} INFO - Setting next_dagrun for example_short_circuit_decorator to 2023-03-15T23:42:23.661481+00:00, run_after=2023-03-16T23:42:23.661481+00:00
[2023-03-16T23:42:23.815+0000] {processor.py:175} INFO - Processing /home/airflow/.local/lib/python3.7/site-packages/airflow/example_dags/example_short_circuit_decorator.py took 0.610 seconds
[2023-03-16T23:42:54.453+0000] {processor.py:153} INFO - Started process (PID=667) to work on /home/airflow/.local/lib/python3.7/site-packages/airflow/example_dags/example_short_circuit_decorator.py
[2023-03-16T23:42:54.459+0000] {processor.py:743} INFO - Processing file /home/airflow/.local/lib/python3.7/site-packages/airflow/example_dags/example_short_circuit_decorator.py for tasks to queue
[2023-03-16T23:42:54.462+0000] {logging_mixin.py:137} INFO - [2023-03-16T23:42:54.462+0000] {dagbag.py:538} INFO - Filling up the DagBag from /home/airflow/.local/lib/python3.7/site-packages/airflow/example_dags/example_short_circuit_decorator.py
[2023-03-16T23:42:54.541+0000] {processor.py:753} INFO - DAG(s) dict_keys(['example_short_circuit_decorator']) retrieved from /home/airflow/.local/lib/python3.7/site-packages/airflow/example_dags/example_short_circuit_decorator.py
[2023-03-16T23:42:54.611+0000] {logging_mixin.py:137} INFO - [2023-03-16T23:42:54.610+0000] {dag.py:2690} INFO - Sync 1 DAGs
[2023-03-16T23:42:54.702+0000] {logging_mixin.py:137} INFO - [2023-03-16T23:42:54.702+0000] {dag.py:3441} INFO - Setting next_dagrun for example_short_circuit_decorator to 2023-03-15T23:42:54.700943+00:00, run_after=2023-03-16T23:42:54.700943+00:00
[2023-03-16T23:42:54.806+0000] {processor.py:175} INFO - Processing /home/airflow/.local/lib/python3.7/site-packages/airflow/example_dags/example_short_circuit_decorator.py took 0.363 seconds
[2023-03-16T23:43:25.044+0000] {processor.py:153} INFO - Started process (PID=731) to work on /home/airflow/.local/lib/python3.7/site-packages/airflow/example_dags/example_short_circuit_decorator.py
[2023-03-16T23:43:25.048+0000] {processor.py:743} INFO - Processing file /home/airflow/.local/lib/python3.7/site-packages/airflow/example_dags/example_short_circuit_decorator.py for tasks to queue
[2023-03-16T23:43:25.066+0000] {logging_mixin.py:137} INFO - [2023-03-16T23:43:25.065+0000] {dagbag.py:538} INFO - Filling up the DagBag from /home/airflow/.local/lib/python3.7/site-packages/airflow/example_dags/example_short_circuit_decorator.py
[2023-03-16T23:43:25.164+0000] {processor.py:753} INFO - DAG(s) dict_keys(['example_short_circuit_decorator']) retrieved from /home/airflow/.local/lib/python3.7/site-packages/airflow/example_dags/example_short_circuit_decorator.py
[2023-03-16T23:43:25.225+0000] {logging_mixin.py:137} INFO - [2023-03-16T23:43:25.225+0000] {dag.py:2690} INFO - Sync 1 DAGs
[2023-03-16T23:43:25.287+0000] {logging_mixin.py:137} INFO - [2023-03-16T23:43:25.284+0000] {dag.py:3441} INFO - Setting next_dagrun for example_short_circuit_decorator to 2023-03-15T23:43:25.281745+00:00, run_after=2023-03-16T23:43:25.281745+00:00
[2023-03-16T23:43:25.356+0000] {processor.py:175} INFO - Processing /home/airflow/.local/lib/python3.7/site-packages/airflow/example_dags/example_short_circuit_decorator.py took 0.331 seconds
[2023-03-16T23:43:55.703+0000] {processor.py:153} INFO - Started process (PID=804) to work on /home/airflow/.local/lib/python3.7/site-packages/airflow/example_dags/example_short_circuit_decorator.py
[2023-03-16T23:43:55.731+0000] {processor.py:743} INFO - Processing file /home/airflow/.local/lib/python3.7/site-packages/airflow/example_dags/example_short_circuit_decorator.py for tasks to queue
[2023-03-16T23:43:55.745+0000] {logging_mixin.py:137} INFO - [2023-03-16T23:43:55.745+0000] {dagbag.py:538} INFO - Filling up the DagBag from /home/airflow/.local/lib/python3.7/site-packages/airflow/example_dags/example_short_circuit_decorator.py
[2023-03-16T23:43:55.909+0000] {processor.py:753} INFO - DAG(s) dict_keys(['example_short_circuit_decorator']) retrieved from /home/airflow/.local/lib/python3.7/site-packages/airflow/example_dags/example_short_circuit_decorator.py
[2023-03-16T23:43:56.005+0000] {logging_mixin.py:137} INFO - [2023-03-16T23:43:56.005+0000] {dag.py:2690} INFO - Sync 1 DAGs
[2023-03-16T23:43:56.103+0000] {logging_mixin.py:137} INFO - [2023-03-16T23:43:56.103+0000] {dag.py:3441} INFO - Setting next_dagrun for example_short_circuit_decorator to 2023-03-15T23:43:56.102862+00:00, run_after=2023-03-16T23:43:56.102862+00:00
[2023-03-16T23:43:56.192+0000] {processor.py:175} INFO - Processing /home/airflow/.local/lib/python3.7/site-packages/airflow/example_dags/example_short_circuit_decorator.py took 0.497 seconds
[2023-03-16T23:44:26.418+0000] {processor.py:153} INFO - Started process (PID=862) to work on /home/airflow/.local/lib/python3.7/site-packages/airflow/example_dags/example_short_circuit_decorator.py
[2023-03-16T23:44:26.421+0000] {processor.py:743} INFO - Processing file /home/airflow/.local/lib/python3.7/site-packages/airflow/example_dags/example_short_circuit_decorator.py for tasks to queue
[2023-03-16T23:44:26.429+0000] {logging_mixin.py:137} INFO - [2023-03-16T23:44:26.429+0000] {dagbag.py:538} INFO - Filling up the DagBag from /home/airflow/.local/lib/python3.7/site-packages/airflow/example_dags/example_short_circuit_decorator.py
[2023-03-16T23:44:26.498+0000] {processor.py:753} INFO - DAG(s) dict_keys(['example_short_circuit_decorator']) retrieved from /home/airflow/.local/lib/python3.7/site-packages/airflow/example_dags/example_short_circuit_decorator.py
[2023-03-16T23:44:26.567+0000] {logging_mixin.py:137} INFO - [2023-03-16T23:44:26.567+0000] {dag.py:2690} INFO - Sync 1 DAGs
[2023-03-16T23:44:26.649+0000] {logging_mixin.py:137} INFO - [2023-03-16T23:44:26.648+0000] {dag.py:3441} INFO - Setting next_dagrun for example_short_circuit_decorator to 2023-03-15T23:44:26.633730+00:00, run_after=2023-03-16T23:44:26.633730+00:00
[2023-03-16T23:44:26.700+0000] {processor.py:175} INFO - Processing /home/airflow/.local/lib/python3.7/site-packages/airflow/example_dags/example_short_circuit_decorator.py took 0.288 seconds
[2023-03-16T23:44:57.283+0000] {processor.py:153} INFO - Started process (PID=936) to work on /home/airflow/.local/lib/python3.7/site-packages/airflow/example_dags/example_short_circuit_decorator.py
[2023-03-16T23:44:57.290+0000] {processor.py:743} INFO - Processing file /home/airflow/.local/lib/python3.7/site-packages/airflow/example_dags/example_short_circuit_decorator.py for tasks to queue
[2023-03-16T23:44:57.298+0000] {logging_mixin.py:137} INFO - [2023-03-16T23:44:57.298+0000] {dagbag.py:538} INFO - Filling up the DagBag from /home/airflow/.local/lib/python3.7/site-packages/airflow/example_dags/example_short_circuit_decorator.py
[2023-03-16T23:44:57.479+0000] {processor.py:753} INFO - DAG(s) dict_keys(['example_short_circuit_decorator']) retrieved from /home/airflow/.local/lib/python3.7/site-packages/airflow/example_dags/example_short_circuit_decorator.py
[2023-03-16T23:44:57.681+0000] {logging_mixin.py:137} INFO - [2023-03-16T23:44:57.680+0000] {dag.py:2690} INFO - Sync 1 DAGs
[2023-03-16T23:44:57.845+0000] {logging_mixin.py:137} INFO - [2023-03-16T23:44:57.845+0000] {dag.py:3441} INFO - Setting next_dagrun for example_short_circuit_decorator to 2023-03-15T23:44:57.844494+00:00, run_after=2023-03-16T23:44:57.844494+00:00
[2023-03-16T23:44:57.973+0000] {processor.py:175} INFO - Processing /home/airflow/.local/lib/python3.7/site-packages/airflow/example_dags/example_short_circuit_decorator.py took 0.699 seconds
[2023-03-16T23:45:28.459+0000] {processor.py:153} INFO - Started process (PID=1000) to work on /home/airflow/.local/lib/python3.7/site-packages/airflow/example_dags/example_short_circuit_decorator.py
[2023-03-16T23:45:28.470+0000] {processor.py:743} INFO - Processing file /home/airflow/.local/lib/python3.7/site-packages/airflow/example_dags/example_short_circuit_decorator.py for tasks to queue
[2023-03-16T23:45:28.472+0000] {logging_mixin.py:137} INFO - [2023-03-16T23:45:28.472+0000] {dagbag.py:538} INFO - Filling up the DagBag from /home/airflow/.local/lib/python3.7/site-packages/airflow/example_dags/example_short_circuit_decorator.py
[2023-03-16T23:45:28.553+0000] {processor.py:753} INFO - DAG(s) dict_keys(['example_short_circuit_decorator']) retrieved from /home/airflow/.local/lib/python3.7/site-packages/airflow/example_dags/example_short_circuit_decorator.py
[2023-03-16T23:45:28.656+0000] {logging_mixin.py:137} INFO - [2023-03-16T23:45:28.656+0000] {dag.py:2690} INFO - Sync 1 DAGs
[2023-03-16T23:45:28.814+0000] {logging_mixin.py:137} INFO - [2023-03-16T23:45:28.814+0000] {dag.py:3441} INFO - Setting next_dagrun for example_short_circuit_decorator to 2023-03-15T23:45:28.813726+00:00, run_after=2023-03-16T23:45:28.813726+00:00
[2023-03-16T23:45:28.938+0000] {processor.py:175} INFO - Processing /home/airflow/.local/lib/python3.7/site-packages/airflow/example_dags/example_short_circuit_decorator.py took 0.485 seconds
[2023-03-16T23:45:59.155+0000] {processor.py:153} INFO - Started process (PID=1066) to work on /home/airflow/.local/lib/python3.7/site-packages/airflow/example_dags/example_short_circuit_decorator.py
[2023-03-16T23:45:59.158+0000] {processor.py:743} INFO - Processing file /home/airflow/.local/lib/python3.7/site-packages/airflow/example_dags/example_short_circuit_decorator.py for tasks to queue
[2023-03-16T23:45:59.159+0000] {logging_mixin.py:137} INFO - [2023-03-16T23:45:59.159+0000] {dagbag.py:538} INFO - Filling up the DagBag from /home/airflow/.local/lib/python3.7/site-packages/airflow/example_dags/example_short_circuit_decorator.py
[2023-03-16T23:45:59.200+0000] {processor.py:753} INFO - DAG(s) dict_keys(['example_short_circuit_decorator']) retrieved from /home/airflow/.local/lib/python3.7/site-packages/airflow/example_dags/example_short_circuit_decorator.py
[2023-03-16T23:45:59.243+0000] {logging_mixin.py:137} INFO - [2023-03-16T23:45:59.242+0000] {dag.py:2690} INFO - Sync 1 DAGs
[2023-03-16T23:45:59.291+0000] {logging_mixin.py:137} INFO - [2023-03-16T23:45:59.291+0000] {dag.py:3441} INFO - Setting next_dagrun for example_short_circuit_decorator to 2023-03-15T23:45:59.290786+00:00, run_after=2023-03-16T23:45:59.290786+00:00
[2023-03-16T23:45:59.343+0000] {processor.py:175} INFO - Processing /home/airflow/.local/lib/python3.7/site-packages/airflow/example_dags/example_short_circuit_decorator.py took 0.194 seconds
[2023-03-16T23:46:29.924+0000] {processor.py:153} INFO - Started process (PID=1131) to work on /home/airflow/.local/lib/python3.7/site-packages/airflow/example_dags/example_short_circuit_decorator.py
[2023-03-16T23:46:29.934+0000] {processor.py:743} INFO - Processing file /home/airflow/.local/lib/python3.7/site-packages/airflow/example_dags/example_short_circuit_decorator.py for tasks to queue
[2023-03-16T23:46:29.938+0000] {logging_mixin.py:137} INFO - [2023-03-16T23:46:29.938+0000] {dagbag.py:538} INFO - Filling up the DagBag from /home/airflow/.local/lib/python3.7/site-packages/airflow/example_dags/example_short_circuit_decorator.py
[2023-03-16T23:46:30.110+0000] {processor.py:753} INFO - DAG(s) dict_keys(['example_short_circuit_decorator']) retrieved from /home/airflow/.local/lib/python3.7/site-packages/airflow/example_dags/example_short_circuit_decorator.py
[2023-03-16T23:46:30.260+0000] {logging_mixin.py:137} INFO - [2023-03-16T23:46:30.260+0000] {dag.py:2690} INFO - Sync 1 DAGs
[2023-03-16T23:46:30.404+0000] {logging_mixin.py:137} INFO - [2023-03-16T23:46:30.404+0000] {dag.py:3441} INFO - Setting next_dagrun for example_short_circuit_decorator to 2023-03-15T23:46:30.403477+00:00, run_after=2023-03-16T23:46:30.403477+00:00
[2023-03-16T23:46:30.514+0000] {processor.py:175} INFO - Processing /home/airflow/.local/lib/python3.7/site-packages/airflow/example_dags/example_short_circuit_decorator.py took 0.597 seconds
[2023-03-16T23:47:00.972+0000] {processor.py:153} INFO - Started process (PID=1204) to work on /home/airflow/.local/lib/python3.7/site-packages/airflow/example_dags/example_short_circuit_decorator.py
[2023-03-16T23:47:00.974+0000] {processor.py:743} INFO - Processing file /home/airflow/.local/lib/python3.7/site-packages/airflow/example_dags/example_short_circuit_decorator.py for tasks to queue
[2023-03-16T23:47:00.976+0000] {logging_mixin.py:137} INFO - [2023-03-16T23:47:00.976+0000] {dagbag.py:538} INFO - Filling up the DagBag from /home/airflow/.local/lib/python3.7/site-packages/airflow/example_dags/example_short_circuit_decorator.py
[2023-03-16T23:47:01.022+0000] {processor.py:753} INFO - DAG(s) dict_keys(['example_short_circuit_decorator']) retrieved from /home/airflow/.local/lib/python3.7/site-packages/airflow/example_dags/example_short_circuit_decorator.py
[2023-03-16T23:47:01.071+0000] {logging_mixin.py:137} INFO - [2023-03-16T23:47:01.071+0000] {dag.py:2690} INFO - Sync 1 DAGs
[2023-03-16T23:47:01.121+0000] {logging_mixin.py:137} INFO - [2023-03-16T23:47:01.121+0000] {dag.py:3441} INFO - Setting next_dagrun for example_short_circuit_decorator to 2023-03-15T23:47:01.121287+00:00, run_after=2023-03-16T23:47:01.121287+00:00
[2023-03-16T23:47:01.162+0000] {processor.py:175} INFO - Processing /home/airflow/.local/lib/python3.7/site-packages/airflow/example_dags/example_short_circuit_decorator.py took 0.199 seconds
[2023-03-16T23:47:31.473+0000] {processor.py:153} INFO - Started process (PID=1277) to work on /home/airflow/.local/lib/python3.7/site-packages/airflow/example_dags/example_short_circuit_decorator.py
[2023-03-16T23:47:31.475+0000] {processor.py:743} INFO - Processing file /home/airflow/.local/lib/python3.7/site-packages/airflow/example_dags/example_short_circuit_decorator.py for tasks to queue
[2023-03-16T23:47:31.477+0000] {logging_mixin.py:137} INFO - [2023-03-16T23:47:31.477+0000] {dagbag.py:538} INFO - Filling up the DagBag from /home/airflow/.local/lib/python3.7/site-packages/airflow/example_dags/example_short_circuit_decorator.py
[2023-03-16T23:47:31.584+0000] {processor.py:753} INFO - DAG(s) dict_keys(['example_short_circuit_decorator']) retrieved from /home/airflow/.local/lib/python3.7/site-packages/airflow/example_dags/example_short_circuit_decorator.py
[2023-03-16T23:47:31.653+0000] {logging_mixin.py:137} INFO - [2023-03-16T23:47:31.652+0000] {dag.py:2690} INFO - Sync 1 DAGs
[2023-03-16T23:47:31.725+0000] {logging_mixin.py:137} INFO - [2023-03-16T23:47:31.725+0000] {dag.py:3441} INFO - Setting next_dagrun for example_short_circuit_decorator to 2023-03-15T23:47:31.724709+00:00, run_after=2023-03-16T23:47:31.724709+00:00
[2023-03-16T23:47:31.792+0000] {processor.py:175} INFO - Processing /home/airflow/.local/lib/python3.7/site-packages/airflow/example_dags/example_short_circuit_decorator.py took 0.332 seconds
[2023-03-16T23:48:02.011+0000] {processor.py:153} INFO - Started process (PID=1341) to work on /home/airflow/.local/lib/python3.7/site-packages/airflow/example_dags/example_short_circuit_decorator.py
[2023-03-16T23:48:02.013+0000] {processor.py:743} INFO - Processing file /home/airflow/.local/lib/python3.7/site-packages/airflow/example_dags/example_short_circuit_decorator.py for tasks to queue
[2023-03-16T23:48:02.017+0000] {logging_mixin.py:137} INFO - [2023-03-16T23:48:02.017+0000] {dagbag.py:538} INFO - Filling up the DagBag from /home/airflow/.local/lib/python3.7/site-packages/airflow/example_dags/example_short_circuit_decorator.py
[2023-03-16T23:48:02.089+0000] {processor.py:753} INFO - DAG(s) dict_keys(['example_short_circuit_decorator']) retrieved from /home/airflow/.local/lib/python3.7/site-packages/airflow/example_dags/example_short_circuit_decorator.py
[2023-03-16T23:48:02.187+0000] {logging_mixin.py:137} INFO - [2023-03-16T23:48:02.187+0000] {dag.py:2690} INFO - Sync 1 DAGs
[2023-03-16T23:48:02.264+0000] {logging_mixin.py:137} INFO - [2023-03-16T23:48:02.263+0000] {dag.py:3441} INFO - Setting next_dagrun for example_short_circuit_decorator to 2023-03-15T23:48:02.263411+00:00, run_after=2023-03-16T23:48:02.263411+00:00
[2023-03-16T23:48:02.307+0000] {processor.py:175} INFO - Processing /home/airflow/.local/lib/python3.7/site-packages/airflow/example_dags/example_short_circuit_decorator.py took 0.302 seconds
[2023-03-16T23:48:32.538+0000] {processor.py:153} INFO - Started process (PID=1414) to work on /home/airflow/.local/lib/python3.7/site-packages/airflow/example_dags/example_short_circuit_decorator.py
[2023-03-16T23:48:32.540+0000] {processor.py:743} INFO - Processing file /home/airflow/.local/lib/python3.7/site-packages/airflow/example_dags/example_short_circuit_decorator.py for tasks to queue
[2023-03-16T23:48:32.542+0000] {logging_mixin.py:137} INFO - [2023-03-16T23:48:32.541+0000] {dagbag.py:538} INFO - Filling up the DagBag from /home/airflow/.local/lib/python3.7/site-packages/airflow/example_dags/example_short_circuit_decorator.py
[2023-03-16T23:48:32.589+0000] {processor.py:753} INFO - DAG(s) dict_keys(['example_short_circuit_decorator']) retrieved from /home/airflow/.local/lib/python3.7/site-packages/airflow/example_dags/example_short_circuit_decorator.py
[2023-03-16T23:48:32.650+0000] {logging_mixin.py:137} INFO - [2023-03-16T23:48:32.650+0000] {dag.py:2690} INFO - Sync 1 DAGs
[2023-03-16T23:48:32.732+0000] {logging_mixin.py:137} INFO - [2023-03-16T23:48:32.732+0000] {dag.py:3441} INFO - Setting next_dagrun for example_short_circuit_decorator to 2023-03-15T23:48:32.731342+00:00, run_after=2023-03-16T23:48:32.731342+00:00
[2023-03-16T23:48:32.798+0000] {processor.py:175} INFO - Processing /home/airflow/.local/lib/python3.7/site-packages/airflow/example_dags/example_short_circuit_decorator.py took 0.266 seconds
[2023-03-16T23:49:03.641+0000] {processor.py:153} INFO - Started process (PID=1487) to work on /home/airflow/.local/lib/python3.7/site-packages/airflow/example_dags/example_short_circuit_decorator.py
[2023-03-16T23:49:03.642+0000] {processor.py:743} INFO - Processing file /home/airflow/.local/lib/python3.7/site-packages/airflow/example_dags/example_short_circuit_decorator.py for tasks to queue
[2023-03-16T23:49:03.644+0000] {logging_mixin.py:137} INFO - [2023-03-16T23:49:03.643+0000] {dagbag.py:538} INFO - Filling up the DagBag from /home/airflow/.local/lib/python3.7/site-packages/airflow/example_dags/example_short_circuit_decorator.py
[2023-03-16T23:49:03.690+0000] {processor.py:753} INFO - DAG(s) dict_keys(['example_short_circuit_decorator']) retrieved from /home/airflow/.local/lib/python3.7/site-packages/airflow/example_dags/example_short_circuit_decorator.py
[2023-03-16T23:49:03.724+0000] {logging_mixin.py:137} INFO - [2023-03-16T23:49:03.724+0000] {dag.py:2690} INFO - Sync 1 DAGs
[2023-03-16T23:49:03.761+0000] {logging_mixin.py:137} INFO - [2023-03-16T23:49:03.761+0000] {dag.py:3441} INFO - Setting next_dagrun for example_short_circuit_decorator to 2023-03-15T23:49:03.761086+00:00, run_after=2023-03-16T23:49:03.761086+00:00
[2023-03-16T23:49:03.803+0000] {processor.py:175} INFO - Processing /home/airflow/.local/lib/python3.7/site-packages/airflow/example_dags/example_short_circuit_decorator.py took 0.167 seconds
[2023-03-16T23:49:34.779+0000] {processor.py:153} INFO - Started process (PID=1560) to work on /home/airflow/.local/lib/python3.7/site-packages/airflow/example_dags/example_short_circuit_decorator.py
[2023-03-16T23:49:34.781+0000] {processor.py:743} INFO - Processing file /home/airflow/.local/lib/python3.7/site-packages/airflow/example_dags/example_short_circuit_decorator.py for tasks to queue
[2023-03-16T23:49:34.783+0000] {logging_mixin.py:137} INFO - [2023-03-16T23:49:34.783+0000] {dagbag.py:538} INFO - Filling up the DagBag from /home/airflow/.local/lib/python3.7/site-packages/airflow/example_dags/example_short_circuit_decorator.py
[2023-03-16T23:49:34.844+0000] {processor.py:753} INFO - DAG(s) dict_keys(['example_short_circuit_decorator']) retrieved from /home/airflow/.local/lib/python3.7/site-packages/airflow/example_dags/example_short_circuit_decorator.py
[2023-03-16T23:49:34.899+0000] {logging_mixin.py:137} INFO - [2023-03-16T23:49:34.899+0000] {dag.py:2690} INFO - Sync 1 DAGs
[2023-03-16T23:49:34.965+0000] {logging_mixin.py:137} INFO - [2023-03-16T23:49:34.965+0000] {dag.py:3441} INFO - Setting next_dagrun for example_short_circuit_decorator to 2023-03-15T23:49:34.964905+00:00, run_after=2023-03-16T23:49:34.964905+00:00
[2023-03-16T23:49:35.030+0000] {processor.py:175} INFO - Processing /home/airflow/.local/lib/python3.7/site-packages/airflow/example_dags/example_short_circuit_decorator.py took 0.257 seconds
[2023-03-16T23:50:05.623+0000] {processor.py:153} INFO - Started process (PID=1633) to work on /home/airflow/.local/lib/python3.7/site-packages/airflow/example_dags/example_short_circuit_decorator.py
[2023-03-16T23:50:05.625+0000] {processor.py:743} INFO - Processing file /home/airflow/.local/lib/python3.7/site-packages/airflow/example_dags/example_short_circuit_decorator.py for tasks to queue
[2023-03-16T23:50:05.627+0000] {logging_mixin.py:137} INFO - [2023-03-16T23:50:05.627+0000] {dagbag.py:538} INFO - Filling up the DagBag from /home/airflow/.local/lib/python3.7/site-packages/airflow/example_dags/example_short_circuit_decorator.py
[2023-03-16T23:50:05.667+0000] {processor.py:753} INFO - DAG(s) dict_keys(['example_short_circuit_decorator']) retrieved from /home/airflow/.local/lib/python3.7/site-packages/airflow/example_dags/example_short_circuit_decorator.py
[2023-03-16T23:50:05.705+0000] {logging_mixin.py:137} INFO - [2023-03-16T23:50:05.705+0000] {dag.py:2690} INFO - Sync 1 DAGs
[2023-03-16T23:50:05.781+0000] {logging_mixin.py:137} INFO - [2023-03-16T23:50:05.781+0000] {dag.py:3441} INFO - Setting next_dagrun for example_short_circuit_decorator to 2023-03-15T23:50:05.780482+00:00, run_after=2023-03-16T23:50:05.780482+00:00
[2023-03-16T23:50:05.870+0000] {processor.py:175} INFO - Processing /home/airflow/.local/lib/python3.7/site-packages/airflow/example_dags/example_short_circuit_decorator.py took 0.250 seconds
[2023-03-16T23:50:36.835+0000] {processor.py:153} INFO - Started process (PID=1706) to work on /home/airflow/.local/lib/python3.7/site-packages/airflow/example_dags/example_short_circuit_decorator.py
[2023-03-16T23:50:36.837+0000] {processor.py:743} INFO - Processing file /home/airflow/.local/lib/python3.7/site-packages/airflow/example_dags/example_short_circuit_decorator.py for tasks to queue
[2023-03-16T23:50:36.839+0000] {logging_mixin.py:137} INFO - [2023-03-16T23:50:36.839+0000] {dagbag.py:538} INFO - Filling up the DagBag from /home/airflow/.local/lib/python3.7/site-packages/airflow/example_dags/example_short_circuit_decorator.py
[2023-03-16T23:50:36.895+0000] {processor.py:753} INFO - DAG(s) dict_keys(['example_short_circuit_decorator']) retrieved from /home/airflow/.local/lib/python3.7/site-packages/airflow/example_dags/example_short_circuit_decorator.py
[2023-03-16T23:50:36.937+0000] {logging_mixin.py:137} INFO - [2023-03-16T23:50:36.937+0000] {dag.py:2690} INFO - Sync 1 DAGs
[2023-03-16T23:50:36.982+0000] {logging_mixin.py:137} INFO - [2023-03-16T23:50:36.982+0000] {dag.py:3441} INFO - Setting next_dagrun for example_short_circuit_decorator to 2023-03-15T23:50:36.981865+00:00, run_after=2023-03-16T23:50:36.981865+00:00
[2023-03-16T23:50:37.013+0000] {processor.py:175} INFO - Processing /home/airflow/.local/lib/python3.7/site-packages/airflow/example_dags/example_short_circuit_decorator.py took 0.183 seconds
[2023-03-16T23:51:07.439+0000] {processor.py:153} INFO - Started process (PID=1779) to work on /home/airflow/.local/lib/python3.7/site-packages/airflow/example_dags/example_short_circuit_decorator.py
[2023-03-16T23:51:07.441+0000] {processor.py:743} INFO - Processing file /home/airflow/.local/lib/python3.7/site-packages/airflow/example_dags/example_short_circuit_decorator.py for tasks to queue
[2023-03-16T23:51:07.443+0000] {logging_mixin.py:137} INFO - [2023-03-16T23:51:07.443+0000] {dagbag.py:538} INFO - Filling up the DagBag from /home/airflow/.local/lib/python3.7/site-packages/airflow/example_dags/example_short_circuit_decorator.py
[2023-03-16T23:51:07.496+0000] {processor.py:753} INFO - DAG(s) dict_keys(['example_short_circuit_decorator']) retrieved from /home/airflow/.local/lib/python3.7/site-packages/airflow/example_dags/example_short_circuit_decorator.py
[2023-03-16T23:51:07.605+0000] {logging_mixin.py:137} INFO - [2023-03-16T23:51:07.605+0000] {dag.py:2690} INFO - Sync 1 DAGs
[2023-03-16T23:51:07.679+0000] {logging_mixin.py:137} INFO - [2023-03-16T23:51:07.679+0000] {dag.py:3441} INFO - Setting next_dagrun for example_short_circuit_decorator to 2023-03-15T23:51:07.678983+00:00, run_after=2023-03-16T23:51:07.678983+00:00
[2023-03-16T23:51:07.748+0000] {processor.py:175} INFO - Processing /home/airflow/.local/lib/python3.7/site-packages/airflow/example_dags/example_short_circuit_decorator.py took 0.314 seconds
[2023-03-16T23:51:38.379+0000] {processor.py:153} INFO - Started process (PID=1852) to work on /home/airflow/.local/lib/python3.7/site-packages/airflow/example_dags/example_short_circuit_decorator.py
[2023-03-16T23:51:38.380+0000] {processor.py:743} INFO - Processing file /home/airflow/.local/lib/python3.7/site-packages/airflow/example_dags/example_short_circuit_decorator.py for tasks to queue
[2023-03-16T23:51:38.382+0000] {logging_mixin.py:137} INFO - [2023-03-16T23:51:38.382+0000] {dagbag.py:538} INFO - Filling up the DagBag from /home/airflow/.local/lib/python3.7/site-packages/airflow/example_dags/example_short_circuit_decorator.py
[2023-03-16T23:51:38.423+0000] {processor.py:753} INFO - DAG(s) dict_keys(['example_short_circuit_decorator']) retrieved from /home/airflow/.local/lib/python3.7/site-packages/airflow/example_dags/example_short_circuit_decorator.py
[2023-03-16T23:51:38.469+0000] {logging_mixin.py:137} INFO - [2023-03-16T23:51:38.469+0000] {dag.py:2690} INFO - Sync 1 DAGs
[2023-03-16T23:51:38.511+0000] {logging_mixin.py:137} INFO - [2023-03-16T23:51:38.511+0000] {dag.py:3441} INFO - Setting next_dagrun for example_short_circuit_decorator to 2023-03-15T23:51:38.511219+00:00, run_after=2023-03-16T23:51:38.511219+00:00
[2023-03-16T23:51:38.548+0000] {processor.py:175} INFO - Processing /home/airflow/.local/lib/python3.7/site-packages/airflow/example_dags/example_short_circuit_decorator.py took 0.174 seconds
[2023-03-16T23:52:08.928+0000] {processor.py:153} INFO - Started process (PID=1926) to work on /home/airflow/.local/lib/python3.7/site-packages/airflow/example_dags/example_short_circuit_decorator.py
[2023-03-16T23:52:08.930+0000] {processor.py:743} INFO - Processing file /home/airflow/.local/lib/python3.7/site-packages/airflow/example_dags/example_short_circuit_decorator.py for tasks to queue
[2023-03-16T23:52:08.932+0000] {logging_mixin.py:137} INFO - [2023-03-16T23:52:08.932+0000] {dagbag.py:538} INFO - Filling up the DagBag from /home/airflow/.local/lib/python3.7/site-packages/airflow/example_dags/example_short_circuit_decorator.py
[2023-03-16T23:52:08.970+0000] {processor.py:753} INFO - DAG(s) dict_keys(['example_short_circuit_decorator']) retrieved from /home/airflow/.local/lib/python3.7/site-packages/airflow/example_dags/example_short_circuit_decorator.py
[2023-03-16T23:52:09.038+0000] {logging_mixin.py:137} INFO - [2023-03-16T23:52:09.037+0000] {dag.py:2690} INFO - Sync 1 DAGs
[2023-03-16T23:52:09.074+0000] {logging_mixin.py:137} INFO - [2023-03-16T23:52:09.073+0000] {dag.py:3441} INFO - Setting next_dagrun for example_short_circuit_decorator to 2023-03-15T23:52:09.073566+00:00, run_after=2023-03-16T23:52:09.073566+00:00
[2023-03-16T23:52:09.106+0000] {processor.py:175} INFO - Processing /home/airflow/.local/lib/python3.7/site-packages/airflow/example_dags/example_short_circuit_decorator.py took 0.181 seconds
[2023-03-16T23:52:39.249+0000] {processor.py:153} INFO - Started process (PID=1999) to work on /home/airflow/.local/lib/python3.7/site-packages/airflow/example_dags/example_short_circuit_decorator.py
[2023-03-16T23:52:39.254+0000] {processor.py:743} INFO - Processing file /home/airflow/.local/lib/python3.7/site-packages/airflow/example_dags/example_short_circuit_decorator.py for tasks to queue
[2023-03-16T23:52:39.257+0000] {logging_mixin.py:137} INFO - [2023-03-16T23:52:39.257+0000] {dagbag.py:538} INFO - Filling up the DagBag from /home/airflow/.local/lib/python3.7/site-packages/airflow/example_dags/example_short_circuit_decorator.py
[2023-03-16T23:52:39.314+0000] {processor.py:753} INFO - DAG(s) dict_keys(['example_short_circuit_decorator']) retrieved from /home/airflow/.local/lib/python3.7/site-packages/airflow/example_dags/example_short_circuit_decorator.py
[2023-03-16T23:52:39.374+0000] {logging_mixin.py:137} INFO - [2023-03-16T23:52:39.374+0000] {dag.py:2690} INFO - Sync 1 DAGs
[2023-03-16T23:52:39.428+0000] {logging_mixin.py:137} INFO - [2023-03-16T23:52:39.428+0000] {dag.py:3441} INFO - Setting next_dagrun for example_short_circuit_decorator to 2023-03-15T23:52:39.427841+00:00, run_after=2023-03-16T23:52:39.427841+00:00
[2023-03-16T23:52:39.520+0000] {processor.py:175} INFO - Processing /home/airflow/.local/lib/python3.7/site-packages/airflow/example_dags/example_short_circuit_decorator.py took 0.278 seconds
[2023-03-16T23:53:10.958+0000] {processor.py:153} INFO - Started process (PID=2072) to work on /home/airflow/.local/lib/python3.7/site-packages/airflow/example_dags/example_short_circuit_decorator.py
[2023-03-16T23:53:10.960+0000] {processor.py:743} INFO - Processing file /home/airflow/.local/lib/python3.7/site-packages/airflow/example_dags/example_short_circuit_decorator.py for tasks to queue
[2023-03-16T23:53:10.962+0000] {logging_mixin.py:137} INFO - [2023-03-16T23:53:10.962+0000] {dagbag.py:538} INFO - Filling up the DagBag from /home/airflow/.local/lib/python3.7/site-packages/airflow/example_dags/example_short_circuit_decorator.py
[2023-03-16T23:53:11.032+0000] {processor.py:753} INFO - DAG(s) dict_keys(['example_short_circuit_decorator']) retrieved from /home/airflow/.local/lib/python3.7/site-packages/airflow/example_dags/example_short_circuit_decorator.py
[2023-03-16T23:53:11.153+0000] {logging_mixin.py:137} INFO - [2023-03-16T23:53:11.153+0000] {dag.py:2690} INFO - Sync 1 DAGs
[2023-03-16T23:53:11.354+0000] {logging_mixin.py:137} INFO - [2023-03-16T23:53:11.353+0000] {dag.py:3441} INFO - Setting next_dagrun for example_short_circuit_decorator to 2023-03-15T23:53:11.353342+00:00, run_after=2023-03-16T23:53:11.353342+00:00
[2023-03-16T23:53:11.416+0000] {processor.py:175} INFO - Processing /home/airflow/.local/lib/python3.7/site-packages/airflow/example_dags/example_short_circuit_decorator.py took 0.476 seconds
[2023-03-16T23:53:41.706+0000] {processor.py:153} INFO - Started process (PID=2145) to work on /home/airflow/.local/lib/python3.7/site-packages/airflow/example_dags/example_short_circuit_decorator.py
[2023-03-16T23:53:41.708+0000] {processor.py:743} INFO - Processing file /home/airflow/.local/lib/python3.7/site-packages/airflow/example_dags/example_short_circuit_decorator.py for tasks to queue
[2023-03-16T23:53:41.710+0000] {logging_mixin.py:137} INFO - [2023-03-16T23:53:41.709+0000] {dagbag.py:538} INFO - Filling up the DagBag from /home/airflow/.local/lib/python3.7/site-packages/airflow/example_dags/example_short_circuit_decorator.py
[2023-03-16T23:53:41.774+0000] {processor.py:753} INFO - DAG(s) dict_keys(['example_short_circuit_decorator']) retrieved from /home/airflow/.local/lib/python3.7/site-packages/airflow/example_dags/example_short_circuit_decorator.py
[2023-03-16T23:53:41.851+0000] {logging_mixin.py:137} INFO - [2023-03-16T23:53:41.851+0000] {dag.py:2690} INFO - Sync 1 DAGs
[2023-03-16T23:53:41.902+0000] {logging_mixin.py:137} INFO - [2023-03-16T23:53:41.902+0000] {dag.py:3441} INFO - Setting next_dagrun for example_short_circuit_decorator to 2023-03-15T23:53:41.901750+00:00, run_after=2023-03-16T23:53:41.901750+00:00
[2023-03-16T23:53:41.955+0000] {processor.py:175} INFO - Processing /home/airflow/.local/lib/python3.7/site-packages/airflow/example_dags/example_short_circuit_decorator.py took 0.260 seconds
[2023-03-16T23:54:12.682+0000] {processor.py:153} INFO - Started process (PID=2218) to work on /home/airflow/.local/lib/python3.7/site-packages/airflow/example_dags/example_short_circuit_decorator.py
[2023-03-16T23:54:12.683+0000] {processor.py:743} INFO - Processing file /home/airflow/.local/lib/python3.7/site-packages/airflow/example_dags/example_short_circuit_decorator.py for tasks to queue
[2023-03-16T23:54:12.687+0000] {logging_mixin.py:137} INFO - [2023-03-16T23:54:12.687+0000] {dagbag.py:538} INFO - Filling up the DagBag from /home/airflow/.local/lib/python3.7/site-packages/airflow/example_dags/example_short_circuit_decorator.py
[2023-03-16T23:54:12.738+0000] {processor.py:753} INFO - DAG(s) dict_keys(['example_short_circuit_decorator']) retrieved from /home/airflow/.local/lib/python3.7/site-packages/airflow/example_dags/example_short_circuit_decorator.py
[2023-03-16T23:54:12.794+0000] {logging_mixin.py:137} INFO - [2023-03-16T23:54:12.794+0000] {dag.py:2690} INFO - Sync 1 DAGs
[2023-03-16T23:54:12.842+0000] {logging_mixin.py:137} INFO - [2023-03-16T23:54:12.842+0000] {dag.py:3441} INFO - Setting next_dagrun for example_short_circuit_decorator to 2023-03-15T23:54:12.841767+00:00, run_after=2023-03-16T23:54:12.841767+00:00
[2023-03-16T23:54:12.885+0000] {processor.py:175} INFO - Processing /home/airflow/.local/lib/python3.7/site-packages/airflow/example_dags/example_short_circuit_decorator.py took 0.208 seconds
[2023-03-16T23:54:43.883+0000] {processor.py:153} INFO - Started process (PID=2291) to work on /home/airflow/.local/lib/python3.7/site-packages/airflow/example_dags/example_short_circuit_decorator.py
[2023-03-16T23:54:43.886+0000] {processor.py:743} INFO - Processing file /home/airflow/.local/lib/python3.7/site-packages/airflow/example_dags/example_short_circuit_decorator.py for tasks to queue
[2023-03-16T23:54:43.887+0000] {logging_mixin.py:137} INFO - [2023-03-16T23:54:43.887+0000] {dagbag.py:538} INFO - Filling up the DagBag from /home/airflow/.local/lib/python3.7/site-packages/airflow/example_dags/example_short_circuit_decorator.py
[2023-03-16T23:54:43.930+0000] {processor.py:753} INFO - DAG(s) dict_keys(['example_short_circuit_decorator']) retrieved from /home/airflow/.local/lib/python3.7/site-packages/airflow/example_dags/example_short_circuit_decorator.py
[2023-03-16T23:54:43.992+0000] {logging_mixin.py:137} INFO - [2023-03-16T23:54:43.992+0000] {dag.py:2690} INFO - Sync 1 DAGs
[2023-03-16T23:54:44.041+0000] {logging_mixin.py:137} INFO - [2023-03-16T23:54:44.041+0000] {dag.py:3441} INFO - Setting next_dagrun for example_short_circuit_decorator to 2023-03-15T23:54:44.040967+00:00, run_after=2023-03-16T23:54:44.040967+00:00
[2023-03-16T23:54:44.094+0000] {processor.py:175} INFO - Processing /home/airflow/.local/lib/python3.7/site-packages/airflow/example_dags/example_short_circuit_decorator.py took 0.216 seconds
[2023-03-16T23:55:14.631+0000] {processor.py:153} INFO - Started process (PID=2364) to work on /home/airflow/.local/lib/python3.7/site-packages/airflow/example_dags/example_short_circuit_decorator.py
[2023-03-16T23:55:14.633+0000] {processor.py:743} INFO - Processing file /home/airflow/.local/lib/python3.7/site-packages/airflow/example_dags/example_short_circuit_decorator.py for tasks to queue
[2023-03-16T23:55:14.634+0000] {logging_mixin.py:137} INFO - [2023-03-16T23:55:14.634+0000] {dagbag.py:538} INFO - Filling up the DagBag from /home/airflow/.local/lib/python3.7/site-packages/airflow/example_dags/example_short_circuit_decorator.py
[2023-03-16T23:55:14.672+0000] {processor.py:753} INFO - DAG(s) dict_keys(['example_short_circuit_decorator']) retrieved from /home/airflow/.local/lib/python3.7/site-packages/airflow/example_dags/example_short_circuit_decorator.py
[2023-03-16T23:55:14.709+0000] {logging_mixin.py:137} INFO - [2023-03-16T23:55:14.709+0000] {dag.py:2690} INFO - Sync 1 DAGs
[2023-03-16T23:55:14.748+0000] {logging_mixin.py:137} INFO - [2023-03-16T23:55:14.748+0000] {dag.py:3441} INFO - Setting next_dagrun for example_short_circuit_decorator to 2023-03-15T23:55:14.747788+00:00, run_after=2023-03-16T23:55:14.747788+00:00
[2023-03-16T23:55:14.781+0000] {processor.py:175} INFO - Processing /home/airflow/.local/lib/python3.7/site-packages/airflow/example_dags/example_short_circuit_decorator.py took 0.156 seconds
[2023-03-16T23:55:45.460+0000] {processor.py:153} INFO - Started process (PID=2437) to work on /home/airflow/.local/lib/python3.7/site-packages/airflow/example_dags/example_short_circuit_decorator.py
[2023-03-16T23:55:45.462+0000] {processor.py:743} INFO - Processing file /home/airflow/.local/lib/python3.7/site-packages/airflow/example_dags/example_short_circuit_decorator.py for tasks to queue
[2023-03-16T23:55:45.463+0000] {logging_mixin.py:137} INFO - [2023-03-16T23:55:45.463+0000] {dagbag.py:538} INFO - Filling up the DagBag from /home/airflow/.local/lib/python3.7/site-packages/airflow/example_dags/example_short_circuit_decorator.py
[2023-03-16T23:55:45.513+0000] {processor.py:753} INFO - DAG(s) dict_keys(['example_short_circuit_decorator']) retrieved from /home/airflow/.local/lib/python3.7/site-packages/airflow/example_dags/example_short_circuit_decorator.py
[2023-03-16T23:55:45.559+0000] {logging_mixin.py:137} INFO - [2023-03-16T23:55:45.558+0000] {dag.py:2690} INFO - Sync 1 DAGs
[2023-03-16T23:55:45.616+0000] {logging_mixin.py:137} INFO - [2023-03-16T23:55:45.616+0000] {dag.py:3441} INFO - Setting next_dagrun for example_short_circuit_decorator to 2023-03-15T23:55:45.615462+00:00, run_after=2023-03-16T23:55:45.615462+00:00
[2023-03-16T23:55:45.666+0000] {processor.py:175} INFO - Processing /home/airflow/.local/lib/python3.7/site-packages/airflow/example_dags/example_short_circuit_decorator.py took 0.211 seconds
[2023-03-16T23:56:16.084+0000] {processor.py:153} INFO - Started process (PID=2510) to work on /home/airflow/.local/lib/python3.7/site-packages/airflow/example_dags/example_short_circuit_decorator.py
[2023-03-16T23:56:16.087+0000] {processor.py:743} INFO - Processing file /home/airflow/.local/lib/python3.7/site-packages/airflow/example_dags/example_short_circuit_decorator.py for tasks to queue
[2023-03-16T23:56:16.090+0000] {logging_mixin.py:137} INFO - [2023-03-16T23:56:16.089+0000] {dagbag.py:538} INFO - Filling up the DagBag from /home/airflow/.local/lib/python3.7/site-packages/airflow/example_dags/example_short_circuit_decorator.py
[2023-03-16T23:56:16.139+0000] {processor.py:753} INFO - DAG(s) dict_keys(['example_short_circuit_decorator']) retrieved from /home/airflow/.local/lib/python3.7/site-packages/airflow/example_dags/example_short_circuit_decorator.py
[2023-03-16T23:56:16.179+0000] {logging_mixin.py:137} INFO - [2023-03-16T23:56:16.179+0000] {dag.py:2690} INFO - Sync 1 DAGs
[2023-03-16T23:56:16.219+0000] {logging_mixin.py:137} INFO - [2023-03-16T23:56:16.219+0000] {dag.py:3441} INFO - Setting next_dagrun for example_short_circuit_decorator to 2023-03-15T23:56:16.219170+00:00, run_after=2023-03-16T23:56:16.219170+00:00
[2023-03-16T23:56:16.255+0000] {processor.py:175} INFO - Processing /home/airflow/.local/lib/python3.7/site-packages/airflow/example_dags/example_short_circuit_decorator.py took 0.184 seconds
[2023-03-16T23:56:46.441+0000] {processor.py:153} INFO - Started process (PID=2591) to work on /home/airflow/.local/lib/python3.7/site-packages/airflow/example_dags/example_short_circuit_decorator.py
[2023-03-16T23:56:46.443+0000] {processor.py:743} INFO - Processing file /home/airflow/.local/lib/python3.7/site-packages/airflow/example_dags/example_short_circuit_decorator.py for tasks to queue
[2023-03-16T23:56:46.445+0000] {logging_mixin.py:137} INFO - [2023-03-16T23:56:46.445+0000] {dagbag.py:538} INFO - Filling up the DagBag from /home/airflow/.local/lib/python3.7/site-packages/airflow/example_dags/example_short_circuit_decorator.py
[2023-03-16T23:56:46.495+0000] {processor.py:753} INFO - DAG(s) dict_keys(['example_short_circuit_decorator']) retrieved from /home/airflow/.local/lib/python3.7/site-packages/airflow/example_dags/example_short_circuit_decorator.py
[2023-03-16T23:56:46.541+0000] {logging_mixin.py:137} INFO - [2023-03-16T23:56:46.541+0000] {dag.py:2690} INFO - Sync 1 DAGs
[2023-03-16T23:56:46.584+0000] {logging_mixin.py:137} INFO - [2023-03-16T23:56:46.584+0000] {dag.py:3441} INFO - Setting next_dagrun for example_short_circuit_decorator to 2023-03-15T23:56:46.583596+00:00, run_after=2023-03-16T23:56:46.583596+00:00
[2023-03-16T23:56:46.626+0000] {processor.py:175} INFO - Processing /home/airflow/.local/lib/python3.7/site-packages/airflow/example_dags/example_short_circuit_decorator.py took 0.191 seconds
[2023-03-16T23:57:16.894+0000] {processor.py:153} INFO - Started process (PID=2668) to work on /home/airflow/.local/lib/python3.7/site-packages/airflow/example_dags/example_short_circuit_decorator.py
[2023-03-16T23:57:16.926+0000] {processor.py:743} INFO - Processing file /home/airflow/.local/lib/python3.7/site-packages/airflow/example_dags/example_short_circuit_decorator.py for tasks to queue
[2023-03-16T23:57:16.934+0000] {logging_mixin.py:137} INFO - [2023-03-16T23:57:16.934+0000] {dagbag.py:538} INFO - Filling up the DagBag from /home/airflow/.local/lib/python3.7/site-packages/airflow/example_dags/example_short_circuit_decorator.py
[2023-03-16T23:57:17.034+0000] {processor.py:753} INFO - DAG(s) dict_keys(['example_short_circuit_decorator']) retrieved from /home/airflow/.local/lib/python3.7/site-packages/airflow/example_dags/example_short_circuit_decorator.py
[2023-03-16T23:57:17.077+0000] {logging_mixin.py:137} INFO - [2023-03-16T23:57:17.077+0000] {dag.py:2690} INFO - Sync 1 DAGs
[2023-03-16T23:57:17.130+0000] {logging_mixin.py:137} INFO - [2023-03-16T23:57:17.129+0000] {dag.py:3441} INFO - Setting next_dagrun for example_short_circuit_decorator to 2023-03-15T23:57:17.129264+00:00, run_after=2023-03-16T23:57:17.129264+00:00
[2023-03-16T23:57:17.164+0000] {processor.py:175} INFO - Processing /home/airflow/.local/lib/python3.7/site-packages/airflow/example_dags/example_short_circuit_decorator.py took 0.282 seconds
[2023-03-16T23:57:47.425+0000] {processor.py:153} INFO - Started process (PID=2749) to work on /home/airflow/.local/lib/python3.7/site-packages/airflow/example_dags/example_short_circuit_decorator.py
[2023-03-16T23:57:47.427+0000] {processor.py:743} INFO - Processing file /home/airflow/.local/lib/python3.7/site-packages/airflow/example_dags/example_short_circuit_decorator.py for tasks to queue
[2023-03-16T23:57:47.431+0000] {logging_mixin.py:137} INFO - [2023-03-16T23:57:47.430+0000] {dagbag.py:538} INFO - Filling up the DagBag from /home/airflow/.local/lib/python3.7/site-packages/airflow/example_dags/example_short_circuit_decorator.py
[2023-03-16T23:57:47.485+0000] {processor.py:753} INFO - DAG(s) dict_keys(['example_short_circuit_decorator']) retrieved from /home/airflow/.local/lib/python3.7/site-packages/airflow/example_dags/example_short_circuit_decorator.py
[2023-03-16T23:57:47.534+0000] {logging_mixin.py:137} INFO - [2023-03-16T23:57:47.534+0000] {dag.py:2690} INFO - Sync 1 DAGs
[2023-03-16T23:57:47.594+0000] {logging_mixin.py:137} INFO - [2023-03-16T23:57:47.593+0000] {dag.py:3441} INFO - Setting next_dagrun for example_short_circuit_decorator to 2023-03-15T23:57:47.593362+00:00, run_after=2023-03-16T23:57:47.593362+00:00
[2023-03-16T23:57:47.658+0000] {processor.py:175} INFO - Processing /home/airflow/.local/lib/python3.7/site-packages/airflow/example_dags/example_short_circuit_decorator.py took 0.240 seconds
[2023-03-16T23:58:18.674+0000] {processor.py:153} INFO - Started process (PID=2822) to work on /home/airflow/.local/lib/python3.7/site-packages/airflow/example_dags/example_short_circuit_decorator.py
[2023-03-16T23:58:18.678+0000] {processor.py:743} INFO - Processing file /home/airflow/.local/lib/python3.7/site-packages/airflow/example_dags/example_short_circuit_decorator.py for tasks to queue
[2023-03-16T23:58:18.685+0000] {logging_mixin.py:137} INFO - [2023-03-16T23:58:18.684+0000] {dagbag.py:538} INFO - Filling up the DagBag from /home/airflow/.local/lib/python3.7/site-packages/airflow/example_dags/example_short_circuit_decorator.py
[2023-03-16T23:58:18.787+0000] {processor.py:753} INFO - DAG(s) dict_keys(['example_short_circuit_decorator']) retrieved from /home/airflow/.local/lib/python3.7/site-packages/airflow/example_dags/example_short_circuit_decorator.py
[2023-03-16T23:58:18.852+0000] {logging_mixin.py:137} INFO - [2023-03-16T23:58:18.851+0000] {dag.py:2690} INFO - Sync 1 DAGs
[2023-03-16T23:58:18.915+0000] {logging_mixin.py:137} INFO - [2023-03-16T23:58:18.914+0000] {dag.py:3441} INFO - Setting next_dagrun for example_short_circuit_decorator to 2023-03-15T23:58:18.914244+00:00, run_after=2023-03-16T23:58:18.914244+00:00
[2023-03-16T23:58:19.032+0000] {processor.py:175} INFO - Processing /home/airflow/.local/lib/python3.7/site-packages/airflow/example_dags/example_short_circuit_decorator.py took 0.372 seconds
[2023-03-16T23:58:49.686+0000] {processor.py:153} INFO - Started process (PID=2894) to work on /home/airflow/.local/lib/python3.7/site-packages/airflow/example_dags/example_short_circuit_decorator.py
[2023-03-16T23:58:49.688+0000] {processor.py:743} INFO - Processing file /home/airflow/.local/lib/python3.7/site-packages/airflow/example_dags/example_short_circuit_decorator.py for tasks to queue
[2023-03-16T23:58:49.689+0000] {logging_mixin.py:137} INFO - [2023-03-16T23:58:49.689+0000] {dagbag.py:538} INFO - Filling up the DagBag from /home/airflow/.local/lib/python3.7/site-packages/airflow/example_dags/example_short_circuit_decorator.py
[2023-03-16T23:58:49.751+0000] {processor.py:753} INFO - DAG(s) dict_keys(['example_short_circuit_decorator']) retrieved from /home/airflow/.local/lib/python3.7/site-packages/airflow/example_dags/example_short_circuit_decorator.py
[2023-03-16T23:58:49.842+0000] {logging_mixin.py:137} INFO - [2023-03-16T23:58:49.842+0000] {dag.py:2690} INFO - Sync 1 DAGs
[2023-03-16T23:58:49.956+0000] {logging_mixin.py:137} INFO - [2023-03-16T23:58:49.956+0000] {dag.py:3441} INFO - Setting next_dagrun for example_short_circuit_decorator to 2023-03-15T23:58:49.955399+00:00, run_after=2023-03-16T23:58:49.955399+00:00
[2023-03-16T23:58:50.082+0000] {processor.py:175} INFO - Processing /home/airflow/.local/lib/python3.7/site-packages/airflow/example_dags/example_short_circuit_decorator.py took 0.401 seconds
[2023-03-16T23:59:20.346+0000] {processor.py:153} INFO - Started process (PID=2967) to work on /home/airflow/.local/lib/python3.7/site-packages/airflow/example_dags/example_short_circuit_decorator.py
[2023-03-16T23:59:20.348+0000] {processor.py:743} INFO - Processing file /home/airflow/.local/lib/python3.7/site-packages/airflow/example_dags/example_short_circuit_decorator.py for tasks to queue
[2023-03-16T23:59:20.350+0000] {logging_mixin.py:137} INFO - [2023-03-16T23:59:20.350+0000] {dagbag.py:538} INFO - Filling up the DagBag from /home/airflow/.local/lib/python3.7/site-packages/airflow/example_dags/example_short_circuit_decorator.py
[2023-03-16T23:59:20.399+0000] {processor.py:753} INFO - DAG(s) dict_keys(['example_short_circuit_decorator']) retrieved from /home/airflow/.local/lib/python3.7/site-packages/airflow/example_dags/example_short_circuit_decorator.py
[2023-03-16T23:59:20.446+0000] {logging_mixin.py:137} INFO - [2023-03-16T23:59:20.446+0000] {dag.py:2690} INFO - Sync 1 DAGs
[2023-03-16T23:59:20.493+0000] {logging_mixin.py:137} INFO - [2023-03-16T23:59:20.493+0000] {dag.py:3441} INFO - Setting next_dagrun for example_short_circuit_decorator to 2023-03-15T23:59:20.492688+00:00, run_after=2023-03-16T23:59:20.492688+00:00
[2023-03-16T23:59:20.530+0000] {processor.py:175} INFO - Processing /home/airflow/.local/lib/python3.7/site-packages/airflow/example_dags/example_short_circuit_decorator.py took 0.190 seconds
[2023-03-16T23:59:51.088+0000] {processor.py:153} INFO - Started process (PID=3040) to work on /home/airflow/.local/lib/python3.7/site-packages/airflow/example_dags/example_short_circuit_decorator.py
[2023-03-16T23:59:51.090+0000] {processor.py:743} INFO - Processing file /home/airflow/.local/lib/python3.7/site-packages/airflow/example_dags/example_short_circuit_decorator.py for tasks to queue
[2023-03-16T23:59:51.091+0000] {logging_mixin.py:137} INFO - [2023-03-16T23:59:51.091+0000] {dagbag.py:538} INFO - Filling up the DagBag from /home/airflow/.local/lib/python3.7/site-packages/airflow/example_dags/example_short_circuit_decorator.py
[2023-03-16T23:59:51.130+0000] {processor.py:753} INFO - DAG(s) dict_keys(['example_short_circuit_decorator']) retrieved from /home/airflow/.local/lib/python3.7/site-packages/airflow/example_dags/example_short_circuit_decorator.py
[2023-03-16T23:59:51.173+0000] {logging_mixin.py:137} INFO - [2023-03-16T23:59:51.173+0000] {dag.py:2690} INFO - Sync 1 DAGs
[2023-03-16T23:59:51.211+0000] {logging_mixin.py:137} INFO - [2023-03-16T23:59:51.211+0000] {dag.py:3441} INFO - Setting next_dagrun for example_short_circuit_decorator to 2023-03-15T23:59:51.210711+00:00, run_after=2023-03-16T23:59:51.210711+00:00
[2023-03-16T23:59:51.258+0000] {processor.py:175} INFO - Processing /home/airflow/.local/lib/python3.7/site-packages/airflow/example_dags/example_short_circuit_decorator.py took 0.176 seconds
