[2023-03-16T23:38:55.382+0000] {processor.py:153} INFO - Started process (PID=134) to work on /home/airflow/.local/lib/python3.7/site-packages/airflow/example_dags/example_latest_only_with_trigger.py
[2023-03-16T23:38:55.421+0000] {processor.py:743} INFO - Processing file /home/airflow/.local/lib/python3.7/site-packages/airflow/example_dags/example_latest_only_with_trigger.py for tasks to queue
[2023-03-16T23:38:55.455+0000] {logging_mixin.py:137} INFO - [2023-03-16T23:38:55.454+0000] {dagbag.py:538} INFO - Filling up the DagBag from /home/airflow/.local/lib/python3.7/site-packages/airflow/example_dags/example_latest_only_with_trigger.py
[2023-03-16T23:38:55.558+0000] {processor.py:753} INFO - DAG(s) dict_keys(['latest_only_with_trigger']) retrieved from /home/airflow/.local/lib/python3.7/site-packages/airflow/example_dags/example_latest_only_with_trigger.py
[2023-03-16T23:38:55.712+0000] {logging_mixin.py:137} INFO - [2023-03-16T23:38:55.711+0000] {dag.py:2690} INFO - Sync 1 DAGs
[2023-03-16T23:38:55.865+0000] {logging_mixin.py:137} INFO - [2023-03-16T23:38:55.865+0000] {dag.py:3441} INFO - Setting next_dagrun for latest_only_with_trigger to 2023-03-16T19:38:55.864801+00:00, run_after=2023-03-16T23:38:55.864801+00:00
[2023-03-16T23:38:55.976+0000] {processor.py:175} INFO - Processing /home/airflow/.local/lib/python3.7/site-packages/airflow/example_dags/example_latest_only_with_trigger.py took 0.602 seconds
[2023-03-16T23:39:26.836+0000] {processor.py:153} INFO - Started process (PID=208) to work on /home/airflow/.local/lib/python3.7/site-packages/airflow/example_dags/example_latest_only_with_trigger.py
[2023-03-16T23:39:26.839+0000] {processor.py:743} INFO - Processing file /home/airflow/.local/lib/python3.7/site-packages/airflow/example_dags/example_latest_only_with_trigger.py for tasks to queue
[2023-03-16T23:39:26.841+0000] {logging_mixin.py:137} INFO - [2023-03-16T23:39:26.840+0000] {dagbag.py:538} INFO - Filling up the DagBag from /home/airflow/.local/lib/python3.7/site-packages/airflow/example_dags/example_latest_only_with_trigger.py
[2023-03-16T23:39:26.956+0000] {processor.py:753} INFO - DAG(s) dict_keys(['latest_only_with_trigger']) retrieved from /home/airflow/.local/lib/python3.7/site-packages/airflow/example_dags/example_latest_only_with_trigger.py
[2023-03-16T23:39:27.101+0000] {logging_mixin.py:137} INFO - [2023-03-16T23:39:27.100+0000] {dag.py:2690} INFO - Sync 1 DAGs
[2023-03-16T23:39:27.186+0000] {logging_mixin.py:137} INFO - [2023-03-16T23:39:27.185+0000] {dag.py:3441} INFO - Setting next_dagrun for latest_only_with_trigger to 2023-03-16T19:39:27.185204+00:00, run_after=2023-03-16T23:39:27.185204+00:00
[2023-03-16T23:39:27.294+0000] {processor.py:175} INFO - Processing /home/airflow/.local/lib/python3.7/site-packages/airflow/example_dags/example_latest_only_with_trigger.py took 0.470 seconds
[2023-03-16T23:39:57.755+0000] {processor.py:153} INFO - Started process (PID=265) to work on /home/airflow/.local/lib/python3.7/site-packages/airflow/example_dags/example_latest_only_with_trigger.py
[2023-03-16T23:39:57.758+0000] {processor.py:743} INFO - Processing file /home/airflow/.local/lib/python3.7/site-packages/airflow/example_dags/example_latest_only_with_trigger.py for tasks to queue
[2023-03-16T23:39:57.762+0000] {logging_mixin.py:137} INFO - [2023-03-16T23:39:57.761+0000] {dagbag.py:538} INFO - Filling up the DagBag from /home/airflow/.local/lib/python3.7/site-packages/airflow/example_dags/example_latest_only_with_trigger.py
[2023-03-16T23:39:57.797+0000] {processor.py:753} INFO - DAG(s) dict_keys(['latest_only_with_trigger']) retrieved from /home/airflow/.local/lib/python3.7/site-packages/airflow/example_dags/example_latest_only_with_trigger.py
[2023-03-16T23:39:57.854+0000] {logging_mixin.py:137} INFO - [2023-03-16T23:39:57.853+0000] {dag.py:2690} INFO - Sync 1 DAGs
[2023-03-16T23:39:57.901+0000] {logging_mixin.py:137} INFO - [2023-03-16T23:39:57.901+0000] {dag.py:3441} INFO - Setting next_dagrun for latest_only_with_trigger to 2023-03-16T19:39:57.901279+00:00, run_after=2023-03-16T23:39:57.901279+00:00
[2023-03-16T23:39:57.942+0000] {processor.py:175} INFO - Processing /home/airflow/.local/lib/python3.7/site-packages/airflow/example_dags/example_latest_only_with_trigger.py took 0.195 seconds
[2023-03-16T23:40:28.766+0000] {processor.py:153} INFO - Started process (PID=339) to work on /home/airflow/.local/lib/python3.7/site-packages/airflow/example_dags/example_latest_only_with_trigger.py
[2023-03-16T23:40:28.771+0000] {processor.py:743} INFO - Processing file /home/airflow/.local/lib/python3.7/site-packages/airflow/example_dags/example_latest_only_with_trigger.py for tasks to queue
[2023-03-16T23:40:28.773+0000] {logging_mixin.py:137} INFO - [2023-03-16T23:40:28.773+0000] {dagbag.py:538} INFO - Filling up the DagBag from /home/airflow/.local/lib/python3.7/site-packages/airflow/example_dags/example_latest_only_with_trigger.py
[2023-03-16T23:40:28.820+0000] {processor.py:753} INFO - DAG(s) dict_keys(['latest_only_with_trigger']) retrieved from /home/airflow/.local/lib/python3.7/site-packages/airflow/example_dags/example_latest_only_with_trigger.py
[2023-03-16T23:40:28.883+0000] {logging_mixin.py:137} INFO - [2023-03-16T23:40:28.883+0000] {dag.py:2690} INFO - Sync 1 DAGs
[2023-03-16T23:40:28.947+0000] {logging_mixin.py:137} INFO - [2023-03-16T23:40:28.946+0000] {dag.py:3441} INFO - Setting next_dagrun for latest_only_with_trigger to 2023-03-16T19:40:28.946248+00:00, run_after=2023-03-16T23:40:28.946248+00:00
[2023-03-16T23:40:28.998+0000] {processor.py:175} INFO - Processing /home/airflow/.local/lib/python3.7/site-packages/airflow/example_dags/example_latest_only_with_trigger.py took 0.243 seconds
[2023-03-16T23:40:59.696+0000] {processor.py:153} INFO - Started process (PID=413) to work on /home/airflow/.local/lib/python3.7/site-packages/airflow/example_dags/example_latest_only_with_trigger.py
[2023-03-16T23:40:59.705+0000] {processor.py:743} INFO - Processing file /home/airflow/.local/lib/python3.7/site-packages/airflow/example_dags/example_latest_only_with_trigger.py for tasks to queue
[2023-03-16T23:40:59.708+0000] {logging_mixin.py:137} INFO - [2023-03-16T23:40:59.707+0000] {dagbag.py:538} INFO - Filling up the DagBag from /home/airflow/.local/lib/python3.7/site-packages/airflow/example_dags/example_latest_only_with_trigger.py
[2023-03-16T23:40:59.780+0000] {processor.py:753} INFO - DAG(s) dict_keys(['latest_only_with_trigger']) retrieved from /home/airflow/.local/lib/python3.7/site-packages/airflow/example_dags/example_latest_only_with_trigger.py
[2023-03-16T23:40:59.900+0000] {logging_mixin.py:137} INFO - [2023-03-16T23:40:59.900+0000] {dag.py:2690} INFO - Sync 1 DAGs
[2023-03-16T23:40:59.997+0000] {logging_mixin.py:137} INFO - [2023-03-16T23:40:59.997+0000] {dag.py:3441} INFO - Setting next_dagrun for latest_only_with_trigger to 2023-03-16T19:40:59.996944+00:00, run_after=2023-03-16T23:40:59.996944+00:00
[2023-03-16T23:41:00.079+0000] {processor.py:175} INFO - Processing /home/airflow/.local/lib/python3.7/site-packages/airflow/example_dags/example_latest_only_with_trigger.py took 0.390 seconds
[2023-03-16T23:41:31.382+0000] {processor.py:153} INFO - Started process (PID=486) to work on /home/airflow/.local/lib/python3.7/site-packages/airflow/example_dags/example_latest_only_with_trigger.py
[2023-03-16T23:41:31.385+0000] {processor.py:743} INFO - Processing file /home/airflow/.local/lib/python3.7/site-packages/airflow/example_dags/example_latest_only_with_trigger.py for tasks to queue
[2023-03-16T23:41:31.387+0000] {logging_mixin.py:137} INFO - [2023-03-16T23:41:31.387+0000] {dagbag.py:538} INFO - Filling up the DagBag from /home/airflow/.local/lib/python3.7/site-packages/airflow/example_dags/example_latest_only_with_trigger.py
[2023-03-16T23:41:31.427+0000] {processor.py:753} INFO - DAG(s) dict_keys(['latest_only_with_trigger']) retrieved from /home/airflow/.local/lib/python3.7/site-packages/airflow/example_dags/example_latest_only_with_trigger.py
[2023-03-16T23:41:31.478+0000] {logging_mixin.py:137} INFO - [2023-03-16T23:41:31.478+0000] {dag.py:2690} INFO - Sync 1 DAGs
[2023-03-16T23:41:31.527+0000] {logging_mixin.py:137} INFO - [2023-03-16T23:41:31.527+0000] {dag.py:3441} INFO - Setting next_dagrun for latest_only_with_trigger to 2023-03-16T19:41:31.526276+00:00, run_after=2023-03-16T23:41:31.526276+00:00
[2023-03-16T23:41:31.565+0000] {processor.py:175} INFO - Processing /home/airflow/.local/lib/python3.7/site-packages/airflow/example_dags/example_latest_only_with_trigger.py took 0.191 seconds
[2023-03-16T23:42:02.383+0000] {processor.py:153} INFO - Started process (PID=560) to work on /home/airflow/.local/lib/python3.7/site-packages/airflow/example_dags/example_latest_only_with_trigger.py
[2023-03-16T23:42:02.397+0000] {processor.py:743} INFO - Processing file /home/airflow/.local/lib/python3.7/site-packages/airflow/example_dags/example_latest_only_with_trigger.py for tasks to queue
[2023-03-16T23:42:02.399+0000] {logging_mixin.py:137} INFO - [2023-03-16T23:42:02.398+0000] {dagbag.py:538} INFO - Filling up the DagBag from /home/airflow/.local/lib/python3.7/site-packages/airflow/example_dags/example_latest_only_with_trigger.py
[2023-03-16T23:42:02.465+0000] {processor.py:753} INFO - DAG(s) dict_keys(['latest_only_with_trigger']) retrieved from /home/airflow/.local/lib/python3.7/site-packages/airflow/example_dags/example_latest_only_with_trigger.py
[2023-03-16T23:42:02.596+0000] {logging_mixin.py:137} INFO - [2023-03-16T23:42:02.595+0000] {dag.py:2690} INFO - Sync 1 DAGs
[2023-03-16T23:42:02.686+0000] {logging_mixin.py:137} INFO - [2023-03-16T23:42:02.686+0000] {dag.py:3441} INFO - Setting next_dagrun for latest_only_with_trigger to 2023-03-16T19:42:02.685622+00:00, run_after=2023-03-16T23:42:02.685622+00:00
[2023-03-16T23:42:02.817+0000] {processor.py:175} INFO - Processing /home/airflow/.local/lib/python3.7/site-packages/airflow/example_dags/example_latest_only_with_trigger.py took 0.441 seconds
[2023-03-16T23:42:33.737+0000] {processor.py:153} INFO - Started process (PID=617) to work on /home/airflow/.local/lib/python3.7/site-packages/airflow/example_dags/example_latest_only_with_trigger.py
[2023-03-16T23:42:33.738+0000] {processor.py:743} INFO - Processing file /home/airflow/.local/lib/python3.7/site-packages/airflow/example_dags/example_latest_only_with_trigger.py for tasks to queue
[2023-03-16T23:42:33.740+0000] {logging_mixin.py:137} INFO - [2023-03-16T23:42:33.740+0000] {dagbag.py:538} INFO - Filling up the DagBag from /home/airflow/.local/lib/python3.7/site-packages/airflow/example_dags/example_latest_only_with_trigger.py
[2023-03-16T23:42:33.777+0000] {processor.py:753} INFO - DAG(s) dict_keys(['latest_only_with_trigger']) retrieved from /home/airflow/.local/lib/python3.7/site-packages/airflow/example_dags/example_latest_only_with_trigger.py
[2023-03-16T23:42:33.827+0000] {logging_mixin.py:137} INFO - [2023-03-16T23:42:33.827+0000] {dag.py:2690} INFO - Sync 1 DAGs
[2023-03-16T23:42:33.866+0000] {logging_mixin.py:137} INFO - [2023-03-16T23:42:33.866+0000] {dag.py:3441} INFO - Setting next_dagrun for latest_only_with_trigger to 2023-03-16T19:42:33.866362+00:00, run_after=2023-03-16T23:42:33.866362+00:00
[2023-03-16T23:42:33.916+0000] {processor.py:175} INFO - Processing /home/airflow/.local/lib/python3.7/site-packages/airflow/example_dags/example_latest_only_with_trigger.py took 0.185 seconds
[2023-03-16T23:43:04.665+0000] {processor.py:153} INFO - Started process (PID=690) to work on /home/airflow/.local/lib/python3.7/site-packages/airflow/example_dags/example_latest_only_with_trigger.py
[2023-03-16T23:43:04.678+0000] {processor.py:743} INFO - Processing file /home/airflow/.local/lib/python3.7/site-packages/airflow/example_dags/example_latest_only_with_trigger.py for tasks to queue
[2023-03-16T23:43:04.689+0000] {logging_mixin.py:137} INFO - [2023-03-16T23:43:04.689+0000] {dagbag.py:538} INFO - Filling up the DagBag from /home/airflow/.local/lib/python3.7/site-packages/airflow/example_dags/example_latest_only_with_trigger.py
[2023-03-16T23:43:04.760+0000] {processor.py:753} INFO - DAG(s) dict_keys(['latest_only_with_trigger']) retrieved from /home/airflow/.local/lib/python3.7/site-packages/airflow/example_dags/example_latest_only_with_trigger.py
[2023-03-16T23:43:04.856+0000] {logging_mixin.py:137} INFO - [2023-03-16T23:43:04.856+0000] {dag.py:2690} INFO - Sync 1 DAGs
[2023-03-16T23:43:04.966+0000] {logging_mixin.py:137} INFO - [2023-03-16T23:43:04.965+0000] {dag.py:3441} INFO - Setting next_dagrun for latest_only_with_trigger to 2023-03-16T19:43:04.965378+00:00, run_after=2023-03-16T23:43:04.965378+00:00
[2023-03-16T23:43:05.056+0000] {processor.py:175} INFO - Processing /home/airflow/.local/lib/python3.7/site-packages/airflow/example_dags/example_latest_only_with_trigger.py took 0.409 seconds
[2023-03-16T23:43:35.769+0000] {processor.py:153} INFO - Started process (PID=763) to work on /home/airflow/.local/lib/python3.7/site-packages/airflow/example_dags/example_latest_only_with_trigger.py
[2023-03-16T23:43:35.772+0000] {processor.py:743} INFO - Processing file /home/airflow/.local/lib/python3.7/site-packages/airflow/example_dags/example_latest_only_with_trigger.py for tasks to queue
[2023-03-16T23:43:35.783+0000] {logging_mixin.py:137} INFO - [2023-03-16T23:43:35.783+0000] {dagbag.py:538} INFO - Filling up the DagBag from /home/airflow/.local/lib/python3.7/site-packages/airflow/example_dags/example_latest_only_with_trigger.py
[2023-03-16T23:43:35.853+0000] {processor.py:753} INFO - DAG(s) dict_keys(['latest_only_with_trigger']) retrieved from /home/airflow/.local/lib/python3.7/site-packages/airflow/example_dags/example_latest_only_with_trigger.py
[2023-03-16T23:43:35.979+0000] {logging_mixin.py:137} INFO - [2023-03-16T23:43:35.978+0000] {dag.py:2690} INFO - Sync 1 DAGs
[2023-03-16T23:43:36.118+0000] {logging_mixin.py:137} INFO - [2023-03-16T23:43:36.117+0000] {dag.py:3441} INFO - Setting next_dagrun for latest_only_with_trigger to 2023-03-16T19:43:36.117207+00:00, run_after=2023-03-16T23:43:36.117207+00:00
[2023-03-16T23:43:36.278+0000] {processor.py:175} INFO - Processing /home/airflow/.local/lib/python3.7/site-packages/airflow/example_dags/example_latest_only_with_trigger.py took 0.516 seconds
[2023-03-16T23:44:06.651+0000] {processor.py:153} INFO - Started process (PID=820) to work on /home/airflow/.local/lib/python3.7/site-packages/airflow/example_dags/example_latest_only_with_trigger.py
[2023-03-16T23:44:06.653+0000] {processor.py:743} INFO - Processing file /home/airflow/.local/lib/python3.7/site-packages/airflow/example_dags/example_latest_only_with_trigger.py for tasks to queue
[2023-03-16T23:44:06.658+0000] {logging_mixin.py:137} INFO - [2023-03-16T23:44:06.656+0000] {dagbag.py:538} INFO - Filling up the DagBag from /home/airflow/.local/lib/python3.7/site-packages/airflow/example_dags/example_latest_only_with_trigger.py
[2023-03-16T23:44:06.700+0000] {processor.py:753} INFO - DAG(s) dict_keys(['latest_only_with_trigger']) retrieved from /home/airflow/.local/lib/python3.7/site-packages/airflow/example_dags/example_latest_only_with_trigger.py
[2023-03-16T23:44:06.774+0000] {logging_mixin.py:137} INFO - [2023-03-16T23:44:06.774+0000] {dag.py:2690} INFO - Sync 1 DAGs
[2023-03-16T23:44:06.871+0000] {logging_mixin.py:137} INFO - [2023-03-16T23:44:06.870+0000] {dag.py:3441} INFO - Setting next_dagrun for latest_only_with_trigger to 2023-03-16T19:44:06.870008+00:00, run_after=2023-03-16T23:44:06.870008+00:00
[2023-03-16T23:44:07.121+0000] {processor.py:175} INFO - Processing /home/airflow/.local/lib/python3.7/site-packages/airflow/example_dags/example_latest_only_with_trigger.py took 0.478 seconds
[2023-03-16T23:44:38.559+0000] {processor.py:153} INFO - Started process (PID=894) to work on /home/airflow/.local/lib/python3.7/site-packages/airflow/example_dags/example_latest_only_with_trigger.py
[2023-03-16T23:44:38.561+0000] {processor.py:743} INFO - Processing file /home/airflow/.local/lib/python3.7/site-packages/airflow/example_dags/example_latest_only_with_trigger.py for tasks to queue
[2023-03-16T23:44:38.576+0000] {logging_mixin.py:137} INFO - [2023-03-16T23:44:38.575+0000] {dagbag.py:538} INFO - Filling up the DagBag from /home/airflow/.local/lib/python3.7/site-packages/airflow/example_dags/example_latest_only_with_trigger.py
[2023-03-16T23:44:38.704+0000] {processor.py:753} INFO - DAG(s) dict_keys(['latest_only_with_trigger']) retrieved from /home/airflow/.local/lib/python3.7/site-packages/airflow/example_dags/example_latest_only_with_trigger.py
[2023-03-16T23:44:38.848+0000] {logging_mixin.py:137} INFO - [2023-03-16T23:44:38.848+0000] {dag.py:2690} INFO - Sync 1 DAGs
[2023-03-16T23:44:39.035+0000] {logging_mixin.py:137} INFO - [2023-03-16T23:44:39.034+0000] {dag.py:3441} INFO - Setting next_dagrun for latest_only_with_trigger to 2023-03-16T19:44:39.034053+00:00, run_after=2023-03-16T23:44:39.034053+00:00
[2023-03-16T23:44:39.163+0000] {processor.py:175} INFO - Processing /home/airflow/.local/lib/python3.7/site-packages/airflow/example_dags/example_latest_only_with_trigger.py took 0.623 seconds
[2023-03-16T23:45:09.817+0000] {processor.py:153} INFO - Started process (PID=961) to work on /home/airflow/.local/lib/python3.7/site-packages/airflow/example_dags/example_latest_only_with_trigger.py
[2023-03-16T23:45:09.848+0000] {processor.py:743} INFO - Processing file /home/airflow/.local/lib/python3.7/site-packages/airflow/example_dags/example_latest_only_with_trigger.py for tasks to queue
[2023-03-16T23:45:09.867+0000] {logging_mixin.py:137} INFO - [2023-03-16T23:45:09.866+0000] {dagbag.py:538} INFO - Filling up the DagBag from /home/airflow/.local/lib/python3.7/site-packages/airflow/example_dags/example_latest_only_with_trigger.py
[2023-03-16T23:45:09.981+0000] {processor.py:753} INFO - DAG(s) dict_keys(['latest_only_with_trigger']) retrieved from /home/airflow/.local/lib/python3.7/site-packages/airflow/example_dags/example_latest_only_with_trigger.py
[2023-03-16T23:45:10.128+0000] {logging_mixin.py:137} INFO - [2023-03-16T23:45:10.127+0000] {dag.py:2690} INFO - Sync 1 DAGs
[2023-03-16T23:45:10.316+0000] {logging_mixin.py:137} INFO - [2023-03-16T23:45:10.316+0000] {dag.py:3441} INFO - Setting next_dagrun for latest_only_with_trigger to 2023-03-16T19:45:10.305871+00:00, run_after=2023-03-16T23:45:10.305871+00:00
[2023-03-16T23:45:10.443+0000] {processor.py:175} INFO - Processing /home/airflow/.local/lib/python3.7/site-packages/airflow/example_dags/example_latest_only_with_trigger.py took 0.642 seconds
[2023-03-16T23:45:40.561+0000] {processor.py:153} INFO - Started process (PID=1025) to work on /home/airflow/.local/lib/python3.7/site-packages/airflow/example_dags/example_latest_only_with_trigger.py
[2023-03-16T23:45:40.565+0000] {processor.py:743} INFO - Processing file /home/airflow/.local/lib/python3.7/site-packages/airflow/example_dags/example_latest_only_with_trigger.py for tasks to queue
[2023-03-16T23:45:40.570+0000] {logging_mixin.py:137} INFO - [2023-03-16T23:45:40.570+0000] {dagbag.py:538} INFO - Filling up the DagBag from /home/airflow/.local/lib/python3.7/site-packages/airflow/example_dags/example_latest_only_with_trigger.py
[2023-03-16T23:45:40.613+0000] {processor.py:753} INFO - DAG(s) dict_keys(['latest_only_with_trigger']) retrieved from /home/airflow/.local/lib/python3.7/site-packages/airflow/example_dags/example_latest_only_with_trigger.py
[2023-03-16T23:45:40.701+0000] {logging_mixin.py:137} INFO - [2023-03-16T23:45:40.700+0000] {dag.py:2690} INFO - Sync 1 DAGs
[2023-03-16T23:45:40.775+0000] {logging_mixin.py:137} INFO - [2023-03-16T23:45:40.774+0000] {dag.py:3441} INFO - Setting next_dagrun for latest_only_with_trigger to 2023-03-16T19:45:40.772962+00:00, run_after=2023-03-16T23:45:40.772962+00:00
[2023-03-16T23:45:40.848+0000] {processor.py:175} INFO - Processing /home/airflow/.local/lib/python3.7/site-packages/airflow/example_dags/example_latest_only_with_trigger.py took 0.294 seconds
[2023-03-16T23:46:11.020+0000] {processor.py:153} INFO - Started process (PID=1091) to work on /home/airflow/.local/lib/python3.7/site-packages/airflow/example_dags/example_latest_only_with_trigger.py
[2023-03-16T23:46:11.025+0000] {processor.py:743} INFO - Processing file /home/airflow/.local/lib/python3.7/site-packages/airflow/example_dags/example_latest_only_with_trigger.py for tasks to queue
[2023-03-16T23:46:11.027+0000] {logging_mixin.py:137} INFO - [2023-03-16T23:46:11.026+0000] {dagbag.py:538} INFO - Filling up the DagBag from /home/airflow/.local/lib/python3.7/site-packages/airflow/example_dags/example_latest_only_with_trigger.py
[2023-03-16T23:46:11.195+0000] {processor.py:753} INFO - DAG(s) dict_keys(['latest_only_with_trigger']) retrieved from /home/airflow/.local/lib/python3.7/site-packages/airflow/example_dags/example_latest_only_with_trigger.py
[2023-03-16T23:46:11.315+0000] {logging_mixin.py:137} INFO - [2023-03-16T23:46:11.315+0000] {dag.py:2690} INFO - Sync 1 DAGs
[2023-03-16T23:46:11.429+0000] {logging_mixin.py:137} INFO - [2023-03-16T23:46:11.429+0000] {dag.py:3441} INFO - Setting next_dagrun for latest_only_with_trigger to 2023-03-16T19:46:11.428987+00:00, run_after=2023-03-16T23:46:11.428987+00:00
[2023-03-16T23:46:11.521+0000] {processor.py:175} INFO - Processing /home/airflow/.local/lib/python3.7/site-packages/airflow/example_dags/example_latest_only_with_trigger.py took 0.518 seconds
[2023-03-16T23:46:42.604+0000] {processor.py:153} INFO - Started process (PID=1154) to work on /home/airflow/.local/lib/python3.7/site-packages/airflow/example_dags/example_latest_only_with_trigger.py
[2023-03-16T23:46:42.612+0000] {processor.py:743} INFO - Processing file /home/airflow/.local/lib/python3.7/site-packages/airflow/example_dags/example_latest_only_with_trigger.py for tasks to queue
[2023-03-16T23:46:42.618+0000] {logging_mixin.py:137} INFO - [2023-03-16T23:46:42.617+0000] {dagbag.py:538} INFO - Filling up the DagBag from /home/airflow/.local/lib/python3.7/site-packages/airflow/example_dags/example_latest_only_with_trigger.py
[2023-03-16T23:46:42.675+0000] {processor.py:753} INFO - DAG(s) dict_keys(['latest_only_with_trigger']) retrieved from /home/airflow/.local/lib/python3.7/site-packages/airflow/example_dags/example_latest_only_with_trigger.py
[2023-03-16T23:46:42.767+0000] {logging_mixin.py:137} INFO - [2023-03-16T23:46:42.767+0000] {dag.py:2690} INFO - Sync 1 DAGs
[2023-03-16T23:46:42.866+0000] {logging_mixin.py:137} INFO - [2023-03-16T23:46:42.866+0000] {dag.py:3441} INFO - Setting next_dagrun for latest_only_with_trigger to 2023-03-16T19:46:42.865803+00:00, run_after=2023-03-16T23:46:42.865803+00:00
[2023-03-16T23:46:42.961+0000] {processor.py:175} INFO - Processing /home/airflow/.local/lib/python3.7/site-packages/airflow/example_dags/example_latest_only_with_trigger.py took 0.366 seconds
[2023-03-16T23:47:13.579+0000] {processor.py:153} INFO - Started process (PID=1227) to work on /home/airflow/.local/lib/python3.7/site-packages/airflow/example_dags/example_latest_only_with_trigger.py
[2023-03-16T23:47:13.581+0000] {processor.py:743} INFO - Processing file /home/airflow/.local/lib/python3.7/site-packages/airflow/example_dags/example_latest_only_with_trigger.py for tasks to queue
[2023-03-16T23:47:13.583+0000] {logging_mixin.py:137} INFO - [2023-03-16T23:47:13.582+0000] {dagbag.py:538} INFO - Filling up the DagBag from /home/airflow/.local/lib/python3.7/site-packages/airflow/example_dags/example_latest_only_with_trigger.py
[2023-03-16T23:47:13.630+0000] {processor.py:753} INFO - DAG(s) dict_keys(['latest_only_with_trigger']) retrieved from /home/airflow/.local/lib/python3.7/site-packages/airflow/example_dags/example_latest_only_with_trigger.py
[2023-03-16T23:47:13.706+0000] {logging_mixin.py:137} INFO - [2023-03-16T23:47:13.705+0000] {dag.py:2690} INFO - Sync 1 DAGs
[2023-03-16T23:47:13.760+0000] {logging_mixin.py:137} INFO - [2023-03-16T23:47:13.760+0000] {dag.py:3441} INFO - Setting next_dagrun for latest_only_with_trigger to 2023-03-16T19:47:13.759732+00:00, run_after=2023-03-16T23:47:13.759732+00:00
[2023-03-16T23:47:13.815+0000] {processor.py:175} INFO - Processing /home/airflow/.local/lib/python3.7/site-packages/airflow/example_dags/example_latest_only_with_trigger.py took 0.244 seconds
[2023-03-16T23:47:44.222+0000] {processor.py:153} INFO - Started process (PID=1300) to work on /home/airflow/.local/lib/python3.7/site-packages/airflow/example_dags/example_latest_only_with_trigger.py
[2023-03-16T23:47:44.224+0000] {processor.py:743} INFO - Processing file /home/airflow/.local/lib/python3.7/site-packages/airflow/example_dags/example_latest_only_with_trigger.py for tasks to queue
[2023-03-16T23:47:44.225+0000] {logging_mixin.py:137} INFO - [2023-03-16T23:47:44.225+0000] {dagbag.py:538} INFO - Filling up the DagBag from /home/airflow/.local/lib/python3.7/site-packages/airflow/example_dags/example_latest_only_with_trigger.py
[2023-03-16T23:47:44.245+0000] {processor.py:753} INFO - DAG(s) dict_keys(['latest_only_with_trigger']) retrieved from /home/airflow/.local/lib/python3.7/site-packages/airflow/example_dags/example_latest_only_with_trigger.py
[2023-03-16T23:47:44.288+0000] {logging_mixin.py:137} INFO - [2023-03-16T23:47:44.288+0000] {dag.py:2690} INFO - Sync 1 DAGs
[2023-03-16T23:47:44.348+0000] {logging_mixin.py:137} INFO - [2023-03-16T23:47:44.348+0000] {dag.py:3441} INFO - Setting next_dagrun for latest_only_with_trigger to 2023-03-16T19:47:44.347905+00:00, run_after=2023-03-16T23:47:44.347905+00:00
[2023-03-16T23:47:44.400+0000] {processor.py:175} INFO - Processing /home/airflow/.local/lib/python3.7/site-packages/airflow/example_dags/example_latest_only_with_trigger.py took 0.183 seconds
[2023-03-16T23:48:14.681+0000] {processor.py:153} INFO - Started process (PID=1373) to work on /home/airflow/.local/lib/python3.7/site-packages/airflow/example_dags/example_latest_only_with_trigger.py
[2023-03-16T23:48:14.690+0000] {processor.py:743} INFO - Processing file /home/airflow/.local/lib/python3.7/site-packages/airflow/example_dags/example_latest_only_with_trigger.py for tasks to queue
[2023-03-16T23:48:14.693+0000] {logging_mixin.py:137} INFO - [2023-03-16T23:48:14.692+0000] {dagbag.py:538} INFO - Filling up the DagBag from /home/airflow/.local/lib/python3.7/site-packages/airflow/example_dags/example_latest_only_with_trigger.py
[2023-03-16T23:48:14.753+0000] {processor.py:753} INFO - DAG(s) dict_keys(['latest_only_with_trigger']) retrieved from /home/airflow/.local/lib/python3.7/site-packages/airflow/example_dags/example_latest_only_with_trigger.py
[2023-03-16T23:48:14.838+0000] {logging_mixin.py:137} INFO - [2023-03-16T23:48:14.838+0000] {dag.py:2690} INFO - Sync 1 DAGs
[2023-03-16T23:48:14.917+0000] {logging_mixin.py:137} INFO - [2023-03-16T23:48:14.916+0000] {dag.py:3441} INFO - Setting next_dagrun for latest_only_with_trigger to 2023-03-16T19:48:14.916147+00:00, run_after=2023-03-16T23:48:14.916147+00:00
[2023-03-16T23:48:14.986+0000] {processor.py:175} INFO - Processing /home/airflow/.local/lib/python3.7/site-packages/airflow/example_dags/example_latest_only_with_trigger.py took 0.315 seconds
[2023-03-16T23:48:45.130+0000] {processor.py:153} INFO - Started process (PID=1446) to work on /home/airflow/.local/lib/python3.7/site-packages/airflow/example_dags/example_latest_only_with_trigger.py
[2023-03-16T23:48:45.132+0000] {processor.py:743} INFO - Processing file /home/airflow/.local/lib/python3.7/site-packages/airflow/example_dags/example_latest_only_with_trigger.py for tasks to queue
[2023-03-16T23:48:45.134+0000] {logging_mixin.py:137} INFO - [2023-03-16T23:48:45.134+0000] {dagbag.py:538} INFO - Filling up the DagBag from /home/airflow/.local/lib/python3.7/site-packages/airflow/example_dags/example_latest_only_with_trigger.py
[2023-03-16T23:48:45.158+0000] {processor.py:753} INFO - DAG(s) dict_keys(['latest_only_with_trigger']) retrieved from /home/airflow/.local/lib/python3.7/site-packages/airflow/example_dags/example_latest_only_with_trigger.py
[2023-03-16T23:48:45.205+0000] {logging_mixin.py:137} INFO - [2023-03-16T23:48:45.204+0000] {dag.py:2690} INFO - Sync 1 DAGs
[2023-03-16T23:48:45.277+0000] {logging_mixin.py:137} INFO - [2023-03-16T23:48:45.276+0000] {dag.py:3441} INFO - Setting next_dagrun for latest_only_with_trigger to 2023-03-16T19:48:45.276361+00:00, run_after=2023-03-16T23:48:45.276361+00:00
[2023-03-16T23:48:45.362+0000] {processor.py:175} INFO - Processing /home/airflow/.local/lib/python3.7/site-packages/airflow/example_dags/example_latest_only_with_trigger.py took 0.237 seconds
[2023-03-16T23:49:15.745+0000] {processor.py:153} INFO - Started process (PID=1519) to work on /home/airflow/.local/lib/python3.7/site-packages/airflow/example_dags/example_latest_only_with_trigger.py
[2023-03-16T23:49:15.747+0000] {processor.py:743} INFO - Processing file /home/airflow/.local/lib/python3.7/site-packages/airflow/example_dags/example_latest_only_with_trigger.py for tasks to queue
[2023-03-16T23:49:15.748+0000] {logging_mixin.py:137} INFO - [2023-03-16T23:49:15.748+0000] {dagbag.py:538} INFO - Filling up the DagBag from /home/airflow/.local/lib/python3.7/site-packages/airflow/example_dags/example_latest_only_with_trigger.py
[2023-03-16T23:49:15.778+0000] {processor.py:753} INFO - DAG(s) dict_keys(['latest_only_with_trigger']) retrieved from /home/airflow/.local/lib/python3.7/site-packages/airflow/example_dags/example_latest_only_with_trigger.py
[2023-03-16T23:49:15.833+0000] {logging_mixin.py:137} INFO - [2023-03-16T23:49:15.833+0000] {dag.py:2690} INFO - Sync 1 DAGs
[2023-03-16T23:49:15.892+0000] {logging_mixin.py:137} INFO - [2023-03-16T23:49:15.892+0000] {dag.py:3441} INFO - Setting next_dagrun for latest_only_with_trigger to 2023-03-16T19:49:15.891621+00:00, run_after=2023-03-16T23:49:15.891621+00:00
[2023-03-16T23:49:15.947+0000] {processor.py:175} INFO - Processing /home/airflow/.local/lib/python3.7/site-packages/airflow/example_dags/example_latest_only_with_trigger.py took 0.207 seconds
[2023-03-16T23:49:47.403+0000] {processor.py:153} INFO - Started process (PID=1592) to work on /home/airflow/.local/lib/python3.7/site-packages/airflow/example_dags/example_latest_only_with_trigger.py
[2023-03-16T23:49:47.405+0000] {processor.py:743} INFO - Processing file /home/airflow/.local/lib/python3.7/site-packages/airflow/example_dags/example_latest_only_with_trigger.py for tasks to queue
[2023-03-16T23:49:47.407+0000] {logging_mixin.py:137} INFO - [2023-03-16T23:49:47.407+0000] {dagbag.py:538} INFO - Filling up the DagBag from /home/airflow/.local/lib/python3.7/site-packages/airflow/example_dags/example_latest_only_with_trigger.py
[2023-03-16T23:49:47.452+0000] {processor.py:753} INFO - DAG(s) dict_keys(['latest_only_with_trigger']) retrieved from /home/airflow/.local/lib/python3.7/site-packages/airflow/example_dags/example_latest_only_with_trigger.py
[2023-03-16T23:49:47.524+0000] {logging_mixin.py:137} INFO - [2023-03-16T23:49:47.523+0000] {dag.py:2690} INFO - Sync 1 DAGs
[2023-03-16T23:49:47.603+0000] {logging_mixin.py:137} INFO - [2023-03-16T23:49:47.603+0000] {dag.py:3441} INFO - Setting next_dagrun for latest_only_with_trigger to 2023-03-16T19:49:47.602891+00:00, run_after=2023-03-16T23:49:47.602891+00:00
[2023-03-16T23:49:47.664+0000] {processor.py:175} INFO - Processing /home/airflow/.local/lib/python3.7/site-packages/airflow/example_dags/example_latest_only_with_trigger.py took 0.270 seconds
[2023-03-16T23:50:18.003+0000] {processor.py:153} INFO - Started process (PID=1665) to work on /home/airflow/.local/lib/python3.7/site-packages/airflow/example_dags/example_latest_only_with_trigger.py
[2023-03-16T23:50:18.099+0000] {processor.py:743} INFO - Processing file /home/airflow/.local/lib/python3.7/site-packages/airflow/example_dags/example_latest_only_with_trigger.py for tasks to queue
[2023-03-16T23:50:18.153+0000] {logging_mixin.py:137} INFO - [2023-03-16T23:50:18.153+0000] {dagbag.py:538} INFO - Filling up the DagBag from /home/airflow/.local/lib/python3.7/site-packages/airflow/example_dags/example_latest_only_with_trigger.py
[2023-03-16T23:50:18.221+0000] {processor.py:753} INFO - DAG(s) dict_keys(['latest_only_with_trigger']) retrieved from /home/airflow/.local/lib/python3.7/site-packages/airflow/example_dags/example_latest_only_with_trigger.py
[2023-03-16T23:50:18.345+0000] {logging_mixin.py:137} INFO - [2023-03-16T23:50:18.335+0000] {dag.py:2690} INFO - Sync 1 DAGs
[2023-03-16T23:50:18.478+0000] {logging_mixin.py:137} INFO - [2023-03-16T23:50:18.478+0000] {dag.py:3441} INFO - Setting next_dagrun for latest_only_with_trigger to 2023-03-16T19:50:18.477757+00:00, run_after=2023-03-16T23:50:18.477757+00:00
[2023-03-16T23:50:18.647+0000] {processor.py:175} INFO - Processing /home/airflow/.local/lib/python3.7/site-packages/airflow/example_dags/example_latest_only_with_trigger.py took 0.651 seconds
[2023-03-16T23:50:49.307+0000] {processor.py:153} INFO - Started process (PID=1738) to work on /home/airflow/.local/lib/python3.7/site-packages/airflow/example_dags/example_latest_only_with_trigger.py
[2023-03-16T23:50:49.309+0000] {processor.py:743} INFO - Processing file /home/airflow/.local/lib/python3.7/site-packages/airflow/example_dags/example_latest_only_with_trigger.py for tasks to queue
[2023-03-16T23:50:49.311+0000] {logging_mixin.py:137} INFO - [2023-03-16T23:50:49.310+0000] {dagbag.py:538} INFO - Filling up the DagBag from /home/airflow/.local/lib/python3.7/site-packages/airflow/example_dags/example_latest_only_with_trigger.py
[2023-03-16T23:50:49.348+0000] {processor.py:753} INFO - DAG(s) dict_keys(['latest_only_with_trigger']) retrieved from /home/airflow/.local/lib/python3.7/site-packages/airflow/example_dags/example_latest_only_with_trigger.py
[2023-03-16T23:50:49.404+0000] {logging_mixin.py:137} INFO - [2023-03-16T23:50:49.404+0000] {dag.py:2690} INFO - Sync 1 DAGs
[2023-03-16T23:50:49.453+0000] {logging_mixin.py:137} INFO - [2023-03-16T23:50:49.452+0000] {dag.py:3441} INFO - Setting next_dagrun for latest_only_with_trigger to 2023-03-16T19:50:49.452317+00:00, run_after=2023-03-16T23:50:49.452317+00:00
[2023-03-16T23:50:49.483+0000] {processor.py:175} INFO - Processing /home/airflow/.local/lib/python3.7/site-packages/airflow/example_dags/example_latest_only_with_trigger.py took 0.184 seconds
[2023-03-16T23:51:19.703+0000] {processor.py:153} INFO - Started process (PID=1811) to work on /home/airflow/.local/lib/python3.7/site-packages/airflow/example_dags/example_latest_only_with_trigger.py
[2023-03-16T23:51:19.706+0000] {processor.py:743} INFO - Processing file /home/airflow/.local/lib/python3.7/site-packages/airflow/example_dags/example_latest_only_with_trigger.py for tasks to queue
[2023-03-16T23:51:19.709+0000] {logging_mixin.py:137} INFO - [2023-03-16T23:51:19.709+0000] {dagbag.py:538} INFO - Filling up the DagBag from /home/airflow/.local/lib/python3.7/site-packages/airflow/example_dags/example_latest_only_with_trigger.py
[2023-03-16T23:51:19.746+0000] {processor.py:753} INFO - DAG(s) dict_keys(['latest_only_with_trigger']) retrieved from /home/airflow/.local/lib/python3.7/site-packages/airflow/example_dags/example_latest_only_with_trigger.py
[2023-03-16T23:51:19.844+0000] {logging_mixin.py:137} INFO - [2023-03-16T23:51:19.844+0000] {dag.py:2690} INFO - Sync 1 DAGs
[2023-03-16T23:51:20.006+0000] {logging_mixin.py:137} INFO - [2023-03-16T23:51:20.006+0000] {dag.py:3441} INFO - Setting next_dagrun for latest_only_with_trigger to 2023-03-16T19:51:20.005886+00:00, run_after=2023-03-16T23:51:20.005886+00:00
[2023-03-16T23:51:20.105+0000] {processor.py:175} INFO - Processing /home/airflow/.local/lib/python3.7/site-packages/airflow/example_dags/example_latest_only_with_trigger.py took 0.416 seconds
[2023-03-16T23:51:50.820+0000] {processor.py:153} INFO - Started process (PID=1885) to work on /home/airflow/.local/lib/python3.7/site-packages/airflow/example_dags/example_latest_only_with_trigger.py
[2023-03-16T23:51:50.823+0000] {processor.py:743} INFO - Processing file /home/airflow/.local/lib/python3.7/site-packages/airflow/example_dags/example_latest_only_with_trigger.py for tasks to queue
[2023-03-16T23:51:50.832+0000] {logging_mixin.py:137} INFO - [2023-03-16T23:51:50.832+0000] {dagbag.py:538} INFO - Filling up the DagBag from /home/airflow/.local/lib/python3.7/site-packages/airflow/example_dags/example_latest_only_with_trigger.py
[2023-03-16T23:51:50.899+0000] {processor.py:753} INFO - DAG(s) dict_keys(['latest_only_with_trigger']) retrieved from /home/airflow/.local/lib/python3.7/site-packages/airflow/example_dags/example_latest_only_with_trigger.py
[2023-03-16T23:51:50.966+0000] {logging_mixin.py:137} INFO - [2023-03-16T23:51:50.966+0000] {dag.py:2690} INFO - Sync 1 DAGs
[2023-03-16T23:51:51.015+0000] {logging_mixin.py:137} INFO - [2023-03-16T23:51:51.015+0000] {dag.py:3441} INFO - Setting next_dagrun for latest_only_with_trigger to 2023-03-16T19:51:51.014735+00:00, run_after=2023-03-16T23:51:51.014735+00:00
[2023-03-16T23:51:51.160+0000] {processor.py:175} INFO - Processing /home/airflow/.local/lib/python3.7/site-packages/airflow/example_dags/example_latest_only_with_trigger.py took 0.347 seconds
[2023-03-16T23:52:22.069+0000] {processor.py:153} INFO - Started process (PID=1958) to work on /home/airflow/.local/lib/python3.7/site-packages/airflow/example_dags/example_latest_only_with_trigger.py
[2023-03-16T23:52:22.086+0000] {processor.py:743} INFO - Processing file /home/airflow/.local/lib/python3.7/site-packages/airflow/example_dags/example_latest_only_with_trigger.py for tasks to queue
[2023-03-16T23:52:22.088+0000] {logging_mixin.py:137} INFO - [2023-03-16T23:52:22.087+0000] {dagbag.py:538} INFO - Filling up the DagBag from /home/airflow/.local/lib/python3.7/site-packages/airflow/example_dags/example_latest_only_with_trigger.py
[2023-03-16T23:52:22.152+0000] {processor.py:753} INFO - DAG(s) dict_keys(['latest_only_with_trigger']) retrieved from /home/airflow/.local/lib/python3.7/site-packages/airflow/example_dags/example_latest_only_with_trigger.py
[2023-03-16T23:52:22.249+0000] {logging_mixin.py:137} INFO - [2023-03-16T23:52:22.249+0000] {dag.py:2690} INFO - Sync 1 DAGs
[2023-03-16T23:52:22.307+0000] {logging_mixin.py:137} INFO - [2023-03-16T23:52:22.307+0000] {dag.py:3441} INFO - Setting next_dagrun for latest_only_with_trigger to 2023-03-16T19:52:22.306814+00:00, run_after=2023-03-16T23:52:22.306814+00:00
[2023-03-16T23:52:22.385+0000] {processor.py:175} INFO - Processing /home/airflow/.local/lib/python3.7/site-packages/airflow/example_dags/example_latest_only_with_trigger.py took 0.325 seconds
[2023-03-16T23:52:52.508+0000] {processor.py:153} INFO - Started process (PID=2031) to work on /home/airflow/.local/lib/python3.7/site-packages/airflow/example_dags/example_latest_only_with_trigger.py
[2023-03-16T23:52:52.510+0000] {processor.py:743} INFO - Processing file /home/airflow/.local/lib/python3.7/site-packages/airflow/example_dags/example_latest_only_with_trigger.py for tasks to queue
[2023-03-16T23:52:52.520+0000] {logging_mixin.py:137} INFO - [2023-03-16T23:52:52.519+0000] {dagbag.py:538} INFO - Filling up the DagBag from /home/airflow/.local/lib/python3.7/site-packages/airflow/example_dags/example_latest_only_with_trigger.py
[2023-03-16T23:52:52.556+0000] {processor.py:753} INFO - DAG(s) dict_keys(['latest_only_with_trigger']) retrieved from /home/airflow/.local/lib/python3.7/site-packages/airflow/example_dags/example_latest_only_with_trigger.py
[2023-03-16T23:52:52.642+0000] {logging_mixin.py:137} INFO - [2023-03-16T23:52:52.637+0000] {dag.py:2690} INFO - Sync 1 DAGs
[2023-03-16T23:52:52.708+0000] {logging_mixin.py:137} INFO - [2023-03-16T23:52:52.707+0000] {dag.py:3441} INFO - Setting next_dagrun for latest_only_with_trigger to 2023-03-16T19:52:52.707588+00:00, run_after=2023-03-16T23:52:52.707588+00:00
[2023-03-16T23:52:52.765+0000] {processor.py:175} INFO - Processing /home/airflow/.local/lib/python3.7/site-packages/airflow/example_dags/example_latest_only_with_trigger.py took 0.273 seconds
[2023-03-16T23:53:22.904+0000] {processor.py:153} INFO - Started process (PID=2104) to work on /home/airflow/.local/lib/python3.7/site-packages/airflow/example_dags/example_latest_only_with_trigger.py
[2023-03-16T23:53:22.906+0000] {processor.py:743} INFO - Processing file /home/airflow/.local/lib/python3.7/site-packages/airflow/example_dags/example_latest_only_with_trigger.py for tasks to queue
[2023-03-16T23:53:22.908+0000] {logging_mixin.py:137} INFO - [2023-03-16T23:53:22.907+0000] {dagbag.py:538} INFO - Filling up the DagBag from /home/airflow/.local/lib/python3.7/site-packages/airflow/example_dags/example_latest_only_with_trigger.py
[2023-03-16T23:53:22.962+0000] {processor.py:753} INFO - DAG(s) dict_keys(['latest_only_with_trigger']) retrieved from /home/airflow/.local/lib/python3.7/site-packages/airflow/example_dags/example_latest_only_with_trigger.py
[2023-03-16T23:53:23.038+0000] {logging_mixin.py:137} INFO - [2023-03-16T23:53:23.038+0000] {dag.py:2690} INFO - Sync 1 DAGs
[2023-03-16T23:53:23.102+0000] {logging_mixin.py:137} INFO - [2023-03-16T23:53:23.099+0000] {dag.py:3441} INFO - Setting next_dagrun for latest_only_with_trigger to 2023-03-16T19:53:23.099312+00:00, run_after=2023-03-16T23:53:23.099312+00:00
[2023-03-16T23:53:23.144+0000] {processor.py:175} INFO - Processing /home/airflow/.local/lib/python3.7/site-packages/airflow/example_dags/example_latest_only_with_trigger.py took 0.253 seconds
[2023-03-16T23:53:54.172+0000] {processor.py:153} INFO - Started process (PID=2177) to work on /home/airflow/.local/lib/python3.7/site-packages/airflow/example_dags/example_latest_only_with_trigger.py
[2023-03-16T23:53:54.174+0000] {processor.py:743} INFO - Processing file /home/airflow/.local/lib/python3.7/site-packages/airflow/example_dags/example_latest_only_with_trigger.py for tasks to queue
[2023-03-16T23:53:54.176+0000] {logging_mixin.py:137} INFO - [2023-03-16T23:53:54.176+0000] {dagbag.py:538} INFO - Filling up the DagBag from /home/airflow/.local/lib/python3.7/site-packages/airflow/example_dags/example_latest_only_with_trigger.py
[2023-03-16T23:53:54.205+0000] {processor.py:753} INFO - DAG(s) dict_keys(['latest_only_with_trigger']) retrieved from /home/airflow/.local/lib/python3.7/site-packages/airflow/example_dags/example_latest_only_with_trigger.py
[2023-03-16T23:53:54.262+0000] {logging_mixin.py:137} INFO - [2023-03-16T23:53:54.262+0000] {dag.py:2690} INFO - Sync 1 DAGs
[2023-03-16T23:53:54.325+0000] {logging_mixin.py:137} INFO - [2023-03-16T23:53:54.325+0000] {dag.py:3441} INFO - Setting next_dagrun for latest_only_with_trigger to 2023-03-16T19:53:54.324786+00:00, run_after=2023-03-16T23:53:54.324786+00:00
[2023-03-16T23:53:54.370+0000] {processor.py:175} INFO - Processing /home/airflow/.local/lib/python3.7/site-packages/airflow/example_dags/example_latest_only_with_trigger.py took 0.206 seconds
[2023-03-16T23:54:24.767+0000] {processor.py:153} INFO - Started process (PID=2250) to work on /home/airflow/.local/lib/python3.7/site-packages/airflow/example_dags/example_latest_only_with_trigger.py
[2023-03-16T23:54:24.774+0000] {processor.py:743} INFO - Processing file /home/airflow/.local/lib/python3.7/site-packages/airflow/example_dags/example_latest_only_with_trigger.py for tasks to queue
[2023-03-16T23:54:24.778+0000] {logging_mixin.py:137} INFO - [2023-03-16T23:54:24.777+0000] {dagbag.py:538} INFO - Filling up the DagBag from /home/airflow/.local/lib/python3.7/site-packages/airflow/example_dags/example_latest_only_with_trigger.py
[2023-03-16T23:54:24.829+0000] {processor.py:753} INFO - DAG(s) dict_keys(['latest_only_with_trigger']) retrieved from /home/airflow/.local/lib/python3.7/site-packages/airflow/example_dags/example_latest_only_with_trigger.py
[2023-03-16T23:54:24.915+0000] {logging_mixin.py:137} INFO - [2023-03-16T23:54:24.915+0000] {dag.py:2690} INFO - Sync 1 DAGs
[2023-03-16T23:54:24.986+0000] {logging_mixin.py:137} INFO - [2023-03-16T23:54:24.986+0000] {dag.py:3441} INFO - Setting next_dagrun for latest_only_with_trigger to 2023-03-16T19:54:24.985838+00:00, run_after=2023-03-16T23:54:24.985838+00:00
[2023-03-16T23:54:25.029+0000] {processor.py:175} INFO - Processing /home/airflow/.local/lib/python3.7/site-packages/airflow/example_dags/example_latest_only_with_trigger.py took 0.269 seconds
[2023-03-16T23:54:55.491+0000] {processor.py:153} INFO - Started process (PID=2323) to work on /home/airflow/.local/lib/python3.7/site-packages/airflow/example_dags/example_latest_only_with_trigger.py
[2023-03-16T23:54:55.493+0000] {processor.py:743} INFO - Processing file /home/airflow/.local/lib/python3.7/site-packages/airflow/example_dags/example_latest_only_with_trigger.py for tasks to queue
[2023-03-16T23:54:55.494+0000] {logging_mixin.py:137} INFO - [2023-03-16T23:54:55.494+0000] {dagbag.py:538} INFO - Filling up the DagBag from /home/airflow/.local/lib/python3.7/site-packages/airflow/example_dags/example_latest_only_with_trigger.py
[2023-03-16T23:54:55.517+0000] {processor.py:753} INFO - DAG(s) dict_keys(['latest_only_with_trigger']) retrieved from /home/airflow/.local/lib/python3.7/site-packages/airflow/example_dags/example_latest_only_with_trigger.py
[2023-03-16T23:54:55.583+0000] {logging_mixin.py:137} INFO - [2023-03-16T23:54:55.583+0000] {dag.py:2690} INFO - Sync 1 DAGs
[2023-03-16T23:54:55.660+0000] {logging_mixin.py:137} INFO - [2023-03-16T23:54:55.660+0000] {dag.py:3441} INFO - Setting next_dagrun for latest_only_with_trigger to 2023-03-16T19:54:55.659764+00:00, run_after=2023-03-16T23:54:55.659764+00:00
[2023-03-16T23:54:55.776+0000] {processor.py:175} INFO - Processing /home/airflow/.local/lib/python3.7/site-packages/airflow/example_dags/example_latest_only_with_trigger.py took 0.292 seconds
[2023-03-16T23:55:25.921+0000] {processor.py:153} INFO - Started process (PID=2396) to work on /home/airflow/.local/lib/python3.7/site-packages/airflow/example_dags/example_latest_only_with_trigger.py
[2023-03-16T23:55:25.922+0000] {processor.py:743} INFO - Processing file /home/airflow/.local/lib/python3.7/site-packages/airflow/example_dags/example_latest_only_with_trigger.py for tasks to queue
[2023-03-16T23:55:25.924+0000] {logging_mixin.py:137} INFO - [2023-03-16T23:55:25.924+0000] {dagbag.py:538} INFO - Filling up the DagBag from /home/airflow/.local/lib/python3.7/site-packages/airflow/example_dags/example_latest_only_with_trigger.py
[2023-03-16T23:55:25.946+0000] {processor.py:753} INFO - DAG(s) dict_keys(['latest_only_with_trigger']) retrieved from /home/airflow/.local/lib/python3.7/site-packages/airflow/example_dags/example_latest_only_with_trigger.py
[2023-03-16T23:55:26.003+0000] {logging_mixin.py:137} INFO - [2023-03-16T23:55:26.003+0000] {dag.py:2690} INFO - Sync 1 DAGs
[2023-03-16T23:55:26.059+0000] {logging_mixin.py:137} INFO - [2023-03-16T23:55:26.059+0000] {dag.py:3441} INFO - Setting next_dagrun for latest_only_with_trigger to 2023-03-16T19:55:26.058644+00:00, run_after=2023-03-16T23:55:26.058644+00:00
[2023-03-16T23:55:26.093+0000] {processor.py:175} INFO - Processing /home/airflow/.local/lib/python3.7/site-packages/airflow/example_dags/example_latest_only_with_trigger.py took 0.180 seconds
[2023-03-16T23:55:56.251+0000] {processor.py:153} INFO - Started process (PID=2469) to work on /home/airflow/.local/lib/python3.7/site-packages/airflow/example_dags/example_latest_only_with_trigger.py
[2023-03-16T23:55:56.253+0000] {processor.py:743} INFO - Processing file /home/airflow/.local/lib/python3.7/site-packages/airflow/example_dags/example_latest_only_with_trigger.py for tasks to queue
[2023-03-16T23:55:56.256+0000] {logging_mixin.py:137} INFO - [2023-03-16T23:55:56.255+0000] {dagbag.py:538} INFO - Filling up the DagBag from /home/airflow/.local/lib/python3.7/site-packages/airflow/example_dags/example_latest_only_with_trigger.py
[2023-03-16T23:55:56.290+0000] {processor.py:753} INFO - DAG(s) dict_keys(['latest_only_with_trigger']) retrieved from /home/airflow/.local/lib/python3.7/site-packages/airflow/example_dags/example_latest_only_with_trigger.py
[2023-03-16T23:55:56.363+0000] {logging_mixin.py:137} INFO - [2023-03-16T23:55:56.363+0000] {dag.py:2690} INFO - Sync 1 DAGs
[2023-03-16T23:55:56.477+0000] {logging_mixin.py:137} INFO - [2023-03-16T23:55:56.477+0000] {dag.py:3441} INFO - Setting next_dagrun for latest_only_with_trigger to 2023-03-16T19:55:56.476836+00:00, run_after=2023-03-16T23:55:56.476836+00:00
[2023-03-16T23:55:56.543+0000] {processor.py:175} INFO - Processing /home/airflow/.local/lib/python3.7/site-packages/airflow/example_dags/example_latest_only_with_trigger.py took 0.299 seconds
[2023-03-16T23:56:26.699+0000] {processor.py:153} INFO - Started process (PID=2541) to work on /home/airflow/.local/lib/python3.7/site-packages/airflow/example_dags/example_latest_only_with_trigger.py
[2023-03-16T23:56:26.701+0000] {processor.py:743} INFO - Processing file /home/airflow/.local/lib/python3.7/site-packages/airflow/example_dags/example_latest_only_with_trigger.py for tasks to queue
[2023-03-16T23:56:26.703+0000] {logging_mixin.py:137} INFO - [2023-03-16T23:56:26.703+0000] {dagbag.py:538} INFO - Filling up the DagBag from /home/airflow/.local/lib/python3.7/site-packages/airflow/example_dags/example_latest_only_with_trigger.py
[2023-03-16T23:56:26.736+0000] {processor.py:753} INFO - DAG(s) dict_keys(['latest_only_with_trigger']) retrieved from /home/airflow/.local/lib/python3.7/site-packages/airflow/example_dags/example_latest_only_with_trigger.py
[2023-03-16T23:56:26.792+0000] {logging_mixin.py:137} INFO - [2023-03-16T23:56:26.792+0000] {dag.py:2690} INFO - Sync 1 DAGs
[2023-03-16T23:56:26.835+0000] {logging_mixin.py:137} INFO - [2023-03-16T23:56:26.835+0000] {dag.py:3441} INFO - Setting next_dagrun for latest_only_with_trigger to 2023-03-16T19:56:26.834719+00:00, run_after=2023-03-16T23:56:26.834719+00:00
[2023-03-16T23:56:26.864+0000] {processor.py:175} INFO - Processing /home/airflow/.local/lib/python3.7/site-packages/airflow/example_dags/example_latest_only_with_trigger.py took 0.172 seconds
[2023-03-16T23:56:57.539+0000] {processor.py:153} INFO - Started process (PID=2617) to work on /home/airflow/.local/lib/python3.7/site-packages/airflow/example_dags/example_latest_only_with_trigger.py
[2023-03-16T23:56:57.542+0000] {processor.py:743} INFO - Processing file /home/airflow/.local/lib/python3.7/site-packages/airflow/example_dags/example_latest_only_with_trigger.py for tasks to queue
[2023-03-16T23:56:57.547+0000] {logging_mixin.py:137} INFO - [2023-03-16T23:56:57.546+0000] {dagbag.py:538} INFO - Filling up the DagBag from /home/airflow/.local/lib/python3.7/site-packages/airflow/example_dags/example_latest_only_with_trigger.py
[2023-03-16T23:56:57.591+0000] {processor.py:753} INFO - DAG(s) dict_keys(['latest_only_with_trigger']) retrieved from /home/airflow/.local/lib/python3.7/site-packages/airflow/example_dags/example_latest_only_with_trigger.py
[2023-03-16T23:56:57.663+0000] {logging_mixin.py:137} INFO - [2023-03-16T23:56:57.662+0000] {dag.py:2690} INFO - Sync 1 DAGs
[2023-03-16T23:56:57.734+0000] {logging_mixin.py:137} INFO - [2023-03-16T23:56:57.734+0000] {dag.py:3441} INFO - Setting next_dagrun for latest_only_with_trigger to 2023-03-16T19:56:57.733612+00:00, run_after=2023-03-16T23:56:57.733612+00:00
[2023-03-16T23:56:57.772+0000] {processor.py:175} INFO - Processing /home/airflow/.local/lib/python3.7/site-packages/airflow/example_dags/example_latest_only_with_trigger.py took 0.240 seconds
[2023-03-16T23:57:28.201+0000] {processor.py:153} INFO - Started process (PID=2691) to work on /home/airflow/.local/lib/python3.7/site-packages/airflow/example_dags/example_latest_only_with_trigger.py
[2023-03-16T23:57:28.202+0000] {processor.py:743} INFO - Processing file /home/airflow/.local/lib/python3.7/site-packages/airflow/example_dags/example_latest_only_with_trigger.py for tasks to queue
[2023-03-16T23:57:28.204+0000] {logging_mixin.py:137} INFO - [2023-03-16T23:57:28.204+0000] {dagbag.py:538} INFO - Filling up the DagBag from /home/airflow/.local/lib/python3.7/site-packages/airflow/example_dags/example_latest_only_with_trigger.py
[2023-03-16T23:57:28.229+0000] {processor.py:753} INFO - DAG(s) dict_keys(['latest_only_with_trigger']) retrieved from /home/airflow/.local/lib/python3.7/site-packages/airflow/example_dags/example_latest_only_with_trigger.py
[2023-03-16T23:57:28.270+0000] {logging_mixin.py:137} INFO - [2023-03-16T23:57:28.270+0000] {dag.py:2690} INFO - Sync 1 DAGs
[2023-03-16T23:57:28.318+0000] {logging_mixin.py:137} INFO - [2023-03-16T23:57:28.318+0000] {dag.py:3441} INFO - Setting next_dagrun for latest_only_with_trigger to 2023-03-16T19:57:28.317877+00:00, run_after=2023-03-16T23:57:28.317877+00:00
[2023-03-16T23:57:28.350+0000] {processor.py:175} INFO - Processing /home/airflow/.local/lib/python3.7/site-packages/airflow/example_dags/example_latest_only_with_trigger.py took 0.155 seconds
[2023-03-16T23:57:58.532+0000] {processor.py:153} INFO - Started process (PID=2781) to work on /home/airflow/.local/lib/python3.7/site-packages/airflow/example_dags/example_latest_only_with_trigger.py
[2023-03-16T23:57:58.535+0000] {processor.py:743} INFO - Processing file /home/airflow/.local/lib/python3.7/site-packages/airflow/example_dags/example_latest_only_with_trigger.py for tasks to queue
[2023-03-16T23:57:58.537+0000] {logging_mixin.py:137} INFO - [2023-03-16T23:57:58.536+0000] {dagbag.py:538} INFO - Filling up the DagBag from /home/airflow/.local/lib/python3.7/site-packages/airflow/example_dags/example_latest_only_with_trigger.py
[2023-03-16T23:57:58.563+0000] {processor.py:753} INFO - DAG(s) dict_keys(['latest_only_with_trigger']) retrieved from /home/airflow/.local/lib/python3.7/site-packages/airflow/example_dags/example_latest_only_with_trigger.py
[2023-03-16T23:57:58.660+0000] {logging_mixin.py:137} INFO - [2023-03-16T23:57:58.660+0000] {dag.py:2690} INFO - Sync 1 DAGs
[2023-03-16T23:57:58.730+0000] {logging_mixin.py:137} INFO - [2023-03-16T23:57:58.730+0000] {dag.py:3441} INFO - Setting next_dagrun for latest_only_with_trigger to 2023-03-16T19:57:58.729510+00:00, run_after=2023-03-16T23:57:58.729510+00:00
[2023-03-16T23:57:58.774+0000] {processor.py:175} INFO - Processing /home/airflow/.local/lib/python3.7/site-packages/airflow/example_dags/example_latest_only_with_trigger.py took 0.249 seconds
[2023-03-16T23:58:28.890+0000] {processor.py:153} INFO - Started process (PID=2854) to work on /home/airflow/.local/lib/python3.7/site-packages/airflow/example_dags/example_latest_only_with_trigger.py
[2023-03-16T23:58:28.892+0000] {processor.py:743} INFO - Processing file /home/airflow/.local/lib/python3.7/site-packages/airflow/example_dags/example_latest_only_with_trigger.py for tasks to queue
[2023-03-16T23:58:28.894+0000] {logging_mixin.py:137} INFO - [2023-03-16T23:58:28.894+0000] {dagbag.py:538} INFO - Filling up the DagBag from /home/airflow/.local/lib/python3.7/site-packages/airflow/example_dags/example_latest_only_with_trigger.py
[2023-03-16T23:58:28.933+0000] {processor.py:753} INFO - DAG(s) dict_keys(['latest_only_with_trigger']) retrieved from /home/airflow/.local/lib/python3.7/site-packages/airflow/example_dags/example_latest_only_with_trigger.py
[2023-03-16T23:58:28.996+0000] {logging_mixin.py:137} INFO - [2023-03-16T23:58:28.995+0000] {dag.py:2690} INFO - Sync 1 DAGs
[2023-03-16T23:58:29.063+0000] {logging_mixin.py:137} INFO - [2023-03-16T23:58:29.063+0000] {dag.py:3441} INFO - Setting next_dagrun for latest_only_with_trigger to 2023-03-16T19:58:29.061954+00:00, run_after=2023-03-16T23:58:29.061954+00:00
[2023-03-16T23:58:29.115+0000] {processor.py:175} INFO - Processing /home/airflow/.local/lib/python3.7/site-packages/airflow/example_dags/example_latest_only_with_trigger.py took 0.233 seconds
[2023-03-16T23:58:59.192+0000] {processor.py:153} INFO - Started process (PID=2926) to work on /home/airflow/.local/lib/python3.7/site-packages/airflow/example_dags/example_latest_only_with_trigger.py
[2023-03-16T23:58:59.194+0000] {processor.py:743} INFO - Processing file /home/airflow/.local/lib/python3.7/site-packages/airflow/example_dags/example_latest_only_with_trigger.py for tasks to queue
[2023-03-16T23:58:59.200+0000] {logging_mixin.py:137} INFO - [2023-03-16T23:58:59.200+0000] {dagbag.py:538} INFO - Filling up the DagBag from /home/airflow/.local/lib/python3.7/site-packages/airflow/example_dags/example_latest_only_with_trigger.py
[2023-03-16T23:58:59.245+0000] {processor.py:753} INFO - DAG(s) dict_keys(['latest_only_with_trigger']) retrieved from /home/airflow/.local/lib/python3.7/site-packages/airflow/example_dags/example_latest_only_with_trigger.py
[2023-03-16T23:58:59.345+0000] {logging_mixin.py:137} INFO - [2023-03-16T23:58:59.344+0000] {dag.py:2690} INFO - Sync 1 DAGs
[2023-03-16T23:58:59.423+0000] {logging_mixin.py:137} INFO - [2023-03-16T23:58:59.418+0000] {dag.py:3441} INFO - Setting next_dagrun for latest_only_with_trigger to 2023-03-16T19:58:59.417513+00:00, run_after=2023-03-16T23:58:59.417513+00:00
[2023-03-16T23:58:59.504+0000] {processor.py:175} INFO - Processing /home/airflow/.local/lib/python3.7/site-packages/airflow/example_dags/example_latest_only_with_trigger.py took 0.319 seconds
[2023-03-16T23:59:30.158+0000] {processor.py:153} INFO - Started process (PID=2999) to work on /home/airflow/.local/lib/python3.7/site-packages/airflow/example_dags/example_latest_only_with_trigger.py
[2023-03-16T23:59:30.161+0000] {processor.py:743} INFO - Processing file /home/airflow/.local/lib/python3.7/site-packages/airflow/example_dags/example_latest_only_with_trigger.py for tasks to queue
[2023-03-16T23:59:30.165+0000] {logging_mixin.py:137} INFO - [2023-03-16T23:59:30.165+0000] {dagbag.py:538} INFO - Filling up the DagBag from /home/airflow/.local/lib/python3.7/site-packages/airflow/example_dags/example_latest_only_with_trigger.py
[2023-03-16T23:59:30.198+0000] {processor.py:753} INFO - DAG(s) dict_keys(['latest_only_with_trigger']) retrieved from /home/airflow/.local/lib/python3.7/site-packages/airflow/example_dags/example_latest_only_with_trigger.py
[2023-03-16T23:59:30.274+0000] {logging_mixin.py:137} INFO - [2023-03-16T23:59:30.274+0000] {dag.py:2690} INFO - Sync 1 DAGs
[2023-03-16T23:59:30.340+0000] {logging_mixin.py:137} INFO - [2023-03-16T23:59:30.339+0000] {dag.py:3441} INFO - Setting next_dagrun for latest_only_with_trigger to 2023-03-16T19:59:30.339137+00:00, run_after=2023-03-16T23:59:30.339137+00:00
[2023-03-16T23:59:30.385+0000] {processor.py:175} INFO - Processing /home/airflow/.local/lib/python3.7/site-packages/airflow/example_dags/example_latest_only_with_trigger.py took 0.234 seconds
