[2023-03-16T23:38:53.324+0000] {processor.py:153} INFO - Started process (PID=130) to work on /home/airflow/.local/lib/python3.7/site-packages/airflow/example_dags/example_branch_python_dop_operator_3.py
[2023-03-16T23:38:53.341+0000] {processor.py:743} INFO - Processing file /home/airflow/.local/lib/python3.7/site-packages/airflow/example_dags/example_branch_python_dop_operator_3.py for tasks to queue
[2023-03-16T23:38:53.358+0000] {logging_mixin.py:137} INFO - [2023-03-16T23:38:53.358+0000] {dagbag.py:538} INFO - Filling up the DagBag from /home/airflow/.local/lib/python3.7/site-packages/airflow/example_dags/example_branch_python_dop_operator_3.py
[2023-03-16T23:38:53.523+0000] {processor.py:753} INFO - DAG(s) dict_keys(['example_branch_dop_operator_v3']) retrieved from /home/airflow/.local/lib/python3.7/site-packages/airflow/example_dags/example_branch_python_dop_operator_3.py
[2023-03-16T23:38:53.744+0000] {logging_mixin.py:137} INFO - [2023-03-16T23:38:53.734+0000] {dag.py:2690} INFO - Sync 1 DAGs
[2023-03-16T23:38:53.983+0000] {logging_mixin.py:137} INFO - [2023-03-16T23:38:53.983+0000] {dag.py:3441} INFO - Setting next_dagrun for example_branch_dop_operator_v3 to 2023-03-16T23:37:00+00:00, run_after=2023-03-16T23:38:00+00:00
[2023-03-16T23:38:54.110+0000] {processor.py:175} INFO - Processing /home/airflow/.local/lib/python3.7/site-packages/airflow/example_dags/example_branch_python_dop_operator_3.py took 0.795 seconds
[2023-03-16T23:39:24.479+0000] {processor.py:153} INFO - Started process (PID=204) to work on /home/airflow/.local/lib/python3.7/site-packages/airflow/example_dags/example_branch_python_dop_operator_3.py
[2023-03-16T23:39:24.488+0000] {processor.py:743} INFO - Processing file /home/airflow/.local/lib/python3.7/site-packages/airflow/example_dags/example_branch_python_dop_operator_3.py for tasks to queue
[2023-03-16T23:39:24.505+0000] {logging_mixin.py:137} INFO - [2023-03-16T23:39:24.505+0000] {dagbag.py:538} INFO - Filling up the DagBag from /home/airflow/.local/lib/python3.7/site-packages/airflow/example_dags/example_branch_python_dop_operator_3.py
[2023-03-16T23:39:24.658+0000] {processor.py:753} INFO - DAG(s) dict_keys(['example_branch_dop_operator_v3']) retrieved from /home/airflow/.local/lib/python3.7/site-packages/airflow/example_dags/example_branch_python_dop_operator_3.py
[2023-03-16T23:39:24.789+0000] {logging_mixin.py:137} INFO - [2023-03-16T23:39:24.789+0000] {dag.py:2690} INFO - Sync 1 DAGs
[2023-03-16T23:39:24.921+0000] {logging_mixin.py:137} INFO - [2023-03-16T23:39:24.920+0000] {dag.py:3441} INFO - Setting next_dagrun for example_branch_dop_operator_v3 to 2023-03-16T23:38:00+00:00, run_after=2023-03-16T23:39:00+00:00
[2023-03-16T23:39:25.005+0000] {processor.py:175} INFO - Processing /home/airflow/.local/lib/python3.7/site-packages/airflow/example_dags/example_branch_python_dop_operator_3.py took 0.532 seconds
[2023-03-16T23:39:56.367+0000] {processor.py:153} INFO - Started process (PID=261) to work on /home/airflow/.local/lib/python3.7/site-packages/airflow/example_dags/example_branch_python_dop_operator_3.py
[2023-03-16T23:39:56.369+0000] {processor.py:743} INFO - Processing file /home/airflow/.local/lib/python3.7/site-packages/airflow/example_dags/example_branch_python_dop_operator_3.py for tasks to queue
[2023-03-16T23:39:56.370+0000] {logging_mixin.py:137} INFO - [2023-03-16T23:39:56.370+0000] {dagbag.py:538} INFO - Filling up the DagBag from /home/airflow/.local/lib/python3.7/site-packages/airflow/example_dags/example_branch_python_dop_operator_3.py
[2023-03-16T23:39:56.414+0000] {processor.py:753} INFO - DAG(s) dict_keys(['example_branch_dop_operator_v3']) retrieved from /home/airflow/.local/lib/python3.7/site-packages/airflow/example_dags/example_branch_python_dop_operator_3.py
[2023-03-16T23:39:56.460+0000] {logging_mixin.py:137} INFO - [2023-03-16T23:39:56.460+0000] {dag.py:2690} INFO - Sync 1 DAGs
[2023-03-16T23:39:56.514+0000] {logging_mixin.py:137} INFO - [2023-03-16T23:39:56.514+0000] {dag.py:3441} INFO - Setting next_dagrun for example_branch_dop_operator_v3 to 2023-03-16T23:38:00+00:00, run_after=2023-03-16T23:39:00+00:00
[2023-03-16T23:39:56.892+0000] {processor.py:175} INFO - Processing /home/airflow/.local/lib/python3.7/site-packages/airflow/example_dags/example_branch_python_dop_operator_3.py took 0.530 seconds
[2023-03-16T23:40:28.014+0000] {processor.py:153} INFO - Started process (PID=335) to work on /home/airflow/.local/lib/python3.7/site-packages/airflow/example_dags/example_branch_python_dop_operator_3.py
[2023-03-16T23:40:28.017+0000] {processor.py:743} INFO - Processing file /home/airflow/.local/lib/python3.7/site-packages/airflow/example_dags/example_branch_python_dop_operator_3.py for tasks to queue
[2023-03-16T23:40:28.030+0000] {logging_mixin.py:137} INFO - [2023-03-16T23:40:28.029+0000] {dagbag.py:538} INFO - Filling up the DagBag from /home/airflow/.local/lib/python3.7/site-packages/airflow/example_dags/example_branch_python_dop_operator_3.py
[2023-03-16T23:40:28.128+0000] {processor.py:753} INFO - DAG(s) dict_keys(['example_branch_dop_operator_v3']) retrieved from /home/airflow/.local/lib/python3.7/site-packages/airflow/example_dags/example_branch_python_dop_operator_3.py
[2023-03-16T23:40:28.228+0000] {logging_mixin.py:137} INFO - [2023-03-16T23:40:28.227+0000] {dag.py:2690} INFO - Sync 1 DAGs
[2023-03-16T23:40:28.352+0000] {logging_mixin.py:137} INFO - [2023-03-16T23:40:28.351+0000] {dag.py:3441} INFO - Setting next_dagrun for example_branch_dop_operator_v3 to 2023-03-16T23:39:00+00:00, run_after=2023-03-16T23:40:00+00:00
[2023-03-16T23:40:28.396+0000] {processor.py:175} INFO - Processing /home/airflow/.local/lib/python3.7/site-packages/airflow/example_dags/example_branch_python_dop_operator_3.py took 0.395 seconds
[2023-03-16T23:40:59.024+0000] {processor.py:153} INFO - Started process (PID=409) to work on /home/airflow/.local/lib/python3.7/site-packages/airflow/example_dags/example_branch_python_dop_operator_3.py
[2023-03-16T23:40:59.027+0000] {processor.py:743} INFO - Processing file /home/airflow/.local/lib/python3.7/site-packages/airflow/example_dags/example_branch_python_dop_operator_3.py for tasks to queue
[2023-03-16T23:40:59.030+0000] {logging_mixin.py:137} INFO - [2023-03-16T23:40:59.029+0000] {dagbag.py:538} INFO - Filling up the DagBag from /home/airflow/.local/lib/python3.7/site-packages/airflow/example_dags/example_branch_python_dop_operator_3.py
[2023-03-16T23:40:59.091+0000] {processor.py:753} INFO - DAG(s) dict_keys(['example_branch_dop_operator_v3']) retrieved from /home/airflow/.local/lib/python3.7/site-packages/airflow/example_dags/example_branch_python_dop_operator_3.py
[2023-03-16T23:40:59.167+0000] {logging_mixin.py:137} INFO - [2023-03-16T23:40:59.167+0000] {dag.py:2690} INFO - Sync 1 DAGs
[2023-03-16T23:40:59.257+0000] {logging_mixin.py:137} INFO - [2023-03-16T23:40:59.257+0000] {dag.py:3441} INFO - Setting next_dagrun for example_branch_dop_operator_v3 to 2023-03-16T23:39:00+00:00, run_after=2023-03-16T23:40:00+00:00
[2023-03-16T23:40:59.324+0000] {processor.py:175} INFO - Processing /home/airflow/.local/lib/python3.7/site-packages/airflow/example_dags/example_branch_python_dop_operator_3.py took 0.308 seconds
[2023-03-16T23:41:30.566+0000] {processor.py:153} INFO - Started process (PID=482) to work on /home/airflow/.local/lib/python3.7/site-packages/airflow/example_dags/example_branch_python_dop_operator_3.py
[2023-03-16T23:41:30.592+0000] {processor.py:743} INFO - Processing file /home/airflow/.local/lib/python3.7/site-packages/airflow/example_dags/example_branch_python_dop_operator_3.py for tasks to queue
[2023-03-16T23:41:30.598+0000] {logging_mixin.py:137} INFO - [2023-03-16T23:41:30.598+0000] {dagbag.py:538} INFO - Filling up the DagBag from /home/airflow/.local/lib/python3.7/site-packages/airflow/example_dags/example_branch_python_dop_operator_3.py
[2023-03-16T23:41:30.688+0000] {processor.py:753} INFO - DAG(s) dict_keys(['example_branch_dop_operator_v3']) retrieved from /home/airflow/.local/lib/python3.7/site-packages/airflow/example_dags/example_branch_python_dop_operator_3.py
[2023-03-16T23:41:30.777+0000] {logging_mixin.py:137} INFO - [2023-03-16T23:41:30.777+0000] {dag.py:2690} INFO - Sync 1 DAGs
[2023-03-16T23:41:30.899+0000] {logging_mixin.py:137} INFO - [2023-03-16T23:41:30.899+0000] {dag.py:3441} INFO - Setting next_dagrun for example_branch_dop_operator_v3 to 2023-03-16T23:40:00+00:00, run_after=2023-03-16T23:41:00+00:00
[2023-03-16T23:41:31.022+0000] {processor.py:175} INFO - Processing /home/airflow/.local/lib/python3.7/site-packages/airflow/example_dags/example_branch_python_dop_operator_3.py took 0.469 seconds
[2023-03-16T23:42:01.338+0000] {processor.py:153} INFO - Started process (PID=549) to work on /home/airflow/.local/lib/python3.7/site-packages/airflow/example_dags/example_branch_python_dop_operator_3.py
[2023-03-16T23:42:01.354+0000] {processor.py:743} INFO - Processing file /home/airflow/.local/lib/python3.7/site-packages/airflow/example_dags/example_branch_python_dop_operator_3.py for tasks to queue
[2023-03-16T23:42:01.360+0000] {logging_mixin.py:137} INFO - [2023-03-16T23:42:01.359+0000] {dagbag.py:538} INFO - Filling up the DagBag from /home/airflow/.local/lib/python3.7/site-packages/airflow/example_dags/example_branch_python_dop_operator_3.py
[2023-03-16T23:42:01.463+0000] {processor.py:753} INFO - DAG(s) dict_keys(['example_branch_dop_operator_v3']) retrieved from /home/airflow/.local/lib/python3.7/site-packages/airflow/example_dags/example_branch_python_dop_operator_3.py
[2023-03-16T23:42:01.598+0000] {logging_mixin.py:137} INFO - [2023-03-16T23:42:01.598+0000] {dag.py:2690} INFO - Sync 1 DAGs
[2023-03-16T23:42:01.729+0000] {logging_mixin.py:137} INFO - [2023-03-16T23:42:01.729+0000] {dag.py:3441} INFO - Setting next_dagrun for example_branch_dop_operator_v3 to 2023-03-16T23:41:00+00:00, run_after=2023-03-16T23:42:00+00:00
[2023-03-16T23:42:01.823+0000] {processor.py:175} INFO - Processing /home/airflow/.local/lib/python3.7/site-packages/airflow/example_dags/example_branch_python_dop_operator_3.py took 0.503 seconds
[2023-03-16T23:42:32.346+0000] {processor.py:153} INFO - Started process (PID=613) to work on /home/airflow/.local/lib/python3.7/site-packages/airflow/example_dags/example_branch_python_dop_operator_3.py
[2023-03-16T23:42:32.350+0000] {processor.py:743} INFO - Processing file /home/airflow/.local/lib/python3.7/site-packages/airflow/example_dags/example_branch_python_dop_operator_3.py for tasks to queue
[2023-03-16T23:42:32.353+0000] {logging_mixin.py:137} INFO - [2023-03-16T23:42:32.353+0000] {dagbag.py:538} INFO - Filling up the DagBag from /home/airflow/.local/lib/python3.7/site-packages/airflow/example_dags/example_branch_python_dop_operator_3.py
[2023-03-16T23:42:32.462+0000] {processor.py:753} INFO - DAG(s) dict_keys(['example_branch_dop_operator_v3']) retrieved from /home/airflow/.local/lib/python3.7/site-packages/airflow/example_dags/example_branch_python_dop_operator_3.py
[2023-03-16T23:42:32.546+0000] {logging_mixin.py:137} INFO - [2023-03-16T23:42:32.545+0000] {dag.py:2690} INFO - Sync 1 DAGs
[2023-03-16T23:42:32.685+0000] {logging_mixin.py:137} INFO - [2023-03-16T23:42:32.685+0000] {dag.py:3441} INFO - Setting next_dagrun for example_branch_dop_operator_v3 to 2023-03-16T23:41:00+00:00, run_after=2023-03-16T23:42:00+00:00
[2023-03-16T23:42:32.768+0000] {processor.py:175} INFO - Processing /home/airflow/.local/lib/python3.7/site-packages/airflow/example_dags/example_branch_python_dop_operator_3.py took 0.440 seconds
[2023-03-16T23:43:03.376+0000] {processor.py:153} INFO - Started process (PID=686) to work on /home/airflow/.local/lib/python3.7/site-packages/airflow/example_dags/example_branch_python_dop_operator_3.py
[2023-03-16T23:43:03.379+0000] {processor.py:743} INFO - Processing file /home/airflow/.local/lib/python3.7/site-packages/airflow/example_dags/example_branch_python_dop_operator_3.py for tasks to queue
[2023-03-16T23:43:03.382+0000] {logging_mixin.py:137} INFO - [2023-03-16T23:43:03.381+0000] {dagbag.py:538} INFO - Filling up the DagBag from /home/airflow/.local/lib/python3.7/site-packages/airflow/example_dags/example_branch_python_dop_operator_3.py
[2023-03-16T23:43:03.489+0000] {processor.py:753} INFO - DAG(s) dict_keys(['example_branch_dop_operator_v3']) retrieved from /home/airflow/.local/lib/python3.7/site-packages/airflow/example_dags/example_branch_python_dop_operator_3.py
[2023-03-16T23:43:03.585+0000] {logging_mixin.py:137} INFO - [2023-03-16T23:43:03.585+0000] {dag.py:2690} INFO - Sync 1 DAGs
[2023-03-16T23:43:03.712+0000] {logging_mixin.py:137} INFO - [2023-03-16T23:43:03.712+0000] {dag.py:3441} INFO - Setting next_dagrun for example_branch_dop_operator_v3 to 2023-03-16T23:42:00+00:00, run_after=2023-03-16T23:43:00+00:00
[2023-03-16T23:43:03.849+0000] {processor.py:175} INFO - Processing /home/airflow/.local/lib/python3.7/site-packages/airflow/example_dags/example_branch_python_dop_operator_3.py took 0.516 seconds
[2023-03-16T23:43:34.006+0000] {processor.py:153} INFO - Started process (PID=759) to work on /home/airflow/.local/lib/python3.7/site-packages/airflow/example_dags/example_branch_python_dop_operator_3.py
[2023-03-16T23:43:34.008+0000] {processor.py:743} INFO - Processing file /home/airflow/.local/lib/python3.7/site-packages/airflow/example_dags/example_branch_python_dop_operator_3.py for tasks to queue
[2023-03-16T23:43:34.013+0000] {logging_mixin.py:137} INFO - [2023-03-16T23:43:34.011+0000] {dagbag.py:538} INFO - Filling up the DagBag from /home/airflow/.local/lib/python3.7/site-packages/airflow/example_dags/example_branch_python_dop_operator_3.py
[2023-03-16T23:43:34.111+0000] {processor.py:753} INFO - DAG(s) dict_keys(['example_branch_dop_operator_v3']) retrieved from /home/airflow/.local/lib/python3.7/site-packages/airflow/example_dags/example_branch_python_dop_operator_3.py
[2023-03-16T23:43:34.253+0000] {logging_mixin.py:137} INFO - [2023-03-16T23:43:34.252+0000] {dag.py:2690} INFO - Sync 1 DAGs
[2023-03-16T23:43:34.429+0000] {logging_mixin.py:137} INFO - [2023-03-16T23:43:34.417+0000] {dag.py:3441} INFO - Setting next_dagrun for example_branch_dop_operator_v3 to 2023-03-16T23:42:00+00:00, run_after=2023-03-16T23:43:00+00:00
[2023-03-16T23:43:34.573+0000] {processor.py:175} INFO - Processing /home/airflow/.local/lib/python3.7/site-packages/airflow/example_dags/example_branch_python_dop_operator_3.py took 0.574 seconds
[2023-03-16T23:44:05.146+0000] {processor.py:153} INFO - Started process (PID=816) to work on /home/airflow/.local/lib/python3.7/site-packages/airflow/example_dags/example_branch_python_dop_operator_3.py
[2023-03-16T23:44:05.152+0000] {processor.py:743} INFO - Processing file /home/airflow/.local/lib/python3.7/site-packages/airflow/example_dags/example_branch_python_dop_operator_3.py for tasks to queue
[2023-03-16T23:44:05.154+0000] {logging_mixin.py:137} INFO - [2023-03-16T23:44:05.153+0000] {dagbag.py:538} INFO - Filling up the DagBag from /home/airflow/.local/lib/python3.7/site-packages/airflow/example_dags/example_branch_python_dop_operator_3.py
[2023-03-16T23:44:05.236+0000] {processor.py:753} INFO - DAG(s) dict_keys(['example_branch_dop_operator_v3']) retrieved from /home/airflow/.local/lib/python3.7/site-packages/airflow/example_dags/example_branch_python_dop_operator_3.py
[2023-03-16T23:44:05.373+0000] {logging_mixin.py:137} INFO - [2023-03-16T23:44:05.372+0000] {dag.py:2690} INFO - Sync 1 DAGs
[2023-03-16T23:44:05.469+0000] {logging_mixin.py:137} INFO - [2023-03-16T23:44:05.469+0000] {dag.py:3441} INFO - Setting next_dagrun for example_branch_dop_operator_v3 to 2023-03-16T23:43:00+00:00, run_after=2023-03-16T23:44:00+00:00
[2023-03-16T23:44:05.525+0000] {processor.py:175} INFO - Processing /home/airflow/.local/lib/python3.7/site-packages/airflow/example_dags/example_branch_python_dop_operator_3.py took 0.390 seconds
[2023-03-16T23:44:36.664+0000] {processor.py:153} INFO - Started process (PID=890) to work on /home/airflow/.local/lib/python3.7/site-packages/airflow/example_dags/example_branch_python_dop_operator_3.py
[2023-03-16T23:44:36.665+0000] {processor.py:743} INFO - Processing file /home/airflow/.local/lib/python3.7/site-packages/airflow/example_dags/example_branch_python_dop_operator_3.py for tasks to queue
[2023-03-16T23:44:36.677+0000] {logging_mixin.py:137} INFO - [2023-03-16T23:44:36.670+0000] {dagbag.py:538} INFO - Filling up the DagBag from /home/airflow/.local/lib/python3.7/site-packages/airflow/example_dags/example_branch_python_dop_operator_3.py
[2023-03-16T23:44:36.817+0000] {processor.py:753} INFO - DAG(s) dict_keys(['example_branch_dop_operator_v3']) retrieved from /home/airflow/.local/lib/python3.7/site-packages/airflow/example_dags/example_branch_python_dop_operator_3.py
[2023-03-16T23:44:37.019+0000] {logging_mixin.py:137} INFO - [2023-03-16T23:44:37.019+0000] {dag.py:2690} INFO - Sync 1 DAGs
[2023-03-16T23:44:37.465+0000] {logging_mixin.py:137} INFO - [2023-03-16T23:44:37.465+0000] {dag.py:3441} INFO - Setting next_dagrun for example_branch_dop_operator_v3 to 2023-03-16T23:43:00+00:00, run_after=2023-03-16T23:44:00+00:00
[2023-03-16T23:44:37.604+0000] {processor.py:175} INFO - Processing /home/airflow/.local/lib/python3.7/site-packages/airflow/example_dags/example_branch_python_dop_operator_3.py took 0.948 seconds
[2023-03-16T23:45:08.252+0000] {processor.py:153} INFO - Started process (PID=956) to work on /home/airflow/.local/lib/python3.7/site-packages/airflow/example_dags/example_branch_python_dop_operator_3.py
[2023-03-16T23:45:08.266+0000] {processor.py:743} INFO - Processing file /home/airflow/.local/lib/python3.7/site-packages/airflow/example_dags/example_branch_python_dop_operator_3.py for tasks to queue
[2023-03-16T23:45:08.268+0000] {logging_mixin.py:137} INFO - [2023-03-16T23:45:08.268+0000] {dagbag.py:538} INFO - Filling up the DagBag from /home/airflow/.local/lib/python3.7/site-packages/airflow/example_dags/example_branch_python_dop_operator_3.py
[2023-03-16T23:45:08.416+0000] {processor.py:753} INFO - DAG(s) dict_keys(['example_branch_dop_operator_v3']) retrieved from /home/airflow/.local/lib/python3.7/site-packages/airflow/example_dags/example_branch_python_dop_operator_3.py
[2023-03-16T23:45:08.554+0000] {logging_mixin.py:137} INFO - [2023-03-16T23:45:08.554+0000] {dag.py:2690} INFO - Sync 1 DAGs
[2023-03-16T23:45:08.714+0000] {logging_mixin.py:137} INFO - [2023-03-16T23:45:08.713+0000] {dag.py:3441} INFO - Setting next_dagrun for example_branch_dop_operator_v3 to 2023-03-16T23:44:00+00:00, run_after=2023-03-16T23:45:00+00:00
[2023-03-16T23:45:08.828+0000] {processor.py:175} INFO - Processing /home/airflow/.local/lib/python3.7/site-packages/airflow/example_dags/example_branch_python_dop_operator_3.py took 0.583 seconds
[2023-03-16T23:45:38.963+0000] {processor.py:153} INFO - Started process (PID=1022) to work on /home/airflow/.local/lib/python3.7/site-packages/airflow/example_dags/example_branch_python_dop_operator_3.py
[2023-03-16T23:45:38.965+0000] {processor.py:743} INFO - Processing file /home/airflow/.local/lib/python3.7/site-packages/airflow/example_dags/example_branch_python_dop_operator_3.py for tasks to queue
[2023-03-16T23:45:38.968+0000] {logging_mixin.py:137} INFO - [2023-03-16T23:45:38.968+0000] {dagbag.py:538} INFO - Filling up the DagBag from /home/airflow/.local/lib/python3.7/site-packages/airflow/example_dags/example_branch_python_dop_operator_3.py
[2023-03-16T23:45:39.029+0000] {processor.py:753} INFO - DAG(s) dict_keys(['example_branch_dop_operator_v3']) retrieved from /home/airflow/.local/lib/python3.7/site-packages/airflow/example_dags/example_branch_python_dop_operator_3.py
[2023-03-16T23:45:39.114+0000] {logging_mixin.py:137} INFO - [2023-03-16T23:45:39.114+0000] {dag.py:2690} INFO - Sync 1 DAGs
[2023-03-16T23:45:39.199+0000] {logging_mixin.py:137} INFO - [2023-03-16T23:45:39.198+0000] {dag.py:3441} INFO - Setting next_dagrun for example_branch_dop_operator_v3 to 2023-03-16T23:44:00+00:00, run_after=2023-03-16T23:45:00+00:00
[2023-03-16T23:45:39.244+0000] {processor.py:175} INFO - Processing /home/airflow/.local/lib/python3.7/site-packages/airflow/example_dags/example_branch_python_dop_operator_3.py took 0.290 seconds
[2023-03-16T23:46:09.526+0000] {processor.py:153} INFO - Started process (PID=1087) to work on /home/airflow/.local/lib/python3.7/site-packages/airflow/example_dags/example_branch_python_dop_operator_3.py
[2023-03-16T23:46:09.531+0000] {processor.py:743} INFO - Processing file /home/airflow/.local/lib/python3.7/site-packages/airflow/example_dags/example_branch_python_dop_operator_3.py for tasks to queue
[2023-03-16T23:46:09.536+0000] {logging_mixin.py:137} INFO - [2023-03-16T23:46:09.536+0000] {dagbag.py:538} INFO - Filling up the DagBag from /home/airflow/.local/lib/python3.7/site-packages/airflow/example_dags/example_branch_python_dop_operator_3.py
[2023-03-16T23:46:09.623+0000] {processor.py:753} INFO - DAG(s) dict_keys(['example_branch_dop_operator_v3']) retrieved from /home/airflow/.local/lib/python3.7/site-packages/airflow/example_dags/example_branch_python_dop_operator_3.py
[2023-03-16T23:46:09.730+0000] {logging_mixin.py:137} INFO - [2023-03-16T23:46:09.729+0000] {dag.py:2690} INFO - Sync 1 DAGs
[2023-03-16T23:46:09.828+0000] {logging_mixin.py:137} INFO - [2023-03-16T23:46:09.828+0000] {dag.py:3441} INFO - Setting next_dagrun for example_branch_dop_operator_v3 to 2023-03-16T23:45:00+00:00, run_after=2023-03-16T23:46:00+00:00
[2023-03-16T23:46:09.916+0000] {processor.py:175} INFO - Processing /home/airflow/.local/lib/python3.7/site-packages/airflow/example_dags/example_branch_python_dop_operator_3.py took 0.396 seconds
[2023-03-16T23:46:40.017+0000] {processor.py:153} INFO - Started process (PID=1149) to work on /home/airflow/.local/lib/python3.7/site-packages/airflow/example_dags/example_branch_python_dop_operator_3.py
[2023-03-16T23:46:40.019+0000] {processor.py:743} INFO - Processing file /home/airflow/.local/lib/python3.7/site-packages/airflow/example_dags/example_branch_python_dop_operator_3.py for tasks to queue
[2023-03-16T23:46:40.021+0000] {logging_mixin.py:137} INFO - [2023-03-16T23:46:40.021+0000] {dagbag.py:538} INFO - Filling up the DagBag from /home/airflow/.local/lib/python3.7/site-packages/airflow/example_dags/example_branch_python_dop_operator_3.py
[2023-03-16T23:46:40.056+0000] {processor.py:753} INFO - DAG(s) dict_keys(['example_branch_dop_operator_v3']) retrieved from /home/airflow/.local/lib/python3.7/site-packages/airflow/example_dags/example_branch_python_dop_operator_3.py
[2023-03-16T23:46:40.094+0000] {logging_mixin.py:137} INFO - [2023-03-16T23:46:40.094+0000] {dag.py:2690} INFO - Sync 1 DAGs
[2023-03-16T23:46:40.143+0000] {logging_mixin.py:137} INFO - [2023-03-16T23:46:40.142+0000] {dag.py:3441} INFO - Setting next_dagrun for example_branch_dop_operator_v3 to 2023-03-16T23:45:00+00:00, run_after=2023-03-16T23:46:00+00:00
[2023-03-16T23:46:40.197+0000] {processor.py:175} INFO - Processing /home/airflow/.local/lib/python3.7/site-packages/airflow/example_dags/example_branch_python_dop_operator_3.py took 0.185 seconds
[2023-03-16T23:47:10.623+0000] {processor.py:153} INFO - Started process (PID=1223) to work on /home/airflow/.local/lib/python3.7/site-packages/airflow/example_dags/example_branch_python_dop_operator_3.py
[2023-03-16T23:47:10.626+0000] {processor.py:743} INFO - Processing file /home/airflow/.local/lib/python3.7/site-packages/airflow/example_dags/example_branch_python_dop_operator_3.py for tasks to queue
[2023-03-16T23:47:10.628+0000] {logging_mixin.py:137} INFO - [2023-03-16T23:47:10.627+0000] {dagbag.py:538} INFO - Filling up the DagBag from /home/airflow/.local/lib/python3.7/site-packages/airflow/example_dags/example_branch_python_dop_operator_3.py
[2023-03-16T23:47:10.677+0000] {processor.py:753} INFO - DAG(s) dict_keys(['example_branch_dop_operator_v3']) retrieved from /home/airflow/.local/lib/python3.7/site-packages/airflow/example_dags/example_branch_python_dop_operator_3.py
[2023-03-16T23:47:10.743+0000] {logging_mixin.py:137} INFO - [2023-03-16T23:47:10.743+0000] {dag.py:2690} INFO - Sync 1 DAGs
[2023-03-16T23:47:10.868+0000] {logging_mixin.py:137} INFO - [2023-03-16T23:47:10.867+0000] {dag.py:3441} INFO - Setting next_dagrun for example_branch_dop_operator_v3 to 2023-03-16T23:46:00+00:00, run_after=2023-03-16T23:47:00+00:00
[2023-03-16T23:47:10.947+0000] {processor.py:175} INFO - Processing /home/airflow/.local/lib/python3.7/site-packages/airflow/example_dags/example_branch_python_dop_operator_3.py took 0.330 seconds
[2023-03-16T23:47:41.687+0000] {processor.py:153} INFO - Started process (PID=1296) to work on /home/airflow/.local/lib/python3.7/site-packages/airflow/example_dags/example_branch_python_dop_operator_3.py
[2023-03-16T23:47:41.690+0000] {processor.py:743} INFO - Processing file /home/airflow/.local/lib/python3.7/site-packages/airflow/example_dags/example_branch_python_dop_operator_3.py for tasks to queue
[2023-03-16T23:47:41.692+0000] {logging_mixin.py:137} INFO - [2023-03-16T23:47:41.692+0000] {dagbag.py:538} INFO - Filling up the DagBag from /home/airflow/.local/lib/python3.7/site-packages/airflow/example_dags/example_branch_python_dop_operator_3.py
[2023-03-16T23:47:41.735+0000] {processor.py:753} INFO - DAG(s) dict_keys(['example_branch_dop_operator_v3']) retrieved from /home/airflow/.local/lib/python3.7/site-packages/airflow/example_dags/example_branch_python_dop_operator_3.py
[2023-03-16T23:47:41.776+0000] {logging_mixin.py:137} INFO - [2023-03-16T23:47:41.775+0000] {dag.py:2690} INFO - Sync 1 DAGs
[2023-03-16T23:47:41.824+0000] {logging_mixin.py:137} INFO - [2023-03-16T23:47:41.824+0000] {dag.py:3441} INFO - Setting next_dagrun for example_branch_dop_operator_v3 to 2023-03-16T23:46:00+00:00, run_after=2023-03-16T23:47:00+00:00
[2023-03-16T23:47:41.864+0000] {processor.py:175} INFO - Processing /home/airflow/.local/lib/python3.7/site-packages/airflow/example_dags/example_branch_python_dop_operator_3.py took 0.185 seconds
[2023-03-16T23:48:12.452+0000] {processor.py:153} INFO - Started process (PID=1369) to work on /home/airflow/.local/lib/python3.7/site-packages/airflow/example_dags/example_branch_python_dop_operator_3.py
[2023-03-16T23:48:12.713+0000] {processor.py:743} INFO - Processing file /home/airflow/.local/lib/python3.7/site-packages/airflow/example_dags/example_branch_python_dop_operator_3.py for tasks to queue
[2023-03-16T23:48:12.715+0000] {logging_mixin.py:137} INFO - [2023-03-16T23:48:12.715+0000] {dagbag.py:538} INFO - Filling up the DagBag from /home/airflow/.local/lib/python3.7/site-packages/airflow/example_dags/example_branch_python_dop_operator_3.py
[2023-03-16T23:48:12.765+0000] {processor.py:753} INFO - DAG(s) dict_keys(['example_branch_dop_operator_v3']) retrieved from /home/airflow/.local/lib/python3.7/site-packages/airflow/example_dags/example_branch_python_dop_operator_3.py
[2023-03-16T23:48:12.820+0000] {logging_mixin.py:137} INFO - [2023-03-16T23:48:12.820+0000] {dag.py:2690} INFO - Sync 1 DAGs
[2023-03-16T23:48:12.875+0000] {logging_mixin.py:137} INFO - [2023-03-16T23:48:12.874+0000] {dag.py:3441} INFO - Setting next_dagrun for example_branch_dop_operator_v3 to 2023-03-16T23:47:00+00:00, run_after=2023-03-16T23:48:00+00:00
[2023-03-16T23:48:12.932+0000] {processor.py:175} INFO - Processing /home/airflow/.local/lib/python3.7/site-packages/airflow/example_dags/example_branch_python_dop_operator_3.py took 0.484 seconds
[2023-03-16T23:48:43.438+0000] {processor.py:153} INFO - Started process (PID=1442) to work on /home/airflow/.local/lib/python3.7/site-packages/airflow/example_dags/example_branch_python_dop_operator_3.py
[2023-03-16T23:48:43.442+0000] {processor.py:743} INFO - Processing file /home/airflow/.local/lib/python3.7/site-packages/airflow/example_dags/example_branch_python_dop_operator_3.py for tasks to queue
[2023-03-16T23:48:43.451+0000] {logging_mixin.py:137} INFO - [2023-03-16T23:48:43.451+0000] {dagbag.py:538} INFO - Filling up the DagBag from /home/airflow/.local/lib/python3.7/site-packages/airflow/example_dags/example_branch_python_dop_operator_3.py
[2023-03-16T23:48:43.527+0000] {processor.py:753} INFO - DAG(s) dict_keys(['example_branch_dop_operator_v3']) retrieved from /home/airflow/.local/lib/python3.7/site-packages/airflow/example_dags/example_branch_python_dop_operator_3.py
[2023-03-16T23:48:43.614+0000] {logging_mixin.py:137} INFO - [2023-03-16T23:48:43.614+0000] {dag.py:2690} INFO - Sync 1 DAGs
[2023-03-16T23:48:43.689+0000] {logging_mixin.py:137} INFO - [2023-03-16T23:48:43.689+0000] {dag.py:3441} INFO - Setting next_dagrun for example_branch_dop_operator_v3 to 2023-03-16T23:47:00+00:00, run_after=2023-03-16T23:48:00+00:00
[2023-03-16T23:48:43.746+0000] {processor.py:175} INFO - Processing /home/airflow/.local/lib/python3.7/site-packages/airflow/example_dags/example_branch_python_dop_operator_3.py took 0.316 seconds
[2023-03-16T23:49:14.305+0000] {processor.py:153} INFO - Started process (PID=1515) to work on /home/airflow/.local/lib/python3.7/site-packages/airflow/example_dags/example_branch_python_dop_operator_3.py
[2023-03-16T23:49:14.306+0000] {processor.py:743} INFO - Processing file /home/airflow/.local/lib/python3.7/site-packages/airflow/example_dags/example_branch_python_dop_operator_3.py for tasks to queue
[2023-03-16T23:49:14.308+0000] {logging_mixin.py:137} INFO - [2023-03-16T23:49:14.308+0000] {dagbag.py:538} INFO - Filling up the DagBag from /home/airflow/.local/lib/python3.7/site-packages/airflow/example_dags/example_branch_python_dop_operator_3.py
[2023-03-16T23:49:14.342+0000] {processor.py:753} INFO - DAG(s) dict_keys(['example_branch_dop_operator_v3']) retrieved from /home/airflow/.local/lib/python3.7/site-packages/airflow/example_dags/example_branch_python_dop_operator_3.py
[2023-03-16T23:49:14.394+0000] {logging_mixin.py:137} INFO - [2023-03-16T23:49:14.394+0000] {dag.py:2690} INFO - Sync 1 DAGs
[2023-03-16T23:49:14.469+0000] {logging_mixin.py:137} INFO - [2023-03-16T23:49:14.468+0000] {dag.py:3441} INFO - Setting next_dagrun for example_branch_dop_operator_v3 to 2023-03-16T23:48:00+00:00, run_after=2023-03-16T23:49:00+00:00
[2023-03-16T23:49:14.520+0000] {processor.py:175} INFO - Processing /home/airflow/.local/lib/python3.7/site-packages/airflow/example_dags/example_branch_python_dop_operator_3.py took 0.221 seconds
[2023-03-16T23:49:45.271+0000] {processor.py:153} INFO - Started process (PID=1588) to work on /home/airflow/.local/lib/python3.7/site-packages/airflow/example_dags/example_branch_python_dop_operator_3.py
[2023-03-16T23:49:45.274+0000] {processor.py:743} INFO - Processing file /home/airflow/.local/lib/python3.7/site-packages/airflow/example_dags/example_branch_python_dop_operator_3.py for tasks to queue
[2023-03-16T23:49:45.275+0000] {logging_mixin.py:137} INFO - [2023-03-16T23:49:45.275+0000] {dagbag.py:538} INFO - Filling up the DagBag from /home/airflow/.local/lib/python3.7/site-packages/airflow/example_dags/example_branch_python_dop_operator_3.py
[2023-03-16T23:49:45.323+0000] {processor.py:753} INFO - DAG(s) dict_keys(['example_branch_dop_operator_v3']) retrieved from /home/airflow/.local/lib/python3.7/site-packages/airflow/example_dags/example_branch_python_dop_operator_3.py
[2023-03-16T23:49:45.370+0000] {logging_mixin.py:137} INFO - [2023-03-16T23:49:45.370+0000] {dag.py:2690} INFO - Sync 1 DAGs
[2023-03-16T23:49:45.425+0000] {logging_mixin.py:137} INFO - [2023-03-16T23:49:45.424+0000] {dag.py:3441} INFO - Setting next_dagrun for example_branch_dop_operator_v3 to 2023-03-16T23:48:00+00:00, run_after=2023-03-16T23:49:00+00:00
[2023-03-16T23:49:45.488+0000] {processor.py:175} INFO - Processing /home/airflow/.local/lib/python3.7/site-packages/airflow/example_dags/example_branch_python_dop_operator_3.py took 0.224 seconds
[2023-03-16T23:50:16.410+0000] {processor.py:153} INFO - Started process (PID=1661) to work on /home/airflow/.local/lib/python3.7/site-packages/airflow/example_dags/example_branch_python_dop_operator_3.py
[2023-03-16T23:50:16.421+0000] {processor.py:743} INFO - Processing file /home/airflow/.local/lib/python3.7/site-packages/airflow/example_dags/example_branch_python_dop_operator_3.py for tasks to queue
[2023-03-16T23:50:16.429+0000] {logging_mixin.py:137} INFO - [2023-03-16T23:50:16.429+0000] {dagbag.py:538} INFO - Filling up the DagBag from /home/airflow/.local/lib/python3.7/site-packages/airflow/example_dags/example_branch_python_dop_operator_3.py
[2023-03-16T23:50:16.574+0000] {processor.py:753} INFO - DAG(s) dict_keys(['example_branch_dop_operator_v3']) retrieved from /home/airflow/.local/lib/python3.7/site-packages/airflow/example_dags/example_branch_python_dop_operator_3.py
[2023-03-16T23:50:16.716+0000] {logging_mixin.py:137} INFO - [2023-03-16T23:50:16.715+0000] {dag.py:2690} INFO - Sync 1 DAGs
[2023-03-16T23:50:16.885+0000] {logging_mixin.py:137} INFO - [2023-03-16T23:50:16.885+0000] {dag.py:3441} INFO - Setting next_dagrun for example_branch_dop_operator_v3 to 2023-03-16T23:49:00+00:00, run_after=2023-03-16T23:50:00+00:00
[2023-03-16T23:50:17.018+0000] {processor.py:175} INFO - Processing /home/airflow/.local/lib/python3.7/site-packages/airflow/example_dags/example_branch_python_dop_operator_3.py took 0.617 seconds
[2023-03-16T23:50:47.699+0000] {processor.py:153} INFO - Started process (PID=1734) to work on /home/airflow/.local/lib/python3.7/site-packages/airflow/example_dags/example_branch_python_dop_operator_3.py
[2023-03-16T23:50:47.701+0000] {processor.py:743} INFO - Processing file /home/airflow/.local/lib/python3.7/site-packages/airflow/example_dags/example_branch_python_dop_operator_3.py for tasks to queue
[2023-03-16T23:50:47.703+0000] {logging_mixin.py:137} INFO - [2023-03-16T23:50:47.703+0000] {dagbag.py:538} INFO - Filling up the DagBag from /home/airflow/.local/lib/python3.7/site-packages/airflow/example_dags/example_branch_python_dop_operator_3.py
[2023-03-16T23:50:47.764+0000] {processor.py:753} INFO - DAG(s) dict_keys(['example_branch_dop_operator_v3']) retrieved from /home/airflow/.local/lib/python3.7/site-packages/airflow/example_dags/example_branch_python_dop_operator_3.py
[2023-03-16T23:50:47.945+0000] {logging_mixin.py:137} INFO - [2023-03-16T23:50:47.945+0000] {dag.py:2690} INFO - Sync 1 DAGs
[2023-03-16T23:50:48.015+0000] {logging_mixin.py:137} INFO - [2023-03-16T23:50:48.014+0000] {dag.py:3441} INFO - Setting next_dagrun for example_branch_dop_operator_v3 to 2023-03-16T23:49:00+00:00, run_after=2023-03-16T23:50:00+00:00
[2023-03-16T23:50:48.054+0000] {processor.py:175} INFO - Processing /home/airflow/.local/lib/python3.7/site-packages/airflow/example_dags/example_branch_python_dop_operator_3.py took 0.362 seconds
[2023-03-16T23:51:18.652+0000] {processor.py:153} INFO - Started process (PID=1807) to work on /home/airflow/.local/lib/python3.7/site-packages/airflow/example_dags/example_branch_python_dop_operator_3.py
[2023-03-16T23:51:18.654+0000] {processor.py:743} INFO - Processing file /home/airflow/.local/lib/python3.7/site-packages/airflow/example_dags/example_branch_python_dop_operator_3.py for tasks to queue
[2023-03-16T23:51:18.656+0000] {logging_mixin.py:137} INFO - [2023-03-16T23:51:18.656+0000] {dagbag.py:538} INFO - Filling up the DagBag from /home/airflow/.local/lib/python3.7/site-packages/airflow/example_dags/example_branch_python_dop_operator_3.py
[2023-03-16T23:51:18.716+0000] {processor.py:753} INFO - DAG(s) dict_keys(['example_branch_dop_operator_v3']) retrieved from /home/airflow/.local/lib/python3.7/site-packages/airflow/example_dags/example_branch_python_dop_operator_3.py
[2023-03-16T23:51:18.780+0000] {logging_mixin.py:137} INFO - [2023-03-16T23:51:18.779+0000] {dag.py:2690} INFO - Sync 1 DAGs
[2023-03-16T23:51:18.854+0000] {logging_mixin.py:137} INFO - [2023-03-16T23:51:18.853+0000] {dag.py:3441} INFO - Setting next_dagrun for example_branch_dop_operator_v3 to 2023-03-16T23:50:00+00:00, run_after=2023-03-16T23:51:00+00:00
[2023-03-16T23:51:18.898+0000] {processor.py:175} INFO - Processing /home/airflow/.local/lib/python3.7/site-packages/airflow/example_dags/example_branch_python_dop_operator_3.py took 0.254 seconds
[2023-03-16T23:51:49.111+0000] {processor.py:153} INFO - Started process (PID=1881) to work on /home/airflow/.local/lib/python3.7/site-packages/airflow/example_dags/example_branch_python_dop_operator_3.py
[2023-03-16T23:51:49.114+0000] {processor.py:743} INFO - Processing file /home/airflow/.local/lib/python3.7/site-packages/airflow/example_dags/example_branch_python_dop_operator_3.py for tasks to queue
[2023-03-16T23:51:49.116+0000] {logging_mixin.py:137} INFO - [2023-03-16T23:51:49.115+0000] {dagbag.py:538} INFO - Filling up the DagBag from /home/airflow/.local/lib/python3.7/site-packages/airflow/example_dags/example_branch_python_dop_operator_3.py
[2023-03-16T23:51:49.173+0000] {processor.py:753} INFO - DAG(s) dict_keys(['example_branch_dop_operator_v3']) retrieved from /home/airflow/.local/lib/python3.7/site-packages/airflow/example_dags/example_branch_python_dop_operator_3.py
[2023-03-16T23:51:49.246+0000] {logging_mixin.py:137} INFO - [2023-03-16T23:51:49.245+0000] {dag.py:2690} INFO - Sync 1 DAGs
[2023-03-16T23:51:49.319+0000] {logging_mixin.py:137} INFO - [2023-03-16T23:51:49.319+0000] {dag.py:3441} INFO - Setting next_dagrun for example_branch_dop_operator_v3 to 2023-03-16T23:50:00+00:00, run_after=2023-03-16T23:51:00+00:00
[2023-03-16T23:51:49.363+0000] {processor.py:175} INFO - Processing /home/airflow/.local/lib/python3.7/site-packages/airflow/example_dags/example_branch_python_dop_operator_3.py took 0.260 seconds
[2023-03-16T23:52:20.101+0000] {processor.py:153} INFO - Started process (PID=1954) to work on /home/airflow/.local/lib/python3.7/site-packages/airflow/example_dags/example_branch_python_dop_operator_3.py
[2023-03-16T23:52:20.106+0000] {processor.py:743} INFO - Processing file /home/airflow/.local/lib/python3.7/site-packages/airflow/example_dags/example_branch_python_dop_operator_3.py for tasks to queue
[2023-03-16T23:52:20.110+0000] {logging_mixin.py:137} INFO - [2023-03-16T23:52:20.110+0000] {dagbag.py:538} INFO - Filling up the DagBag from /home/airflow/.local/lib/python3.7/site-packages/airflow/example_dags/example_branch_python_dop_operator_3.py
[2023-03-16T23:52:20.191+0000] {processor.py:753} INFO - DAG(s) dict_keys(['example_branch_dop_operator_v3']) retrieved from /home/airflow/.local/lib/python3.7/site-packages/airflow/example_dags/example_branch_python_dop_operator_3.py
[2023-03-16T23:52:20.302+0000] {logging_mixin.py:137} INFO - [2023-03-16T23:52:20.301+0000] {dag.py:2690} INFO - Sync 1 DAGs
[2023-03-16T23:52:20.465+0000] {logging_mixin.py:137} INFO - [2023-03-16T23:52:20.465+0000] {dag.py:3441} INFO - Setting next_dagrun for example_branch_dop_operator_v3 to 2023-03-16T23:51:00+00:00, run_after=2023-03-16T23:52:00+00:00
[2023-03-16T23:52:20.546+0000] {processor.py:175} INFO - Processing /home/airflow/.local/lib/python3.7/site-packages/airflow/example_dags/example_branch_python_dop_operator_3.py took 0.455 seconds
[2023-03-16T23:52:50.775+0000] {processor.py:153} INFO - Started process (PID=2023) to work on /home/airflow/.local/lib/python3.7/site-packages/airflow/example_dags/example_branch_python_dop_operator_3.py
[2023-03-16T23:52:50.804+0000] {processor.py:743} INFO - Processing file /home/airflow/.local/lib/python3.7/site-packages/airflow/example_dags/example_branch_python_dop_operator_3.py for tasks to queue
[2023-03-16T23:52:50.852+0000] {logging_mixin.py:137} INFO - [2023-03-16T23:52:50.852+0000] {dagbag.py:538} INFO - Filling up the DagBag from /home/airflow/.local/lib/python3.7/site-packages/airflow/example_dags/example_branch_python_dop_operator_3.py
[2023-03-16T23:52:50.971+0000] {processor.py:753} INFO - DAG(s) dict_keys(['example_branch_dop_operator_v3']) retrieved from /home/airflow/.local/lib/python3.7/site-packages/airflow/example_dags/example_branch_python_dop_operator_3.py
[2023-03-16T23:52:51.056+0000] {logging_mixin.py:137} INFO - [2023-03-16T23:52:51.055+0000] {dag.py:2690} INFO - Sync 1 DAGs
[2023-03-16T23:52:51.121+0000] {logging_mixin.py:137} INFO - [2023-03-16T23:52:51.121+0000] {dag.py:3441} INFO - Setting next_dagrun for example_branch_dop_operator_v3 to 2023-03-16T23:51:00+00:00, run_after=2023-03-16T23:52:00+00:00
[2023-03-16T23:52:51.163+0000] {processor.py:175} INFO - Processing /home/airflow/.local/lib/python3.7/site-packages/airflow/example_dags/example_branch_python_dop_operator_3.py took 0.396 seconds
[2023-03-16T23:53:21.337+0000] {processor.py:153} INFO - Started process (PID=2093) to work on /home/airflow/.local/lib/python3.7/site-packages/airflow/example_dags/example_branch_python_dop_operator_3.py
[2023-03-16T23:53:21.339+0000] {processor.py:743} INFO - Processing file /home/airflow/.local/lib/python3.7/site-packages/airflow/example_dags/example_branch_python_dop_operator_3.py for tasks to queue
[2023-03-16T23:53:21.342+0000] {logging_mixin.py:137} INFO - [2023-03-16T23:53:21.341+0000] {dagbag.py:538} INFO - Filling up the DagBag from /home/airflow/.local/lib/python3.7/site-packages/airflow/example_dags/example_branch_python_dop_operator_3.py
[2023-03-16T23:53:21.397+0000] {processor.py:753} INFO - DAG(s) dict_keys(['example_branch_dop_operator_v3']) retrieved from /home/airflow/.local/lib/python3.7/site-packages/airflow/example_dags/example_branch_python_dop_operator_3.py
[2023-03-16T23:53:21.462+0000] {logging_mixin.py:137} INFO - [2023-03-16T23:53:21.462+0000] {dag.py:2690} INFO - Sync 1 DAGs
[2023-03-16T23:53:21.552+0000] {logging_mixin.py:137} INFO - [2023-03-16T23:53:21.551+0000] {dag.py:3441} INFO - Setting next_dagrun for example_branch_dop_operator_v3 to 2023-03-16T23:52:00+00:00, run_after=2023-03-16T23:53:00+00:00
[2023-03-16T23:53:21.594+0000] {processor.py:175} INFO - Processing /home/airflow/.local/lib/python3.7/site-packages/airflow/example_dags/example_branch_python_dop_operator_3.py took 0.264 seconds
[2023-03-16T23:53:51.684+0000] {processor.py:153} INFO - Started process (PID=2166) to work on /home/airflow/.local/lib/python3.7/site-packages/airflow/example_dags/example_branch_python_dop_operator_3.py
[2023-03-16T23:53:51.686+0000] {processor.py:743} INFO - Processing file /home/airflow/.local/lib/python3.7/site-packages/airflow/example_dags/example_branch_python_dop_operator_3.py for tasks to queue
[2023-03-16T23:53:51.688+0000] {logging_mixin.py:137} INFO - [2023-03-16T23:53:51.688+0000] {dagbag.py:538} INFO - Filling up the DagBag from /home/airflow/.local/lib/python3.7/site-packages/airflow/example_dags/example_branch_python_dop_operator_3.py
[2023-03-16T23:53:51.722+0000] {processor.py:753} INFO - DAG(s) dict_keys(['example_branch_dop_operator_v3']) retrieved from /home/airflow/.local/lib/python3.7/site-packages/airflow/example_dags/example_branch_python_dop_operator_3.py
[2023-03-16T23:53:51.766+0000] {logging_mixin.py:137} INFO - [2023-03-16T23:53:51.766+0000] {dag.py:2690} INFO - Sync 1 DAGs
[2023-03-16T23:53:51.821+0000] {logging_mixin.py:137} INFO - [2023-03-16T23:53:51.821+0000] {dag.py:3441} INFO - Setting next_dagrun for example_branch_dop_operator_v3 to 2023-03-16T23:52:00+00:00, run_after=2023-03-16T23:53:00+00:00
[2023-03-16T23:53:51.868+0000] {processor.py:175} INFO - Processing /home/airflow/.local/lib/python3.7/site-packages/airflow/example_dags/example_branch_python_dop_operator_3.py took 0.191 seconds
[2023-03-16T23:54:22.330+0000] {processor.py:153} INFO - Started process (PID=2246) to work on /home/airflow/.local/lib/python3.7/site-packages/airflow/example_dags/example_branch_python_dop_operator_3.py
[2023-03-16T23:54:22.331+0000] {processor.py:743} INFO - Processing file /home/airflow/.local/lib/python3.7/site-packages/airflow/example_dags/example_branch_python_dop_operator_3.py for tasks to queue
[2023-03-16T23:54:22.333+0000] {logging_mixin.py:137} INFO - [2023-03-16T23:54:22.333+0000] {dagbag.py:538} INFO - Filling up the DagBag from /home/airflow/.local/lib/python3.7/site-packages/airflow/example_dags/example_branch_python_dop_operator_3.py
[2023-03-16T23:54:22.379+0000] {processor.py:753} INFO - DAG(s) dict_keys(['example_branch_dop_operator_v3']) retrieved from /home/airflow/.local/lib/python3.7/site-packages/airflow/example_dags/example_branch_python_dop_operator_3.py
[2023-03-16T23:54:22.511+0000] {logging_mixin.py:137} INFO - [2023-03-16T23:54:22.511+0000] {dag.py:2690} INFO - Sync 1 DAGs
[2023-03-16T23:54:22.596+0000] {logging_mixin.py:137} INFO - [2023-03-16T23:54:22.596+0000] {dag.py:3441} INFO - Setting next_dagrun for example_branch_dop_operator_v3 to 2023-03-16T23:53:00+00:00, run_after=2023-03-16T23:54:00+00:00
[2023-03-16T23:54:22.641+0000] {processor.py:175} INFO - Processing /home/airflow/.local/lib/python3.7/site-packages/airflow/example_dags/example_branch_python_dop_operator_3.py took 0.317 seconds
[2023-03-16T23:54:52.971+0000] {processor.py:153} INFO - Started process (PID=2319) to work on /home/airflow/.local/lib/python3.7/site-packages/airflow/example_dags/example_branch_python_dop_operator_3.py
[2023-03-16T23:54:52.974+0000] {processor.py:743} INFO - Processing file /home/airflow/.local/lib/python3.7/site-packages/airflow/example_dags/example_branch_python_dop_operator_3.py for tasks to queue
[2023-03-16T23:54:52.976+0000] {logging_mixin.py:137} INFO - [2023-03-16T23:54:52.976+0000] {dagbag.py:538} INFO - Filling up the DagBag from /home/airflow/.local/lib/python3.7/site-packages/airflow/example_dags/example_branch_python_dop_operator_3.py
[2023-03-16T23:54:53.027+0000] {processor.py:753} INFO - DAG(s) dict_keys(['example_branch_dop_operator_v3']) retrieved from /home/airflow/.local/lib/python3.7/site-packages/airflow/example_dags/example_branch_python_dop_operator_3.py
[2023-03-16T23:54:53.068+0000] {logging_mixin.py:137} INFO - [2023-03-16T23:54:53.068+0000] {dag.py:2690} INFO - Sync 1 DAGs
[2023-03-16T23:54:53.136+0000] {logging_mixin.py:137} INFO - [2023-03-16T23:54:53.136+0000] {dag.py:3441} INFO - Setting next_dagrun for example_branch_dop_operator_v3 to 2023-03-16T23:53:00+00:00, run_after=2023-03-16T23:54:00+00:00
[2023-03-16T23:54:53.171+0000] {processor.py:175} INFO - Processing /home/airflow/.local/lib/python3.7/site-packages/airflow/example_dags/example_branch_python_dop_operator_3.py took 0.206 seconds
[2023-03-16T23:55:23.262+0000] {processor.py:153} INFO - Started process (PID=2392) to work on /home/airflow/.local/lib/python3.7/site-packages/airflow/example_dags/example_branch_python_dop_operator_3.py
[2023-03-16T23:55:23.264+0000] {processor.py:743} INFO - Processing file /home/airflow/.local/lib/python3.7/site-packages/airflow/example_dags/example_branch_python_dop_operator_3.py for tasks to queue
[2023-03-16T23:55:23.265+0000] {logging_mixin.py:137} INFO - [2023-03-16T23:55:23.265+0000] {dagbag.py:538} INFO - Filling up the DagBag from /home/airflow/.local/lib/python3.7/site-packages/airflow/example_dags/example_branch_python_dop_operator_3.py
[2023-03-16T23:55:23.306+0000] {processor.py:753} INFO - DAG(s) dict_keys(['example_branch_dop_operator_v3']) retrieved from /home/airflow/.local/lib/python3.7/site-packages/airflow/example_dags/example_branch_python_dop_operator_3.py
[2023-03-16T23:55:23.341+0000] {logging_mixin.py:137} INFO - [2023-03-16T23:55:23.341+0000] {dag.py:2690} INFO - Sync 1 DAGs
[2023-03-16T23:55:23.378+0000] {logging_mixin.py:137} INFO - [2023-03-16T23:55:23.378+0000] {dag.py:3441} INFO - Setting next_dagrun for example_branch_dop_operator_v3 to 2023-03-16T23:54:00+00:00, run_after=2023-03-16T23:55:00+00:00
[2023-03-16T23:55:23.416+0000] {processor.py:175} INFO - Processing /home/airflow/.local/lib/python3.7/site-packages/airflow/example_dags/example_branch_python_dop_operator_3.py took 0.159 seconds
[2023-03-16T23:55:53.559+0000] {processor.py:153} INFO - Started process (PID=2465) to work on /home/airflow/.local/lib/python3.7/site-packages/airflow/example_dags/example_branch_python_dop_operator_3.py
[2023-03-16T23:55:53.560+0000] {processor.py:743} INFO - Processing file /home/airflow/.local/lib/python3.7/site-packages/airflow/example_dags/example_branch_python_dop_operator_3.py for tasks to queue
[2023-03-16T23:55:53.562+0000] {logging_mixin.py:137} INFO - [2023-03-16T23:55:53.561+0000] {dagbag.py:538} INFO - Filling up the DagBag from /home/airflow/.local/lib/python3.7/site-packages/airflow/example_dags/example_branch_python_dop_operator_3.py
[2023-03-16T23:55:53.600+0000] {processor.py:753} INFO - DAG(s) dict_keys(['example_branch_dop_operator_v3']) retrieved from /home/airflow/.local/lib/python3.7/site-packages/airflow/example_dags/example_branch_python_dop_operator_3.py
[2023-03-16T23:55:53.646+0000] {logging_mixin.py:137} INFO - [2023-03-16T23:55:53.646+0000] {dag.py:2690} INFO - Sync 1 DAGs
[2023-03-16T23:55:53.697+0000] {logging_mixin.py:137} INFO - [2023-03-16T23:55:53.697+0000] {dag.py:3441} INFO - Setting next_dagrun for example_branch_dop_operator_v3 to 2023-03-16T23:54:00+00:00, run_after=2023-03-16T23:55:00+00:00
[2023-03-16T23:55:53.731+0000] {processor.py:175} INFO - Processing /home/airflow/.local/lib/python3.7/site-packages/airflow/example_dags/example_branch_python_dop_operator_3.py took 0.176 seconds
[2023-03-16T23:56:24.122+0000] {processor.py:153} INFO - Started process (PID=2538) to work on /home/airflow/.local/lib/python3.7/site-packages/airflow/example_dags/example_branch_python_dop_operator_3.py
[2023-03-16T23:56:24.123+0000] {processor.py:743} INFO - Processing file /home/airflow/.local/lib/python3.7/site-packages/airflow/example_dags/example_branch_python_dop_operator_3.py for tasks to queue
[2023-03-16T23:56:24.125+0000] {logging_mixin.py:137} INFO - [2023-03-16T23:56:24.125+0000] {dagbag.py:538} INFO - Filling up the DagBag from /home/airflow/.local/lib/python3.7/site-packages/airflow/example_dags/example_branch_python_dop_operator_3.py
[2023-03-16T23:56:24.170+0000] {processor.py:753} INFO - DAG(s) dict_keys(['example_branch_dop_operator_v3']) retrieved from /home/airflow/.local/lib/python3.7/site-packages/airflow/example_dags/example_branch_python_dop_operator_3.py
[2023-03-16T23:56:24.211+0000] {logging_mixin.py:137} INFO - [2023-03-16T23:56:24.211+0000] {dag.py:2690} INFO - Sync 1 DAGs
[2023-03-16T23:56:24.260+0000] {logging_mixin.py:137} INFO - [2023-03-16T23:56:24.260+0000] {dag.py:3441} INFO - Setting next_dagrun for example_branch_dop_operator_v3 to 2023-03-16T23:55:00+00:00, run_after=2023-03-16T23:56:00+00:00
[2023-03-16T23:56:24.309+0000] {processor.py:175} INFO - Processing /home/airflow/.local/lib/python3.7/site-packages/airflow/example_dags/example_branch_python_dop_operator_3.py took 0.193 seconds
[2023-03-16T23:56:55.128+0000] {processor.py:153} INFO - Started process (PID=2613) to work on /home/airflow/.local/lib/python3.7/site-packages/airflow/example_dags/example_branch_python_dop_operator_3.py
[2023-03-16T23:56:55.131+0000] {processor.py:743} INFO - Processing file /home/airflow/.local/lib/python3.7/site-packages/airflow/example_dags/example_branch_python_dop_operator_3.py for tasks to queue
[2023-03-16T23:56:55.132+0000] {logging_mixin.py:137} INFO - [2023-03-16T23:56:55.132+0000] {dagbag.py:538} INFO - Filling up the DagBag from /home/airflow/.local/lib/python3.7/site-packages/airflow/example_dags/example_branch_python_dop_operator_3.py
[2023-03-16T23:56:55.193+0000] {processor.py:753} INFO - DAG(s) dict_keys(['example_branch_dop_operator_v3']) retrieved from /home/airflow/.local/lib/python3.7/site-packages/airflow/example_dags/example_branch_python_dop_operator_3.py
[2023-03-16T23:56:55.274+0000] {logging_mixin.py:137} INFO - [2023-03-16T23:56:55.274+0000] {dag.py:2690} INFO - Sync 1 DAGs
[2023-03-16T23:56:55.360+0000] {logging_mixin.py:137} INFO - [2023-03-16T23:56:55.359+0000] {dag.py:3441} INFO - Setting next_dagrun for example_branch_dop_operator_v3 to 2023-03-16T23:55:00+00:00, run_after=2023-03-16T23:56:00+00:00
[2023-03-16T23:56:55.409+0000] {processor.py:175} INFO - Processing /home/airflow/.local/lib/python3.7/site-packages/airflow/example_dags/example_branch_python_dop_operator_3.py took 0.286 seconds
[2023-03-16T23:57:25.674+0000] {processor.py:153} INFO - Started process (PID=2687) to work on /home/airflow/.local/lib/python3.7/site-packages/airflow/example_dags/example_branch_python_dop_operator_3.py
[2023-03-16T23:57:25.677+0000] {processor.py:743} INFO - Processing file /home/airflow/.local/lib/python3.7/site-packages/airflow/example_dags/example_branch_python_dop_operator_3.py for tasks to queue
[2023-03-16T23:57:25.679+0000] {logging_mixin.py:137} INFO - [2023-03-16T23:57:25.678+0000] {dagbag.py:538} INFO - Filling up the DagBag from /home/airflow/.local/lib/python3.7/site-packages/airflow/example_dags/example_branch_python_dop_operator_3.py
[2023-03-16T23:57:25.729+0000] {processor.py:753} INFO - DAG(s) dict_keys(['example_branch_dop_operator_v3']) retrieved from /home/airflow/.local/lib/python3.7/site-packages/airflow/example_dags/example_branch_python_dop_operator_3.py
[2023-03-16T23:57:25.778+0000] {logging_mixin.py:137} INFO - [2023-03-16T23:57:25.777+0000] {dag.py:2690} INFO - Sync 1 DAGs
[2023-03-16T23:57:25.832+0000] {logging_mixin.py:137} INFO - [2023-03-16T23:57:25.832+0000] {dag.py:3441} INFO - Setting next_dagrun for example_branch_dop_operator_v3 to 2023-03-16T23:56:00+00:00, run_after=2023-03-16T23:57:00+00:00
[2023-03-16T23:57:25.864+0000] {processor.py:175} INFO - Processing /home/airflow/.local/lib/python3.7/site-packages/airflow/example_dags/example_branch_python_dop_operator_3.py took 0.198 seconds
[2023-03-16T23:57:56.218+0000] {processor.py:153} INFO - Started process (PID=2761) to work on /home/airflow/.local/lib/python3.7/site-packages/airflow/example_dags/example_branch_python_dop_operator_3.py
[2023-03-16T23:57:56.223+0000] {processor.py:743} INFO - Processing file /home/airflow/.local/lib/python3.7/site-packages/airflow/example_dags/example_branch_python_dop_operator_3.py for tasks to queue
[2023-03-16T23:57:56.229+0000] {logging_mixin.py:137} INFO - [2023-03-16T23:57:56.229+0000] {dagbag.py:538} INFO - Filling up the DagBag from /home/airflow/.local/lib/python3.7/site-packages/airflow/example_dags/example_branch_python_dop_operator_3.py
[2023-03-16T23:57:56.280+0000] {processor.py:753} INFO - DAG(s) dict_keys(['example_branch_dop_operator_v3']) retrieved from /home/airflow/.local/lib/python3.7/site-packages/airflow/example_dags/example_branch_python_dop_operator_3.py
[2023-03-16T23:57:56.323+0000] {logging_mixin.py:137} INFO - [2023-03-16T23:57:56.323+0000] {dag.py:2690} INFO - Sync 1 DAGs
[2023-03-16T23:57:56.375+0000] {logging_mixin.py:137} INFO - [2023-03-16T23:57:56.375+0000] {dag.py:3441} INFO - Setting next_dagrun for example_branch_dop_operator_v3 to 2023-03-16T23:56:00+00:00, run_after=2023-03-16T23:57:00+00:00
[2023-03-16T23:57:56.409+0000] {processor.py:175} INFO - Processing /home/airflow/.local/lib/python3.7/site-packages/airflow/example_dags/example_branch_python_dop_operator_3.py took 0.198 seconds
[2023-03-16T23:58:26.927+0000] {processor.py:153} INFO - Started process (PID=2843) to work on /home/airflow/.local/lib/python3.7/site-packages/airflow/example_dags/example_branch_python_dop_operator_3.py
[2023-03-16T23:58:26.929+0000] {processor.py:743} INFO - Processing file /home/airflow/.local/lib/python3.7/site-packages/airflow/example_dags/example_branch_python_dop_operator_3.py for tasks to queue
[2023-03-16T23:58:26.931+0000] {logging_mixin.py:137} INFO - [2023-03-16T23:58:26.930+0000] {dagbag.py:538} INFO - Filling up the DagBag from /home/airflow/.local/lib/python3.7/site-packages/airflow/example_dags/example_branch_python_dop_operator_3.py
[2023-03-16T23:58:26.973+0000] {processor.py:753} INFO - DAG(s) dict_keys(['example_branch_dop_operator_v3']) retrieved from /home/airflow/.local/lib/python3.7/site-packages/airflow/example_dags/example_branch_python_dop_operator_3.py
[2023-03-16T23:58:27.023+0000] {logging_mixin.py:137} INFO - [2023-03-16T23:58:27.022+0000] {dag.py:2690} INFO - Sync 1 DAGs
[2023-03-16T23:58:27.084+0000] {logging_mixin.py:137} INFO - [2023-03-16T23:58:27.083+0000] {dag.py:3441} INFO - Setting next_dagrun for example_branch_dop_operator_v3 to 2023-03-16T23:57:00+00:00, run_after=2023-03-16T23:58:00+00:00
[2023-03-16T23:58:27.117+0000] {processor.py:175} INFO - Processing /home/airflow/.local/lib/python3.7/site-packages/airflow/example_dags/example_branch_python_dop_operator_3.py took 0.195 seconds
[2023-03-16T23:58:57.619+0000] {processor.py:153} INFO - Started process (PID=2922) to work on /home/airflow/.local/lib/python3.7/site-packages/airflow/example_dags/example_branch_python_dop_operator_3.py
[2023-03-16T23:58:57.622+0000] {processor.py:743} INFO - Processing file /home/airflow/.local/lib/python3.7/site-packages/airflow/example_dags/example_branch_python_dop_operator_3.py for tasks to queue
[2023-03-16T23:58:57.629+0000] {logging_mixin.py:137} INFO - [2023-03-16T23:58:57.629+0000] {dagbag.py:538} INFO - Filling up the DagBag from /home/airflow/.local/lib/python3.7/site-packages/airflow/example_dags/example_branch_python_dop_operator_3.py
[2023-03-16T23:58:57.743+0000] {processor.py:753} INFO - DAG(s) dict_keys(['example_branch_dop_operator_v3']) retrieved from /home/airflow/.local/lib/python3.7/site-packages/airflow/example_dags/example_branch_python_dop_operator_3.py
[2023-03-16T23:58:57.868+0000] {logging_mixin.py:137} INFO - [2023-03-16T23:58:57.868+0000] {dag.py:2690} INFO - Sync 1 DAGs
[2023-03-16T23:58:57.943+0000] {logging_mixin.py:137} INFO - [2023-03-16T23:58:57.937+0000] {dag.py:3441} INFO - Setting next_dagrun for example_branch_dop_operator_v3 to 2023-03-16T23:57:00+00:00, run_after=2023-03-16T23:58:00+00:00
[2023-03-16T23:58:58.013+0000] {processor.py:175} INFO - Processing /home/airflow/.local/lib/python3.7/site-packages/airflow/example_dags/example_branch_python_dop_operator_3.py took 0.401 seconds
[2023-03-16T23:59:28.720+0000] {processor.py:153} INFO - Started process (PID=2995) to work on /home/airflow/.local/lib/python3.7/site-packages/airflow/example_dags/example_branch_python_dop_operator_3.py
[2023-03-16T23:59:28.722+0000] {processor.py:743} INFO - Processing file /home/airflow/.local/lib/python3.7/site-packages/airflow/example_dags/example_branch_python_dop_operator_3.py for tasks to queue
[2023-03-16T23:59:28.724+0000] {logging_mixin.py:137} INFO - [2023-03-16T23:59:28.723+0000] {dagbag.py:538} INFO - Filling up the DagBag from /home/airflow/.local/lib/python3.7/site-packages/airflow/example_dags/example_branch_python_dop_operator_3.py
[2023-03-16T23:59:28.764+0000] {processor.py:753} INFO - DAG(s) dict_keys(['example_branch_dop_operator_v3']) retrieved from /home/airflow/.local/lib/python3.7/site-packages/airflow/example_dags/example_branch_python_dop_operator_3.py
[2023-03-16T23:59:28.809+0000] {logging_mixin.py:137} INFO - [2023-03-16T23:59:28.808+0000] {dag.py:2690} INFO - Sync 1 DAGs
[2023-03-16T23:59:28.876+0000] {logging_mixin.py:137} INFO - [2023-03-16T23:59:28.876+0000] {dag.py:3441} INFO - Setting next_dagrun for example_branch_dop_operator_v3 to 2023-03-16T23:58:00+00:00, run_after=2023-03-16T23:59:00+00:00
[2023-03-16T23:59:28.928+0000] {processor.py:175} INFO - Processing /home/airflow/.local/lib/python3.7/site-packages/airflow/example_dags/example_branch_python_dop_operator_3.py took 0.214 seconds
[2023-03-16T23:59:59.932+0000] {processor.py:153} INFO - Started process (PID=3068) to work on /home/airflow/.local/lib/python3.7/site-packages/airflow/example_dags/example_branch_python_dop_operator_3.py
[2023-03-16T23:59:59.964+0000] {processor.py:743} INFO - Processing file /home/airflow/.local/lib/python3.7/site-packages/airflow/example_dags/example_branch_python_dop_operator_3.py for tasks to queue
[2023-03-16T23:59:59.987+0000] {logging_mixin.py:137} INFO - [2023-03-16T23:59:59.987+0000] {dagbag.py:538} INFO - Filling up the DagBag from /home/airflow/.local/lib/python3.7/site-packages/airflow/example_dags/example_branch_python_dop_operator_3.py
[2023-03-17T00:00:00.191+0000] {processor.py:753} INFO - DAG(s) dict_keys(['example_branch_dop_operator_v3']) retrieved from /home/airflow/.local/lib/python3.7/site-packages/airflow/example_dags/example_branch_python_dop_operator_3.py
[2023-03-17T00:00:00.405+0000] {logging_mixin.py:137} INFO - [2023-03-17T00:00:00.404+0000] {dag.py:2690} INFO - Sync 1 DAGs
[2023-03-17T00:00:00.653+0000] {logging_mixin.py:137} INFO - [2023-03-17T00:00:00.653+0000] {dag.py:3441} INFO - Setting next_dagrun for example_branch_dop_operator_v3 to 2023-03-16T23:59:00+00:00, run_after=2023-03-17T00:00:00+00:00
[2023-03-17T00:00:00.835+0000] {processor.py:175} INFO - Processing /home/airflow/.local/lib/python3.7/site-packages/airflow/example_dags/example_branch_python_dop_operator_3.py took 0.929 seconds
