[2023-03-16T23:38:55.326+0000] {processor.py:153} INFO - Started process (PID=133) to work on /home/airflow/.local/lib/python3.7/site-packages/airflow/example_dags/example_dynamic_task_mapping.py
[2023-03-16T23:38:55.329+0000] {processor.py:743} INFO - Processing file /home/airflow/.local/lib/python3.7/site-packages/airflow/example_dags/example_dynamic_task_mapping.py for tasks to queue
[2023-03-16T23:38:55.338+0000] {logging_mixin.py:137} INFO - [2023-03-16T23:38:55.332+0000] {dagbag.py:538} INFO - Filling up the DagBag from /home/airflow/.local/lib/python3.7/site-packages/airflow/example_dags/example_dynamic_task_mapping.py
[2023-03-16T23:38:55.492+0000] {processor.py:753} INFO - DAG(s) dict_keys(['example_dynamic_task_mapping']) retrieved from /home/airflow/.local/lib/python3.7/site-packages/airflow/example_dags/example_dynamic_task_mapping.py
[2023-03-16T23:38:55.670+0000] {logging_mixin.py:137} INFO - [2023-03-16T23:38:55.670+0000] {dag.py:2690} INFO - Sync 1 DAGs
[2023-03-16T23:38:55.837+0000] {logging_mixin.py:137} INFO - [2023-03-16T23:38:55.837+0000] {dag.py:3441} INFO - Setting next_dagrun for example_dynamic_task_mapping to 2022-03-04T00:00:00+00:00, run_after=2022-03-05T00:00:00+00:00
[2023-03-16T23:38:55.944+0000] {processor.py:175} INFO - Processing /home/airflow/.local/lib/python3.7/site-packages/airflow/example_dags/example_dynamic_task_mapping.py took 0.625 seconds
[2023-03-16T23:39:26.832+0000] {processor.py:153} INFO - Started process (PID=207) to work on /home/airflow/.local/lib/python3.7/site-packages/airflow/example_dags/example_dynamic_task_mapping.py
[2023-03-16T23:39:26.843+0000] {processor.py:743} INFO - Processing file /home/airflow/.local/lib/python3.7/site-packages/airflow/example_dags/example_dynamic_task_mapping.py for tasks to queue
[2023-03-16T23:39:26.846+0000] {logging_mixin.py:137} INFO - [2023-03-16T23:39:26.845+0000] {dagbag.py:538} INFO - Filling up the DagBag from /home/airflow/.local/lib/python3.7/site-packages/airflow/example_dags/example_dynamic_task_mapping.py
[2023-03-16T23:39:26.940+0000] {processor.py:753} INFO - DAG(s) dict_keys(['example_dynamic_task_mapping']) retrieved from /home/airflow/.local/lib/python3.7/site-packages/airflow/example_dags/example_dynamic_task_mapping.py
[2023-03-16T23:39:27.051+0000] {logging_mixin.py:137} INFO - [2023-03-16T23:39:27.050+0000] {dag.py:2690} INFO - Sync 1 DAGs
[2023-03-16T23:39:27.141+0000] {logging_mixin.py:137} INFO - [2023-03-16T23:39:27.141+0000] {dag.py:3441} INFO - Setting next_dagrun for example_dynamic_task_mapping to 2022-03-04T00:00:00+00:00, run_after=2022-03-05T00:00:00+00:00
[2023-03-16T23:39:27.238+0000] {processor.py:175} INFO - Processing /home/airflow/.local/lib/python3.7/site-packages/airflow/example_dags/example_dynamic_task_mapping.py took 0.414 seconds
[2023-03-16T23:39:57.398+0000] {processor.py:153} INFO - Started process (PID=264) to work on /home/airflow/.local/lib/python3.7/site-packages/airflow/example_dags/example_dynamic_task_mapping.py
[2023-03-16T23:39:57.422+0000] {processor.py:743} INFO - Processing file /home/airflow/.local/lib/python3.7/site-packages/airflow/example_dags/example_dynamic_task_mapping.py for tasks to queue
[2023-03-16T23:39:57.425+0000] {logging_mixin.py:137} INFO - [2023-03-16T23:39:57.424+0000] {dagbag.py:538} INFO - Filling up the DagBag from /home/airflow/.local/lib/python3.7/site-packages/airflow/example_dags/example_dynamic_task_mapping.py
[2023-03-16T23:39:57.471+0000] {processor.py:753} INFO - DAG(s) dict_keys(['example_dynamic_task_mapping']) retrieved from /home/airflow/.local/lib/python3.7/site-packages/airflow/example_dags/example_dynamic_task_mapping.py
[2023-03-16T23:39:57.530+0000] {logging_mixin.py:137} INFO - [2023-03-16T23:39:57.529+0000] {dag.py:2690} INFO - Sync 1 DAGs
[2023-03-16T23:39:57.574+0000] {logging_mixin.py:137} INFO - [2023-03-16T23:39:57.573+0000] {dag.py:3441} INFO - Setting next_dagrun for example_dynamic_task_mapping to 2022-03-04T00:00:00+00:00, run_after=2022-03-05T00:00:00+00:00
[2023-03-16T23:39:57.625+0000] {processor.py:175} INFO - Processing /home/airflow/.local/lib/python3.7/site-packages/airflow/example_dags/example_dynamic_task_mapping.py took 0.237 seconds
[2023-03-16T23:40:28.490+0000] {processor.py:153} INFO - Started process (PID=338) to work on /home/airflow/.local/lib/python3.7/site-packages/airflow/example_dags/example_dynamic_task_mapping.py
[2023-03-16T23:40:28.493+0000] {processor.py:743} INFO - Processing file /home/airflow/.local/lib/python3.7/site-packages/airflow/example_dags/example_dynamic_task_mapping.py for tasks to queue
[2023-03-16T23:40:28.494+0000] {logging_mixin.py:137} INFO - [2023-03-16T23:40:28.494+0000] {dagbag.py:538} INFO - Filling up the DagBag from /home/airflow/.local/lib/python3.7/site-packages/airflow/example_dags/example_dynamic_task_mapping.py
[2023-03-16T23:40:28.536+0000] {processor.py:753} INFO - DAG(s) dict_keys(['example_dynamic_task_mapping']) retrieved from /home/airflow/.local/lib/python3.7/site-packages/airflow/example_dags/example_dynamic_task_mapping.py
[2023-03-16T23:40:28.586+0000] {logging_mixin.py:137} INFO - [2023-03-16T23:40:28.586+0000] {dag.py:2690} INFO - Sync 1 DAGs
[2023-03-16T23:40:28.716+0000] {logging_mixin.py:137} INFO - [2023-03-16T23:40:28.715+0000] {dag.py:3441} INFO - Setting next_dagrun for example_dynamic_task_mapping to 2022-03-04T00:00:00+00:00, run_after=2022-03-05T00:00:00+00:00
[2023-03-16T23:40:28.774+0000] {processor.py:175} INFO - Processing /home/airflow/.local/lib/python3.7/site-packages/airflow/example_dags/example_dynamic_task_mapping.py took 0.291 seconds
[2023-03-16T23:40:59.452+0000] {processor.py:153} INFO - Started process (PID=412) to work on /home/airflow/.local/lib/python3.7/site-packages/airflow/example_dags/example_dynamic_task_mapping.py
[2023-03-16T23:40:59.454+0000] {processor.py:743} INFO - Processing file /home/airflow/.local/lib/python3.7/site-packages/airflow/example_dags/example_dynamic_task_mapping.py for tasks to queue
[2023-03-16T23:40:59.456+0000] {logging_mixin.py:137} INFO - [2023-03-16T23:40:59.456+0000] {dagbag.py:538} INFO - Filling up the DagBag from /home/airflow/.local/lib/python3.7/site-packages/airflow/example_dags/example_dynamic_task_mapping.py
[2023-03-16T23:40:59.509+0000] {processor.py:753} INFO - DAG(s) dict_keys(['example_dynamic_task_mapping']) retrieved from /home/airflow/.local/lib/python3.7/site-packages/airflow/example_dags/example_dynamic_task_mapping.py
[2023-03-16T23:40:59.586+0000] {logging_mixin.py:137} INFO - [2023-03-16T23:40:59.585+0000] {dag.py:2690} INFO - Sync 1 DAGs
[2023-03-16T23:40:59.663+0000] {logging_mixin.py:137} INFO - [2023-03-16T23:40:59.663+0000] {dag.py:3441} INFO - Setting next_dagrun for example_dynamic_task_mapping to 2022-03-04T00:00:00+00:00, run_after=2022-03-05T00:00:00+00:00
[2023-03-16T23:40:59.751+0000] {processor.py:175} INFO - Processing /home/airflow/.local/lib/python3.7/site-packages/airflow/example_dags/example_dynamic_task_mapping.py took 0.307 seconds
[2023-03-16T23:41:31.189+0000] {processor.py:153} INFO - Started process (PID=485) to work on /home/airflow/.local/lib/python3.7/site-packages/airflow/example_dags/example_dynamic_task_mapping.py
[2023-03-16T23:41:31.192+0000] {processor.py:743} INFO - Processing file /home/airflow/.local/lib/python3.7/site-packages/airflow/example_dags/example_dynamic_task_mapping.py for tasks to queue
[2023-03-16T23:41:31.193+0000] {logging_mixin.py:137} INFO - [2023-03-16T23:41:31.193+0000] {dagbag.py:538} INFO - Filling up the DagBag from /home/airflow/.local/lib/python3.7/site-packages/airflow/example_dags/example_dynamic_task_mapping.py
[2023-03-16T23:41:31.241+0000] {processor.py:753} INFO - DAG(s) dict_keys(['example_dynamic_task_mapping']) retrieved from /home/airflow/.local/lib/python3.7/site-packages/airflow/example_dags/example_dynamic_task_mapping.py
[2023-03-16T23:41:31.297+0000] {logging_mixin.py:137} INFO - [2023-03-16T23:41:31.297+0000] {dag.py:2690} INFO - Sync 1 DAGs
[2023-03-16T23:41:31.360+0000] {logging_mixin.py:137} INFO - [2023-03-16T23:41:31.360+0000] {dag.py:3441} INFO - Setting next_dagrun for example_dynamic_task_mapping to 2022-03-04T00:00:00+00:00, run_after=2022-03-05T00:00:00+00:00
[2023-03-16T23:41:31.396+0000] {processor.py:175} INFO - Processing /home/airflow/.local/lib/python3.7/site-packages/airflow/example_dags/example_dynamic_task_mapping.py took 0.215 seconds
[2023-03-16T23:42:02.034+0000] {processor.py:153} INFO - Started process (PID=559) to work on /home/airflow/.local/lib/python3.7/site-packages/airflow/example_dags/example_dynamic_task_mapping.py
[2023-03-16T23:42:02.037+0000] {processor.py:743} INFO - Processing file /home/airflow/.local/lib/python3.7/site-packages/airflow/example_dags/example_dynamic_task_mapping.py for tasks to queue
[2023-03-16T23:42:02.042+0000] {logging_mixin.py:137} INFO - [2023-03-16T23:42:02.041+0000] {dagbag.py:538} INFO - Filling up the DagBag from /home/airflow/.local/lib/python3.7/site-packages/airflow/example_dags/example_dynamic_task_mapping.py
[2023-03-16T23:42:02.118+0000] {processor.py:753} INFO - DAG(s) dict_keys(['example_dynamic_task_mapping']) retrieved from /home/airflow/.local/lib/python3.7/site-packages/airflow/example_dags/example_dynamic_task_mapping.py
[2023-03-16T23:42:02.283+0000] {logging_mixin.py:137} INFO - [2023-03-16T23:42:02.283+0000] {dag.py:2690} INFO - Sync 1 DAGs
[2023-03-16T23:42:02.430+0000] {logging_mixin.py:137} INFO - [2023-03-16T23:42:02.430+0000] {dag.py:3441} INFO - Setting next_dagrun for example_dynamic_task_mapping to 2022-03-04T00:00:00+00:00, run_after=2022-03-05T00:00:00+00:00
[2023-03-16T23:42:02.537+0000] {processor.py:175} INFO - Processing /home/airflow/.local/lib/python3.7/site-packages/airflow/example_dags/example_dynamic_task_mapping.py took 0.514 seconds
[2023-03-16T23:42:33.355+0000] {processor.py:153} INFO - Started process (PID=616) to work on /home/airflow/.local/lib/python3.7/site-packages/airflow/example_dags/example_dynamic_task_mapping.py
[2023-03-16T23:42:33.366+0000] {processor.py:743} INFO - Processing file /home/airflow/.local/lib/python3.7/site-packages/airflow/example_dags/example_dynamic_task_mapping.py for tasks to queue
[2023-03-16T23:42:33.369+0000] {logging_mixin.py:137} INFO - [2023-03-16T23:42:33.368+0000] {dagbag.py:538} INFO - Filling up the DagBag from /home/airflow/.local/lib/python3.7/site-packages/airflow/example_dags/example_dynamic_task_mapping.py
[2023-03-16T23:42:33.458+0000] {processor.py:753} INFO - DAG(s) dict_keys(['example_dynamic_task_mapping']) retrieved from /home/airflow/.local/lib/python3.7/site-packages/airflow/example_dags/example_dynamic_task_mapping.py
[2023-03-16T23:42:33.532+0000] {logging_mixin.py:137} INFO - [2023-03-16T23:42:33.532+0000] {dag.py:2690} INFO - Sync 1 DAGs
[2023-03-16T23:42:33.600+0000] {logging_mixin.py:137} INFO - [2023-03-16T23:42:33.600+0000] {dag.py:3441} INFO - Setting next_dagrun for example_dynamic_task_mapping to 2022-03-04T00:00:00+00:00, run_after=2022-03-05T00:00:00+00:00
[2023-03-16T23:42:33.642+0000] {processor.py:175} INFO - Processing /home/airflow/.local/lib/python3.7/site-packages/airflow/example_dags/example_dynamic_task_mapping.py took 0.295 seconds
[2023-03-16T23:43:04.457+0000] {processor.py:153} INFO - Started process (PID=689) to work on /home/airflow/.local/lib/python3.7/site-packages/airflow/example_dags/example_dynamic_task_mapping.py
[2023-03-16T23:43:04.476+0000] {processor.py:743} INFO - Processing file /home/airflow/.local/lib/python3.7/site-packages/airflow/example_dags/example_dynamic_task_mapping.py for tasks to queue
[2023-03-16T23:43:04.479+0000] {logging_mixin.py:137} INFO - [2023-03-16T23:43:04.478+0000] {dagbag.py:538} INFO - Filling up the DagBag from /home/airflow/.local/lib/python3.7/site-packages/airflow/example_dags/example_dynamic_task_mapping.py
[2023-03-16T23:43:04.616+0000] {processor.py:753} INFO - DAG(s) dict_keys(['example_dynamic_task_mapping']) retrieved from /home/airflow/.local/lib/python3.7/site-packages/airflow/example_dags/example_dynamic_task_mapping.py
[2023-03-16T23:43:04.769+0000] {logging_mixin.py:137} INFO - [2023-03-16T23:43:04.769+0000] {dag.py:2690} INFO - Sync 1 DAGs
[2023-03-16T23:43:04.877+0000] {logging_mixin.py:137} INFO - [2023-03-16T23:43:04.877+0000] {dag.py:3441} INFO - Setting next_dagrun for example_dynamic_task_mapping to 2022-03-04T00:00:00+00:00, run_after=2022-03-05T00:00:00+00:00
[2023-03-16T23:43:04.990+0000] {processor.py:175} INFO - Processing /home/airflow/.local/lib/python3.7/site-packages/airflow/example_dags/example_dynamic_task_mapping.py took 0.549 seconds
[2023-03-16T23:43:35.431+0000] {processor.py:153} INFO - Started process (PID=762) to work on /home/airflow/.local/lib/python3.7/site-packages/airflow/example_dags/example_dynamic_task_mapping.py
[2023-03-16T23:43:35.438+0000] {processor.py:743} INFO - Processing file /home/airflow/.local/lib/python3.7/site-packages/airflow/example_dags/example_dynamic_task_mapping.py for tasks to queue
[2023-03-16T23:43:35.440+0000] {logging_mixin.py:137} INFO - [2023-03-16T23:43:35.440+0000] {dagbag.py:538} INFO - Filling up the DagBag from /home/airflow/.local/lib/python3.7/site-packages/airflow/example_dags/example_dynamic_task_mapping.py
[2023-03-16T23:43:35.529+0000] {processor.py:753} INFO - DAG(s) dict_keys(['example_dynamic_task_mapping']) retrieved from /home/airflow/.local/lib/python3.7/site-packages/airflow/example_dags/example_dynamic_task_mapping.py
[2023-03-16T23:43:35.635+0000] {logging_mixin.py:137} INFO - [2023-03-16T23:43:35.635+0000] {dag.py:2690} INFO - Sync 1 DAGs
[2023-03-16T23:43:35.769+0000] {logging_mixin.py:137} INFO - [2023-03-16T23:43:35.769+0000] {dag.py:3441} INFO - Setting next_dagrun for example_dynamic_task_mapping to 2022-03-04T00:00:00+00:00, run_after=2022-03-05T00:00:00+00:00
[2023-03-16T23:43:35.855+0000] {processor.py:175} INFO - Processing /home/airflow/.local/lib/python3.7/site-packages/airflow/example_dags/example_dynamic_task_mapping.py took 0.432 seconds
[2023-03-16T23:44:06.139+0000] {processor.py:153} INFO - Started process (PID=819) to work on /home/airflow/.local/lib/python3.7/site-packages/airflow/example_dags/example_dynamic_task_mapping.py
[2023-03-16T23:44:06.150+0000] {processor.py:743} INFO - Processing file /home/airflow/.local/lib/python3.7/site-packages/airflow/example_dags/example_dynamic_task_mapping.py for tasks to queue
[2023-03-16T23:44:06.152+0000] {logging_mixin.py:137} INFO - [2023-03-16T23:44:06.152+0000] {dagbag.py:538} INFO - Filling up the DagBag from /home/airflow/.local/lib/python3.7/site-packages/airflow/example_dags/example_dynamic_task_mapping.py
[2023-03-16T23:44:06.217+0000] {processor.py:753} INFO - DAG(s) dict_keys(['example_dynamic_task_mapping']) retrieved from /home/airflow/.local/lib/python3.7/site-packages/airflow/example_dags/example_dynamic_task_mapping.py
[2023-03-16T23:44:06.312+0000] {logging_mixin.py:137} INFO - [2023-03-16T23:44:06.312+0000] {dag.py:2690} INFO - Sync 1 DAGs
[2023-03-16T23:44:06.353+0000] {logging_mixin.py:137} INFO - [2023-03-16T23:44:06.353+0000] {dag.py:3441} INFO - Setting next_dagrun for example_dynamic_task_mapping to 2022-03-04T00:00:00+00:00, run_after=2022-03-05T00:00:00+00:00
[2023-03-16T23:44:06.490+0000] {processor.py:175} INFO - Processing /home/airflow/.local/lib/python3.7/site-packages/airflow/example_dags/example_dynamic_task_mapping.py took 0.369 seconds
[2023-03-16T23:44:37.987+0000] {processor.py:153} INFO - Started process (PID=893) to work on /home/airflow/.local/lib/python3.7/site-packages/airflow/example_dags/example_dynamic_task_mapping.py
[2023-03-16T23:44:38.004+0000] {processor.py:743} INFO - Processing file /home/airflow/.local/lib/python3.7/site-packages/airflow/example_dags/example_dynamic_task_mapping.py for tasks to queue
[2023-03-16T23:44:38.012+0000] {logging_mixin.py:137} INFO - [2023-03-16T23:44:38.012+0000] {dagbag.py:538} INFO - Filling up the DagBag from /home/airflow/.local/lib/python3.7/site-packages/airflow/example_dags/example_dynamic_task_mapping.py
[2023-03-16T23:44:38.182+0000] {processor.py:753} INFO - DAG(s) dict_keys(['example_dynamic_task_mapping']) retrieved from /home/airflow/.local/lib/python3.7/site-packages/airflow/example_dags/example_dynamic_task_mapping.py
[2023-03-16T23:44:38.431+0000] {logging_mixin.py:137} INFO - [2023-03-16T23:44:38.431+0000] {dag.py:2690} INFO - Sync 1 DAGs
[2023-03-16T23:44:38.592+0000] {logging_mixin.py:137} INFO - [2023-03-16T23:44:38.591+0000] {dag.py:3441} INFO - Setting next_dagrun for example_dynamic_task_mapping to 2022-03-04T00:00:00+00:00, run_after=2022-03-05T00:00:00+00:00
[2023-03-16T23:44:38.689+0000] {processor.py:175} INFO - Processing /home/airflow/.local/lib/python3.7/site-packages/airflow/example_dags/example_dynamic_task_mapping.py took 0.710 seconds
[2023-03-16T23:45:09.105+0000] {processor.py:153} INFO - Started process (PID=958) to work on /home/airflow/.local/lib/python3.7/site-packages/airflow/example_dags/example_dynamic_task_mapping.py
[2023-03-16T23:45:09.117+0000] {processor.py:743} INFO - Processing file /home/airflow/.local/lib/python3.7/site-packages/airflow/example_dags/example_dynamic_task_mapping.py for tasks to queue
[2023-03-16T23:45:09.127+0000] {logging_mixin.py:137} INFO - [2023-03-16T23:45:09.126+0000] {dagbag.py:538} INFO - Filling up the DagBag from /home/airflow/.local/lib/python3.7/site-packages/airflow/example_dags/example_dynamic_task_mapping.py
[2023-03-16T23:45:09.302+0000] {processor.py:753} INFO - DAG(s) dict_keys(['example_dynamic_task_mapping']) retrieved from /home/airflow/.local/lib/python3.7/site-packages/airflow/example_dags/example_dynamic_task_mapping.py
[2023-03-16T23:45:09.448+0000] {logging_mixin.py:137} INFO - [2023-03-16T23:45:09.448+0000] {dag.py:2690} INFO - Sync 1 DAGs
[2023-03-16T23:45:09.609+0000] {logging_mixin.py:137} INFO - [2023-03-16T23:45:09.608+0000] {dag.py:3441} INFO - Setting next_dagrun for example_dynamic_task_mapping to 2022-03-04T00:00:00+00:00, run_after=2022-03-05T00:00:00+00:00
[2023-03-16T23:45:09.739+0000] {processor.py:175} INFO - Processing /home/airflow/.local/lib/python3.7/site-packages/airflow/example_dags/example_dynamic_task_mapping.py took 0.639 seconds
[2023-03-16T23:45:40.022+0000] {processor.py:153} INFO - Started process (PID=1024) to work on /home/airflow/.local/lib/python3.7/site-packages/airflow/example_dags/example_dynamic_task_mapping.py
[2023-03-16T23:45:40.025+0000] {processor.py:743} INFO - Processing file /home/airflow/.local/lib/python3.7/site-packages/airflow/example_dags/example_dynamic_task_mapping.py for tasks to queue
[2023-03-16T23:45:40.026+0000] {logging_mixin.py:137} INFO - [2023-03-16T23:45:40.026+0000] {dagbag.py:538} INFO - Filling up the DagBag from /home/airflow/.local/lib/python3.7/site-packages/airflow/example_dags/example_dynamic_task_mapping.py
[2023-03-16T23:45:40.113+0000] {processor.py:753} INFO - DAG(s) dict_keys(['example_dynamic_task_mapping']) retrieved from /home/airflow/.local/lib/python3.7/site-packages/airflow/example_dags/example_dynamic_task_mapping.py
[2023-03-16T23:45:40.226+0000] {logging_mixin.py:137} INFO - [2023-03-16T23:45:40.226+0000] {dag.py:2690} INFO - Sync 1 DAGs
[2023-03-16T23:45:40.364+0000] {logging_mixin.py:137} INFO - [2023-03-16T23:45:40.358+0000] {dag.py:3441} INFO - Setting next_dagrun for example_dynamic_task_mapping to 2022-03-04T00:00:00+00:00, run_after=2022-03-05T00:00:00+00:00
[2023-03-16T23:45:40.459+0000] {processor.py:175} INFO - Processing /home/airflow/.local/lib/python3.7/site-packages/airflow/example_dags/example_dynamic_task_mapping.py took 0.446 seconds
[2023-03-16T23:46:10.972+0000] {processor.py:153} INFO - Started process (PID=1090) to work on /home/airflow/.local/lib/python3.7/site-packages/airflow/example_dags/example_dynamic_task_mapping.py
[2023-03-16T23:46:10.974+0000] {processor.py:743} INFO - Processing file /home/airflow/.local/lib/python3.7/site-packages/airflow/example_dags/example_dynamic_task_mapping.py for tasks to queue
[2023-03-16T23:46:10.976+0000] {logging_mixin.py:137} INFO - [2023-03-16T23:46:10.976+0000] {dagbag.py:538} INFO - Filling up the DagBag from /home/airflow/.local/lib/python3.7/site-packages/airflow/example_dags/example_dynamic_task_mapping.py
[2023-03-16T23:46:11.209+0000] {processor.py:753} INFO - DAG(s) dict_keys(['example_dynamic_task_mapping']) retrieved from /home/airflow/.local/lib/python3.7/site-packages/airflow/example_dags/example_dynamic_task_mapping.py
[2023-03-16T23:46:11.309+0000] {logging_mixin.py:137} INFO - [2023-03-16T23:46:11.309+0000] {dag.py:2690} INFO - Sync 1 DAGs
[2023-03-16T23:46:11.406+0000] {logging_mixin.py:137} INFO - [2023-03-16T23:46:11.406+0000] {dag.py:3441} INFO - Setting next_dagrun for example_dynamic_task_mapping to 2022-03-04T00:00:00+00:00, run_after=2022-03-05T00:00:00+00:00
[2023-03-16T23:46:11.474+0000] {processor.py:175} INFO - Processing /home/airflow/.local/lib/python3.7/site-packages/airflow/example_dags/example_dynamic_task_mapping.py took 0.509 seconds
[2023-03-16T23:46:42.607+0000] {processor.py:153} INFO - Started process (PID=1153) to work on /home/airflow/.local/lib/python3.7/site-packages/airflow/example_dags/example_dynamic_task_mapping.py
[2023-03-16T23:46:42.609+0000] {processor.py:743} INFO - Processing file /home/airflow/.local/lib/python3.7/site-packages/airflow/example_dags/example_dynamic_task_mapping.py for tasks to queue
[2023-03-16T23:46:42.614+0000] {logging_mixin.py:137} INFO - [2023-03-16T23:46:42.614+0000] {dagbag.py:538} INFO - Filling up the DagBag from /home/airflow/.local/lib/python3.7/site-packages/airflow/example_dags/example_dynamic_task_mapping.py
[2023-03-16T23:46:42.691+0000] {processor.py:753} INFO - DAG(s) dict_keys(['example_dynamic_task_mapping']) retrieved from /home/airflow/.local/lib/python3.7/site-packages/airflow/example_dags/example_dynamic_task_mapping.py
[2023-03-16T23:46:42.772+0000] {logging_mixin.py:137} INFO - [2023-03-16T23:46:42.772+0000] {dag.py:2690} INFO - Sync 1 DAGs
[2023-03-16T23:46:42.878+0000] {logging_mixin.py:137} INFO - [2023-03-16T23:46:42.878+0000] {dag.py:3441} INFO - Setting next_dagrun for example_dynamic_task_mapping to 2022-03-04T00:00:00+00:00, run_after=2022-03-05T00:00:00+00:00
[2023-03-16T23:46:42.973+0000] {processor.py:175} INFO - Processing /home/airflow/.local/lib/python3.7/site-packages/airflow/example_dags/example_dynamic_task_mapping.py took 0.373 seconds
[2023-03-16T23:47:13.556+0000] {processor.py:153} INFO - Started process (PID=1226) to work on /home/airflow/.local/lib/python3.7/site-packages/airflow/example_dags/example_dynamic_task_mapping.py
[2023-03-16T23:47:13.558+0000] {processor.py:743} INFO - Processing file /home/airflow/.local/lib/python3.7/site-packages/airflow/example_dags/example_dynamic_task_mapping.py for tasks to queue
[2023-03-16T23:47:13.560+0000] {logging_mixin.py:137} INFO - [2023-03-16T23:47:13.560+0000] {dagbag.py:538} INFO - Filling up the DagBag from /home/airflow/.local/lib/python3.7/site-packages/airflow/example_dags/example_dynamic_task_mapping.py
[2023-03-16T23:47:13.613+0000] {processor.py:753} INFO - DAG(s) dict_keys(['example_dynamic_task_mapping']) retrieved from /home/airflow/.local/lib/python3.7/site-packages/airflow/example_dags/example_dynamic_task_mapping.py
[2023-03-16T23:47:13.682+0000] {logging_mixin.py:137} INFO - [2023-03-16T23:47:13.682+0000] {dag.py:2690} INFO - Sync 1 DAGs
[2023-03-16T23:47:13.746+0000] {logging_mixin.py:137} INFO - [2023-03-16T23:47:13.746+0000] {dag.py:3441} INFO - Setting next_dagrun for example_dynamic_task_mapping to 2022-03-04T00:00:00+00:00, run_after=2022-03-05T00:00:00+00:00
[2023-03-16T23:47:13.785+0000] {processor.py:175} INFO - Processing /home/airflow/.local/lib/python3.7/site-packages/airflow/example_dags/example_dynamic_task_mapping.py took 0.237 seconds
[2023-03-16T23:47:44.200+0000] {processor.py:153} INFO - Started process (PID=1299) to work on /home/airflow/.local/lib/python3.7/site-packages/airflow/example_dags/example_dynamic_task_mapping.py
[2023-03-16T23:47:44.204+0000] {processor.py:743} INFO - Processing file /home/airflow/.local/lib/python3.7/site-packages/airflow/example_dags/example_dynamic_task_mapping.py for tasks to queue
[2023-03-16T23:47:44.205+0000] {logging_mixin.py:137} INFO - [2023-03-16T23:47:44.205+0000] {dagbag.py:538} INFO - Filling up the DagBag from /home/airflow/.local/lib/python3.7/site-packages/airflow/example_dags/example_dynamic_task_mapping.py
[2023-03-16T23:47:44.242+0000] {processor.py:753} INFO - DAG(s) dict_keys(['example_dynamic_task_mapping']) retrieved from /home/airflow/.local/lib/python3.7/site-packages/airflow/example_dags/example_dynamic_task_mapping.py
[2023-03-16T23:47:44.288+0000] {logging_mixin.py:137} INFO - [2023-03-16T23:47:44.287+0000] {dag.py:2690} INFO - Sync 1 DAGs
[2023-03-16T23:47:44.346+0000] {logging_mixin.py:137} INFO - [2023-03-16T23:47:44.345+0000] {dag.py:3441} INFO - Setting next_dagrun for example_dynamic_task_mapping to 2022-03-04T00:00:00+00:00, run_after=2022-03-05T00:00:00+00:00
[2023-03-16T23:47:44.397+0000] {processor.py:175} INFO - Processing /home/airflow/.local/lib/python3.7/site-packages/airflow/example_dags/example_dynamic_task_mapping.py took 0.205 seconds
[2023-03-16T23:48:14.592+0000] {processor.py:153} INFO - Started process (PID=1372) to work on /home/airflow/.local/lib/python3.7/site-packages/airflow/example_dags/example_dynamic_task_mapping.py
[2023-03-16T23:48:14.594+0000] {processor.py:743} INFO - Processing file /home/airflow/.local/lib/python3.7/site-packages/airflow/example_dags/example_dynamic_task_mapping.py for tasks to queue
[2023-03-16T23:48:14.600+0000] {logging_mixin.py:137} INFO - [2023-03-16T23:48:14.599+0000] {dagbag.py:538} INFO - Filling up the DagBag from /home/airflow/.local/lib/python3.7/site-packages/airflow/example_dags/example_dynamic_task_mapping.py
[2023-03-16T23:48:14.693+0000] {processor.py:753} INFO - DAG(s) dict_keys(['example_dynamic_task_mapping']) retrieved from /home/airflow/.local/lib/python3.7/site-packages/airflow/example_dags/example_dynamic_task_mapping.py
[2023-03-16T23:48:14.776+0000] {logging_mixin.py:137} INFO - [2023-03-16T23:48:14.775+0000] {dag.py:2690} INFO - Sync 1 DAGs
[2023-03-16T23:48:14.860+0000] {logging_mixin.py:137} INFO - [2023-03-16T23:48:14.860+0000] {dag.py:3441} INFO - Setting next_dagrun for example_dynamic_task_mapping to 2022-03-04T00:00:00+00:00, run_after=2022-03-05T00:00:00+00:00
[2023-03-16T23:48:14.935+0000] {processor.py:175} INFO - Processing /home/airflow/.local/lib/python3.7/site-packages/airflow/example_dags/example_dynamic_task_mapping.py took 0.356 seconds
[2023-03-16T23:48:45.093+0000] {processor.py:153} INFO - Started process (PID=1445) to work on /home/airflow/.local/lib/python3.7/site-packages/airflow/example_dags/example_dynamic_task_mapping.py
[2023-03-16T23:48:45.096+0000] {processor.py:743} INFO - Processing file /home/airflow/.local/lib/python3.7/site-packages/airflow/example_dags/example_dynamic_task_mapping.py for tasks to queue
[2023-03-16T23:48:45.099+0000] {logging_mixin.py:137} INFO - [2023-03-16T23:48:45.098+0000] {dagbag.py:538} INFO - Filling up the DagBag from /home/airflow/.local/lib/python3.7/site-packages/airflow/example_dags/example_dynamic_task_mapping.py
[2023-03-16T23:48:45.140+0000] {processor.py:753} INFO - DAG(s) dict_keys(['example_dynamic_task_mapping']) retrieved from /home/airflow/.local/lib/python3.7/site-packages/airflow/example_dags/example_dynamic_task_mapping.py
[2023-03-16T23:48:45.180+0000] {logging_mixin.py:137} INFO - [2023-03-16T23:48:45.177+0000] {dag.py:2690} INFO - Sync 1 DAGs
[2023-03-16T23:48:45.231+0000] {logging_mixin.py:137} INFO - [2023-03-16T23:48:45.230+0000] {dag.py:3441} INFO - Setting next_dagrun for example_dynamic_task_mapping to 2022-03-04T00:00:00+00:00, run_after=2022-03-05T00:00:00+00:00
[2023-03-16T23:48:45.283+0000] {processor.py:175} INFO - Processing /home/airflow/.local/lib/python3.7/site-packages/airflow/example_dags/example_dynamic_task_mapping.py took 0.195 seconds
[2023-03-16T23:49:15.705+0000] {processor.py:153} INFO - Started process (PID=1518) to work on /home/airflow/.local/lib/python3.7/site-packages/airflow/example_dags/example_dynamic_task_mapping.py
[2023-03-16T23:49:15.707+0000] {processor.py:743} INFO - Processing file /home/airflow/.local/lib/python3.7/site-packages/airflow/example_dags/example_dynamic_task_mapping.py for tasks to queue
[2023-03-16T23:49:15.709+0000] {logging_mixin.py:137} INFO - [2023-03-16T23:49:15.708+0000] {dagbag.py:538} INFO - Filling up the DagBag from /home/airflow/.local/lib/python3.7/site-packages/airflow/example_dags/example_dynamic_task_mapping.py
[2023-03-16T23:49:15.752+0000] {processor.py:753} INFO - DAG(s) dict_keys(['example_dynamic_task_mapping']) retrieved from /home/airflow/.local/lib/python3.7/site-packages/airflow/example_dags/example_dynamic_task_mapping.py
[2023-03-16T23:49:15.804+0000] {logging_mixin.py:137} INFO - [2023-03-16T23:49:15.804+0000] {dag.py:2690} INFO - Sync 1 DAGs
[2023-03-16T23:49:15.858+0000] {logging_mixin.py:137} INFO - [2023-03-16T23:49:15.856+0000] {dag.py:3441} INFO - Setting next_dagrun for example_dynamic_task_mapping to 2022-03-04T00:00:00+00:00, run_after=2022-03-05T00:00:00+00:00
[2023-03-16T23:49:15.899+0000] {processor.py:175} INFO - Processing /home/airflow/.local/lib/python3.7/site-packages/airflow/example_dags/example_dynamic_task_mapping.py took 0.200 seconds
[2023-03-16T23:49:47.021+0000] {processor.py:153} INFO - Started process (PID=1591) to work on /home/airflow/.local/lib/python3.7/site-packages/airflow/example_dags/example_dynamic_task_mapping.py
[2023-03-16T23:49:47.023+0000] {processor.py:743} INFO - Processing file /home/airflow/.local/lib/python3.7/site-packages/airflow/example_dags/example_dynamic_task_mapping.py for tasks to queue
[2023-03-16T23:49:47.028+0000] {logging_mixin.py:137} INFO - [2023-03-16T23:49:47.028+0000] {dagbag.py:538} INFO - Filling up the DagBag from /home/airflow/.local/lib/python3.7/site-packages/airflow/example_dags/example_dynamic_task_mapping.py
[2023-03-16T23:49:47.081+0000] {processor.py:753} INFO - DAG(s) dict_keys(['example_dynamic_task_mapping']) retrieved from /home/airflow/.local/lib/python3.7/site-packages/airflow/example_dags/example_dynamic_task_mapping.py
[2023-03-16T23:49:47.152+0000] {logging_mixin.py:137} INFO - [2023-03-16T23:49:47.152+0000] {dag.py:2690} INFO - Sync 1 DAGs
[2023-03-16T23:49:47.205+0000] {logging_mixin.py:137} INFO - [2023-03-16T23:49:47.204+0000] {dag.py:3441} INFO - Setting next_dagrun for example_dynamic_task_mapping to 2022-03-04T00:00:00+00:00, run_after=2022-03-05T00:00:00+00:00
[2023-03-16T23:49:47.258+0000] {processor.py:175} INFO - Processing /home/airflow/.local/lib/python3.7/site-packages/airflow/example_dags/example_dynamic_task_mapping.py took 0.245 seconds
[2023-03-16T23:50:17.922+0000] {processor.py:153} INFO - Started process (PID=1664) to work on /home/airflow/.local/lib/python3.7/site-packages/airflow/example_dags/example_dynamic_task_mapping.py
[2023-03-16T23:50:17.929+0000] {processor.py:743} INFO - Processing file /home/airflow/.local/lib/python3.7/site-packages/airflow/example_dags/example_dynamic_task_mapping.py for tasks to queue
[2023-03-16T23:50:17.935+0000] {logging_mixin.py:137} INFO - [2023-03-16T23:50:17.934+0000] {dagbag.py:538} INFO - Filling up the DagBag from /home/airflow/.local/lib/python3.7/site-packages/airflow/example_dags/example_dynamic_task_mapping.py
[2023-03-16T23:50:18.055+0000] {processor.py:753} INFO - DAG(s) dict_keys(['example_dynamic_task_mapping']) retrieved from /home/airflow/.local/lib/python3.7/site-packages/airflow/example_dags/example_dynamic_task_mapping.py
[2023-03-16T23:50:18.224+0000] {logging_mixin.py:137} INFO - [2023-03-16T23:50:18.223+0000] {dag.py:2690} INFO - Sync 1 DAGs
[2023-03-16T23:50:18.356+0000] {logging_mixin.py:137} INFO - [2023-03-16T23:50:18.356+0000] {dag.py:3441} INFO - Setting next_dagrun for example_dynamic_task_mapping to 2022-03-04T00:00:00+00:00, run_after=2022-03-05T00:00:00+00:00
[2023-03-16T23:50:18.457+0000] {processor.py:175} INFO - Processing /home/airflow/.local/lib/python3.7/site-packages/airflow/example_dags/example_dynamic_task_mapping.py took 0.554 seconds
[2023-03-16T23:50:49.305+0000] {processor.py:153} INFO - Started process (PID=1737) to work on /home/airflow/.local/lib/python3.7/site-packages/airflow/example_dags/example_dynamic_task_mapping.py
[2023-03-16T23:50:49.307+0000] {processor.py:743} INFO - Processing file /home/airflow/.local/lib/python3.7/site-packages/airflow/example_dags/example_dynamic_task_mapping.py for tasks to queue
[2023-03-16T23:50:49.309+0000] {logging_mixin.py:137} INFO - [2023-03-16T23:50:49.309+0000] {dagbag.py:538} INFO - Filling up the DagBag from /home/airflow/.local/lib/python3.7/site-packages/airflow/example_dags/example_dynamic_task_mapping.py
[2023-03-16T23:50:49.365+0000] {processor.py:753} INFO - DAG(s) dict_keys(['example_dynamic_task_mapping']) retrieved from /home/airflow/.local/lib/python3.7/site-packages/airflow/example_dags/example_dynamic_task_mapping.py
[2023-03-16T23:50:49.410+0000] {logging_mixin.py:137} INFO - [2023-03-16T23:50:49.410+0000] {dag.py:2690} INFO - Sync 1 DAGs
[2023-03-16T23:50:49.455+0000] {logging_mixin.py:137} INFO - [2023-03-16T23:50:49.455+0000] {dag.py:3441} INFO - Setting next_dagrun for example_dynamic_task_mapping to 2022-03-04T00:00:00+00:00, run_after=2022-03-05T00:00:00+00:00
[2023-03-16T23:50:49.483+0000] {processor.py:175} INFO - Processing /home/airflow/.local/lib/python3.7/site-packages/airflow/example_dags/example_dynamic_task_mapping.py took 0.184 seconds
[2023-03-16T23:51:19.703+0000] {processor.py:153} INFO - Started process (PID=1810) to work on /home/airflow/.local/lib/python3.7/site-packages/airflow/example_dags/example_dynamic_task_mapping.py
[2023-03-16T23:51:19.706+0000] {processor.py:743} INFO - Processing file /home/airflow/.local/lib/python3.7/site-packages/airflow/example_dags/example_dynamic_task_mapping.py for tasks to queue
[2023-03-16T23:51:19.709+0000] {logging_mixin.py:137} INFO - [2023-03-16T23:51:19.708+0000] {dagbag.py:538} INFO - Filling up the DagBag from /home/airflow/.local/lib/python3.7/site-packages/airflow/example_dags/example_dynamic_task_mapping.py
[2023-03-16T23:51:19.776+0000] {processor.py:753} INFO - DAG(s) dict_keys(['example_dynamic_task_mapping']) retrieved from /home/airflow/.local/lib/python3.7/site-packages/airflow/example_dags/example_dynamic_task_mapping.py
[2023-03-16T23:51:19.897+0000] {logging_mixin.py:137} INFO - [2023-03-16T23:51:19.897+0000] {dag.py:2690} INFO - Sync 1 DAGs
[2023-03-16T23:51:20.073+0000] {logging_mixin.py:137} INFO - [2023-03-16T23:51:20.073+0000] {dag.py:3441} INFO - Setting next_dagrun for example_dynamic_task_mapping to 2022-03-04T00:00:00+00:00, run_after=2022-03-05T00:00:00+00:00
[2023-03-16T23:51:20.141+0000] {processor.py:175} INFO - Processing /home/airflow/.local/lib/python3.7/site-packages/airflow/example_dags/example_dynamic_task_mapping.py took 0.453 seconds
[2023-03-16T23:51:50.821+0000] {processor.py:153} INFO - Started process (PID=1884) to work on /home/airflow/.local/lib/python3.7/site-packages/airflow/example_dags/example_dynamic_task_mapping.py
[2023-03-16T23:51:50.823+0000] {processor.py:743} INFO - Processing file /home/airflow/.local/lib/python3.7/site-packages/airflow/example_dags/example_dynamic_task_mapping.py for tasks to queue
[2023-03-16T23:51:50.830+0000] {logging_mixin.py:137} INFO - [2023-03-16T23:51:50.829+0000] {dagbag.py:538} INFO - Filling up the DagBag from /home/airflow/.local/lib/python3.7/site-packages/airflow/example_dags/example_dynamic_task_mapping.py
[2023-03-16T23:51:50.914+0000] {processor.py:753} INFO - DAG(s) dict_keys(['example_dynamic_task_mapping']) retrieved from /home/airflow/.local/lib/python3.7/site-packages/airflow/example_dags/example_dynamic_task_mapping.py
[2023-03-16T23:51:50.972+0000] {logging_mixin.py:137} INFO - [2023-03-16T23:51:50.972+0000] {dag.py:2690} INFO - Sync 1 DAGs
[2023-03-16T23:51:51.033+0000] {logging_mixin.py:137} INFO - [2023-03-16T23:51:51.033+0000] {dag.py:3441} INFO - Setting next_dagrun for example_dynamic_task_mapping to 2022-03-04T00:00:00+00:00, run_after=2022-03-05T00:00:00+00:00
[2023-03-16T23:51:51.167+0000] {processor.py:175} INFO - Processing /home/airflow/.local/lib/python3.7/site-packages/airflow/example_dags/example_dynamic_task_mapping.py took 0.352 seconds
[2023-03-16T23:52:22.117+0000] {processor.py:153} INFO - Started process (PID=1957) to work on /home/airflow/.local/lib/python3.7/site-packages/airflow/example_dags/example_dynamic_task_mapping.py
[2023-03-16T23:52:22.125+0000] {processor.py:743} INFO - Processing file /home/airflow/.local/lib/python3.7/site-packages/airflow/example_dags/example_dynamic_task_mapping.py for tasks to queue
[2023-03-16T23:52:22.127+0000] {logging_mixin.py:137} INFO - [2023-03-16T23:52:22.127+0000] {dagbag.py:538} INFO - Filling up the DagBag from /home/airflow/.local/lib/python3.7/site-packages/airflow/example_dags/example_dynamic_task_mapping.py
[2023-03-16T23:52:22.206+0000] {processor.py:753} INFO - DAG(s) dict_keys(['example_dynamic_task_mapping']) retrieved from /home/airflow/.local/lib/python3.7/site-packages/airflow/example_dags/example_dynamic_task_mapping.py
[2023-03-16T23:52:22.277+0000] {logging_mixin.py:137} INFO - [2023-03-16T23:52:22.276+0000] {dag.py:2690} INFO - Sync 1 DAGs
[2023-03-16T23:52:22.367+0000] {logging_mixin.py:137} INFO - [2023-03-16T23:52:22.366+0000] {dag.py:3441} INFO - Setting next_dagrun for example_dynamic_task_mapping to 2022-03-04T00:00:00+00:00, run_after=2022-03-05T00:00:00+00:00
[2023-03-16T23:52:22.422+0000] {processor.py:175} INFO - Processing /home/airflow/.local/lib/python3.7/site-packages/airflow/example_dags/example_dynamic_task_mapping.py took 0.318 seconds
[2023-03-16T23:52:52.507+0000] {processor.py:153} INFO - Started process (PID=2030) to work on /home/airflow/.local/lib/python3.7/site-packages/airflow/example_dags/example_dynamic_task_mapping.py
[2023-03-16T23:52:52.510+0000] {processor.py:743} INFO - Processing file /home/airflow/.local/lib/python3.7/site-packages/airflow/example_dags/example_dynamic_task_mapping.py for tasks to queue
[2023-03-16T23:52:52.511+0000] {logging_mixin.py:137} INFO - [2023-03-16T23:52:52.511+0000] {dagbag.py:538} INFO - Filling up the DagBag from /home/airflow/.local/lib/python3.7/site-packages/airflow/example_dags/example_dynamic_task_mapping.py
[2023-03-16T23:52:52.567+0000] {processor.py:753} INFO - DAG(s) dict_keys(['example_dynamic_task_mapping']) retrieved from /home/airflow/.local/lib/python3.7/site-packages/airflow/example_dags/example_dynamic_task_mapping.py
[2023-03-16T23:52:52.665+0000] {logging_mixin.py:137} INFO - [2023-03-16T23:52:52.664+0000] {dag.py:2690} INFO - Sync 1 DAGs
[2023-03-16T23:52:52.720+0000] {logging_mixin.py:137} INFO - [2023-03-16T23:52:52.720+0000] {dag.py:3441} INFO - Setting next_dagrun for example_dynamic_task_mapping to 2022-03-04T00:00:00+00:00, run_after=2022-03-05T00:00:00+00:00
[2023-03-16T23:52:52.780+0000] {processor.py:175} INFO - Processing /home/airflow/.local/lib/python3.7/site-packages/airflow/example_dags/example_dynamic_task_mapping.py took 0.279 seconds
[2023-03-16T23:53:22.902+0000] {processor.py:153} INFO - Started process (PID=2103) to work on /home/airflow/.local/lib/python3.7/site-packages/airflow/example_dags/example_dynamic_task_mapping.py
[2023-03-16T23:53:22.904+0000] {processor.py:743} INFO - Processing file /home/airflow/.local/lib/python3.7/site-packages/airflow/example_dags/example_dynamic_task_mapping.py for tasks to queue
[2023-03-16T23:53:22.906+0000] {logging_mixin.py:137} INFO - [2023-03-16T23:53:22.906+0000] {dagbag.py:538} INFO - Filling up the DagBag from /home/airflow/.local/lib/python3.7/site-packages/airflow/example_dags/example_dynamic_task_mapping.py
[2023-03-16T23:53:22.996+0000] {processor.py:753} INFO - DAG(s) dict_keys(['example_dynamic_task_mapping']) retrieved from /home/airflow/.local/lib/python3.7/site-packages/airflow/example_dags/example_dynamic_task_mapping.py
[2023-03-16T23:53:23.074+0000] {logging_mixin.py:137} INFO - [2023-03-16T23:53:23.074+0000] {dag.py:2690} INFO - Sync 1 DAGs
[2023-03-16T23:53:23.124+0000] {logging_mixin.py:137} INFO - [2023-03-16T23:53:23.124+0000] {dag.py:3441} INFO - Setting next_dagrun for example_dynamic_task_mapping to 2022-03-04T00:00:00+00:00, run_after=2022-03-05T00:00:00+00:00
[2023-03-16T23:53:23.181+0000] {processor.py:175} INFO - Processing /home/airflow/.local/lib/python3.7/site-packages/airflow/example_dags/example_dynamic_task_mapping.py took 0.292 seconds
[2023-03-16T23:53:54.177+0000] {processor.py:153} INFO - Started process (PID=2176) to work on /home/airflow/.local/lib/python3.7/site-packages/airflow/example_dags/example_dynamic_task_mapping.py
[2023-03-16T23:53:54.179+0000] {processor.py:743} INFO - Processing file /home/airflow/.local/lib/python3.7/site-packages/airflow/example_dags/example_dynamic_task_mapping.py for tasks to queue
[2023-03-16T23:53:54.182+0000] {logging_mixin.py:137} INFO - [2023-03-16T23:53:54.181+0000] {dagbag.py:538} INFO - Filling up the DagBag from /home/airflow/.local/lib/python3.7/site-packages/airflow/example_dags/example_dynamic_task_mapping.py
[2023-03-16T23:53:54.235+0000] {processor.py:753} INFO - DAG(s) dict_keys(['example_dynamic_task_mapping']) retrieved from /home/airflow/.local/lib/python3.7/site-packages/airflow/example_dags/example_dynamic_task_mapping.py
[2023-03-16T23:53:54.293+0000] {logging_mixin.py:137} INFO - [2023-03-16T23:53:54.293+0000] {dag.py:2690} INFO - Sync 1 DAGs
[2023-03-16T23:53:54.365+0000] {logging_mixin.py:137} INFO - [2023-03-16T23:53:54.365+0000] {dag.py:3441} INFO - Setting next_dagrun for example_dynamic_task_mapping to 2022-03-04T00:00:00+00:00, run_after=2022-03-05T00:00:00+00:00
[2023-03-16T23:53:54.401+0000] {processor.py:175} INFO - Processing /home/airflow/.local/lib/python3.7/site-packages/airflow/example_dags/example_dynamic_task_mapping.py took 0.230 seconds
[2023-03-16T23:54:24.733+0000] {processor.py:153} INFO - Started process (PID=2249) to work on /home/airflow/.local/lib/python3.7/site-packages/airflow/example_dags/example_dynamic_task_mapping.py
[2023-03-16T23:54:24.736+0000] {processor.py:743} INFO - Processing file /home/airflow/.local/lib/python3.7/site-packages/airflow/example_dags/example_dynamic_task_mapping.py for tasks to queue
[2023-03-16T23:54:24.738+0000] {logging_mixin.py:137} INFO - [2023-03-16T23:54:24.738+0000] {dagbag.py:538} INFO - Filling up the DagBag from /home/airflow/.local/lib/python3.7/site-packages/airflow/example_dags/example_dynamic_task_mapping.py
[2023-03-16T23:54:24.808+0000] {processor.py:753} INFO - DAG(s) dict_keys(['example_dynamic_task_mapping']) retrieved from /home/airflow/.local/lib/python3.7/site-packages/airflow/example_dags/example_dynamic_task_mapping.py
[2023-03-16T23:54:24.869+0000] {logging_mixin.py:137} INFO - [2023-03-16T23:54:24.868+0000] {dag.py:2690} INFO - Sync 1 DAGs
[2023-03-16T23:54:24.944+0000] {logging_mixin.py:137} INFO - [2023-03-16T23:54:24.944+0000] {dag.py:3441} INFO - Setting next_dagrun for example_dynamic_task_mapping to 2022-03-04T00:00:00+00:00, run_after=2022-03-05T00:00:00+00:00
[2023-03-16T23:54:24.995+0000] {processor.py:175} INFO - Processing /home/airflow/.local/lib/python3.7/site-packages/airflow/example_dags/example_dynamic_task_mapping.py took 0.267 seconds
[2023-03-16T23:54:55.490+0000] {processor.py:153} INFO - Started process (PID=2322) to work on /home/airflow/.local/lib/python3.7/site-packages/airflow/example_dags/example_dynamic_task_mapping.py
[2023-03-16T23:54:55.492+0000] {processor.py:743} INFO - Processing file /home/airflow/.local/lib/python3.7/site-packages/airflow/example_dags/example_dynamic_task_mapping.py for tasks to queue
[2023-03-16T23:54:55.493+0000] {logging_mixin.py:137} INFO - [2023-03-16T23:54:55.493+0000] {dagbag.py:538} INFO - Filling up the DagBag from /home/airflow/.local/lib/python3.7/site-packages/airflow/example_dags/example_dynamic_task_mapping.py
[2023-03-16T23:54:55.546+0000] {processor.py:753} INFO - DAG(s) dict_keys(['example_dynamic_task_mapping']) retrieved from /home/airflow/.local/lib/python3.7/site-packages/airflow/example_dags/example_dynamic_task_mapping.py
[2023-03-16T23:54:55.605+0000] {logging_mixin.py:137} INFO - [2023-03-16T23:54:55.604+0000] {dag.py:2690} INFO - Sync 1 DAGs
[2023-03-16T23:54:55.683+0000] {logging_mixin.py:137} INFO - [2023-03-16T23:54:55.682+0000] {dag.py:3441} INFO - Setting next_dagrun for example_dynamic_task_mapping to 2022-03-04T00:00:00+00:00, run_after=2022-03-05T00:00:00+00:00
[2023-03-16T23:54:55.750+0000] {processor.py:175} INFO - Processing /home/airflow/.local/lib/python3.7/site-packages/airflow/example_dags/example_dynamic_task_mapping.py took 0.266 seconds
[2023-03-16T23:55:25.891+0000] {processor.py:153} INFO - Started process (PID=2395) to work on /home/airflow/.local/lib/python3.7/site-packages/airflow/example_dags/example_dynamic_task_mapping.py
[2023-03-16T23:55:25.893+0000] {processor.py:743} INFO - Processing file /home/airflow/.local/lib/python3.7/site-packages/airflow/example_dags/example_dynamic_task_mapping.py for tasks to queue
[2023-03-16T23:55:25.897+0000] {logging_mixin.py:137} INFO - [2023-03-16T23:55:25.896+0000] {dagbag.py:538} INFO - Filling up the DagBag from /home/airflow/.local/lib/python3.7/site-packages/airflow/example_dags/example_dynamic_task_mapping.py
[2023-03-16T23:55:25.940+0000] {processor.py:753} INFO - DAG(s) dict_keys(['example_dynamic_task_mapping']) retrieved from /home/airflow/.local/lib/python3.7/site-packages/airflow/example_dags/example_dynamic_task_mapping.py
[2023-03-16T23:55:25.995+0000] {logging_mixin.py:137} INFO - [2023-03-16T23:55:25.994+0000] {dag.py:2690} INFO - Sync 1 DAGs
[2023-03-16T23:55:26.054+0000] {logging_mixin.py:137} INFO - [2023-03-16T23:55:26.054+0000] {dag.py:3441} INFO - Setting next_dagrun for example_dynamic_task_mapping to 2022-03-04T00:00:00+00:00, run_after=2022-03-05T00:00:00+00:00
[2023-03-16T23:55:26.086+0000] {processor.py:175} INFO - Processing /home/airflow/.local/lib/python3.7/site-packages/airflow/example_dags/example_dynamic_task_mapping.py took 0.200 seconds
[2023-03-16T23:55:56.279+0000] {processor.py:153} INFO - Started process (PID=2468) to work on /home/airflow/.local/lib/python3.7/site-packages/airflow/example_dags/example_dynamic_task_mapping.py
[2023-03-16T23:55:56.281+0000] {processor.py:743} INFO - Processing file /home/airflow/.local/lib/python3.7/site-packages/airflow/example_dags/example_dynamic_task_mapping.py for tasks to queue
[2023-03-16T23:55:56.283+0000] {logging_mixin.py:137} INFO - [2023-03-16T23:55:56.283+0000] {dagbag.py:538} INFO - Filling up the DagBag from /home/airflow/.local/lib/python3.7/site-packages/airflow/example_dags/example_dynamic_task_mapping.py
[2023-03-16T23:55:56.346+0000] {processor.py:753} INFO - DAG(s) dict_keys(['example_dynamic_task_mapping']) retrieved from /home/airflow/.local/lib/python3.7/site-packages/airflow/example_dags/example_dynamic_task_mapping.py
[2023-03-16T23:55:56.443+0000] {logging_mixin.py:137} INFO - [2023-03-16T23:55:56.441+0000] {dag.py:2690} INFO - Sync 1 DAGs
[2023-03-16T23:55:56.537+0000] {logging_mixin.py:137} INFO - [2023-03-16T23:55:56.536+0000] {dag.py:3441} INFO - Setting next_dagrun for example_dynamic_task_mapping to 2022-03-04T00:00:00+00:00, run_after=2022-03-05T00:00:00+00:00
[2023-03-16T23:55:56.608+0000] {processor.py:175} INFO - Processing /home/airflow/.local/lib/python3.7/site-packages/airflow/example_dags/example_dynamic_task_mapping.py took 0.336 seconds
[2023-03-16T23:56:26.936+0000] {processor.py:153} INFO - Started process (PID=2542) to work on /home/airflow/.local/lib/python3.7/site-packages/airflow/example_dags/example_dynamic_task_mapping.py
[2023-03-16T23:56:26.938+0000] {processor.py:743} INFO - Processing file /home/airflow/.local/lib/python3.7/site-packages/airflow/example_dags/example_dynamic_task_mapping.py for tasks to queue
[2023-03-16T23:56:26.940+0000] {logging_mixin.py:137} INFO - [2023-03-16T23:56:26.940+0000] {dagbag.py:538} INFO - Filling up the DagBag from /home/airflow/.local/lib/python3.7/site-packages/airflow/example_dags/example_dynamic_task_mapping.py
[2023-03-16T23:56:26.968+0000] {processor.py:753} INFO - DAG(s) dict_keys(['example_dynamic_task_mapping']) retrieved from /home/airflow/.local/lib/python3.7/site-packages/airflow/example_dags/example_dynamic_task_mapping.py
[2023-03-16T23:56:27.006+0000] {logging_mixin.py:137} INFO - [2023-03-16T23:56:27.006+0000] {dag.py:2690} INFO - Sync 1 DAGs
[2023-03-16T23:56:27.051+0000] {logging_mixin.py:137} INFO - [2023-03-16T23:56:27.050+0000] {dag.py:3441} INFO - Setting next_dagrun for example_dynamic_task_mapping to 2022-03-04T00:00:00+00:00, run_after=2022-03-05T00:00:00+00:00
[2023-03-16T23:56:27.083+0000] {processor.py:175} INFO - Processing /home/airflow/.local/lib/python3.7/site-packages/airflow/example_dags/example_dynamic_task_mapping.py took 0.151 seconds
[2023-03-16T23:56:57.508+0000] {processor.py:153} INFO - Started process (PID=2616) to work on /home/airflow/.local/lib/python3.7/site-packages/airflow/example_dags/example_dynamic_task_mapping.py
[2023-03-16T23:56:57.510+0000] {processor.py:743} INFO - Processing file /home/airflow/.local/lib/python3.7/site-packages/airflow/example_dags/example_dynamic_task_mapping.py for tasks to queue
[2023-03-16T23:56:57.511+0000] {logging_mixin.py:137} INFO - [2023-03-16T23:56:57.511+0000] {dagbag.py:538} INFO - Filling up the DagBag from /home/airflow/.local/lib/python3.7/site-packages/airflow/example_dags/example_dynamic_task_mapping.py
[2023-03-16T23:56:57.567+0000] {processor.py:753} INFO - DAG(s) dict_keys(['example_dynamic_task_mapping']) retrieved from /home/airflow/.local/lib/python3.7/site-packages/airflow/example_dags/example_dynamic_task_mapping.py
[2023-03-16T23:56:57.645+0000] {logging_mixin.py:137} INFO - [2023-03-16T23:56:57.644+0000] {dag.py:2690} INFO - Sync 1 DAGs
[2023-03-16T23:56:57.727+0000] {logging_mixin.py:137} INFO - [2023-03-16T23:56:57.727+0000] {dag.py:3441} INFO - Setting next_dagrun for example_dynamic_task_mapping to 2022-03-04T00:00:00+00:00, run_after=2022-03-05T00:00:00+00:00
[2023-03-16T23:56:57.761+0000] {processor.py:175} INFO - Processing /home/airflow/.local/lib/python3.7/site-packages/airflow/example_dags/example_dynamic_task_mapping.py took 0.259 seconds
[2023-03-16T23:57:28.199+0000] {processor.py:153} INFO - Started process (PID=2690) to work on /home/airflow/.local/lib/python3.7/site-packages/airflow/example_dags/example_dynamic_task_mapping.py
[2023-03-16T23:57:28.201+0000] {processor.py:743} INFO - Processing file /home/airflow/.local/lib/python3.7/site-packages/airflow/example_dags/example_dynamic_task_mapping.py for tasks to queue
[2023-03-16T23:57:28.203+0000] {logging_mixin.py:137} INFO - [2023-03-16T23:57:28.202+0000] {dagbag.py:538} INFO - Filling up the DagBag from /home/airflow/.local/lib/python3.7/site-packages/airflow/example_dags/example_dynamic_task_mapping.py
[2023-03-16T23:57:28.240+0000] {processor.py:753} INFO - DAG(s) dict_keys(['example_dynamic_task_mapping']) retrieved from /home/airflow/.local/lib/python3.7/site-packages/airflow/example_dags/example_dynamic_task_mapping.py
[2023-03-16T23:57:28.274+0000] {logging_mixin.py:137} INFO - [2023-03-16T23:57:28.274+0000] {dag.py:2690} INFO - Sync 1 DAGs
[2023-03-16T23:57:28.321+0000] {logging_mixin.py:137} INFO - [2023-03-16T23:57:28.320+0000] {dag.py:3441} INFO - Setting next_dagrun for example_dynamic_task_mapping to 2022-03-04T00:00:00+00:00, run_after=2022-03-05T00:00:00+00:00
[2023-03-16T23:57:28.352+0000] {processor.py:175} INFO - Processing /home/airflow/.local/lib/python3.7/site-packages/airflow/example_dags/example_dynamic_task_mapping.py took 0.160 seconds
[2023-03-16T23:57:58.534+0000] {processor.py:153} INFO - Started process (PID=2780) to work on /home/airflow/.local/lib/python3.7/site-packages/airflow/example_dags/example_dynamic_task_mapping.py
[2023-03-16T23:57:58.536+0000] {processor.py:743} INFO - Processing file /home/airflow/.local/lib/python3.7/site-packages/airflow/example_dags/example_dynamic_task_mapping.py for tasks to queue
[2023-03-16T23:57:58.538+0000] {logging_mixin.py:137} INFO - [2023-03-16T23:57:58.538+0000] {dagbag.py:538} INFO - Filling up the DagBag from /home/airflow/.local/lib/python3.7/site-packages/airflow/example_dags/example_dynamic_task_mapping.py
[2023-03-16T23:57:58.577+0000] {processor.py:753} INFO - DAG(s) dict_keys(['example_dynamic_task_mapping']) retrieved from /home/airflow/.local/lib/python3.7/site-packages/airflow/example_dags/example_dynamic_task_mapping.py
[2023-03-16T23:57:58.664+0000] {logging_mixin.py:137} INFO - [2023-03-16T23:57:58.664+0000] {dag.py:2690} INFO - Sync 1 DAGs
[2023-03-16T23:57:58.732+0000] {logging_mixin.py:137} INFO - [2023-03-16T23:57:58.732+0000] {dag.py:3441} INFO - Setting next_dagrun for example_dynamic_task_mapping to 2022-03-04T00:00:00+00:00, run_after=2022-03-05T00:00:00+00:00
[2023-03-16T23:57:58.771+0000] {processor.py:175} INFO - Processing /home/airflow/.local/lib/python3.7/site-packages/airflow/example_dags/example_dynamic_task_mapping.py took 0.245 seconds
[2023-03-16T23:58:28.852+0000] {processor.py:153} INFO - Started process (PID=2853) to work on /home/airflow/.local/lib/python3.7/site-packages/airflow/example_dags/example_dynamic_task_mapping.py
[2023-03-16T23:58:28.854+0000] {processor.py:743} INFO - Processing file /home/airflow/.local/lib/python3.7/site-packages/airflow/example_dags/example_dynamic_task_mapping.py for tasks to queue
[2023-03-16T23:58:28.856+0000] {logging_mixin.py:137} INFO - [2023-03-16T23:58:28.856+0000] {dagbag.py:538} INFO - Filling up the DagBag from /home/airflow/.local/lib/python3.7/site-packages/airflow/example_dags/example_dynamic_task_mapping.py
[2023-03-16T23:58:28.895+0000] {processor.py:753} INFO - DAG(s) dict_keys(['example_dynamic_task_mapping']) retrieved from /home/airflow/.local/lib/python3.7/site-packages/airflow/example_dags/example_dynamic_task_mapping.py
[2023-03-16T23:58:28.956+0000] {logging_mixin.py:137} INFO - [2023-03-16T23:58:28.956+0000] {dag.py:2690} INFO - Sync 1 DAGs
[2023-03-16T23:58:29.019+0000] {logging_mixin.py:137} INFO - [2023-03-16T23:58:29.019+0000] {dag.py:3441} INFO - Setting next_dagrun for example_dynamic_task_mapping to 2022-03-04T00:00:00+00:00, run_after=2022-03-05T00:00:00+00:00
[2023-03-16T23:58:29.077+0000] {processor.py:175} INFO - Processing /home/airflow/.local/lib/python3.7/site-packages/airflow/example_dags/example_dynamic_task_mapping.py took 0.231 seconds
[2023-03-16T23:58:59.194+0000] {processor.py:153} INFO - Started process (PID=2925) to work on /home/airflow/.local/lib/python3.7/site-packages/airflow/example_dags/example_dynamic_task_mapping.py
[2023-03-16T23:58:59.196+0000] {processor.py:743} INFO - Processing file /home/airflow/.local/lib/python3.7/site-packages/airflow/example_dags/example_dynamic_task_mapping.py for tasks to queue
[2023-03-16T23:58:59.200+0000] {logging_mixin.py:137} INFO - [2023-03-16T23:58:59.198+0000] {dagbag.py:538} INFO - Filling up the DagBag from /home/airflow/.local/lib/python3.7/site-packages/airflow/example_dags/example_dynamic_task_mapping.py
[2023-03-16T23:58:59.274+0000] {processor.py:753} INFO - DAG(s) dict_keys(['example_dynamic_task_mapping']) retrieved from /home/airflow/.local/lib/python3.7/site-packages/airflow/example_dags/example_dynamic_task_mapping.py
[2023-03-16T23:58:59.386+0000] {logging_mixin.py:137} INFO - [2023-03-16T23:58:59.386+0000] {dag.py:2690} INFO - Sync 1 DAGs
[2023-03-16T23:58:59.494+0000] {logging_mixin.py:137} INFO - [2023-03-16T23:58:59.494+0000] {dag.py:3441} INFO - Setting next_dagrun for example_dynamic_task_mapping to 2022-03-04T00:00:00+00:00, run_after=2022-03-05T00:00:00+00:00
[2023-03-16T23:58:59.566+0000] {processor.py:175} INFO - Processing /home/airflow/.local/lib/python3.7/site-packages/airflow/example_dags/example_dynamic_task_mapping.py took 0.379 seconds
[2023-03-16T23:59:30.176+0000] {processor.py:153} INFO - Started process (PID=2998) to work on /home/airflow/.local/lib/python3.7/site-packages/airflow/example_dags/example_dynamic_task_mapping.py
[2023-03-16T23:59:30.178+0000] {processor.py:743} INFO - Processing file /home/airflow/.local/lib/python3.7/site-packages/airflow/example_dags/example_dynamic_task_mapping.py for tasks to queue
[2023-03-16T23:59:30.179+0000] {logging_mixin.py:137} INFO - [2023-03-16T23:59:30.179+0000] {dagbag.py:538} INFO - Filling up the DagBag from /home/airflow/.local/lib/python3.7/site-packages/airflow/example_dags/example_dynamic_task_mapping.py
[2023-03-16T23:59:30.243+0000] {processor.py:753} INFO - DAG(s) dict_keys(['example_dynamic_task_mapping']) retrieved from /home/airflow/.local/lib/python3.7/site-packages/airflow/example_dags/example_dynamic_task_mapping.py
[2023-03-16T23:59:30.307+0000] {logging_mixin.py:137} INFO - [2023-03-16T23:59:30.306+0000] {dag.py:2690} INFO - Sync 1 DAGs
[2023-03-16T23:59:30.359+0000] {logging_mixin.py:137} INFO - [2023-03-16T23:59:30.358+0000] {dag.py:3441} INFO - Setting next_dagrun for example_dynamic_task_mapping to 2022-03-04T00:00:00+00:00, run_after=2022-03-05T00:00:00+00:00
[2023-03-16T23:59:30.397+0000] {processor.py:175} INFO - Processing /home/airflow/.local/lib/python3.7/site-packages/airflow/example_dags/example_dynamic_task_mapping.py took 0.226 seconds
