[2023-03-16T23:38:56.858+0000] {processor.py:153} INFO - Started process (PID=137) to work on /home/airflow/.local/lib/python3.7/site-packages/airflow/example_dags/example_external_task_marker_dag.py
[2023-03-16T23:38:56.860+0000] {processor.py:743} INFO - Processing file /home/airflow/.local/lib/python3.7/site-packages/airflow/example_dags/example_external_task_marker_dag.py for tasks to queue
[2023-03-16T23:38:56.871+0000] {logging_mixin.py:137} INFO - [2023-03-16T23:38:56.870+0000] {dagbag.py:538} INFO - Filling up the DagBag from /home/airflow/.local/lib/python3.7/site-packages/airflow/example_dags/example_external_task_marker_dag.py
[2023-03-16T23:38:56.929+0000] {processor.py:753} INFO - DAG(s) dict_keys(['example_external_task_marker_parent', 'example_external_task_marker_child']) retrieved from /home/airflow/.local/lib/python3.7/site-packages/airflow/example_dags/example_external_task_marker_dag.py
[2023-03-16T23:38:57.022+0000] {logging_mixin.py:137} INFO - [2023-03-16T23:38:57.022+0000] {dag.py:2690} INFO - Sync 2 DAGs
[2023-03-16T23:38:57.153+0000] {logging_mixin.py:137} INFO - [2023-03-16T23:38:57.153+0000] {dag.py:3441} INFO - Setting next_dagrun for example_external_task_marker_child to None, run_after=None
[2023-03-16T23:38:57.179+0000] {logging_mixin.py:137} INFO - [2023-03-16T23:38:57.178+0000] {dag.py:3441} INFO - Setting next_dagrun for example_external_task_marker_parent to None, run_after=None
[2023-03-16T23:38:57.306+0000] {processor.py:175} INFO - Processing /home/airflow/.local/lib/python3.7/site-packages/airflow/example_dags/example_external_task_marker_dag.py took 0.455 seconds
[2023-03-16T23:39:28.066+0000] {processor.py:153} INFO - Started process (PID=211) to work on /home/airflow/.local/lib/python3.7/site-packages/airflow/example_dags/example_external_task_marker_dag.py
[2023-03-16T23:39:28.068+0000] {processor.py:743} INFO - Processing file /home/airflow/.local/lib/python3.7/site-packages/airflow/example_dags/example_external_task_marker_dag.py for tasks to queue
[2023-03-16T23:39:28.072+0000] {logging_mixin.py:137} INFO - [2023-03-16T23:39:28.071+0000] {dagbag.py:538} INFO - Filling up the DagBag from /home/airflow/.local/lib/python3.7/site-packages/airflow/example_dags/example_external_task_marker_dag.py
[2023-03-16T23:39:28.138+0000] {processor.py:753} INFO - DAG(s) dict_keys(['example_external_task_marker_parent', 'example_external_task_marker_child']) retrieved from /home/airflow/.local/lib/python3.7/site-packages/airflow/example_dags/example_external_task_marker_dag.py
[2023-03-16T23:39:28.289+0000] {logging_mixin.py:137} INFO - [2023-03-16T23:39:28.289+0000] {dag.py:2690} INFO - Sync 2 DAGs
[2023-03-16T23:39:28.396+0000] {logging_mixin.py:137} INFO - [2023-03-16T23:39:28.395+0000] {dag.py:3441} INFO - Setting next_dagrun for example_external_task_marker_child to None, run_after=None
[2023-03-16T23:39:28.442+0000] {logging_mixin.py:137} INFO - [2023-03-16T23:39:28.442+0000] {dag.py:3441} INFO - Setting next_dagrun for example_external_task_marker_parent to None, run_after=None
[2023-03-16T23:39:28.508+0000] {processor.py:175} INFO - Processing /home/airflow/.local/lib/python3.7/site-packages/airflow/example_dags/example_external_task_marker_dag.py took 0.448 seconds
[2023-03-16T23:39:58.805+0000] {processor.py:153} INFO - Started process (PID=276) to work on /home/airflow/.local/lib/python3.7/site-packages/airflow/example_dags/example_external_task_marker_dag.py
[2023-03-16T23:39:58.809+0000] {processor.py:743} INFO - Processing file /home/airflow/.local/lib/python3.7/site-packages/airflow/example_dags/example_external_task_marker_dag.py for tasks to queue
[2023-03-16T23:39:58.812+0000] {logging_mixin.py:137} INFO - [2023-03-16T23:39:58.811+0000] {dagbag.py:538} INFO - Filling up the DagBag from /home/airflow/.local/lib/python3.7/site-packages/airflow/example_dags/example_external_task_marker_dag.py
[2023-03-16T23:39:58.845+0000] {processor.py:753} INFO - DAG(s) dict_keys(['example_external_task_marker_child', 'example_external_task_marker_parent']) retrieved from /home/airflow/.local/lib/python3.7/site-packages/airflow/example_dags/example_external_task_marker_dag.py
[2023-03-16T23:39:58.905+0000] {logging_mixin.py:137} INFO - [2023-03-16T23:39:58.905+0000] {dag.py:2690} INFO - Sync 2 DAGs
[2023-03-16T23:39:58.981+0000] {logging_mixin.py:137} INFO - [2023-03-16T23:39:58.980+0000] {dag.py:3441} INFO - Setting next_dagrun for example_external_task_marker_child to None, run_after=None
[2023-03-16T23:39:58.990+0000] {logging_mixin.py:137} INFO - [2023-03-16T23:39:58.989+0000] {dag.py:3441} INFO - Setting next_dagrun for example_external_task_marker_parent to None, run_after=None
[2023-03-16T23:39:59.064+0000] {processor.py:175} INFO - Processing /home/airflow/.local/lib/python3.7/site-packages/airflow/example_dags/example_external_task_marker_dag.py took 0.265 seconds
[2023-03-16T23:40:29.205+0000] {processor.py:153} INFO - Started process (PID=342) to work on /home/airflow/.local/lib/python3.7/site-packages/airflow/example_dags/example_external_task_marker_dag.py
[2023-03-16T23:40:29.207+0000] {processor.py:743} INFO - Processing file /home/airflow/.local/lib/python3.7/site-packages/airflow/example_dags/example_external_task_marker_dag.py for tasks to queue
[2023-03-16T23:40:29.209+0000] {logging_mixin.py:137} INFO - [2023-03-16T23:40:29.209+0000] {dagbag.py:538} INFO - Filling up the DagBag from /home/airflow/.local/lib/python3.7/site-packages/airflow/example_dags/example_external_task_marker_dag.py
[2023-03-16T23:40:29.256+0000] {processor.py:753} INFO - DAG(s) dict_keys(['example_external_task_marker_child', 'example_external_task_marker_parent']) retrieved from /home/airflow/.local/lib/python3.7/site-packages/airflow/example_dags/example_external_task_marker_dag.py
[2023-03-16T23:40:29.355+0000] {logging_mixin.py:137} INFO - [2023-03-16T23:40:29.354+0000] {dag.py:2690} INFO - Sync 2 DAGs
[2023-03-16T23:40:29.441+0000] {logging_mixin.py:137} INFO - [2023-03-16T23:40:29.441+0000] {dag.py:3441} INFO - Setting next_dagrun for example_external_task_marker_child to None, run_after=None
[2023-03-16T23:40:29.451+0000] {logging_mixin.py:137} INFO - [2023-03-16T23:40:29.450+0000] {dag.py:3441} INFO - Setting next_dagrun for example_external_task_marker_parent to None, run_after=None
[2023-03-16T23:40:29.496+0000] {processor.py:175} INFO - Processing /home/airflow/.local/lib/python3.7/site-packages/airflow/example_dags/example_external_task_marker_dag.py took 0.298 seconds
[2023-03-16T23:41:00.373+0000] {processor.py:153} INFO - Started process (PID=416) to work on /home/airflow/.local/lib/python3.7/site-packages/airflow/example_dags/example_external_task_marker_dag.py
[2023-03-16T23:41:00.378+0000] {processor.py:743} INFO - Processing file /home/airflow/.local/lib/python3.7/site-packages/airflow/example_dags/example_external_task_marker_dag.py for tasks to queue
[2023-03-16T23:41:00.380+0000] {logging_mixin.py:137} INFO - [2023-03-16T23:41:00.380+0000] {dagbag.py:538} INFO - Filling up the DagBag from /home/airflow/.local/lib/python3.7/site-packages/airflow/example_dags/example_external_task_marker_dag.py
[2023-03-16T23:41:00.424+0000] {processor.py:753} INFO - DAG(s) dict_keys(['example_external_task_marker_parent', 'example_external_task_marker_child']) retrieved from /home/airflow/.local/lib/python3.7/site-packages/airflow/example_dags/example_external_task_marker_dag.py
[2023-03-16T23:41:00.519+0000] {logging_mixin.py:137} INFO - [2023-03-16T23:41:00.519+0000] {dag.py:2690} INFO - Sync 2 DAGs
[2023-03-16T23:41:00.652+0000] {logging_mixin.py:137} INFO - [2023-03-16T23:41:00.652+0000] {dag.py:3441} INFO - Setting next_dagrun for example_external_task_marker_child to None, run_after=None
[2023-03-16T23:41:00.669+0000] {logging_mixin.py:137} INFO - [2023-03-16T23:41:00.669+0000] {dag.py:3441} INFO - Setting next_dagrun for example_external_task_marker_parent to None, run_after=None
[2023-03-16T23:41:00.769+0000] {processor.py:175} INFO - Processing /home/airflow/.local/lib/python3.7/site-packages/airflow/example_dags/example_external_task_marker_dag.py took 0.403 seconds
[2023-03-16T23:41:31.696+0000] {processor.py:153} INFO - Started process (PID=489) to work on /home/airflow/.local/lib/python3.7/site-packages/airflow/example_dags/example_external_task_marker_dag.py
[2023-03-16T23:41:31.705+0000] {processor.py:743} INFO - Processing file /home/airflow/.local/lib/python3.7/site-packages/airflow/example_dags/example_external_task_marker_dag.py for tasks to queue
[2023-03-16T23:41:31.709+0000] {logging_mixin.py:137} INFO - [2023-03-16T23:41:31.708+0000] {dagbag.py:538} INFO - Filling up the DagBag from /home/airflow/.local/lib/python3.7/site-packages/airflow/example_dags/example_external_task_marker_dag.py
[2023-03-16T23:41:31.736+0000] {processor.py:753} INFO - DAG(s) dict_keys(['example_external_task_marker_parent', 'example_external_task_marker_child']) retrieved from /home/airflow/.local/lib/python3.7/site-packages/airflow/example_dags/example_external_task_marker_dag.py
[2023-03-16T23:41:31.795+0000] {logging_mixin.py:137} INFO - [2023-03-16T23:41:31.795+0000] {dag.py:2690} INFO - Sync 2 DAGs
[2023-03-16T23:41:31.866+0000] {logging_mixin.py:137} INFO - [2023-03-16T23:41:31.866+0000] {dag.py:3441} INFO - Setting next_dagrun for example_external_task_marker_child to None, run_after=None
[2023-03-16T23:41:31.878+0000] {logging_mixin.py:137} INFO - [2023-03-16T23:41:31.877+0000] {dag.py:3441} INFO - Setting next_dagrun for example_external_task_marker_parent to None, run_after=None
[2023-03-16T23:41:31.921+0000] {processor.py:175} INFO - Processing /home/airflow/.local/lib/python3.7/site-packages/airflow/example_dags/example_external_task_marker_dag.py took 0.231 seconds
[2023-03-16T23:42:03.205+0000] {processor.py:153} INFO - Started process (PID=563) to work on /home/airflow/.local/lib/python3.7/site-packages/airflow/example_dags/example_external_task_marker_dag.py
[2023-03-16T23:42:03.208+0000] {processor.py:743} INFO - Processing file /home/airflow/.local/lib/python3.7/site-packages/airflow/example_dags/example_external_task_marker_dag.py for tasks to queue
[2023-03-16T23:42:03.211+0000] {logging_mixin.py:137} INFO - [2023-03-16T23:42:03.211+0000] {dagbag.py:538} INFO - Filling up the DagBag from /home/airflow/.local/lib/python3.7/site-packages/airflow/example_dags/example_external_task_marker_dag.py
[2023-03-16T23:42:03.270+0000] {processor.py:753} INFO - DAG(s) dict_keys(['example_external_task_marker_parent', 'example_external_task_marker_child']) retrieved from /home/airflow/.local/lib/python3.7/site-packages/airflow/example_dags/example_external_task_marker_dag.py
[2023-03-16T23:42:03.391+0000] {logging_mixin.py:137} INFO - [2023-03-16T23:42:03.391+0000] {dag.py:2690} INFO - Sync 2 DAGs
[2023-03-16T23:42:03.489+0000] {logging_mixin.py:137} INFO - [2023-03-16T23:42:03.489+0000] {dag.py:3441} INFO - Setting next_dagrun for example_external_task_marker_child to None, run_after=None
[2023-03-16T23:42:03.498+0000] {logging_mixin.py:137} INFO - [2023-03-16T23:42:03.497+0000] {dag.py:3441} INFO - Setting next_dagrun for example_external_task_marker_parent to None, run_after=None
[2023-03-16T23:42:03.579+0000] {processor.py:175} INFO - Processing /home/airflow/.local/lib/python3.7/site-packages/airflow/example_dags/example_external_task_marker_dag.py took 0.387 seconds
[2023-03-16T23:42:34.353+0000] {processor.py:153} INFO - Started process (PID=620) to work on /home/airflow/.local/lib/python3.7/site-packages/airflow/example_dags/example_external_task_marker_dag.py
[2023-03-16T23:42:34.365+0000] {processor.py:743} INFO - Processing file /home/airflow/.local/lib/python3.7/site-packages/airflow/example_dags/example_external_task_marker_dag.py for tasks to queue
[2023-03-16T23:42:34.415+0000] {logging_mixin.py:137} INFO - [2023-03-16T23:42:34.414+0000] {dagbag.py:538} INFO - Filling up the DagBag from /home/airflow/.local/lib/python3.7/site-packages/airflow/example_dags/example_external_task_marker_dag.py
[2023-03-16T23:42:34.482+0000] {processor.py:753} INFO - DAG(s) dict_keys(['example_external_task_marker_child', 'example_external_task_marker_parent']) retrieved from /home/airflow/.local/lib/python3.7/site-packages/airflow/example_dags/example_external_task_marker_dag.py
[2023-03-16T23:42:34.581+0000] {logging_mixin.py:137} INFO - [2023-03-16T23:42:34.581+0000] {dag.py:2690} INFO - Sync 2 DAGs
[2023-03-16T23:42:34.670+0000] {logging_mixin.py:137} INFO - [2023-03-16T23:42:34.670+0000] {dag.py:3441} INFO - Setting next_dagrun for example_external_task_marker_child to None, run_after=None
[2023-03-16T23:42:34.681+0000] {logging_mixin.py:137} INFO - [2023-03-16T23:42:34.681+0000] {dag.py:3441} INFO - Setting next_dagrun for example_external_task_marker_parent to None, run_after=None
[2023-03-16T23:42:34.739+0000] {processor.py:175} INFO - Processing /home/airflow/.local/lib/python3.7/site-packages/airflow/example_dags/example_external_task_marker_dag.py took 0.393 seconds
[2023-03-16T23:43:05.873+0000] {processor.py:153} INFO - Started process (PID=693) to work on /home/airflow/.local/lib/python3.7/site-packages/airflow/example_dags/example_external_task_marker_dag.py
[2023-03-16T23:43:05.886+0000] {processor.py:743} INFO - Processing file /home/airflow/.local/lib/python3.7/site-packages/airflow/example_dags/example_external_task_marker_dag.py for tasks to queue
[2023-03-16T23:43:05.893+0000] {logging_mixin.py:137} INFO - [2023-03-16T23:43:05.892+0000] {dagbag.py:538} INFO - Filling up the DagBag from /home/airflow/.local/lib/python3.7/site-packages/airflow/example_dags/example_external_task_marker_dag.py
[2023-03-16T23:43:05.952+0000] {processor.py:753} INFO - DAG(s) dict_keys(['example_external_task_marker_parent', 'example_external_task_marker_child']) retrieved from /home/airflow/.local/lib/python3.7/site-packages/airflow/example_dags/example_external_task_marker_dag.py
[2023-03-16T23:43:06.073+0000] {logging_mixin.py:137} INFO - [2023-03-16T23:43:06.072+0000] {dag.py:2690} INFO - Sync 2 DAGs
[2023-03-16T23:43:06.193+0000] {logging_mixin.py:137} INFO - [2023-03-16T23:43:06.193+0000] {dag.py:3441} INFO - Setting next_dagrun for example_external_task_marker_child to None, run_after=None
[2023-03-16T23:43:06.214+0000] {logging_mixin.py:137} INFO - [2023-03-16T23:43:06.213+0000] {dag.py:3441} INFO - Setting next_dagrun for example_external_task_marker_parent to None, run_after=None
[2023-03-16T23:43:06.320+0000] {processor.py:175} INFO - Processing /home/airflow/.local/lib/python3.7/site-packages/airflow/example_dags/example_external_task_marker_dag.py took 0.454 seconds
[2023-03-16T23:43:36.667+0000] {processor.py:153} INFO - Started process (PID=766) to work on /home/airflow/.local/lib/python3.7/site-packages/airflow/example_dags/example_external_task_marker_dag.py
[2023-03-16T23:43:36.670+0000] {processor.py:743} INFO - Processing file /home/airflow/.local/lib/python3.7/site-packages/airflow/example_dags/example_external_task_marker_dag.py for tasks to queue
[2023-03-16T23:43:36.672+0000] {logging_mixin.py:137} INFO - [2023-03-16T23:43:36.672+0000] {dagbag.py:538} INFO - Filling up the DagBag from /home/airflow/.local/lib/python3.7/site-packages/airflow/example_dags/example_external_task_marker_dag.py
[2023-03-16T23:43:36.708+0000] {processor.py:753} INFO - DAG(s) dict_keys(['example_external_task_marker_parent', 'example_external_task_marker_child']) retrieved from /home/airflow/.local/lib/python3.7/site-packages/airflow/example_dags/example_external_task_marker_dag.py
[2023-03-16T23:43:36.793+0000] {logging_mixin.py:137} INFO - [2023-03-16T23:43:36.793+0000] {dag.py:2690} INFO - Sync 2 DAGs
[2023-03-16T23:43:36.861+0000] {logging_mixin.py:137} INFO - [2023-03-16T23:43:36.860+0000] {dag.py:3441} INFO - Setting next_dagrun for example_external_task_marker_child to None, run_after=None
[2023-03-16T23:43:36.871+0000] {logging_mixin.py:137} INFO - [2023-03-16T23:43:36.870+0000] {dag.py:3441} INFO - Setting next_dagrun for example_external_task_marker_parent to None, run_after=None
[2023-03-16T23:43:36.913+0000] {processor.py:175} INFO - Processing /home/airflow/.local/lib/python3.7/site-packages/airflow/example_dags/example_external_task_marker_dag.py took 0.254 seconds
[2023-03-16T23:44:07.764+0000] {processor.py:153} INFO - Started process (PID=830) to work on /home/airflow/.local/lib/python3.7/site-packages/airflow/example_dags/example_external_task_marker_dag.py
[2023-03-16T23:44:07.767+0000] {processor.py:743} INFO - Processing file /home/airflow/.local/lib/python3.7/site-packages/airflow/example_dags/example_external_task_marker_dag.py for tasks to queue
[2023-03-16T23:44:07.770+0000] {logging_mixin.py:137} INFO - [2023-03-16T23:44:07.769+0000] {dagbag.py:538} INFO - Filling up the DagBag from /home/airflow/.local/lib/python3.7/site-packages/airflow/example_dags/example_external_task_marker_dag.py
[2023-03-16T23:44:07.796+0000] {processor.py:753} INFO - DAG(s) dict_keys(['example_external_task_marker_child', 'example_external_task_marker_parent']) retrieved from /home/airflow/.local/lib/python3.7/site-packages/airflow/example_dags/example_external_task_marker_dag.py
[2023-03-16T23:44:07.930+0000] {logging_mixin.py:137} INFO - [2023-03-16T23:44:07.929+0000] {dag.py:2690} INFO - Sync 2 DAGs
[2023-03-16T23:44:07.990+0000] {logging_mixin.py:137} INFO - [2023-03-16T23:44:07.986+0000] {dag.py:3441} INFO - Setting next_dagrun for example_external_task_marker_child to None, run_after=None
[2023-03-16T23:44:07.998+0000] {logging_mixin.py:137} INFO - [2023-03-16T23:44:07.998+0000] {dag.py:3441} INFO - Setting next_dagrun for example_external_task_marker_parent to None, run_after=None
[2023-03-16T23:44:08.066+0000] {processor.py:175} INFO - Processing /home/airflow/.local/lib/python3.7/site-packages/airflow/example_dags/example_external_task_marker_dag.py took 0.308 seconds
[2023-03-16T23:44:39.648+0000] {processor.py:153} INFO - Started process (PID=897) to work on /home/airflow/.local/lib/python3.7/site-packages/airflow/example_dags/example_external_task_marker_dag.py
[2023-03-16T23:44:39.650+0000] {processor.py:743} INFO - Processing file /home/airflow/.local/lib/python3.7/site-packages/airflow/example_dags/example_external_task_marker_dag.py for tasks to queue
[2023-03-16T23:44:39.652+0000] {logging_mixin.py:137} INFO - [2023-03-16T23:44:39.652+0000] {dagbag.py:538} INFO - Filling up the DagBag from /home/airflow/.local/lib/python3.7/site-packages/airflow/example_dags/example_external_task_marker_dag.py
[2023-03-16T23:44:39.751+0000] {processor.py:753} INFO - DAG(s) dict_keys(['example_external_task_marker_parent', 'example_external_task_marker_child']) retrieved from /home/airflow/.local/lib/python3.7/site-packages/airflow/example_dags/example_external_task_marker_dag.py
[2023-03-16T23:44:39.978+0000] {logging_mixin.py:137} INFO - [2023-03-16T23:44:39.977+0000] {dag.py:2690} INFO - Sync 2 DAGs
[2023-03-16T23:44:40.147+0000] {logging_mixin.py:137} INFO - [2023-03-16T23:44:40.146+0000] {dag.py:3441} INFO - Setting next_dagrun for example_external_task_marker_child to None, run_after=None
[2023-03-16T23:44:40.167+0000] {logging_mixin.py:137} INFO - [2023-03-16T23:44:40.166+0000] {dag.py:3441} INFO - Setting next_dagrun for example_external_task_marker_parent to None, run_after=None
[2023-03-16T23:44:40.249+0000] {processor.py:175} INFO - Processing /home/airflow/.local/lib/python3.7/site-packages/airflow/example_dags/example_external_task_marker_dag.py took 0.608 seconds
[2023-03-16T23:45:10.842+0000] {processor.py:153} INFO - Started process (PID=964) to work on /home/airflow/.local/lib/python3.7/site-packages/airflow/example_dags/example_external_task_marker_dag.py
[2023-03-16T23:45:10.854+0000] {processor.py:743} INFO - Processing file /home/airflow/.local/lib/python3.7/site-packages/airflow/example_dags/example_external_task_marker_dag.py for tasks to queue
[2023-03-16T23:45:10.856+0000] {logging_mixin.py:137} INFO - [2023-03-16T23:45:10.856+0000] {dagbag.py:538} INFO - Filling up the DagBag from /home/airflow/.local/lib/python3.7/site-packages/airflow/example_dags/example_external_task_marker_dag.py
[2023-03-16T23:45:10.915+0000] {processor.py:753} INFO - DAG(s) dict_keys(['example_external_task_marker_child', 'example_external_task_marker_parent']) retrieved from /home/airflow/.local/lib/python3.7/site-packages/airflow/example_dags/example_external_task_marker_dag.py
[2023-03-16T23:45:11.071+0000] {logging_mixin.py:137} INFO - [2023-03-16T23:45:11.070+0000] {dag.py:2690} INFO - Sync 2 DAGs
[2023-03-16T23:45:11.263+0000] {logging_mixin.py:137} INFO - [2023-03-16T23:45:11.262+0000] {dag.py:3441} INFO - Setting next_dagrun for example_external_task_marker_child to None, run_after=None
[2023-03-16T23:45:11.294+0000] {logging_mixin.py:137} INFO - [2023-03-16T23:45:11.294+0000] {dag.py:3441} INFO - Setting next_dagrun for example_external_task_marker_parent to None, run_after=None
[2023-03-16T23:45:11.391+0000] {processor.py:175} INFO - Processing /home/airflow/.local/lib/python3.7/site-packages/airflow/example_dags/example_external_task_marker_dag.py took 0.555 seconds
[2023-03-16T23:45:42.128+0000] {processor.py:153} INFO - Started process (PID=1028) to work on /home/airflow/.local/lib/python3.7/site-packages/airflow/example_dags/example_external_task_marker_dag.py
[2023-03-16T23:45:42.138+0000] {processor.py:743} INFO - Processing file /home/airflow/.local/lib/python3.7/site-packages/airflow/example_dags/example_external_task_marker_dag.py for tasks to queue
[2023-03-16T23:45:42.142+0000] {logging_mixin.py:137} INFO - [2023-03-16T23:45:42.142+0000] {dagbag.py:538} INFO - Filling up the DagBag from /home/airflow/.local/lib/python3.7/site-packages/airflow/example_dags/example_external_task_marker_dag.py
[2023-03-16T23:45:42.200+0000] {processor.py:753} INFO - DAG(s) dict_keys(['example_external_task_marker_child', 'example_external_task_marker_parent']) retrieved from /home/airflow/.local/lib/python3.7/site-packages/airflow/example_dags/example_external_task_marker_dag.py
[2023-03-16T23:45:42.319+0000] {logging_mixin.py:137} INFO - [2023-03-16T23:45:42.319+0000] {dag.py:2690} INFO - Sync 2 DAGs
[2023-03-16T23:45:42.471+0000] {logging_mixin.py:137} INFO - [2023-03-16T23:45:42.471+0000] {dag.py:3441} INFO - Setting next_dagrun for example_external_task_marker_child to None, run_after=None
[2023-03-16T23:45:42.488+0000] {logging_mixin.py:137} INFO - [2023-03-16T23:45:42.488+0000] {dag.py:3441} INFO - Setting next_dagrun for example_external_task_marker_parent to None, run_after=None
[2023-03-16T23:45:42.555+0000] {processor.py:175} INFO - Processing /home/airflow/.local/lib/python3.7/site-packages/airflow/example_dags/example_external_task_marker_dag.py took 0.434 seconds
[2023-03-16T23:46:13.336+0000] {processor.py:153} INFO - Started process (PID=1101) to work on /home/airflow/.local/lib/python3.7/site-packages/airflow/example_dags/example_external_task_marker_dag.py
[2023-03-16T23:46:13.348+0000] {processor.py:743} INFO - Processing file /home/airflow/.local/lib/python3.7/site-packages/airflow/example_dags/example_external_task_marker_dag.py for tasks to queue
[2023-03-16T23:46:13.360+0000] {logging_mixin.py:137} INFO - [2023-03-16T23:46:13.359+0000] {dagbag.py:538} INFO - Filling up the DagBag from /home/airflow/.local/lib/python3.7/site-packages/airflow/example_dags/example_external_task_marker_dag.py
[2023-03-16T23:46:13.432+0000] {processor.py:753} INFO - DAG(s) dict_keys(['example_external_task_marker_child', 'example_external_task_marker_parent']) retrieved from /home/airflow/.local/lib/python3.7/site-packages/airflow/example_dags/example_external_task_marker_dag.py
[2023-03-16T23:46:13.636+0000] {logging_mixin.py:137} INFO - [2023-03-16T23:46:13.636+0000] {dag.py:2690} INFO - Sync 2 DAGs
[2023-03-16T23:46:13.857+0000] {logging_mixin.py:137} INFO - [2023-03-16T23:46:13.857+0000] {dag.py:3441} INFO - Setting next_dagrun for example_external_task_marker_child to None, run_after=None
[2023-03-16T23:46:13.914+0000] {logging_mixin.py:137} INFO - [2023-03-16T23:46:13.904+0000] {dag.py:3441} INFO - Setting next_dagrun for example_external_task_marker_parent to None, run_after=None
[2023-03-16T23:46:14.028+0000] {processor.py:175} INFO - Processing /home/airflow/.local/lib/python3.7/site-packages/airflow/example_dags/example_external_task_marker_dag.py took 0.700 seconds
[2023-03-16T23:46:44.460+0000] {processor.py:153} INFO - Started process (PID=1164) to work on /home/airflow/.local/lib/python3.7/site-packages/airflow/example_dags/example_external_task_marker_dag.py
[2023-03-16T23:46:44.468+0000] {processor.py:743} INFO - Processing file /home/airflow/.local/lib/python3.7/site-packages/airflow/example_dags/example_external_task_marker_dag.py for tasks to queue
[2023-03-16T23:46:44.472+0000] {logging_mixin.py:137} INFO - [2023-03-16T23:46:44.471+0000] {dagbag.py:538} INFO - Filling up the DagBag from /home/airflow/.local/lib/python3.7/site-packages/airflow/example_dags/example_external_task_marker_dag.py
[2023-03-16T23:46:44.513+0000] {processor.py:753} INFO - DAG(s) dict_keys(['example_external_task_marker_child', 'example_external_task_marker_parent']) retrieved from /home/airflow/.local/lib/python3.7/site-packages/airflow/example_dags/example_external_task_marker_dag.py
[2023-03-16T23:46:44.592+0000] {logging_mixin.py:137} INFO - [2023-03-16T23:46:44.592+0000] {dag.py:2690} INFO - Sync 2 DAGs
[2023-03-16T23:46:44.664+0000] {logging_mixin.py:137} INFO - [2023-03-16T23:46:44.664+0000] {dag.py:3441} INFO - Setting next_dagrun for example_external_task_marker_child to None, run_after=None
[2023-03-16T23:46:44.674+0000] {logging_mixin.py:137} INFO - [2023-03-16T23:46:44.674+0000] {dag.py:3441} INFO - Setting next_dagrun for example_external_task_marker_parent to None, run_after=None
[2023-03-16T23:46:44.733+0000] {processor.py:175} INFO - Processing /home/airflow/.local/lib/python3.7/site-packages/airflow/example_dags/example_external_task_marker_dag.py took 0.282 seconds
[2023-03-16T23:47:14.973+0000] {processor.py:153} INFO - Started process (PID=1239) to work on /home/airflow/.local/lib/python3.7/site-packages/airflow/example_dags/example_external_task_marker_dag.py
[2023-03-16T23:47:14.976+0000] {processor.py:743} INFO - Processing file /home/airflow/.local/lib/python3.7/site-packages/airflow/example_dags/example_external_task_marker_dag.py for tasks to queue
[2023-03-16T23:47:14.978+0000] {logging_mixin.py:137} INFO - [2023-03-16T23:47:14.977+0000] {dagbag.py:538} INFO - Filling up the DagBag from /home/airflow/.local/lib/python3.7/site-packages/airflow/example_dags/example_external_task_marker_dag.py
[2023-03-16T23:47:15.054+0000] {processor.py:753} INFO - DAG(s) dict_keys(['example_external_task_marker_child', 'example_external_task_marker_parent']) retrieved from /home/airflow/.local/lib/python3.7/site-packages/airflow/example_dags/example_external_task_marker_dag.py
[2023-03-16T23:47:15.192+0000] {logging_mixin.py:137} INFO - [2023-03-16T23:47:15.191+0000] {dag.py:2690} INFO - Sync 2 DAGs
[2023-03-16T23:47:15.314+0000] {logging_mixin.py:137} INFO - [2023-03-16T23:47:15.314+0000] {dag.py:3441} INFO - Setting next_dagrun for example_external_task_marker_child to None, run_after=None
[2023-03-16T23:47:15.323+0000] {logging_mixin.py:137} INFO - [2023-03-16T23:47:15.323+0000] {dag.py:3441} INFO - Setting next_dagrun for example_external_task_marker_parent to None, run_after=None
[2023-03-16T23:47:15.411+0000] {processor.py:175} INFO - Processing /home/airflow/.local/lib/python3.7/site-packages/airflow/example_dags/example_external_task_marker_dag.py took 0.455 seconds
[2023-03-16T23:47:45.917+0000] {processor.py:153} INFO - Started process (PID=1310) to work on /home/airflow/.local/lib/python3.7/site-packages/airflow/example_dags/example_external_task_marker_dag.py
[2023-03-16T23:47:45.920+0000] {processor.py:743} INFO - Processing file /home/airflow/.local/lib/python3.7/site-packages/airflow/example_dags/example_external_task_marker_dag.py for tasks to queue
[2023-03-16T23:47:45.925+0000] {logging_mixin.py:137} INFO - [2023-03-16T23:47:45.924+0000] {dagbag.py:538} INFO - Filling up the DagBag from /home/airflow/.local/lib/python3.7/site-packages/airflow/example_dags/example_external_task_marker_dag.py
[2023-03-16T23:47:45.990+0000] {processor.py:753} INFO - DAG(s) dict_keys(['example_external_task_marker_parent', 'example_external_task_marker_child']) retrieved from /home/airflow/.local/lib/python3.7/site-packages/airflow/example_dags/example_external_task_marker_dag.py
[2023-03-16T23:47:46.132+0000] {logging_mixin.py:137} INFO - [2023-03-16T23:47:46.131+0000] {dag.py:2690} INFO - Sync 2 DAGs
[2023-03-16T23:47:46.227+0000] {logging_mixin.py:137} INFO - [2023-03-16T23:47:46.226+0000] {dag.py:3441} INFO - Setting next_dagrun for example_external_task_marker_child to None, run_after=None
[2023-03-16T23:47:46.241+0000] {logging_mixin.py:137} INFO - [2023-03-16T23:47:46.241+0000] {dag.py:3441} INFO - Setting next_dagrun for example_external_task_marker_parent to None, run_after=None
[2023-03-16T23:47:46.365+0000] {processor.py:175} INFO - Processing /home/airflow/.local/lib/python3.7/site-packages/airflow/example_dags/example_external_task_marker_dag.py took 0.466 seconds
[2023-03-16T23:48:17.108+0000] {processor.py:153} INFO - Started process (PID=1376) to work on /home/airflow/.local/lib/python3.7/site-packages/airflow/example_dags/example_external_task_marker_dag.py
[2023-03-16T23:48:17.111+0000] {processor.py:743} INFO - Processing file /home/airflow/.local/lib/python3.7/site-packages/airflow/example_dags/example_external_task_marker_dag.py for tasks to queue
[2023-03-16T23:48:17.112+0000] {logging_mixin.py:137} INFO - [2023-03-16T23:48:17.112+0000] {dagbag.py:538} INFO - Filling up the DagBag from /home/airflow/.local/lib/python3.7/site-packages/airflow/example_dags/example_external_task_marker_dag.py
[2023-03-16T23:48:17.148+0000] {processor.py:753} INFO - DAG(s) dict_keys(['example_external_task_marker_child', 'example_external_task_marker_parent']) retrieved from /home/airflow/.local/lib/python3.7/site-packages/airflow/example_dags/example_external_task_marker_dag.py
[2023-03-16T23:48:17.215+0000] {logging_mixin.py:137} INFO - [2023-03-16T23:48:17.215+0000] {dag.py:2690} INFO - Sync 2 DAGs
[2023-03-16T23:48:17.296+0000] {logging_mixin.py:137} INFO - [2023-03-16T23:48:17.295+0000] {dag.py:3441} INFO - Setting next_dagrun for example_external_task_marker_child to None, run_after=None
[2023-03-16T23:48:17.311+0000] {logging_mixin.py:137} INFO - [2023-03-16T23:48:17.311+0000] {dag.py:3441} INFO - Setting next_dagrun for example_external_task_marker_parent to None, run_after=None
[2023-03-16T23:48:17.366+0000] {processor.py:175} INFO - Processing /home/airflow/.local/lib/python3.7/site-packages/airflow/example_dags/example_external_task_marker_dag.py took 0.264 seconds
[2023-03-16T23:48:47.482+0000] {processor.py:153} INFO - Started process (PID=1448) to work on /home/airflow/.local/lib/python3.7/site-packages/airflow/example_dags/example_external_task_marker_dag.py
[2023-03-16T23:48:47.485+0000] {processor.py:743} INFO - Processing file /home/airflow/.local/lib/python3.7/site-packages/airflow/example_dags/example_external_task_marker_dag.py for tasks to queue
[2023-03-16T23:48:47.490+0000] {logging_mixin.py:137} INFO - [2023-03-16T23:48:47.490+0000] {dagbag.py:538} INFO - Filling up the DagBag from /home/airflow/.local/lib/python3.7/site-packages/airflow/example_dags/example_external_task_marker_dag.py
[2023-03-16T23:48:47.521+0000] {processor.py:753} INFO - DAG(s) dict_keys(['example_external_task_marker_parent', 'example_external_task_marker_child']) retrieved from /home/airflow/.local/lib/python3.7/site-packages/airflow/example_dags/example_external_task_marker_dag.py
[2023-03-16T23:48:47.598+0000] {logging_mixin.py:137} INFO - [2023-03-16T23:48:47.598+0000] {dag.py:2690} INFO - Sync 2 DAGs
[2023-03-16T23:48:47.669+0000] {logging_mixin.py:137} INFO - [2023-03-16T23:48:47.668+0000] {dag.py:3441} INFO - Setting next_dagrun for example_external_task_marker_child to None, run_after=None
[2023-03-16T23:48:47.678+0000] {logging_mixin.py:137} INFO - [2023-03-16T23:48:47.678+0000] {dag.py:3441} INFO - Setting next_dagrun for example_external_task_marker_parent to None, run_after=None
[2023-03-16T23:48:47.727+0000] {processor.py:175} INFO - Processing /home/airflow/.local/lib/python3.7/site-packages/airflow/example_dags/example_external_task_marker_dag.py took 0.251 seconds
[2023-03-16T23:49:18.050+0000] {processor.py:153} INFO - Started process (PID=1522) to work on /home/airflow/.local/lib/python3.7/site-packages/airflow/example_dags/example_external_task_marker_dag.py
[2023-03-16T23:49:18.053+0000] {processor.py:743} INFO - Processing file /home/airflow/.local/lib/python3.7/site-packages/airflow/example_dags/example_external_task_marker_dag.py for tasks to queue
[2023-03-16T23:49:18.055+0000] {logging_mixin.py:137} INFO - [2023-03-16T23:49:18.055+0000] {dagbag.py:538} INFO - Filling up the DagBag from /home/airflow/.local/lib/python3.7/site-packages/airflow/example_dags/example_external_task_marker_dag.py
[2023-03-16T23:49:18.080+0000] {processor.py:753} INFO - DAG(s) dict_keys(['example_external_task_marker_child', 'example_external_task_marker_parent']) retrieved from /home/airflow/.local/lib/python3.7/site-packages/airflow/example_dags/example_external_task_marker_dag.py
[2023-03-16T23:49:18.120+0000] {logging_mixin.py:137} INFO - [2023-03-16T23:49:18.120+0000] {dag.py:2690} INFO - Sync 2 DAGs
[2023-03-16T23:49:18.169+0000] {logging_mixin.py:137} INFO - [2023-03-16T23:49:18.169+0000] {dag.py:3441} INFO - Setting next_dagrun for example_external_task_marker_child to None, run_after=None
[2023-03-16T23:49:18.179+0000] {logging_mixin.py:137} INFO - [2023-03-16T23:49:18.178+0000] {dag.py:3441} INFO - Setting next_dagrun for example_external_task_marker_parent to None, run_after=None
[2023-03-16T23:49:18.210+0000] {processor.py:175} INFO - Processing /home/airflow/.local/lib/python3.7/site-packages/airflow/example_dags/example_external_task_marker_dag.py took 0.166 seconds
[2023-03-16T23:49:48.787+0000] {processor.py:153} INFO - Started process (PID=1595) to work on /home/airflow/.local/lib/python3.7/site-packages/airflow/example_dags/example_external_task_marker_dag.py
[2023-03-16T23:49:48.789+0000] {processor.py:743} INFO - Processing file /home/airflow/.local/lib/python3.7/site-packages/airflow/example_dags/example_external_task_marker_dag.py for tasks to queue
[2023-03-16T23:49:48.790+0000] {logging_mixin.py:137} INFO - [2023-03-16T23:49:48.790+0000] {dagbag.py:538} INFO - Filling up the DagBag from /home/airflow/.local/lib/python3.7/site-packages/airflow/example_dags/example_external_task_marker_dag.py
[2023-03-16T23:49:48.814+0000] {processor.py:753} INFO - DAG(s) dict_keys(['example_external_task_marker_parent', 'example_external_task_marker_child']) retrieved from /home/airflow/.local/lib/python3.7/site-packages/airflow/example_dags/example_external_task_marker_dag.py
[2023-03-16T23:49:48.867+0000] {logging_mixin.py:137} INFO - [2023-03-16T23:49:48.866+0000] {dag.py:2690} INFO - Sync 2 DAGs
[2023-03-16T23:49:48.929+0000] {logging_mixin.py:137} INFO - [2023-03-16T23:49:48.928+0000] {dag.py:3441} INFO - Setting next_dagrun for example_external_task_marker_child to None, run_after=None
[2023-03-16T23:49:48.935+0000] {logging_mixin.py:137} INFO - [2023-03-16T23:49:48.935+0000] {dag.py:3441} INFO - Setting next_dagrun for example_external_task_marker_parent to None, run_after=None
[2023-03-16T23:49:48.972+0000] {processor.py:175} INFO - Processing /home/airflow/.local/lib/python3.7/site-packages/airflow/example_dags/example_external_task_marker_dag.py took 0.192 seconds
[2023-03-16T23:50:19.329+0000] {processor.py:153} INFO - Started process (PID=1668) to work on /home/airflow/.local/lib/python3.7/site-packages/airflow/example_dags/example_external_task_marker_dag.py
[2023-03-16T23:50:19.334+0000] {processor.py:743} INFO - Processing file /home/airflow/.local/lib/python3.7/site-packages/airflow/example_dags/example_external_task_marker_dag.py for tasks to queue
[2023-03-16T23:50:19.344+0000] {logging_mixin.py:137} INFO - [2023-03-16T23:50:19.344+0000] {dagbag.py:538} INFO - Filling up the DagBag from /home/airflow/.local/lib/python3.7/site-packages/airflow/example_dags/example_external_task_marker_dag.py
[2023-03-16T23:50:19.456+0000] {processor.py:753} INFO - DAG(s) dict_keys(['example_external_task_marker_child', 'example_external_task_marker_parent']) retrieved from /home/airflow/.local/lib/python3.7/site-packages/airflow/example_dags/example_external_task_marker_dag.py
[2023-03-16T23:50:19.591+0000] {logging_mixin.py:137} INFO - [2023-03-16T23:50:19.590+0000] {dag.py:2690} INFO - Sync 2 DAGs
[2023-03-16T23:50:19.717+0000] {logging_mixin.py:137} INFO - [2023-03-16T23:50:19.716+0000] {dag.py:3441} INFO - Setting next_dagrun for example_external_task_marker_child to None, run_after=None
[2023-03-16T23:50:19.733+0000] {logging_mixin.py:137} INFO - [2023-03-16T23:50:19.732+0000] {dag.py:3441} INFO - Setting next_dagrun for example_external_task_marker_parent to None, run_after=None
[2023-03-16T23:50:19.830+0000] {processor.py:175} INFO - Processing /home/airflow/.local/lib/python3.7/site-packages/airflow/example_dags/example_external_task_marker_dag.py took 0.520 seconds
[2023-03-16T23:50:50.581+0000] {processor.py:153} INFO - Started process (PID=1741) to work on /home/airflow/.local/lib/python3.7/site-packages/airflow/example_dags/example_external_task_marker_dag.py
[2023-03-16T23:50:50.583+0000] {processor.py:743} INFO - Processing file /home/airflow/.local/lib/python3.7/site-packages/airflow/example_dags/example_external_task_marker_dag.py for tasks to queue
[2023-03-16T23:50:50.585+0000] {logging_mixin.py:137} INFO - [2023-03-16T23:50:50.585+0000] {dagbag.py:538} INFO - Filling up the DagBag from /home/airflow/.local/lib/python3.7/site-packages/airflow/example_dags/example_external_task_marker_dag.py
[2023-03-16T23:50:50.619+0000] {processor.py:753} INFO - DAG(s) dict_keys(['example_external_task_marker_child', 'example_external_task_marker_parent']) retrieved from /home/airflow/.local/lib/python3.7/site-packages/airflow/example_dags/example_external_task_marker_dag.py
[2023-03-16T23:50:50.703+0000] {logging_mixin.py:137} INFO - [2023-03-16T23:50:50.703+0000] {dag.py:2690} INFO - Sync 2 DAGs
[2023-03-16T23:50:50.766+0000] {logging_mixin.py:137} INFO - [2023-03-16T23:50:50.766+0000] {dag.py:3441} INFO - Setting next_dagrun for example_external_task_marker_child to None, run_after=None
[2023-03-16T23:50:50.775+0000] {logging_mixin.py:137} INFO - [2023-03-16T23:50:50.775+0000] {dag.py:3441} INFO - Setting next_dagrun for example_external_task_marker_parent to None, run_after=None
[2023-03-16T23:50:50.848+0000] {processor.py:175} INFO - Processing /home/airflow/.local/lib/python3.7/site-packages/airflow/example_dags/example_external_task_marker_dag.py took 0.279 seconds
[2023-03-16T23:51:21.289+0000] {processor.py:153} INFO - Started process (PID=1814) to work on /home/airflow/.local/lib/python3.7/site-packages/airflow/example_dags/example_external_task_marker_dag.py
[2023-03-16T23:51:21.291+0000] {processor.py:743} INFO - Processing file /home/airflow/.local/lib/python3.7/site-packages/airflow/example_dags/example_external_task_marker_dag.py for tasks to queue
[2023-03-16T23:51:21.292+0000] {logging_mixin.py:137} INFO - [2023-03-16T23:51:21.292+0000] {dagbag.py:538} INFO - Filling up the DagBag from /home/airflow/.local/lib/python3.7/site-packages/airflow/example_dags/example_external_task_marker_dag.py
[2023-03-16T23:51:21.327+0000] {processor.py:753} INFO - DAG(s) dict_keys(['example_external_task_marker_parent', 'example_external_task_marker_child']) retrieved from /home/airflow/.local/lib/python3.7/site-packages/airflow/example_dags/example_external_task_marker_dag.py
[2023-03-16T23:51:21.381+0000] {logging_mixin.py:137} INFO - [2023-03-16T23:51:21.381+0000] {dag.py:2690} INFO - Sync 2 DAGs
[2023-03-16T23:51:21.442+0000] {logging_mixin.py:137} INFO - [2023-03-16T23:51:21.442+0000] {dag.py:3441} INFO - Setting next_dagrun for example_external_task_marker_child to None, run_after=None
[2023-03-16T23:51:21.448+0000] {logging_mixin.py:137} INFO - [2023-03-16T23:51:21.448+0000] {dag.py:3441} INFO - Setting next_dagrun for example_external_task_marker_parent to None, run_after=None
[2023-03-16T23:51:21.493+0000] {processor.py:175} INFO - Processing /home/airflow/.local/lib/python3.7/site-packages/airflow/example_dags/example_external_task_marker_dag.py took 0.215 seconds
[2023-03-16T23:51:52.246+0000] {processor.py:153} INFO - Started process (PID=1888) to work on /home/airflow/.local/lib/python3.7/site-packages/airflow/example_dags/example_external_task_marker_dag.py
[2023-03-16T23:51:52.249+0000] {processor.py:743} INFO - Processing file /home/airflow/.local/lib/python3.7/site-packages/airflow/example_dags/example_external_task_marker_dag.py for tasks to queue
[2023-03-16T23:51:52.251+0000] {logging_mixin.py:137} INFO - [2023-03-16T23:51:52.251+0000] {dagbag.py:538} INFO - Filling up the DagBag from /home/airflow/.local/lib/python3.7/site-packages/airflow/example_dags/example_external_task_marker_dag.py
[2023-03-16T23:51:52.285+0000] {processor.py:753} INFO - DAG(s) dict_keys(['example_external_task_marker_parent', 'example_external_task_marker_child']) retrieved from /home/airflow/.local/lib/python3.7/site-packages/airflow/example_dags/example_external_task_marker_dag.py
[2023-03-16T23:51:52.335+0000] {logging_mixin.py:137} INFO - [2023-03-16T23:51:52.335+0000] {dag.py:2690} INFO - Sync 2 DAGs
[2023-03-16T23:51:52.383+0000] {logging_mixin.py:137} INFO - [2023-03-16T23:51:52.382+0000] {dag.py:3441} INFO - Setting next_dagrun for example_external_task_marker_child to None, run_after=None
[2023-03-16T23:51:52.389+0000] {logging_mixin.py:137} INFO - [2023-03-16T23:51:52.388+0000] {dag.py:3441} INFO - Setting next_dagrun for example_external_task_marker_parent to None, run_after=None
[2023-03-16T23:51:52.424+0000] {processor.py:175} INFO - Processing /home/airflow/.local/lib/python3.7/site-packages/airflow/example_dags/example_external_task_marker_dag.py took 0.184 seconds
[2023-03-16T23:52:22.579+0000] {processor.py:153} INFO - Started process (PID=1960) to work on /home/airflow/.local/lib/python3.7/site-packages/airflow/example_dags/example_external_task_marker_dag.py
[2023-03-16T23:52:22.581+0000] {processor.py:743} INFO - Processing file /home/airflow/.local/lib/python3.7/site-packages/airflow/example_dags/example_external_task_marker_dag.py for tasks to queue
[2023-03-16T23:52:22.583+0000] {logging_mixin.py:137} INFO - [2023-03-16T23:52:22.583+0000] {dagbag.py:538} INFO - Filling up the DagBag from /home/airflow/.local/lib/python3.7/site-packages/airflow/example_dags/example_external_task_marker_dag.py
[2023-03-16T23:52:22.629+0000] {processor.py:753} INFO - DAG(s) dict_keys(['example_external_task_marker_parent', 'example_external_task_marker_child']) retrieved from /home/airflow/.local/lib/python3.7/site-packages/airflow/example_dags/example_external_task_marker_dag.py
[2023-03-16T23:52:22.762+0000] {logging_mixin.py:137} INFO - [2023-03-16T23:52:22.751+0000] {dag.py:2690} INFO - Sync 2 DAGs
[2023-03-16T23:52:22.928+0000] {logging_mixin.py:137} INFO - [2023-03-16T23:52:22.927+0000] {dag.py:3441} INFO - Setting next_dagrun for example_external_task_marker_child to None, run_after=None
[2023-03-16T23:52:22.939+0000] {logging_mixin.py:137} INFO - [2023-03-16T23:52:22.939+0000] {dag.py:3441} INFO - Setting next_dagrun for example_external_task_marker_parent to None, run_after=None
[2023-03-16T23:52:23.048+0000] {processor.py:175} INFO - Processing /home/airflow/.local/lib/python3.7/site-packages/airflow/example_dags/example_external_task_marker_dag.py took 0.484 seconds
[2023-03-16T23:52:53.802+0000] {processor.py:153} INFO - Started process (PID=2034) to work on /home/airflow/.local/lib/python3.7/site-packages/airflow/example_dags/example_external_task_marker_dag.py
[2023-03-16T23:52:53.805+0000] {processor.py:743} INFO - Processing file /home/airflow/.local/lib/python3.7/site-packages/airflow/example_dags/example_external_task_marker_dag.py for tasks to queue
[2023-03-16T23:52:53.807+0000] {logging_mixin.py:137} INFO - [2023-03-16T23:52:53.807+0000] {dagbag.py:538} INFO - Filling up the DagBag from /home/airflow/.local/lib/python3.7/site-packages/airflow/example_dags/example_external_task_marker_dag.py
[2023-03-16T23:52:53.843+0000] {processor.py:753} INFO - DAG(s) dict_keys(['example_external_task_marker_child', 'example_external_task_marker_parent']) retrieved from /home/airflow/.local/lib/python3.7/site-packages/airflow/example_dags/example_external_task_marker_dag.py
[2023-03-16T23:52:53.916+0000] {logging_mixin.py:137} INFO - [2023-03-16T23:52:53.915+0000] {dag.py:2690} INFO - Sync 2 DAGs
[2023-03-16T23:52:53.982+0000] {logging_mixin.py:137} INFO - [2023-03-16T23:52:53.981+0000] {dag.py:3441} INFO - Setting next_dagrun for example_external_task_marker_child to None, run_after=None
[2023-03-16T23:52:53.991+0000] {logging_mixin.py:137} INFO - [2023-03-16T23:52:53.991+0000] {dag.py:3441} INFO - Setting next_dagrun for example_external_task_marker_parent to None, run_after=None
[2023-03-16T23:52:54.112+0000] {processor.py:175} INFO - Processing /home/airflow/.local/lib/python3.7/site-packages/airflow/example_dags/example_external_task_marker_dag.py took 0.317 seconds
[2023-03-16T23:53:24.714+0000] {processor.py:153} INFO - Started process (PID=2107) to work on /home/airflow/.local/lib/python3.7/site-packages/airflow/example_dags/example_external_task_marker_dag.py
[2023-03-16T23:53:24.726+0000] {processor.py:743} INFO - Processing file /home/airflow/.local/lib/python3.7/site-packages/airflow/example_dags/example_external_task_marker_dag.py for tasks to queue
[2023-03-16T23:53:24.731+0000] {logging_mixin.py:137} INFO - [2023-03-16T23:53:24.731+0000] {dagbag.py:538} INFO - Filling up the DagBag from /home/airflow/.local/lib/python3.7/site-packages/airflow/example_dags/example_external_task_marker_dag.py
[2023-03-16T23:53:24.795+0000] {processor.py:753} INFO - DAG(s) dict_keys(['example_external_task_marker_child', 'example_external_task_marker_parent']) retrieved from /home/airflow/.local/lib/python3.7/site-packages/airflow/example_dags/example_external_task_marker_dag.py
[2023-03-16T23:53:24.888+0000] {logging_mixin.py:137} INFO - [2023-03-16T23:53:24.888+0000] {dag.py:2690} INFO - Sync 2 DAGs
[2023-03-16T23:53:24.962+0000] {logging_mixin.py:137} INFO - [2023-03-16T23:53:24.962+0000] {dag.py:3441} INFO - Setting next_dagrun for example_external_task_marker_child to None, run_after=None
[2023-03-16T23:53:24.982+0000] {logging_mixin.py:137} INFO - [2023-03-16T23:53:24.982+0000] {dag.py:3441} INFO - Setting next_dagrun for example_external_task_marker_parent to None, run_after=None
[2023-03-16T23:53:25.073+0000] {processor.py:175} INFO - Processing /home/airflow/.local/lib/python3.7/site-packages/airflow/example_dags/example_external_task_marker_dag.py took 0.366 seconds
[2023-03-16T23:53:55.743+0000] {processor.py:153} INFO - Started process (PID=2180) to work on /home/airflow/.local/lib/python3.7/site-packages/airflow/example_dags/example_external_task_marker_dag.py
[2023-03-16T23:53:55.745+0000] {processor.py:743} INFO - Processing file /home/airflow/.local/lib/python3.7/site-packages/airflow/example_dags/example_external_task_marker_dag.py for tasks to queue
[2023-03-16T23:53:55.748+0000] {logging_mixin.py:137} INFO - [2023-03-16T23:53:55.747+0000] {dagbag.py:538} INFO - Filling up the DagBag from /home/airflow/.local/lib/python3.7/site-packages/airflow/example_dags/example_external_task_marker_dag.py
[2023-03-16T23:53:55.780+0000] {processor.py:753} INFO - DAG(s) dict_keys(['example_external_task_marker_child', 'example_external_task_marker_parent']) retrieved from /home/airflow/.local/lib/python3.7/site-packages/airflow/example_dags/example_external_task_marker_dag.py
[2023-03-16T23:53:55.830+0000] {logging_mixin.py:137} INFO - [2023-03-16T23:53:55.829+0000] {dag.py:2690} INFO - Sync 2 DAGs
[2023-03-16T23:53:55.874+0000] {logging_mixin.py:137} INFO - [2023-03-16T23:53:55.873+0000] {dag.py:3441} INFO - Setting next_dagrun for example_external_task_marker_child to None, run_after=None
[2023-03-16T23:53:55.879+0000] {logging_mixin.py:137} INFO - [2023-03-16T23:53:55.879+0000] {dag.py:3441} INFO - Setting next_dagrun for example_external_task_marker_parent to None, run_after=None
[2023-03-16T23:53:55.906+0000] {processor.py:175} INFO - Processing /home/airflow/.local/lib/python3.7/site-packages/airflow/example_dags/example_external_task_marker_dag.py took 0.169 seconds
[2023-03-16T23:54:26.283+0000] {processor.py:153} INFO - Started process (PID=2253) to work on /home/airflow/.local/lib/python3.7/site-packages/airflow/example_dags/example_external_task_marker_dag.py
[2023-03-16T23:54:26.284+0000] {processor.py:743} INFO - Processing file /home/airflow/.local/lib/python3.7/site-packages/airflow/example_dags/example_external_task_marker_dag.py for tasks to queue
[2023-03-16T23:54:26.286+0000] {logging_mixin.py:137} INFO - [2023-03-16T23:54:26.285+0000] {dagbag.py:538} INFO - Filling up the DagBag from /home/airflow/.local/lib/python3.7/site-packages/airflow/example_dags/example_external_task_marker_dag.py
[2023-03-16T23:54:26.311+0000] {processor.py:753} INFO - DAG(s) dict_keys(['example_external_task_marker_child', 'example_external_task_marker_parent']) retrieved from /home/airflow/.local/lib/python3.7/site-packages/airflow/example_dags/example_external_task_marker_dag.py
[2023-03-16T23:54:26.359+0000] {logging_mixin.py:137} INFO - [2023-03-16T23:54:26.359+0000] {dag.py:2690} INFO - Sync 2 DAGs
[2023-03-16T23:54:26.401+0000] {logging_mixin.py:137} INFO - [2023-03-16T23:54:26.400+0000] {dag.py:3441} INFO - Setting next_dagrun for example_external_task_marker_child to None, run_after=None
[2023-03-16T23:54:26.406+0000] {logging_mixin.py:137} INFO - [2023-03-16T23:54:26.406+0000] {dag.py:3441} INFO - Setting next_dagrun for example_external_task_marker_parent to None, run_after=None
[2023-03-16T23:54:26.434+0000] {processor.py:175} INFO - Processing /home/airflow/.local/lib/python3.7/site-packages/airflow/example_dags/example_external_task_marker_dag.py took 0.156 seconds
[2023-03-16T23:54:56.908+0000] {processor.py:153} INFO - Started process (PID=2326) to work on /home/airflow/.local/lib/python3.7/site-packages/airflow/example_dags/example_external_task_marker_dag.py
[2023-03-16T23:54:56.910+0000] {processor.py:743} INFO - Processing file /home/airflow/.local/lib/python3.7/site-packages/airflow/example_dags/example_external_task_marker_dag.py for tasks to queue
[2023-03-16T23:54:56.913+0000] {logging_mixin.py:137} INFO - [2023-03-16T23:54:56.912+0000] {dagbag.py:538} INFO - Filling up the DagBag from /home/airflow/.local/lib/python3.7/site-packages/airflow/example_dags/example_external_task_marker_dag.py
[2023-03-16T23:54:56.945+0000] {processor.py:753} INFO - DAG(s) dict_keys(['example_external_task_marker_parent', 'example_external_task_marker_child']) retrieved from /home/airflow/.local/lib/python3.7/site-packages/airflow/example_dags/example_external_task_marker_dag.py
[2023-03-16T23:54:57.038+0000] {logging_mixin.py:137} INFO - [2023-03-16T23:54:57.037+0000] {dag.py:2690} INFO - Sync 2 DAGs
[2023-03-16T23:54:57.099+0000] {logging_mixin.py:137} INFO - [2023-03-16T23:54:57.099+0000] {dag.py:3441} INFO - Setting next_dagrun for example_external_task_marker_child to None, run_after=None
[2023-03-16T23:54:57.106+0000] {logging_mixin.py:137} INFO - [2023-03-16T23:54:57.106+0000] {dag.py:3441} INFO - Setting next_dagrun for example_external_task_marker_parent to None, run_after=None
[2023-03-16T23:54:57.139+0000] {processor.py:175} INFO - Processing /home/airflow/.local/lib/python3.7/site-packages/airflow/example_dags/example_external_task_marker_dag.py took 0.237 seconds
[2023-03-16T23:55:27.204+0000] {processor.py:153} INFO - Started process (PID=2399) to work on /home/airflow/.local/lib/python3.7/site-packages/airflow/example_dags/example_external_task_marker_dag.py
[2023-03-16T23:55:27.206+0000] {processor.py:743} INFO - Processing file /home/airflow/.local/lib/python3.7/site-packages/airflow/example_dags/example_external_task_marker_dag.py for tasks to queue
[2023-03-16T23:55:27.207+0000] {logging_mixin.py:137} INFO - [2023-03-16T23:55:27.207+0000] {dagbag.py:538} INFO - Filling up the DagBag from /home/airflow/.local/lib/python3.7/site-packages/airflow/example_dags/example_external_task_marker_dag.py
[2023-03-16T23:55:27.231+0000] {processor.py:753} INFO - DAG(s) dict_keys(['example_external_task_marker_child', 'example_external_task_marker_parent']) retrieved from /home/airflow/.local/lib/python3.7/site-packages/airflow/example_dags/example_external_task_marker_dag.py
[2023-03-16T23:55:27.280+0000] {logging_mixin.py:137} INFO - [2023-03-16T23:55:27.280+0000] {dag.py:2690} INFO - Sync 2 DAGs
[2023-03-16T23:55:27.317+0000] {logging_mixin.py:137} INFO - [2023-03-16T23:55:27.317+0000] {dag.py:3441} INFO - Setting next_dagrun for example_external_task_marker_child to None, run_after=None
[2023-03-16T23:55:27.323+0000] {logging_mixin.py:137} INFO - [2023-03-16T23:55:27.323+0000] {dag.py:3441} INFO - Setting next_dagrun for example_external_task_marker_parent to None, run_after=None
[2023-03-16T23:55:27.356+0000] {processor.py:175} INFO - Processing /home/airflow/.local/lib/python3.7/site-packages/airflow/example_dags/example_external_task_marker_dag.py took 0.157 seconds
[2023-03-16T23:55:58.096+0000] {processor.py:153} INFO - Started process (PID=2472) to work on /home/airflow/.local/lib/python3.7/site-packages/airflow/example_dags/example_external_task_marker_dag.py
[2023-03-16T23:55:58.098+0000] {processor.py:743} INFO - Processing file /home/airflow/.local/lib/python3.7/site-packages/airflow/example_dags/example_external_task_marker_dag.py for tasks to queue
[2023-03-16T23:55:58.100+0000] {logging_mixin.py:137} INFO - [2023-03-16T23:55:58.100+0000] {dagbag.py:538} INFO - Filling up the DagBag from /home/airflow/.local/lib/python3.7/site-packages/airflow/example_dags/example_external_task_marker_dag.py
[2023-03-16T23:55:58.133+0000] {processor.py:753} INFO - DAG(s) dict_keys(['example_external_task_marker_child', 'example_external_task_marker_parent']) retrieved from /home/airflow/.local/lib/python3.7/site-packages/airflow/example_dags/example_external_task_marker_dag.py
[2023-03-16T23:55:58.194+0000] {logging_mixin.py:137} INFO - [2023-03-16T23:55:58.193+0000] {dag.py:2690} INFO - Sync 2 DAGs
[2023-03-16T23:55:58.235+0000] {logging_mixin.py:137} INFO - [2023-03-16T23:55:58.234+0000] {dag.py:3441} INFO - Setting next_dagrun for example_external_task_marker_child to None, run_after=None
[2023-03-16T23:55:58.240+0000] {logging_mixin.py:137} INFO - [2023-03-16T23:55:58.240+0000] {dag.py:3441} INFO - Setting next_dagrun for example_external_task_marker_parent to None, run_after=None
[2023-03-16T23:55:58.278+0000] {processor.py:175} INFO - Processing /home/airflow/.local/lib/python3.7/site-packages/airflow/example_dags/example_external_task_marker_dag.py took 0.190 seconds
[2023-03-16T23:56:28.426+0000] {processor.py:153} INFO - Started process (PID=2545) to work on /home/airflow/.local/lib/python3.7/site-packages/airflow/example_dags/example_external_task_marker_dag.py
[2023-03-16T23:56:28.428+0000] {processor.py:743} INFO - Processing file /home/airflow/.local/lib/python3.7/site-packages/airflow/example_dags/example_external_task_marker_dag.py for tasks to queue
[2023-03-16T23:56:28.429+0000] {logging_mixin.py:137} INFO - [2023-03-16T23:56:28.429+0000] {dagbag.py:538} INFO - Filling up the DagBag from /home/airflow/.local/lib/python3.7/site-packages/airflow/example_dags/example_external_task_marker_dag.py
[2023-03-16T23:56:28.445+0000] {processor.py:753} INFO - DAG(s) dict_keys(['example_external_task_marker_child', 'example_external_task_marker_parent']) retrieved from /home/airflow/.local/lib/python3.7/site-packages/airflow/example_dags/example_external_task_marker_dag.py
[2023-03-16T23:56:28.484+0000] {logging_mixin.py:137} INFO - [2023-03-16T23:56:28.484+0000] {dag.py:2690} INFO - Sync 2 DAGs
[2023-03-16T23:56:28.529+0000] {logging_mixin.py:137} INFO - [2023-03-16T23:56:28.528+0000] {dag.py:3441} INFO - Setting next_dagrun for example_external_task_marker_child to None, run_after=None
[2023-03-16T23:56:28.534+0000] {logging_mixin.py:137} INFO - [2023-03-16T23:56:28.534+0000] {dag.py:3441} INFO - Setting next_dagrun for example_external_task_marker_parent to None, run_after=None
[2023-03-16T23:56:28.564+0000] {processor.py:175} INFO - Processing /home/airflow/.local/lib/python3.7/site-packages/airflow/example_dags/example_external_task_marker_dag.py took 0.143 seconds
[2023-03-16T23:56:58.772+0000] {processor.py:153} INFO - Started process (PID=2620) to work on /home/airflow/.local/lib/python3.7/site-packages/airflow/example_dags/example_external_task_marker_dag.py
[2023-03-16T23:56:58.774+0000] {processor.py:743} INFO - Processing file /home/airflow/.local/lib/python3.7/site-packages/airflow/example_dags/example_external_task_marker_dag.py for tasks to queue
[2023-03-16T23:56:58.776+0000] {logging_mixin.py:137} INFO - [2023-03-16T23:56:58.775+0000] {dagbag.py:538} INFO - Filling up the DagBag from /home/airflow/.local/lib/python3.7/site-packages/airflow/example_dags/example_external_task_marker_dag.py
[2023-03-16T23:56:58.799+0000] {processor.py:753} INFO - DAG(s) dict_keys(['example_external_task_marker_child', 'example_external_task_marker_parent']) retrieved from /home/airflow/.local/lib/python3.7/site-packages/airflow/example_dags/example_external_task_marker_dag.py
[2023-03-16T23:56:58.859+0000] {logging_mixin.py:137} INFO - [2023-03-16T23:56:58.859+0000] {dag.py:2690} INFO - Sync 2 DAGs
[2023-03-16T23:56:58.904+0000] {logging_mixin.py:137} INFO - [2023-03-16T23:56:58.903+0000] {dag.py:3441} INFO - Setting next_dagrun for example_external_task_marker_child to None, run_after=None
[2023-03-16T23:56:58.912+0000] {logging_mixin.py:137} INFO - [2023-03-16T23:56:58.911+0000] {dag.py:3441} INFO - Setting next_dagrun for example_external_task_marker_parent to None, run_after=None
[2023-03-16T23:56:58.951+0000] {processor.py:175} INFO - Processing /home/airflow/.local/lib/python3.7/site-packages/airflow/example_dags/example_external_task_marker_dag.py took 0.187 seconds
[2023-03-16T23:57:29.622+0000] {processor.py:153} INFO - Started process (PID=2704) to work on /home/airflow/.local/lib/python3.7/site-packages/airflow/example_dags/example_external_task_marker_dag.py
[2023-03-16T23:57:29.625+0000] {processor.py:743} INFO - Processing file /home/airflow/.local/lib/python3.7/site-packages/airflow/example_dags/example_external_task_marker_dag.py for tasks to queue
[2023-03-16T23:57:29.626+0000] {logging_mixin.py:137} INFO - [2023-03-16T23:57:29.626+0000] {dagbag.py:538} INFO - Filling up the DagBag from /home/airflow/.local/lib/python3.7/site-packages/airflow/example_dags/example_external_task_marker_dag.py
[2023-03-16T23:57:29.651+0000] {processor.py:753} INFO - DAG(s) dict_keys(['example_external_task_marker_child', 'example_external_task_marker_parent']) retrieved from /home/airflow/.local/lib/python3.7/site-packages/airflow/example_dags/example_external_task_marker_dag.py
[2023-03-16T23:57:29.703+0000] {logging_mixin.py:137} INFO - [2023-03-16T23:57:29.702+0000] {dag.py:2690} INFO - Sync 2 DAGs
[2023-03-16T23:57:29.776+0000] {logging_mixin.py:137} INFO - [2023-03-16T23:57:29.776+0000] {dag.py:3441} INFO - Setting next_dagrun for example_external_task_marker_child to None, run_after=None
[2023-03-16T23:57:29.783+0000] {logging_mixin.py:137} INFO - [2023-03-16T23:57:29.783+0000] {dag.py:3441} INFO - Setting next_dagrun for example_external_task_marker_parent to None, run_after=None
[2023-03-16T23:57:29.826+0000] {processor.py:175} INFO - Processing /home/airflow/.local/lib/python3.7/site-packages/airflow/example_dags/example_external_task_marker_dag.py took 0.211 seconds
[2023-03-16T23:58:00.258+0000] {processor.py:153} INFO - Started process (PID=2785) to work on /home/airflow/.local/lib/python3.7/site-packages/airflow/example_dags/example_external_task_marker_dag.py
[2023-03-16T23:58:00.260+0000] {processor.py:743} INFO - Processing file /home/airflow/.local/lib/python3.7/site-packages/airflow/example_dags/example_external_task_marker_dag.py for tasks to queue
[2023-03-16T23:58:00.271+0000] {logging_mixin.py:137} INFO - [2023-03-16T23:58:00.270+0000] {dagbag.py:538} INFO - Filling up the DagBag from /home/airflow/.local/lib/python3.7/site-packages/airflow/example_dags/example_external_task_marker_dag.py
[2023-03-16T23:58:00.310+0000] {processor.py:753} INFO - DAG(s) dict_keys(['example_external_task_marker_child', 'example_external_task_marker_parent']) retrieved from /home/airflow/.local/lib/python3.7/site-packages/airflow/example_dags/example_external_task_marker_dag.py
[2023-03-16T23:58:00.412+0000] {logging_mixin.py:137} INFO - [2023-03-16T23:58:00.412+0000] {dag.py:2690} INFO - Sync 2 DAGs
[2023-03-16T23:58:00.477+0000] {logging_mixin.py:137} INFO - [2023-03-16T23:58:00.477+0000] {dag.py:3441} INFO - Setting next_dagrun for example_external_task_marker_child to None, run_after=None
[2023-03-16T23:58:00.489+0000] {logging_mixin.py:137} INFO - [2023-03-16T23:58:00.489+0000] {dag.py:3441} INFO - Setting next_dagrun for example_external_task_marker_parent to None, run_after=None
[2023-03-16T23:58:00.538+0000] {processor.py:175} INFO - Processing /home/airflow/.local/lib/python3.7/site-packages/airflow/example_dags/example_external_task_marker_dag.py took 0.292 seconds
[2023-03-16T23:58:30.697+0000] {processor.py:153} INFO - Started process (PID=2858) to work on /home/airflow/.local/lib/python3.7/site-packages/airflow/example_dags/example_external_task_marker_dag.py
[2023-03-16T23:58:30.699+0000] {processor.py:743} INFO - Processing file /home/airflow/.local/lib/python3.7/site-packages/airflow/example_dags/example_external_task_marker_dag.py for tasks to queue
[2023-03-16T23:58:30.701+0000] {logging_mixin.py:137} INFO - [2023-03-16T23:58:30.701+0000] {dagbag.py:538} INFO - Filling up the DagBag from /home/airflow/.local/lib/python3.7/site-packages/airflow/example_dags/example_external_task_marker_dag.py
[2023-03-16T23:58:30.746+0000] {processor.py:753} INFO - DAG(s) dict_keys(['example_external_task_marker_parent', 'example_external_task_marker_child']) retrieved from /home/airflow/.local/lib/python3.7/site-packages/airflow/example_dags/example_external_task_marker_dag.py
[2023-03-16T23:58:30.826+0000] {logging_mixin.py:137} INFO - [2023-03-16T23:58:30.826+0000] {dag.py:2690} INFO - Sync 2 DAGs
[2023-03-16T23:58:30.912+0000] {logging_mixin.py:137} INFO - [2023-03-16T23:58:30.912+0000] {dag.py:3441} INFO - Setting next_dagrun for example_external_task_marker_child to None, run_after=None
[2023-03-16T23:58:30.921+0000] {logging_mixin.py:137} INFO - [2023-03-16T23:58:30.921+0000] {dag.py:3441} INFO - Setting next_dagrun for example_external_task_marker_parent to None, run_after=None
[2023-03-16T23:58:31.020+0000] {processor.py:175} INFO - Processing /home/airflow/.local/lib/python3.7/site-packages/airflow/example_dags/example_external_task_marker_dag.py took 0.341 seconds
[2023-03-16T23:59:01.143+0000] {processor.py:153} INFO - Started process (PID=2930) to work on /home/airflow/.local/lib/python3.7/site-packages/airflow/example_dags/example_external_task_marker_dag.py
[2023-03-16T23:59:01.148+0000] {processor.py:743} INFO - Processing file /home/airflow/.local/lib/python3.7/site-packages/airflow/example_dags/example_external_task_marker_dag.py for tasks to queue
[2023-03-16T23:59:01.150+0000] {logging_mixin.py:137} INFO - [2023-03-16T23:59:01.150+0000] {dagbag.py:538} INFO - Filling up the DagBag from /home/airflow/.local/lib/python3.7/site-packages/airflow/example_dags/example_external_task_marker_dag.py
[2023-03-16T23:59:01.189+0000] {processor.py:753} INFO - DAG(s) dict_keys(['example_external_task_marker_child', 'example_external_task_marker_parent']) retrieved from /home/airflow/.local/lib/python3.7/site-packages/airflow/example_dags/example_external_task_marker_dag.py
[2023-03-16T23:59:01.240+0000] {logging_mixin.py:137} INFO - [2023-03-16T23:59:01.240+0000] {dag.py:2690} INFO - Sync 2 DAGs
[2023-03-16T23:59:01.297+0000] {logging_mixin.py:137} INFO - [2023-03-16T23:59:01.297+0000] {dag.py:3441} INFO - Setting next_dagrun for example_external_task_marker_child to None, run_after=None
[2023-03-16T23:59:01.304+0000] {logging_mixin.py:137} INFO - [2023-03-16T23:59:01.304+0000] {dag.py:3441} INFO - Setting next_dagrun for example_external_task_marker_parent to None, run_after=None
[2023-03-16T23:59:01.355+0000] {processor.py:175} INFO - Processing /home/airflow/.local/lib/python3.7/site-packages/airflow/example_dags/example_external_task_marker_dag.py took 0.219 seconds
[2023-03-16T23:59:31.684+0000] {processor.py:153} INFO - Started process (PID=3002) to work on /home/airflow/.local/lib/python3.7/site-packages/airflow/example_dags/example_external_task_marker_dag.py
[2023-03-16T23:59:31.686+0000] {processor.py:743} INFO - Processing file /home/airflow/.local/lib/python3.7/site-packages/airflow/example_dags/example_external_task_marker_dag.py for tasks to queue
[2023-03-16T23:59:31.688+0000] {logging_mixin.py:137} INFO - [2023-03-16T23:59:31.688+0000] {dagbag.py:538} INFO - Filling up the DagBag from /home/airflow/.local/lib/python3.7/site-packages/airflow/example_dags/example_external_task_marker_dag.py
[2023-03-16T23:59:31.709+0000] {processor.py:753} INFO - DAG(s) dict_keys(['example_external_task_marker_child', 'example_external_task_marker_parent']) retrieved from /home/airflow/.local/lib/python3.7/site-packages/airflow/example_dags/example_external_task_marker_dag.py
[2023-03-16T23:59:31.771+0000] {logging_mixin.py:137} INFO - [2023-03-16T23:59:31.771+0000] {dag.py:2690} INFO - Sync 2 DAGs
[2023-03-16T23:59:31.826+0000] {logging_mixin.py:137} INFO - [2023-03-16T23:59:31.826+0000] {dag.py:3441} INFO - Setting next_dagrun for example_external_task_marker_child to None, run_after=None
[2023-03-16T23:59:31.832+0000] {logging_mixin.py:137} INFO - [2023-03-16T23:59:31.832+0000] {dag.py:3441} INFO - Setting next_dagrun for example_external_task_marker_parent to None, run_after=None
[2023-03-16T23:59:31.861+0000] {processor.py:175} INFO - Processing /home/airflow/.local/lib/python3.7/site-packages/airflow/example_dags/example_external_task_marker_dag.py took 0.183 seconds
