[2023-03-11T00:29:15.198+0000] {taskinstance.py:1083} INFO - Dependencies all met for <TaskInstance: ingestion_dados_postgres.update_dados_tb_data_engineering manual__2023-03-11T00:29:06.699397+00:00 [queued]>
[2023-03-11T00:29:15.228+0000] {taskinstance.py:1083} INFO - Dependencies all met for <TaskInstance: ingestion_dados_postgres.update_dados_tb_data_engineering manual__2023-03-11T00:29:06.699397+00:00 [queued]>
[2023-03-11T00:29:15.231+0000] {taskinstance.py:1279} INFO - 
--------------------------------------------------------------------------------
[2023-03-11T00:29:15.232+0000] {taskinstance.py:1280} INFO - Starting attempt 1 of 1
[2023-03-11T00:29:15.236+0000] {taskinstance.py:1281} INFO - 
--------------------------------------------------------------------------------
[2023-03-11T00:29:15.277+0000] {taskinstance.py:1300} INFO - Executing <Task(PostgresOperator): update_dados_tb_data_engineering> on 2023-03-11 00:29:06.699397+00:00
[2023-03-11T00:29:15.293+0000] {standard_task_runner.py:55} INFO - Started process 14908 to run task
[2023-03-11T00:29:15.300+0000] {standard_task_runner.py:82} INFO - Running: ['***', 'tasks', 'run', 'ingestion_dados_postgres', 'update_dados_tb_data_engineering', 'manual__2023-03-11T00:29:06.699397+00:00', '--job-id', '205', '--raw', '--subdir', 'DAGS_FOLDER/ingestion_dados_postgres.py', '--cfg-path', '/tmp/tmp176siuhh']
[2023-03-11T00:29:15.302+0000] {standard_task_runner.py:83} INFO - Job 205: Subtask update_dados_tb_data_engineering
[2023-03-11T00:29:15.471+0000] {task_command.py:388} INFO - Running <TaskInstance: ingestion_dados_postgres.update_dados_tb_data_engineering manual__2023-03-11T00:29:06.699397+00:00 [running]> on host 9ff22fa0bca3
[2023-03-11T00:29:15.612+0000] {taskinstance.py:1509} INFO - Exporting the following env vars:
AIRFLOW_CTX_DAG_OWNER=***
AIRFLOW_CTX_DAG_ID=ingestion_dados_postgres
AIRFLOW_CTX_TASK_ID=update_dados_tb_data_engineering
AIRFLOW_CTX_EXECUTION_DATE=2023-03-11T00:29:06.699397+00:00
AIRFLOW_CTX_TRY_NUMBER=1
AIRFLOW_CTX_DAG_RUN_ID=manual__2023-03-11T00:29:06.699397+00:00
[2023-03-11T00:29:15.615+0000] {sql.py:254} INFO - Executing: UPDATE tb_data_engineering
SET nivel = 'SENIOR'
WHERE nivel = 'PLENO';
[2023-03-11T00:29:15.630+0000] {base.py:73} INFO - Using connection ID 'postgres-***' for task execution.
[2023-03-11T00:29:16.161+0000] {base.py:73} INFO - Using connection ID 'postgres-***' for task execution.
[2023-03-11T00:29:16.267+0000] {sql.py:375} INFO - Running statement: UPDATE tb_data_engineering
SET nivel = 'SENIOR'
WHERE nivel = 'PLENO';, parameters: None
[2023-03-11T00:29:16.297+0000] {sql.py:384} INFO - Rows affected: 0
[2023-03-11T00:29:16.324+0000] {taskinstance.py:1323} INFO - Marking task as SUCCESS. dag_id=ingestion_dados_postgres, task_id=update_dados_tb_data_engineering, execution_date=20230311T002906, start_date=20230311T002915, end_date=20230311T002916
[2023-03-11T00:29:16.381+0000] {local_task_job.py:208} INFO - Task exited with return code 0
[2023-03-11T00:29:16.437+0000] {taskinstance.py:2578} INFO - 1 downstream tasks scheduled from follow-on schedule check
