[2023-03-11T02:08:28.063+0000] {taskinstance.py:1083} INFO - Dependencies all met for <TaskInstance: dag_sql.criar_tabela_db scheduled__2023-03-09T12:30:00+00:00 [queued]>
[2023-03-11T02:08:28.100+0000] {taskinstance.py:1083} INFO - Dependencies all met for <TaskInstance: dag_sql.criar_tabela_db scheduled__2023-03-09T12:30:00+00:00 [queued]>
[2023-03-11T02:08:28.103+0000] {taskinstance.py:1279} INFO - 
--------------------------------------------------------------------------------
[2023-03-11T02:08:28.106+0000] {taskinstance.py:1280} INFO - Starting attempt 1 of 1
[2023-03-11T02:08:28.107+0000] {taskinstance.py:1281} INFO - 
--------------------------------------------------------------------------------
[2023-03-11T02:08:28.165+0000] {taskinstance.py:1300} INFO - Executing <Task(PostgresOperator): criar_tabela_db> on 2023-03-09 12:30:00+00:00
[2023-03-11T02:08:28.181+0000] {standard_task_runner.py:55} INFO - Started process 17230 to run task
[2023-03-11T02:08:28.189+0000] {standard_task_runner.py:82} INFO - Running: ['***', 'tasks', 'run', 'dag_sql', 'criar_tabela_db', 'scheduled__2023-03-09T12:30:00+00:00', '--job-id', '220', '--raw', '--subdir', 'DAGS_FOLDER/dag_sql.py', '--cfg-path', '/tmp/tmptwjb6woo']
[2023-03-11T02:08:28.194+0000] {standard_task_runner.py:83} INFO - Job 220: Subtask criar_tabela_db
[2023-03-11T02:08:28.428+0000] {task_command.py:388} INFO - Running <TaskInstance: dag_sql.criar_tabela_db scheduled__2023-03-09T12:30:00+00:00 [running]> on host 9ff22fa0bca3
[2023-03-11T02:08:28.898+0000] {taskinstance.py:1509} INFO - Exporting the following env vars:
AIRFLOW_CTX_DAG_OWNER=***
AIRFLOW_CTX_DAG_ID=dag_sql
AIRFLOW_CTX_TASK_ID=criar_tabela_db
AIRFLOW_CTX_EXECUTION_DATE=2023-03-09T12:30:00+00:00
AIRFLOW_CTX_TRY_NUMBER=1
AIRFLOW_CTX_DAG_RUN_ID=scheduled__2023-03-09T12:30:00+00:00
[2023-03-11T02:08:28.901+0000] {sql.py:254} INFO - Executing: create table if not exists tb_cliente(
    id int generated by default as identity,
    name varchar not null,
    dt date
)
[2023-03-11T02:08:28.955+0000] {base.py:73} INFO - Using connection ID 'postgres-***' for task execution.
[2023-03-11T02:08:29.714+0000] {base.py:73} INFO - Using connection ID 'postgres-***' for task execution.
[2023-03-11T02:08:29.810+0000] {sql.py:375} INFO - Running statement: create table if not exists tb_cliente(
    id int generated by default as identity,
    name varchar not null,
    dt date
), parameters: None
[2023-03-11T02:08:29.870+0000] {taskinstance.py:1323} INFO - Marking task as SUCCESS. dag_id=dag_sql, task_id=criar_tabela_db, execution_date=20230309T123000, start_date=20230311T020828, end_date=20230311T020829
[2023-03-11T02:08:29.974+0000] {local_task_job.py:208} INFO - Task exited with return code 0
[2023-03-11T02:08:30.081+0000] {taskinstance.py:2578} INFO - 1 downstream tasks scheduled from follow-on schedule check
