[2023-05-03T14:07:55.332+0000] {taskinstance.py:1083} INFO - Dependencies all met for <TaskInstance: create_infra.create_table_bq scheduled__2023-05-02T00:00:00+00:00 [queued]>
[2023-05-03T14:07:55.358+0000] {taskinstance.py:1083} INFO - Dependencies all met for <TaskInstance: create_infra.create_table_bq scheduled__2023-05-02T00:00:00+00:00 [queued]>
[2023-05-03T14:07:55.359+0000] {taskinstance.py:1279} INFO - 
--------------------------------------------------------------------------------
[2023-05-03T14:07:55.360+0000] {taskinstance.py:1280} INFO - Starting attempt 3 of 4
[2023-05-03T14:07:55.361+0000] {taskinstance.py:1281} INFO - 
--------------------------------------------------------------------------------
[2023-05-03T14:07:55.389+0000] {taskinstance.py:1300} INFO - Executing <Task(BigQueryExecuteQueryOperator): create_table_bq> on 2023-05-02 00:00:00+00:00
[2023-05-03T14:07:55.426+0000] {standard_task_runner.py:55} INFO - Started process 1680 to run task
[2023-05-03T14:07:55.435+0000] {standard_task_runner.py:82} INFO - Running: ['***', 'tasks', 'run', 'create_infra', 'create_table_bq', 'scheduled__2023-05-02T00:00:00+00:00', '--job-id', '644', '--raw', '--subdir', 'DAGS_FOLDER/create_infra.py', '--cfg-path', '/tmp/tmpjvwvxzzg']
[2023-05-03T14:07:55.441+0000] {standard_task_runner.py:83} INFO - Job 644: Subtask create_table_bq
[2023-05-03T14:07:55.601+0000] {task_command.py:388} INFO - Running <TaskInstance: create_infra.create_table_bq scheduled__2023-05-02T00:00:00+00:00 [running]> on host 63f59780fc7a
[2023-05-03T14:07:55.816+0000] {taskinstance.py:1509} INFO - Exporting the following env vars:
AIRFLOW_CTX_DAG_OWNER=Junior Lafuente
AIRFLOW_CTX_DAG_ID=create_infra
AIRFLOW_CTX_TASK_ID=create_table_bq
AIRFLOW_CTX_EXECUTION_DATE=2023-05-02T00:00:00+00:00
AIRFLOW_CTX_TRY_NUMBER=3
AIRFLOW_CTX_DAG_RUN_ID=scheduled__2023-05-02T00:00:00+00:00
[2023-05-03T14:07:55.823+0000] {bigquery.py:1077} INFO - Executing: create table if not exists venda.tb_vendas(
    ID_MARCA integer,
    MARCA string,
    ID_LINHA integer,
    LINHA string,
    DATA_VENDA date,
    QTD_VENDA integer
)
PARTITION BY DATA_VENDA;
[2023-05-03T14:07:55.853+0000] {base.py:73} INFO - Using connection ID 'gcp' for task execution.
[2023-05-03T14:07:55.869+0000] {warnings.py:110} WARNING - /home/***/.local/lib/python3.7/site-packages/***/providers/google/cloud/hooks/bigquery.py:2051: DeprecationWarning: This method is deprecated. Please use `BigQueryHook.insert_job` method.
  "This method is deprecated. Please use `BigQueryHook.insert_job` method.", DeprecationWarning

[2023-05-03T14:07:55.997+0000] {bigquery.py:1542} INFO - Inserting job ***_1683122875996325_49c94c19084c4a5f48be240096ceffd6
[2023-05-03T14:07:58.947+0000] {taskinstance.py:1323} INFO - Marking task as SUCCESS. dag_id=create_infra, task_id=create_table_bq, execution_date=20230502T000000, start_date=20230503T140755, end_date=20230503T140758
[2023-05-03T14:07:58.989+0000] {local_task_job.py:208} INFO - Task exited with return code 0
[2023-05-03T14:07:59.006+0000] {taskinstance.py:2578} INFO - 0 downstream tasks scheduled from follow-on schedule check
