[2023-04-26T19:38:34.100+0000] {taskinstance.py:1083} INFO - Dependencies all met for <TaskInstance: gsc_to_bq.create_bucket_ingestion scheduled__2023-04-25T00:00:00+00:00 [queued]>
[2023-04-26T19:38:34.125+0000] {taskinstance.py:1083} INFO - Dependencies all met for <TaskInstance: gsc_to_bq.create_bucket_ingestion scheduled__2023-04-25T00:00:00+00:00 [queued]>
[2023-04-26T19:38:34.126+0000] {taskinstance.py:1279} INFO - 
--------------------------------------------------------------------------------
[2023-04-26T19:38:34.128+0000] {taskinstance.py:1280} INFO - Starting attempt 11 of 12
[2023-04-26T19:38:34.128+0000] {taskinstance.py:1281} INFO - 
--------------------------------------------------------------------------------
[2023-04-26T19:38:34.149+0000] {taskinstance.py:1300} INFO - Executing <Task(GCSCreateBucketOperator): create_bucket_ingestion> on 2023-04-25 00:00:00+00:00
[2023-04-26T19:38:34.158+0000] {standard_task_runner.py:55} INFO - Started process 2790 to run task
[2023-04-26T19:38:34.163+0000] {standard_task_runner.py:82} INFO - Running: ['***', 'tasks', 'run', 'gsc_to_bq', 'create_bucket_ingestion', 'scheduled__2023-04-25T00:00:00+00:00', '--job-id', '385', '--raw', '--subdir', 'DAGS_FOLDER/gcs_to_bq.py', '--cfg-path', '/tmp/tmp8swx84st']
[2023-04-26T19:38:34.167+0000] {standard_task_runner.py:83} INFO - Job 385: Subtask create_bucket_ingestion
[2023-04-26T19:38:34.306+0000] {task_command.py:388} INFO - Running <TaskInstance: gsc_to_bq.create_bucket_ingestion scheduled__2023-04-25T00:00:00+00:00 [running]> on host b592efbffeab
[2023-04-26T19:38:34.422+0000] {taskinstance.py:1509} INFO - Exporting the following env vars:
AIRFLOW_CTX_DAG_OWNER=Junior Lafuente
AIRFLOW_CTX_DAG_ID=gsc_to_bq
AIRFLOW_CTX_TASK_ID=create_bucket_ingestion
AIRFLOW_CTX_EXECUTION_DATE=2023-04-25T00:00:00+00:00
AIRFLOW_CTX_TRY_NUMBER=11
AIRFLOW_CTX_DAG_RUN_ID=scheduled__2023-04-25T00:00:00+00:00
[2023-04-26T19:38:34.434+0000] {base.py:73} INFO - Using connection ID 'gcp' for task execution.
[2023-04-26T19:38:34.465+0000] {gcs.py:880} INFO - Creating Bucket: bucket_ingestion_jr; Location: us-central1; Storage Class: STANDARD
[2023-04-26T19:38:37.402+0000] {gcs.py:161} WARNING - Bucket bucket_ingestion_jr already exists
[2023-04-26T19:38:37.421+0000] {taskinstance.py:1323} INFO - Marking task as SUCCESS. dag_id=gsc_to_bq, task_id=create_bucket_ingestion, execution_date=20230425T000000, start_date=20230426T193834, end_date=20230426T193837
[2023-04-26T19:38:37.519+0000] {local_task_job.py:208} INFO - Task exited with return code 0
[2023-04-26T19:38:37.552+0000] {taskinstance.py:2578} INFO - 1 downstream tasks scheduled from follow-on schedule check
