[2023-04-26T18:43:16.609+0000] {taskinstance.py:1083} INFO - Dependencies all met for <TaskInstance: gsc_to_bq.create_bucket_ingestion scheduled__2023-04-25T00:00:00+00:00 [queued]>
[2023-04-26T18:43:16.661+0000] {taskinstance.py:1083} INFO - Dependencies all met for <TaskInstance: gsc_to_bq.create_bucket_ingestion scheduled__2023-04-25T00:00:00+00:00 [queued]>
[2023-04-26T18:43:16.662+0000] {taskinstance.py:1279} INFO - 
--------------------------------------------------------------------------------
[2023-04-26T18:43:16.663+0000] {taskinstance.py:1280} INFO - Starting attempt 7 of 8
[2023-04-26T18:43:16.664+0000] {taskinstance.py:1281} INFO - 
--------------------------------------------------------------------------------
[2023-04-26T18:43:16.720+0000] {taskinstance.py:1300} INFO - Executing <Task(GCSCreateBucketOperator): create_bucket_ingestion> on 2023-04-25 00:00:00+00:00
[2023-04-26T18:43:16.765+0000] {standard_task_runner.py:55} INFO - Started process 1850 to run task
[2023-04-26T18:43:16.787+0000] {standard_task_runner.py:82} INFO - Running: ['***', 'tasks', 'run', 'gsc_to_bq', 'create_bucket_ingestion', 'scheduled__2023-04-25T00:00:00+00:00', '--job-id', '370', '--raw', '--subdir', 'DAGS_FOLDER/gcs_to_bq.py', '--cfg-path', '/tmp/tmpjon9r3d2']
[2023-04-26T18:43:16.804+0000] {standard_task_runner.py:83} INFO - Job 370: Subtask create_bucket_ingestion
[2023-04-26T18:43:17.091+0000] {task_command.py:388} INFO - Running <TaskInstance: gsc_to_bq.create_bucket_ingestion scheduled__2023-04-25T00:00:00+00:00 [running]> on host 21a61d9e627a
[2023-04-26T18:43:17.565+0000] {taskinstance.py:1509} INFO - Exporting the following env vars:
AIRFLOW_CTX_DAG_OWNER=Junior Lafuente
AIRFLOW_CTX_DAG_ID=gsc_to_bq
AIRFLOW_CTX_TASK_ID=create_bucket_ingestion
AIRFLOW_CTX_EXECUTION_DATE=2023-04-25T00:00:00+00:00
AIRFLOW_CTX_TRY_NUMBER=7
AIRFLOW_CTX_DAG_RUN_ID=scheduled__2023-04-25T00:00:00+00:00
[2023-04-26T18:43:17.618+0000] {base.py:73} INFO - Using connection ID 'gcp' for task execution.
[2023-04-26T18:43:17.897+0000] {gcs.py:880} INFO - Creating Bucket: bucket_ingestion; Location: us-central1; Storage Class: STANDARD
[2023-04-26T18:43:19.753+0000] {gcs.py:161} WARNING - Bucket bucket_ingestion already exists
[2023-04-26T18:43:19.793+0000] {taskinstance.py:1323} INFO - Marking task as SUCCESS. dag_id=gsc_to_bq, task_id=create_bucket_ingestion, execution_date=20230425T000000, start_date=20230426T184316, end_date=20230426T184319
[2023-04-26T18:43:19.892+0000] {local_task_job.py:208} INFO - Task exited with return code 0
[2023-04-26T18:43:19.941+0000] {taskinstance.py:2578} INFO - 0 downstream tasks scheduled from follow-on schedule check
