[2023-04-26T19:40:38.653+0000] {taskinstance.py:1083} INFO - Dependencies all met for <TaskInstance: gsc_to_bq.create_bucket_ingestion scheduled__2023-04-25T00:00:00+00:00 [queued]>
[2023-04-26T19:40:38.665+0000] {taskinstance.py:1083} INFO - Dependencies all met for <TaskInstance: gsc_to_bq.create_bucket_ingestion scheduled__2023-04-25T00:00:00+00:00 [queued]>
[2023-04-26T19:40:38.666+0000] {taskinstance.py:1279} INFO - 
--------------------------------------------------------------------------------
[2023-04-26T19:40:38.668+0000] {taskinstance.py:1280} INFO - Starting attempt 12 of 13
[2023-04-26T19:40:38.668+0000] {taskinstance.py:1281} INFO - 
--------------------------------------------------------------------------------
[2023-04-26T19:40:38.687+0000] {taskinstance.py:1300} INFO - Executing <Task(GCSCreateBucketOperator): create_bucket_ingestion> on 2023-04-25 00:00:00+00:00
[2023-04-26T19:40:38.695+0000] {standard_task_runner.py:55} INFO - Started process 2960 to run task
[2023-04-26T19:40:38.699+0000] {standard_task_runner.py:82} INFO - Running: ['***', 'tasks', 'run', 'gsc_to_bq', 'create_bucket_ingestion', 'scheduled__2023-04-25T00:00:00+00:00', '--job-id', '389', '--raw', '--subdir', 'DAGS_FOLDER/gcs_to_bq.py', '--cfg-path', '/tmp/tmpw9mtluwu']
[2023-04-26T19:40:38.701+0000] {standard_task_runner.py:83} INFO - Job 389: Subtask create_bucket_ingestion
[2023-04-26T19:40:38.798+0000] {task_command.py:388} INFO - Running <TaskInstance: gsc_to_bq.create_bucket_ingestion scheduled__2023-04-25T00:00:00+00:00 [running]> on host b592efbffeab
[2023-04-26T19:40:38.957+0000] {taskinstance.py:1509} INFO - Exporting the following env vars:
AIRFLOW_CTX_DAG_OWNER=Junior Lafuente
AIRFLOW_CTX_DAG_ID=gsc_to_bq
AIRFLOW_CTX_TASK_ID=create_bucket_ingestion
AIRFLOW_CTX_EXECUTION_DATE=2023-04-25T00:00:00+00:00
AIRFLOW_CTX_TRY_NUMBER=12
AIRFLOW_CTX_DAG_RUN_ID=scheduled__2023-04-25T00:00:00+00:00
[2023-04-26T19:40:38.971+0000] {base.py:73} INFO - Using connection ID 'gcp' for task execution.
[2023-04-26T19:40:39.005+0000] {gcs.py:880} INFO - Creating Bucket: bucket_ingestion_jr; Location: us-central1; Storage Class: STANDARD
[2023-04-26T19:40:41.001+0000] {gcs.py:161} WARNING - Bucket bucket_ingestion_jr already exists
[2023-04-26T19:40:41.027+0000] {taskinstance.py:1323} INFO - Marking task as SUCCESS. dag_id=gsc_to_bq, task_id=create_bucket_ingestion, execution_date=20230425T000000, start_date=20230426T194038, end_date=20230426T194041
[2023-04-26T19:40:41.098+0000] {local_task_job.py:208} INFO - Task exited with return code 0
[2023-04-26T19:40:41.155+0000] {taskinstance.py:2578} INFO - 1 downstream tasks scheduled from follow-on schedule check
