[2023-05-01T02:00:36.632+0000] {taskinstance.py:1083} INFO - Dependencies all met for <TaskInstance: dag_sql.insere_dados_table_db scheduled__2023-04-28T17:30:00+00:00 [queued]>
[2023-05-01T02:00:36.665+0000] {taskinstance.py:1083} INFO - Dependencies all met for <TaskInstance: dag_sql.insere_dados_table_db scheduled__2023-04-28T17:30:00+00:00 [queued]>
[2023-05-01T02:00:36.667+0000] {taskinstance.py:1279} INFO - 
--------------------------------------------------------------------------------
[2023-05-01T02:00:36.669+0000] {taskinstance.py:1280} INFO - Starting attempt 2 of 2
[2023-05-01T02:00:36.669+0000] {taskinstance.py:1281} INFO - 
--------------------------------------------------------------------------------
[2023-05-01T02:00:36.704+0000] {taskinstance.py:1300} INFO - Executing <Task(PostgresOperator): insere_dados_table_db> on 2023-04-28 17:30:00+00:00
[2023-05-01T02:00:36.715+0000] {standard_task_runner.py:55} INFO - Started process 27465 to run task
[2023-05-01T02:00:36.721+0000] {standard_task_runner.py:82} INFO - Running: ['***', 'tasks', 'run', 'dag_sql', 'insere_dados_table_db', 'scheduled__2023-04-28T17:30:00+00:00', '--job-id', '502', '--raw', '--subdir', 'DAGS_FOLDER/dag_sql.py', '--cfg-path', '/tmp/tmpxdzobgt_']
[2023-05-01T02:00:36.723+0000] {standard_task_runner.py:83} INFO - Job 502: Subtask insere_dados_table_db
[2023-05-01T02:00:36.889+0000] {task_command.py:388} INFO - Running <TaskInstance: dag_sql.insere_dados_table_db scheduled__2023-04-28T17:30:00+00:00 [running]> on host 32f6cac2461e
[2023-05-01T02:00:37.040+0000] {taskinstance.py:1509} INFO - Exporting the following env vars:
AIRFLOW_CTX_DAG_OWNER=***
AIRFLOW_CTX_DAG_ID=dag_sql
AIRFLOW_CTX_TASK_ID=insere_dados_table_db
AIRFLOW_CTX_EXECUTION_DATE=2023-04-28T17:30:00+00:00
AIRFLOW_CTX_TRY_NUMBER=2
AIRFLOW_CTX_DAG_RUN_ID=scheduled__2023-04-28T17:30:00+00:00
[2023-05-01T02:00:37.042+0000] {sql.py:254} INFO - Executing: insert into tb_cliente(name, dt)
values('Junior Lafuente', CURRENT_DATE)
[2023-05-01T02:00:37.062+0000] {base.py:73} INFO - Using connection ID 'postgres-***' for task execution.
[2023-05-01T02:00:37.869+0000] {base.py:73} INFO - Using connection ID 'postgres-***' for task execution.
[2023-05-01T02:00:38.085+0000] {sql.py:375} INFO - Running statement: insert into tb_cliente(name, dt)
values('Junior Lafuente', CURRENT_DATE), parameters: None
[2023-05-01T02:00:38.121+0000] {sql.py:384} INFO - Rows affected: 1
[2023-05-01T02:00:38.215+0000] {taskinstance.py:1323} INFO - Marking task as SUCCESS. dag_id=dag_sql, task_id=insere_dados_table_db, execution_date=20230428T173000, start_date=20230501T020036, end_date=20230501T020038
[2023-05-01T02:00:38.402+0000] {local_task_job.py:208} INFO - Task exited with return code 0
[2023-05-01T02:00:38.479+0000] {taskinstance.py:2578} INFO - 1 downstream tasks scheduled from follow-on schedule check
