[2023-05-01T02:33:59.696+0000] {taskinstance.py:1083} INFO - Dependencies all met for <TaskInstance: create_infra.create_table scheduled__2023-04-30T00:00:00+00:00 [queued]>
[2023-05-01T02:33:59.710+0000] {taskinstance.py:1083} INFO - Dependencies all met for <TaskInstance: create_infra.create_table scheduled__2023-04-30T00:00:00+00:00 [queued]>
[2023-05-01T02:33:59.711+0000] {taskinstance.py:1279} INFO - 
--------------------------------------------------------------------------------
[2023-05-01T02:33:59.711+0000] {taskinstance.py:1280} INFO - Starting attempt 7 of 8
[2023-05-01T02:33:59.712+0000] {taskinstance.py:1281} INFO - 
--------------------------------------------------------------------------------
[2023-05-01T02:33:59.729+0000] {taskinstance.py:1300} INFO - Executing <Task(BigQueryCreateEmptyTableOperator): create_table> on 2023-04-30 00:00:00+00:00
[2023-05-01T02:33:59.737+0000] {standard_task_runner.py:55} INFO - Started process 845 to run task
[2023-05-01T02:33:59.741+0000] {standard_task_runner.py:82} INFO - Running: ['***', 'tasks', 'run', 'create_infra', 'create_table', 'scheduled__2023-04-30T00:00:00+00:00', '--job-id', '567', '--raw', '--subdir', 'DAGS_FOLDER/create_infra.py', '--cfg-path', '/tmp/tmp6a93k3dl']
[2023-05-01T02:33:59.744+0000] {standard_task_runner.py:83} INFO - Job 567: Subtask create_table
[2023-05-01T02:33:59.831+0000] {task_command.py:388} INFO - Running <TaskInstance: create_infra.create_table scheduled__2023-04-30T00:00:00+00:00 [running]> on host da959356c36a
[2023-05-01T02:33:59.932+0000] {taskinstance.py:1509} INFO - Exporting the following env vars:
AIRFLOW_CTX_DAG_OWNER=Junior Lafuente
AIRFLOW_CTX_DAG_ID=create_infra
AIRFLOW_CTX_TASK_ID=create_table
AIRFLOW_CTX_EXECUTION_DATE=2023-04-30T00:00:00+00:00
AIRFLOW_CTX_TRY_NUMBER=7
AIRFLOW_CTX_DAG_RUN_ID=scheduled__2023-04-30T00:00:00+00:00
[2023-05-01T02:33:59.945+0000] {base.py:73} INFO - Using connection ID 'gcp' for task execution.
[2023-05-01T02:33:59.957+0000] {bigquery.py:1343} INFO - Creating table
[2023-05-01T02:34:00.835+0000] {bigquery.py:1369} INFO - Table venda.vendas already exists.
[2023-05-01T02:34:00.851+0000] {taskinstance.py:1323} INFO - Marking task as SUCCESS. dag_id=create_infra, task_id=create_table, execution_date=20230430T000000, start_date=20230501T023359, end_date=20230501T023400
[2023-05-01T02:34:00.918+0000] {local_task_job.py:208} INFO - Task exited with return code 0
[2023-05-01T02:34:00.956+0000] {taskinstance.py:2578} INFO - 1 downstream tasks scheduled from follow-on schedule check
