[2023-05-01T01:11:01.909+0000] {taskinstance.py:1083} INFO - Dependencies all met for <TaskInstance: create_infra.create_table scheduled__2023-04-30T00:00:00+00:00 [queued]>
[2023-05-01T01:11:01.921+0000] {taskinstance.py:1083} INFO - Dependencies all met for <TaskInstance: create_infra.create_table scheduled__2023-04-30T00:00:00+00:00 [queued]>
[2023-05-01T01:11:01.921+0000] {taskinstance.py:1279} INFO - 
--------------------------------------------------------------------------------
[2023-05-01T01:11:01.922+0000] {taskinstance.py:1280} INFO - Starting attempt 2 of 3
[2023-05-01T01:11:01.923+0000] {taskinstance.py:1281} INFO - 
--------------------------------------------------------------------------------
[2023-05-01T01:11:01.939+0000] {taskinstance.py:1300} INFO - Executing <Task(BigQueryCreateEmptyTableOperator): create_table> on 2023-04-30 00:00:00+00:00
[2023-05-01T01:11:01.946+0000] {standard_task_runner.py:55} INFO - Started process 24705 to run task
[2023-05-01T01:11:01.950+0000] {standard_task_runner.py:82} INFO - Running: ['***', 'tasks', 'run', 'create_infra', 'create_table', 'scheduled__2023-04-30T00:00:00+00:00', '--job-id', '496', '--raw', '--subdir', 'DAGS_FOLDER/create_infra.py', '--cfg-path', '/tmp/tmpw2phfqrt']
[2023-05-01T01:11:01.953+0000] {standard_task_runner.py:83} INFO - Job 496: Subtask create_table
[2023-05-01T01:11:02.037+0000] {task_command.py:388} INFO - Running <TaskInstance: create_infra.create_table scheduled__2023-04-30T00:00:00+00:00 [running]> on host 32f6cac2461e
[2023-05-01T01:11:02.122+0000] {taskinstance.py:1509} INFO - Exporting the following env vars:
AIRFLOW_CTX_DAG_OWNER=Junior Lafuente
AIRFLOW_CTX_DAG_ID=create_infra
AIRFLOW_CTX_TASK_ID=create_table
AIRFLOW_CTX_EXECUTION_DATE=2023-04-30T00:00:00+00:00
AIRFLOW_CTX_TRY_NUMBER=2
AIRFLOW_CTX_DAG_RUN_ID=scheduled__2023-04-30T00:00:00+00:00
[2023-05-01T01:11:02.135+0000] {base.py:73} INFO - Using connection ID 'gcp' for task execution.
[2023-05-01T01:11:02.143+0000] {bigquery.py:1343} INFO - Creating table
[2023-05-01T01:11:03.042+0000] {bigquery.py:1366} INFO - Table semiotic-joy-379201.venda.vendas created successfully
[2023-05-01T01:11:03.050+0000] {taskinstance.py:1323} INFO - Marking task as SUCCESS. dag_id=create_infra, task_id=create_table, execution_date=20230430T000000, start_date=20230501T011101, end_date=20230501T011103
[2023-05-01T01:11:03.100+0000] {local_task_job.py:208} INFO - Task exited with return code 0
[2023-05-01T01:11:03.116+0000] {taskinstance.py:2578} INFO - 0 downstream tasks scheduled from follow-on schedule check
