[2023-05-01T02:31:46.878+0000] {taskinstance.py:1083} INFO - Dependencies all met for <TaskInstance: create_infra.create_table scheduled__2023-04-30T00:00:00+00:00 [queued]>
[2023-05-01T02:31:46.889+0000] {taskinstance.py:1083} INFO - Dependencies all met for <TaskInstance: create_infra.create_table scheduled__2023-04-30T00:00:00+00:00 [queued]>
[2023-05-01T02:31:46.890+0000] {taskinstance.py:1279} INFO - 
--------------------------------------------------------------------------------
[2023-05-01T02:31:46.891+0000] {taskinstance.py:1280} INFO - Starting attempt 5 of 6
[2023-05-01T02:31:46.891+0000] {taskinstance.py:1281} INFO - 
--------------------------------------------------------------------------------
[2023-05-01T02:31:46.929+0000] {taskinstance.py:1300} INFO - Executing <Task(BigQueryCreateEmptyTableOperator): create_table> on 2023-04-30 00:00:00+00:00
[2023-05-01T02:31:46.938+0000] {standard_task_runner.py:55} INFO - Started process 646 to run task
[2023-05-01T02:31:46.943+0000] {standard_task_runner.py:82} INFO - Running: ['***', 'tasks', 'run', 'create_infra', 'create_table', 'scheduled__2023-04-30T00:00:00+00:00', '--job-id', '559', '--raw', '--subdir', 'DAGS_FOLDER/create_infra.py', '--cfg-path', '/tmp/tmpwrv1xmrv']
[2023-05-01T02:31:46.947+0000] {standard_task_runner.py:83} INFO - Job 559: Subtask create_table
[2023-05-01T02:31:47.030+0000] {task_command.py:388} INFO - Running <TaskInstance: create_infra.create_table scheduled__2023-04-30T00:00:00+00:00 [running]> on host da959356c36a
[2023-05-01T02:31:47.115+0000] {taskinstance.py:1509} INFO - Exporting the following env vars:
AIRFLOW_CTX_DAG_OWNER=Junior Lafuente
AIRFLOW_CTX_DAG_ID=create_infra
AIRFLOW_CTX_TASK_ID=create_table
AIRFLOW_CTX_EXECUTION_DATE=2023-04-30T00:00:00+00:00
AIRFLOW_CTX_TRY_NUMBER=5
AIRFLOW_CTX_DAG_RUN_ID=scheduled__2023-04-30T00:00:00+00:00
[2023-05-01T02:31:47.124+0000] {base.py:73} INFO - Using connection ID 'gcp' for task execution.
[2023-05-01T02:31:47.131+0000] {bigquery.py:1343} INFO - Creating table
[2023-05-01T02:31:47.982+0000] {bigquery.py:1369} INFO - Table venda.vendas already exists.
[2023-05-01T02:31:47.997+0000] {taskinstance.py:1323} INFO - Marking task as SUCCESS. dag_id=create_infra, task_id=create_table, execution_date=20230430T000000, start_date=20230501T023146, end_date=20230501T023147
[2023-05-01T02:31:48.040+0000] {local_task_job.py:208} INFO - Task exited with return code 0
[2023-05-01T02:31:48.063+0000] {taskinstance.py:2578} INFO - 1 downstream tasks scheduled from follow-on schedule check
