[2023-05-01T02:33:15.539+0000] {taskinstance.py:1083} INFO - Dependencies all met for <TaskInstance: create_infra.create_table scheduled__2023-04-30T00:00:00+00:00 [queued]>
[2023-05-01T02:33:15.550+0000] {taskinstance.py:1083} INFO - Dependencies all met for <TaskInstance: create_infra.create_table scheduled__2023-04-30T00:00:00+00:00 [queued]>
[2023-05-01T02:33:15.551+0000] {taskinstance.py:1279} INFO - 
--------------------------------------------------------------------------------
[2023-05-01T02:33:15.552+0000] {taskinstance.py:1280} INFO - Starting attempt 6 of 7
[2023-05-01T02:33:15.552+0000] {taskinstance.py:1281} INFO - 
--------------------------------------------------------------------------------
[2023-05-01T02:33:15.572+0000] {taskinstance.py:1300} INFO - Executing <Task(BigQueryCreateEmptyTableOperator): create_table> on 2023-04-30 00:00:00+00:00
[2023-05-01T02:33:15.579+0000] {standard_task_runner.py:55} INFO - Started process 769 to run task
[2023-05-01T02:33:15.584+0000] {standard_task_runner.py:82} INFO - Running: ['***', 'tasks', 'run', 'create_infra', 'create_table', 'scheduled__2023-04-30T00:00:00+00:00', '--job-id', '563', '--raw', '--subdir', 'DAGS_FOLDER/create_infra.py', '--cfg-path', '/tmp/tmplb8e2duz']
[2023-05-01T02:33:15.586+0000] {standard_task_runner.py:83} INFO - Job 563: Subtask create_table
[2023-05-01T02:33:15.662+0000] {task_command.py:388} INFO - Running <TaskInstance: create_infra.create_table scheduled__2023-04-30T00:00:00+00:00 [running]> on host da959356c36a
[2023-05-01T02:33:15.763+0000] {taskinstance.py:1509} INFO - Exporting the following env vars:
AIRFLOW_CTX_DAG_OWNER=Junior Lafuente
AIRFLOW_CTX_DAG_ID=create_infra
AIRFLOW_CTX_TASK_ID=create_table
AIRFLOW_CTX_EXECUTION_DATE=2023-04-30T00:00:00+00:00
AIRFLOW_CTX_TRY_NUMBER=6
AIRFLOW_CTX_DAG_RUN_ID=scheduled__2023-04-30T00:00:00+00:00
[2023-05-01T02:33:15.773+0000] {base.py:73} INFO - Using connection ID 'gcp' for task execution.
[2023-05-01T02:33:15.780+0000] {bigquery.py:1343} INFO - Creating table
[2023-05-01T02:33:16.745+0000] {bigquery.py:1369} INFO - Table venda.vendas already exists.
[2023-05-01T02:33:16.754+0000] {taskinstance.py:1323} INFO - Marking task as SUCCESS. dag_id=create_infra, task_id=create_table, execution_date=20230430T000000, start_date=20230501T023315, end_date=20230501T023316
[2023-05-01T02:33:16.800+0000] {local_task_job.py:208} INFO - Task exited with return code 0
[2023-05-01T02:33:16.823+0000] {taskinstance.py:2578} INFO - 1 downstream tasks scheduled from follow-on schedule check
