[2023-03-11T00:30:08.913+0000] {taskinstance.py:1083} INFO - Dependencies all met for <TaskInstance: ingestion_dados_postgres.criar_tabela_ed_replica scheduled__2023-03-10T23:30:00+00:00 [queued]>
[2023-03-11T00:30:08.925+0000] {taskinstance.py:1083} INFO - Dependencies all met for <TaskInstance: ingestion_dados_postgres.criar_tabela_ed_replica scheduled__2023-03-10T23:30:00+00:00 [queued]>
[2023-03-11T00:30:08.926+0000] {taskinstance.py:1279} INFO - 
--------------------------------------------------------------------------------
[2023-03-11T00:30:08.928+0000] {taskinstance.py:1280} INFO - Starting attempt 1 of 1
[2023-03-11T00:30:08.929+0000] {taskinstance.py:1281} INFO - 
--------------------------------------------------------------------------------
[2023-03-11T00:30:08.958+0000] {taskinstance.py:1300} INFO - Executing <Task(PostgresOperator): criar_tabela_ed_replica> on 2023-03-10 23:30:00+00:00
[2023-03-11T00:30:08.965+0000] {standard_task_runner.py:55} INFO - Started process 14986 to run task
[2023-03-11T00:30:08.970+0000] {standard_task_runner.py:82} INFO - Running: ['***', 'tasks', 'run', 'ingestion_dados_postgres', 'criar_tabela_ed_replica', 'scheduled__2023-03-10T23:30:00+00:00', '--job-id', '212', '--raw', '--subdir', 'DAGS_FOLDER/ingestion_dados_postgres.py', '--cfg-path', '/tmp/tmph892msok']
[2023-03-11T00:30:08.971+0000] {standard_task_runner.py:83} INFO - Job 212: Subtask criar_tabela_ed_replica
[2023-03-11T00:30:09.111+0000] {task_command.py:388} INFO - Running <TaskInstance: ingestion_dados_postgres.criar_tabela_ed_replica scheduled__2023-03-10T23:30:00+00:00 [running]> on host 9ff22fa0bca3
[2023-03-11T00:30:09.241+0000] {taskinstance.py:1509} INFO - Exporting the following env vars:
AIRFLOW_CTX_DAG_OWNER=***
AIRFLOW_CTX_DAG_ID=ingestion_dados_postgres
AIRFLOW_CTX_TASK_ID=criar_tabela_ed_replica
AIRFLOW_CTX_EXECUTION_DATE=2023-03-10T23:30:00+00:00
AIRFLOW_CTX_TRY_NUMBER=1
AIRFLOW_CTX_DAG_RUN_ID=scheduled__2023-03-10T23:30:00+00:00
[2023-03-11T00:30:09.244+0000] {sql.py:254} INFO - Executing: create table if not exists tb_data_engineering_replica(
    id int generated by default as identity,
    name varchar not null,
    cargo varchar not null,
    nivel varchar not null,
    dt date
)
[2023-03-11T00:30:09.262+0000] {base.py:73} INFO - Using connection ID 'postgres-***' for task execution.
[2023-03-11T00:30:09.633+0000] {base.py:73} INFO - Using connection ID 'postgres-***' for task execution.
[2023-03-11T00:30:09.677+0000] {sql.py:375} INFO - Running statement: create table if not exists tb_data_engineering_replica(
    id int generated by default as identity,
    name varchar not null,
    cargo varchar not null,
    nivel varchar not null,
    dt date
), parameters: None
[2023-03-11T00:30:09.774+0000] {taskinstance.py:1323} INFO - Marking task as SUCCESS. dag_id=ingestion_dados_postgres, task_id=criar_tabela_ed_replica, execution_date=20230310T233000, start_date=20230311T003008, end_date=20230311T003009
[2023-03-11T00:30:09.831+0000] {local_task_job.py:208} INFO - Task exited with return code 0
[2023-03-11T00:30:09.876+0000] {taskinstance.py:2578} INFO - 1 downstream tasks scheduled from follow-on schedule check
