[2023-05-01T00:16:00.943+0000] {taskinstance.py:1083} INFO - Dependencies all met for <TaskInstance: gsc_to_bq.move_file_to_bkp scheduled__2023-04-30T00:00:00+00:00 [queued]>
[2023-05-01T00:16:00.967+0000] {taskinstance.py:1083} INFO - Dependencies all met for <TaskInstance: gsc_to_bq.move_file_to_bkp scheduled__2023-04-30T00:00:00+00:00 [queued]>
[2023-05-01T00:16:00.968+0000] {taskinstance.py:1279} INFO - 
--------------------------------------------------------------------------------
[2023-05-01T00:16:00.968+0000] {taskinstance.py:1280} INFO - Starting attempt 1 of 2
[2023-05-01T00:16:00.969+0000] {taskinstance.py:1281} INFO - 
--------------------------------------------------------------------------------
[2023-05-01T00:16:01.013+0000] {taskinstance.py:1300} INFO - Executing <Task(GCSToGCSOperator): move_file_to_bkp> on 2023-04-30 00:00:00+00:00
[2023-05-01T00:16:01.034+0000] {standard_task_runner.py:82} INFO - Running: ['***', 'tasks', 'run', 'gsc_to_bq', 'move_file_to_bkp', 'scheduled__2023-04-30T00:00:00+00:00', '--job-id', '481', '--raw', '--subdir', 'DAGS_FOLDER/gcs_to_bq.py', '--cfg-path', '/tmp/tmpy77dqe_r']
[2023-05-01T00:16:01.037+0000] {standard_task_runner.py:83} INFO - Job 481: Subtask move_file_to_bkp
[2023-05-01T00:16:01.030+0000] {standard_task_runner.py:55} INFO - Started process 20739 to run task
[2023-05-01T00:16:01.205+0000] {task_command.py:388} INFO - Running <TaskInstance: gsc_to_bq.move_file_to_bkp scheduled__2023-04-30T00:00:00+00:00 [running]> on host 32f6cac2461e
[2023-05-01T00:16:01.425+0000] {taskinstance.py:1509} INFO - Exporting the following env vars:
AIRFLOW_CTX_DAG_OWNER=Junior Lafuente
AIRFLOW_CTX_DAG_ID=gsc_to_bq
AIRFLOW_CTX_TASK_ID=move_file_to_bkp
AIRFLOW_CTX_EXECUTION_DATE=2023-04-30T00:00:00+00:00
AIRFLOW_CTX_TRY_NUMBER=1
AIRFLOW_CTX_DAG_RUN_ID=scheduled__2023-04-30T00:00:00+00:00
[2023-05-01T00:16:01.465+0000] {base.py:73} INFO - Using connection ID 'gcp' for task execution.
[2023-05-01T00:16:01.527+0000] {gcs_to_gcs.py:403} INFO - Delimiter ignored because wildcard is in prefix
[2023-05-01T00:16:02.837+0000] {gcs_to_gcs.py:470} INFO - Executing copy of gs://bucket_raw_jr/input/ to gs://bucket_raw_jr/backup/
[2023-05-01T00:16:03.315+0000] {gcs.py:248} INFO - Total Bytes: 0 | Bytes Written: 0
[2023-05-01T00:16:03.316+0000] {gcs.py:261} INFO - Object input/ in bucket bucket_raw_jr rewritten to object backup/ in bucket bucket_raw_jr
[2023-05-01T00:16:03.511+0000] {gcs.py:664} INFO - Blob input/ deleted.
[2023-05-01T00:16:03.536+0000] {taskinstance.py:1323} INFO - Marking task as SUCCESS. dag_id=gsc_to_bq, task_id=move_file_to_bkp, execution_date=20230430T000000, start_date=20230501T001600, end_date=20230501T001603
[2023-05-01T00:16:03.640+0000] {local_task_job.py:208} INFO - Task exited with return code 0
[2023-05-01T00:16:03.689+0000] {taskinstance.py:2578} INFO - 0 downstream tasks scheduled from follow-on schedule check
