[2023-05-01T02:28:01.580+0000] {taskinstance.py:1083} INFO - Dependencies all met for <TaskInstance: gsc_to_bq.move_file_to_bkp scheduled__2023-04-30T00:00:00+00:00 [queued]>
[2023-05-01T02:28:01.598+0000] {taskinstance.py:1083} INFO - Dependencies all met for <TaskInstance: gsc_to_bq.move_file_to_bkp scheduled__2023-04-30T00:00:00+00:00 [queued]>
[2023-05-01T02:28:01.599+0000] {taskinstance.py:1279} INFO - 
--------------------------------------------------------------------------------
[2023-05-01T02:28:01.600+0000] {taskinstance.py:1280} INFO - Starting attempt 4 of 5
[2023-05-01T02:28:01.601+0000] {taskinstance.py:1281} INFO - 
--------------------------------------------------------------------------------
[2023-05-01T02:28:01.625+0000] {taskinstance.py:1300} INFO - Executing <Task(GCSToGCSOperator): move_file_to_bkp> on 2023-04-30 00:00:00+00:00
[2023-05-01T02:28:01.633+0000] {standard_task_runner.py:55} INFO - Started process 336 to run task
[2023-05-01T02:28:01.638+0000] {standard_task_runner.py:82} INFO - Running: ['***', 'tasks', 'run', 'gsc_to_bq', 'move_file_to_bkp', 'scheduled__2023-04-30T00:00:00+00:00', '--job-id', '552', '--raw', '--subdir', 'DAGS_FOLDER/gcs_to_bq.py', '--cfg-path', '/tmp/tmpchlr005f']
[2023-05-01T02:28:01.641+0000] {standard_task_runner.py:83} INFO - Job 552: Subtask move_file_to_bkp
[2023-05-01T02:28:01.746+0000] {task_command.py:388} INFO - Running <TaskInstance: gsc_to_bq.move_file_to_bkp scheduled__2023-04-30T00:00:00+00:00 [running]> on host da959356c36a
[2023-05-01T02:28:01.897+0000] {taskinstance.py:1509} INFO - Exporting the following env vars:
AIRFLOW_CTX_DAG_OWNER=Junior Lafuente
AIRFLOW_CTX_DAG_ID=gsc_to_bq
AIRFLOW_CTX_TASK_ID=move_file_to_bkp
AIRFLOW_CTX_EXECUTION_DATE=2023-04-30T00:00:00+00:00
AIRFLOW_CTX_TRY_NUMBER=4
AIRFLOW_CTX_DAG_RUN_ID=scheduled__2023-04-30T00:00:00+00:00
[2023-05-01T02:28:01.924+0000] {base.py:73} INFO - Using connection ID 'gcp' for task execution.
[2023-05-01T02:28:01.938+0000] {gcs_to_gcs.py:403} INFO - Delimiter ignored because wildcard is in prefix
[2023-05-01T02:28:02.744+0000] {gcs_to_gcs.py:470} INFO - Executing copy of gs://bucket_raw_jr/input/Base_2018.xlsx to gs://bucket_raw_jr/backup/Base_2018.xlsx
[2023-05-01T02:28:03.117+0000] {gcs.py:248} INFO - Total Bytes: 46680 | Bytes Written: 46680
[2023-05-01T02:28:03.118+0000] {gcs.py:261} INFO - Object input/Base_2018.xlsx in bucket bucket_raw_jr rewritten to object backup/Base_2018.xlsx in bucket bucket_raw_jr
[2023-05-01T02:28:03.312+0000] {gcs.py:664} INFO - Blob input/Base_2018.xlsx deleted.
[2023-05-01T02:28:03.329+0000] {taskinstance.py:1323} INFO - Marking task as SUCCESS. dag_id=gsc_to_bq, task_id=move_file_to_bkp, execution_date=20230430T000000, start_date=20230501T022801, end_date=20230501T022803
[2023-05-01T02:28:03.378+0000] {local_task_job.py:208} INFO - Task exited with return code 0
[2023-05-01T02:28:03.405+0000] {taskinstance.py:2578} INFO - 0 downstream tasks scheduled from follow-on schedule check
