[2023-03-11T00:14:59.817+0000] {taskinstance.py:1083} INFO - Dependencies all met for <TaskInstance: ingestion_dados_postgres.criar_tabela_ed scheduled__2023-03-10T22:30:00+00:00 [queued]>
[2023-03-11T00:14:59.865+0000] {taskinstance.py:1083} INFO - Dependencies all met for <TaskInstance: ingestion_dados_postgres.criar_tabela_ed scheduled__2023-03-10T22:30:00+00:00 [queued]>
[2023-03-11T00:14:59.869+0000] {taskinstance.py:1279} INFO - 
--------------------------------------------------------------------------------
[2023-03-11T00:14:59.874+0000] {taskinstance.py:1280} INFO - Starting attempt 1 of 1
[2023-03-11T00:14:59.875+0000] {taskinstance.py:1281} INFO - 
--------------------------------------------------------------------------------
[2023-03-11T00:14:59.980+0000] {taskinstance.py:1300} INFO - Executing <Task(PostgresOperator): criar_tabela_ed> on 2023-03-10 22:30:00+00:00
[2023-03-11T00:15:00.016+0000] {standard_task_runner.py:55} INFO - Started process 13956 to run task
[2023-03-11T00:15:00.034+0000] {standard_task_runner.py:82} INFO - Running: ['***', 'tasks', 'run', 'ingestion_dados_postgres', 'criar_tabela_ed', 'scheduled__2023-03-10T22:30:00+00:00', '--job-id', '188', '--raw', '--subdir', 'DAGS_FOLDER/ingestion_dados_postgres.py', '--cfg-path', '/tmp/tmp7sm9n5fv']
[2023-03-11T00:15:00.051+0000] {standard_task_runner.py:83} INFO - Job 188: Subtask criar_tabela_ed
[2023-03-11T00:15:00.370+0000] {task_command.py:388} INFO - Running <TaskInstance: ingestion_dados_postgres.criar_tabela_ed scheduled__2023-03-10T22:30:00+00:00 [running]> on host 9ff22fa0bca3
[2023-03-11T00:15:00.632+0000] {taskinstance.py:1509} INFO - Exporting the following env vars:
AIRFLOW_CTX_DAG_OWNER=***
AIRFLOW_CTX_DAG_ID=ingestion_dados_postgres
AIRFLOW_CTX_TASK_ID=criar_tabela_ed
AIRFLOW_CTX_EXECUTION_DATE=2023-03-10T22:30:00+00:00
AIRFLOW_CTX_TRY_NUMBER=1
AIRFLOW_CTX_DAG_RUN_ID=scheduled__2023-03-10T22:30:00+00:00
[2023-03-11T00:15:00.634+0000] {sql.py:254} INFO - Executing: create table if not exists tb_data_engineering(
    id int generated by default as identity,
    name varchar not null,
    cargo varchar not null,
    nivel varchar not null,
    dt date
)
[2023-03-11T00:15:00.656+0000] {base.py:73} INFO - Using connection ID 'postgres-***' for task execution.
[2023-03-11T00:15:01.628+0000] {base.py:73} INFO - Using connection ID 'postgres-***' for task execution.
[2023-03-11T00:15:01.692+0000] {sql.py:375} INFO - Running statement: create table if not exists tb_data_engineering(
    id int generated by default as identity,
    name varchar not null,
    cargo varchar not null,
    nivel varchar not null,
    dt date
), parameters: None
[2023-03-11T00:15:02.001+0000] {taskinstance.py:1323} INFO - Marking task as SUCCESS. dag_id=ingestion_dados_postgres, task_id=criar_tabela_ed, execution_date=20230310T223000, start_date=20230311T001459, end_date=20230311T001502
[2023-03-11T00:15:02.104+0000] {local_task_job.py:208} INFO - Task exited with return code 0
[2023-03-11T00:15:02.205+0000] {taskinstance.py:2578} INFO - 1 downstream tasks scheduled from follow-on schedule check
