[2023-03-09T14:30:39.682+0000] {taskinstance.py:1083} INFO - Dependencies all met for <TaskInstance: dag_sql.update_dados_tb_data_engineering scheduled__2023-03-09T13:30:00+00:00 [queued]>
[2023-03-09T14:30:39.700+0000] {taskinstance.py:1083} INFO - Dependencies all met for <TaskInstance: dag_sql.update_dados_tb_data_engineering scheduled__2023-03-09T13:30:00+00:00 [queued]>
[2023-03-09T14:30:39.701+0000] {taskinstance.py:1279} INFO - 
--------------------------------------------------------------------------------
[2023-03-09T14:30:39.706+0000] {taskinstance.py:1280} INFO - Starting attempt 1 of 1
[2023-03-09T14:30:39.708+0000] {taskinstance.py:1281} INFO - 
--------------------------------------------------------------------------------
[2023-03-09T14:30:39.733+0000] {taskinstance.py:1300} INFO - Executing <Task(PostgresOperator): update_dados_tb_data_engineering> on 2023-03-09 13:30:00+00:00
[2023-03-09T14:30:39.743+0000] {standard_task_runner.py:55} INFO - Started process 2982 to run task
[2023-03-09T14:30:39.749+0000] {standard_task_runner.py:82} INFO - Running: ['***', 'tasks', 'run', 'dag_sql', 'update_dados_tb_data_engineering', 'scheduled__2023-03-09T13:30:00+00:00', '--job-id', '156', '--raw', '--subdir', 'DAGS_FOLDER/dag_sql.py', '--cfg-path', '/tmp/tmptj_aj306']
[2023-03-09T14:30:39.750+0000] {standard_task_runner.py:83} INFO - Job 156: Subtask update_dados_tb_data_engineering
[2023-03-09T14:30:39.868+0000] {task_command.py:388} INFO - Running <TaskInstance: dag_sql.update_dados_tb_data_engineering scheduled__2023-03-09T13:30:00+00:00 [running]> on host 55fa40ce7ec1
[2023-03-09T14:30:40.000+0000] {taskinstance.py:1509} INFO - Exporting the following env vars:
AIRFLOW_CTX_DAG_OWNER=***
AIRFLOW_CTX_DAG_ID=dag_sql
AIRFLOW_CTX_TASK_ID=update_dados_tb_data_engineering
AIRFLOW_CTX_EXECUTION_DATE=2023-03-09T13:30:00+00:00
AIRFLOW_CTX_TRY_NUMBER=1
AIRFLOW_CTX_DAG_RUN_ID=scheduled__2023-03-09T13:30:00+00:00
[2023-03-09T14:30:40.002+0000] {sql.py:254} INFO - Executing: UPDATE tb_data_engineering
SET nivel = 'SENIOR'
WHERE nivel = 'PLENO';
[2023-03-09T14:30:40.028+0000] {base.py:73} INFO - Using connection ID 'postgres-***' for task execution.
[2023-03-09T14:30:41.009+0000] {base.py:73} INFO - Using connection ID 'postgres-***' for task execution.
[2023-03-09T14:30:41.049+0000] {sql.py:375} INFO - Running statement: UPDATE tb_data_engineering
SET nivel = 'SENIOR'
WHERE nivel = 'PLENO';, parameters: None
[2023-03-09T14:30:41.094+0000] {sql.py:384} INFO - Rows affected: 9
[2023-03-09T14:30:41.171+0000] {taskinstance.py:1323} INFO - Marking task as SUCCESS. dag_id=dag_sql, task_id=update_dados_tb_data_engineering, execution_date=20230309T133000, start_date=20230309T143039, end_date=20230309T143041
[2023-03-09T14:30:41.254+0000] {local_task_job.py:208} INFO - Task exited with return code 0
[2023-03-09T14:30:41.373+0000] {taskinstance.py:2578} INFO - 0 downstream tasks scheduled from follow-on schedule check
