[2023-04-28T18:27:43.335+0000] {taskinstance.py:1083} INFO - Dependencies all met for <TaskInstance: dag_sql.criar_tabela_db scheduled__2023-04-28T16:30:00+00:00 [queued]>
[2023-04-28T18:27:43.355+0000] {taskinstance.py:1083} INFO - Dependencies all met for <TaskInstance: dag_sql.criar_tabela_db scheduled__2023-04-28T16:30:00+00:00 [queued]>
[2023-04-28T18:27:43.356+0000] {taskinstance.py:1279} INFO - 
--------------------------------------------------------------------------------
[2023-04-28T18:27:43.357+0000] {taskinstance.py:1280} INFO - Starting attempt 1 of 1
[2023-04-28T18:27:43.358+0000] {taskinstance.py:1281} INFO - 
--------------------------------------------------------------------------------
[2023-04-28T18:27:43.391+0000] {taskinstance.py:1300} INFO - Executing <Task(PostgresOperator): criar_tabela_db> on 2023-04-28 16:30:00+00:00
[2023-04-28T18:27:43.488+0000] {standard_task_runner.py:55} INFO - Started process 414 to run task
[2023-04-28T18:27:43.497+0000] {standard_task_runner.py:82} INFO - Running: ['***', 'tasks', 'run', 'dag_sql', 'criar_tabela_db', 'scheduled__2023-04-28T16:30:00+00:00', '--job-id', '445', '--raw', '--subdir', 'DAGS_FOLDER/dag_sql.py', '--cfg-path', '/tmp/tmpjfn5q8ib']
[2023-04-28T18:27:43.499+0000] {standard_task_runner.py:83} INFO - Job 445: Subtask criar_tabela_db
[2023-04-28T18:27:43.633+0000] {task_command.py:388} INFO - Running <TaskInstance: dag_sql.criar_tabela_db scheduled__2023-04-28T16:30:00+00:00 [running]> on host e78efd09126d
[2023-04-28T18:27:43.759+0000] {taskinstance.py:1509} INFO - Exporting the following env vars:
AIRFLOW_CTX_DAG_OWNER=***
AIRFLOW_CTX_DAG_ID=dag_sql
AIRFLOW_CTX_TASK_ID=criar_tabela_db
AIRFLOW_CTX_EXECUTION_DATE=2023-04-28T16:30:00+00:00
AIRFLOW_CTX_TRY_NUMBER=1
AIRFLOW_CTX_DAG_RUN_ID=scheduled__2023-04-28T16:30:00+00:00
[2023-04-28T18:27:43.760+0000] {sql.py:254} INFO - Executing: create table if not exists tb_cliente(
    id int generated by default as identity,
    name varchar not null,
    dt date
)
[2023-04-28T18:27:43.775+0000] {base.py:73} INFO - Using connection ID 'postgres-***' for task execution.
[2023-04-28T18:27:44.183+0000] {base.py:73} INFO - Using connection ID 'postgres-***' for task execution.
[2023-04-28T18:27:44.349+0000] {sql.py:375} INFO - Running statement: create table if not exists tb_cliente(
    id int generated by default as identity,
    name varchar not null,
    dt date
), parameters: None
[2023-04-28T18:27:44.448+0000] {taskinstance.py:1323} INFO - Marking task as SUCCESS. dag_id=dag_sql, task_id=criar_tabela_db, execution_date=20230428T163000, start_date=20230428T182743, end_date=20230428T182744
[2023-04-28T18:27:44.528+0000] {local_task_job.py:208} INFO - Task exited with return code 0
[2023-04-28T18:27:44.574+0000] {taskinstance.py:2578} INFO - 1 downstream tasks scheduled from follow-on schedule check
