[2023-05-04T14:17:15.419+0000] {taskinstance.py:1083} INFO - Dependencies all met for <TaskInstance: gsc_to_bq.ingest_dado scheduled__2023-05-03T00:00:00+00:00 [queued]>
[2023-05-04T14:17:15.440+0000] {taskinstance.py:1083} INFO - Dependencies all met for <TaskInstance: gsc_to_bq.ingest_dado scheduled__2023-05-03T00:00:00+00:00 [queued]>
[2023-05-04T14:17:15.440+0000] {taskinstance.py:1279} INFO - 
--------------------------------------------------------------------------------
[2023-05-04T14:17:15.441+0000] {taskinstance.py:1280} INFO - Starting attempt 12 of 13
[2023-05-04T14:17:15.442+0000] {taskinstance.py:1281} INFO - 
--------------------------------------------------------------------------------
[2023-05-04T14:17:15.463+0000] {taskinstance.py:1300} INFO - Executing <Task(PythonOperator): ingest_dado> on 2023-05-03 00:00:00+00:00
[2023-05-04T14:17:15.535+0000] {standard_task_runner.py:55} INFO - Started process 1112 to run task
[2023-05-04T14:17:15.541+0000] {standard_task_runner.py:82} INFO - Running: ['***', 'tasks', 'run', 'gsc_to_bq', 'ingest_dado', 'scheduled__2023-05-03T00:00:00+00:00', '--job-id', '745', '--raw', '--subdir', 'DAGS_FOLDER/gcs_to_bq.py', '--cfg-path', '/tmp/tmpavm_spc8']
[2023-05-04T14:17:15.545+0000] {standard_task_runner.py:83} INFO - Job 745: Subtask ingest_dado
[2023-05-04T14:17:15.663+0000] {task_command.py:388} INFO - Running <TaskInstance: gsc_to_bq.ingest_dado scheduled__2023-05-03T00:00:00+00:00 [running]> on host 1630dcf67789
[2023-05-04T14:17:15.759+0000] {taskinstance.py:1509} INFO - Exporting the following env vars:
AIRFLOW_CTX_DAG_OWNER=Junior Lafuente
AIRFLOW_CTX_DAG_ID=gsc_to_bq
AIRFLOW_CTX_TASK_ID=ingest_dado
AIRFLOW_CTX_EXECUTION_DATE=2023-05-03T00:00:00+00:00
AIRFLOW_CTX_TRY_NUMBER=12
AIRFLOW_CTX_DAG_RUN_ID=scheduled__2023-05-03T00:00:00+00:00
[2023-05-04T14:17:16.725+0000] {taskinstance.py:1768} ERROR - Task failed with exception
Traceback (most recent call last):
  File "/home/airflow/.local/lib/python3.7/site-packages/airflow/operators/python.py", line 175, in execute
    return_value = self.execute_callable()
  File "/home/airflow/.local/lib/python3.7/site-packages/airflow/operators/python.py", line 192, in execute_callable
    return self.python_callable(*self.op_args, **self.op_kwargs)
  File "/opt/airflow/dags/gcs_to_bq.py", line 30, in ingest_dados
    import openpyxl
ModuleNotFoundError: No module named 'openpyxl'
[2023-05-04T14:17:16.750+0000] {taskinstance.py:1323} INFO - Marking task as UP_FOR_RETRY. dag_id=gsc_to_bq, task_id=ingest_dado, execution_date=20230503T000000, start_date=20230504T141715, end_date=20230504T141716
[2023-05-04T14:17:16.777+0000] {standard_task_runner.py:105} ERROR - Failed to execute job 745 for task ingest_dado (No module named 'openpyxl'; 1112)
[2023-05-04T14:17:16.840+0000] {local_task_job.py:208} INFO - Task exited with return code 1
[2023-05-04T14:17:16.880+0000] {taskinstance.py:2578} INFO - 0 downstream tasks scheduled from follow-on schedule check
