[2023-03-11T00:29:08.689+0000] {taskinstance.py:1083} INFO - Dependencies all met for <TaskInstance: ingestion_dados_postgres.criar_tabela_data_engeening manual__2023-03-11T00:29:06.699397+00:00 [queued]>
[2023-03-11T00:29:08.715+0000] {taskinstance.py:1083} INFO - Dependencies all met for <TaskInstance: ingestion_dados_postgres.criar_tabela_data_engeening manual__2023-03-11T00:29:06.699397+00:00 [queued]>
[2023-03-11T00:29:08.716+0000] {taskinstance.py:1279} INFO - 
--------------------------------------------------------------------------------
[2023-03-11T00:29:08.717+0000] {taskinstance.py:1280} INFO - Starting attempt 1 of 1
[2023-03-11T00:29:08.718+0000] {taskinstance.py:1281} INFO - 
--------------------------------------------------------------------------------
[2023-03-11T00:29:08.758+0000] {taskinstance.py:1300} INFO - Executing <Task(PostgresOperator): criar_tabela_data_engeening> on 2023-03-11 00:29:06.699397+00:00
[2023-03-11T00:29:08.771+0000] {standard_task_runner.py:55} INFO - Started process 14883 to run task
[2023-03-11T00:29:08.786+0000] {standard_task_runner.py:82} INFO - Running: ['***', 'tasks', 'run', 'ingestion_dados_postgres', 'criar_tabela_data_engeening', 'manual__2023-03-11T00:29:06.699397+00:00', '--job-id', '201', '--raw', '--subdir', 'DAGS_FOLDER/ingestion_dados_postgres.py', '--cfg-path', '/tmp/tmppqj3ojon']
[2023-03-11T00:29:08.788+0000] {standard_task_runner.py:83} INFO - Job 201: Subtask criar_tabela_data_engeening
[2023-03-11T00:29:09.149+0000] {task_command.py:388} INFO - Running <TaskInstance: ingestion_dados_postgres.criar_tabela_data_engeening manual__2023-03-11T00:29:06.699397+00:00 [running]> on host 9ff22fa0bca3
[2023-03-11T00:29:09.321+0000] {taskinstance.py:1509} INFO - Exporting the following env vars:
AIRFLOW_CTX_DAG_OWNER=***
AIRFLOW_CTX_DAG_ID=ingestion_dados_postgres
AIRFLOW_CTX_TASK_ID=criar_tabela_data_engeening
AIRFLOW_CTX_EXECUTION_DATE=2023-03-11T00:29:06.699397+00:00
AIRFLOW_CTX_TRY_NUMBER=1
AIRFLOW_CTX_DAG_RUN_ID=manual__2023-03-11T00:29:06.699397+00:00
[2023-03-11T00:29:09.323+0000] {sql.py:254} INFO - Executing: create table if not exists tb_data_engineering(
    id int generated by default as identity,
    name varchar not null,
    cargo varchar not null,
    nivel varchar not null,
    dt date
)
[2023-03-11T00:29:09.343+0000] {base.py:73} INFO - Using connection ID 'postgres-***' for task execution.
[2023-03-11T00:29:09.736+0000] {base.py:73} INFO - Using connection ID 'postgres-***' for task execution.
[2023-03-11T00:29:09.811+0000] {sql.py:375} INFO - Running statement: create table if not exists tb_data_engineering(
    id int generated by default as identity,
    name varchar not null,
    cargo varchar not null,
    nivel varchar not null,
    dt date
), parameters: None
[2023-03-11T00:29:09.903+0000] {taskinstance.py:1323} INFO - Marking task as SUCCESS. dag_id=ingestion_dados_postgres, task_id=criar_tabela_data_engeening, execution_date=20230311T002906, start_date=20230311T002908, end_date=20230311T002909
[2023-03-11T00:29:09.966+0000] {local_task_job.py:208} INFO - Task exited with return code 0
[2023-03-11T00:29:10.020+0000] {taskinstance.py:2578} INFO - 1 downstream tasks scheduled from follow-on schedule check
