[2023-04-10T11:58:01.481+0000] {processor.py:153} INFO - Started process (PID=16735) to work on /opt/airflow/dags/dag_sql.py
[2023-04-10T11:58:01.494+0000] {processor.py:743} INFO - Processing file /opt/airflow/dags/dag_sql.py for tasks to queue
[2023-04-10T11:58:01.529+0000] {logging_mixin.py:137} INFO - [2023-04-10T11:58:01.529+0000] {dagbag.py:538} INFO - Filling up the DagBag from /opt/airflow/dags/dag_sql.py
[2023-04-10T11:58:15.495+0000] {processor.py:753} INFO - DAG(s) dict_keys(['dag_sql']) retrieved from /opt/airflow/dags/dag_sql.py
[2023-04-10T11:58:20.239+0000] {logging_mixin.py:137} INFO - [2023-04-10T11:58:20.238+0000] {dag.py:2690} INFO - Sync 1 DAGs
[2023-04-10T11:58:21.975+0000] {logging_mixin.py:137} INFO - [2023-04-10T11:58:21.975+0000] {dag.py:3441} INFO - Setting next_dagrun for dag_sql to 2023-04-10T10:30:00+00:00, run_after=2023-04-10T11:30:00+00:00
[2023-04-10T11:58:22.808+0000] {processor.py:175} INFO - Processing /opt/airflow/dags/dag_sql.py took 21.886 seconds
[2023-04-10T11:58:54.690+0000] {processor.py:153} INFO - Started process (PID=16771) to work on /opt/airflow/dags/dag_sql.py
[2023-04-10T11:58:54.747+0000] {processor.py:743} INFO - Processing file /opt/airflow/dags/dag_sql.py for tasks to queue
[2023-04-10T11:58:54.766+0000] {logging_mixin.py:137} INFO - [2023-04-10T11:58:54.766+0000] {dagbag.py:538} INFO - Filling up the DagBag from /opt/airflow/dags/dag_sql.py
[2023-04-10T11:58:56.582+0000] {processor.py:753} INFO - DAG(s) dict_keys(['dag_sql']) retrieved from /opt/airflow/dags/dag_sql.py
[2023-04-10T11:58:56.995+0000] {logging_mixin.py:137} INFO - [2023-04-10T11:58:56.995+0000] {dag.py:2690} INFO - Sync 1 DAGs
[2023-04-10T11:58:57.222+0000] {logging_mixin.py:137} INFO - [2023-04-10T11:58:57.221+0000] {dag.py:3441} INFO - Setting next_dagrun for dag_sql to 2023-04-10T10:30:00+00:00, run_after=2023-04-10T11:30:00+00:00
[2023-04-10T11:58:57.538+0000] {processor.py:175} INFO - Processing /opt/airflow/dags/dag_sql.py took 2.881 seconds
[2023-04-10T11:59:28.419+0000] {processor.py:153} INFO - Started process (PID=16806) to work on /opt/airflow/dags/dag_sql.py
[2023-04-10T11:59:28.422+0000] {processor.py:743} INFO - Processing file /opt/airflow/dags/dag_sql.py for tasks to queue
[2023-04-10T11:59:28.424+0000] {logging_mixin.py:137} INFO - [2023-04-10T11:59:28.424+0000] {dagbag.py:538} INFO - Filling up the DagBag from /opt/airflow/dags/dag_sql.py
[2023-04-10T11:59:29.397+0000] {processor.py:753} INFO - DAG(s) dict_keys(['dag_sql']) retrieved from /opt/airflow/dags/dag_sql.py
[2023-04-10T11:59:29.535+0000] {logging_mixin.py:137} INFO - [2023-04-10T11:59:29.534+0000] {dag.py:2690} INFO - Sync 1 DAGs
[2023-04-10T11:59:29.691+0000] {logging_mixin.py:137} INFO - [2023-04-10T11:59:29.691+0000] {dag.py:3441} INFO - Setting next_dagrun for dag_sql to 2023-04-10T10:30:00+00:00, run_after=2023-04-10T11:30:00+00:00
[2023-04-10T11:59:29.817+0000] {processor.py:175} INFO - Processing /opt/airflow/dags/dag_sql.py took 1.414 seconds
[2023-04-10T12:00:00.294+0000] {processor.py:153} INFO - Started process (PID=16834) to work on /opt/airflow/dags/dag_sql.py
[2023-04-10T12:00:00.337+0000] {processor.py:743} INFO - Processing file /opt/airflow/dags/dag_sql.py for tasks to queue
[2023-04-10T12:00:00.348+0000] {logging_mixin.py:137} INFO - [2023-04-10T12:00:00.347+0000] {dagbag.py:538} INFO - Filling up the DagBag from /opt/airflow/dags/dag_sql.py
[2023-04-10T12:00:01.339+0000] {processor.py:753} INFO - DAG(s) dict_keys(['dag_sql']) retrieved from /opt/airflow/dags/dag_sql.py
[2023-04-10T12:00:01.437+0000] {logging_mixin.py:137} INFO - [2023-04-10T12:00:01.436+0000] {dag.py:2690} INFO - Sync 1 DAGs
[2023-04-10T12:00:01.568+0000] {logging_mixin.py:137} INFO - [2023-04-10T12:00:01.567+0000] {dag.py:3441} INFO - Setting next_dagrun for dag_sql to 2023-04-10T10:30:00+00:00, run_after=2023-04-10T11:30:00+00:00
[2023-04-10T12:00:01.683+0000] {processor.py:175} INFO - Processing /opt/airflow/dags/dag_sql.py took 1.397 seconds
[2023-04-10T12:00:32.574+0000] {processor.py:153} INFO - Started process (PID=16860) to work on /opt/airflow/dags/dag_sql.py
[2023-04-10T12:00:32.584+0000] {processor.py:743} INFO - Processing file /opt/airflow/dags/dag_sql.py for tasks to queue
[2023-04-10T12:00:32.593+0000] {logging_mixin.py:137} INFO - [2023-04-10T12:00:32.593+0000] {dagbag.py:538} INFO - Filling up the DagBag from /opt/airflow/dags/dag_sql.py
[2023-04-10T12:00:32.916+0000] {processor.py:753} INFO - DAG(s) dict_keys(['dag_sql']) retrieved from /opt/airflow/dags/dag_sql.py
[2023-04-10T12:00:32.975+0000] {logging_mixin.py:137} INFO - [2023-04-10T12:00:32.975+0000] {dag.py:2690} INFO - Sync 1 DAGs
[2023-04-10T12:00:33.032+0000] {logging_mixin.py:137} INFO - [2023-04-10T12:00:33.032+0000] {dag.py:3441} INFO - Setting next_dagrun for dag_sql to 2023-04-10T10:30:00+00:00, run_after=2023-04-10T11:30:00+00:00
[2023-04-10T12:00:33.101+0000] {processor.py:175} INFO - Processing /opt/airflow/dags/dag_sql.py took 0.532 seconds
[2023-04-10T12:01:03.586+0000] {processor.py:153} INFO - Started process (PID=16895) to work on /opt/airflow/dags/dag_sql.py
[2023-04-10T12:01:03.590+0000] {processor.py:743} INFO - Processing file /opt/airflow/dags/dag_sql.py for tasks to queue
[2023-04-10T12:01:03.600+0000] {logging_mixin.py:137} INFO - [2023-04-10T12:01:03.599+0000] {dagbag.py:538} INFO - Filling up the DagBag from /opt/airflow/dags/dag_sql.py
[2023-04-10T12:01:04.080+0000] {processor.py:753} INFO - DAG(s) dict_keys(['dag_sql']) retrieved from /opt/airflow/dags/dag_sql.py
[2023-04-10T12:01:04.172+0000] {logging_mixin.py:137} INFO - [2023-04-10T12:01:04.172+0000] {dag.py:2690} INFO - Sync 1 DAGs
[2023-04-10T12:01:04.325+0000] {logging_mixin.py:137} INFO - [2023-04-10T12:01:04.325+0000] {dag.py:3441} INFO - Setting next_dagrun for dag_sql to 2023-04-10T10:30:00+00:00, run_after=2023-04-10T11:30:00+00:00
[2023-04-10T12:01:04.449+0000] {processor.py:175} INFO - Processing /opt/airflow/dags/dag_sql.py took 0.869 seconds
[2023-04-10T12:01:35.302+0000] {processor.py:153} INFO - Started process (PID=16914) to work on /opt/airflow/dags/dag_sql.py
[2023-04-10T12:01:35.305+0000] {processor.py:743} INFO - Processing file /opt/airflow/dags/dag_sql.py for tasks to queue
[2023-04-10T12:01:35.309+0000] {logging_mixin.py:137} INFO - [2023-04-10T12:01:35.308+0000] {dagbag.py:538} INFO - Filling up the DagBag from /opt/airflow/dags/dag_sql.py
[2023-04-10T12:01:35.791+0000] {processor.py:753} INFO - DAG(s) dict_keys(['dag_sql']) retrieved from /opt/airflow/dags/dag_sql.py
[2023-04-10T12:01:35.884+0000] {logging_mixin.py:137} INFO - [2023-04-10T12:01:35.883+0000] {dag.py:2690} INFO - Sync 1 DAGs
[2023-04-10T12:01:36.023+0000] {logging_mixin.py:137} INFO - [2023-04-10T12:01:36.023+0000] {dag.py:3441} INFO - Setting next_dagrun for dag_sql to 2023-04-10T10:30:00+00:00, run_after=2023-04-10T11:30:00+00:00
[2023-04-10T12:01:36.148+0000] {processor.py:175} INFO - Processing /opt/airflow/dags/dag_sql.py took 0.862 seconds
[2023-04-10T12:02:06.517+0000] {processor.py:153} INFO - Started process (PID=16949) to work on /opt/airflow/dags/dag_sql.py
[2023-04-10T12:02:06.525+0000] {processor.py:743} INFO - Processing file /opt/airflow/dags/dag_sql.py for tasks to queue
[2023-04-10T12:02:06.533+0000] {logging_mixin.py:137} INFO - [2023-04-10T12:02:06.532+0000] {dagbag.py:538} INFO - Filling up the DagBag from /opt/airflow/dags/dag_sql.py
[2023-04-10T12:02:07.560+0000] {processor.py:753} INFO - DAG(s) dict_keys(['dag_sql']) retrieved from /opt/airflow/dags/dag_sql.py
[2023-04-10T12:02:07.680+0000] {logging_mixin.py:137} INFO - [2023-04-10T12:02:07.680+0000] {dag.py:2690} INFO - Sync 1 DAGs
[2023-04-10T12:02:07.824+0000] {logging_mixin.py:137} INFO - [2023-04-10T12:02:07.824+0000] {dag.py:3441} INFO - Setting next_dagrun for dag_sql to 2023-04-10T10:30:00+00:00, run_after=2023-04-10T11:30:00+00:00
[2023-04-10T12:02:07.970+0000] {processor.py:175} INFO - Processing /opt/airflow/dags/dag_sql.py took 1.463 seconds
[2023-04-10T12:02:38.693+0000] {processor.py:153} INFO - Started process (PID=16974) to work on /opt/airflow/dags/dag_sql.py
[2023-04-10T12:02:38.695+0000] {processor.py:743} INFO - Processing file /opt/airflow/dags/dag_sql.py for tasks to queue
[2023-04-10T12:02:38.719+0000] {logging_mixin.py:137} INFO - [2023-04-10T12:02:38.719+0000] {dagbag.py:538} INFO - Filling up the DagBag from /opt/airflow/dags/dag_sql.py
[2023-04-10T12:02:39.985+0000] {processor.py:753} INFO - DAG(s) dict_keys(['dag_sql']) retrieved from /opt/airflow/dags/dag_sql.py
[2023-04-10T12:02:40.147+0000] {logging_mixin.py:137} INFO - [2023-04-10T12:02:40.137+0000] {dag.py:2690} INFO - Sync 1 DAGs
[2023-04-10T12:02:40.363+0000] {logging_mixin.py:137} INFO - [2023-04-10T12:02:40.363+0000] {dag.py:3441} INFO - Setting next_dagrun for dag_sql to 2023-04-10T10:30:00+00:00, run_after=2023-04-10T11:30:00+00:00
[2023-04-10T12:02:40.511+0000] {processor.py:175} INFO - Processing /opt/airflow/dags/dag_sql.py took 1.835 seconds
[2023-04-10T12:03:11.756+0000] {processor.py:153} INFO - Started process (PID=17001) to work on /opt/airflow/dags/dag_sql.py
[2023-04-10T12:03:11.766+0000] {processor.py:743} INFO - Processing file /opt/airflow/dags/dag_sql.py for tasks to queue
[2023-04-10T12:03:11.785+0000] {logging_mixin.py:137} INFO - [2023-04-10T12:03:11.785+0000] {dagbag.py:538} INFO - Filling up the DagBag from /opt/airflow/dags/dag_sql.py
[2023-04-10T12:03:12.553+0000] {processor.py:753} INFO - DAG(s) dict_keys(['dag_sql']) retrieved from /opt/airflow/dags/dag_sql.py
[2023-04-10T12:03:12.728+0000] {logging_mixin.py:137} INFO - [2023-04-10T12:03:12.725+0000] {dag.py:2690} INFO - Sync 1 DAGs
[2023-04-10T12:03:12.864+0000] {logging_mixin.py:137} INFO - [2023-04-10T12:03:12.864+0000] {dag.py:3441} INFO - Setting next_dagrun for dag_sql to 2023-04-10T10:30:00+00:00, run_after=2023-04-10T11:30:00+00:00
[2023-04-10T12:03:13.058+0000] {processor.py:175} INFO - Processing /opt/airflow/dags/dag_sql.py took 1.311 seconds
[2023-04-10T12:03:43.863+0000] {processor.py:153} INFO - Started process (PID=17029) to work on /opt/airflow/dags/dag_sql.py
[2023-04-10T12:03:43.886+0000] {processor.py:743} INFO - Processing file /opt/airflow/dags/dag_sql.py for tasks to queue
[2023-04-10T12:03:43.893+0000] {logging_mixin.py:137} INFO - [2023-04-10T12:03:43.892+0000] {dagbag.py:538} INFO - Filling up the DagBag from /opt/airflow/dags/dag_sql.py
[2023-04-10T12:03:45.033+0000] {processor.py:753} INFO - DAG(s) dict_keys(['dag_sql']) retrieved from /opt/airflow/dags/dag_sql.py
[2023-04-10T12:03:45.153+0000] {logging_mixin.py:137} INFO - [2023-04-10T12:03:45.153+0000] {dag.py:2690} INFO - Sync 1 DAGs
[2023-04-10T12:03:45.327+0000] {logging_mixin.py:137} INFO - [2023-04-10T12:03:45.327+0000] {dag.py:3441} INFO - Setting next_dagrun for dag_sql to 2023-04-10T10:30:00+00:00, run_after=2023-04-10T11:30:00+00:00
[2023-04-10T12:03:45.458+0000] {processor.py:175} INFO - Processing /opt/airflow/dags/dag_sql.py took 1.601 seconds
[2023-04-10T12:04:15.751+0000] {processor.py:153} INFO - Started process (PID=17055) to work on /opt/airflow/dags/dag_sql.py
[2023-04-10T12:04:15.753+0000] {processor.py:743} INFO - Processing file /opt/airflow/dags/dag_sql.py for tasks to queue
[2023-04-10T12:04:15.756+0000] {logging_mixin.py:137} INFO - [2023-04-10T12:04:15.756+0000] {dagbag.py:538} INFO - Filling up the DagBag from /opt/airflow/dags/dag_sql.py
[2023-04-10T12:04:15.991+0000] {processor.py:753} INFO - DAG(s) dict_keys(['dag_sql']) retrieved from /opt/airflow/dags/dag_sql.py
[2023-04-10T12:04:16.155+0000] {logging_mixin.py:137} INFO - [2023-04-10T12:04:16.155+0000] {dag.py:2690} INFO - Sync 1 DAGs
[2023-04-10T12:04:16.235+0000] {logging_mixin.py:137} INFO - [2023-04-10T12:04:16.235+0000] {dag.py:3441} INFO - Setting next_dagrun for dag_sql to 2023-04-10T10:30:00+00:00, run_after=2023-04-10T11:30:00+00:00
[2023-04-10T12:04:16.290+0000] {processor.py:175} INFO - Processing /opt/airflow/dags/dag_sql.py took 0.551 seconds
[2023-04-10T12:04:46.708+0000] {processor.py:153} INFO - Started process (PID=17090) to work on /opt/airflow/dags/dag_sql.py
[2023-04-10T12:04:46.713+0000] {processor.py:743} INFO - Processing file /opt/airflow/dags/dag_sql.py for tasks to queue
[2023-04-10T12:04:46.718+0000] {logging_mixin.py:137} INFO - [2023-04-10T12:04:46.717+0000] {dagbag.py:538} INFO - Filling up the DagBag from /opt/airflow/dags/dag_sql.py
[2023-04-10T12:04:46.907+0000] {processor.py:753} INFO - DAG(s) dict_keys(['dag_sql']) retrieved from /opt/airflow/dags/dag_sql.py
[2023-04-10T12:04:46.975+0000] {logging_mixin.py:137} INFO - [2023-04-10T12:04:46.974+0000] {dag.py:2690} INFO - Sync 1 DAGs
[2023-04-10T12:04:47.039+0000] {logging_mixin.py:137} INFO - [2023-04-10T12:04:47.039+0000] {dag.py:3441} INFO - Setting next_dagrun for dag_sql to 2023-04-10T10:30:00+00:00, run_after=2023-04-10T11:30:00+00:00
[2023-04-10T12:04:47.088+0000] {processor.py:175} INFO - Processing /opt/airflow/dags/dag_sql.py took 0.388 seconds
[2023-04-10T12:05:17.370+0000] {processor.py:153} INFO - Started process (PID=17125) to work on /opt/airflow/dags/dag_sql.py
[2023-04-10T12:05:17.376+0000] {processor.py:743} INFO - Processing file /opt/airflow/dags/dag_sql.py for tasks to queue
[2023-04-10T12:05:17.378+0000] {logging_mixin.py:137} INFO - [2023-04-10T12:05:17.378+0000] {dagbag.py:538} INFO - Filling up the DagBag from /opt/airflow/dags/dag_sql.py
[2023-04-10T12:05:17.654+0000] {processor.py:753} INFO - DAG(s) dict_keys(['dag_sql']) retrieved from /opt/airflow/dags/dag_sql.py
[2023-04-10T12:05:17.765+0000] {logging_mixin.py:137} INFO - [2023-04-10T12:05:17.764+0000] {dag.py:2690} INFO - Sync 1 DAGs
[2023-04-10T12:05:17.888+0000] {logging_mixin.py:137} INFO - [2023-04-10T12:05:17.888+0000] {dag.py:3441} INFO - Setting next_dagrun for dag_sql to 2023-04-10T10:30:00+00:00, run_after=2023-04-10T11:30:00+00:00
[2023-04-10T12:05:17.994+0000] {processor.py:175} INFO - Processing /opt/airflow/dags/dag_sql.py took 0.634 seconds
[2023-04-10T12:05:49.023+0000] {processor.py:153} INFO - Started process (PID=17151) to work on /opt/airflow/dags/dag_sql.py
[2023-04-10T12:05:49.025+0000] {processor.py:743} INFO - Processing file /opt/airflow/dags/dag_sql.py for tasks to queue
[2023-04-10T12:05:49.026+0000] {logging_mixin.py:137} INFO - [2023-04-10T12:05:49.026+0000] {dagbag.py:538} INFO - Filling up the DagBag from /opt/airflow/dags/dag_sql.py
[2023-04-10T12:05:49.234+0000] {processor.py:753} INFO - DAG(s) dict_keys(['dag_sql']) retrieved from /opt/airflow/dags/dag_sql.py
[2023-04-10T12:05:49.314+0000] {logging_mixin.py:137} INFO - [2023-04-10T12:05:49.314+0000] {dag.py:2690} INFO - Sync 1 DAGs
[2023-04-10T12:05:49.425+0000] {logging_mixin.py:137} INFO - [2023-04-10T12:05:49.424+0000] {dag.py:3441} INFO - Setting next_dagrun for dag_sql to 2023-04-10T10:30:00+00:00, run_after=2023-04-10T11:30:00+00:00
[2023-04-10T12:05:49.474+0000] {processor.py:175} INFO - Processing /opt/airflow/dags/dag_sql.py took 0.457 seconds
[2023-04-10T12:06:20.057+0000] {processor.py:153} INFO - Started process (PID=17179) to work on /opt/airflow/dags/dag_sql.py
[2023-04-10T12:06:20.061+0000] {processor.py:743} INFO - Processing file /opt/airflow/dags/dag_sql.py for tasks to queue
[2023-04-10T12:06:20.064+0000] {logging_mixin.py:137} INFO - [2023-04-10T12:06:20.064+0000] {dagbag.py:538} INFO - Filling up the DagBag from /opt/airflow/dags/dag_sql.py
[2023-04-10T12:06:20.492+0000] {processor.py:753} INFO - DAG(s) dict_keys(['dag_sql']) retrieved from /opt/airflow/dags/dag_sql.py
[2023-04-10T12:06:20.550+0000] {logging_mixin.py:137} INFO - [2023-04-10T12:06:20.550+0000] {dag.py:2690} INFO - Sync 1 DAGs
[2023-04-10T12:06:20.601+0000] {logging_mixin.py:137} INFO - [2023-04-10T12:06:20.601+0000] {dag.py:3441} INFO - Setting next_dagrun for dag_sql to 2023-04-10T10:30:00+00:00, run_after=2023-04-10T11:30:00+00:00
[2023-04-10T12:06:20.642+0000] {processor.py:175} INFO - Processing /opt/airflow/dags/dag_sql.py took 0.592 seconds
[2023-04-10T12:06:50.921+0000] {processor.py:153} INFO - Started process (PID=17223) to work on /opt/airflow/dags/dag_sql.py
[2023-04-10T12:06:50.925+0000] {processor.py:743} INFO - Processing file /opt/airflow/dags/dag_sql.py for tasks to queue
[2023-04-10T12:06:50.927+0000] {logging_mixin.py:137} INFO - [2023-04-10T12:06:50.927+0000] {dagbag.py:538} INFO - Filling up the DagBag from /opt/airflow/dags/dag_sql.py
[2023-04-10T12:06:51.235+0000] {processor.py:753} INFO - DAG(s) dict_keys(['dag_sql']) retrieved from /opt/airflow/dags/dag_sql.py
[2023-04-10T12:06:51.307+0000] {logging_mixin.py:137} INFO - [2023-04-10T12:06:51.307+0000] {dag.py:2690} INFO - Sync 1 DAGs
[2023-04-10T12:06:51.354+0000] {logging_mixin.py:137} INFO - [2023-04-10T12:06:51.354+0000] {dag.py:3441} INFO - Setting next_dagrun for dag_sql to 2023-04-10T10:30:00+00:00, run_after=2023-04-10T11:30:00+00:00
[2023-04-10T12:06:51.399+0000] {processor.py:175} INFO - Processing /opt/airflow/dags/dag_sql.py took 0.485 seconds
[2023-04-10T12:07:21.792+0000] {processor.py:153} INFO - Started process (PID=17255) to work on /opt/airflow/dags/dag_sql.py
[2023-04-10T12:07:21.795+0000] {processor.py:743} INFO - Processing file /opt/airflow/dags/dag_sql.py for tasks to queue
[2023-04-10T12:07:21.797+0000] {logging_mixin.py:137} INFO - [2023-04-10T12:07:21.797+0000] {dagbag.py:538} INFO - Filling up the DagBag from /opt/airflow/dags/dag_sql.py
[2023-04-10T12:07:22.025+0000] {processor.py:753} INFO - DAG(s) dict_keys(['dag_sql']) retrieved from /opt/airflow/dags/dag_sql.py
[2023-04-10T12:07:22.093+0000] {logging_mixin.py:137} INFO - [2023-04-10T12:07:22.092+0000] {dag.py:2690} INFO - Sync 1 DAGs
[2023-04-10T12:07:22.162+0000] {logging_mixin.py:137} INFO - [2023-04-10T12:07:22.162+0000] {dag.py:3441} INFO - Setting next_dagrun for dag_sql to 2023-04-10T10:30:00+00:00, run_after=2023-04-10T11:30:00+00:00
[2023-04-10T12:07:22.216+0000] {processor.py:175} INFO - Processing /opt/airflow/dags/dag_sql.py took 0.431 seconds
[2023-04-10T12:55:06.379+0000] {processor.py:153} INFO - Started process (PID=17267) to work on /opt/airflow/dags/dag_sql.py
[2023-04-10T12:55:06.382+0000] {processor.py:743} INFO - Processing file /opt/airflow/dags/dag_sql.py for tasks to queue
[2023-04-10T12:55:06.398+0000] {logging_mixin.py:137} INFO - [2023-04-10T12:55:06.397+0000] {dagbag.py:538} INFO - Filling up the DagBag from /opt/airflow/dags/dag_sql.py
[2023-04-10T12:55:11.349+0000] {processor.py:753} INFO - DAG(s) dict_keys(['dag_sql']) retrieved from /opt/airflow/dags/dag_sql.py
[2023-04-10T12:55:11.639+0000] {logging_mixin.py:137} INFO - [2023-04-10T12:55:11.628+0000] {dag.py:2690} INFO - Sync 1 DAGs
[2023-04-10T12:55:11.958+0000] {logging_mixin.py:137} INFO - [2023-04-10T12:55:11.958+0000] {dag.py:3441} INFO - Setting next_dagrun for dag_sql to 2023-04-10T11:30:00+00:00, run_after=2023-04-10T12:30:00+00:00
[2023-04-10T12:55:12.439+0000] {processor.py:175} INFO - Processing /opt/airflow/dags/dag_sql.py took 6.084 seconds
