[2023-03-10T21:30:02.318+0000] {taskinstance.py:1083} INFO - Dependencies all met for <TaskInstance: ingestion_dados_postgres.insere_dados_table_ed_replica scheduled__2023-03-10T20:30:00+00:00 [queued]>
[2023-03-10T21:30:02.328+0000] {taskinstance.py:1083} INFO - Dependencies all met for <TaskInstance: ingestion_dados_postgres.insere_dados_table_ed_replica scheduled__2023-03-10T20:30:00+00:00 [queued]>
[2023-03-10T21:30:02.329+0000] {taskinstance.py:1279} INFO - 
--------------------------------------------------------------------------------
[2023-03-10T21:30:02.330+0000] {taskinstance.py:1280} INFO - Starting attempt 1 of 1
[2023-03-10T21:30:02.331+0000] {taskinstance.py:1281} INFO - 
--------------------------------------------------------------------------------
[2023-03-10T21:30:02.345+0000] {taskinstance.py:1300} INFO - Executing <Task(PostgresOperator): insere_dados_table_ed_replica> on 2023-03-10 20:30:00+00:00
[2023-03-10T21:30:02.350+0000] {standard_task_runner.py:55} INFO - Started process 6060 to run task
[2023-03-10T21:30:02.354+0000] {standard_task_runner.py:82} INFO - Running: ['***', 'tasks', 'run', 'ingestion_dados_postgres', 'insere_dados_table_ed_replica', 'scheduled__2023-03-10T20:30:00+00:00', '--job-id', '180', '--raw', '--subdir', 'DAGS_FOLDER/ingestion_dados_postgres.py', '--cfg-path', '/tmp/tmp2twsz8_x']
[2023-03-10T21:30:02.355+0000] {standard_task_runner.py:83} INFO - Job 180: Subtask insere_dados_table_ed_replica
[2023-03-10T21:30:02.422+0000] {task_command.py:388} INFO - Running <TaskInstance: ingestion_dados_postgres.insere_dados_table_ed_replica scheduled__2023-03-10T20:30:00+00:00 [running]> on host 9ff22fa0bca3
[2023-03-10T21:30:02.490+0000] {taskinstance.py:1509} INFO - Exporting the following env vars:
AIRFLOW_CTX_DAG_OWNER=***
AIRFLOW_CTX_DAG_ID=ingestion_dados_postgres
AIRFLOW_CTX_TASK_ID=insere_dados_table_ed_replica
AIRFLOW_CTX_EXECUTION_DATE=2023-03-10T20:30:00+00:00
AIRFLOW_CTX_TRY_NUMBER=1
AIRFLOW_CTX_DAG_RUN_ID=scheduled__2023-03-10T20:30:00+00:00
[2023-03-10T21:30:02.491+0000] {sql.py:254} INFO - Executing: insert into tb_data_engineering_replica
select * from tb_data_engineering
where nivel = 'SPEC'
        
[2023-03-10T21:30:02.501+0000] {base.py:73} INFO - Using connection ID 'postgres-***' for task execution.
[2023-03-10T21:30:02.678+0000] {base.py:73} INFO - Using connection ID 'postgres-***' for task execution.
[2023-03-10T21:30:02.708+0000] {sql.py:375} INFO - Running statement: insert into tb_data_engineering_replica
select * from tb_data_engineering
where nivel = 'SPEC'
        , parameters: None
[2023-03-10T21:30:02.722+0000] {sql.py:384} INFO - Rows affected: 10
[2023-03-10T21:30:02.757+0000] {taskinstance.py:1323} INFO - Marking task as SUCCESS. dag_id=ingestion_dados_postgres, task_id=insere_dados_table_ed_replica, execution_date=20230310T203000, start_date=20230310T213002, end_date=20230310T213002
[2023-03-10T21:30:02.934+0000] {local_task_job.py:208} INFO - Task exited with return code 0
[2023-03-10T21:30:02.959+0000] {taskinstance.py:2578} INFO - 0 downstream tasks scheduled from follow-on schedule check
