[2023-05-03T02:05:19.631+0000] {taskinstance.py:1083} INFO - Dependencies all met for <TaskInstance: create_infra.create_table_bq scheduled__2023-04-30T00:00:00+00:00 [queued]>
[2023-05-03T02:05:19.827+0000] {taskinstance.py:1083} INFO - Dependencies all met for <TaskInstance: create_infra.create_table_bq scheduled__2023-04-30T00:00:00+00:00 [queued]>
[2023-05-03T02:05:19.831+0000] {taskinstance.py:1279} INFO - 
--------------------------------------------------------------------------------
[2023-05-03T02:05:19.841+0000] {taskinstance.py:1280} INFO - Starting attempt 11 of 12
[2023-05-03T02:05:19.849+0000] {taskinstance.py:1281} INFO - 
--------------------------------------------------------------------------------
[2023-05-03T02:05:20.087+0000] {taskinstance.py:1300} INFO - Executing <Task(BigQueryExecuteQueryOperator): create_table_bq> on 2023-04-30 00:00:00+00:00
[2023-05-03T02:05:20.146+0000] {standard_task_runner.py:55} INFO - Started process 12698 to run task
[2023-05-03T02:05:20.207+0000] {standard_task_runner.py:82} INFO - Running: ['***', 'tasks', 'run', 'create_infra', 'create_table_bq', 'scheduled__2023-04-30T00:00:00+00:00', '--job-id', '588', '--raw', '--subdir', 'DAGS_FOLDER/create_infra.py', '--cfg-path', '/tmp/tmp_nn6jx2_']
[2023-05-03T02:05:20.287+0000] {standard_task_runner.py:83} INFO - Job 588: Subtask create_table_bq
[2023-05-03T02:05:20.859+0000] {task_command.py:388} INFO - Running <TaskInstance: create_infra.create_table_bq scheduled__2023-04-30T00:00:00+00:00 [running]> on host da959356c36a
[2023-05-03T02:05:21.259+0000] {taskinstance.py:1509} INFO - Exporting the following env vars:
AIRFLOW_CTX_DAG_OWNER=Junior Lafuente
AIRFLOW_CTX_DAG_ID=create_infra
AIRFLOW_CTX_TASK_ID=create_table_bq
AIRFLOW_CTX_EXECUTION_DATE=2023-04-30T00:00:00+00:00
AIRFLOW_CTX_TRY_NUMBER=11
AIRFLOW_CTX_DAG_RUN_ID=scheduled__2023-04-30T00:00:00+00:00
[2023-05-03T02:05:21.268+0000] {bigquery.py:1077} INFO - Executing: create table if not exists venda.tb_vendas(
    ID_MARCA integer,
    MARCA string,
    ID_LINHA integer,
    LINHA string,
    DATA_VENDA date,
    QTD_VENDA integer
)
PARTITION BY DATA_VENDA;
[2023-05-03T02:05:21.320+0000] {base.py:73} INFO - Using connection ID 'gcp' for task execution.
[2023-05-03T02:05:21.348+0000] {warnings.py:110} WARNING - /home/***/.local/lib/python3.7/site-packages/***/providers/google/cloud/hooks/bigquery.py:2051: DeprecationWarning: This method is deprecated. Please use `BigQueryHook.insert_job` method.
  "This method is deprecated. Please use `BigQueryHook.insert_job` method.", DeprecationWarning

[2023-05-03T02:05:21.598+0000] {bigquery.py:1542} INFO - Inserting job ***_1683079521596784_49c94c19084c4a5f48be240096ceffd6
[2023-05-03T02:05:24.101+0000] {taskinstance.py:1323} INFO - Marking task as SUCCESS. dag_id=create_infra, task_id=create_table_bq, execution_date=20230430T000000, start_date=20230503T020519, end_date=20230503T020524
[2023-05-03T02:05:24.249+0000] {local_task_job.py:208} INFO - Task exited with return code 0
[2023-05-03T02:05:24.351+0000] {taskinstance.py:2578} INFO - 0 downstream tasks scheduled from follow-on schedule check
