[2023-03-27T13:27:43.893+0000] {processor.py:153} INFO - Started process (PID=69) to work on /opt/airflow/dags/dag_sql.py
[2023-03-27T13:27:43.899+0000] {processor.py:743} INFO - Processing file /opt/airflow/dags/dag_sql.py for tasks to queue
[2023-03-27T13:27:43.902+0000] {logging_mixin.py:137} INFO - [2023-03-27T13:27:43.902+0000] {dagbag.py:538} INFO - Filling up the DagBag from /opt/airflow/dags/dag_sql.py
[2023-03-27T13:27:44.607+0000] {processor.py:753} INFO - DAG(s) dict_keys(['dag_sql']) retrieved from /opt/airflow/dags/dag_sql.py
[2023-03-27T13:27:44.903+0000] {logging_mixin.py:137} INFO - [2023-03-27T13:27:44.903+0000] {dag.py:2690} INFO - Sync 1 DAGs
[2023-03-27T13:27:45.105+0000] {logging_mixin.py:137} INFO - [2023-03-27T13:27:45.104+0000] {dag.py:3441} INFO - Setting next_dagrun for dag_sql to 2023-03-27T11:30:00+00:00, run_after=2023-03-27T12:30:00+00:00
[2023-03-27T13:27:45.364+0000] {processor.py:175} INFO - Processing /opt/airflow/dags/dag_sql.py took 1.481 seconds
[2023-03-27T13:28:16.260+0000] {processor.py:153} INFO - Started process (PID=126) to work on /opt/airflow/dags/dag_sql.py
[2023-03-27T13:28:16.264+0000] {processor.py:743} INFO - Processing file /opt/airflow/dags/dag_sql.py for tasks to queue
[2023-03-27T13:28:16.266+0000] {logging_mixin.py:137} INFO - [2023-03-27T13:28:16.266+0000] {dagbag.py:538} INFO - Filling up the DagBag from /opt/airflow/dags/dag_sql.py
[2023-03-27T13:28:16.495+0000] {processor.py:753} INFO - DAG(s) dict_keys(['dag_sql']) retrieved from /opt/airflow/dags/dag_sql.py
[2023-03-27T13:28:16.603+0000] {logging_mixin.py:137} INFO - [2023-03-27T13:28:16.591+0000] {dag.py:2690} INFO - Sync 1 DAGs
[2023-03-27T13:28:16.700+0000] {logging_mixin.py:137} INFO - [2023-03-27T13:28:16.700+0000] {dag.py:3441} INFO - Setting next_dagrun for dag_sql to 2023-03-27T11:30:00+00:00, run_after=2023-03-27T12:30:00+00:00
[2023-03-27T13:28:16.777+0000] {processor.py:175} INFO - Processing /opt/airflow/dags/dag_sql.py took 0.515 seconds
[2023-03-27T13:28:47.183+0000] {processor.py:153} INFO - Started process (PID=200) to work on /opt/airflow/dags/dag_sql.py
[2023-03-27T13:28:47.188+0000] {processor.py:743} INFO - Processing file /opt/airflow/dags/dag_sql.py for tasks to queue
[2023-03-27T13:28:47.192+0000] {logging_mixin.py:137} INFO - [2023-03-27T13:28:47.192+0000] {dagbag.py:538} INFO - Filling up the DagBag from /opt/airflow/dags/dag_sql.py
[2023-03-27T13:28:47.633+0000] {processor.py:753} INFO - DAG(s) dict_keys(['dag_sql']) retrieved from /opt/airflow/dags/dag_sql.py
[2023-03-27T13:28:47.718+0000] {logging_mixin.py:137} INFO - [2023-03-27T13:28:47.711+0000] {dag.py:2690} INFO - Sync 1 DAGs
[2023-03-27T13:28:47.825+0000] {logging_mixin.py:137} INFO - [2023-03-27T13:28:47.825+0000] {dag.py:3441} INFO - Setting next_dagrun for dag_sql to 2023-03-27T11:30:00+00:00, run_after=2023-03-27T12:30:00+00:00
[2023-03-27T13:28:47.908+0000] {processor.py:175} INFO - Processing /opt/airflow/dags/dag_sql.py took 0.732 seconds
[2023-03-27T13:29:18.394+0000] {processor.py:153} INFO - Started process (PID=266) to work on /opt/airflow/dags/dag_sql.py
[2023-03-27T13:29:18.404+0000] {processor.py:743} INFO - Processing file /opt/airflow/dags/dag_sql.py for tasks to queue
[2023-03-27T13:29:18.406+0000] {logging_mixin.py:137} INFO - [2023-03-27T13:29:18.406+0000] {dagbag.py:538} INFO - Filling up the DagBag from /opt/airflow/dags/dag_sql.py
[2023-03-27T13:29:19.216+0000] {processor.py:753} INFO - DAG(s) dict_keys(['dag_sql']) retrieved from /opt/airflow/dags/dag_sql.py
[2023-03-27T13:29:19.331+0000] {logging_mixin.py:137} INFO - [2023-03-27T13:29:19.330+0000] {dag.py:2690} INFO - Sync 1 DAGs
[2023-03-27T13:29:19.515+0000] {logging_mixin.py:137} INFO - [2023-03-27T13:29:19.515+0000] {dag.py:3441} INFO - Setting next_dagrun for dag_sql to 2023-03-27T11:30:00+00:00, run_after=2023-03-27T12:30:00+00:00
[2023-03-27T13:29:19.641+0000] {processor.py:175} INFO - Processing /opt/airflow/dags/dag_sql.py took 1.259 seconds
[2023-03-27T13:29:49.866+0000] {processor.py:153} INFO - Started process (PID=335) to work on /opt/airflow/dags/dag_sql.py
[2023-03-27T13:29:49.870+0000] {processor.py:743} INFO - Processing file /opt/airflow/dags/dag_sql.py for tasks to queue
[2023-03-27T13:29:49.872+0000] {logging_mixin.py:137} INFO - [2023-03-27T13:29:49.872+0000] {dagbag.py:538} INFO - Filling up the DagBag from /opt/airflow/dags/dag_sql.py
[2023-03-27T13:29:50.113+0000] {processor.py:753} INFO - DAG(s) dict_keys(['dag_sql']) retrieved from /opt/airflow/dags/dag_sql.py
[2023-03-27T13:29:50.183+0000] {logging_mixin.py:137} INFO - [2023-03-27T13:29:50.183+0000] {dag.py:2690} INFO - Sync 1 DAGs
[2023-03-27T13:29:50.293+0000] {logging_mixin.py:137} INFO - [2023-03-27T13:29:50.293+0000] {dag.py:3441} INFO - Setting next_dagrun for dag_sql to 2023-03-27T11:30:00+00:00, run_after=2023-03-27T12:30:00+00:00
[2023-03-27T13:29:50.354+0000] {processor.py:175} INFO - Processing /opt/airflow/dags/dag_sql.py took 0.504 seconds
[2023-03-27T13:30:20.761+0000] {processor.py:153} INFO - Started process (PID=399) to work on /opt/airflow/dags/dag_sql.py
[2023-03-27T13:30:21.781+0000] {processor.py:743} INFO - Processing file /opt/airflow/dags/dag_sql.py for tasks to queue
[2023-03-27T13:30:21.791+0000] {logging_mixin.py:137} INFO - [2023-03-27T13:30:21.790+0000] {dagbag.py:538} INFO - Filling up the DagBag from /opt/airflow/dags/dag_sql.py
[2023-03-27T13:30:25.708+0000] {processor.py:753} INFO - DAG(s) dict_keys(['dag_sql']) retrieved from /opt/airflow/dags/dag_sql.py
[2023-03-27T13:30:25.818+0000] {logging_mixin.py:137} INFO - [2023-03-27T13:30:25.818+0000] {dag.py:2690} INFO - Sync 1 DAGs
[2023-03-27T13:30:25.991+0000] {logging_mixin.py:137} INFO - [2023-03-27T13:30:25.991+0000] {dag.py:3441} INFO - Setting next_dagrun for dag_sql to 2023-03-27T12:30:00+00:00, run_after=2023-03-27T13:30:00+00:00
[2023-03-27T13:30:26.085+0000] {processor.py:175} INFO - Processing /opt/airflow/dags/dag_sql.py took 5.336 seconds
[2023-03-27T13:30:56.466+0000] {processor.py:153} INFO - Started process (PID=474) to work on /opt/airflow/dags/dag_sql.py
[2023-03-27T13:30:56.480+0000] {processor.py:743} INFO - Processing file /opt/airflow/dags/dag_sql.py for tasks to queue
[2023-03-27T13:30:56.485+0000] {logging_mixin.py:137} INFO - [2023-03-27T13:30:56.485+0000] {dagbag.py:538} INFO - Filling up the DagBag from /opt/airflow/dags/dag_sql.py
[2023-03-27T13:30:57.343+0000] {processor.py:753} INFO - DAG(s) dict_keys(['dag_sql']) retrieved from /opt/airflow/dags/dag_sql.py
[2023-03-27T13:30:57.496+0000] {logging_mixin.py:137} INFO - [2023-03-27T13:30:57.496+0000] {dag.py:2690} INFO - Sync 1 DAGs
[2023-03-27T13:30:57.649+0000] {logging_mixin.py:137} INFO - [2023-03-27T13:30:57.649+0000] {dag.py:3441} INFO - Setting next_dagrun for dag_sql to 2023-03-27T12:30:00+00:00, run_after=2023-03-27T13:30:00+00:00
[2023-03-27T13:30:57.776+0000] {processor.py:175} INFO - Processing /opt/airflow/dags/dag_sql.py took 1.324 seconds
[2023-03-27T13:31:32.028+0000] {processor.py:153} INFO - Started process (PID=530) to work on /opt/airflow/dags/dag_sql.py
[2023-03-27T13:31:32.092+0000] {processor.py:743} INFO - Processing file /opt/airflow/dags/dag_sql.py for tasks to queue
[2023-03-27T13:31:32.105+0000] {logging_mixin.py:137} INFO - [2023-03-27T13:31:32.105+0000] {dagbag.py:538} INFO - Filling up the DagBag from /opt/airflow/dags/dag_sql.py
[2023-03-27T13:31:32.618+0000] {processor.py:753} INFO - DAG(s) dict_keys(['dag_sql']) retrieved from /opt/airflow/dags/dag_sql.py
[2023-03-27T13:31:32.705+0000] {logging_mixin.py:137} INFO - [2023-03-27T13:31:32.704+0000] {dag.py:2690} INFO - Sync 1 DAGs
[2023-03-27T13:31:32.840+0000] {logging_mixin.py:137} INFO - [2023-03-27T13:31:32.830+0000] {dag.py:3441} INFO - Setting next_dagrun for dag_sql to 2023-03-27T12:30:00+00:00, run_after=2023-03-27T13:30:00+00:00
[2023-03-27T13:31:32.939+0000] {processor.py:175} INFO - Processing /opt/airflow/dags/dag_sql.py took 0.925 seconds
[2023-03-27T13:32:03.388+0000] {processor.py:153} INFO - Started process (PID=596) to work on /opt/airflow/dags/dag_sql.py
[2023-03-27T13:32:03.391+0000] {processor.py:743} INFO - Processing file /opt/airflow/dags/dag_sql.py for tasks to queue
[2023-03-27T13:32:03.405+0000] {logging_mixin.py:137} INFO - [2023-03-27T13:32:03.405+0000] {dagbag.py:538} INFO - Filling up the DagBag from /opt/airflow/dags/dag_sql.py
[2023-03-27T13:32:04.162+0000] {processor.py:753} INFO - DAG(s) dict_keys(['dag_sql']) retrieved from /opt/airflow/dags/dag_sql.py
[2023-03-27T13:32:04.378+0000] {logging_mixin.py:137} INFO - [2023-03-27T13:32:04.378+0000] {dag.py:2690} INFO - Sync 1 DAGs
[2023-03-27T13:32:04.596+0000] {logging_mixin.py:137} INFO - [2023-03-27T13:32:04.596+0000] {dag.py:3441} INFO - Setting next_dagrun for dag_sql to 2023-03-27T12:30:00+00:00, run_after=2023-03-27T13:30:00+00:00
[2023-03-27T13:32:04.790+0000] {processor.py:175} INFO - Processing /opt/airflow/dags/dag_sql.py took 1.409 seconds
[2023-03-27T13:32:37.991+0000] {processor.py:153} INFO - Started process (PID=660) to work on /opt/airflow/dags/dag_sql.py
[2023-03-27T13:32:37.994+0000] {processor.py:743} INFO - Processing file /opt/airflow/dags/dag_sql.py for tasks to queue
[2023-03-27T13:32:37.996+0000] {logging_mixin.py:137} INFO - [2023-03-27T13:32:37.995+0000] {dagbag.py:538} INFO - Filling up the DagBag from /opt/airflow/dags/dag_sql.py
[2023-03-27T13:32:38.471+0000] {processor.py:753} INFO - DAG(s) dict_keys(['dag_sql']) retrieved from /opt/airflow/dags/dag_sql.py
[2023-03-27T13:32:38.574+0000] {logging_mixin.py:137} INFO - [2023-03-27T13:32:38.574+0000] {dag.py:2690} INFO - Sync 1 DAGs
[2023-03-27T13:32:38.700+0000] {logging_mixin.py:137} INFO - [2023-03-27T13:32:38.700+0000] {dag.py:3441} INFO - Setting next_dagrun for dag_sql to 2023-03-27T12:30:00+00:00, run_after=2023-03-27T13:30:00+00:00
[2023-03-27T13:32:38.826+0000] {processor.py:175} INFO - Processing /opt/airflow/dags/dag_sql.py took 0.848 seconds
[2023-03-27T13:33:11.739+0000] {processor.py:153} INFO - Started process (PID=733) to work on /opt/airflow/dags/dag_sql.py
[2023-03-27T13:33:11.750+0000] {processor.py:743} INFO - Processing file /opt/airflow/dags/dag_sql.py for tasks to queue
[2023-03-27T13:33:11.753+0000] {logging_mixin.py:137} INFO - [2023-03-27T13:33:11.753+0000] {dagbag.py:538} INFO - Filling up the DagBag from /opt/airflow/dags/dag_sql.py
[2023-03-27T13:33:13.288+0000] {processor.py:753} INFO - DAG(s) dict_keys(['dag_sql']) retrieved from /opt/airflow/dags/dag_sql.py
[2023-03-27T13:33:13.408+0000] {logging_mixin.py:137} INFO - [2023-03-27T13:33:13.407+0000] {dag.py:2690} INFO - Sync 1 DAGs
[2023-03-27T13:33:13.619+0000] {logging_mixin.py:137} INFO - [2023-03-27T13:33:13.619+0000] {dag.py:3441} INFO - Setting next_dagrun for dag_sql to 2023-03-27T12:30:00+00:00, run_after=2023-03-27T13:30:00+00:00
[2023-03-27T13:33:13.746+0000] {processor.py:175} INFO - Processing /opt/airflow/dags/dag_sql.py took 2.012 seconds
[2023-03-27T13:33:44.104+0000] {processor.py:153} INFO - Started process (PID=802) to work on /opt/airflow/dags/dag_sql.py
[2023-03-27T13:33:44.106+0000] {processor.py:743} INFO - Processing file /opt/airflow/dags/dag_sql.py for tasks to queue
[2023-03-27T13:33:44.108+0000] {logging_mixin.py:137} INFO - [2023-03-27T13:33:44.108+0000] {dagbag.py:538} INFO - Filling up the DagBag from /opt/airflow/dags/dag_sql.py
[2023-03-27T13:33:45.506+0000] {processor.py:753} INFO - DAG(s) dict_keys(['dag_sql']) retrieved from /opt/airflow/dags/dag_sql.py
[2023-03-27T13:33:45.612+0000] {logging_mixin.py:137} INFO - [2023-03-27T13:33:45.611+0000] {dag.py:2690} INFO - Sync 1 DAGs
[2023-03-27T13:33:45.788+0000] {logging_mixin.py:137} INFO - [2023-03-27T13:33:45.777+0000] {dag.py:3441} INFO - Setting next_dagrun for dag_sql to 2023-03-27T12:30:00+00:00, run_after=2023-03-27T13:30:00+00:00
[2023-03-27T13:33:45.976+0000] {processor.py:175} INFO - Processing /opt/airflow/dags/dag_sql.py took 1.892 seconds
[2023-03-27T13:34:23.859+0000] {processor.py:153} INFO - Started process (PID=870) to work on /opt/airflow/dags/dag_sql.py
[2023-03-27T13:34:23.885+0000] {processor.py:743} INFO - Processing file /opt/airflow/dags/dag_sql.py for tasks to queue
[2023-03-27T13:34:23.918+0000] {logging_mixin.py:137} INFO - [2023-03-27T13:34:23.917+0000] {dagbag.py:538} INFO - Filling up the DagBag from /opt/airflow/dags/dag_sql.py
[2023-03-27T13:34:28.510+0000] {processor.py:753} INFO - DAG(s) dict_keys(['dag_sql']) retrieved from /opt/airflow/dags/dag_sql.py
[2023-03-27T13:34:28.636+0000] {logging_mixin.py:137} INFO - [2023-03-27T13:34:28.636+0000] {dag.py:2690} INFO - Sync 1 DAGs
[2023-03-27T13:34:28.803+0000] {logging_mixin.py:137} INFO - [2023-03-27T13:34:28.803+0000] {dag.py:3441} INFO - Setting next_dagrun for dag_sql to 2023-03-27T12:30:00+00:00, run_after=2023-03-27T13:30:00+00:00
[2023-03-27T13:34:29.015+0000] {processor.py:175} INFO - Processing /opt/airflow/dags/dag_sql.py took 5.162 seconds
[2023-03-27T13:34:59.224+0000] {processor.py:153} INFO - Started process (PID=933) to work on /opt/airflow/dags/dag_sql.py
[2023-03-27T13:34:59.226+0000] {processor.py:743} INFO - Processing file /opt/airflow/dags/dag_sql.py for tasks to queue
[2023-03-27T13:34:59.230+0000] {logging_mixin.py:137} INFO - [2023-03-27T13:34:59.229+0000] {dagbag.py:538} INFO - Filling up the DagBag from /opt/airflow/dags/dag_sql.py
[2023-03-27T13:34:59.388+0000] {processor.py:753} INFO - DAG(s) dict_keys(['dag_sql']) retrieved from /opt/airflow/dags/dag_sql.py
[2023-03-27T13:34:59.432+0000] {logging_mixin.py:137} INFO - [2023-03-27T13:34:59.431+0000] {dag.py:2690} INFO - Sync 1 DAGs
[2023-03-27T13:34:59.499+0000] {logging_mixin.py:137} INFO - [2023-03-27T13:34:59.499+0000] {dag.py:3441} INFO - Setting next_dagrun for dag_sql to 2023-03-27T12:30:00+00:00, run_after=2023-03-27T13:30:00+00:00
[2023-03-27T13:34:59.557+0000] {processor.py:175} INFO - Processing /opt/airflow/dags/dag_sql.py took 0.340 seconds
[2023-03-27T13:37:43.785+0000] {processor.py:153} INFO - Started process (PID=61) to work on /opt/airflow/dags/dag_sql.py
[2023-03-27T13:37:43.796+0000] {processor.py:743} INFO - Processing file /opt/airflow/dags/dag_sql.py for tasks to queue
[2023-03-27T13:37:43.798+0000] {logging_mixin.py:137} INFO - [2023-03-27T13:37:43.798+0000] {dagbag.py:538} INFO - Filling up the DagBag from /opt/airflow/dags/dag_sql.py
[2023-03-27T13:37:44.308+0000] {processor.py:753} INFO - DAG(s) dict_keys(['dag_sql']) retrieved from /opt/airflow/dags/dag_sql.py
[2023-03-27T13:37:44.686+0000] {logging_mixin.py:137} INFO - [2023-03-27T13:37:44.686+0000] {dag.py:2690} INFO - Sync 1 DAGs
[2023-03-27T13:37:44.795+0000] {logging_mixin.py:137} INFO - [2023-03-27T13:37:44.795+0000] {dag.py:3441} INFO - Setting next_dagrun for dag_sql to 2023-03-27T12:30:00+00:00, run_after=2023-03-27T13:30:00+00:00
[2023-03-27T13:37:44.870+0000] {processor.py:175} INFO - Processing /opt/airflow/dags/dag_sql.py took 1.091 seconds
[2023-03-27T13:38:15.484+0000] {processor.py:153} INFO - Started process (PID=89) to work on /opt/airflow/dags/dag_sql.py
[2023-03-27T13:38:15.487+0000] {processor.py:743} INFO - Processing file /opt/airflow/dags/dag_sql.py for tasks to queue
[2023-03-27T13:38:15.488+0000] {logging_mixin.py:137} INFO - [2023-03-27T13:38:15.488+0000] {dagbag.py:538} INFO - Filling up the DagBag from /opt/airflow/dags/dag_sql.py
[2023-03-27T13:38:15.580+0000] {processor.py:753} INFO - DAG(s) dict_keys(['dag_sql']) retrieved from /opt/airflow/dags/dag_sql.py
[2023-03-27T13:38:15.609+0000] {logging_mixin.py:137} INFO - [2023-03-27T13:38:15.609+0000] {dag.py:2690} INFO - Sync 1 DAGs
[2023-03-27T13:38:15.644+0000] {logging_mixin.py:137} INFO - [2023-03-27T13:38:15.644+0000] {dag.py:3441} INFO - Setting next_dagrun for dag_sql to 2023-03-27T12:30:00+00:00, run_after=2023-03-27T13:30:00+00:00
[2023-03-27T13:38:15.673+0000] {processor.py:175} INFO - Processing /opt/airflow/dags/dag_sql.py took 0.193 seconds
[2023-03-27T13:38:45.833+0000] {processor.py:153} INFO - Started process (PID=124) to work on /opt/airflow/dags/dag_sql.py
[2023-03-27T13:38:45.834+0000] {processor.py:743} INFO - Processing file /opt/airflow/dags/dag_sql.py for tasks to queue
[2023-03-27T13:38:45.835+0000] {logging_mixin.py:137} INFO - [2023-03-27T13:38:45.835+0000] {dagbag.py:538} INFO - Filling up the DagBag from /opt/airflow/dags/dag_sql.py
[2023-03-27T13:38:45.929+0000] {processor.py:753} INFO - DAG(s) dict_keys(['dag_sql']) retrieved from /opt/airflow/dags/dag_sql.py
[2023-03-27T13:38:45.957+0000] {logging_mixin.py:137} INFO - [2023-03-27T13:38:45.957+0000] {dag.py:2690} INFO - Sync 1 DAGs
[2023-03-27T13:38:45.985+0000] {logging_mixin.py:137} INFO - [2023-03-27T13:38:45.985+0000] {dag.py:3441} INFO - Setting next_dagrun for dag_sql to 2023-03-27T12:30:00+00:00, run_after=2023-03-27T13:30:00+00:00
[2023-03-27T13:38:46.013+0000] {processor.py:175} INFO - Processing /opt/airflow/dags/dag_sql.py took 0.184 seconds
[2023-03-27T13:39:16.425+0000] {processor.py:153} INFO - Started process (PID=159) to work on /opt/airflow/dags/dag_sql.py
[2023-03-27T13:39:16.427+0000] {processor.py:743} INFO - Processing file /opt/airflow/dags/dag_sql.py for tasks to queue
[2023-03-27T13:39:16.429+0000] {logging_mixin.py:137} INFO - [2023-03-27T13:39:16.429+0000] {dagbag.py:538} INFO - Filling up the DagBag from /opt/airflow/dags/dag_sql.py
[2023-03-27T13:39:16.746+0000] {processor.py:753} INFO - DAG(s) dict_keys(['dag_sql']) retrieved from /opt/airflow/dags/dag_sql.py
[2023-03-27T13:39:16.856+0000] {logging_mixin.py:137} INFO - [2023-03-27T13:39:16.855+0000] {dag.py:2690} INFO - Sync 1 DAGs
[2023-03-27T13:39:17.046+0000] {logging_mixin.py:137} INFO - [2023-03-27T13:39:17.046+0000] {dag.py:3441} INFO - Setting next_dagrun for dag_sql to 2023-03-27T12:30:00+00:00, run_after=2023-03-27T13:30:00+00:00
[2023-03-27T13:39:17.260+0000] {processor.py:175} INFO - Processing /opt/airflow/dags/dag_sql.py took 0.841 seconds
[2023-03-27T13:39:47.562+0000] {processor.py:153} INFO - Started process (PID=194) to work on /opt/airflow/dags/dag_sql.py
[2023-03-27T13:39:47.564+0000] {processor.py:743} INFO - Processing file /opt/airflow/dags/dag_sql.py for tasks to queue
[2023-03-27T13:39:47.566+0000] {logging_mixin.py:137} INFO - [2023-03-27T13:39:47.565+0000] {dagbag.py:538} INFO - Filling up the DagBag from /opt/airflow/dags/dag_sql.py
[2023-03-27T13:39:47.771+0000] {processor.py:753} INFO - DAG(s) dict_keys(['dag_sql']) retrieved from /opt/airflow/dags/dag_sql.py
[2023-03-27T13:39:47.823+0000] {logging_mixin.py:137} INFO - [2023-03-27T13:39:47.822+0000] {dag.py:2690} INFO - Sync 1 DAGs
[2023-03-27T13:39:47.889+0000] {logging_mixin.py:137} INFO - [2023-03-27T13:39:47.889+0000] {dag.py:3441} INFO - Setting next_dagrun for dag_sql to 2023-03-27T12:30:00+00:00, run_after=2023-03-27T13:30:00+00:00
[2023-03-27T13:39:47.961+0000] {processor.py:175} INFO - Processing /opt/airflow/dags/dag_sql.py took 0.404 seconds
[2023-03-27T13:40:18.553+0000] {processor.py:153} INFO - Started process (PID=236) to work on /opt/airflow/dags/dag_sql.py
[2023-03-27T13:40:18.561+0000] {processor.py:743} INFO - Processing file /opt/airflow/dags/dag_sql.py for tasks to queue
[2023-03-27T13:40:18.661+0000] {logging_mixin.py:137} INFO - [2023-03-27T13:40:18.660+0000] {dagbag.py:538} INFO - Filling up the DagBag from /opt/airflow/dags/dag_sql.py
[2023-03-27T13:40:19.387+0000] {processor.py:753} INFO - DAG(s) dict_keys(['dag_sql']) retrieved from /opt/airflow/dags/dag_sql.py
[2023-03-27T13:40:19.684+0000] {logging_mixin.py:137} INFO - [2023-03-27T13:40:19.675+0000] {dag.py:2690} INFO - Sync 1 DAGs
[2023-03-27T13:40:19.897+0000] {logging_mixin.py:137} INFO - [2023-03-27T13:40:19.897+0000] {dag.py:3441} INFO - Setting next_dagrun for dag_sql to 2023-03-27T12:30:00+00:00, run_after=2023-03-27T13:30:00+00:00
[2023-03-27T13:40:20.073+0000] {processor.py:175} INFO - Processing /opt/airflow/dags/dag_sql.py took 1.536 seconds
[2023-03-27T13:40:50.662+0000] {processor.py:153} INFO - Started process (PID=272) to work on /opt/airflow/dags/dag_sql.py
[2023-03-27T13:40:50.663+0000] {processor.py:743} INFO - Processing file /opt/airflow/dags/dag_sql.py for tasks to queue
[2023-03-27T13:40:50.664+0000] {logging_mixin.py:137} INFO - [2023-03-27T13:40:50.664+0000] {dagbag.py:538} INFO - Filling up the DagBag from /opt/airflow/dags/dag_sql.py
[2023-03-27T13:40:50.772+0000] {processor.py:753} INFO - DAG(s) dict_keys(['dag_sql']) retrieved from /opt/airflow/dags/dag_sql.py
[2023-03-27T13:40:50.808+0000] {logging_mixin.py:137} INFO - [2023-03-27T13:40:50.807+0000] {dag.py:2690} INFO - Sync 1 DAGs
[2023-03-27T13:40:50.842+0000] {logging_mixin.py:137} INFO - [2023-03-27T13:40:50.842+0000] {dag.py:3441} INFO - Setting next_dagrun for dag_sql to 2023-03-27T12:30:00+00:00, run_after=2023-03-27T13:30:00+00:00
[2023-03-27T13:40:50.863+0000] {processor.py:175} INFO - Processing /opt/airflow/dags/dag_sql.py took 0.204 seconds
[2023-03-27T13:41:21.329+0000] {processor.py:153} INFO - Started process (PID=307) to work on /opt/airflow/dags/dag_sql.py
[2023-03-27T13:41:21.331+0000] {processor.py:743} INFO - Processing file /opt/airflow/dags/dag_sql.py for tasks to queue
[2023-03-27T13:41:21.334+0000] {logging_mixin.py:137} INFO - [2023-03-27T13:41:21.333+0000] {dagbag.py:538} INFO - Filling up the DagBag from /opt/airflow/dags/dag_sql.py
[2023-03-27T13:41:21.596+0000] {processor.py:753} INFO - DAG(s) dict_keys(['dag_sql']) retrieved from /opt/airflow/dags/dag_sql.py
[2023-03-27T13:41:21.692+0000] {logging_mixin.py:137} INFO - [2023-03-27T13:41:21.691+0000] {dag.py:2690} INFO - Sync 1 DAGs
[2023-03-27T13:41:21.818+0000] {logging_mixin.py:137} INFO - [2023-03-27T13:41:21.818+0000] {dag.py:3441} INFO - Setting next_dagrun for dag_sql to 2023-03-27T12:30:00+00:00, run_after=2023-03-27T13:30:00+00:00
[2023-03-27T13:41:21.916+0000] {processor.py:175} INFO - Processing /opt/airflow/dags/dag_sql.py took 0.594 seconds
[2023-03-27T13:41:52.272+0000] {processor.py:153} INFO - Started process (PID=342) to work on /opt/airflow/dags/dag_sql.py
[2023-03-27T13:41:52.273+0000] {processor.py:743} INFO - Processing file /opt/airflow/dags/dag_sql.py for tasks to queue
[2023-03-27T13:41:52.274+0000] {logging_mixin.py:137} INFO - [2023-03-27T13:41:52.274+0000] {dagbag.py:538} INFO - Filling up the DagBag from /opt/airflow/dags/dag_sql.py
[2023-03-27T13:41:52.577+0000] {processor.py:753} INFO - DAG(s) dict_keys(['dag_sql']) retrieved from /opt/airflow/dags/dag_sql.py
[2023-03-27T13:41:52.624+0000] {logging_mixin.py:137} INFO - [2023-03-27T13:41:52.623+0000] {dag.py:2690} INFO - Sync 1 DAGs
[2023-03-27T13:41:52.707+0000] {logging_mixin.py:137} INFO - [2023-03-27T13:41:52.706+0000] {dag.py:3441} INFO - Setting next_dagrun for dag_sql to 2023-03-27T12:30:00+00:00, run_after=2023-03-27T13:30:00+00:00
[2023-03-27T13:41:52.798+0000] {processor.py:175} INFO - Processing /opt/airflow/dags/dag_sql.py took 0.533 seconds
[2023-03-27T13:42:22.881+0000] {processor.py:153} INFO - Started process (PID=377) to work on /opt/airflow/dags/dag_sql.py
[2023-03-27T13:42:22.883+0000] {processor.py:743} INFO - Processing file /opt/airflow/dags/dag_sql.py for tasks to queue
[2023-03-27T13:42:22.884+0000] {logging_mixin.py:137} INFO - [2023-03-27T13:42:22.884+0000] {dagbag.py:538} INFO - Filling up the DagBag from /opt/airflow/dags/dag_sql.py
[2023-03-27T13:42:22.991+0000] {processor.py:753} INFO - DAG(s) dict_keys(['dag_sql']) retrieved from /opt/airflow/dags/dag_sql.py
[2023-03-27T13:42:23.026+0000] {logging_mixin.py:137} INFO - [2023-03-27T13:42:23.026+0000] {dag.py:2690} INFO - Sync 1 DAGs
[2023-03-27T13:42:23.065+0000] {logging_mixin.py:137} INFO - [2023-03-27T13:42:23.065+0000] {dag.py:3441} INFO - Setting next_dagrun for dag_sql to 2023-03-27T12:30:00+00:00, run_after=2023-03-27T13:30:00+00:00
[2023-03-27T13:42:23.099+0000] {processor.py:175} INFO - Processing /opt/airflow/dags/dag_sql.py took 0.221 seconds
[2023-03-27T13:42:53.203+0000] {processor.py:153} INFO - Started process (PID=412) to work on /opt/airflow/dags/dag_sql.py
[2023-03-27T13:42:53.205+0000] {processor.py:743} INFO - Processing file /opt/airflow/dags/dag_sql.py for tasks to queue
[2023-03-27T13:42:53.206+0000] {logging_mixin.py:137} INFO - [2023-03-27T13:42:53.206+0000] {dagbag.py:538} INFO - Filling up the DagBag from /opt/airflow/dags/dag_sql.py
[2023-03-27T13:42:53.300+0000] {processor.py:753} INFO - DAG(s) dict_keys(['dag_sql']) retrieved from /opt/airflow/dags/dag_sql.py
[2023-03-27T13:42:53.329+0000] {logging_mixin.py:137} INFO - [2023-03-27T13:42:53.329+0000] {dag.py:2690} INFO - Sync 1 DAGs
[2023-03-27T13:42:53.363+0000] {logging_mixin.py:137} INFO - [2023-03-27T13:42:53.362+0000] {dag.py:3441} INFO - Setting next_dagrun for dag_sql to 2023-03-27T12:30:00+00:00, run_after=2023-03-27T13:30:00+00:00
[2023-03-27T13:42:53.386+0000] {processor.py:175} INFO - Processing /opt/airflow/dags/dag_sql.py took 0.187 seconds
[2023-03-27T13:43:23.729+0000] {processor.py:153} INFO - Started process (PID=447) to work on /opt/airflow/dags/dag_sql.py
[2023-03-27T13:43:23.732+0000] {processor.py:743} INFO - Processing file /opt/airflow/dags/dag_sql.py for tasks to queue
[2023-03-27T13:43:23.733+0000] {logging_mixin.py:137} INFO - [2023-03-27T13:43:23.733+0000] {dagbag.py:538} INFO - Filling up the DagBag from /opt/airflow/dags/dag_sql.py
[2023-03-27T13:43:23.845+0000] {processor.py:753} INFO - DAG(s) dict_keys(['dag_sql']) retrieved from /opt/airflow/dags/dag_sql.py
[2023-03-27T13:43:23.875+0000] {logging_mixin.py:137} INFO - [2023-03-27T13:43:23.875+0000] {dag.py:2690} INFO - Sync 1 DAGs
[2023-03-27T13:43:23.904+0000] {logging_mixin.py:137} INFO - [2023-03-27T13:43:23.904+0000] {dag.py:3441} INFO - Setting next_dagrun for dag_sql to 2023-03-27T12:30:00+00:00, run_after=2023-03-27T13:30:00+00:00
[2023-03-27T13:43:23.928+0000] {processor.py:175} INFO - Processing /opt/airflow/dags/dag_sql.py took 0.203 seconds
[2023-03-27T13:43:54.278+0000] {processor.py:153} INFO - Started process (PID=499) to work on /opt/airflow/dags/dag_sql.py
[2023-03-27T13:43:54.279+0000] {processor.py:743} INFO - Processing file /opt/airflow/dags/dag_sql.py for tasks to queue
[2023-03-27T13:43:54.281+0000] {logging_mixin.py:137} INFO - [2023-03-27T13:43:54.281+0000] {dagbag.py:538} INFO - Filling up the DagBag from /opt/airflow/dags/dag_sql.py
[2023-03-27T13:43:54.487+0000] {processor.py:753} INFO - DAG(s) dict_keys(['dag_sql']) retrieved from /opt/airflow/dags/dag_sql.py
[2023-03-27T13:43:54.527+0000] {logging_mixin.py:137} INFO - [2023-03-27T13:43:54.526+0000] {dag.py:2690} INFO - Sync 1 DAGs
[2023-03-27T13:43:54.570+0000] {logging_mixin.py:137} INFO - [2023-03-27T13:43:54.570+0000] {dag.py:3441} INFO - Setting next_dagrun for dag_sql to 2023-03-27T12:30:00+00:00, run_after=2023-03-27T13:30:00+00:00
[2023-03-27T13:43:54.604+0000] {processor.py:175} INFO - Processing /opt/airflow/dags/dag_sql.py took 0.331 seconds
[2023-03-27T13:44:24.682+0000] {processor.py:153} INFO - Started process (PID=534) to work on /opt/airflow/dags/dag_sql.py
[2023-03-27T13:44:24.683+0000] {processor.py:743} INFO - Processing file /opt/airflow/dags/dag_sql.py for tasks to queue
[2023-03-27T13:44:24.685+0000] {logging_mixin.py:137} INFO - [2023-03-27T13:44:24.684+0000] {dagbag.py:538} INFO - Filling up the DagBag from /opt/airflow/dags/dag_sql.py
[2023-03-27T13:44:24.791+0000] {processor.py:753} INFO - DAG(s) dict_keys(['dag_sql']) retrieved from /opt/airflow/dags/dag_sql.py
[2023-03-27T13:44:24.813+0000] {logging_mixin.py:137} INFO - [2023-03-27T13:44:24.812+0000] {dag.py:2690} INFO - Sync 1 DAGs
[2023-03-27T13:44:24.834+0000] {logging_mixin.py:137} INFO - [2023-03-27T13:44:24.833+0000] {dag.py:3441} INFO - Setting next_dagrun for dag_sql to 2023-03-27T12:30:00+00:00, run_after=2023-03-27T13:30:00+00:00
[2023-03-27T13:44:24.856+0000] {processor.py:175} INFO - Processing /opt/airflow/dags/dag_sql.py took 0.178 seconds
[2023-03-27T13:44:54.970+0000] {processor.py:153} INFO - Started process (PID=585) to work on /opt/airflow/dags/dag_sql.py
[2023-03-27T13:44:54.972+0000] {processor.py:743} INFO - Processing file /opt/airflow/dags/dag_sql.py for tasks to queue
[2023-03-27T13:44:54.973+0000] {logging_mixin.py:137} INFO - [2023-03-27T13:44:54.973+0000] {dagbag.py:538} INFO - Filling up the DagBag from /opt/airflow/dags/dag_sql.py
[2023-03-27T13:44:55.064+0000] {processor.py:753} INFO - DAG(s) dict_keys(['dag_sql']) retrieved from /opt/airflow/dags/dag_sql.py
[2023-03-27T13:44:55.095+0000] {logging_mixin.py:137} INFO - [2023-03-27T13:44:55.095+0000] {dag.py:2690} INFO - Sync 1 DAGs
[2023-03-27T13:44:55.131+0000] {logging_mixin.py:137} INFO - [2023-03-27T13:44:55.131+0000] {dag.py:3441} INFO - Setting next_dagrun for dag_sql to 2023-03-27T12:30:00+00:00, run_after=2023-03-27T13:30:00+00:00
[2023-03-27T13:44:55.186+0000] {processor.py:175} INFO - Processing /opt/airflow/dags/dag_sql.py took 0.220 seconds
[2023-03-27T13:45:25.476+0000] {processor.py:153} INFO - Started process (PID=620) to work on /opt/airflow/dags/dag_sql.py
[2023-03-27T13:45:25.477+0000] {processor.py:743} INFO - Processing file /opt/airflow/dags/dag_sql.py for tasks to queue
[2023-03-27T13:45:25.479+0000] {logging_mixin.py:137} INFO - [2023-03-27T13:45:25.478+0000] {dagbag.py:538} INFO - Filling up the DagBag from /opt/airflow/dags/dag_sql.py
[2023-03-27T13:45:25.575+0000] {processor.py:753} INFO - DAG(s) dict_keys(['dag_sql']) retrieved from /opt/airflow/dags/dag_sql.py
[2023-03-27T13:45:25.604+0000] {logging_mixin.py:137} INFO - [2023-03-27T13:45:25.604+0000] {dag.py:2690} INFO - Sync 1 DAGs
[2023-03-27T13:45:25.635+0000] {logging_mixin.py:137} INFO - [2023-03-27T13:45:25.635+0000] {dag.py:3441} INFO - Setting next_dagrun for dag_sql to 2023-03-27T12:30:00+00:00, run_after=2023-03-27T13:30:00+00:00
[2023-03-27T13:45:25.660+0000] {processor.py:175} INFO - Processing /opt/airflow/dags/dag_sql.py took 0.187 seconds
[2023-03-27T13:45:55.991+0000] {processor.py:153} INFO - Started process (PID=671) to work on /opt/airflow/dags/dag_sql.py
[2023-03-27T13:45:55.992+0000] {processor.py:743} INFO - Processing file /opt/airflow/dags/dag_sql.py for tasks to queue
[2023-03-27T13:45:55.993+0000] {logging_mixin.py:137} INFO - [2023-03-27T13:45:55.993+0000] {dagbag.py:538} INFO - Filling up the DagBag from /opt/airflow/dags/dag_sql.py
[2023-03-27T13:45:56.082+0000] {processor.py:753} INFO - DAG(s) dict_keys(['dag_sql']) retrieved from /opt/airflow/dags/dag_sql.py
[2023-03-27T13:45:56.112+0000] {logging_mixin.py:137} INFO - [2023-03-27T13:45:56.112+0000] {dag.py:2690} INFO - Sync 1 DAGs
[2023-03-27T13:45:56.143+0000] {logging_mixin.py:137} INFO - [2023-03-27T13:45:56.143+0000] {dag.py:3441} INFO - Setting next_dagrun for dag_sql to 2023-03-27T12:30:00+00:00, run_after=2023-03-27T13:30:00+00:00
[2023-03-27T13:45:56.168+0000] {processor.py:175} INFO - Processing /opt/airflow/dags/dag_sql.py took 0.182 seconds
[2023-03-27T13:46:26.454+0000] {processor.py:153} INFO - Started process (PID=706) to work on /opt/airflow/dags/dag_sql.py
[2023-03-27T13:46:26.455+0000] {processor.py:743} INFO - Processing file /opt/airflow/dags/dag_sql.py for tasks to queue
[2023-03-27T13:46:26.456+0000] {logging_mixin.py:137} INFO - [2023-03-27T13:46:26.456+0000] {dagbag.py:538} INFO - Filling up the DagBag from /opt/airflow/dags/dag_sql.py
[2023-03-27T13:46:26.560+0000] {processor.py:753} INFO - DAG(s) dict_keys(['dag_sql']) retrieved from /opt/airflow/dags/dag_sql.py
[2023-03-27T13:46:26.585+0000] {logging_mixin.py:137} INFO - [2023-03-27T13:46:26.585+0000] {dag.py:2690} INFO - Sync 1 DAGs
[2023-03-27T13:46:26.612+0000] {logging_mixin.py:137} INFO - [2023-03-27T13:46:26.612+0000] {dag.py:3441} INFO - Setting next_dagrun for dag_sql to 2023-03-27T12:30:00+00:00, run_after=2023-03-27T13:30:00+00:00
[2023-03-27T13:46:26.635+0000] {processor.py:175} INFO - Processing /opt/airflow/dags/dag_sql.py took 0.184 seconds
[2023-03-27T13:46:56.967+0000] {processor.py:153} INFO - Started process (PID=757) to work on /opt/airflow/dags/dag_sql.py
[2023-03-27T13:46:56.969+0000] {processor.py:743} INFO - Processing file /opt/airflow/dags/dag_sql.py for tasks to queue
[2023-03-27T13:46:56.970+0000] {logging_mixin.py:137} INFO - [2023-03-27T13:46:56.970+0000] {dagbag.py:538} INFO - Filling up the DagBag from /opt/airflow/dags/dag_sql.py
[2023-03-27T13:46:57.108+0000] {processor.py:753} INFO - DAG(s) dict_keys(['dag_sql']) retrieved from /opt/airflow/dags/dag_sql.py
[2023-03-27T13:46:57.143+0000] {logging_mixin.py:137} INFO - [2023-03-27T13:46:57.142+0000] {dag.py:2690} INFO - Sync 1 DAGs
[2023-03-27T13:46:57.183+0000] {logging_mixin.py:137} INFO - [2023-03-27T13:46:57.183+0000] {dag.py:3441} INFO - Setting next_dagrun for dag_sql to 2023-03-27T12:30:00+00:00, run_after=2023-03-27T13:30:00+00:00
[2023-03-27T13:46:57.209+0000] {processor.py:175} INFO - Processing /opt/airflow/dags/dag_sql.py took 0.245 seconds
[2023-03-27T13:47:28.220+0000] {processor.py:153} INFO - Started process (PID=792) to work on /opt/airflow/dags/dag_sql.py
[2023-03-27T13:47:28.221+0000] {processor.py:743} INFO - Processing file /opt/airflow/dags/dag_sql.py for tasks to queue
[2023-03-27T13:47:28.222+0000] {logging_mixin.py:137} INFO - [2023-03-27T13:47:28.222+0000] {dagbag.py:538} INFO - Filling up the DagBag from /opt/airflow/dags/dag_sql.py
[2023-03-27T13:47:28.313+0000] {processor.py:753} INFO - DAG(s) dict_keys(['dag_sql']) retrieved from /opt/airflow/dags/dag_sql.py
[2023-03-27T13:47:28.338+0000] {logging_mixin.py:137} INFO - [2023-03-27T13:47:28.338+0000] {dag.py:2690} INFO - Sync 1 DAGs
[2023-03-27T13:47:28.360+0000] {logging_mixin.py:137} INFO - [2023-03-27T13:47:28.360+0000] {dag.py:3441} INFO - Setting next_dagrun for dag_sql to 2023-03-27T12:30:00+00:00, run_after=2023-03-27T13:30:00+00:00
[2023-03-27T13:47:28.380+0000] {processor.py:175} INFO - Processing /opt/airflow/dags/dag_sql.py took 0.163 seconds
[2023-03-27T13:47:58.678+0000] {processor.py:153} INFO - Started process (PID=843) to work on /opt/airflow/dags/dag_sql.py
[2023-03-27T13:47:58.680+0000] {processor.py:743} INFO - Processing file /opt/airflow/dags/dag_sql.py for tasks to queue
[2023-03-27T13:47:58.681+0000] {logging_mixin.py:137} INFO - [2023-03-27T13:47:58.681+0000] {dagbag.py:538} INFO - Filling up the DagBag from /opt/airflow/dags/dag_sql.py
[2023-03-27T13:47:58.765+0000] {processor.py:753} INFO - DAG(s) dict_keys(['dag_sql']) retrieved from /opt/airflow/dags/dag_sql.py
[2023-03-27T13:47:58.791+0000] {logging_mixin.py:137} INFO - [2023-03-27T13:47:58.791+0000] {dag.py:2690} INFO - Sync 1 DAGs
[2023-03-27T13:47:58.819+0000] {logging_mixin.py:137} INFO - [2023-03-27T13:47:58.819+0000] {dag.py:3441} INFO - Setting next_dagrun for dag_sql to 2023-03-27T12:30:00+00:00, run_after=2023-03-27T13:30:00+00:00
[2023-03-27T13:47:58.848+0000] {processor.py:175} INFO - Processing /opt/airflow/dags/dag_sql.py took 0.174 seconds
[2023-03-27T13:48:28.940+0000] {processor.py:153} INFO - Started process (PID=878) to work on /opt/airflow/dags/dag_sql.py
[2023-03-27T13:48:28.941+0000] {processor.py:743} INFO - Processing file /opt/airflow/dags/dag_sql.py for tasks to queue
[2023-03-27T13:48:28.942+0000] {logging_mixin.py:137} INFO - [2023-03-27T13:48:28.942+0000] {dagbag.py:538} INFO - Filling up the DagBag from /opt/airflow/dags/dag_sql.py
[2023-03-27T13:48:29.037+0000] {processor.py:753} INFO - DAG(s) dict_keys(['dag_sql']) retrieved from /opt/airflow/dags/dag_sql.py
[2023-03-27T13:48:29.060+0000] {logging_mixin.py:137} INFO - [2023-03-27T13:48:29.060+0000] {dag.py:2690} INFO - Sync 1 DAGs
[2023-03-27T13:48:29.088+0000] {logging_mixin.py:137} INFO - [2023-03-27T13:48:29.088+0000] {dag.py:3441} INFO - Setting next_dagrun for dag_sql to 2023-03-27T12:30:00+00:00, run_after=2023-03-27T13:30:00+00:00
[2023-03-27T13:48:29.107+0000] {processor.py:175} INFO - Processing /opt/airflow/dags/dag_sql.py took 0.170 seconds
[2023-03-27T13:48:59.431+0000] {processor.py:153} INFO - Started process (PID=929) to work on /opt/airflow/dags/dag_sql.py
[2023-03-27T13:48:59.432+0000] {processor.py:743} INFO - Processing file /opt/airflow/dags/dag_sql.py for tasks to queue
[2023-03-27T13:48:59.433+0000] {logging_mixin.py:137} INFO - [2023-03-27T13:48:59.433+0000] {dagbag.py:538} INFO - Filling up the DagBag from /opt/airflow/dags/dag_sql.py
[2023-03-27T13:48:59.543+0000] {processor.py:753} INFO - DAG(s) dict_keys(['dag_sql']) retrieved from /opt/airflow/dags/dag_sql.py
[2023-03-27T13:48:59.571+0000] {logging_mixin.py:137} INFO - [2023-03-27T13:48:59.571+0000] {dag.py:2690} INFO - Sync 1 DAGs
[2023-03-27T13:48:59.598+0000] {logging_mixin.py:137} INFO - [2023-03-27T13:48:59.598+0000] {dag.py:3441} INFO - Setting next_dagrun for dag_sql to 2023-03-27T12:30:00+00:00, run_after=2023-03-27T13:30:00+00:00
[2023-03-27T13:48:59.622+0000] {processor.py:175} INFO - Processing /opt/airflow/dags/dag_sql.py took 0.194 seconds
[2023-03-27T13:49:29.982+0000] {processor.py:153} INFO - Started process (PID=964) to work on /opt/airflow/dags/dag_sql.py
[2023-03-27T13:49:29.986+0000] {processor.py:743} INFO - Processing file /opt/airflow/dags/dag_sql.py for tasks to queue
[2023-03-27T13:49:29.989+0000] {logging_mixin.py:137} INFO - [2023-03-27T13:49:29.989+0000] {dagbag.py:538} INFO - Filling up the DagBag from /opt/airflow/dags/dag_sql.py
[2023-03-27T13:49:30.175+0000] {processor.py:753} INFO - DAG(s) dict_keys(['dag_sql']) retrieved from /opt/airflow/dags/dag_sql.py
[2023-03-27T13:49:30.250+0000] {logging_mixin.py:137} INFO - [2023-03-27T13:49:30.250+0000] {dag.py:2690} INFO - Sync 1 DAGs
[2023-03-27T13:49:30.335+0000] {logging_mixin.py:137} INFO - [2023-03-27T13:49:30.335+0000] {dag.py:3441} INFO - Setting next_dagrun for dag_sql to 2023-03-27T12:30:00+00:00, run_after=2023-03-27T13:30:00+00:00
[2023-03-27T13:49:30.365+0000] {processor.py:175} INFO - Processing /opt/airflow/dags/dag_sql.py took 0.391 seconds
