[2023-03-27T13:27:43.854+0000] {processor.py:153} INFO - Started process (PID=68) to work on /opt/airflow/dags/gcs_to_bq.py
[2023-03-27T13:27:43.885+0000] {processor.py:743} INFO - Processing file /opt/airflow/dags/gcs_to_bq.py for tasks to queue
[2023-03-27T13:27:43.894+0000] {logging_mixin.py:137} INFO - [2023-03-27T13:27:43.893+0000] {dagbag.py:538} INFO - Filling up the DagBag from /opt/airflow/dags/gcs_to_bq.py
[2023-03-27T13:27:51.562+0000] {processor.py:753} INFO - DAG(s) dict_keys(['gsc_to_bq']) retrieved from /opt/airflow/dags/gcs_to_bq.py
[2023-03-27T13:27:51.689+0000] {logging_mixin.py:137} INFO - [2023-03-27T13:27:51.678+0000] {dag.py:2690} INFO - Sync 1 DAGs
[2023-03-27T13:27:51.836+0000] {logging_mixin.py:137} INFO - [2023-03-27T13:27:51.835+0000] {dag.py:3441} INFO - Setting next_dagrun for gsc_to_bq to 2023-03-26T00:00:00+00:00, run_after=2023-03-27T00:00:00+00:00
[2023-03-27T13:27:51.992+0000] {processor.py:175} INFO - Processing /opt/airflow/dags/gcs_to_bq.py took 8.146 seconds
[2023-03-27T13:28:22.183+0000] {processor.py:153} INFO - Started process (PID=150) to work on /opt/airflow/dags/gcs_to_bq.py
[2023-03-27T13:28:22.186+0000] {processor.py:743} INFO - Processing file /opt/airflow/dags/gcs_to_bq.py for tasks to queue
[2023-03-27T13:28:22.188+0000] {logging_mixin.py:137} INFO - [2023-03-27T13:28:22.187+0000] {dagbag.py:538} INFO - Filling up the DagBag from /opt/airflow/dags/gcs_to_bq.py
[2023-03-27T13:28:26.007+0000] {processor.py:753} INFO - DAG(s) dict_keys(['gsc_to_bq']) retrieved from /opt/airflow/dags/gcs_to_bq.py
[2023-03-27T13:28:26.111+0000] {logging_mixin.py:137} INFO - [2023-03-27T13:28:26.110+0000] {dag.py:2690} INFO - Sync 1 DAGs
[2023-03-27T13:28:26.217+0000] {logging_mixin.py:137} INFO - [2023-03-27T13:28:26.217+0000] {dag.py:3441} INFO - Setting next_dagrun for gsc_to_bq to 2023-03-26T00:00:00+00:00, run_after=2023-03-27T00:00:00+00:00
[2023-03-27T13:28:26.310+0000] {processor.py:175} INFO - Processing /opt/airflow/dags/gcs_to_bq.py took 4.135 seconds
[2023-03-27T13:28:57.364+0000] {processor.py:153} INFO - Started process (PID=219) to work on /opt/airflow/dags/gcs_to_bq.py
[2023-03-27T13:28:57.397+0000] {processor.py:743} INFO - Processing file /opt/airflow/dags/gcs_to_bq.py for tasks to queue
[2023-03-27T13:28:57.405+0000] {logging_mixin.py:137} INFO - [2023-03-27T13:28:57.405+0000] {dagbag.py:538} INFO - Filling up the DagBag from /opt/airflow/dags/gcs_to_bq.py
[2023-03-27T13:29:01.702+0000] {processor.py:753} INFO - DAG(s) dict_keys(['gsc_to_bq']) retrieved from /opt/airflow/dags/gcs_to_bq.py
[2023-03-27T13:29:01.798+0000] {logging_mixin.py:137} INFO - [2023-03-27T13:29:01.797+0000] {dag.py:2690} INFO - Sync 1 DAGs
[2023-03-27T13:29:01.965+0000] {logging_mixin.py:137} INFO - [2023-03-27T13:29:01.964+0000] {dag.py:3441} INFO - Setting next_dagrun for gsc_to_bq to 2023-03-26T00:00:00+00:00, run_after=2023-03-27T00:00:00+00:00
[2023-03-27T13:29:02.090+0000] {processor.py:175} INFO - Processing /opt/airflow/dags/gcs_to_bq.py took 4.732 seconds
[2023-03-27T13:29:32.449+0000] {processor.py:153} INFO - Started process (PID=293) to work on /opt/airflow/dags/gcs_to_bq.py
[2023-03-27T13:29:32.452+0000] {processor.py:743} INFO - Processing file /opt/airflow/dags/gcs_to_bq.py for tasks to queue
[2023-03-27T13:29:32.455+0000] {logging_mixin.py:137} INFO - [2023-03-27T13:29:32.455+0000] {dagbag.py:538} INFO - Filling up the DagBag from /opt/airflow/dags/gcs_to_bq.py
[2023-03-27T13:29:35.073+0000] {processor.py:753} INFO - DAG(s) dict_keys(['gsc_to_bq']) retrieved from /opt/airflow/dags/gcs_to_bq.py
[2023-03-27T13:29:35.262+0000] {logging_mixin.py:137} INFO - [2023-03-27T13:29:35.251+0000] {dag.py:2690} INFO - Sync 1 DAGs
[2023-03-27T13:29:35.364+0000] {logging_mixin.py:137} INFO - [2023-03-27T13:29:35.364+0000] {dag.py:3441} INFO - Setting next_dagrun for gsc_to_bq to 2023-03-26T00:00:00+00:00, run_after=2023-03-27T00:00:00+00:00
[2023-03-27T13:29:35.450+0000] {processor.py:175} INFO - Processing /opt/airflow/dags/gcs_to_bq.py took 3.006 seconds
[2023-03-27T13:30:05.913+0000] {processor.py:153} INFO - Started process (PID=368) to work on /opt/airflow/dags/gcs_to_bq.py
[2023-03-27T13:30:05.925+0000] {processor.py:743} INFO - Processing file /opt/airflow/dags/gcs_to_bq.py for tasks to queue
[2023-03-27T13:30:05.933+0000] {logging_mixin.py:137} INFO - [2023-03-27T13:30:05.933+0000] {dagbag.py:538} INFO - Filling up the DagBag from /opt/airflow/dags/gcs_to_bq.py
[2023-03-27T13:30:11.450+0000] {processor.py:753} INFO - DAG(s) dict_keys(['gsc_to_bq']) retrieved from /opt/airflow/dags/gcs_to_bq.py
[2023-03-27T13:30:11.588+0000] {logging_mixin.py:137} INFO - [2023-03-27T13:30:11.587+0000] {dag.py:2690} INFO - Sync 1 DAGs
[2023-03-27T13:30:11.713+0000] {logging_mixin.py:137} INFO - [2023-03-27T13:30:11.713+0000] {dag.py:3441} INFO - Setting next_dagrun for gsc_to_bq to 2023-03-26T00:00:00+00:00, run_after=2023-03-27T00:00:00+00:00
[2023-03-27T13:30:12.057+0000] {processor.py:175} INFO - Processing /opt/airflow/dags/gcs_to_bq.py took 6.156 seconds
[2023-03-27T13:30:43.249+0000] {processor.py:153} INFO - Started process (PID=446) to work on /opt/airflow/dags/gcs_to_bq.py
[2023-03-27T13:30:43.252+0000] {processor.py:743} INFO - Processing file /opt/airflow/dags/gcs_to_bq.py for tasks to queue
[2023-03-27T13:30:43.258+0000] {logging_mixin.py:137} INFO - [2023-03-27T13:30:43.258+0000] {dagbag.py:538} INFO - Filling up the DagBag from /opt/airflow/dags/gcs_to_bq.py
[2023-03-27T13:30:50.032+0000] {processor.py:753} INFO - DAG(s) dict_keys(['gsc_to_bq']) retrieved from /opt/airflow/dags/gcs_to_bq.py
[2023-03-27T13:30:50.200+0000] {logging_mixin.py:137} INFO - [2023-03-27T13:30:50.199+0000] {dag.py:2690} INFO - Sync 1 DAGs
[2023-03-27T13:30:50.322+0000] {logging_mixin.py:137} INFO - [2023-03-27T13:30:50.321+0000] {dag.py:3441} INFO - Setting next_dagrun for gsc_to_bq to 2023-03-26T00:00:00+00:00, run_after=2023-03-27T00:00:00+00:00
[2023-03-27T13:30:50.412+0000] {processor.py:175} INFO - Processing /opt/airflow/dags/gcs_to_bq.py took 7.177 seconds
[2023-03-27T13:31:21.050+0000] {processor.py:153} INFO - Started process (PID=523) to work on /opt/airflow/dags/gcs_to_bq.py
[2023-03-27T13:31:21.053+0000] {processor.py:743} INFO - Processing file /opt/airflow/dags/gcs_to_bq.py for tasks to queue
[2023-03-27T13:31:21.056+0000] {logging_mixin.py:137} INFO - [2023-03-27T13:31:21.055+0000] {dagbag.py:538} INFO - Filling up the DagBag from /opt/airflow/dags/gcs_to_bq.py
[2023-03-27T13:31:31.265+0000] {processor.py:753} INFO - DAG(s) dict_keys(['gsc_to_bq']) retrieved from /opt/airflow/dags/gcs_to_bq.py
[2023-03-27T13:31:31.684+0000] {logging_mixin.py:137} INFO - [2023-03-27T13:31:31.675+0000] {dag.py:2690} INFO - Sync 1 DAGs
[2023-03-27T13:31:31.866+0000] {logging_mixin.py:137} INFO - [2023-03-27T13:31:31.865+0000] {dag.py:3441} INFO - Setting next_dagrun for gsc_to_bq to 2023-03-26T00:00:00+00:00, run_after=2023-03-27T00:00:00+00:00
[2023-03-27T13:31:31.985+0000] {processor.py:175} INFO - Processing /opt/airflow/dags/gcs_to_bq.py took 10.941 seconds
[2023-03-27T13:32:03.316+0000] {processor.py:153} INFO - Started process (PID=595) to work on /opt/airflow/dags/gcs_to_bq.py
[2023-03-27T13:32:03.321+0000] {processor.py:743} INFO - Processing file /opt/airflow/dags/gcs_to_bq.py for tasks to queue
[2023-03-27T13:32:03.332+0000] {logging_mixin.py:137} INFO - [2023-03-27T13:32:03.331+0000] {dagbag.py:538} INFO - Filling up the DagBag from /opt/airflow/dags/gcs_to_bq.py
[2023-03-27T13:32:08.043+0000] {processor.py:753} INFO - DAG(s) dict_keys(['gsc_to_bq']) retrieved from /opt/airflow/dags/gcs_to_bq.py
[2023-03-27T13:32:08.269+0000] {logging_mixin.py:137} INFO - [2023-03-27T13:32:08.258+0000] {dag.py:2690} INFO - Sync 1 DAGs
[2023-03-27T13:32:08.495+0000] {logging_mixin.py:137} INFO - [2023-03-27T13:32:08.494+0000] {dag.py:3441} INFO - Setting next_dagrun for gsc_to_bq to 2023-03-26T00:00:00+00:00, run_after=2023-03-27T00:00:00+00:00
[2023-03-27T13:32:08.852+0000] {processor.py:175} INFO - Processing /opt/airflow/dags/gcs_to_bq.py took 5.553 seconds
[2023-03-27T13:32:39.307+0000] {processor.py:153} INFO - Started process (PID=671) to work on /opt/airflow/dags/gcs_to_bq.py
[2023-03-27T13:32:39.310+0000] {processor.py:743} INFO - Processing file /opt/airflow/dags/gcs_to_bq.py for tasks to queue
[2023-03-27T13:32:39.316+0000] {logging_mixin.py:137} INFO - [2023-03-27T13:32:39.316+0000] {dagbag.py:538} INFO - Filling up the DagBag from /opt/airflow/dags/gcs_to_bq.py
[2023-03-27T13:32:43.389+0000] {processor.py:753} INFO - DAG(s) dict_keys(['gsc_to_bq']) retrieved from /opt/airflow/dags/gcs_to_bq.py
[2023-03-27T13:32:43.503+0000] {logging_mixin.py:137} INFO - [2023-03-27T13:32:43.502+0000] {dag.py:2690} INFO - Sync 1 DAGs
[2023-03-27T13:32:43.685+0000] {logging_mixin.py:137} INFO - [2023-03-27T13:32:43.684+0000] {dag.py:3441} INFO - Setting next_dagrun for gsc_to_bq to 2023-03-26T00:00:00+00:00, run_after=2023-03-27T00:00:00+00:00
[2023-03-27T13:32:43.917+0000] {processor.py:175} INFO - Processing /opt/airflow/dags/gcs_to_bq.py took 4.616 seconds
[2023-03-27T13:33:15.816+0000] {processor.py:153} INFO - Started process (PID=740) to work on /opt/airflow/dags/gcs_to_bq.py
[2023-03-27T13:33:15.905+0000] {processor.py:743} INFO - Processing file /opt/airflow/dags/gcs_to_bq.py for tasks to queue
[2023-03-27T13:33:16.032+0000] {logging_mixin.py:137} INFO - [2023-03-27T13:33:16.031+0000] {dagbag.py:538} INFO - Filling up the DagBag from /opt/airflow/dags/gcs_to_bq.py
[2023-03-27T13:33:21.397+0000] {processor.py:753} INFO - DAG(s) dict_keys(['gsc_to_bq']) retrieved from /opt/airflow/dags/gcs_to_bq.py
[2023-03-27T13:33:22.201+0000] {logging_mixin.py:137} INFO - [2023-03-27T13:33:22.200+0000] {dag.py:2690} INFO - Sync 1 DAGs
[2023-03-27T13:33:22.434+0000] {logging_mixin.py:137} INFO - [2023-03-27T13:33:22.434+0000] {dag.py:3441} INFO - Setting next_dagrun for gsc_to_bq to 2023-03-26T00:00:00+00:00, run_after=2023-03-27T00:00:00+00:00
[2023-03-27T13:33:22.854+0000] {processor.py:175} INFO - Processing /opt/airflow/dags/gcs_to_bq.py took 7.054 seconds
[2023-03-27T13:33:53.855+0000] {processor.py:153} INFO - Started process (PID=817) to work on /opt/airflow/dags/gcs_to_bq.py
[2023-03-27T13:33:53.868+0000] {processor.py:743} INFO - Processing file /opt/airflow/dags/gcs_to_bq.py for tasks to queue
[2023-03-27T13:33:53.873+0000] {logging_mixin.py:137} INFO - [2023-03-27T13:33:53.873+0000] {dagbag.py:538} INFO - Filling up the DagBag from /opt/airflow/dags/gcs_to_bq.py
[2023-03-27T13:34:01.541+0000] {processor.py:753} INFO - DAG(s) dict_keys(['gsc_to_bq']) retrieved from /opt/airflow/dags/gcs_to_bq.py
[2023-03-27T13:34:01.970+0000] {logging_mixin.py:137} INFO - [2023-03-27T13:34:01.969+0000] {dag.py:2690} INFO - Sync 1 DAGs
[2023-03-27T13:34:02.497+0000] {logging_mixin.py:137} INFO - [2023-03-27T13:34:02.497+0000] {dag.py:3441} INFO - Setting next_dagrun for gsc_to_bq to 2023-03-26T00:00:00+00:00, run_after=2023-03-27T00:00:00+00:00
[2023-03-27T13:34:04.963+0000] {processor.py:175} INFO - Processing /opt/airflow/dags/gcs_to_bq.py took 10.920 seconds
[2023-03-27T13:34:36.577+0000] {processor.py:153} INFO - Started process (PID=889) to work on /opt/airflow/dags/gcs_to_bq.py
[2023-03-27T13:34:36.590+0000] {processor.py:743} INFO - Processing file /opt/airflow/dags/gcs_to_bq.py for tasks to queue
[2023-03-27T13:34:36.603+0000] {logging_mixin.py:137} INFO - [2023-03-27T13:34:36.603+0000] {dagbag.py:538} INFO - Filling up the DagBag from /opt/airflow/dags/gcs_to_bq.py
[2023-03-27T13:34:42.440+0000] {processor.py:753} INFO - DAG(s) dict_keys(['gsc_to_bq']) retrieved from /opt/airflow/dags/gcs_to_bq.py
[2023-03-27T13:34:42.544+0000] {logging_mixin.py:137} INFO - [2023-03-27T13:34:42.543+0000] {dag.py:2690} INFO - Sync 1 DAGs
[2023-03-27T13:34:42.685+0000] {logging_mixin.py:137} INFO - [2023-03-27T13:34:42.685+0000] {dag.py:3441} INFO - Setting next_dagrun for gsc_to_bq to 2023-03-26T00:00:00+00:00, run_after=2023-03-27T00:00:00+00:00
[2023-03-27T13:34:42.858+0000] {processor.py:175} INFO - Processing /opt/airflow/dags/gcs_to_bq.py took 6.314 seconds
[2023-03-27T13:37:43.788+0000] {processor.py:153} INFO - Started process (PID=60) to work on /opt/airflow/dags/gcs_to_bq.py
[2023-03-27T13:37:43.790+0000] {processor.py:743} INFO - Processing file /opt/airflow/dags/gcs_to_bq.py for tasks to queue
[2023-03-27T13:37:43.792+0000] {logging_mixin.py:137} INFO - [2023-03-27T13:37:43.791+0000] {dagbag.py:538} INFO - Filling up the DagBag from /opt/airflow/dags/gcs_to_bq.py
[2023-03-27T13:37:50.380+0000] {processor.py:753} INFO - DAG(s) dict_keys(['gsc_to_bq']) retrieved from /opt/airflow/dags/gcs_to_bq.py
[2023-03-27T13:37:50.624+0000] {logging_mixin.py:137} INFO - [2023-03-27T13:37:50.623+0000] {dag.py:2690} INFO - Sync 1 DAGs
[2023-03-27T13:37:50.725+0000] {logging_mixin.py:137} INFO - [2023-03-27T13:37:50.724+0000] {dag.py:3441} INFO - Setting next_dagrun for gsc_to_bq to 2023-03-26T00:00:00+00:00, run_after=2023-03-27T00:00:00+00:00
[2023-03-27T13:37:50.862+0000] {processor.py:175} INFO - Processing /opt/airflow/dags/gcs_to_bq.py took 7.079 seconds
[2023-03-27T13:38:21.580+0000] {processor.py:153} INFO - Started process (PID=106) to work on /opt/airflow/dags/gcs_to_bq.py
[2023-03-27T13:38:21.584+0000] {processor.py:743} INFO - Processing file /opt/airflow/dags/gcs_to_bq.py for tasks to queue
[2023-03-27T13:38:21.587+0000] {logging_mixin.py:137} INFO - [2023-03-27T13:38:21.586+0000] {dagbag.py:538} INFO - Filling up the DagBag from /opt/airflow/dags/gcs_to_bq.py
[2023-03-27T13:38:22.516+0000] {processor.py:753} INFO - DAG(s) dict_keys(['gsc_to_bq']) retrieved from /opt/airflow/dags/gcs_to_bq.py
[2023-03-27T13:38:22.541+0000] {logging_mixin.py:137} INFO - [2023-03-27T13:38:22.540+0000] {dag.py:2690} INFO - Sync 1 DAGs
[2023-03-27T13:38:22.576+0000] {logging_mixin.py:137} INFO - [2023-03-27T13:38:22.576+0000] {dag.py:3441} INFO - Setting next_dagrun for gsc_to_bq to 2023-03-26T00:00:00+00:00, run_after=2023-03-27T00:00:00+00:00
[2023-03-27T13:38:22.604+0000] {processor.py:175} INFO - Processing /opt/airflow/dags/gcs_to_bq.py took 1.030 seconds
[2023-03-27T13:38:52.988+0000] {processor.py:153} INFO - Started process (PID=141) to work on /opt/airflow/dags/gcs_to_bq.py
[2023-03-27T13:38:52.990+0000] {processor.py:743} INFO - Processing file /opt/airflow/dags/gcs_to_bq.py for tasks to queue
[2023-03-27T13:38:52.992+0000] {logging_mixin.py:137} INFO - [2023-03-27T13:38:52.992+0000] {dagbag.py:538} INFO - Filling up the DagBag from /opt/airflow/dags/gcs_to_bq.py
[2023-03-27T13:38:53.988+0000] {processor.py:753} INFO - DAG(s) dict_keys(['gsc_to_bq']) retrieved from /opt/airflow/dags/gcs_to_bq.py
[2023-03-27T13:38:54.021+0000] {logging_mixin.py:137} INFO - [2023-03-27T13:38:54.020+0000] {dag.py:2690} INFO - Sync 1 DAGs
[2023-03-27T13:38:54.059+0000] {logging_mixin.py:137} INFO - [2023-03-27T13:38:54.059+0000] {dag.py:3441} INFO - Setting next_dagrun for gsc_to_bq to 2023-03-26T00:00:00+00:00, run_after=2023-03-27T00:00:00+00:00
[2023-03-27T13:38:54.090+0000] {processor.py:175} INFO - Processing /opt/airflow/dags/gcs_to_bq.py took 1.105 seconds
[2023-03-27T13:39:24.520+0000] {processor.py:153} INFO - Started process (PID=176) to work on /opt/airflow/dags/gcs_to_bq.py
[2023-03-27T13:39:24.522+0000] {processor.py:743} INFO - Processing file /opt/airflow/dags/gcs_to_bq.py for tasks to queue
[2023-03-27T13:39:24.524+0000] {logging_mixin.py:137} INFO - [2023-03-27T13:39:24.524+0000] {dagbag.py:538} INFO - Filling up the DagBag from /opt/airflow/dags/gcs_to_bq.py
[2023-03-27T13:39:26.340+0000] {processor.py:753} INFO - DAG(s) dict_keys(['gsc_to_bq']) retrieved from /opt/airflow/dags/gcs_to_bq.py
[2023-03-27T13:39:26.489+0000] {logging_mixin.py:137} INFO - [2023-03-27T13:39:26.488+0000] {dag.py:2690} INFO - Sync 1 DAGs
[2023-03-27T13:39:26.747+0000] {logging_mixin.py:137} INFO - [2023-03-27T13:39:26.747+0000] {dag.py:3441} INFO - Setting next_dagrun for gsc_to_bq to 2023-03-26T00:00:00+00:00, run_after=2023-03-27T00:00:00+00:00
[2023-03-27T13:39:26.978+0000] {processor.py:175} INFO - Processing /opt/airflow/dags/gcs_to_bq.py took 2.463 seconds
[2023-03-27T13:39:57.160+0000] {processor.py:153} INFO - Started process (PID=211) to work on /opt/airflow/dags/gcs_to_bq.py
[2023-03-27T13:39:57.163+0000] {processor.py:743} INFO - Processing file /opt/airflow/dags/gcs_to_bq.py for tasks to queue
[2023-03-27T13:39:57.165+0000] {logging_mixin.py:137} INFO - [2023-03-27T13:39:57.165+0000] {dagbag.py:538} INFO - Filling up the DagBag from /opt/airflow/dags/gcs_to_bq.py
[2023-03-27T13:39:59.153+0000] {processor.py:753} INFO - DAG(s) dict_keys(['gsc_to_bq']) retrieved from /opt/airflow/dags/gcs_to_bq.py
[2023-03-27T13:39:59.201+0000] {logging_mixin.py:137} INFO - [2023-03-27T13:39:59.200+0000] {dag.py:2690} INFO - Sync 1 DAGs
[2023-03-27T13:39:59.261+0000] {logging_mixin.py:137} INFO - [2023-03-27T13:39:59.260+0000] {dag.py:3441} INFO - Setting next_dagrun for gsc_to_bq to 2023-03-26T00:00:00+00:00, run_after=2023-03-27T00:00:00+00:00
[2023-03-27T13:39:59.308+0000] {processor.py:175} INFO - Processing /opt/airflow/dags/gcs_to_bq.py took 2.155 seconds
[2023-03-27T13:40:29.450+0000] {processor.py:153} INFO - Started process (PID=246) to work on /opt/airflow/dags/gcs_to_bq.py
[2023-03-27T13:40:29.452+0000] {processor.py:743} INFO - Processing file /opt/airflow/dags/gcs_to_bq.py for tasks to queue
[2023-03-27T13:40:29.462+0000] {logging_mixin.py:137} INFO - [2023-03-27T13:40:29.460+0000] {dagbag.py:538} INFO - Filling up the DagBag from /opt/airflow/dags/gcs_to_bq.py
[2023-03-27T13:40:31.189+0000] {processor.py:753} INFO - DAG(s) dict_keys(['gsc_to_bq']) retrieved from /opt/airflow/dags/gcs_to_bq.py
[2023-03-27T13:40:31.233+0000] {logging_mixin.py:137} INFO - [2023-03-27T13:40:31.233+0000] {dag.py:2690} INFO - Sync 1 DAGs
[2023-03-27T13:40:31.277+0000] {logging_mixin.py:137} INFO - [2023-03-27T13:40:31.277+0000] {dag.py:3441} INFO - Setting next_dagrun for gsc_to_bq to 2023-03-27T00:00:00+00:00, run_after=2023-03-28T00:00:00+00:00
[2023-03-27T13:40:31.320+0000] {processor.py:175} INFO - Processing /opt/airflow/dags/gcs_to_bq.py took 1.883 seconds
[2023-03-27T13:41:01.780+0000] {processor.py:153} INFO - Started process (PID=289) to work on /opt/airflow/dags/gcs_to_bq.py
[2023-03-27T13:41:01.783+0000] {processor.py:743} INFO - Processing file /opt/airflow/dags/gcs_to_bq.py for tasks to queue
[2023-03-27T13:41:01.785+0000] {logging_mixin.py:137} INFO - [2023-03-27T13:41:01.785+0000] {dagbag.py:538} INFO - Filling up the DagBag from /opt/airflow/dags/gcs_to_bq.py
[2023-03-27T13:41:03.039+0000] {processor.py:753} INFO - DAG(s) dict_keys(['gsc_to_bq']) retrieved from /opt/airflow/dags/gcs_to_bq.py
[2023-03-27T13:41:03.087+0000] {logging_mixin.py:137} INFO - [2023-03-27T13:41:03.085+0000] {dag.py:2690} INFO - Sync 1 DAGs
[2023-03-27T13:41:03.136+0000] {logging_mixin.py:137} INFO - [2023-03-27T13:41:03.136+0000] {dag.py:3441} INFO - Setting next_dagrun for gsc_to_bq to 2023-03-27T00:00:00+00:00, run_after=2023-03-28T00:00:00+00:00
[2023-03-27T13:41:03.181+0000] {processor.py:175} INFO - Processing /opt/airflow/dags/gcs_to_bq.py took 1.408 seconds
[2023-03-27T13:41:33.373+0000] {processor.py:153} INFO - Started process (PID=317) to work on /opt/airflow/dags/gcs_to_bq.py
[2023-03-27T13:41:33.375+0000] {processor.py:743} INFO - Processing file /opt/airflow/dags/gcs_to_bq.py for tasks to queue
[2023-03-27T13:41:33.381+0000] {logging_mixin.py:137} INFO - [2023-03-27T13:41:33.381+0000] {dagbag.py:538} INFO - Filling up the DagBag from /opt/airflow/dags/gcs_to_bq.py
[2023-03-27T13:41:34.853+0000] {processor.py:753} INFO - DAG(s) dict_keys(['gsc_to_bq']) retrieved from /opt/airflow/dags/gcs_to_bq.py
[2023-03-27T13:41:34.895+0000] {logging_mixin.py:137} INFO - [2023-03-27T13:41:34.894+0000] {dag.py:2690} INFO - Sync 1 DAGs
[2023-03-27T13:41:34.948+0000] {logging_mixin.py:137} INFO - [2023-03-27T13:41:34.948+0000] {dag.py:3441} INFO - Setting next_dagrun for gsc_to_bq to 2023-03-27T00:00:00+00:00, run_after=2023-03-28T00:00:00+00:00
[2023-03-27T13:41:34.988+0000] {processor.py:175} INFO - Processing /opt/airflow/dags/gcs_to_bq.py took 1.620 seconds
[2023-03-27T13:42:05.365+0000] {processor.py:153} INFO - Started process (PID=359) to work on /opt/airflow/dags/gcs_to_bq.py
[2023-03-27T13:42:05.367+0000] {processor.py:743} INFO - Processing file /opt/airflow/dags/gcs_to_bq.py for tasks to queue
[2023-03-27T13:42:05.370+0000] {logging_mixin.py:137} INFO - [2023-03-27T13:42:05.369+0000] {dagbag.py:538} INFO - Filling up the DagBag from /opt/airflow/dags/gcs_to_bq.py
[2023-03-27T13:42:06.465+0000] {processor.py:753} INFO - DAG(s) dict_keys(['gsc_to_bq']) retrieved from /opt/airflow/dags/gcs_to_bq.py
[2023-03-27T13:42:06.504+0000] {logging_mixin.py:137} INFO - [2023-03-27T13:42:06.503+0000] {dag.py:2690} INFO - Sync 1 DAGs
[2023-03-27T13:42:06.573+0000] {logging_mixin.py:137} INFO - [2023-03-27T13:42:06.572+0000] {dag.py:3441} INFO - Setting next_dagrun for gsc_to_bq to 2023-03-27T00:00:00+00:00, run_after=2023-03-28T00:00:00+00:00
[2023-03-27T13:42:06.632+0000] {processor.py:175} INFO - Processing /opt/airflow/dags/gcs_to_bq.py took 1.273 seconds
[2023-03-27T13:42:37.013+0000] {processor.py:153} INFO - Started process (PID=394) to work on /opt/airflow/dags/gcs_to_bq.py
[2023-03-27T13:42:37.014+0000] {processor.py:743} INFO - Processing file /opt/airflow/dags/gcs_to_bq.py for tasks to queue
[2023-03-27T13:42:37.015+0000] {logging_mixin.py:137} INFO - [2023-03-27T13:42:37.015+0000] {dagbag.py:538} INFO - Filling up the DagBag from /opt/airflow/dags/gcs_to_bq.py
[2023-03-27T13:42:37.659+0000] {processor.py:753} INFO - DAG(s) dict_keys(['gsc_to_bq']) retrieved from /opt/airflow/dags/gcs_to_bq.py
[2023-03-27T13:42:37.763+0000] {logging_mixin.py:137} INFO - [2023-03-27T13:42:37.762+0000] {dag.py:2690} INFO - Sync 1 DAGs
[2023-03-27T13:42:37.810+0000] {logging_mixin.py:137} INFO - [2023-03-27T13:42:37.810+0000] {dag.py:3441} INFO - Setting next_dagrun for gsc_to_bq to 2023-03-27T00:00:00+00:00, run_after=2023-03-28T00:00:00+00:00
[2023-03-27T13:42:37.858+0000] {processor.py:175} INFO - Processing /opt/airflow/dags/gcs_to_bq.py took 0.848 seconds
[2023-03-27T13:43:08.435+0000] {processor.py:153} INFO - Started process (PID=429) to work on /opt/airflow/dags/gcs_to_bq.py
[2023-03-27T13:43:08.436+0000] {processor.py:743} INFO - Processing file /opt/airflow/dags/gcs_to_bq.py for tasks to queue
[2023-03-27T13:43:08.438+0000] {logging_mixin.py:137} INFO - [2023-03-27T13:43:08.438+0000] {dagbag.py:538} INFO - Filling up the DagBag from /opt/airflow/dags/gcs_to_bq.py
[2023-03-27T13:43:09.603+0000] {processor.py:753} INFO - DAG(s) dict_keys(['gsc_to_bq']) retrieved from /opt/airflow/dags/gcs_to_bq.py
[2023-03-27T13:43:09.629+0000] {logging_mixin.py:137} INFO - [2023-03-27T13:43:09.628+0000] {dag.py:2690} INFO - Sync 1 DAGs
[2023-03-27T13:43:09.659+0000] {logging_mixin.py:137} INFO - [2023-03-27T13:43:09.658+0000] {dag.py:3441} INFO - Setting next_dagrun for gsc_to_bq to 2023-03-27T00:00:00+00:00, run_after=2023-03-28T00:00:00+00:00
[2023-03-27T13:43:09.686+0000] {processor.py:175} INFO - Processing /opt/airflow/dags/gcs_to_bq.py took 1.261 seconds
[2023-03-27T13:43:40.021+0000] {processor.py:153} INFO - Started process (PID=481) to work on /opt/airflow/dags/gcs_to_bq.py
[2023-03-27T13:43:40.022+0000] {processor.py:743} INFO - Processing file /opt/airflow/dags/gcs_to_bq.py for tasks to queue
[2023-03-27T13:43:40.024+0000] {logging_mixin.py:137} INFO - [2023-03-27T13:43:40.024+0000] {dagbag.py:538} INFO - Filling up the DagBag from /opt/airflow/dags/gcs_to_bq.py
[2023-03-27T13:43:41.392+0000] {processor.py:753} INFO - DAG(s) dict_keys(['gsc_to_bq']) retrieved from /opt/airflow/dags/gcs_to_bq.py
[2023-03-27T13:43:41.430+0000] {logging_mixin.py:137} INFO - [2023-03-27T13:43:41.430+0000] {dag.py:2690} INFO - Sync 1 DAGs
[2023-03-27T13:43:41.478+0000] {logging_mixin.py:137} INFO - [2023-03-27T13:43:41.478+0000] {dag.py:3441} INFO - Setting next_dagrun for gsc_to_bq to 2023-03-27T00:00:00+00:00, run_after=2023-03-28T00:00:00+00:00
[2023-03-27T13:43:41.517+0000] {processor.py:175} INFO - Processing /opt/airflow/dags/gcs_to_bq.py took 1.503 seconds
[2023-03-27T13:44:11.880+0000] {processor.py:153} INFO - Started process (PID=516) to work on /opt/airflow/dags/gcs_to_bq.py
[2023-03-27T13:44:11.881+0000] {processor.py:743} INFO - Processing file /opt/airflow/dags/gcs_to_bq.py for tasks to queue
[2023-03-27T13:44:11.882+0000] {logging_mixin.py:137} INFO - [2023-03-27T13:44:11.882+0000] {dagbag.py:538} INFO - Filling up the DagBag from /opt/airflow/dags/gcs_to_bq.py
[2023-03-27T13:44:12.472+0000] {processor.py:753} INFO - DAG(s) dict_keys(['gsc_to_bq']) retrieved from /opt/airflow/dags/gcs_to_bq.py
[2023-03-27T13:44:12.494+0000] {logging_mixin.py:137} INFO - [2023-03-27T13:44:12.494+0000] {dag.py:2690} INFO - Sync 1 DAGs
[2023-03-27T13:44:12.513+0000] {logging_mixin.py:137} INFO - [2023-03-27T13:44:12.513+0000] {dag.py:3441} INFO - Setting next_dagrun for gsc_to_bq to 2023-03-27T00:00:00+00:00, run_after=2023-03-28T00:00:00+00:00
[2023-03-27T13:44:12.532+0000] {processor.py:175} INFO - Processing /opt/airflow/dags/gcs_to_bq.py took 0.655 seconds
[2023-03-27T13:44:42.870+0000] {processor.py:153} INFO - Started process (PID=567) to work on /opt/airflow/dags/gcs_to_bq.py
[2023-03-27T13:44:42.872+0000] {processor.py:743} INFO - Processing file /opt/airflow/dags/gcs_to_bq.py for tasks to queue
[2023-03-27T13:44:42.874+0000] {logging_mixin.py:137} INFO - [2023-03-27T13:44:42.873+0000] {dagbag.py:538} INFO - Filling up the DagBag from /opt/airflow/dags/gcs_to_bq.py
[2023-03-27T13:44:43.857+0000] {processor.py:753} INFO - DAG(s) dict_keys(['gsc_to_bq']) retrieved from /opt/airflow/dags/gcs_to_bq.py
[2023-03-27T13:44:43.892+0000] {logging_mixin.py:137} INFO - [2023-03-27T13:44:43.891+0000] {dag.py:2690} INFO - Sync 1 DAGs
[2023-03-27T13:44:43.938+0000] {logging_mixin.py:137} INFO - [2023-03-27T13:44:43.938+0000] {dag.py:3441} INFO - Setting next_dagrun for gsc_to_bq to 2023-03-27T00:00:00+00:00, run_after=2023-03-28T00:00:00+00:00
[2023-03-27T13:44:43.971+0000] {processor.py:175} INFO - Processing /opt/airflow/dags/gcs_to_bq.py took 1.108 seconds
[2023-03-27T13:45:14.284+0000] {processor.py:153} INFO - Started process (PID=602) to work on /opt/airflow/dags/gcs_to_bq.py
[2023-03-27T13:45:14.285+0000] {processor.py:743} INFO - Processing file /opt/airflow/dags/gcs_to_bq.py for tasks to queue
[2023-03-27T13:45:14.286+0000] {logging_mixin.py:137} INFO - [2023-03-27T13:45:14.286+0000] {dagbag.py:538} INFO - Filling up the DagBag from /opt/airflow/dags/gcs_to_bq.py
[2023-03-27T13:45:14.797+0000] {processor.py:753} INFO - DAG(s) dict_keys(['gsc_to_bq']) retrieved from /opt/airflow/dags/gcs_to_bq.py
[2023-03-27T13:45:14.815+0000] {logging_mixin.py:137} INFO - [2023-03-27T13:45:14.814+0000] {dag.py:2690} INFO - Sync 1 DAGs
[2023-03-27T13:45:14.833+0000] {logging_mixin.py:137} INFO - [2023-03-27T13:45:14.833+0000] {dag.py:3441} INFO - Setting next_dagrun for gsc_to_bq to 2023-03-27T00:00:00+00:00, run_after=2023-03-28T00:00:00+00:00
[2023-03-27T13:45:14.858+0000] {processor.py:175} INFO - Processing /opt/airflow/dags/gcs_to_bq.py took 0.577 seconds
[2023-03-27T13:45:45.657+0000] {processor.py:153} INFO - Started process (PID=653) to work on /opt/airflow/dags/gcs_to_bq.py
[2023-03-27T13:45:45.658+0000] {processor.py:743} INFO - Processing file /opt/airflow/dags/gcs_to_bq.py for tasks to queue
[2023-03-27T13:45:45.660+0000] {logging_mixin.py:137} INFO - [2023-03-27T13:45:45.659+0000] {dagbag.py:538} INFO - Filling up the DagBag from /opt/airflow/dags/gcs_to_bq.py
[2023-03-27T13:45:46.275+0000] {processor.py:753} INFO - DAG(s) dict_keys(['gsc_to_bq']) retrieved from /opt/airflow/dags/gcs_to_bq.py
[2023-03-27T13:45:46.293+0000] {logging_mixin.py:137} INFO - [2023-03-27T13:45:46.293+0000] {dag.py:2690} INFO - Sync 1 DAGs
[2023-03-27T13:45:46.312+0000] {logging_mixin.py:137} INFO - [2023-03-27T13:45:46.312+0000] {dag.py:3441} INFO - Setting next_dagrun for gsc_to_bq to 2023-03-27T00:00:00+00:00, run_after=2023-03-28T00:00:00+00:00
[2023-03-27T13:45:46.331+0000] {processor.py:175} INFO - Processing /opt/airflow/dags/gcs_to_bq.py took 0.678 seconds
[2023-03-27T13:46:17.204+0000] {processor.py:153} INFO - Started process (PID=688) to work on /opt/airflow/dags/gcs_to_bq.py
[2023-03-27T13:46:17.205+0000] {processor.py:743} INFO - Processing file /opt/airflow/dags/gcs_to_bq.py for tasks to queue
[2023-03-27T13:46:17.206+0000] {logging_mixin.py:137} INFO - [2023-03-27T13:46:17.206+0000] {dagbag.py:538} INFO - Filling up the DagBag from /opt/airflow/dags/gcs_to_bq.py
[2023-03-27T13:46:17.771+0000] {processor.py:753} INFO - DAG(s) dict_keys(['gsc_to_bq']) retrieved from /opt/airflow/dags/gcs_to_bq.py
[2023-03-27T13:46:17.804+0000] {logging_mixin.py:137} INFO - [2023-03-27T13:46:17.804+0000] {dag.py:2690} INFO - Sync 1 DAGs
[2023-03-27T13:46:17.831+0000] {logging_mixin.py:137} INFO - [2023-03-27T13:46:17.831+0000] {dag.py:3441} INFO - Setting next_dagrun for gsc_to_bq to 2023-03-27T00:00:00+00:00, run_after=2023-03-28T00:00:00+00:00
[2023-03-27T13:46:17.857+0000] {processor.py:175} INFO - Processing /opt/airflow/dags/gcs_to_bq.py took 0.655 seconds
[2023-03-27T13:46:48.664+0000] {processor.py:153} INFO - Started process (PID=739) to work on /opt/airflow/dags/gcs_to_bq.py
[2023-03-27T13:46:48.666+0000] {processor.py:743} INFO - Processing file /opt/airflow/dags/gcs_to_bq.py for tasks to queue
[2023-03-27T13:46:48.667+0000] {logging_mixin.py:137} INFO - [2023-03-27T13:46:48.667+0000] {dagbag.py:538} INFO - Filling up the DagBag from /opt/airflow/dags/gcs_to_bq.py
[2023-03-27T13:46:49.212+0000] {processor.py:753} INFO - DAG(s) dict_keys(['gsc_to_bq']) retrieved from /opt/airflow/dags/gcs_to_bq.py
[2023-03-27T13:46:49.231+0000] {logging_mixin.py:137} INFO - [2023-03-27T13:46:49.230+0000] {dag.py:2690} INFO - Sync 1 DAGs
[2023-03-27T13:46:49.251+0000] {logging_mixin.py:137} INFO - [2023-03-27T13:46:49.251+0000] {dag.py:3441} INFO - Setting next_dagrun for gsc_to_bq to 2023-03-27T00:00:00+00:00, run_after=2023-03-28T00:00:00+00:00
[2023-03-27T13:46:49.275+0000] {processor.py:175} INFO - Processing /opt/airflow/dags/gcs_to_bq.py took 0.615 seconds
[2023-03-27T13:47:19.433+0000] {processor.py:153} INFO - Started process (PID=790) to work on /opt/airflow/dags/gcs_to_bq.py
[2023-03-27T13:47:19.434+0000] {processor.py:743} INFO - Processing file /opt/airflow/dags/gcs_to_bq.py for tasks to queue
[2023-03-27T13:47:19.435+0000] {logging_mixin.py:137} INFO - [2023-03-27T13:47:19.435+0000] {dagbag.py:538} INFO - Filling up the DagBag from /opt/airflow/dags/gcs_to_bq.py
[2023-03-27T13:47:20.059+0000] {processor.py:753} INFO - DAG(s) dict_keys(['gsc_to_bq']) retrieved from /opt/airflow/dags/gcs_to_bq.py
[2023-03-27T13:47:20.080+0000] {logging_mixin.py:137} INFO - [2023-03-27T13:47:20.079+0000] {dag.py:2690} INFO - Sync 1 DAGs
[2023-03-27T13:47:20.106+0000] {logging_mixin.py:137} INFO - [2023-03-27T13:47:20.105+0000] {dag.py:3441} INFO - Setting next_dagrun for gsc_to_bq to 2023-03-27T00:00:00+00:00, run_after=2023-03-28T00:00:00+00:00
[2023-03-27T13:47:20.126+0000] {processor.py:175} INFO - Processing /opt/airflow/dags/gcs_to_bq.py took 0.696 seconds
[2023-03-27T13:47:50.488+0000] {processor.py:153} INFO - Started process (PID=825) to work on /opt/airflow/dags/gcs_to_bq.py
[2023-03-27T13:47:50.490+0000] {processor.py:743} INFO - Processing file /opt/airflow/dags/gcs_to_bq.py for tasks to queue
[2023-03-27T13:47:50.491+0000] {logging_mixin.py:137} INFO - [2023-03-27T13:47:50.491+0000] {dagbag.py:538} INFO - Filling up the DagBag from /opt/airflow/dags/gcs_to_bq.py
[2023-03-27T13:47:51.689+0000] {processor.py:753} INFO - DAG(s) dict_keys(['gsc_to_bq']) retrieved from /opt/airflow/dags/gcs_to_bq.py
[2023-03-27T13:47:51.716+0000] {logging_mixin.py:137} INFO - [2023-03-27T13:47:51.715+0000] {dag.py:2690} INFO - Sync 1 DAGs
[2023-03-27T13:47:51.748+0000] {logging_mixin.py:137} INFO - [2023-03-27T13:47:51.747+0000] {dag.py:3441} INFO - Setting next_dagrun for gsc_to_bq to 2023-03-27T00:00:00+00:00, run_after=2023-03-28T00:00:00+00:00
[2023-03-27T13:47:51.786+0000] {processor.py:175} INFO - Processing /opt/airflow/dags/gcs_to_bq.py took 1.302 seconds
[2023-03-27T13:48:21.868+0000] {processor.py:153} INFO - Started process (PID=876) to work on /opt/airflow/dags/gcs_to_bq.py
[2023-03-27T13:48:21.869+0000] {processor.py:743} INFO - Processing file /opt/airflow/dags/gcs_to_bq.py for tasks to queue
[2023-03-27T13:48:21.871+0000] {logging_mixin.py:137} INFO - [2023-03-27T13:48:21.871+0000] {dagbag.py:538} INFO - Filling up the DagBag from /opt/airflow/dags/gcs_to_bq.py
[2023-03-27T13:48:22.929+0000] {processor.py:753} INFO - DAG(s) dict_keys(['gsc_to_bq']) retrieved from /opt/airflow/dags/gcs_to_bq.py
[2023-03-27T13:48:22.960+0000] {logging_mixin.py:137} INFO - [2023-03-27T13:48:22.959+0000] {dag.py:2690} INFO - Sync 1 DAGs
[2023-03-27T13:48:23.001+0000] {logging_mixin.py:137} INFO - [2023-03-27T13:48:23.001+0000] {dag.py:3441} INFO - Setting next_dagrun for gsc_to_bq to 2023-03-27T00:00:00+00:00, run_after=2023-03-28T00:00:00+00:00
[2023-03-27T13:48:23.032+0000] {processor.py:175} INFO - Processing /opt/airflow/dags/gcs_to_bq.py took 1.169 seconds
[2023-03-27T13:48:53.348+0000] {processor.py:153} INFO - Started process (PID=911) to work on /opt/airflow/dags/gcs_to_bq.py
[2023-03-27T13:48:53.349+0000] {processor.py:743} INFO - Processing file /opt/airflow/dags/gcs_to_bq.py for tasks to queue
[2023-03-27T13:48:53.350+0000] {logging_mixin.py:137} INFO - [2023-03-27T13:48:53.350+0000] {dagbag.py:538} INFO - Filling up the DagBag from /opt/airflow/dags/gcs_to_bq.py
[2023-03-27T13:48:53.894+0000] {processor.py:753} INFO - DAG(s) dict_keys(['gsc_to_bq']) retrieved from /opt/airflow/dags/gcs_to_bq.py
[2023-03-27T13:48:53.921+0000] {logging_mixin.py:137} INFO - [2023-03-27T13:48:53.920+0000] {dag.py:2690} INFO - Sync 1 DAGs
[2023-03-27T13:48:53.944+0000] {logging_mixin.py:137} INFO - [2023-03-27T13:48:53.944+0000] {dag.py:3441} INFO - Setting next_dagrun for gsc_to_bq to 2023-03-27T00:00:00+00:00, run_after=2023-03-28T00:00:00+00:00
[2023-03-27T13:48:53.966+0000] {processor.py:175} INFO - Processing /opt/airflow/dags/gcs_to_bq.py took 0.620 seconds
[2023-03-27T13:49:24.169+0000] {processor.py:153} INFO - Started process (PID=962) to work on /opt/airflow/dags/gcs_to_bq.py
[2023-03-27T13:49:24.173+0000] {processor.py:743} INFO - Processing file /opt/airflow/dags/gcs_to_bq.py for tasks to queue
[2023-03-27T13:49:24.175+0000] {logging_mixin.py:137} INFO - [2023-03-27T13:49:24.174+0000] {dagbag.py:538} INFO - Filling up the DagBag from /opt/airflow/dags/gcs_to_bq.py
[2023-03-27T13:49:26.276+0000] {processor.py:753} INFO - DAG(s) dict_keys(['gsc_to_bq']) retrieved from /opt/airflow/dags/gcs_to_bq.py
[2023-03-27T13:49:26.418+0000] {logging_mixin.py:137} INFO - [2023-03-27T13:49:26.413+0000] {dag.py:2690} INFO - Sync 1 DAGs
[2023-03-27T13:49:26.555+0000] {logging_mixin.py:137} INFO - [2023-03-27T13:49:26.555+0000] {dag.py:3441} INFO - Setting next_dagrun for gsc_to_bq to 2023-03-27T00:00:00+00:00, run_after=2023-03-28T00:00:00+00:00
[2023-03-27T13:49:26.652+0000] {processor.py:175} INFO - Processing /opt/airflow/dags/gcs_to_bq.py took 2.510 seconds
