[2023-05-01T01:10:59.617+0000] {taskinstance.py:1083} INFO - Dependencies all met for <TaskInstance: create_infra.create_dataset scheduled__2023-04-30T00:00:00+00:00 [queued]>
[2023-05-01T01:10:59.626+0000] {taskinstance.py:1083} INFO - Dependencies all met for <TaskInstance: create_infra.create_dataset scheduled__2023-04-30T00:00:00+00:00 [queued]>
[2023-05-01T01:10:59.627+0000] {taskinstance.py:1279} INFO - 
--------------------------------------------------------------------------------
[2023-05-01T01:10:59.628+0000] {taskinstance.py:1280} INFO - Starting attempt 4 of 5
[2023-05-01T01:10:59.628+0000] {taskinstance.py:1281} INFO - 
--------------------------------------------------------------------------------
[2023-05-01T01:10:59.641+0000] {taskinstance.py:1300} INFO - Executing <Task(BigQueryCreateEmptyDatasetOperator): create_dataset> on 2023-04-30 00:00:00+00:00
[2023-05-01T01:10:59.646+0000] {standard_task_runner.py:55} INFO - Started process 24702 to run task
[2023-05-01T01:10:59.649+0000] {standard_task_runner.py:82} INFO - Running: ['***', 'tasks', 'run', 'create_infra', 'create_dataset', 'scheduled__2023-04-30T00:00:00+00:00', '--job-id', '495', '--raw', '--subdir', 'DAGS_FOLDER/create_infra.py', '--cfg-path', '/tmp/tmpruyzrbn7']
[2023-05-01T01:10:59.651+0000] {standard_task_runner.py:83} INFO - Job 495: Subtask create_dataset
[2023-05-01T01:10:59.712+0000] {task_command.py:388} INFO - Running <TaskInstance: create_infra.create_dataset scheduled__2023-04-30T00:00:00+00:00 [running]> on host 32f6cac2461e
[2023-05-01T01:10:59.776+0000] {taskinstance.py:1509} INFO - Exporting the following env vars:
AIRFLOW_CTX_DAG_OWNER=Junior Lafuente
AIRFLOW_CTX_DAG_ID=create_infra
AIRFLOW_CTX_TASK_ID=create_dataset
AIRFLOW_CTX_EXECUTION_DATE=2023-04-30T00:00:00+00:00
AIRFLOW_CTX_TRY_NUMBER=4
AIRFLOW_CTX_DAG_RUN_ID=scheduled__2023-04-30T00:00:00+00:00
[2023-05-01T01:10:59.785+0000] {base.py:73} INFO - Using connection ID 'gcp' for task execution.
[2023-05-01T01:10:59.790+0000] {bigquery.py:451} INFO - datasetId was not specified in `dataset_reference`. Will use default value venda.
[2023-05-01T01:10:59.791+0000] {bigquery.py:451} INFO - projectId was not specified in `dataset_reference`. Will use default value semiotic-joy-379201.
[2023-05-01T01:10:59.792+0000] {bigquery.py:461} INFO - Creating dataset: venda in project: semiotic-joy-379201 
[2023-05-01T01:11:00.493+0000] {bigquery.py:1836} INFO - Dataset venda already exists.
[2023-05-01T01:11:00.507+0000] {taskinstance.py:1323} INFO - Marking task as SUCCESS. dag_id=create_infra, task_id=create_dataset, execution_date=20230430T000000, start_date=20230501T011059, end_date=20230501T011100
[2023-05-01T01:11:00.577+0000] {local_task_job.py:208} INFO - Task exited with return code 0
[2023-05-01T01:11:00.608+0000] {taskinstance.py:2578} INFO - 1 downstream tasks scheduled from follow-on schedule check
