[2023-05-01T01:07:42.502+0000] {taskinstance.py:1083} INFO - Dependencies all met for <TaskInstance: create_infra.create_dataset scheduled__2023-04-30T00:00:00+00:00 [queued]>
[2023-05-01T01:07:42.519+0000] {taskinstance.py:1083} INFO - Dependencies all met for <TaskInstance: create_infra.create_dataset scheduled__2023-04-30T00:00:00+00:00 [queued]>
[2023-05-01T01:07:42.520+0000] {taskinstance.py:1279} INFO - 
--------------------------------------------------------------------------------
[2023-05-01T01:07:42.521+0000] {taskinstance.py:1280} INFO - Starting attempt 3 of 4
[2023-05-01T01:07:42.522+0000] {taskinstance.py:1281} INFO - 
--------------------------------------------------------------------------------
[2023-05-01T01:07:42.544+0000] {taskinstance.py:1300} INFO - Executing <Task(BigQueryCreateEmptyDatasetOperator): create_dataset> on 2023-04-30 00:00:00+00:00
[2023-05-01T01:07:42.553+0000] {standard_task_runner.py:55} INFO - Started process 24437 to run task
[2023-05-01T01:07:42.570+0000] {standard_task_runner.py:82} INFO - Running: ['***', 'tasks', 'run', 'create_infra', 'create_dataset', 'scheduled__2023-04-30T00:00:00+00:00', '--job-id', '492', '--raw', '--subdir', 'DAGS_FOLDER/create_infra.py', '--cfg-path', '/tmp/tmpc4dw2sr5']
[2023-05-01T01:07:42.578+0000] {standard_task_runner.py:83} INFO - Job 492: Subtask create_dataset
[2023-05-01T01:07:42.684+0000] {task_command.py:388} INFO - Running <TaskInstance: create_infra.create_dataset scheduled__2023-04-30T00:00:00+00:00 [running]> on host 32f6cac2461e
[2023-05-01T01:07:42.825+0000] {taskinstance.py:1509} INFO - Exporting the following env vars:
AIRFLOW_CTX_DAG_OWNER=Junior Lafuente
AIRFLOW_CTX_DAG_ID=create_infra
AIRFLOW_CTX_TASK_ID=create_dataset
AIRFLOW_CTX_EXECUTION_DATE=2023-04-30T00:00:00+00:00
AIRFLOW_CTX_TRY_NUMBER=3
AIRFLOW_CTX_DAG_RUN_ID=scheduled__2023-04-30T00:00:00+00:00
[2023-05-01T01:07:42.841+0000] {base.py:73} INFO - Using connection ID 'gcp' for task execution.
[2023-05-01T01:07:42.852+0000] {bigquery.py:451} INFO - datasetId was not specified in `dataset_reference`. Will use default value venda.
[2023-05-01T01:07:42.852+0000] {bigquery.py:451} INFO - projectId was not specified in `dataset_reference`. Will use default value semiotic-joy-379201.
[2023-05-01T01:07:42.853+0000] {bigquery.py:461} INFO - Creating dataset: venda in project: semiotic-joy-379201 
[2023-05-01T01:07:44.166+0000] {bigquery.py:465} INFO - Dataset created successfully.
[2023-05-01T01:07:44.195+0000] {taskinstance.py:1323} INFO - Marking task as SUCCESS. dag_id=create_infra, task_id=create_dataset, execution_date=20230430T000000, start_date=20230501T010742, end_date=20230501T010744
[2023-05-01T01:07:44.253+0000] {local_task_job.py:208} INFO - Task exited with return code 0
[2023-05-01T01:07:44.276+0000] {taskinstance.py:2578} INFO - 1 downstream tasks scheduled from follow-on schedule check
