[2023-05-01T02:24:24.817+0000] {taskinstance.py:1083} INFO - Dependencies all met for <TaskInstance: gsc_to_bq.copy_files_dataLake_To_bucket_raw scheduled__2023-04-30T00:00:00+00:00 [queued]>
[2023-05-01T02:24:24.876+0000] {taskinstance.py:1083} INFO - Dependencies all met for <TaskInstance: gsc_to_bq.copy_files_dataLake_To_bucket_raw scheduled__2023-04-30T00:00:00+00:00 [queued]>
[2023-05-01T02:24:24.877+0000] {taskinstance.py:1279} INFO - 
--------------------------------------------------------------------------------
[2023-05-01T02:24:24.881+0000] {taskinstance.py:1280} INFO - Starting attempt 8 of 8
[2023-05-01T02:24:24.886+0000] {taskinstance.py:1281} INFO - 
--------------------------------------------------------------------------------
[2023-05-01T02:24:24.927+0000] {taskinstance.py:1300} INFO - Executing <Task(GCSToGCSOperator): copy_files_dataLake_To_bucket_raw> on 2023-04-30 00:00:00+00:00
[2023-05-01T02:24:24.980+0000] {standard_task_runner.py:55} INFO - Started process 84 to run task
[2023-05-01T02:24:25.173+0000] {standard_task_runner.py:82} INFO - Running: ['***', 'tasks', 'run', 'gsc_to_bq', 'copy_files_dataLake_To_bucket_raw', 'scheduled__2023-04-30T00:00:00+00:00', '--job-id', '547', '--raw', '--subdir', 'DAGS_FOLDER/gcs_to_bq.py', '--cfg-path', '/tmp/tmpig_4dqdy']
[2023-05-01T02:24:25.255+0000] {standard_task_runner.py:83} INFO - Job 547: Subtask copy_files_dataLake_To_bucket_raw
[2023-05-01T02:24:26.063+0000] {task_command.py:388} INFO - Running <TaskInstance: gsc_to_bq.copy_files_dataLake_To_bucket_raw scheduled__2023-04-30T00:00:00+00:00 [running]> on host da959356c36a
[2023-05-01T02:24:26.764+0000] {taskinstance.py:1509} INFO - Exporting the following env vars:
AIRFLOW_CTX_DAG_OWNER=Junior Lafuente
AIRFLOW_CTX_DAG_ID=gsc_to_bq
AIRFLOW_CTX_TASK_ID=copy_files_dataLake_To_bucket_raw
AIRFLOW_CTX_EXECUTION_DATE=2023-04-30T00:00:00+00:00
AIRFLOW_CTX_TRY_NUMBER=8
AIRFLOW_CTX_DAG_RUN_ID=scheduled__2023-04-30T00:00:00+00:00
[2023-05-01T02:24:27.136+0000] {base.py:73} INFO - Using connection ID 'gcp' for task execution.
[2023-05-01T02:24:27.381+0000] {gcs_to_gcs.py:403} INFO - Delimiter ignored because wildcard is in prefix
[2023-05-01T02:24:29.656+0000] {gcs_to_gcs.py:470} INFO - Executing copy of gs://datalake_jr/input/ to gs://bucket_raw_jr/input/
[2023-05-01T02:24:30.076+0000] {gcs.py:248} INFO - Total Bytes: 0 | Bytes Written: 0
[2023-05-01T02:24:30.078+0000] {gcs.py:261} INFO - Object input/ in bucket datalake_jr rewritten to object input/ in bucket bucket_raw_jr
[2023-05-01T02:24:30.297+0000] {gcs.py:664} INFO - Blob input/ deleted.
[2023-05-01T02:24:30.298+0000] {gcs_to_gcs.py:470} INFO - Executing copy of gs://datalake_jr/input/Base_2019.csv to gs://bucket_raw_jr/input/Base_2019.csv
[2023-05-01T02:24:30.669+0000] {gcs.py:248} INFO - Total Bytes: 46669 | Bytes Written: 46669
[2023-05-01T02:24:30.670+0000] {gcs.py:261} INFO - Object input/Base_2019.csv in bucket datalake_jr rewritten to object input/Base_2019.csv in bucket bucket_raw_jr
[2023-05-01T02:24:30.868+0000] {gcs.py:664} INFO - Blob input/Base_2019.csv deleted.
[2023-05-01T02:24:30.906+0000] {taskinstance.py:1323} INFO - Marking task as SUCCESS. dag_id=gsc_to_bq, task_id=copy_files_dataLake_To_bucket_raw, execution_date=20230430T000000, start_date=20230501T022424, end_date=20230501T022430
[2023-05-01T02:24:31.032+0000] {local_task_job.py:208} INFO - Task exited with return code 0
[2023-05-01T02:24:31.082+0000] {taskinstance.py:2578} INFO - 1 downstream tasks scheduled from follow-on schedule check
