[2023-05-01T00:35:41.336+0000] {taskinstance.py:1083} INFO - Dependencies all met for <TaskInstance: gsc_to_bq.copy_files_dataLake_To_bucket_raw scheduled__2023-04-30T00:00:00+00:00 [queued]>
[2023-05-01T00:35:41.347+0000] {taskinstance.py:1083} INFO - Dependencies all met for <TaskInstance: gsc_to_bq.copy_files_dataLake_To_bucket_raw scheduled__2023-04-30T00:00:00+00:00 [queued]>
[2023-05-01T00:35:41.348+0000] {taskinstance.py:1279} INFO - 
--------------------------------------------------------------------------------
[2023-05-01T00:35:41.349+0000] {taskinstance.py:1280} INFO - Starting attempt 4 of 5
[2023-05-01T00:35:41.350+0000] {taskinstance.py:1281} INFO - 
--------------------------------------------------------------------------------
[2023-05-01T00:35:41.366+0000] {taskinstance.py:1300} INFO - Executing <Task(GCSToGCSOperator): copy_files_dataLake_To_bucket_raw> on 2023-04-30 00:00:00+00:00
[2023-05-01T00:35:41.442+0000] {standard_task_runner.py:55} INFO - Started process 22085 to run task
[2023-05-01T00:35:41.447+0000] {standard_task_runner.py:82} INFO - Running: ['***', 'tasks', 'run', 'gsc_to_bq', 'copy_files_dataLake_To_bucket_raw', 'scheduled__2023-04-30T00:00:00+00:00', '--job-id', '486', '--raw', '--subdir', 'DAGS_FOLDER/gcs_to_bq.py', '--cfg-path', '/tmp/tmp_ooaef2x']
[2023-05-01T00:35:41.451+0000] {standard_task_runner.py:83} INFO - Job 486: Subtask copy_files_dataLake_To_bucket_raw
[2023-05-01T00:35:41.523+0000] {task_command.py:388} INFO - Running <TaskInstance: gsc_to_bq.copy_files_dataLake_To_bucket_raw scheduled__2023-04-30T00:00:00+00:00 [running]> on host 32f6cac2461e
[2023-05-01T00:35:41.594+0000] {taskinstance.py:1509} INFO - Exporting the following env vars:
AIRFLOW_CTX_DAG_OWNER=Junior Lafuente
AIRFLOW_CTX_DAG_ID=gsc_to_bq
AIRFLOW_CTX_TASK_ID=copy_files_dataLake_To_bucket_raw
AIRFLOW_CTX_EXECUTION_DATE=2023-04-30T00:00:00+00:00
AIRFLOW_CTX_TRY_NUMBER=4
AIRFLOW_CTX_DAG_RUN_ID=scheduled__2023-04-30T00:00:00+00:00
[2023-05-01T00:35:41.602+0000] {base.py:73} INFO - Using connection ID 'gcp' for task execution.
[2023-05-01T00:35:41.608+0000] {gcs_to_gcs.py:403} INFO - Delimiter ignored because wildcard is in prefix
[2023-05-01T00:35:42.605+0000] {gcs_to_gcs.py:470} INFO - Executing copy of gs://datalake_jr/input/Base_2018.xlsx to gs://bucket_raw_jr/input/Base_2018.xlsx
[2023-05-01T00:35:42.989+0000] {gcs.py:248} INFO - Total Bytes: 46680 | Bytes Written: 46680
[2023-05-01T00:35:42.990+0000] {gcs.py:261} INFO - Object input/Base_2018.xlsx in bucket datalake_jr rewritten to object input/Base_2018.xlsx in bucket bucket_raw_jr
[2023-05-01T00:35:43.200+0000] {gcs.py:664} INFO - Blob input/Base_2018.xlsx deleted.
[2023-05-01T00:35:43.209+0000] {taskinstance.py:1323} INFO - Marking task as SUCCESS. dag_id=gsc_to_bq, task_id=copy_files_dataLake_To_bucket_raw, execution_date=20230430T000000, start_date=20230501T003541, end_date=20230501T003543
[2023-05-01T00:35:43.232+0000] {local_task_job.py:208} INFO - Task exited with return code 0
[2023-05-01T00:35:43.252+0000] {taskinstance.py:2578} INFO - 0 downstream tasks scheduled from follow-on schedule check
