[2023-03-11T00:29:21.168+0000] {taskinstance.py:1083} INFO - Dependencies all met for <TaskInstance: ingestion_dados_postgres.insere_dados_table_data_engeening_replica manual__2023-03-11T00:29:06.699397+00:00 [queued]>
[2023-03-11T00:29:21.192+0000] {taskinstance.py:1083} INFO - Dependencies all met for <TaskInstance: ingestion_dados_postgres.insere_dados_table_data_engeening_replica manual__2023-03-11T00:29:06.699397+00:00 [queued]>
[2023-03-11T00:29:21.193+0000] {taskinstance.py:1279} INFO - 
--------------------------------------------------------------------------------
[2023-03-11T00:29:21.198+0000] {taskinstance.py:1280} INFO - Starting attempt 1 of 1
[2023-03-11T00:29:21.199+0000] {taskinstance.py:1281} INFO - 
--------------------------------------------------------------------------------
[2023-03-11T00:29:21.222+0000] {taskinstance.py:1300} INFO - Executing <Task(PostgresOperator): insere_dados_table_data_engeening_replica> on 2023-03-11 00:29:06.699397+00:00
[2023-03-11T00:29:21.231+0000] {standard_task_runner.py:55} INFO - Started process 14914 to run task
[2023-03-11T00:29:21.237+0000] {standard_task_runner.py:82} INFO - Running: ['***', 'tasks', 'run', 'ingestion_dados_postgres', 'insere_dados_table_data_engeening_replica', 'manual__2023-03-11T00:29:06.699397+00:00', '--job-id', '208', '--raw', '--subdir', 'DAGS_FOLDER/ingestion_dados_postgres.py', '--cfg-path', '/tmp/tmpbg7hg0j6']
[2023-03-11T00:29:21.238+0000] {standard_task_runner.py:83} INFO - Job 208: Subtask insere_dados_table_data_engeening_replica
[2023-03-11T00:29:21.353+0000] {task_command.py:388} INFO - Running <TaskInstance: ingestion_dados_postgres.insere_dados_table_data_engeening_replica manual__2023-03-11T00:29:06.699397+00:00 [running]> on host 9ff22fa0bca3
[2023-03-11T00:29:21.464+0000] {taskinstance.py:1509} INFO - Exporting the following env vars:
AIRFLOW_CTX_DAG_OWNER=***
AIRFLOW_CTX_DAG_ID=ingestion_dados_postgres
AIRFLOW_CTX_TASK_ID=insere_dados_table_data_engeening_replica
AIRFLOW_CTX_EXECUTION_DATE=2023-03-11T00:29:06.699397+00:00
AIRFLOW_CTX_TRY_NUMBER=1
AIRFLOW_CTX_DAG_RUN_ID=manual__2023-03-11T00:29:06.699397+00:00
[2023-03-11T00:29:21.467+0000] {sql.py:254} INFO - Executing: insert into tb_data_engineering_replica
select * from tb_data_engineering
where nivel = 'SPEC'
        
[2023-03-11T00:29:21.483+0000] {base.py:73} INFO - Using connection ID 'postgres-***' for task execution.
[2023-03-11T00:29:21.752+0000] {base.py:73} INFO - Using connection ID 'postgres-***' for task execution.
[2023-03-11T00:29:21.801+0000] {sql.py:375} INFO - Running statement: insert into tb_data_engineering_replica
select * from tb_data_engineering
where nivel = 'SPEC'
        , parameters: None
[2023-03-11T00:29:21.815+0000] {sql.py:384} INFO - Rows affected: 4
[2023-03-11T00:29:21.844+0000] {taskinstance.py:1323} INFO - Marking task as SUCCESS. dag_id=ingestion_dados_postgres, task_id=insere_dados_table_data_engeening_replica, execution_date=20230311T002906, start_date=20230311T002921, end_date=20230311T002921
[2023-03-11T00:29:21.896+0000] {local_task_job.py:208} INFO - Task exited with return code 0
[2023-03-11T00:29:21.928+0000] {taskinstance.py:2578} INFO - 0 downstream tasks scheduled from follow-on schedule check
