[2023-05-03T23:40:40.182+0000] {taskinstance.py:1083} INFO - Dependencies all met for <TaskInstance: gsc_to_bq.copy_files_dataLake_To_bucket_raw scheduled__2023-05-02T00:00:00+00:00 [queued]>
[2023-05-03T23:40:40.193+0000] {taskinstance.py:1083} INFO - Dependencies all met for <TaskInstance: gsc_to_bq.copy_files_dataLake_To_bucket_raw scheduled__2023-05-02T00:00:00+00:00 [queued]>
[2023-05-03T23:40:40.193+0000] {taskinstance.py:1279} INFO - 
--------------------------------------------------------------------------------
[2023-05-03T23:40:40.194+0000] {taskinstance.py:1280} INFO - Starting attempt 23 of 24
[2023-05-03T23:40:40.195+0000] {taskinstance.py:1281} INFO - 
--------------------------------------------------------------------------------
[2023-05-03T23:40:40.212+0000] {taskinstance.py:1300} INFO - Executing <Task(GCSToGCSOperator): copy_files_dataLake_To_bucket_raw> on 2023-05-02 00:00:00+00:00
[2023-05-03T23:40:40.220+0000] {standard_task_runner.py:55} INFO - Started process 6351 to run task
[2023-05-03T23:40:40.224+0000] {standard_task_runner.py:82} INFO - Running: ['***', 'tasks', 'run', 'gsc_to_bq', 'copy_files_dataLake_To_bucket_raw', 'scheduled__2023-05-02T00:00:00+00:00', '--job-id', '718', '--raw', '--subdir', 'DAGS_FOLDER/gcs_to_bq.py', '--cfg-path', '/tmp/tmpaf_iahrb']
[2023-05-03T23:40:40.227+0000] {standard_task_runner.py:83} INFO - Job 718: Subtask copy_files_dataLake_To_bucket_raw
[2023-05-03T23:40:40.313+0000] {task_command.py:388} INFO - Running <TaskInstance: gsc_to_bq.copy_files_dataLake_To_bucket_raw scheduled__2023-05-02T00:00:00+00:00 [running]> on host 23a1495f3fb6
[2023-05-03T23:40:40.418+0000] {taskinstance.py:1509} INFO - Exporting the following env vars:
AIRFLOW_CTX_DAG_OWNER=Junior Lafuente
AIRFLOW_CTX_DAG_ID=gsc_to_bq
AIRFLOW_CTX_TASK_ID=copy_files_dataLake_To_bucket_raw
AIRFLOW_CTX_EXECUTION_DATE=2023-05-02T00:00:00+00:00
AIRFLOW_CTX_TRY_NUMBER=23
AIRFLOW_CTX_DAG_RUN_ID=scheduled__2023-05-02T00:00:00+00:00
[2023-05-03T23:40:40.435+0000] {base.py:73} INFO - Using connection ID 'gcp' for task execution.
[2023-05-03T23:40:40.445+0000] {gcs_to_gcs.py:403} INFO - Delimiter ignored because wildcard is in prefix
[2023-05-03T23:40:41.301+0000] {taskinstance.py:1323} INFO - Marking task as SUCCESS. dag_id=gsc_to_bq, task_id=copy_files_dataLake_To_bucket_raw, execution_date=20230502T000000, start_date=20230503T234040, end_date=20230503T234041
[2023-05-03T23:40:41.361+0000] {local_task_job.py:208} INFO - Task exited with return code 0
[2023-05-03T23:40:41.398+0000] {taskinstance.py:2578} INFO - 0 downstream tasks scheduled from follow-on schedule check
