[2023-05-03T04:05:40.807+0000] {taskinstance.py:1083} INFO - Dependencies all met for <TaskInstance: gsc_to_bq.copy_files_dataLake_To_bucket_raw scheduled__2023-05-02T00:00:00+00:00 [queued]>
[2023-05-03T04:05:40.867+0000] {taskinstance.py:1083} INFO - Dependencies all met for <TaskInstance: gsc_to_bq.copy_files_dataLake_To_bucket_raw scheduled__2023-05-02T00:00:00+00:00 [queued]>
[2023-05-03T04:05:40.868+0000] {taskinstance.py:1279} INFO - 
--------------------------------------------------------------------------------
[2023-05-03T04:05:40.869+0000] {taskinstance.py:1280} INFO - Starting attempt 6 of 7
[2023-05-03T04:05:40.869+0000] {taskinstance.py:1281} INFO - 
--------------------------------------------------------------------------------
[2023-05-03T04:05:40.958+0000] {taskinstance.py:1300} INFO - Executing <Task(GCSToGCSOperator): copy_files_dataLake_To_bucket_raw> on 2023-05-02 00:00:00+00:00
[2023-05-03T04:05:40.999+0000] {standard_task_runner.py:55} INFO - Started process 2715 to run task
[2023-05-03T04:05:41.027+0000] {standard_task_runner.py:82} INFO - Running: ['***', 'tasks', 'run', 'gsc_to_bq', 'copy_files_dataLake_To_bucket_raw', 'scheduled__2023-05-02T00:00:00+00:00', '--job-id', '625', '--raw', '--subdir', 'DAGS_FOLDER/gcs_to_bq.py', '--cfg-path', '/tmp/tmp90z7g_jk']
[2023-05-03T04:05:41.039+0000] {standard_task_runner.py:83} INFO - Job 625: Subtask copy_files_dataLake_To_bucket_raw
[2023-05-03T04:05:41.408+0000] {task_command.py:388} INFO - Running <TaskInstance: gsc_to_bq.copy_files_dataLake_To_bucket_raw scheduled__2023-05-02T00:00:00+00:00 [running]> on host 63f59780fc7a
[2023-05-03T04:05:41.907+0000] {taskinstance.py:1509} INFO - Exporting the following env vars:
AIRFLOW_CTX_DAG_OWNER=Junior Lafuente
AIRFLOW_CTX_DAG_ID=gsc_to_bq
AIRFLOW_CTX_TASK_ID=copy_files_dataLake_To_bucket_raw
AIRFLOW_CTX_EXECUTION_DATE=2023-05-02T00:00:00+00:00
AIRFLOW_CTX_TRY_NUMBER=6
AIRFLOW_CTX_DAG_RUN_ID=scheduled__2023-05-02T00:00:00+00:00
[2023-05-03T04:05:41.978+0000] {base.py:73} INFO - Using connection ID 'gcp' for task execution.
[2023-05-03T04:05:42.008+0000] {gcs_to_gcs.py:403} INFO - Delimiter ignored because wildcard is in prefix
[2023-05-03T04:05:43.529+0000] {gcs_to_gcs.py:470} INFO - Executing copy of gs://datalake_jr/input/ to gs://bucket_raw_jr/input/
[2023-05-03T04:05:43.946+0000] {gcs.py:248} INFO - Total Bytes: 0 | Bytes Written: 0
[2023-05-03T04:05:43.948+0000] {gcs.py:261} INFO - Object input/ in bucket datalake_jr rewritten to object input/ in bucket bucket_raw_jr
[2023-05-03T04:05:44.190+0000] {gcs.py:664} INFO - Blob input/ deleted.
[2023-05-03T04:05:44.270+0000] {taskinstance.py:1323} INFO - Marking task as SUCCESS. dag_id=gsc_to_bq, task_id=copy_files_dataLake_To_bucket_raw, execution_date=20230502T000000, start_date=20230503T040540, end_date=20230503T040544
[2023-05-03T04:05:44.529+0000] {local_task_job.py:208} INFO - Task exited with return code 0
[2023-05-03T04:05:44.817+0000] {taskinstance.py:2578} INFO - 0 downstream tasks scheduled from follow-on schedule check
