[2023-05-03T02:19:46.102+0000] {taskinstance.py:1083} INFO - Dependencies all met for <TaskInstance: gsc_to_bq.copy_files_dataLake_To_bucket_raw scheduled__2023-05-02T00:00:00+00:00 [queued]>
[2023-05-03T02:19:46.167+0000] {taskinstance.py:1083} INFO - Dependencies all met for <TaskInstance: gsc_to_bq.copy_files_dataLake_To_bucket_raw scheduled__2023-05-02T00:00:00+00:00 [queued]>
[2023-05-03T02:19:46.169+0000] {taskinstance.py:1279} INFO - 
--------------------------------------------------------------------------------
[2023-05-03T02:19:46.179+0000] {taskinstance.py:1280} INFO - Starting attempt 5 of 6
[2023-05-03T02:19:46.180+0000] {taskinstance.py:1281} INFO - 
--------------------------------------------------------------------------------
[2023-05-03T02:19:46.288+0000] {taskinstance.py:1300} INFO - Executing <Task(GCSToGCSOperator): copy_files_dataLake_To_bucket_raw> on 2023-05-02 00:00:00+00:00
[2023-05-03T02:19:46.333+0000] {standard_task_runner.py:55} INFO - Started process 13432 to run task
[2023-05-03T02:19:46.350+0000] {standard_task_runner.py:82} INFO - Running: ['***', 'tasks', 'run', 'gsc_to_bq', 'copy_files_dataLake_To_bucket_raw', 'scheduled__2023-05-02T00:00:00+00:00', '--job-id', '599', '--raw', '--subdir', 'DAGS_FOLDER/gcs_to_bq.py', '--cfg-path', '/tmp/tmpd7wlwy_c']
[2023-05-03T02:19:46.359+0000] {standard_task_runner.py:83} INFO - Job 599: Subtask copy_files_dataLake_To_bucket_raw
[2023-05-03T02:19:46.639+0000] {task_command.py:388} INFO - Running <TaskInstance: gsc_to_bq.copy_files_dataLake_To_bucket_raw scheduled__2023-05-02T00:00:00+00:00 [running]> on host da959356c36a
[2023-05-03T02:19:46.980+0000] {taskinstance.py:1509} INFO - Exporting the following env vars:
AIRFLOW_CTX_DAG_OWNER=Junior Lafuente
AIRFLOW_CTX_DAG_ID=gsc_to_bq
AIRFLOW_CTX_TASK_ID=copy_files_dataLake_To_bucket_raw
AIRFLOW_CTX_EXECUTION_DATE=2023-05-02T00:00:00+00:00
AIRFLOW_CTX_TRY_NUMBER=5
AIRFLOW_CTX_DAG_RUN_ID=scheduled__2023-05-02T00:00:00+00:00
[2023-05-03T02:19:47.038+0000] {base.py:73} INFO - Using connection ID 'gcp' for task execution.
[2023-05-03T02:19:47.067+0000] {gcs_to_gcs.py:403} INFO - Delimiter ignored because wildcard is in prefix
[2023-05-03T02:19:48.859+0000] {gcs_to_gcs.py:470} INFO - Executing copy of gs://datalake_jr/input/Base 2017.xlsx to gs://bucket_raw_jr/input/Base 2017.xlsx
[2023-05-03T02:19:49.269+0000] {gcs.py:248} INFO - Total Bytes: 40969 | Bytes Written: 40969
[2023-05-03T02:19:49.270+0000] {gcs.py:261} INFO - Object input/Base 2017.xlsx in bucket datalake_jr rewritten to object input/Base 2017.xlsx in bucket bucket_raw_jr
[2023-05-03T02:19:49.478+0000] {gcs.py:664} INFO - Blob input/Base 2017.xlsx deleted.
[2023-05-03T02:19:49.541+0000] {taskinstance.py:1323} INFO - Marking task as SUCCESS. dag_id=gsc_to_bq, task_id=copy_files_dataLake_To_bucket_raw, execution_date=20230502T000000, start_date=20230503T021946, end_date=20230503T021949
[2023-05-03T02:19:49.668+0000] {local_task_job.py:208} INFO - Task exited with return code 0
[2023-05-03T02:19:49.782+0000] {taskinstance.py:2578} INFO - 1 downstream tasks scheduled from follow-on schedule check
