[2023-03-11T00:15:05.404+0000] {taskinstance.py:1083} INFO - Dependencies all met for <TaskInstance: ingestion_dados_postgres.insere_dados_tb_data_engineering scheduled__2023-03-10T22:30:00+00:00 [queued]>
[2023-03-11T00:15:05.442+0000] {taskinstance.py:1083} INFO - Dependencies all met for <TaskInstance: ingestion_dados_postgres.insere_dados_tb_data_engineering scheduled__2023-03-10T22:30:00+00:00 [queued]>
[2023-03-11T00:15:05.447+0000] {taskinstance.py:1279} INFO - 
--------------------------------------------------------------------------------
[2023-03-11T00:15:05.450+0000] {taskinstance.py:1280} INFO - Starting attempt 1 of 1
[2023-03-11T00:15:05.452+0000] {taskinstance.py:1281} INFO - 
--------------------------------------------------------------------------------
[2023-03-11T00:15:05.509+0000] {taskinstance.py:1300} INFO - Executing <Task(PostgresOperator): insere_dados_tb_data_engineering> on 2023-03-10 22:30:00+00:00
[2023-03-11T00:15:05.518+0000] {standard_task_runner.py:55} INFO - Started process 13970 to run task
[2023-03-11T00:15:05.525+0000] {standard_task_runner.py:82} INFO - Running: ['***', 'tasks', 'run', 'ingestion_dados_postgres', 'insere_dados_tb_data_engineering', 'scheduled__2023-03-10T22:30:00+00:00', '--job-id', '192', '--raw', '--subdir', 'DAGS_FOLDER/ingestion_dados_postgres.py', '--cfg-path', '/tmp/tmpdkpj7st6']
[2023-03-11T00:15:05.528+0000] {standard_task_runner.py:83} INFO - Job 192: Subtask insere_dados_tb_data_engineering
[2023-03-11T00:15:05.673+0000] {task_command.py:388} INFO - Running <TaskInstance: ingestion_dados_postgres.insere_dados_tb_data_engineering scheduled__2023-03-10T22:30:00+00:00 [running]> on host 9ff22fa0bca3
[2023-03-11T00:15:05.963+0000] {taskinstance.py:1509} INFO - Exporting the following env vars:
AIRFLOW_CTX_DAG_OWNER=***
AIRFLOW_CTX_DAG_ID=ingestion_dados_postgres
AIRFLOW_CTX_TASK_ID=insere_dados_tb_data_engineering
AIRFLOW_CTX_EXECUTION_DATE=2023-03-10T22:30:00+00:00
AIRFLOW_CTX_TRY_NUMBER=1
AIRFLOW_CTX_DAG_RUN_ID=scheduled__2023-03-10T22:30:00+00:00
[2023-03-11T00:15:05.973+0000] {sql.py:254} INFO - Executing: insert into tb_data_engineering(name,cargo,nivel,dt)
values('Junior Lafuente', 'DATA ENGINERIING', 'PLENO', CURRENT_DATE),
      ('Guilherme Delmondes', 'DATA ENGINERIING', 'SPEC', CURRENT_DATE),
      ('Bruno Rodrigues', 'DATA ENGINERIING', 'SENIOR', CURRENT_DATE),
      ('Rafael Miranda', 'DATA ENGINERIING', 'SPEC', CURRENT_DATE),
      ('Diogo brido nilo', 'DATA ENGINERIING', 'PLENO', CURRENT_DATE);
        
[2023-03-11T00:15:06.025+0000] {base.py:73} INFO - Using connection ID 'postgres-***' for task execution.
[2023-03-11T00:15:06.541+0000] {base.py:73} INFO - Using connection ID 'postgres-***' for task execution.
[2023-03-11T00:15:06.600+0000] {sql.py:375} INFO - Running statement: insert into tb_data_engineering(name,cargo,nivel,dt)
values('Junior Lafuente', 'DATA ENGINERIING', 'PLENO', CURRENT_DATE),
      ('Guilherme Delmondes', 'DATA ENGINERIING', 'SPEC', CURRENT_DATE),
      ('Bruno Rodrigues', 'DATA ENGINERIING', 'SENIOR', CURRENT_DATE),
      ('Rafael Miranda', 'DATA ENGINERIING', 'SPEC', CURRENT_DATE),
      ('Diogo brido nilo', 'DATA ENGINERIING', 'PLENO', CURRENT_DATE);
        , parameters: None
[2023-03-11T00:15:06.650+0000] {sql.py:384} INFO - Rows affected: 5
[2023-03-11T00:15:06.687+0000] {taskinstance.py:1323} INFO - Marking task as SUCCESS. dag_id=ingestion_dados_postgres, task_id=insere_dados_tb_data_engineering, execution_date=20230310T223000, start_date=20230311T001505, end_date=20230311T001506
[2023-03-11T00:15:06.760+0000] {local_task_job.py:208} INFO - Task exited with return code 0
[2023-03-11T00:15:06.797+0000] {taskinstance.py:2578} INFO - 0 downstream tasks scheduled from follow-on schedule check
