[2023-03-11T02:08:32.935+0000] {taskinstance.py:1083} INFO - Dependencies all met for <TaskInstance: dag_sql.insere_dados_table_db scheduled__2023-03-09T13:30:00+00:00 [queued]>
[2023-03-11T02:08:32.965+0000] {taskinstance.py:1083} INFO - Dependencies all met for <TaskInstance: dag_sql.insere_dados_table_db scheduled__2023-03-09T13:30:00+00:00 [queued]>
[2023-03-11T02:08:32.966+0000] {taskinstance.py:1279} INFO - 
--------------------------------------------------------------------------------
[2023-03-11T02:08:32.967+0000] {taskinstance.py:1280} INFO - Starting attempt 2 of 2
[2023-03-11T02:08:32.967+0000] {taskinstance.py:1281} INFO - 
--------------------------------------------------------------------------------
[2023-03-11T02:08:33.009+0000] {taskinstance.py:1300} INFO - Executing <Task(PostgresOperator): insere_dados_table_db> on 2023-03-09 13:30:00+00:00
[2023-03-11T02:08:33.019+0000] {standard_task_runner.py:55} INFO - Started process 17246 to run task
[2023-03-11T02:08:33.032+0000] {standard_task_runner.py:82} INFO - Running: ['***', 'tasks', 'run', 'dag_sql', 'insere_dados_table_db', 'scheduled__2023-03-09T13:30:00+00:00', '--job-id', '223', '--raw', '--subdir', 'DAGS_FOLDER/dag_sql.py', '--cfg-path', '/tmp/tmps68npwuw']
[2023-03-11T02:08:33.033+0000] {standard_task_runner.py:83} INFO - Job 223: Subtask insere_dados_table_db
[2023-03-11T02:08:33.228+0000] {task_command.py:388} INFO - Running <TaskInstance: dag_sql.insere_dados_table_db scheduled__2023-03-09T13:30:00+00:00 [running]> on host 9ff22fa0bca3
[2023-03-11T02:08:33.399+0000] {taskinstance.py:1509} INFO - Exporting the following env vars:
AIRFLOW_CTX_DAG_OWNER=***
AIRFLOW_CTX_DAG_ID=dag_sql
AIRFLOW_CTX_TASK_ID=insere_dados_table_db
AIRFLOW_CTX_EXECUTION_DATE=2023-03-09T13:30:00+00:00
AIRFLOW_CTX_TRY_NUMBER=2
AIRFLOW_CTX_DAG_RUN_ID=scheduled__2023-03-09T13:30:00+00:00
[2023-03-11T02:08:33.404+0000] {sql.py:254} INFO - Executing: insert into tb_cliente(name, dt)
values('Junior Lafuente', CURRENT_DATE)
[2023-03-11T02:08:33.421+0000] {base.py:73} INFO - Using connection ID 'postgres-***' for task execution.
[2023-03-11T02:08:33.924+0000] {base.py:73} INFO - Using connection ID 'postgres-***' for task execution.
[2023-03-11T02:08:33.992+0000] {sql.py:375} INFO - Running statement: insert into tb_cliente(name, dt)
values('Junior Lafuente', CURRENT_DATE), parameters: None
[2023-03-11T02:08:34.017+0000] {sql.py:384} INFO - Rows affected: 1
[2023-03-11T02:08:34.122+0000] {taskinstance.py:1323} INFO - Marking task as SUCCESS. dag_id=dag_sql, task_id=insere_dados_table_db, execution_date=20230309T133000, start_date=20230311T020832, end_date=20230311T020834
[2023-03-11T02:08:34.380+0000] {local_task_job.py:208} INFO - Task exited with return code 0
[2023-03-11T02:08:34.482+0000] {taskinstance.py:2578} INFO - 1 downstream tasks scheduled from follow-on schedule check
