[2023-03-10T20:50:04.289+0000] {taskinstance.py:1083} INFO - Dependencies all met for <TaskInstance: ingestion_dados_postgres.criar_tabela_ed_replica manual__2023-03-10T20:45:44.255322+00:00 [queued]>
[2023-03-10T20:50:04.304+0000] {taskinstance.py:1083} INFO - Dependencies all met for <TaskInstance: ingestion_dados_postgres.criar_tabela_ed_replica manual__2023-03-10T20:45:44.255322+00:00 [queued]>
[2023-03-10T20:50:04.305+0000] {taskinstance.py:1279} INFO - 
--------------------------------------------------------------------------------
[2023-03-10T20:50:04.306+0000] {taskinstance.py:1280} INFO - Starting attempt 2 of 2
[2023-03-10T20:50:04.306+0000] {taskinstance.py:1281} INFO - 
--------------------------------------------------------------------------------
[2023-03-10T20:50:04.326+0000] {taskinstance.py:1300} INFO - Executing <Task(PostgresOperator): criar_tabela_ed_replica> on 2023-03-10 20:45:44.255322+00:00
[2023-03-10T20:50:04.334+0000] {standard_task_runner.py:55} INFO - Started process 3012 to run task
[2023-03-10T20:50:04.340+0000] {standard_task_runner.py:82} INFO - Running: ['***', 'tasks', 'run', 'ingestion_dados_postgres', 'criar_tabela_ed_replica', 'manual__2023-03-10T20:45:44.255322+00:00', '--job-id', '165', '--raw', '--subdir', 'DAGS_FOLDER/ingestion_dados_postgres.py', '--cfg-path', '/tmp/tmpt63fnwax']
[2023-03-10T20:50:04.342+0000] {standard_task_runner.py:83} INFO - Job 165: Subtask criar_tabela_ed_replica
[2023-03-10T20:50:04.442+0000] {task_command.py:388} INFO - Running <TaskInstance: ingestion_dados_postgres.criar_tabela_ed_replica manual__2023-03-10T20:45:44.255322+00:00 [running]> on host 9ff22fa0bca3
[2023-03-10T20:50:04.719+0000] {taskinstance.py:1509} INFO - Exporting the following env vars:
AIRFLOW_CTX_DAG_OWNER=***
AIRFLOW_CTX_DAG_ID=ingestion_dados_postgres
AIRFLOW_CTX_TASK_ID=criar_tabela_ed_replica
AIRFLOW_CTX_EXECUTION_DATE=2023-03-10T20:45:44.255322+00:00
AIRFLOW_CTX_TRY_NUMBER=2
AIRFLOW_CTX_DAG_RUN_ID=manual__2023-03-10T20:45:44.255322+00:00
[2023-03-10T20:50:04.721+0000] {sql.py:254} INFO - Executing: create table if not exists tb_data_engineering_replica(
    id int generated by default as identity,
    name varchar not null,
    cargo varchar not null,
    nivel varchar not null,
    dt date
)
[2023-03-10T20:50:04.742+0000] {base.py:73} INFO - Using connection ID 'postgres-***' for task execution.
[2023-03-10T20:50:05.261+0000] {base.py:73} INFO - Using connection ID 'postgres-***' for task execution.
[2023-03-10T20:50:05.369+0000] {sql.py:375} INFO - Running statement: create table if not exists tb_data_engineering_replica(
    id int generated by default as identity,
    name varchar not null,
    cargo varchar not null,
    nivel varchar not null,
    dt date
), parameters: None
[2023-03-10T20:50:05.462+0000] {taskinstance.py:1323} INFO - Marking task as SUCCESS. dag_id=ingestion_dados_postgres, task_id=criar_tabela_ed_replica, execution_date=20230310T204544, start_date=20230310T205004, end_date=20230310T205005
[2023-03-10T20:50:05.522+0000] {local_task_job.py:208} INFO - Task exited with return code 0
[2023-03-10T20:50:05.575+0000] {taskinstance.py:2578} INFO - 1 downstream tasks scheduled from follow-on schedule check
