[2023-03-11T00:29:15.070+0000] {taskinstance.py:1083} INFO - Dependencies all met for <TaskInstance: ingestion_dados_postgres.update_dados_tb_data_engineering manual__2023-03-11T00:14:53.020433+00:00 [queued]>
[2023-03-11T00:29:15.099+0000] {taskinstance.py:1083} INFO - Dependencies all met for <TaskInstance: ingestion_dados_postgres.update_dados_tb_data_engineering manual__2023-03-11T00:14:53.020433+00:00 [queued]>
[2023-03-11T00:29:15.104+0000] {taskinstance.py:1279} INFO - 
--------------------------------------------------------------------------------
[2023-03-11T00:29:15.105+0000] {taskinstance.py:1280} INFO - Starting attempt 2 of 2
[2023-03-11T00:29:15.106+0000] {taskinstance.py:1281} INFO - 
--------------------------------------------------------------------------------
[2023-03-11T00:29:15.144+0000] {taskinstance.py:1300} INFO - Executing <Task(PostgresOperator): update_dados_tb_data_engineering> on 2023-03-11 00:14:53.020433+00:00
[2023-03-11T00:29:15.161+0000] {standard_task_runner.py:55} INFO - Started process 14907 to run task
[2023-03-11T00:29:15.169+0000] {standard_task_runner.py:82} INFO - Running: ['***', 'tasks', 'run', 'ingestion_dados_postgres', 'update_dados_tb_data_engineering', 'manual__2023-03-11T00:14:53.020433+00:00', '--job-id', '204', '--raw', '--subdir', 'DAGS_FOLDER/ingestion_dados_postgres.py', '--cfg-path', '/tmp/tmpd3k9ptck']
[2023-03-11T00:29:15.171+0000] {standard_task_runner.py:83} INFO - Job 204: Subtask update_dados_tb_data_engineering
[2023-03-11T00:29:15.372+0000] {task_command.py:388} INFO - Running <TaskInstance: ingestion_dados_postgres.update_dados_tb_data_engineering manual__2023-03-11T00:14:53.020433+00:00 [running]> on host 9ff22fa0bca3
[2023-03-11T00:29:15.530+0000] {taskinstance.py:1509} INFO - Exporting the following env vars:
AIRFLOW_CTX_DAG_OWNER=***
AIRFLOW_CTX_DAG_ID=ingestion_dados_postgres
AIRFLOW_CTX_TASK_ID=update_dados_tb_data_engineering
AIRFLOW_CTX_EXECUTION_DATE=2023-03-11T00:14:53.020433+00:00
AIRFLOW_CTX_TRY_NUMBER=2
AIRFLOW_CTX_DAG_RUN_ID=manual__2023-03-11T00:14:53.020433+00:00
[2023-03-11T00:29:15.532+0000] {sql.py:254} INFO - Executing: UPDATE tb_data_engineering
SET nivel = 'SENIOR'
WHERE nivel = 'PLENO';
[2023-03-11T00:29:15.547+0000] {base.py:73} INFO - Using connection ID 'postgres-***' for task execution.
[2023-03-11T00:29:16.078+0000] {base.py:73} INFO - Using connection ID 'postgres-***' for task execution.
[2023-03-11T00:29:16.112+0000] {sql.py:375} INFO - Running statement: UPDATE tb_data_engineering
SET nivel = 'SENIOR'
WHERE nivel = 'PLENO';, parameters: None
[2023-03-11T00:29:16.141+0000] {sql.py:384} INFO - Rows affected: 4
[2023-03-11T00:29:16.184+0000] {taskinstance.py:1323} INFO - Marking task as SUCCESS. dag_id=ingestion_dados_postgres, task_id=update_dados_tb_data_engineering, execution_date=20230311T001453, start_date=20230311T002915, end_date=20230311T002916
[2023-03-11T00:29:16.251+0000] {local_task_job.py:208} INFO - Task exited with return code 0
[2023-03-11T00:29:16.313+0000] {taskinstance.py:2578} INFO - 1 downstream tasks scheduled from follow-on schedule check
