[2023-03-11T02:08:33.424+0000] {taskinstance.py:1083} INFO - Dependencies all met for <TaskInstance: dag_sql.insere_dados_table_db manual__2023-03-11T02:08:24.851114+00:00 [queued]>
[2023-03-11T02:08:33.448+0000] {taskinstance.py:1083} INFO - Dependencies all met for <TaskInstance: dag_sql.insere_dados_table_db manual__2023-03-11T02:08:24.851114+00:00 [queued]>
[2023-03-11T02:08:33.449+0000] {taskinstance.py:1279} INFO - 
--------------------------------------------------------------------------------
[2023-03-11T02:08:33.450+0000] {taskinstance.py:1280} INFO - Starting attempt 1 of 1
[2023-03-11T02:08:33.451+0000] {taskinstance.py:1281} INFO - 
--------------------------------------------------------------------------------
[2023-03-11T02:08:33.487+0000] {taskinstance.py:1300} INFO - Executing <Task(PostgresOperator): insere_dados_table_db> on 2023-03-11 02:08:24.851114+00:00
[2023-03-11T02:08:33.500+0000] {standard_task_runner.py:55} INFO - Started process 17249 to run task
[2023-03-11T02:08:33.508+0000] {standard_task_runner.py:82} INFO - Running: ['***', 'tasks', 'run', 'dag_sql', 'insere_dados_table_db', 'manual__2023-03-11T02:08:24.851114+00:00', '--job-id', '226', '--raw', '--subdir', 'DAGS_FOLDER/dag_sql.py', '--cfg-path', '/tmp/tmp_mhuaa3b']
[2023-03-11T02:08:33.513+0000] {standard_task_runner.py:83} INFO - Job 226: Subtask insere_dados_table_db
[2023-03-11T02:08:33.681+0000] {task_command.py:388} INFO - Running <TaskInstance: dag_sql.insere_dados_table_db manual__2023-03-11T02:08:24.851114+00:00 [running]> on host 9ff22fa0bca3
[2023-03-11T02:08:33.817+0000] {taskinstance.py:1509} INFO - Exporting the following env vars:
AIRFLOW_CTX_DAG_OWNER=***
AIRFLOW_CTX_DAG_ID=dag_sql
AIRFLOW_CTX_TASK_ID=insere_dados_table_db
AIRFLOW_CTX_EXECUTION_DATE=2023-03-11T02:08:24.851114+00:00
AIRFLOW_CTX_TRY_NUMBER=1
AIRFLOW_CTX_DAG_RUN_ID=manual__2023-03-11T02:08:24.851114+00:00
[2023-03-11T02:08:33.819+0000] {sql.py:254} INFO - Executing: insert into tb_cliente(name, dt)
values('Junior Lafuente', CURRENT_DATE)
[2023-03-11T02:08:33.835+0000] {base.py:73} INFO - Using connection ID 'postgres-***' for task execution.
[2023-03-11T02:08:34.463+0000] {base.py:73} INFO - Using connection ID 'postgres-***' for task execution.
[2023-03-11T02:08:34.557+0000] {sql.py:375} INFO - Running statement: insert into tb_cliente(name, dt)
values('Junior Lafuente', CURRENT_DATE), parameters: None
[2023-03-11T02:08:34.597+0000] {sql.py:384} INFO - Rows affected: 1
[2023-03-11T02:08:34.632+0000] {taskinstance.py:1323} INFO - Marking task as SUCCESS. dag_id=dag_sql, task_id=insere_dados_table_db, execution_date=20230311T020824, start_date=20230311T020833, end_date=20230311T020834
[2023-03-11T02:08:34.694+0000] {local_task_job.py:208} INFO - Task exited with return code 0
[2023-03-11T02:08:34.741+0000] {taskinstance.py:2578} INFO - 1 downstream tasks scheduled from follow-on schedule check
