[2023-05-01T02:00:38.269+0000] {taskinstance.py:1083} INFO - Dependencies all met for <TaskInstance: dag_sql.criar_tabela_ed scheduled__2023-05-01T00:30:00+00:00 [queued]>
[2023-05-01T02:00:38.298+0000] {taskinstance.py:1083} INFO - Dependencies all met for <TaskInstance: dag_sql.criar_tabela_ed scheduled__2023-05-01T00:30:00+00:00 [queued]>
[2023-05-01T02:00:38.299+0000] {taskinstance.py:1279} INFO - 
--------------------------------------------------------------------------------
[2023-05-01T02:00:38.300+0000] {taskinstance.py:1280} INFO - Starting attempt 1 of 1
[2023-05-01T02:00:38.300+0000] {taskinstance.py:1281} INFO - 
--------------------------------------------------------------------------------
[2023-05-01T02:00:38.343+0000] {taskinstance.py:1300} INFO - Executing <Task(PostgresOperator): criar_tabela_ed> on 2023-05-01 00:30:00+00:00
[2023-05-01T02:00:38.358+0000] {standard_task_runner.py:55} INFO - Started process 27467 to run task
[2023-05-01T02:00:38.362+0000] {standard_task_runner.py:82} INFO - Running: ['***', 'tasks', 'run', 'dag_sql', 'criar_tabela_ed', 'scheduled__2023-05-01T00:30:00+00:00', '--job-id', '503', '--raw', '--subdir', 'DAGS_FOLDER/dag_sql.py', '--cfg-path', '/tmp/tmpnkvee84o']
[2023-05-01T02:00:38.365+0000] {standard_task_runner.py:83} INFO - Job 503: Subtask criar_tabela_ed
[2023-05-01T02:00:38.569+0000] {task_command.py:388} INFO - Running <TaskInstance: dag_sql.criar_tabela_ed scheduled__2023-05-01T00:30:00+00:00 [running]> on host 32f6cac2461e
[2023-05-01T02:00:38.719+0000] {taskinstance.py:1509} INFO - Exporting the following env vars:
AIRFLOW_CTX_DAG_OWNER=***
AIRFLOW_CTX_DAG_ID=dag_sql
AIRFLOW_CTX_TASK_ID=criar_tabela_ed
AIRFLOW_CTX_EXECUTION_DATE=2023-05-01T00:30:00+00:00
AIRFLOW_CTX_TRY_NUMBER=1
AIRFLOW_CTX_DAG_RUN_ID=scheduled__2023-05-01T00:30:00+00:00
[2023-05-01T02:00:38.722+0000] {sql.py:254} INFO - Executing: create table if not exists tb_data_engineering(
    id int generated by default as identity,
    name varchar not null,
    cargo varchar not null,
    nivel varchar not null,
    dt date
)
[2023-05-01T02:00:38.746+0000] {base.py:73} INFO - Using connection ID 'postgres-***' for task execution.
[2023-05-01T02:00:39.494+0000] {base.py:73} INFO - Using connection ID 'postgres-***' for task execution.
[2023-05-01T02:00:39.547+0000] {sql.py:375} INFO - Running statement: create table if not exists tb_data_engineering(
    id int generated by default as identity,
    name varchar not null,
    cargo varchar not null,
    nivel varchar not null,
    dt date
), parameters: None
[2023-05-01T02:00:39.593+0000] {taskinstance.py:1323} INFO - Marking task as SUCCESS. dag_id=dag_sql, task_id=criar_tabela_ed, execution_date=20230501T003000, start_date=20230501T020038, end_date=20230501T020039
[2023-05-01T02:00:39.681+0000] {local_task_job.py:208} INFO - Task exited with return code 0
[2023-05-01T02:00:39.731+0000] {taskinstance.py:2578} INFO - 1 downstream tasks scheduled from follow-on schedule check
