[2023-03-08T19:44:23.064+0000] {taskinstance.py:1083} INFO - Dependencies all met for <TaskInstance: dag_sql.criar_tabela_ed scheduled__2023-03-08T17:30:00+00:00 [queued]>
[2023-03-08T19:44:23.076+0000] {taskinstance.py:1083} INFO - Dependencies all met for <TaskInstance: dag_sql.criar_tabela_ed scheduled__2023-03-08T17:30:00+00:00 [queued]>
[2023-03-08T19:44:23.077+0000] {taskinstance.py:1279} INFO - 
--------------------------------------------------------------------------------
[2023-03-08T19:44:23.080+0000] {taskinstance.py:1280} INFO - Starting attempt 1 of 1
[2023-03-08T19:44:23.081+0000] {taskinstance.py:1281} INFO - 
--------------------------------------------------------------------------------
[2023-03-08T19:44:23.097+0000] {taskinstance.py:1300} INFO - Executing <Task(PostgresOperator): criar_tabela_ed> on 2023-03-08 17:30:00+00:00
[2023-03-08T19:44:23.102+0000] {standard_task_runner.py:55} INFO - Started process 8080 to run task
[2023-03-08T19:44:23.105+0000] {standard_task_runner.py:82} INFO - Running: ['***', 'tasks', 'run', 'dag_sql', 'criar_tabela_ed', 'scheduled__2023-03-08T17:30:00+00:00', '--job-id', '93', '--raw', '--subdir', 'DAGS_FOLDER/dag_sql.py', '--cfg-path', '/tmp/tmphbyf70fn']
[2023-03-08T19:44:23.106+0000] {standard_task_runner.py:83} INFO - Job 93: Subtask criar_tabela_ed
[2023-03-08T19:44:23.181+0000] {task_command.py:388} INFO - Running <TaskInstance: dag_sql.criar_tabela_ed scheduled__2023-03-08T17:30:00+00:00 [running]> on host 214d78e4ce30
[2023-03-08T19:44:23.254+0000] {taskinstance.py:1509} INFO - Exporting the following env vars:
AIRFLOW_CTX_DAG_OWNER=***
AIRFLOW_CTX_DAG_ID=dag_sql
AIRFLOW_CTX_TASK_ID=criar_tabela_ed
AIRFLOW_CTX_EXECUTION_DATE=2023-03-08T17:30:00+00:00
AIRFLOW_CTX_TRY_NUMBER=1
AIRFLOW_CTX_DAG_RUN_ID=scheduled__2023-03-08T17:30:00+00:00
[2023-03-08T19:44:23.255+0000] {sql.py:254} INFO - Executing: create table if not exists tb_data_engineering(
    id int generated by default as identity,
    name varchar not null,
    cargo varchar not null,
    nivel varchar not null,
    dt date
)
[2023-03-08T19:44:23.265+0000] {base.py:73} INFO - Using connection ID 'postgres-***' for task execution.
[2023-03-08T19:44:23.498+0000] {base.py:73} INFO - Using connection ID 'postgres-***' for task execution.
[2023-03-08T19:44:23.580+0000] {sql.py:375} INFO - Running statement: create table if not exists tb_data_engineering(
    id int generated by default as identity,
    name varchar not null,
    cargo varchar not null,
    nivel varchar not null,
    dt date
), parameters: None
[2023-03-08T19:44:23.649+0000] {taskinstance.py:1323} INFO - Marking task as SUCCESS. dag_id=dag_sql, task_id=criar_tabela_ed, execution_date=20230308T173000, start_date=20230308T194423, end_date=20230308T194423
[2023-03-08T19:44:23.721+0000] {local_task_job.py:208} INFO - Task exited with return code 0
[2023-03-08T19:44:23.742+0000] {taskinstance.py:2578} INFO - 0 downstream tasks scheduled from follow-on schedule check
