[2023-03-10T20:50:08.565+0000] {taskinstance.py:1083} INFO - Dependencies all met for <TaskInstance: ingestion_dados_postgres.criar_tabela_ed_replica manual__2023-03-10T20:50:06.020796+00:00 [queued]>
[2023-03-10T20:50:08.584+0000] {taskinstance.py:1083} INFO - Dependencies all met for <TaskInstance: ingestion_dados_postgres.criar_tabela_ed_replica manual__2023-03-10T20:50:06.020796+00:00 [queued]>
[2023-03-10T20:50:08.585+0000] {taskinstance.py:1279} INFO - 
--------------------------------------------------------------------------------
[2023-03-10T20:50:08.590+0000] {taskinstance.py:1280} INFO - Starting attempt 1 of 1
[2023-03-10T20:50:08.591+0000] {taskinstance.py:1281} INFO - 
--------------------------------------------------------------------------------
[2023-03-10T20:50:08.613+0000] {taskinstance.py:1300} INFO - Executing <Task(PostgresOperator): criar_tabela_ed_replica> on 2023-03-10 20:50:06.020796+00:00
[2023-03-10T20:50:08.621+0000] {standard_task_runner.py:55} INFO - Started process 3016 to run task
[2023-03-10T20:50:08.627+0000] {standard_task_runner.py:82} INFO - Running: ['***', 'tasks', 'run', 'ingestion_dados_postgres', 'criar_tabela_ed_replica', 'manual__2023-03-10T20:50:06.020796+00:00', '--job-id', '167', '--raw', '--subdir', 'DAGS_FOLDER/ingestion_dados_postgres.py', '--cfg-path', '/tmp/tmp_s8rdd8f']
[2023-03-10T20:50:08.628+0000] {standard_task_runner.py:83} INFO - Job 167: Subtask criar_tabela_ed_replica
[2023-03-10T20:50:08.737+0000] {task_command.py:388} INFO - Running <TaskInstance: ingestion_dados_postgres.criar_tabela_ed_replica manual__2023-03-10T20:50:06.020796+00:00 [running]> on host 9ff22fa0bca3
[2023-03-10T20:50:08.862+0000] {taskinstance.py:1509} INFO - Exporting the following env vars:
AIRFLOW_CTX_DAG_OWNER=***
AIRFLOW_CTX_DAG_ID=ingestion_dados_postgres
AIRFLOW_CTX_TASK_ID=criar_tabela_ed_replica
AIRFLOW_CTX_EXECUTION_DATE=2023-03-10T20:50:06.020796+00:00
AIRFLOW_CTX_TRY_NUMBER=1
AIRFLOW_CTX_DAG_RUN_ID=manual__2023-03-10T20:50:06.020796+00:00
[2023-03-10T20:50:08.864+0000] {sql.py:254} INFO - Executing: create table if not exists tb_data_engineering_replica(
    id int generated by default as identity,
    name varchar not null,
    cargo varchar not null,
    nivel varchar not null,
    dt date
)
[2023-03-10T20:50:08.880+0000] {base.py:73} INFO - Using connection ID 'postgres-***' for task execution.
[2023-03-10T20:50:09.293+0000] {base.py:73} INFO - Using connection ID 'postgres-***' for task execution.
[2023-03-10T20:50:09.360+0000] {sql.py:375} INFO - Running statement: create table if not exists tb_data_engineering_replica(
    id int generated by default as identity,
    name varchar not null,
    cargo varchar not null,
    nivel varchar not null,
    dt date
), parameters: None
[2023-03-10T20:50:09.409+0000] {taskinstance.py:1323} INFO - Marking task as SUCCESS. dag_id=ingestion_dados_postgres, task_id=criar_tabela_ed_replica, execution_date=20230310T205006, start_date=20230310T205008, end_date=20230310T205009
[2023-03-10T20:50:09.455+0000] {local_task_job.py:208} INFO - Task exited with return code 0
[2023-03-10T20:50:09.500+0000] {taskinstance.py:2578} INFO - 1 downstream tasks scheduled from follow-on schedule check
