[2023-03-08T19:30:05.212+0000] {taskinstance.py:1083} INFO - Dependencies all met for <TaskInstance: dag_sql.insere_dados_table_db scheduled__2023-03-08T18:30:00+00:00 [queued]>
[2023-03-08T19:30:05.233+0000] {taskinstance.py:1083} INFO - Dependencies all met for <TaskInstance: dag_sql.insere_dados_table_db scheduled__2023-03-08T18:30:00+00:00 [queued]>
[2023-03-08T19:30:05.234+0000] {taskinstance.py:1279} INFO - 
--------------------------------------------------------------------------------
[2023-03-08T19:30:05.235+0000] {taskinstance.py:1280} INFO - Starting attempt 1 of 1
[2023-03-08T19:30:05.236+0000] {taskinstance.py:1281} INFO - 
--------------------------------------------------------------------------------
[2023-03-08T19:30:05.262+0000] {taskinstance.py:1300} INFO - Executing <Task(PostgresOperator): insere_dados_table_db> on 2023-03-08 18:30:00+00:00
[2023-03-08T19:30:05.269+0000] {standard_task_runner.py:55} INFO - Started process 7066 to run task
[2023-03-08T19:30:05.275+0000] {standard_task_runner.py:82} INFO - Running: ['***', 'tasks', 'run', 'dag_sql', 'insere_dados_table_db', 'scheduled__2023-03-08T18:30:00+00:00', '--job-id', '90', '--raw', '--subdir', 'DAGS_FOLDER/dag_sql.py', '--cfg-path', '/tmp/tmp7u44_z54']
[2023-03-08T19:30:05.276+0000] {standard_task_runner.py:83} INFO - Job 90: Subtask insere_dados_table_db
[2023-03-08T19:30:05.419+0000] {task_command.py:388} INFO - Running <TaskInstance: dag_sql.insere_dados_table_db scheduled__2023-03-08T18:30:00+00:00 [running]> on host 214d78e4ce30
[2023-03-08T19:30:05.549+0000] {taskinstance.py:1509} INFO - Exporting the following env vars:
AIRFLOW_CTX_DAG_OWNER=***
AIRFLOW_CTX_DAG_ID=dag_sql
AIRFLOW_CTX_TASK_ID=insere_dados_table_db
AIRFLOW_CTX_EXECUTION_DATE=2023-03-08T18:30:00+00:00
AIRFLOW_CTX_TRY_NUMBER=1
AIRFLOW_CTX_DAG_RUN_ID=scheduled__2023-03-08T18:30:00+00:00
[2023-03-08T19:30:05.550+0000] {sql.py:254} INFO - Executing: insert into tb_cliente(name, dt)
values('Junior Lafuente', CURRENT_DATE)
[2023-03-08T19:30:05.566+0000] {base.py:73} INFO - Using connection ID 'postgres-***' for task execution.
[2023-03-08T19:30:05.889+0000] {base.py:73} INFO - Using connection ID 'postgres-***' for task execution.
[2023-03-08T19:30:05.931+0000] {sql.py:375} INFO - Running statement: insert into tb_cliente(name, dt)
values('Junior Lafuente', CURRENT_DATE), parameters: None
[2023-03-08T19:30:05.979+0000] {sql.py:384} INFO - Rows affected: 1
[2023-03-08T19:30:06.026+0000] {taskinstance.py:1323} INFO - Marking task as SUCCESS. dag_id=dag_sql, task_id=insere_dados_table_db, execution_date=20230308T183000, start_date=20230308T193005, end_date=20230308T193006
[2023-03-08T19:30:06.067+0000] {local_task_job.py:208} INFO - Task exited with return code 0
[2023-03-08T19:30:06.093+0000] {taskinstance.py:2578} INFO - 0 downstream tasks scheduled from follow-on schedule check
