[2023-04-28T22:36:55.795+0000] {taskinstance.py:1083} INFO - Dependencies all met for <TaskInstance: gsc_to_bq.move_file_to_bkp scheduled__2023-04-27T00:00:00+00:00 [queued]>
[2023-04-28T22:36:55.817+0000] {taskinstance.py:1083} INFO - Dependencies all met for <TaskInstance: gsc_to_bq.move_file_to_bkp scheduled__2023-04-27T00:00:00+00:00 [queued]>
[2023-04-28T22:36:55.818+0000] {taskinstance.py:1279} INFO - 
--------------------------------------------------------------------------------
[2023-04-28T22:36:55.819+0000] {taskinstance.py:1280} INFO - Starting attempt 1 of 2
[2023-04-28T22:36:55.820+0000] {taskinstance.py:1281} INFO - 
--------------------------------------------------------------------------------
[2023-04-28T22:36:55.848+0000] {taskinstance.py:1300} INFO - Executing <Task(GCSToGCSOperator): move_file_to_bkp> on 2023-04-27 00:00:00+00:00
[2023-04-28T22:36:55.860+0000] {standard_task_runner.py:55} INFO - Started process 1430 to run task
[2023-04-28T22:36:55.870+0000] {standard_task_runner.py:82} INFO - Running: ['***', 'tasks', 'run', 'gsc_to_bq', 'move_file_to_bkp', 'scheduled__2023-04-27T00:00:00+00:00', '--job-id', '471', '--raw', '--subdir', 'DAGS_FOLDER/gcs_to_bq.py', '--cfg-path', '/tmp/tmp9q34sto5']
[2023-04-28T22:36:55.875+0000] {standard_task_runner.py:83} INFO - Job 471: Subtask move_file_to_bkp
[2023-04-28T22:36:56.098+0000] {task_command.py:388} INFO - Running <TaskInstance: gsc_to_bq.move_file_to_bkp scheduled__2023-04-27T00:00:00+00:00 [running]> on host 32f6cac2461e
[2023-04-28T22:36:56.294+0000] {taskinstance.py:1509} INFO - Exporting the following env vars:
AIRFLOW_CTX_DAG_OWNER=Junior Lafuente
AIRFLOW_CTX_DAG_ID=gsc_to_bq
AIRFLOW_CTX_TASK_ID=move_file_to_bkp
AIRFLOW_CTX_EXECUTION_DATE=2023-04-27T00:00:00+00:00
AIRFLOW_CTX_TRY_NUMBER=1
AIRFLOW_CTX_DAG_RUN_ID=scheduled__2023-04-27T00:00:00+00:00
[2023-04-28T22:36:56.313+0000] {base.py:73} INFO - Using connection ID 'gcp' for task execution.
[2023-04-28T22:36:56.325+0000] {gcs_to_gcs.py:403} INFO - Delimiter ignored because wildcard is in prefix
[2023-04-28T22:36:57.180+0000] {gcs_to_gcs.py:470} INFO - Executing copy of gs://bucket_raw_jr/input/Base_Unificada__resultado.csv to gs://bucket_raw_jr/backup/Base_Unificada__resultado.csv
[2023-04-28T22:36:57.574+0000] {gcs.py:248} INFO - Total Bytes: 67026833 | Bytes Written: 67026833
[2023-04-28T22:36:57.576+0000] {gcs.py:261} INFO - Object input/Base_Unificada__resultado.csv in bucket bucket_raw_jr rewritten to object backup/Base_Unificada__resultado.csv in bucket bucket_raw_jr
[2023-04-28T22:36:57.777+0000] {gcs.py:664} INFO - Blob input/Base_Unificada__resultado.csv deleted.
[2023-04-28T22:36:57.797+0000] {taskinstance.py:1323} INFO - Marking task as SUCCESS. dag_id=gsc_to_bq, task_id=move_file_to_bkp, execution_date=20230427T000000, start_date=20230428T223655, end_date=20230428T223657
[2023-04-28T22:36:57.847+0000] {local_task_job.py:208} INFO - Task exited with return code 0
[2023-04-28T22:36:57.885+0000] {taskinstance.py:2578} INFO - 0 downstream tasks scheduled from follow-on schedule check
