[2023-04-28T18:36:12.437+0000] {processor.py:153} INFO - Started process (PID=52) to work on /opt/airflow/dags/create_bucket.py
[2023-04-28T18:36:12.438+0000] {processor.py:743} INFO - Processing file /opt/airflow/dags/create_bucket.py for tasks to queue
[2023-04-28T18:36:12.442+0000] {logging_mixin.py:137} INFO - [2023-04-28T18:36:12.441+0000] {dagbag.py:538} INFO - Filling up the DagBag from /opt/airflow/dags/create_bucket.py
[2023-04-28T18:36:19.011+0000] {processor.py:753} INFO - DAG(s) dict_keys(['create_bucket']) retrieved from /opt/airflow/dags/create_bucket.py
[2023-04-28T18:36:20.242+0000] {logging_mixin.py:137} INFO - [2023-04-28T18:36:20.241+0000] {manager.py:504} INFO - Created Permission View: can edit on DAG:create_bucket
[2023-04-28T18:36:20.352+0000] {logging_mixin.py:137} INFO - [2023-04-28T18:36:20.352+0000] {manager.py:504} INFO - Created Permission View: can read on DAG:create_bucket
[2023-04-28T18:36:20.555+0000] {logging_mixin.py:137} INFO - [2023-04-28T18:36:20.555+0000] {manager.py:504} INFO - Created Permission View: can delete on DAG:create_bucket
[2023-04-28T18:36:20.567+0000] {logging_mixin.py:137} INFO - [2023-04-28T18:36:20.565+0000] {dag.py:2690} INFO - Sync 1 DAGs
[2023-04-28T18:36:20.729+0000] {logging_mixin.py:137} INFO - [2023-04-28T18:36:20.725+0000] {dag.py:2711} INFO - Creating ORM DAG for create_bucket
[2023-04-28T18:36:20.915+0000] {logging_mixin.py:137} INFO - [2023-04-28T18:36:20.914+0000] {dag.py:3441} INFO - Setting next_dagrun for create_bucket to 2023-04-27T00:00:00+00:00, run_after=2023-04-28T00:00:00+00:00
[2023-04-28T18:36:21.308+0000] {processor.py:175} INFO - Processing /opt/airflow/dags/create_bucket.py took 8.876 seconds
[2023-04-28T18:36:52.409+0000] {processor.py:153} INFO - Started process (PID=92) to work on /opt/airflow/dags/create_bucket.py
[2023-04-28T18:36:52.411+0000] {processor.py:743} INFO - Processing file /opt/airflow/dags/create_bucket.py for tasks to queue
[2023-04-28T18:36:52.414+0000] {logging_mixin.py:137} INFO - [2023-04-28T18:36:52.414+0000] {dagbag.py:538} INFO - Filling up the DagBag from /opt/airflow/dags/create_bucket.py
[2023-04-28T18:36:53.802+0000] {processor.py:753} INFO - DAG(s) dict_keys(['create_bucket']) retrieved from /opt/airflow/dags/create_bucket.py
[2023-04-28T18:36:53.858+0000] {logging_mixin.py:137} INFO - [2023-04-28T18:36:53.857+0000] {dag.py:2690} INFO - Sync 1 DAGs
[2023-04-28T18:36:53.940+0000] {logging_mixin.py:137} INFO - [2023-04-28T18:36:53.939+0000] {dag.py:3441} INFO - Setting next_dagrun for create_bucket to 2023-04-27T00:00:00+00:00, run_after=2023-04-28T00:00:00+00:00
[2023-04-28T18:36:53.967+0000] {processor.py:175} INFO - Processing /opt/airflow/dags/create_bucket.py took 1.565 seconds
[2023-04-28T18:37:24.573+0000] {processor.py:153} INFO - Started process (PID=137) to work on /opt/airflow/dags/create_bucket.py
[2023-04-28T18:37:24.582+0000] {processor.py:743} INFO - Processing file /opt/airflow/dags/create_bucket.py for tasks to queue
[2023-04-28T18:37:24.584+0000] {logging_mixin.py:137} INFO - [2023-04-28T18:37:24.584+0000] {dagbag.py:538} INFO - Filling up the DagBag from /opt/airflow/dags/create_bucket.py
[2023-04-28T18:37:26.112+0000] {processor.py:753} INFO - DAG(s) dict_keys(['create_bucket']) retrieved from /opt/airflow/dags/create_bucket.py
[2023-04-28T18:37:26.199+0000] {logging_mixin.py:137} INFO - [2023-04-28T18:37:26.199+0000] {dag.py:2690} INFO - Sync 1 DAGs
[2023-04-28T18:37:26.241+0000] {logging_mixin.py:137} INFO - [2023-04-28T18:37:26.241+0000] {dag.py:3441} INFO - Setting next_dagrun for create_bucket to 2023-04-27T00:00:00+00:00, run_after=2023-04-28T00:00:00+00:00
[2023-04-28T18:37:26.272+0000] {processor.py:175} INFO - Processing /opt/airflow/dags/create_bucket.py took 1.715 seconds
[2023-04-28T18:37:57.363+0000] {processor.py:153} INFO - Started process (PID=182) to work on /opt/airflow/dags/create_bucket.py
[2023-04-28T18:37:57.364+0000] {processor.py:743} INFO - Processing file /opt/airflow/dags/create_bucket.py for tasks to queue
[2023-04-28T18:37:57.366+0000] {logging_mixin.py:137} INFO - [2023-04-28T18:37:57.366+0000] {dagbag.py:538} INFO - Filling up the DagBag from /opt/airflow/dags/create_bucket.py
[2023-04-28T18:37:58.401+0000] {processor.py:753} INFO - DAG(s) dict_keys(['create_bucket']) retrieved from /opt/airflow/dags/create_bucket.py
[2023-04-28T18:37:58.436+0000] {logging_mixin.py:137} INFO - [2023-04-28T18:37:58.435+0000] {dag.py:2690} INFO - Sync 1 DAGs
[2023-04-28T18:37:58.474+0000] {logging_mixin.py:137} INFO - [2023-04-28T18:37:58.473+0000] {dag.py:3441} INFO - Setting next_dagrun for create_bucket to 2023-04-28T00:00:00+00:00, run_after=2023-04-29T00:00:00+00:00
[2023-04-28T18:37:58.506+0000] {processor.py:175} INFO - Processing /opt/airflow/dags/create_bucket.py took 1.148 seconds
[2023-04-28T18:38:28.718+0000] {processor.py:153} INFO - Started process (PID=219) to work on /opt/airflow/dags/create_bucket.py
[2023-04-28T18:38:28.721+0000] {processor.py:743} INFO - Processing file /opt/airflow/dags/create_bucket.py for tasks to queue
[2023-04-28T18:38:28.723+0000] {logging_mixin.py:137} INFO - [2023-04-28T18:38:28.723+0000] {dagbag.py:538} INFO - Filling up the DagBag from /opt/airflow/dags/create_bucket.py
[2023-04-28T18:38:29.609+0000] {processor.py:753} INFO - DAG(s) dict_keys(['create_bucket']) retrieved from /opt/airflow/dags/create_bucket.py
[2023-04-28T18:38:29.637+0000] {logging_mixin.py:137} INFO - [2023-04-28T18:38:29.637+0000] {dag.py:2690} INFO - Sync 1 DAGs
[2023-04-28T18:38:29.674+0000] {logging_mixin.py:137} INFO - [2023-04-28T18:38:29.674+0000] {dag.py:3441} INFO - Setting next_dagrun for create_bucket to 2023-04-28T00:00:00+00:00, run_after=2023-04-29T00:00:00+00:00
[2023-04-28T18:38:29.720+0000] {processor.py:175} INFO - Processing /opt/airflow/dags/create_bucket.py took 1.011 seconds
[2023-04-28T18:39:00.005+0000] {processor.py:153} INFO - Started process (PID=256) to work on /opt/airflow/dags/create_bucket.py
[2023-04-28T18:39:00.011+0000] {processor.py:743} INFO - Processing file /opt/airflow/dags/create_bucket.py for tasks to queue
[2023-04-28T18:39:00.015+0000] {logging_mixin.py:137} INFO - [2023-04-28T18:39:00.014+0000] {dagbag.py:538} INFO - Filling up the DagBag from /opt/airflow/dags/create_bucket.py
[2023-04-28T18:39:01.039+0000] {processor.py:753} INFO - DAG(s) dict_keys(['create_bucket']) retrieved from /opt/airflow/dags/create_bucket.py
[2023-04-28T18:39:01.077+0000] {logging_mixin.py:137} INFO - [2023-04-28T18:39:01.076+0000] {dag.py:2690} INFO - Sync 1 DAGs
[2023-04-28T18:39:01.116+0000] {logging_mixin.py:137} INFO - [2023-04-28T18:39:01.116+0000] {dag.py:3441} INFO - Setting next_dagrun for create_bucket to 2023-04-28T00:00:00+00:00, run_after=2023-04-29T00:00:00+00:00
[2023-04-28T18:39:01.153+0000] {processor.py:175} INFO - Processing /opt/airflow/dags/create_bucket.py took 1.153 seconds
[2023-04-28T18:39:31.400+0000] {processor.py:153} INFO - Started process (PID=308) to work on /opt/airflow/dags/create_bucket.py
[2023-04-28T18:39:31.402+0000] {processor.py:743} INFO - Processing file /opt/airflow/dags/create_bucket.py for tasks to queue
[2023-04-28T18:39:31.403+0000] {logging_mixin.py:137} INFO - [2023-04-28T18:39:31.403+0000] {dagbag.py:538} INFO - Filling up the DagBag from /opt/airflow/dags/create_bucket.py
[2023-04-28T18:39:32.745+0000] {processor.py:753} INFO - DAG(s) dict_keys(['create_bucket']) retrieved from /opt/airflow/dags/create_bucket.py
[2023-04-28T18:39:32.780+0000] {logging_mixin.py:137} INFO - [2023-04-28T18:39:32.779+0000] {dag.py:2690} INFO - Sync 1 DAGs
[2023-04-28T18:39:32.829+0000] {logging_mixin.py:137} INFO - [2023-04-28T18:39:32.829+0000] {dag.py:3441} INFO - Setting next_dagrun for create_bucket to 2023-04-28T00:00:00+00:00, run_after=2023-04-29T00:00:00+00:00
[2023-04-28T18:39:32.870+0000] {processor.py:175} INFO - Processing /opt/airflow/dags/create_bucket.py took 1.481 seconds
[2023-04-28T18:40:03.387+0000] {processor.py:153} INFO - Started process (PID=346) to work on /opt/airflow/dags/create_bucket.py
[2023-04-28T18:40:03.389+0000] {processor.py:743} INFO - Processing file /opt/airflow/dags/create_bucket.py for tasks to queue
[2023-04-28T18:40:03.391+0000] {logging_mixin.py:137} INFO - [2023-04-28T18:40:03.391+0000] {dagbag.py:538} INFO - Filling up the DagBag from /opt/airflow/dags/create_bucket.py
[2023-04-28T18:40:04.375+0000] {processor.py:753} INFO - DAG(s) dict_keys(['create_bucket']) retrieved from /opt/airflow/dags/create_bucket.py
[2023-04-28T18:40:04.407+0000] {logging_mixin.py:137} INFO - [2023-04-28T18:40:04.407+0000] {dag.py:2690} INFO - Sync 1 DAGs
[2023-04-28T18:40:04.434+0000] {logging_mixin.py:137} INFO - [2023-04-28T18:40:04.434+0000] {dag.py:3441} INFO - Setting next_dagrun for create_bucket to 2023-04-28T00:00:00+00:00, run_after=2023-04-29T00:00:00+00:00
[2023-04-28T18:40:04.470+0000] {processor.py:175} INFO - Processing /opt/airflow/dags/create_bucket.py took 1.086 seconds
[2023-04-28T18:40:34.691+0000] {processor.py:153} INFO - Started process (PID=383) to work on /opt/airflow/dags/create_bucket.py
[2023-04-28T18:40:34.693+0000] {processor.py:743} INFO - Processing file /opt/airflow/dags/create_bucket.py for tasks to queue
[2023-04-28T18:40:34.694+0000] {logging_mixin.py:137} INFO - [2023-04-28T18:40:34.694+0000] {dagbag.py:538} INFO - Filling up the DagBag from /opt/airflow/dags/create_bucket.py
[2023-04-28T18:40:35.705+0000] {processor.py:753} INFO - DAG(s) dict_keys(['create_bucket']) retrieved from /opt/airflow/dags/create_bucket.py
[2023-04-28T18:40:35.742+0000] {logging_mixin.py:137} INFO - [2023-04-28T18:40:35.741+0000] {dag.py:2690} INFO - Sync 1 DAGs
[2023-04-28T18:40:35.773+0000] {logging_mixin.py:137} INFO - [2023-04-28T18:40:35.773+0000] {dag.py:3441} INFO - Setting next_dagrun for create_bucket to 2023-04-28T00:00:00+00:00, run_after=2023-04-29T00:00:00+00:00
[2023-04-28T18:40:35.804+0000] {processor.py:175} INFO - Processing /opt/airflow/dags/create_bucket.py took 1.119 seconds
[2023-04-28T18:41:06.350+0000] {processor.py:153} INFO - Started process (PID=420) to work on /opt/airflow/dags/create_bucket.py
[2023-04-28T18:41:06.352+0000] {processor.py:743} INFO - Processing file /opt/airflow/dags/create_bucket.py for tasks to queue
[2023-04-28T18:41:06.353+0000] {logging_mixin.py:137} INFO - [2023-04-28T18:41:06.353+0000] {dagbag.py:538} INFO - Filling up the DagBag from /opt/airflow/dags/create_bucket.py
[2023-04-28T18:41:07.350+0000] {processor.py:753} INFO - DAG(s) dict_keys(['create_bucket']) retrieved from /opt/airflow/dags/create_bucket.py
[2023-04-28T18:41:07.382+0000] {logging_mixin.py:137} INFO - [2023-04-28T18:41:07.381+0000] {dag.py:2690} INFO - Sync 1 DAGs
[2023-04-28T18:41:07.418+0000] {logging_mixin.py:137} INFO - [2023-04-28T18:41:07.418+0000] {dag.py:3441} INFO - Setting next_dagrun for create_bucket to 2023-04-28T00:00:00+00:00, run_after=2023-04-29T00:00:00+00:00
[2023-04-28T18:41:07.445+0000] {processor.py:175} INFO - Processing /opt/airflow/dags/create_bucket.py took 1.103 seconds
[2023-04-28T18:41:37.788+0000] {processor.py:153} INFO - Started process (PID=457) to work on /opt/airflow/dags/create_bucket.py
[2023-04-28T18:41:37.791+0000] {processor.py:743} INFO - Processing file /opt/airflow/dags/create_bucket.py for tasks to queue
[2023-04-28T18:41:37.793+0000] {logging_mixin.py:137} INFO - [2023-04-28T18:41:37.792+0000] {dagbag.py:538} INFO - Filling up the DagBag from /opt/airflow/dags/create_bucket.py
[2023-04-28T18:41:38.958+0000] {processor.py:753} INFO - DAG(s) dict_keys(['create_bucket']) retrieved from /opt/airflow/dags/create_bucket.py
[2023-04-28T18:41:38.997+0000] {logging_mixin.py:137} INFO - [2023-04-28T18:41:38.997+0000] {dag.py:2690} INFO - Sync 1 DAGs
[2023-04-28T18:41:39.036+0000] {logging_mixin.py:137} INFO - [2023-04-28T18:41:39.036+0000] {dag.py:3441} INFO - Setting next_dagrun for create_bucket to 2023-04-28T00:00:00+00:00, run_after=2023-04-29T00:00:00+00:00
[2023-04-28T18:41:39.070+0000] {processor.py:175} INFO - Processing /opt/airflow/dags/create_bucket.py took 1.288 seconds
[2023-04-28T18:42:09.235+0000] {processor.py:153} INFO - Started process (PID=494) to work on /opt/airflow/dags/create_bucket.py
[2023-04-28T18:42:09.237+0000] {processor.py:743} INFO - Processing file /opt/airflow/dags/create_bucket.py for tasks to queue
[2023-04-28T18:42:09.239+0000] {logging_mixin.py:137} INFO - [2023-04-28T18:42:09.238+0000] {dagbag.py:538} INFO - Filling up the DagBag from /opt/airflow/dags/create_bucket.py
[2023-04-28T18:42:10.280+0000] {processor.py:753} INFO - DAG(s) dict_keys(['create_bucket']) retrieved from /opt/airflow/dags/create_bucket.py
[2023-04-28T18:42:10.318+0000] {logging_mixin.py:137} INFO - [2023-04-28T18:42:10.317+0000] {dag.py:2690} INFO - Sync 1 DAGs
[2023-04-28T18:42:10.363+0000] {logging_mixin.py:137} INFO - [2023-04-28T18:42:10.362+0000] {dag.py:3441} INFO - Setting next_dagrun for create_bucket to 2023-04-28T00:00:00+00:00, run_after=2023-04-29T00:00:00+00:00
[2023-04-28T18:42:10.414+0000] {processor.py:175} INFO - Processing /opt/airflow/dags/create_bucket.py took 1.184 seconds
[2023-04-28T18:42:40.622+0000] {processor.py:153} INFO - Started process (PID=531) to work on /opt/airflow/dags/create_bucket.py
[2023-04-28T18:42:40.624+0000] {processor.py:743} INFO - Processing file /opt/airflow/dags/create_bucket.py for tasks to queue
[2023-04-28T18:42:40.626+0000] {logging_mixin.py:137} INFO - [2023-04-28T18:42:40.626+0000] {dagbag.py:538} INFO - Filling up the DagBag from /opt/airflow/dags/create_bucket.py
[2023-04-28T18:42:43.003+0000] {processor.py:753} INFO - DAG(s) dict_keys(['create_bucket']) retrieved from /opt/airflow/dags/create_bucket.py
[2023-04-28T18:42:43.040+0000] {logging_mixin.py:137} INFO - [2023-04-28T18:42:43.040+0000] {dag.py:2690} INFO - Sync 1 DAGs
[2023-04-28T18:42:43.092+0000] {logging_mixin.py:137} INFO - [2023-04-28T18:42:43.092+0000] {dag.py:3441} INFO - Setting next_dagrun for create_bucket to 2023-04-28T00:00:00+00:00, run_after=2023-04-29T00:00:00+00:00
[2023-04-28T18:42:43.141+0000] {processor.py:175} INFO - Processing /opt/airflow/dags/create_bucket.py took 2.526 seconds
[2023-04-28T18:51:28.227+0000] {processor.py:153} INFO - Started process (PID=95) to work on /opt/airflow/dags/create_bucket.py
[2023-04-28T18:51:28.251+0000] {processor.py:743} INFO - Processing file /opt/airflow/dags/create_bucket.py for tasks to queue
[2023-04-28T18:51:28.277+0000] {logging_mixin.py:137} INFO - [2023-04-28T18:51:28.277+0000] {dagbag.py:538} INFO - Filling up the DagBag from /opt/airflow/dags/create_bucket.py
[2023-04-28T18:51:34.845+0000] {processor.py:753} INFO - DAG(s) dict_keys(['create_bucket']) retrieved from /opt/airflow/dags/create_bucket.py
[2023-04-28T18:51:35.034+0000] {logging_mixin.py:137} INFO - [2023-04-28T18:51:35.032+0000] {dag.py:2690} INFO - Sync 1 DAGs
[2023-04-28T18:51:35.259+0000] {logging_mixin.py:137} INFO - [2023-04-28T18:51:35.259+0000] {dag.py:3441} INFO - Setting next_dagrun for create_bucket to 2023-04-28T00:00:00+00:00, run_after=2023-04-29T00:00:00+00:00
[2023-04-28T18:51:35.483+0000] {processor.py:175} INFO - Processing /opt/airflow/dags/create_bucket.py took 7.262 seconds
[2023-04-28T18:51:37.994+0000] {processor.py:153} INFO - Started process (PID=117) to work on /opt/airflow/dags/create_bucket.py
[2023-04-28T18:51:38.007+0000] {processor.py:743} INFO - Processing file /opt/airflow/dags/create_bucket.py for tasks to queue
[2023-04-28T18:51:38.009+0000] {logging_mixin.py:137} INFO - [2023-04-28T18:51:38.009+0000] {dagbag.py:538} INFO - Filling up the DagBag from /opt/airflow/dags/create_bucket.py
[2023-04-28T18:51:41.755+0000] {processor.py:753} INFO - DAG(s) dict_keys(['create_bucket']) retrieved from /opt/airflow/dags/create_bucket.py
[2023-04-28T18:51:41.882+0000] {logging_mixin.py:137} INFO - [2023-04-28T18:51:41.881+0000] {taskinstance.py:1770} ERROR - {'DAG Id': 'create_bucket', 'Task Id': 'create_bucket_raw', 'Run Id': 'scheduled__2023-04-27T00:00:00+00:00', 'Hostname': '32f6cac2461e', 'External Executor Id': '7c4701a6-76f9-4e73-bb64-646b11f31827'}
[2023-04-28T18:51:42.018+0000] {logging_mixin.py:137} INFO - [2023-04-28T18:51:42.017+0000] {taskinstance.py:1323} INFO - Marking task as UP_FOR_RETRY. dag_id=create_bucket, task_id=create_bucket_raw, execution_date=20230427T000000, start_date=20230428T183746, end_date=20230428T185141
[2023-04-28T18:51:42.097+0000] {processor.py:713} INFO - Executed failure callback for <TaskInstance: create_bucket.create_bucket_raw scheduled__2023-04-27T00:00:00+00:00 [up_for_retry]> in state up_for_retry
[2023-04-28T18:51:42.223+0000] {logging_mixin.py:137} INFO - [2023-04-28T18:51:42.211+0000] {dag.py:2690} INFO - Sync 1 DAGs
[2023-04-28T18:51:42.369+0000] {logging_mixin.py:137} INFO - [2023-04-28T18:51:42.369+0000] {dag.py:3441} INFO - Setting next_dagrun for create_bucket to 2023-04-28T00:00:00+00:00, run_after=2023-04-29T00:00:00+00:00
[2023-04-28T18:51:42.482+0000] {processor.py:175} INFO - Processing /opt/airflow/dags/create_bucket.py took 4.495 seconds
[2023-04-28T18:52:13.548+0000] {processor.py:153} INFO - Started process (PID=148) to work on /opt/airflow/dags/create_bucket.py
[2023-04-28T18:52:13.554+0000] {processor.py:743} INFO - Processing file /opt/airflow/dags/create_bucket.py for tasks to queue
[2023-04-28T18:52:13.556+0000] {logging_mixin.py:137} INFO - [2023-04-28T18:52:13.556+0000] {dagbag.py:538} INFO - Filling up the DagBag from /opt/airflow/dags/create_bucket.py
[2023-04-28T18:52:17.344+0000] {processor.py:753} INFO - DAG(s) dict_keys(['create_bucket']) retrieved from /opt/airflow/dags/create_bucket.py
[2023-04-28T18:52:17.460+0000] {logging_mixin.py:137} INFO - [2023-04-28T18:52:17.458+0000] {dag.py:2690} INFO - Sync 1 DAGs
[2023-04-28T18:52:17.617+0000] {logging_mixin.py:137} INFO - [2023-04-28T18:52:17.607+0000] {dag.py:3441} INFO - Setting next_dagrun for create_bucket to 2023-04-28T00:00:00+00:00, run_after=2023-04-29T00:00:00+00:00
[2023-04-28T18:52:17.710+0000] {processor.py:175} INFO - Processing /opt/airflow/dags/create_bucket.py took 4.170 seconds
[2023-04-28T18:52:47.916+0000] {processor.py:153} INFO - Started process (PID=176) to work on /opt/airflow/dags/create_bucket.py
[2023-04-28T18:52:47.927+0000] {processor.py:743} INFO - Processing file /opt/airflow/dags/create_bucket.py for tasks to queue
[2023-04-28T18:52:47.929+0000] {logging_mixin.py:137} INFO - [2023-04-28T18:52:47.928+0000] {dagbag.py:538} INFO - Filling up the DagBag from /opt/airflow/dags/create_bucket.py
[2023-04-28T18:52:53.220+0000] {processor.py:753} INFO - DAG(s) dict_keys(['create_bucket']) retrieved from /opt/airflow/dags/create_bucket.py
[2023-04-28T18:52:53.409+0000] {logging_mixin.py:137} INFO - [2023-04-28T18:52:53.398+0000] {dag.py:2690} INFO - Sync 1 DAGs
[2023-04-28T18:52:53.589+0000] {logging_mixin.py:137} INFO - [2023-04-28T18:52:53.589+0000] {dag.py:3441} INFO - Setting next_dagrun for create_bucket to 2023-04-28T00:00:00+00:00, run_after=2023-04-29T00:00:00+00:00
[2023-04-28T18:52:53.703+0000] {processor.py:175} INFO - Processing /opt/airflow/dags/create_bucket.py took 5.796 seconds
[2023-04-28T18:53:24.459+0000] {processor.py:153} INFO - Started process (PID=213) to work on /opt/airflow/dags/create_bucket.py
[2023-04-28T18:53:24.462+0000] {processor.py:743} INFO - Processing file /opt/airflow/dags/create_bucket.py for tasks to queue
[2023-04-28T18:53:24.464+0000] {logging_mixin.py:137} INFO - [2023-04-28T18:53:24.464+0000] {dagbag.py:538} INFO - Filling up the DagBag from /opt/airflow/dags/create_bucket.py
[2023-04-28T18:53:27.169+0000] {processor.py:753} INFO - DAG(s) dict_keys(['create_bucket']) retrieved from /opt/airflow/dags/create_bucket.py
[2023-04-28T18:53:27.215+0000] {logging_mixin.py:137} INFO - [2023-04-28T18:53:27.214+0000] {dag.py:2690} INFO - Sync 1 DAGs
[2023-04-28T18:53:27.286+0000] {logging_mixin.py:137} INFO - [2023-04-28T18:53:27.286+0000] {dag.py:3441} INFO - Setting next_dagrun for create_bucket to 2023-04-28T00:00:00+00:00, run_after=2023-04-29T00:00:00+00:00
[2023-04-28T18:53:27.352+0000] {processor.py:175} INFO - Processing /opt/airflow/dags/create_bucket.py took 2.900 seconds
[2023-04-28T18:53:57.509+0000] {processor.py:153} INFO - Started process (PID=250) to work on /opt/airflow/dags/create_bucket.py
[2023-04-28T18:53:57.512+0000] {processor.py:743} INFO - Processing file /opt/airflow/dags/create_bucket.py for tasks to queue
[2023-04-28T18:53:57.521+0000] {logging_mixin.py:137} INFO - [2023-04-28T18:53:57.519+0000] {dagbag.py:538} INFO - Filling up the DagBag from /opt/airflow/dags/create_bucket.py
[2023-04-28T18:53:59.758+0000] {processor.py:753} INFO - DAG(s) dict_keys(['create_bucket']) retrieved from /opt/airflow/dags/create_bucket.py
[2023-04-28T18:53:59.871+0000] {logging_mixin.py:137} INFO - [2023-04-28T18:53:59.869+0000] {dag.py:2690} INFO - Sync 1 DAGs
[2023-04-28T18:54:00.145+0000] {logging_mixin.py:137} INFO - [2023-04-28T18:54:00.145+0000] {dag.py:3441} INFO - Setting next_dagrun for create_bucket to 2023-04-28T00:00:00+00:00, run_after=2023-04-29T00:00:00+00:00
[2023-04-28T18:54:00.272+0000] {processor.py:175} INFO - Processing /opt/airflow/dags/create_bucket.py took 2.769 seconds
[2023-04-28T18:54:31.209+0000] {processor.py:153} INFO - Started process (PID=287) to work on /opt/airflow/dags/create_bucket.py
[2023-04-28T18:54:31.216+0000] {processor.py:743} INFO - Processing file /opt/airflow/dags/create_bucket.py for tasks to queue
[2023-04-28T18:54:31.218+0000] {logging_mixin.py:137} INFO - [2023-04-28T18:54:31.217+0000] {dagbag.py:538} INFO - Filling up the DagBag from /opt/airflow/dags/create_bucket.py
[2023-04-28T18:54:33.778+0000] {processor.py:753} INFO - DAG(s) dict_keys(['create_bucket']) retrieved from /opt/airflow/dags/create_bucket.py
[2023-04-28T18:54:33.825+0000] {logging_mixin.py:137} INFO - [2023-04-28T18:54:33.823+0000] {dag.py:2690} INFO - Sync 1 DAGs
[2023-04-28T18:54:33.884+0000] {logging_mixin.py:137} INFO - [2023-04-28T18:54:33.883+0000] {dag.py:3441} INFO - Setting next_dagrun for create_bucket to 2023-04-28T00:00:00+00:00, run_after=2023-04-29T00:00:00+00:00
[2023-04-28T18:54:33.944+0000] {processor.py:175} INFO - Processing /opt/airflow/dags/create_bucket.py took 2.749 seconds
[2023-04-28T18:55:04.325+0000] {processor.py:153} INFO - Started process (PID=324) to work on /opt/airflow/dags/create_bucket.py
[2023-04-28T18:55:04.349+0000] {processor.py:743} INFO - Processing file /opt/airflow/dags/create_bucket.py for tasks to queue
[2023-04-28T18:55:04.354+0000] {logging_mixin.py:137} INFO - [2023-04-28T18:55:04.353+0000] {dagbag.py:538} INFO - Filling up the DagBag from /opt/airflow/dags/create_bucket.py
[2023-04-28T18:55:07.848+0000] {processor.py:753} INFO - DAG(s) dict_keys(['create_bucket']) retrieved from /opt/airflow/dags/create_bucket.py
[2023-04-28T18:55:07.929+0000] {logging_mixin.py:137} INFO - [2023-04-28T18:55:07.928+0000] {dag.py:2690} INFO - Sync 1 DAGs
[2023-04-28T18:55:08.031+0000] {logging_mixin.py:137} INFO - [2023-04-28T18:55:08.031+0000] {dag.py:3441} INFO - Setting next_dagrun for create_bucket to 2023-04-28T00:00:00+00:00, run_after=2023-04-29T00:00:00+00:00
[2023-04-28T18:55:08.125+0000] {processor.py:175} INFO - Processing /opt/airflow/dags/create_bucket.py took 3.843 seconds
[2023-04-28T18:55:38.454+0000] {processor.py:153} INFO - Started process (PID=361) to work on /opt/airflow/dags/create_bucket.py
[2023-04-28T18:55:38.456+0000] {processor.py:743} INFO - Processing file /opt/airflow/dags/create_bucket.py for tasks to queue
[2023-04-28T18:55:38.458+0000] {logging_mixin.py:137} INFO - [2023-04-28T18:55:38.458+0000] {dagbag.py:538} INFO - Filling up the DagBag from /opt/airflow/dags/create_bucket.py
[2023-04-28T18:55:40.710+0000] {processor.py:753} INFO - DAG(s) dict_keys(['create_bucket']) retrieved from /opt/airflow/dags/create_bucket.py
[2023-04-28T18:55:40.796+0000] {logging_mixin.py:137} INFO - [2023-04-28T18:55:40.785+0000] {dag.py:2690} INFO - Sync 1 DAGs
[2023-04-28T18:55:40.919+0000] {logging_mixin.py:137} INFO - [2023-04-28T18:55:40.919+0000] {dag.py:3441} INFO - Setting next_dagrun for create_bucket to 2023-04-28T00:00:00+00:00, run_after=2023-04-29T00:00:00+00:00
[2023-04-28T18:55:41.070+0000] {processor.py:175} INFO - Processing /opt/airflow/dags/create_bucket.py took 2.625 seconds
[2023-04-28T18:56:12.374+0000] {processor.py:153} INFO - Started process (PID=398) to work on /opt/airflow/dags/create_bucket.py
[2023-04-28T18:56:12.376+0000] {processor.py:743} INFO - Processing file /opt/airflow/dags/create_bucket.py for tasks to queue
[2023-04-28T18:56:12.386+0000] {logging_mixin.py:137} INFO - [2023-04-28T18:56:12.385+0000] {dagbag.py:538} INFO - Filling up the DagBag from /opt/airflow/dags/create_bucket.py
[2023-04-28T18:56:16.303+0000] {processor.py:753} INFO - DAG(s) dict_keys(['create_bucket']) retrieved from /opt/airflow/dags/create_bucket.py
[2023-04-28T18:56:16.404+0000] {logging_mixin.py:137} INFO - [2023-04-28T18:56:16.403+0000] {dag.py:2690} INFO - Sync 1 DAGs
[2023-04-28T18:56:16.573+0000] {logging_mixin.py:137} INFO - [2023-04-28T18:56:16.572+0000] {dag.py:3441} INFO - Setting next_dagrun for create_bucket to 2023-04-28T00:00:00+00:00, run_after=2023-04-29T00:00:00+00:00
[2023-04-28T18:56:16.745+0000] {processor.py:175} INFO - Processing /opt/airflow/dags/create_bucket.py took 4.405 seconds
[2023-04-28T18:56:47.480+0000] {processor.py:153} INFO - Started process (PID=435) to work on /opt/airflow/dags/create_bucket.py
[2023-04-28T18:56:47.486+0000] {processor.py:743} INFO - Processing file /opt/airflow/dags/create_bucket.py for tasks to queue
[2023-04-28T18:56:47.491+0000] {logging_mixin.py:137} INFO - [2023-04-28T18:56:47.490+0000] {dagbag.py:538} INFO - Filling up the DagBag from /opt/airflow/dags/create_bucket.py
[2023-04-28T18:56:49.437+0000] {processor.py:753} INFO - DAG(s) dict_keys(['create_bucket']) retrieved from /opt/airflow/dags/create_bucket.py
[2023-04-28T18:56:49.484+0000] {logging_mixin.py:137} INFO - [2023-04-28T18:56:49.483+0000] {dag.py:2690} INFO - Sync 1 DAGs
[2023-04-28T18:56:49.568+0000] {logging_mixin.py:137} INFO - [2023-04-28T18:56:49.568+0000] {dag.py:3441} INFO - Setting next_dagrun for create_bucket to 2023-04-28T00:00:00+00:00, run_after=2023-04-29T00:00:00+00:00
[2023-04-28T18:56:49.642+0000] {processor.py:175} INFO - Processing /opt/airflow/dags/create_bucket.py took 2.167 seconds
[2023-04-28T18:57:20.032+0000] {processor.py:153} INFO - Started process (PID=472) to work on /opt/airflow/dags/create_bucket.py
[2023-04-28T18:57:20.054+0000] {processor.py:743} INFO - Processing file /opt/airflow/dags/create_bucket.py for tasks to queue
[2023-04-28T18:57:20.056+0000] {logging_mixin.py:137} INFO - [2023-04-28T18:57:20.055+0000] {dagbag.py:538} INFO - Filling up the DagBag from /opt/airflow/dags/create_bucket.py
[2023-04-28T18:57:22.802+0000] {processor.py:753} INFO - DAG(s) dict_keys(['create_bucket']) retrieved from /opt/airflow/dags/create_bucket.py
[2023-04-28T18:57:22.917+0000] {logging_mixin.py:137} INFO - [2023-04-28T18:57:22.916+0000] {dag.py:2690} INFO - Sync 1 DAGs
[2023-04-28T18:57:22.999+0000] {logging_mixin.py:137} INFO - [2023-04-28T18:57:22.999+0000] {dag.py:3441} INFO - Setting next_dagrun for create_bucket to 2023-04-28T00:00:00+00:00, run_after=2023-04-29T00:00:00+00:00
[2023-04-28T18:57:23.067+0000] {processor.py:175} INFO - Processing /opt/airflow/dags/create_bucket.py took 3.042 seconds
[2023-04-28T18:57:53.276+0000] {processor.py:153} INFO - Started process (PID=510) to work on /opt/airflow/dags/create_bucket.py
[2023-04-28T18:57:53.278+0000] {processor.py:743} INFO - Processing file /opt/airflow/dags/create_bucket.py for tasks to queue
[2023-04-28T18:57:53.281+0000] {logging_mixin.py:137} INFO - [2023-04-28T18:57:53.280+0000] {dagbag.py:538} INFO - Filling up the DagBag from /opt/airflow/dags/create_bucket.py
[2023-04-28T18:57:54.298+0000] {processor.py:753} INFO - DAG(s) dict_keys(['create_bucket']) retrieved from /opt/airflow/dags/create_bucket.py
[2023-04-28T18:57:54.336+0000] {logging_mixin.py:137} INFO - [2023-04-28T18:57:54.335+0000] {dag.py:2690} INFO - Sync 1 DAGs
[2023-04-28T18:57:54.384+0000] {logging_mixin.py:137} INFO - [2023-04-28T18:57:54.383+0000] {dag.py:3441} INFO - Setting next_dagrun for create_bucket to 2023-04-28T00:00:00+00:00, run_after=2023-04-29T00:00:00+00:00
[2023-04-28T18:57:54.423+0000] {processor.py:175} INFO - Processing /opt/airflow/dags/create_bucket.py took 1.152 seconds
[2023-04-28T18:58:24.737+0000] {processor.py:153} INFO - Started process (PID=547) to work on /opt/airflow/dags/create_bucket.py
[2023-04-28T18:58:24.739+0000] {processor.py:743} INFO - Processing file /opt/airflow/dags/create_bucket.py for tasks to queue
[2023-04-28T18:58:24.741+0000] {logging_mixin.py:137} INFO - [2023-04-28T18:58:24.741+0000] {dagbag.py:538} INFO - Filling up the DagBag from /opt/airflow/dags/create_bucket.py
[2023-04-28T18:58:26.241+0000] {processor.py:753} INFO - DAG(s) dict_keys(['create_bucket']) retrieved from /opt/airflow/dags/create_bucket.py
[2023-04-28T18:58:26.281+0000] {logging_mixin.py:137} INFO - [2023-04-28T18:58:26.280+0000] {dag.py:2690} INFO - Sync 1 DAGs
[2023-04-28T18:58:26.331+0000] {logging_mixin.py:137} INFO - [2023-04-28T18:58:26.331+0000] {dag.py:3441} INFO - Setting next_dagrun for create_bucket to 2023-04-28T00:00:00+00:00, run_after=2023-04-29T00:00:00+00:00
[2023-04-28T18:58:26.368+0000] {processor.py:175} INFO - Processing /opt/airflow/dags/create_bucket.py took 1.635 seconds
[2023-04-28T18:58:57.296+0000] {processor.py:153} INFO - Started process (PID=593) to work on /opt/airflow/dags/create_bucket.py
[2023-04-28T18:58:57.298+0000] {processor.py:743} INFO - Processing file /opt/airflow/dags/create_bucket.py for tasks to queue
[2023-04-28T18:58:57.301+0000] {logging_mixin.py:137} INFO - [2023-04-28T18:58:57.300+0000] {dagbag.py:538} INFO - Filling up the DagBag from /opt/airflow/dags/create_bucket.py
[2023-04-28T18:58:58.544+0000] {processor.py:753} INFO - DAG(s) dict_keys(['create_bucket']) retrieved from /opt/airflow/dags/create_bucket.py
[2023-04-28T18:58:58.645+0000] {logging_mixin.py:137} INFO - [2023-04-28T18:58:58.644+0000] {dag.py:2690} INFO - Sync 1 DAGs
[2023-04-28T18:58:58.717+0000] {logging_mixin.py:137} INFO - [2023-04-28T18:58:58.717+0000] {dag.py:3441} INFO - Setting next_dagrun for create_bucket to 2023-04-28T00:00:00+00:00, run_after=2023-04-29T00:00:00+00:00
[2023-04-28T18:58:58.754+0000] {processor.py:175} INFO - Processing /opt/airflow/dags/create_bucket.py took 1.465 seconds
[2023-04-28T20:44:21.141+0000] {processor.py:153} INFO - Started process (PID=602) to work on /opt/airflow/dags/create_bucket.py
[2023-04-28T20:44:21.170+0000] {processor.py:743} INFO - Processing file /opt/airflow/dags/create_bucket.py for tasks to queue
[2023-04-28T20:44:21.218+0000] {logging_mixin.py:137} INFO - [2023-04-28T20:44:21.217+0000] {dagbag.py:538} INFO - Filling up the DagBag from /opt/airflow/dags/create_bucket.py
[2023-04-28T20:44:31.158+0000] {processor.py:753} INFO - DAG(s) dict_keys(['create_bucket']) retrieved from /opt/airflow/dags/create_bucket.py
[2023-04-28T20:44:31.380+0000] {logging_mixin.py:137} INFO - [2023-04-28T20:44:31.379+0000] {dag.py:2690} INFO - Sync 1 DAGs
[2023-04-28T20:44:31.704+0000] {logging_mixin.py:137} INFO - [2023-04-28T20:44:31.704+0000] {dag.py:3441} INFO - Setting next_dagrun for create_bucket to 2023-04-28T00:00:00+00:00, run_after=2023-04-29T00:00:00+00:00
[2023-04-28T20:44:31.922+0000] {processor.py:175} INFO - Processing /opt/airflow/dags/create_bucket.py took 10.872 seconds
[2023-04-28T22:23:01.954+0000] {processor.py:153} INFO - Started process (PID=630) to work on /opt/airflow/dags/create_bucket.py
[2023-04-28T22:23:01.984+0000] {processor.py:743} INFO - Processing file /opt/airflow/dags/create_bucket.py for tasks to queue
[2023-04-28T22:23:02.038+0000] {logging_mixin.py:137} INFO - [2023-04-28T22:23:02.037+0000] {dagbag.py:538} INFO - Filling up the DagBag from /opt/airflow/dags/create_bucket.py
[2023-04-28T22:23:07.353+0000] {processor.py:753} INFO - DAG(s) dict_keys(['create_bucket']) retrieved from /opt/airflow/dags/create_bucket.py
[2023-04-28T22:23:07.535+0000] {logging_mixin.py:137} INFO - [2023-04-28T22:23:07.501+0000] {dag.py:2690} INFO - Sync 1 DAGs
[2023-04-28T22:23:07.922+0000] {logging_mixin.py:137} INFO - [2023-04-28T22:23:07.922+0000] {dag.py:3441} INFO - Setting next_dagrun for create_bucket to 2023-04-28T00:00:00+00:00, run_after=2023-04-29T00:00:00+00:00
[2023-04-28T22:23:08.594+0000] {processor.py:175} INFO - Processing /opt/airflow/dags/create_bucket.py took 6.650 seconds
[2023-04-28T22:23:39.456+0000] {processor.py:153} INFO - Started process (PID=668) to work on /opt/airflow/dags/create_bucket.py
[2023-04-28T22:23:39.475+0000] {processor.py:743} INFO - Processing file /opt/airflow/dags/create_bucket.py for tasks to queue
[2023-04-28T22:23:39.477+0000] {logging_mixin.py:137} INFO - [2023-04-28T22:23:39.476+0000] {dagbag.py:538} INFO - Filling up the DagBag from /opt/airflow/dags/create_bucket.py
[2023-04-28T22:23:43.111+0000] {processor.py:753} INFO - DAG(s) dict_keys(['create_bucket']) retrieved from /opt/airflow/dags/create_bucket.py
[2023-04-28T22:23:43.194+0000] {logging_mixin.py:137} INFO - [2023-04-28T22:23:43.194+0000] {dag.py:2690} INFO - Sync 1 DAGs
[2023-04-28T22:23:43.295+0000] {logging_mixin.py:137} INFO - [2023-04-28T22:23:43.295+0000] {dag.py:3441} INFO - Setting next_dagrun for create_bucket to 2023-04-28T00:00:00+00:00, run_after=2023-04-29T00:00:00+00:00
[2023-04-28T22:23:43.383+0000] {processor.py:175} INFO - Processing /opt/airflow/dags/create_bucket.py took 3.947 seconds
[2023-04-28T22:24:13.537+0000] {processor.py:153} INFO - Started process (PID=705) to work on /opt/airflow/dags/create_bucket.py
[2023-04-28T22:24:13.625+0000] {processor.py:743} INFO - Processing file /opt/airflow/dags/create_bucket.py for tasks to queue
[2023-04-28T22:24:13.626+0000] {logging_mixin.py:137} INFO - [2023-04-28T22:24:13.626+0000] {dagbag.py:538} INFO - Filling up the DagBag from /opt/airflow/dags/create_bucket.py
[2023-04-28T22:24:14.982+0000] {processor.py:753} INFO - DAG(s) dict_keys(['create_bucket']) retrieved from /opt/airflow/dags/create_bucket.py
[2023-04-28T22:24:15.032+0000] {logging_mixin.py:137} INFO - [2023-04-28T22:24:15.031+0000] {dag.py:2690} INFO - Sync 1 DAGs
[2023-04-28T22:24:15.108+0000] {logging_mixin.py:137} INFO - [2023-04-28T22:24:15.107+0000] {dag.py:3441} INFO - Setting next_dagrun for create_bucket to 2023-04-28T00:00:00+00:00, run_after=2023-04-29T00:00:00+00:00
[2023-04-28T22:24:15.150+0000] {processor.py:175} INFO - Processing /opt/airflow/dags/create_bucket.py took 1.617 seconds
[2023-04-28T22:24:45.925+0000] {processor.py:153} INFO - Started process (PID=742) to work on /opt/airflow/dags/create_bucket.py
[2023-04-28T22:24:45.927+0000] {processor.py:743} INFO - Processing file /opt/airflow/dags/create_bucket.py for tasks to queue
[2023-04-28T22:24:45.935+0000] {logging_mixin.py:137} INFO - [2023-04-28T22:24:45.934+0000] {dagbag.py:538} INFO - Filling up the DagBag from /opt/airflow/dags/create_bucket.py
[2023-04-28T22:24:47.562+0000] {processor.py:753} INFO - DAG(s) dict_keys(['create_bucket']) retrieved from /opt/airflow/dags/create_bucket.py
[2023-04-28T22:24:47.610+0000] {logging_mixin.py:137} INFO - [2023-04-28T22:24:47.609+0000] {dag.py:2690} INFO - Sync 1 DAGs
[2023-04-28T22:24:47.660+0000] {logging_mixin.py:137} INFO - [2023-04-28T22:24:47.659+0000] {dag.py:3441} INFO - Setting next_dagrun for create_bucket to 2023-04-28T00:00:00+00:00, run_after=2023-04-29T00:00:00+00:00
[2023-04-28T22:24:47.717+0000] {processor.py:175} INFO - Processing /opt/airflow/dags/create_bucket.py took 1.798 seconds
[2023-04-28T22:25:18.341+0000] {processor.py:153} INFO - Started process (PID=779) to work on /opt/airflow/dags/create_bucket.py
[2023-04-28T22:25:18.343+0000] {processor.py:743} INFO - Processing file /opt/airflow/dags/create_bucket.py for tasks to queue
[2023-04-28T22:25:18.344+0000] {logging_mixin.py:137} INFO - [2023-04-28T22:25:18.343+0000] {dagbag.py:538} INFO - Filling up the DagBag from /opt/airflow/dags/create_bucket.py
[2023-04-28T22:25:19.374+0000] {processor.py:753} INFO - DAG(s) dict_keys(['create_bucket']) retrieved from /opt/airflow/dags/create_bucket.py
[2023-04-28T22:25:19.407+0000] {logging_mixin.py:137} INFO - [2023-04-28T22:25:19.406+0000] {dag.py:2690} INFO - Sync 1 DAGs
[2023-04-28T22:25:19.445+0000] {logging_mixin.py:137} INFO - [2023-04-28T22:25:19.445+0000] {dag.py:3441} INFO - Setting next_dagrun for create_bucket to 2023-04-28T00:00:00+00:00, run_after=2023-04-29T00:00:00+00:00
[2023-04-28T22:25:19.476+0000] {processor.py:175} INFO - Processing /opt/airflow/dags/create_bucket.py took 1.141 seconds
[2023-04-28T22:25:50.069+0000] {processor.py:153} INFO - Started process (PID=817) to work on /opt/airflow/dags/create_bucket.py
[2023-04-28T22:25:50.072+0000] {processor.py:743} INFO - Processing file /opt/airflow/dags/create_bucket.py for tasks to queue
[2023-04-28T22:25:50.074+0000] {logging_mixin.py:137} INFO - [2023-04-28T22:25:50.073+0000] {dagbag.py:538} INFO - Filling up the DagBag from /opt/airflow/dags/create_bucket.py
[2023-04-28T22:25:51.426+0000] {processor.py:753} INFO - DAG(s) dict_keys(['create_bucket']) retrieved from /opt/airflow/dags/create_bucket.py
[2023-04-28T22:25:51.462+0000] {logging_mixin.py:137} INFO - [2023-04-28T22:25:51.462+0000] {dag.py:2690} INFO - Sync 1 DAGs
[2023-04-28T22:25:51.507+0000] {logging_mixin.py:137} INFO - [2023-04-28T22:25:51.507+0000] {dag.py:3441} INFO - Setting next_dagrun for create_bucket to 2023-04-28T00:00:00+00:00, run_after=2023-04-29T00:00:00+00:00
[2023-04-28T22:25:51.539+0000] {processor.py:175} INFO - Processing /opt/airflow/dags/create_bucket.py took 1.476 seconds
[2023-04-28T22:26:22.226+0000] {processor.py:153} INFO - Started process (PID=855) to work on /opt/airflow/dags/create_bucket.py
[2023-04-28T22:26:22.228+0000] {processor.py:743} INFO - Processing file /opt/airflow/dags/create_bucket.py for tasks to queue
[2023-04-28T22:26:22.230+0000] {logging_mixin.py:137} INFO - [2023-04-28T22:26:22.230+0000] {dagbag.py:538} INFO - Filling up the DagBag from /opt/airflow/dags/create_bucket.py
[2023-04-28T22:26:23.142+0000] {processor.py:753} INFO - DAG(s) dict_keys(['create_bucket']) retrieved from /opt/airflow/dags/create_bucket.py
[2023-04-28T22:26:23.169+0000] {logging_mixin.py:137} INFO - [2023-04-28T22:26:23.168+0000] {dag.py:2690} INFO - Sync 1 DAGs
[2023-04-28T22:26:23.203+0000] {logging_mixin.py:137} INFO - [2023-04-28T22:26:23.202+0000] {dag.py:3441} INFO - Setting next_dagrun for create_bucket to 2023-04-28T00:00:00+00:00, run_after=2023-04-29T00:00:00+00:00
[2023-04-28T22:26:23.236+0000] {processor.py:175} INFO - Processing /opt/airflow/dags/create_bucket.py took 1.014 seconds
[2023-04-28T22:26:53.626+0000] {processor.py:153} INFO - Started process (PID=892) to work on /opt/airflow/dags/create_bucket.py
[2023-04-28T22:26:53.629+0000] {processor.py:743} INFO - Processing file /opt/airflow/dags/create_bucket.py for tasks to queue
[2023-04-28T22:26:53.630+0000] {logging_mixin.py:137} INFO - [2023-04-28T22:26:53.630+0000] {dagbag.py:538} INFO - Filling up the DagBag from /opt/airflow/dags/create_bucket.py
[2023-04-28T22:26:55.327+0000] {processor.py:753} INFO - DAG(s) dict_keys(['create_bucket']) retrieved from /opt/airflow/dags/create_bucket.py
[2023-04-28T22:26:55.415+0000] {logging_mixin.py:137} INFO - [2023-04-28T22:26:55.413+0000] {dag.py:2690} INFO - Sync 1 DAGs
[2023-04-28T22:26:55.520+0000] {logging_mixin.py:137} INFO - [2023-04-28T22:26:55.520+0000] {dag.py:3441} INFO - Setting next_dagrun for create_bucket to 2023-04-28T00:00:00+00:00, run_after=2023-04-29T00:00:00+00:00
[2023-04-28T22:26:55.581+0000] {processor.py:175} INFO - Processing /opt/airflow/dags/create_bucket.py took 1.960 seconds
[2023-04-28T22:27:26.036+0000] {processor.py:153} INFO - Started process (PID=946) to work on /opt/airflow/dags/create_bucket.py
[2023-04-28T22:27:26.039+0000] {processor.py:743} INFO - Processing file /opt/airflow/dags/create_bucket.py for tasks to queue
[2023-04-28T22:27:26.041+0000] {logging_mixin.py:137} INFO - [2023-04-28T22:27:26.041+0000] {dagbag.py:538} INFO - Filling up the DagBag from /opt/airflow/dags/create_bucket.py
[2023-04-28T22:27:27.271+0000] {processor.py:753} INFO - DAG(s) dict_keys(['create_bucket']) retrieved from /opt/airflow/dags/create_bucket.py
[2023-04-28T22:27:27.304+0000] {logging_mixin.py:137} INFO - [2023-04-28T22:27:27.303+0000] {dag.py:2690} INFO - Sync 1 DAGs
[2023-04-28T22:27:27.345+0000] {logging_mixin.py:137} INFO - [2023-04-28T22:27:27.345+0000] {dag.py:3441} INFO - Setting next_dagrun for create_bucket to 2023-04-28T00:00:00+00:00, run_after=2023-04-29T00:00:00+00:00
[2023-04-28T22:27:27.375+0000] {processor.py:175} INFO - Processing /opt/airflow/dags/create_bucket.py took 1.343 seconds
[2023-04-28T22:27:57.741+0000] {processor.py:153} INFO - Started process (PID=984) to work on /opt/airflow/dags/create_bucket.py
[2023-04-28T22:27:57.742+0000] {processor.py:743} INFO - Processing file /opt/airflow/dags/create_bucket.py for tasks to queue
[2023-04-28T22:27:57.743+0000] {logging_mixin.py:137} INFO - [2023-04-28T22:27:57.743+0000] {dagbag.py:538} INFO - Filling up the DagBag from /opt/airflow/dags/create_bucket.py
[2023-04-28T22:27:58.793+0000] {processor.py:753} INFO - DAG(s) dict_keys(['create_bucket']) retrieved from /opt/airflow/dags/create_bucket.py
[2023-04-28T22:27:58.834+0000] {logging_mixin.py:137} INFO - [2023-04-28T22:27:58.833+0000] {dag.py:2690} INFO - Sync 1 DAGs
[2023-04-28T22:27:58.879+0000] {logging_mixin.py:137} INFO - [2023-04-28T22:27:58.878+0000] {dag.py:3441} INFO - Setting next_dagrun for create_bucket to 2023-04-28T00:00:00+00:00, run_after=2023-04-29T00:00:00+00:00
[2023-04-28T22:27:58.933+0000] {processor.py:175} INFO - Processing /opt/airflow/dags/create_bucket.py took 1.198 seconds
[2023-04-28T22:28:29.374+0000] {processor.py:153} INFO - Started process (PID=1021) to work on /opt/airflow/dags/create_bucket.py
[2023-04-28T22:28:29.375+0000] {processor.py:743} INFO - Processing file /opt/airflow/dags/create_bucket.py for tasks to queue
[2023-04-28T22:28:29.376+0000] {logging_mixin.py:137} INFO - [2023-04-28T22:28:29.376+0000] {dagbag.py:538} INFO - Filling up the DagBag from /opt/airflow/dags/create_bucket.py
[2023-04-28T22:28:30.679+0000] {processor.py:753} INFO - DAG(s) dict_keys(['create_bucket']) retrieved from /opt/airflow/dags/create_bucket.py
[2023-04-28T22:28:30.711+0000] {logging_mixin.py:137} INFO - [2023-04-28T22:28:30.710+0000] {dag.py:2690} INFO - Sync 1 DAGs
[2023-04-28T22:28:30.761+0000] {logging_mixin.py:137} INFO - [2023-04-28T22:28:30.761+0000] {dag.py:3441} INFO - Setting next_dagrun for create_bucket to 2023-04-28T00:00:00+00:00, run_after=2023-04-29T00:00:00+00:00
[2023-04-28T22:28:30.802+0000] {processor.py:175} INFO - Processing /opt/airflow/dags/create_bucket.py took 1.433 seconds
[2023-04-28T22:29:01.372+0000] {processor.py:153} INFO - Started process (PID=1058) to work on /opt/airflow/dags/create_bucket.py
[2023-04-28T22:29:01.373+0000] {processor.py:743} INFO - Processing file /opt/airflow/dags/create_bucket.py for tasks to queue
[2023-04-28T22:29:01.375+0000] {logging_mixin.py:137} INFO - [2023-04-28T22:29:01.375+0000] {dagbag.py:538} INFO - Filling up the DagBag from /opt/airflow/dags/create_bucket.py
[2023-04-28T22:29:02.294+0000] {processor.py:753} INFO - DAG(s) dict_keys(['create_bucket']) retrieved from /opt/airflow/dags/create_bucket.py
[2023-04-28T22:29:02.320+0000] {logging_mixin.py:137} INFO - [2023-04-28T22:29:02.319+0000] {dag.py:2690} INFO - Sync 1 DAGs
[2023-04-28T22:29:02.354+0000] {logging_mixin.py:137} INFO - [2023-04-28T22:29:02.354+0000] {dag.py:3441} INFO - Setting next_dagrun for create_bucket to 2023-04-28T00:00:00+00:00, run_after=2023-04-29T00:00:00+00:00
[2023-04-28T22:29:02.386+0000] {processor.py:175} INFO - Processing /opt/airflow/dags/create_bucket.py took 1.017 seconds
[2023-04-28T22:29:32.927+0000] {processor.py:153} INFO - Started process (PID=1095) to work on /opt/airflow/dags/create_bucket.py
[2023-04-28T22:29:32.930+0000] {processor.py:743} INFO - Processing file /opt/airflow/dags/create_bucket.py for tasks to queue
[2023-04-28T22:29:32.931+0000] {logging_mixin.py:137} INFO - [2023-04-28T22:29:32.931+0000] {dagbag.py:538} INFO - Filling up the DagBag from /opt/airflow/dags/create_bucket.py
[2023-04-28T22:29:34.122+0000] {processor.py:753} INFO - DAG(s) dict_keys(['create_bucket']) retrieved from /opt/airflow/dags/create_bucket.py
[2023-04-28T22:29:34.159+0000] {logging_mixin.py:137} INFO - [2023-04-28T22:29:34.157+0000] {dag.py:2690} INFO - Sync 1 DAGs
[2023-04-28T22:29:34.205+0000] {logging_mixin.py:137} INFO - [2023-04-28T22:29:34.205+0000] {dag.py:3441} INFO - Setting next_dagrun for create_bucket to 2023-04-28T00:00:00+00:00, run_after=2023-04-29T00:00:00+00:00
[2023-04-28T22:29:34.242+0000] {processor.py:175} INFO - Processing /opt/airflow/dags/create_bucket.py took 1.319 seconds
[2023-04-28T22:30:04.682+0000] {processor.py:153} INFO - Started process (PID=1149) to work on /opt/airflow/dags/create_bucket.py
[2023-04-28T22:30:04.684+0000] {processor.py:743} INFO - Processing file /opt/airflow/dags/create_bucket.py for tasks to queue
[2023-04-28T22:30:04.685+0000] {logging_mixin.py:137} INFO - [2023-04-28T22:30:04.685+0000] {dagbag.py:538} INFO - Filling up the DagBag from /opt/airflow/dags/create_bucket.py
[2023-04-28T22:30:06.194+0000] {processor.py:753} INFO - DAG(s) dict_keys(['create_bucket']) retrieved from /opt/airflow/dags/create_bucket.py
[2023-04-28T22:30:06.254+0000] {logging_mixin.py:137} INFO - [2023-04-28T22:30:06.253+0000] {dag.py:2690} INFO - Sync 1 DAGs
[2023-04-28T22:30:06.305+0000] {logging_mixin.py:137} INFO - [2023-04-28T22:30:06.305+0000] {dag.py:3441} INFO - Setting next_dagrun for create_bucket to 2023-04-28T00:00:00+00:00, run_after=2023-04-29T00:00:00+00:00
[2023-04-28T22:30:06.339+0000] {processor.py:175} INFO - Processing /opt/airflow/dags/create_bucket.py took 1.661 seconds
[2023-04-28T22:30:36.728+0000] {processor.py:153} INFO - Started process (PID=1186) to work on /opt/airflow/dags/create_bucket.py
[2023-04-28T22:30:36.730+0000] {processor.py:743} INFO - Processing file /opt/airflow/dags/create_bucket.py for tasks to queue
[2023-04-28T22:30:36.731+0000] {logging_mixin.py:137} INFO - [2023-04-28T22:30:36.731+0000] {dagbag.py:538} INFO - Filling up the DagBag from /opt/airflow/dags/create_bucket.py
[2023-04-28T22:30:37.796+0000] {processor.py:753} INFO - DAG(s) dict_keys(['create_bucket']) retrieved from /opt/airflow/dags/create_bucket.py
[2023-04-28T22:30:37.838+0000] {logging_mixin.py:137} INFO - [2023-04-28T22:30:37.836+0000] {dag.py:2690} INFO - Sync 1 DAGs
[2023-04-28T22:30:37.878+0000] {logging_mixin.py:137} INFO - [2023-04-28T22:30:37.876+0000] {dag.py:3441} INFO - Setting next_dagrun for create_bucket to 2023-04-28T00:00:00+00:00, run_after=2023-04-29T00:00:00+00:00
[2023-04-28T22:30:37.906+0000] {processor.py:175} INFO - Processing /opt/airflow/dags/create_bucket.py took 1.185 seconds
[2023-04-28T22:31:08.102+0000] {processor.py:153} INFO - Started process (PID=1224) to work on /opt/airflow/dags/create_bucket.py
[2023-04-28T22:31:08.104+0000] {processor.py:743} INFO - Processing file /opt/airflow/dags/create_bucket.py for tasks to queue
[2023-04-28T22:31:08.105+0000] {logging_mixin.py:137} INFO - [2023-04-28T22:31:08.105+0000] {dagbag.py:538} INFO - Filling up the DagBag from /opt/airflow/dags/create_bucket.py
[2023-04-28T22:31:09.247+0000] {processor.py:753} INFO - DAG(s) dict_keys(['create_bucket']) retrieved from /opt/airflow/dags/create_bucket.py
[2023-04-28T22:31:09.278+0000] {logging_mixin.py:137} INFO - [2023-04-28T22:31:09.278+0000] {dag.py:2690} INFO - Sync 1 DAGs
[2023-04-28T22:31:09.315+0000] {logging_mixin.py:137} INFO - [2023-04-28T22:31:09.315+0000] {dag.py:3441} INFO - Setting next_dagrun for create_bucket to 2023-04-28T00:00:00+00:00, run_after=2023-04-29T00:00:00+00:00
[2023-04-28T22:31:09.347+0000] {processor.py:175} INFO - Processing /opt/airflow/dags/create_bucket.py took 1.251 seconds
[2023-04-28T22:31:39.811+0000] {processor.py:153} INFO - Started process (PID=1261) to work on /opt/airflow/dags/create_bucket.py
[2023-04-28T22:31:39.814+0000] {processor.py:743} INFO - Processing file /opt/airflow/dags/create_bucket.py for tasks to queue
[2023-04-28T22:31:39.817+0000] {logging_mixin.py:137} INFO - [2023-04-28T22:31:39.816+0000] {dagbag.py:538} INFO - Filling up the DagBag from /opt/airflow/dags/create_bucket.py
[2023-04-28T22:31:40.927+0000] {processor.py:753} INFO - DAG(s) dict_keys(['create_bucket']) retrieved from /opt/airflow/dags/create_bucket.py
[2023-04-28T22:31:40.960+0000] {logging_mixin.py:137} INFO - [2023-04-28T22:31:40.960+0000] {dag.py:2690} INFO - Sync 1 DAGs
[2023-04-28T22:31:41.008+0000] {logging_mixin.py:137} INFO - [2023-04-28T22:31:41.008+0000] {dag.py:3441} INFO - Setting next_dagrun for create_bucket to 2023-04-28T00:00:00+00:00, run_after=2023-04-29T00:00:00+00:00
[2023-04-28T22:31:41.043+0000] {processor.py:175} INFO - Processing /opt/airflow/dags/create_bucket.py took 1.237 seconds
[2023-04-28T22:32:11.725+0000] {processor.py:153} INFO - Started process (PID=1298) to work on /opt/airflow/dags/create_bucket.py
[2023-04-28T22:32:11.730+0000] {processor.py:743} INFO - Processing file /opt/airflow/dags/create_bucket.py for tasks to queue
[2023-04-28T22:32:11.733+0000] {logging_mixin.py:137} INFO - [2023-04-28T22:32:11.733+0000] {dagbag.py:538} INFO - Filling up the DagBag from /opt/airflow/dags/create_bucket.py
[2023-04-28T22:32:12.922+0000] {processor.py:753} INFO - DAG(s) dict_keys(['create_bucket']) retrieved from /opt/airflow/dags/create_bucket.py
[2023-04-28T22:32:12.963+0000] {logging_mixin.py:137} INFO - [2023-04-28T22:32:12.963+0000] {dag.py:2690} INFO - Sync 1 DAGs
[2023-04-28T22:32:13.008+0000] {logging_mixin.py:137} INFO - [2023-04-28T22:32:13.008+0000] {dag.py:3441} INFO - Setting next_dagrun for create_bucket to 2023-04-28T00:00:00+00:00, run_after=2023-04-29T00:00:00+00:00
[2023-04-28T22:32:13.041+0000] {processor.py:175} INFO - Processing /opt/airflow/dags/create_bucket.py took 1.321 seconds
[2023-04-28T22:32:43.723+0000] {processor.py:153} INFO - Started process (PID=1335) to work on /opt/airflow/dags/create_bucket.py
[2023-04-28T22:32:43.724+0000] {processor.py:743} INFO - Processing file /opt/airflow/dags/create_bucket.py for tasks to queue
[2023-04-28T22:32:43.728+0000] {logging_mixin.py:137} INFO - [2023-04-28T22:32:43.727+0000] {dagbag.py:538} INFO - Filling up the DagBag from /opt/airflow/dags/create_bucket.py
[2023-04-28T22:32:45.161+0000] {processor.py:753} INFO - DAG(s) dict_keys(['create_bucket']) retrieved from /opt/airflow/dags/create_bucket.py
[2023-04-28T22:32:45.202+0000] {logging_mixin.py:137} INFO - [2023-04-28T22:32:45.200+0000] {dag.py:2690} INFO - Sync 1 DAGs
[2023-04-28T22:32:45.250+0000] {logging_mixin.py:137} INFO - [2023-04-28T22:32:45.249+0000] {dag.py:3441} INFO - Setting next_dagrun for create_bucket to 2023-04-28T00:00:00+00:00, run_after=2023-04-29T00:00:00+00:00
[2023-04-28T22:32:45.297+0000] {processor.py:175} INFO - Processing /opt/airflow/dags/create_bucket.py took 1.579 seconds
[2023-04-28T22:33:16.092+0000] {processor.py:153} INFO - Started process (PID=1373) to work on /opt/airflow/dags/create_bucket.py
[2023-04-28T22:33:16.093+0000] {processor.py:743} INFO - Processing file /opt/airflow/dags/create_bucket.py for tasks to queue
[2023-04-28T22:33:16.094+0000] {logging_mixin.py:137} INFO - [2023-04-28T22:33:16.094+0000] {dagbag.py:538} INFO - Filling up the DagBag from /opt/airflow/dags/create_bucket.py
[2023-04-28T22:33:17.514+0000] {processor.py:753} INFO - DAG(s) dict_keys(['create_bucket']) retrieved from /opt/airflow/dags/create_bucket.py
[2023-04-28T22:33:17.564+0000] {logging_mixin.py:137} INFO - [2023-04-28T22:33:17.563+0000] {dag.py:2690} INFO - Sync 1 DAGs
[2023-04-28T22:33:17.654+0000] {logging_mixin.py:137} INFO - [2023-04-28T22:33:17.654+0000] {dag.py:3441} INFO - Setting next_dagrun for create_bucket to 2023-04-28T00:00:00+00:00, run_after=2023-04-29T00:00:00+00:00
[2023-04-28T22:33:17.717+0000] {processor.py:175} INFO - Processing /opt/airflow/dags/create_bucket.py took 1.617 seconds
[2023-04-28T22:33:48.210+0000] {processor.py:153} INFO - Started process (PID=1411) to work on /opt/airflow/dags/create_bucket.py
[2023-04-28T22:33:48.211+0000] {processor.py:743} INFO - Processing file /opt/airflow/dags/create_bucket.py for tasks to queue
[2023-04-28T22:33:48.212+0000] {logging_mixin.py:137} INFO - [2023-04-28T22:33:48.212+0000] {dagbag.py:538} INFO - Filling up the DagBag from /opt/airflow/dags/create_bucket.py
[2023-04-28T22:33:49.322+0000] {processor.py:753} INFO - DAG(s) dict_keys(['create_bucket']) retrieved from /opt/airflow/dags/create_bucket.py
[2023-04-28T22:33:49.366+0000] {logging_mixin.py:137} INFO - [2023-04-28T22:33:49.366+0000] {dag.py:2690} INFO - Sync 1 DAGs
[2023-04-28T22:33:49.452+0000] {logging_mixin.py:137} INFO - [2023-04-28T22:33:49.452+0000] {dag.py:3441} INFO - Setting next_dagrun for create_bucket to 2023-04-28T00:00:00+00:00, run_after=2023-04-29T00:00:00+00:00
[2023-04-28T22:33:49.503+0000] {processor.py:175} INFO - Processing /opt/airflow/dags/create_bucket.py took 1.298 seconds
[2023-04-28T22:34:19.940+0000] {processor.py:153} INFO - Started process (PID=1448) to work on /opt/airflow/dags/create_bucket.py
[2023-04-28T22:34:19.943+0000] {processor.py:743} INFO - Processing file /opt/airflow/dags/create_bucket.py for tasks to queue
[2023-04-28T22:34:19.944+0000] {logging_mixin.py:137} INFO - [2023-04-28T22:34:19.944+0000] {dagbag.py:538} INFO - Filling up the DagBag from /opt/airflow/dags/create_bucket.py
[2023-04-28T22:34:21.403+0000] {processor.py:753} INFO - DAG(s) dict_keys(['create_bucket']) retrieved from /opt/airflow/dags/create_bucket.py
[2023-04-28T22:34:21.462+0000] {logging_mixin.py:137} INFO - [2023-04-28T22:34:21.460+0000] {dag.py:2690} INFO - Sync 1 DAGs
[2023-04-28T22:34:21.536+0000] {logging_mixin.py:137} INFO - [2023-04-28T22:34:21.536+0000] {dag.py:3441} INFO - Setting next_dagrun for create_bucket to 2023-04-28T00:00:00+00:00, run_after=2023-04-29T00:00:00+00:00
[2023-04-28T22:34:21.586+0000] {processor.py:175} INFO - Processing /opt/airflow/dags/create_bucket.py took 1.650 seconds
[2023-04-28T22:34:52.143+0000] {processor.py:153} INFO - Started process (PID=1494) to work on /opt/airflow/dags/create_bucket.py
[2023-04-28T22:34:52.145+0000] {processor.py:743} INFO - Processing file /opt/airflow/dags/create_bucket.py for tasks to queue
[2023-04-28T22:34:52.153+0000] {logging_mixin.py:137} INFO - [2023-04-28T22:34:52.147+0000] {dagbag.py:538} INFO - Filling up the DagBag from /opt/airflow/dags/create_bucket.py
[2023-04-28T22:34:53.627+0000] {processor.py:753} INFO - DAG(s) dict_keys(['create_bucket']) retrieved from /opt/airflow/dags/create_bucket.py
[2023-04-28T22:34:53.684+0000] {logging_mixin.py:137} INFO - [2023-04-28T22:34:53.682+0000] {dag.py:2690} INFO - Sync 1 DAGs
[2023-04-28T22:34:53.805+0000] {logging_mixin.py:137} INFO - [2023-04-28T22:34:53.794+0000] {dag.py:3441} INFO - Setting next_dagrun for create_bucket to 2023-04-28T00:00:00+00:00, run_after=2023-04-29T00:00:00+00:00
[2023-04-28T22:34:53.870+0000] {processor.py:175} INFO - Processing /opt/airflow/dags/create_bucket.py took 1.734 seconds
[2023-04-28T22:35:24.376+0000] {processor.py:153} INFO - Started process (PID=1532) to work on /opt/airflow/dags/create_bucket.py
[2023-04-28T22:35:24.385+0000] {processor.py:743} INFO - Processing file /opt/airflow/dags/create_bucket.py for tasks to queue
[2023-04-28T22:35:24.387+0000] {logging_mixin.py:137} INFO - [2023-04-28T22:35:24.387+0000] {dagbag.py:538} INFO - Filling up the DagBag from /opt/airflow/dags/create_bucket.py
[2023-04-28T22:35:26.424+0000] {processor.py:753} INFO - DAG(s) dict_keys(['create_bucket']) retrieved from /opt/airflow/dags/create_bucket.py
[2023-04-28T22:35:26.480+0000] {logging_mixin.py:137} INFO - [2023-04-28T22:35:26.479+0000] {dag.py:2690} INFO - Sync 1 DAGs
[2023-04-28T22:35:26.558+0000] {logging_mixin.py:137} INFO - [2023-04-28T22:35:26.557+0000] {dag.py:3441} INFO - Setting next_dagrun for create_bucket to 2023-04-28T00:00:00+00:00, run_after=2023-04-29T00:00:00+00:00
[2023-04-28T22:35:26.623+0000] {processor.py:175} INFO - Processing /opt/airflow/dags/create_bucket.py took 2.254 seconds
[2023-04-28T22:35:57.296+0000] {processor.py:153} INFO - Started process (PID=1576) to work on /opt/airflow/dags/create_bucket.py
[2023-04-28T22:35:57.297+0000] {processor.py:743} INFO - Processing file /opt/airflow/dags/create_bucket.py for tasks to queue
[2023-04-28T22:35:57.298+0000] {logging_mixin.py:137} INFO - [2023-04-28T22:35:57.298+0000] {dagbag.py:538} INFO - Filling up the DagBag from /opt/airflow/dags/create_bucket.py
[2023-04-28T22:35:58.591+0000] {processor.py:753} INFO - DAG(s) dict_keys(['create_bucket']) retrieved from /opt/airflow/dags/create_bucket.py
[2023-04-28T22:35:58.629+0000] {logging_mixin.py:137} INFO - [2023-04-28T22:35:58.628+0000] {dag.py:2690} INFO - Sync 1 DAGs
[2023-04-28T22:35:58.677+0000] {logging_mixin.py:137} INFO - [2023-04-28T22:35:58.676+0000] {dag.py:3441} INFO - Setting next_dagrun for create_bucket to 2023-04-28T00:00:00+00:00, run_after=2023-04-29T00:00:00+00:00
[2023-04-28T22:35:58.709+0000] {processor.py:175} INFO - Processing /opt/airflow/dags/create_bucket.py took 1.419 seconds
[2023-04-28T22:36:29.579+0000] {processor.py:153} INFO - Started process (PID=1613) to work on /opt/airflow/dags/create_bucket.py
[2023-04-28T22:36:29.583+0000] {processor.py:743} INFO - Processing file /opt/airflow/dags/create_bucket.py for tasks to queue
[2023-04-28T22:36:29.586+0000] {logging_mixin.py:137} INFO - [2023-04-28T22:36:29.585+0000] {dagbag.py:538} INFO - Filling up the DagBag from /opt/airflow/dags/create_bucket.py
[2023-04-28T22:36:32.826+0000] {processor.py:753} INFO - DAG(s) dict_keys(['create_bucket']) retrieved from /opt/airflow/dags/create_bucket.py
[2023-04-28T22:36:32.893+0000] {logging_mixin.py:137} INFO - [2023-04-28T22:36:32.892+0000] {dag.py:2690} INFO - Sync 1 DAGs
[2023-04-28T22:36:32.989+0000] {logging_mixin.py:137} INFO - [2023-04-28T22:36:32.989+0000] {dag.py:3441} INFO - Setting next_dagrun for create_bucket to 2023-04-28T00:00:00+00:00, run_after=2023-04-29T00:00:00+00:00
[2023-04-28T22:36:33.073+0000] {processor.py:175} INFO - Processing /opt/airflow/dags/create_bucket.py took 3.501 seconds
[2023-04-28T22:37:03.243+0000] {processor.py:153} INFO - Started process (PID=1650) to work on /opt/airflow/dags/create_bucket.py
[2023-04-28T22:37:03.244+0000] {processor.py:743} INFO - Processing file /opt/airflow/dags/create_bucket.py for tasks to queue
[2023-04-28T22:37:03.245+0000] {logging_mixin.py:137} INFO - [2023-04-28T22:37:03.245+0000] {dagbag.py:538} INFO - Filling up the DagBag from /opt/airflow/dags/create_bucket.py
[2023-04-28T22:37:04.683+0000] {processor.py:753} INFO - DAG(s) dict_keys(['create_bucket']) retrieved from /opt/airflow/dags/create_bucket.py
[2023-04-28T22:37:04.734+0000] {logging_mixin.py:137} INFO - [2023-04-28T22:37:04.734+0000] {dag.py:2690} INFO - Sync 1 DAGs
[2023-04-28T22:37:04.824+0000] {logging_mixin.py:137} INFO - [2023-04-28T22:37:04.824+0000] {dag.py:3441} INFO - Setting next_dagrun for create_bucket to 2023-04-28T00:00:00+00:00, run_after=2023-04-29T00:00:00+00:00
[2023-04-28T22:37:04.887+0000] {processor.py:175} INFO - Processing /opt/airflow/dags/create_bucket.py took 1.651 seconds
[2023-04-28T22:37:35.997+0000] {processor.py:153} INFO - Started process (PID=1687) to work on /opt/airflow/dags/create_bucket.py
[2023-04-28T22:37:36.023+0000] {processor.py:743} INFO - Processing file /opt/airflow/dags/create_bucket.py for tasks to queue
[2023-04-28T22:37:36.036+0000] {logging_mixin.py:137} INFO - [2023-04-28T22:37:36.036+0000] {dagbag.py:538} INFO - Filling up the DagBag from /opt/airflow/dags/create_bucket.py
[2023-04-28T22:37:40.538+0000] {processor.py:753} INFO - DAG(s) dict_keys(['create_bucket']) retrieved from /opt/airflow/dags/create_bucket.py
[2023-04-28T22:37:40.743+0000] {logging_mixin.py:137} INFO - [2023-04-28T22:37:40.730+0000] {dag.py:2690} INFO - Sync 1 DAGs
[2023-04-28T22:37:40.967+0000] {logging_mixin.py:137} INFO - [2023-04-28T22:37:40.966+0000] {dag.py:3441} INFO - Setting next_dagrun for create_bucket to 2023-04-28T00:00:00+00:00, run_after=2023-04-29T00:00:00+00:00
[2023-04-28T22:37:41.413+0000] {processor.py:175} INFO - Processing /opt/airflow/dags/create_bucket.py took 5.447 seconds
[2023-04-28T22:38:12.555+0000] {processor.py:153} INFO - Started process (PID=1718) to work on /opt/airflow/dags/create_bucket.py
[2023-04-28T22:38:12.574+0000] {processor.py:743} INFO - Processing file /opt/airflow/dags/create_bucket.py for tasks to queue
[2023-04-28T22:38:12.583+0000] {logging_mixin.py:137} INFO - [2023-04-28T22:38:12.582+0000] {dagbag.py:538} INFO - Filling up the DagBag from /opt/airflow/dags/create_bucket.py
[2023-04-28T22:38:20.136+0000] {processor.py:753} INFO - DAG(s) dict_keys(['create_bucket']) retrieved from /opt/airflow/dags/create_bucket.py
[2023-04-28T22:38:20.280+0000] {logging_mixin.py:137} INFO - [2023-04-28T22:38:20.279+0000] {dag.py:2690} INFO - Sync 1 DAGs
[2023-04-28T22:38:20.590+0000] {logging_mixin.py:137} INFO - [2023-04-28T22:38:20.579+0000] {dag.py:3441} INFO - Setting next_dagrun for create_bucket to 2023-04-28T00:00:00+00:00, run_after=2023-04-29T00:00:00+00:00
[2023-04-28T22:38:20.996+0000] {processor.py:175} INFO - Processing /opt/airflow/dags/create_bucket.py took 8.433 seconds
[2023-04-28T22:38:52.097+0000] {processor.py:153} INFO - Started process (PID=1756) to work on /opt/airflow/dags/create_bucket.py
[2023-04-28T22:38:52.111+0000] {processor.py:743} INFO - Processing file /opt/airflow/dags/create_bucket.py for tasks to queue
[2023-04-28T22:38:52.113+0000] {logging_mixin.py:137} INFO - [2023-04-28T22:38:52.112+0000] {dagbag.py:538} INFO - Filling up the DagBag from /opt/airflow/dags/create_bucket.py
[2023-04-28T22:38:56.653+0000] {processor.py:753} INFO - DAG(s) dict_keys(['create_bucket']) retrieved from /opt/airflow/dags/create_bucket.py
[2023-04-28T22:38:56.756+0000] {logging_mixin.py:137} INFO - [2023-04-28T22:38:56.753+0000] {dag.py:2690} INFO - Sync 1 DAGs
[2023-04-28T22:38:56.932+0000] {logging_mixin.py:137} INFO - [2023-04-28T22:38:56.932+0000] {dag.py:3441} INFO - Setting next_dagrun for create_bucket to 2023-04-28T00:00:00+00:00, run_after=2023-04-29T00:00:00+00:00
[2023-04-28T22:38:57.096+0000] {processor.py:175} INFO - Processing /opt/airflow/dags/create_bucket.py took 5.017 seconds
[2023-04-28T22:39:27.688+0000] {processor.py:153} INFO - Started process (PID=1786) to work on /opt/airflow/dags/create_bucket.py
[2023-04-28T22:39:27.695+0000] {processor.py:743} INFO - Processing file /opt/airflow/dags/create_bucket.py for tasks to queue
[2023-04-28T22:39:27.697+0000] {logging_mixin.py:137} INFO - [2023-04-28T22:39:27.697+0000] {dagbag.py:538} INFO - Filling up the DagBag from /opt/airflow/dags/create_bucket.py
[2023-04-28T22:39:30.341+0000] {processor.py:753} INFO - DAG(s) dict_keys(['create_bucket']) retrieved from /opt/airflow/dags/create_bucket.py
[2023-04-28T22:39:30.416+0000] {logging_mixin.py:137} INFO - [2023-04-28T22:39:30.415+0000] {dag.py:2690} INFO - Sync 1 DAGs
[2023-04-28T22:39:30.545+0000] {logging_mixin.py:137} INFO - [2023-04-28T22:39:30.544+0000] {dag.py:3441} INFO - Setting next_dagrun for create_bucket to 2023-04-28T00:00:00+00:00, run_after=2023-04-29T00:00:00+00:00
[2023-04-28T22:39:30.609+0000] {processor.py:175} INFO - Processing /opt/airflow/dags/create_bucket.py took 2.932 seconds
