[2023-03-12T23:18:10.736+0000] {processor.py:153} INFO - Started process (PID=86) to work on /home/airflow/.local/lib/python3.7/site-packages/airflow/example_dags/example_xcom.py
[2023-03-12T23:18:10.741+0000] {processor.py:743} INFO - Processing file /home/airflow/.local/lib/python3.7/site-packages/airflow/example_dags/example_xcom.py for tasks to queue
[2023-03-12T23:18:10.743+0000] {logging_mixin.py:137} INFO - [2023-03-12T23:18:10.743+0000] {dagbag.py:538} INFO - Filling up the DagBag from /home/airflow/.local/lib/python3.7/site-packages/airflow/example_dags/example_xcom.py
[2023-03-12T23:18:10.877+0000] {processor.py:753} INFO - DAG(s) dict_keys(['example_xcom']) retrieved from /home/airflow/.local/lib/python3.7/site-packages/airflow/example_dags/example_xcom.py
[2023-03-12T23:18:11.033+0000] {logging_mixin.py:137} INFO - [2023-03-12T23:18:11.033+0000] {dag.py:2690} INFO - Sync 1 DAGs
[2023-03-12T23:18:11.179+0000] {logging_mixin.py:137} INFO - [2023-03-12T23:18:11.178+0000] {dag.py:3441} INFO - Setting next_dagrun for example_xcom to 2021-01-01T00:00:00+00:00, run_after=2021-01-01T00:00:00+00:00
[2023-03-12T23:18:11.289+0000] {processor.py:175} INFO - Processing /home/airflow/.local/lib/python3.7/site-packages/airflow/example_dags/example_xcom.py took 0.568 seconds
[2023-03-12T23:18:50.296+0000] {processor.py:153} INFO - Started process (PID=151) to work on /home/airflow/.local/lib/python3.7/site-packages/airflow/example_dags/example_xcom.py
[2023-03-12T23:18:50.301+0000] {processor.py:743} INFO - Processing file /home/airflow/.local/lib/python3.7/site-packages/airflow/example_dags/example_xcom.py for tasks to queue
[2023-03-12T23:18:50.309+0000] {logging_mixin.py:137} INFO - [2023-03-12T23:18:50.308+0000] {dagbag.py:538} INFO - Filling up the DagBag from /home/airflow/.local/lib/python3.7/site-packages/airflow/example_dags/example_xcom.py
[2023-03-12T23:18:50.419+0000] {processor.py:753} INFO - DAG(s) dict_keys(['example_xcom']) retrieved from /home/airflow/.local/lib/python3.7/site-packages/airflow/example_dags/example_xcom.py
[2023-03-12T23:18:50.584+0000] {logging_mixin.py:137} INFO - [2023-03-12T23:18:50.584+0000] {dag.py:2690} INFO - Sync 1 DAGs
[2023-03-12T23:18:50.767+0000] {logging_mixin.py:137} INFO - [2023-03-12T23:18:50.766+0000] {dag.py:3441} INFO - Setting next_dagrun for example_xcom to 2021-01-01T00:00:00+00:00, run_after=2021-01-01T00:00:00+00:00
[2023-03-12T23:18:50.907+0000] {processor.py:175} INFO - Processing /home/airflow/.local/lib/python3.7/site-packages/airflow/example_dags/example_xcom.py took 0.630 seconds
[2023-03-12T23:19:22.092+0000] {processor.py:153} INFO - Started process (PID=216) to work on /home/airflow/.local/lib/python3.7/site-packages/airflow/example_dags/example_xcom.py
[2023-03-12T23:19:22.111+0000] {processor.py:743} INFO - Processing file /home/airflow/.local/lib/python3.7/site-packages/airflow/example_dags/example_xcom.py for tasks to queue
[2023-03-12T23:19:22.113+0000] {logging_mixin.py:137} INFO - [2023-03-12T23:19:22.113+0000] {dagbag.py:538} INFO - Filling up the DagBag from /home/airflow/.local/lib/python3.7/site-packages/airflow/example_dags/example_xcom.py
[2023-03-12T23:19:22.249+0000] {processor.py:753} INFO - DAG(s) dict_keys(['example_xcom']) retrieved from /home/airflow/.local/lib/python3.7/site-packages/airflow/example_dags/example_xcom.py
[2023-03-12T23:19:22.390+0000] {logging_mixin.py:137} INFO - [2023-03-12T23:19:22.389+0000] {dag.py:2690} INFO - Sync 1 DAGs
[2023-03-12T23:19:22.527+0000] {logging_mixin.py:137} INFO - [2023-03-12T23:19:22.523+0000] {dag.py:3441} INFO - Setting next_dagrun for example_xcom to 2021-01-01T00:00:00+00:00, run_after=2021-01-01T00:00:00+00:00
[2023-03-12T23:19:22.650+0000] {processor.py:175} INFO - Processing /home/airflow/.local/lib/python3.7/site-packages/airflow/example_dags/example_xcom.py took 0.579 seconds
[2023-03-12T23:19:53.167+0000] {processor.py:153} INFO - Started process (PID=280) to work on /home/airflow/.local/lib/python3.7/site-packages/airflow/example_dags/example_xcom.py
[2023-03-12T23:19:53.170+0000] {processor.py:743} INFO - Processing file /home/airflow/.local/lib/python3.7/site-packages/airflow/example_dags/example_xcom.py for tasks to queue
[2023-03-12T23:19:53.253+0000] {logging_mixin.py:137} INFO - [2023-03-12T23:19:53.253+0000] {dagbag.py:538} INFO - Filling up the DagBag from /home/airflow/.local/lib/python3.7/site-packages/airflow/example_dags/example_xcom.py
[2023-03-12T23:19:53.312+0000] {processor.py:753} INFO - DAG(s) dict_keys(['example_xcom']) retrieved from /home/airflow/.local/lib/python3.7/site-packages/airflow/example_dags/example_xcom.py
[2023-03-12T23:19:53.736+0000] {logging_mixin.py:137} INFO - [2023-03-12T23:19:53.736+0000] {dag.py:2690} INFO - Sync 1 DAGs
[2023-03-12T23:19:53.860+0000] {logging_mixin.py:137} INFO - [2023-03-12T23:19:53.860+0000] {dag.py:3441} INFO - Setting next_dagrun for example_xcom to 2021-01-01T00:00:00+00:00, run_after=2021-01-01T00:00:00+00:00
[2023-03-12T23:19:53.954+0000] {processor.py:175} INFO - Processing /home/airflow/.local/lib/python3.7/site-packages/airflow/example_dags/example_xcom.py took 0.794 seconds
[2023-03-12T23:20:24.503+0000] {processor.py:153} INFO - Started process (PID=352) to work on /home/airflow/.local/lib/python3.7/site-packages/airflow/example_dags/example_xcom.py
[2023-03-12T23:20:24.511+0000] {processor.py:743} INFO - Processing file /home/airflow/.local/lib/python3.7/site-packages/airflow/example_dags/example_xcom.py for tasks to queue
[2023-03-12T23:20:24.518+0000] {logging_mixin.py:137} INFO - [2023-03-12T23:20:24.517+0000] {dagbag.py:538} INFO - Filling up the DagBag from /home/airflow/.local/lib/python3.7/site-packages/airflow/example_dags/example_xcom.py
[2023-03-12T23:20:24.633+0000] {processor.py:753} INFO - DAG(s) dict_keys(['example_xcom']) retrieved from /home/airflow/.local/lib/python3.7/site-packages/airflow/example_dags/example_xcom.py
[2023-03-12T23:20:24.723+0000] {logging_mixin.py:137} INFO - [2023-03-12T23:20:24.723+0000] {dag.py:2690} INFO - Sync 1 DAGs
[2023-03-12T23:20:24.839+0000] {logging_mixin.py:137} INFO - [2023-03-12T23:20:24.839+0000] {dag.py:3441} INFO - Setting next_dagrun for example_xcom to 2021-01-01T00:00:00+00:00, run_after=2021-01-01T00:00:00+00:00
[2023-03-12T23:20:24.918+0000] {processor.py:175} INFO - Processing /home/airflow/.local/lib/python3.7/site-packages/airflow/example_dags/example_xcom.py took 0.422 seconds
[2023-03-12T23:20:55.397+0000] {processor.py:153} INFO - Started process (PID=408) to work on /home/airflow/.local/lib/python3.7/site-packages/airflow/example_dags/example_xcom.py
[2023-03-12T23:20:55.400+0000] {processor.py:743} INFO - Processing file /home/airflow/.local/lib/python3.7/site-packages/airflow/example_dags/example_xcom.py for tasks to queue
[2023-03-12T23:20:55.403+0000] {logging_mixin.py:137} INFO - [2023-03-12T23:20:55.402+0000] {dagbag.py:538} INFO - Filling up the DagBag from /home/airflow/.local/lib/python3.7/site-packages/airflow/example_dags/example_xcom.py
[2023-03-12T23:20:55.503+0000] {processor.py:753} INFO - DAG(s) dict_keys(['example_xcom']) retrieved from /home/airflow/.local/lib/python3.7/site-packages/airflow/example_dags/example_xcom.py
[2023-03-12T23:20:55.636+0000] {logging_mixin.py:137} INFO - [2023-03-12T23:20:55.635+0000] {dag.py:2690} INFO - Sync 1 DAGs
[2023-03-12T23:20:55.731+0000] {logging_mixin.py:137} INFO - [2023-03-12T23:20:55.731+0000] {dag.py:3441} INFO - Setting next_dagrun for example_xcom to 2021-01-01T00:00:00+00:00, run_after=2021-01-01T00:00:00+00:00
[2023-03-12T23:20:55.798+0000] {processor.py:175} INFO - Processing /home/airflow/.local/lib/python3.7/site-packages/airflow/example_dags/example_xcom.py took 0.417 seconds
[2023-03-12T23:21:26.312+0000] {processor.py:153} INFO - Started process (PID=479) to work on /home/airflow/.local/lib/python3.7/site-packages/airflow/example_dags/example_xcom.py
[2023-03-12T23:21:26.328+0000] {processor.py:743} INFO - Processing file /home/airflow/.local/lib/python3.7/site-packages/airflow/example_dags/example_xcom.py for tasks to queue
[2023-03-12T23:21:26.336+0000] {logging_mixin.py:137} INFO - [2023-03-12T23:21:26.335+0000] {dagbag.py:538} INFO - Filling up the DagBag from /home/airflow/.local/lib/python3.7/site-packages/airflow/example_dags/example_xcom.py
[2023-03-12T23:21:26.452+0000] {processor.py:753} INFO - DAG(s) dict_keys(['example_xcom']) retrieved from /home/airflow/.local/lib/python3.7/site-packages/airflow/example_dags/example_xcom.py
[2023-03-12T23:21:26.637+0000] {logging_mixin.py:137} INFO - [2023-03-12T23:21:26.637+0000] {dag.py:2690} INFO - Sync 1 DAGs
[2023-03-12T23:21:26.772+0000] {logging_mixin.py:137} INFO - [2023-03-12T23:21:26.772+0000] {dag.py:3441} INFO - Setting next_dagrun for example_xcom to 2021-01-01T00:00:00+00:00, run_after=2021-01-01T00:00:00+00:00
[2023-03-12T23:21:26.892+0000] {processor.py:175} INFO - Processing /home/airflow/.local/lib/python3.7/site-packages/airflow/example_dags/example_xcom.py took 0.594 seconds
[2023-03-12T23:21:57.295+0000] {processor.py:153} INFO - Started process (PID=542) to work on /home/airflow/.local/lib/python3.7/site-packages/airflow/example_dags/example_xcom.py
[2023-03-12T23:21:57.297+0000] {processor.py:743} INFO - Processing file /home/airflow/.local/lib/python3.7/site-packages/airflow/example_dags/example_xcom.py for tasks to queue
[2023-03-12T23:21:57.299+0000] {logging_mixin.py:137} INFO - [2023-03-12T23:21:57.299+0000] {dagbag.py:538} INFO - Filling up the DagBag from /home/airflow/.local/lib/python3.7/site-packages/airflow/example_dags/example_xcom.py
[2023-03-12T23:21:57.384+0000] {processor.py:753} INFO - DAG(s) dict_keys(['example_xcom']) retrieved from /home/airflow/.local/lib/python3.7/site-packages/airflow/example_dags/example_xcom.py
[2023-03-12T23:21:57.463+0000] {logging_mixin.py:137} INFO - [2023-03-12T23:21:57.463+0000] {dag.py:2690} INFO - Sync 1 DAGs
[2023-03-12T23:21:57.561+0000] {logging_mixin.py:137} INFO - [2023-03-12T23:21:57.561+0000] {dag.py:3441} INFO - Setting next_dagrun for example_xcom to 2021-01-01T00:00:00+00:00, run_after=2021-01-01T00:00:00+00:00
[2023-03-12T23:21:57.668+0000] {processor.py:175} INFO - Processing /home/airflow/.local/lib/python3.7/site-packages/airflow/example_dags/example_xcom.py took 0.381 seconds
[2023-03-12T23:22:30.312+0000] {processor.py:153} INFO - Started process (PID=607) to work on /home/airflow/.local/lib/python3.7/site-packages/airflow/example_dags/example_xcom.py
[2023-03-12T23:22:30.323+0000] {processor.py:743} INFO - Processing file /home/airflow/.local/lib/python3.7/site-packages/airflow/example_dags/example_xcom.py for tasks to queue
[2023-03-12T23:22:30.326+0000] {logging_mixin.py:137} INFO - [2023-03-12T23:22:30.325+0000] {dagbag.py:538} INFO - Filling up the DagBag from /home/airflow/.local/lib/python3.7/site-packages/airflow/example_dags/example_xcom.py
[2023-03-12T23:22:30.431+0000] {processor.py:753} INFO - DAG(s) dict_keys(['example_xcom']) retrieved from /home/airflow/.local/lib/python3.7/site-packages/airflow/example_dags/example_xcom.py
[2023-03-12T23:22:30.548+0000] {logging_mixin.py:137} INFO - [2023-03-12T23:22:30.548+0000] {dag.py:2690} INFO - Sync 1 DAGs
[2023-03-12T23:22:30.778+0000] {logging_mixin.py:137} INFO - [2023-03-12T23:22:30.777+0000] {dag.py:3441} INFO - Setting next_dagrun for example_xcom to 2021-01-01T00:00:00+00:00, run_after=2021-01-01T00:00:00+00:00
[2023-03-12T23:22:30.956+0000] {processor.py:175} INFO - Processing /home/airflow/.local/lib/python3.7/site-packages/airflow/example_dags/example_xcom.py took 0.659 seconds
[2023-03-12T23:23:01.415+0000] {processor.py:153} INFO - Started process (PID=672) to work on /home/airflow/.local/lib/python3.7/site-packages/airflow/example_dags/example_xcom.py
[2023-03-12T23:23:01.417+0000] {processor.py:743} INFO - Processing file /home/airflow/.local/lib/python3.7/site-packages/airflow/example_dags/example_xcom.py for tasks to queue
[2023-03-12T23:23:01.429+0000] {logging_mixin.py:137} INFO - [2023-03-12T23:23:01.429+0000] {dagbag.py:538} INFO - Filling up the DagBag from /home/airflow/.local/lib/python3.7/site-packages/airflow/example_dags/example_xcom.py
[2023-03-12T23:23:01.562+0000] {processor.py:753} INFO - DAG(s) dict_keys(['example_xcom']) retrieved from /home/airflow/.local/lib/python3.7/site-packages/airflow/example_dags/example_xcom.py
[2023-03-12T23:23:01.691+0000] {logging_mixin.py:137} INFO - [2023-03-12T23:23:01.690+0000] {dag.py:2690} INFO - Sync 1 DAGs
[2023-03-12T23:23:01.920+0000] {logging_mixin.py:137} INFO - [2023-03-12T23:23:01.919+0000] {dag.py:3441} INFO - Setting next_dagrun for example_xcom to 2021-01-01T00:00:00+00:00, run_after=2021-01-01T00:00:00+00:00
[2023-03-12T23:23:02.047+0000] {processor.py:175} INFO - Processing /home/airflow/.local/lib/python3.7/site-packages/airflow/example_dags/example_xcom.py took 0.651 seconds
[2023-03-12T23:23:32.817+0000] {processor.py:153} INFO - Started process (PID=736) to work on /home/airflow/.local/lib/python3.7/site-packages/airflow/example_dags/example_xcom.py
[2023-03-12T23:23:32.820+0000] {processor.py:743} INFO - Processing file /home/airflow/.local/lib/python3.7/site-packages/airflow/example_dags/example_xcom.py for tasks to queue
[2023-03-12T23:23:32.830+0000] {logging_mixin.py:137} INFO - [2023-03-12T23:23:32.830+0000] {dagbag.py:538} INFO - Filling up the DagBag from /home/airflow/.local/lib/python3.7/site-packages/airflow/example_dags/example_xcom.py
[2023-03-12T23:23:32.929+0000] {processor.py:753} INFO - DAG(s) dict_keys(['example_xcom']) retrieved from /home/airflow/.local/lib/python3.7/site-packages/airflow/example_dags/example_xcom.py
[2023-03-12T23:23:33.034+0000] {logging_mixin.py:137} INFO - [2023-03-12T23:23:33.034+0000] {dag.py:2690} INFO - Sync 1 DAGs
[2023-03-12T23:23:33.155+0000] {logging_mixin.py:137} INFO - [2023-03-12T23:23:33.155+0000] {dag.py:3441} INFO - Setting next_dagrun for example_xcom to 2021-01-01T00:00:00+00:00, run_after=2021-01-01T00:00:00+00:00
[2023-03-12T23:23:33.256+0000] {processor.py:175} INFO - Processing /home/airflow/.local/lib/python3.7/site-packages/airflow/example_dags/example_xcom.py took 0.446 seconds
[2023-03-12T23:24:03.650+0000] {processor.py:153} INFO - Started process (PID=811) to work on /home/airflow/.local/lib/python3.7/site-packages/airflow/example_dags/example_xcom.py
[2023-03-12T23:24:03.652+0000] {processor.py:743} INFO - Processing file /home/airflow/.local/lib/python3.7/site-packages/airflow/example_dags/example_xcom.py for tasks to queue
[2023-03-12T23:24:03.666+0000] {logging_mixin.py:137} INFO - [2023-03-12T23:24:03.665+0000] {dagbag.py:538} INFO - Filling up the DagBag from /home/airflow/.local/lib/python3.7/site-packages/airflow/example_dags/example_xcom.py
[2023-03-12T23:24:03.763+0000] {processor.py:753} INFO - DAG(s) dict_keys(['example_xcom']) retrieved from /home/airflow/.local/lib/python3.7/site-packages/airflow/example_dags/example_xcom.py
[2023-03-12T23:24:03.851+0000] {logging_mixin.py:137} INFO - [2023-03-12T23:24:03.851+0000] {dag.py:2690} INFO - Sync 1 DAGs
[2023-03-12T23:24:03.965+0000] {logging_mixin.py:137} INFO - [2023-03-12T23:24:03.964+0000] {dag.py:3441} INFO - Setting next_dagrun for example_xcom to 2021-01-01T00:00:00+00:00, run_after=2021-01-01T00:00:00+00:00
[2023-03-12T23:24:04.047+0000] {processor.py:175} INFO - Processing /home/airflow/.local/lib/python3.7/site-packages/airflow/example_dags/example_xcom.py took 0.413 seconds
[2023-03-12T23:24:34.992+0000] {processor.py:153} INFO - Started process (PID=870) to work on /home/airflow/.local/lib/python3.7/site-packages/airflow/example_dags/example_xcom.py
[2023-03-12T23:24:35.004+0000] {processor.py:743} INFO - Processing file /home/airflow/.local/lib/python3.7/site-packages/airflow/example_dags/example_xcom.py for tasks to queue
[2023-03-12T23:24:35.007+0000] {logging_mixin.py:137} INFO - [2023-03-12T23:24:35.006+0000] {dagbag.py:538} INFO - Filling up the DagBag from /home/airflow/.local/lib/python3.7/site-packages/airflow/example_dags/example_xcom.py
[2023-03-12T23:24:35.108+0000] {processor.py:753} INFO - DAG(s) dict_keys(['example_xcom']) retrieved from /home/airflow/.local/lib/python3.7/site-packages/airflow/example_dags/example_xcom.py
[2023-03-12T23:24:35.234+0000] {logging_mixin.py:137} INFO - [2023-03-12T23:24:35.234+0000] {dag.py:2690} INFO - Sync 1 DAGs
[2023-03-12T23:24:35.358+0000] {logging_mixin.py:137} INFO - [2023-03-12T23:24:35.348+0000] {dag.py:3441} INFO - Setting next_dagrun for example_xcom to 2021-01-01T00:00:00+00:00, run_after=2021-01-01T00:00:00+00:00
[2023-03-12T23:24:35.449+0000] {processor.py:175} INFO - Processing /home/airflow/.local/lib/python3.7/site-packages/airflow/example_dags/example_xcom.py took 0.463 seconds
[2023-03-12T23:25:06.087+0000] {processor.py:153} INFO - Started process (PID=949) to work on /home/airflow/.local/lib/python3.7/site-packages/airflow/example_dags/example_xcom.py
[2023-03-12T23:25:06.090+0000] {processor.py:743} INFO - Processing file /home/airflow/.local/lib/python3.7/site-packages/airflow/example_dags/example_xcom.py for tasks to queue
[2023-03-12T23:25:06.093+0000] {logging_mixin.py:137} INFO - [2023-03-12T23:25:06.092+0000] {dagbag.py:538} INFO - Filling up the DagBag from /home/airflow/.local/lib/python3.7/site-packages/airflow/example_dags/example_xcom.py
[2023-03-12T23:25:06.218+0000] {processor.py:753} INFO - DAG(s) dict_keys(['example_xcom']) retrieved from /home/airflow/.local/lib/python3.7/site-packages/airflow/example_dags/example_xcom.py
[2023-03-12T23:25:06.331+0000] {logging_mixin.py:137} INFO - [2023-03-12T23:25:06.331+0000] {dag.py:2690} INFO - Sync 1 DAGs
[2023-03-12T23:25:06.427+0000] {logging_mixin.py:137} INFO - [2023-03-12T23:25:06.427+0000] {dag.py:3441} INFO - Setting next_dagrun for example_xcom to 2021-01-01T00:00:00+00:00, run_after=2021-01-01T00:00:00+00:00
[2023-03-12T23:25:06.518+0000] {processor.py:175} INFO - Processing /home/airflow/.local/lib/python3.7/site-packages/airflow/example_dags/example_xcom.py took 0.449 seconds
[2023-03-12T23:25:36.755+0000] {processor.py:153} INFO - Started process (PID=1011) to work on /home/airflow/.local/lib/python3.7/site-packages/airflow/example_dags/example_xcom.py
[2023-03-12T23:25:36.757+0000] {processor.py:743} INFO - Processing file /home/airflow/.local/lib/python3.7/site-packages/airflow/example_dags/example_xcom.py for tasks to queue
[2023-03-12T23:25:36.760+0000] {logging_mixin.py:137} INFO - [2023-03-12T23:25:36.760+0000] {dagbag.py:538} INFO - Filling up the DagBag from /home/airflow/.local/lib/python3.7/site-packages/airflow/example_dags/example_xcom.py
[2023-03-12T23:25:36.842+0000] {processor.py:753} INFO - DAG(s) dict_keys(['example_xcom']) retrieved from /home/airflow/.local/lib/python3.7/site-packages/airflow/example_dags/example_xcom.py
[2023-03-12T23:25:36.959+0000] {logging_mixin.py:137} INFO - [2023-03-12T23:25:36.958+0000] {dag.py:2690} INFO - Sync 1 DAGs
[2023-03-12T23:25:37.049+0000] {logging_mixin.py:137} INFO - [2023-03-12T23:25:37.049+0000] {dag.py:3441} INFO - Setting next_dagrun for example_xcom to 2021-01-01T00:00:00+00:00, run_after=2021-01-01T00:00:00+00:00
[2023-03-12T23:25:37.143+0000] {processor.py:175} INFO - Processing /home/airflow/.local/lib/python3.7/site-packages/airflow/example_dags/example_xcom.py took 0.394 seconds
[2023-03-12T23:26:07.601+0000] {processor.py:153} INFO - Started process (PID=1089) to work on /home/airflow/.local/lib/python3.7/site-packages/airflow/example_dags/example_xcom.py
[2023-03-12T23:26:07.608+0000] {processor.py:743} INFO - Processing file /home/airflow/.local/lib/python3.7/site-packages/airflow/example_dags/example_xcom.py for tasks to queue
[2023-03-12T23:26:07.610+0000] {logging_mixin.py:137} INFO - [2023-03-12T23:26:07.609+0000] {dagbag.py:538} INFO - Filling up the DagBag from /home/airflow/.local/lib/python3.7/site-packages/airflow/example_dags/example_xcom.py
[2023-03-12T23:26:07.707+0000] {processor.py:753} INFO - DAG(s) dict_keys(['example_xcom']) retrieved from /home/airflow/.local/lib/python3.7/site-packages/airflow/example_dags/example_xcom.py
[2023-03-12T23:26:07.823+0000] {logging_mixin.py:137} INFO - [2023-03-12T23:26:07.822+0000] {dag.py:2690} INFO - Sync 1 DAGs
[2023-03-12T23:26:07.931+0000] {logging_mixin.py:137} INFO - [2023-03-12T23:26:07.930+0000] {dag.py:3441} INFO - Setting next_dagrun for example_xcom to 2021-01-01T00:00:00+00:00, run_after=2021-01-01T00:00:00+00:00
[2023-03-12T23:26:08.042+0000] {processor.py:175} INFO - Processing /home/airflow/.local/lib/python3.7/site-packages/airflow/example_dags/example_xcom.py took 0.453 seconds
[2023-03-12T23:26:38.214+0000] {processor.py:153} INFO - Started process (PID=1153) to work on /home/airflow/.local/lib/python3.7/site-packages/airflow/example_dags/example_xcom.py
[2023-03-12T23:26:38.237+0000] {processor.py:743} INFO - Processing file /home/airflow/.local/lib/python3.7/site-packages/airflow/example_dags/example_xcom.py for tasks to queue
[2023-03-12T23:26:38.253+0000] {logging_mixin.py:137} INFO - [2023-03-12T23:26:38.253+0000] {dagbag.py:538} INFO - Filling up the DagBag from /home/airflow/.local/lib/python3.7/site-packages/airflow/example_dags/example_xcom.py
[2023-03-12T23:26:38.370+0000] {processor.py:753} INFO - DAG(s) dict_keys(['example_xcom']) retrieved from /home/airflow/.local/lib/python3.7/site-packages/airflow/example_dags/example_xcom.py
[2023-03-12T23:26:38.464+0000] {logging_mixin.py:137} INFO - [2023-03-12T23:26:38.464+0000] {dag.py:2690} INFO - Sync 1 DAGs
[2023-03-12T23:26:38.600+0000] {logging_mixin.py:137} INFO - [2023-03-12T23:26:38.599+0000] {dag.py:3441} INFO - Setting next_dagrun for example_xcom to 2021-01-01T00:00:00+00:00, run_after=2021-01-01T00:00:00+00:00
[2023-03-12T23:26:38.696+0000] {processor.py:175} INFO - Processing /home/airflow/.local/lib/python3.7/site-packages/airflow/example_dags/example_xcom.py took 0.499 seconds
[2023-03-12T23:27:10.499+0000] {processor.py:153} INFO - Started process (PID=1231) to work on /home/airflow/.local/lib/python3.7/site-packages/airflow/example_dags/example_xcom.py
[2023-03-12T23:27:10.524+0000] {processor.py:743} INFO - Processing file /home/airflow/.local/lib/python3.7/site-packages/airflow/example_dags/example_xcom.py for tasks to queue
[2023-03-12T23:27:10.543+0000] {logging_mixin.py:137} INFO - [2023-03-12T23:27:10.543+0000] {dagbag.py:538} INFO - Filling up the DagBag from /home/airflow/.local/lib/python3.7/site-packages/airflow/example_dags/example_xcom.py
[2023-03-12T23:27:10.733+0000] {processor.py:753} INFO - DAG(s) dict_keys(['example_xcom']) retrieved from /home/airflow/.local/lib/python3.7/site-packages/airflow/example_dags/example_xcom.py
[2023-03-12T23:27:10.877+0000] {logging_mixin.py:137} INFO - [2023-03-12T23:27:10.877+0000] {dag.py:2690} INFO - Sync 1 DAGs
[2023-03-12T23:27:11.058+0000] {logging_mixin.py:137} INFO - [2023-03-12T23:27:11.058+0000] {dag.py:3441} INFO - Setting next_dagrun for example_xcom to 2021-01-01T00:00:00+00:00, run_after=2021-01-01T00:00:00+00:00
[2023-03-12T23:27:11.178+0000] {processor.py:175} INFO - Processing /home/airflow/.local/lib/python3.7/site-packages/airflow/example_dags/example_xcom.py took 0.686 seconds
[2023-03-12T23:27:41.728+0000] {processor.py:153} INFO - Started process (PID=1303) to work on /home/airflow/.local/lib/python3.7/site-packages/airflow/example_dags/example_xcom.py
[2023-03-12T23:27:41.743+0000] {processor.py:743} INFO - Processing file /home/airflow/.local/lib/python3.7/site-packages/airflow/example_dags/example_xcom.py for tasks to queue
[2023-03-12T23:27:41.758+0000] {logging_mixin.py:137} INFO - [2023-03-12T23:27:41.758+0000] {dagbag.py:538} INFO - Filling up the DagBag from /home/airflow/.local/lib/python3.7/site-packages/airflow/example_dags/example_xcom.py
[2023-03-12T23:27:41.884+0000] {processor.py:753} INFO - DAG(s) dict_keys(['example_xcom']) retrieved from /home/airflow/.local/lib/python3.7/site-packages/airflow/example_dags/example_xcom.py
[2023-03-12T23:27:42.022+0000] {logging_mixin.py:137} INFO - [2023-03-12T23:27:42.022+0000] {dag.py:2690} INFO - Sync 1 DAGs
[2023-03-12T23:27:42.129+0000] {logging_mixin.py:137} INFO - [2023-03-12T23:27:42.129+0000] {dag.py:3441} INFO - Setting next_dagrun for example_xcom to 2021-01-01T00:00:00+00:00, run_after=2021-01-01T00:00:00+00:00
[2023-03-12T23:27:42.257+0000] {processor.py:175} INFO - Processing /home/airflow/.local/lib/python3.7/site-packages/airflow/example_dags/example_xcom.py took 0.536 seconds
[2023-03-12T23:28:12.580+0000] {processor.py:153} INFO - Started process (PID=1367) to work on /home/airflow/.local/lib/python3.7/site-packages/airflow/example_dags/example_xcom.py
[2023-03-12T23:28:12.581+0000] {processor.py:743} INFO - Processing file /home/airflow/.local/lib/python3.7/site-packages/airflow/example_dags/example_xcom.py for tasks to queue
[2023-03-12T23:28:12.583+0000] {logging_mixin.py:137} INFO - [2023-03-12T23:28:12.582+0000] {dagbag.py:538} INFO - Filling up the DagBag from /home/airflow/.local/lib/python3.7/site-packages/airflow/example_dags/example_xcom.py
[2023-03-12T23:28:12.614+0000] {processor.py:753} INFO - DAG(s) dict_keys(['example_xcom']) retrieved from /home/airflow/.local/lib/python3.7/site-packages/airflow/example_dags/example_xcom.py
[2023-03-12T23:28:12.658+0000] {logging_mixin.py:137} INFO - [2023-03-12T23:28:12.658+0000] {dag.py:2690} INFO - Sync 1 DAGs
[2023-03-12T23:28:12.733+0000] {logging_mixin.py:137} INFO - [2023-03-12T23:28:12.732+0000] {dag.py:3441} INFO - Setting next_dagrun for example_xcom to 2021-01-01T00:00:00+00:00, run_after=2021-01-01T00:00:00+00:00
[2023-03-12T23:28:12.762+0000] {processor.py:175} INFO - Processing /home/airflow/.local/lib/python3.7/site-packages/airflow/example_dags/example_xcom.py took 0.187 seconds
[2023-03-12T23:28:44.200+0000] {processor.py:153} INFO - Started process (PID=1437) to work on /home/airflow/.local/lib/python3.7/site-packages/airflow/example_dags/example_xcom.py
[2023-03-12T23:28:44.207+0000] {processor.py:743} INFO - Processing file /home/airflow/.local/lib/python3.7/site-packages/airflow/example_dags/example_xcom.py for tasks to queue
[2023-03-12T23:28:44.210+0000] {logging_mixin.py:137} INFO - [2023-03-12T23:28:44.210+0000] {dagbag.py:538} INFO - Filling up the DagBag from /home/airflow/.local/lib/python3.7/site-packages/airflow/example_dags/example_xcom.py
[2023-03-12T23:28:44.269+0000] {processor.py:753} INFO - DAG(s) dict_keys(['example_xcom']) retrieved from /home/airflow/.local/lib/python3.7/site-packages/airflow/example_dags/example_xcom.py
[2023-03-12T23:28:44.358+0000] {logging_mixin.py:137} INFO - [2023-03-12T23:28:44.357+0000] {dag.py:2690} INFO - Sync 1 DAGs
[2023-03-12T23:28:44.455+0000] {logging_mixin.py:137} INFO - [2023-03-12T23:28:44.454+0000] {dag.py:3441} INFO - Setting next_dagrun for example_xcom to 2021-01-01T00:00:00+00:00, run_after=2021-01-01T00:00:00+00:00
[2023-03-12T23:28:44.630+0000] {processor.py:175} INFO - Processing /home/airflow/.local/lib/python3.7/site-packages/airflow/example_dags/example_xcom.py took 0.440 seconds
[2023-03-12T23:29:14.971+0000] {processor.py:153} INFO - Started process (PID=1505) to work on /home/airflow/.local/lib/python3.7/site-packages/airflow/example_dags/example_xcom.py
[2023-03-12T23:29:14.973+0000] {processor.py:743} INFO - Processing file /home/airflow/.local/lib/python3.7/site-packages/airflow/example_dags/example_xcom.py for tasks to queue
[2023-03-12T23:29:14.977+0000] {logging_mixin.py:137} INFO - [2023-03-12T23:29:14.976+0000] {dagbag.py:538} INFO - Filling up the DagBag from /home/airflow/.local/lib/python3.7/site-packages/airflow/example_dags/example_xcom.py
[2023-03-12T23:29:15.073+0000] {processor.py:753} INFO - DAG(s) dict_keys(['example_xcom']) retrieved from /home/airflow/.local/lib/python3.7/site-packages/airflow/example_dags/example_xcom.py
[2023-03-12T23:29:15.561+0000] {logging_mixin.py:137} INFO - [2023-03-12T23:29:15.542+0000] {dag.py:2690} INFO - Sync 1 DAGs
[2023-03-12T23:29:15.739+0000] {logging_mixin.py:137} INFO - [2023-03-12T23:29:15.739+0000] {dag.py:3441} INFO - Setting next_dagrun for example_xcom to 2021-01-01T00:00:00+00:00, run_after=2021-01-01T00:00:00+00:00
[2023-03-12T23:29:15.843+0000] {processor.py:175} INFO - Processing /home/airflow/.local/lib/python3.7/site-packages/airflow/example_dags/example_xcom.py took 0.879 seconds
[2023-03-12T23:29:47.959+0000] {processor.py:153} INFO - Started process (PID=1581) to work on /home/airflow/.local/lib/python3.7/site-packages/airflow/example_dags/example_xcom.py
[2023-03-12T23:29:47.966+0000] {processor.py:743} INFO - Processing file /home/airflow/.local/lib/python3.7/site-packages/airflow/example_dags/example_xcom.py for tasks to queue
[2023-03-12T23:29:47.983+0000] {logging_mixin.py:137} INFO - [2023-03-12T23:29:47.983+0000] {dagbag.py:538} INFO - Filling up the DagBag from /home/airflow/.local/lib/python3.7/site-packages/airflow/example_dags/example_xcom.py
[2023-03-12T23:29:48.217+0000] {processor.py:753} INFO - DAG(s) dict_keys(['example_xcom']) retrieved from /home/airflow/.local/lib/python3.7/site-packages/airflow/example_dags/example_xcom.py
[2023-03-12T23:29:48.379+0000] {logging_mixin.py:137} INFO - [2023-03-12T23:29:48.379+0000] {dag.py:2690} INFO - Sync 1 DAGs
[2023-03-12T23:29:48.501+0000] {logging_mixin.py:137} INFO - [2023-03-12T23:29:48.500+0000] {dag.py:3441} INFO - Setting next_dagrun for example_xcom to 2021-01-01T00:00:00+00:00, run_after=2021-01-01T00:00:00+00:00
[2023-03-12T23:29:48.609+0000] {processor.py:175} INFO - Processing /home/airflow/.local/lib/python3.7/site-packages/airflow/example_dags/example_xcom.py took 0.658 seconds
[2023-03-12T23:30:19.233+0000] {processor.py:153} INFO - Started process (PID=1643) to work on /home/airflow/.local/lib/python3.7/site-packages/airflow/example_dags/example_xcom.py
[2023-03-12T23:30:19.235+0000] {processor.py:743} INFO - Processing file /home/airflow/.local/lib/python3.7/site-packages/airflow/example_dags/example_xcom.py for tasks to queue
[2023-03-12T23:30:19.237+0000] {logging_mixin.py:137} INFO - [2023-03-12T23:30:19.237+0000] {dagbag.py:538} INFO - Filling up the DagBag from /home/airflow/.local/lib/python3.7/site-packages/airflow/example_dags/example_xcom.py
[2023-03-12T23:30:19.409+0000] {processor.py:753} INFO - DAG(s) dict_keys(['example_xcom']) retrieved from /home/airflow/.local/lib/python3.7/site-packages/airflow/example_dags/example_xcom.py
[2023-03-12T23:30:19.532+0000] {logging_mixin.py:137} INFO - [2023-03-12T23:30:19.531+0000] {dag.py:2690} INFO - Sync 1 DAGs
[2023-03-12T23:30:19.664+0000] {logging_mixin.py:137} INFO - [2023-03-12T23:30:19.664+0000] {dag.py:3441} INFO - Setting next_dagrun for example_xcom to 2021-01-01T00:00:00+00:00, run_after=2021-01-01T00:00:00+00:00
[2023-03-12T23:30:19.773+0000] {processor.py:175} INFO - Processing /home/airflow/.local/lib/python3.7/site-packages/airflow/example_dags/example_xcom.py took 0.557 seconds
[2023-03-12T23:30:50.003+0000] {processor.py:153} INFO - Started process (PID=1715) to work on /home/airflow/.local/lib/python3.7/site-packages/airflow/example_dags/example_xcom.py
[2023-03-12T23:30:50.016+0000] {processor.py:743} INFO - Processing file /home/airflow/.local/lib/python3.7/site-packages/airflow/example_dags/example_xcom.py for tasks to queue
[2023-03-12T23:30:50.018+0000] {logging_mixin.py:137} INFO - [2023-03-12T23:30:50.017+0000] {dagbag.py:538} INFO - Filling up the DagBag from /home/airflow/.local/lib/python3.7/site-packages/airflow/example_dags/example_xcom.py
[2023-03-12T23:30:50.124+0000] {processor.py:753} INFO - DAG(s) dict_keys(['example_xcom']) retrieved from /home/airflow/.local/lib/python3.7/site-packages/airflow/example_dags/example_xcom.py
[2023-03-12T23:30:50.227+0000] {logging_mixin.py:137} INFO - [2023-03-12T23:30:50.226+0000] {dag.py:2690} INFO - Sync 1 DAGs
[2023-03-12T23:30:50.344+0000] {logging_mixin.py:137} INFO - [2023-03-12T23:30:50.344+0000] {dag.py:3441} INFO - Setting next_dagrun for example_xcom to 2021-01-01T00:00:00+00:00, run_after=2021-01-01T00:00:00+00:00
[2023-03-12T23:30:50.424+0000] {processor.py:175} INFO - Processing /home/airflow/.local/lib/python3.7/site-packages/airflow/example_dags/example_xcom.py took 0.428 seconds
[2023-03-12T23:31:21.395+0000] {processor.py:153} INFO - Started process (PID=1782) to work on /home/airflow/.local/lib/python3.7/site-packages/airflow/example_dags/example_xcom.py
[2023-03-12T23:31:21.399+0000] {processor.py:743} INFO - Processing file /home/airflow/.local/lib/python3.7/site-packages/airflow/example_dags/example_xcom.py for tasks to queue
[2023-03-12T23:31:21.401+0000] {logging_mixin.py:137} INFO - [2023-03-12T23:31:21.400+0000] {dagbag.py:538} INFO - Filling up the DagBag from /home/airflow/.local/lib/python3.7/site-packages/airflow/example_dags/example_xcom.py
[2023-03-12T23:31:21.488+0000] {processor.py:753} INFO - DAG(s) dict_keys(['example_xcom']) retrieved from /home/airflow/.local/lib/python3.7/site-packages/airflow/example_dags/example_xcom.py
[2023-03-12T23:31:21.659+0000] {logging_mixin.py:137} INFO - [2023-03-12T23:31:21.659+0000] {dag.py:2690} INFO - Sync 1 DAGs
[2023-03-12T23:31:21.823+0000] {logging_mixin.py:137} INFO - [2023-03-12T23:31:21.823+0000] {dag.py:3441} INFO - Setting next_dagrun for example_xcom to 2021-01-01T00:00:00+00:00, run_after=2021-01-01T00:00:00+00:00
[2023-03-12T23:31:21.947+0000] {processor.py:175} INFO - Processing /home/airflow/.local/lib/python3.7/site-packages/airflow/example_dags/example_xcom.py took 0.571 seconds
[2023-03-12T23:31:52.629+0000] {processor.py:153} INFO - Started process (PID=1849) to work on /home/airflow/.local/lib/python3.7/site-packages/airflow/example_dags/example_xcom.py
[2023-03-12T23:31:52.631+0000] {processor.py:743} INFO - Processing file /home/airflow/.local/lib/python3.7/site-packages/airflow/example_dags/example_xcom.py for tasks to queue
[2023-03-12T23:31:52.633+0000] {logging_mixin.py:137} INFO - [2023-03-12T23:31:52.632+0000] {dagbag.py:538} INFO - Filling up the DagBag from /home/airflow/.local/lib/python3.7/site-packages/airflow/example_dags/example_xcom.py
[2023-03-12T23:31:52.733+0000] {processor.py:753} INFO - DAG(s) dict_keys(['example_xcom']) retrieved from /home/airflow/.local/lib/python3.7/site-packages/airflow/example_dags/example_xcom.py
[2023-03-12T23:31:52.894+0000] {logging_mixin.py:137} INFO - [2023-03-12T23:31:52.894+0000] {dag.py:2690} INFO - Sync 1 DAGs
[2023-03-12T23:31:53.043+0000] {logging_mixin.py:137} INFO - [2023-03-12T23:31:53.043+0000] {dag.py:3441} INFO - Setting next_dagrun for example_xcom to 2021-01-01T00:00:00+00:00, run_after=2021-01-01T00:00:00+00:00
[2023-03-12T23:31:53.171+0000] {processor.py:175} INFO - Processing /home/airflow/.local/lib/python3.7/site-packages/airflow/example_dags/example_xcom.py took 0.548 seconds
[2023-03-12T23:32:23.583+0000] {processor.py:153} INFO - Started process (PID=1919) to work on /home/airflow/.local/lib/python3.7/site-packages/airflow/example_dags/example_xcom.py
[2023-03-12T23:32:23.600+0000] {processor.py:743} INFO - Processing file /home/airflow/.local/lib/python3.7/site-packages/airflow/example_dags/example_xcom.py for tasks to queue
[2023-03-12T23:32:23.616+0000] {logging_mixin.py:137} INFO - [2023-03-12T23:32:23.615+0000] {dagbag.py:538} INFO - Filling up the DagBag from /home/airflow/.local/lib/python3.7/site-packages/airflow/example_dags/example_xcom.py
[2023-03-12T23:32:23.765+0000] {processor.py:753} INFO - DAG(s) dict_keys(['example_xcom']) retrieved from /home/airflow/.local/lib/python3.7/site-packages/airflow/example_dags/example_xcom.py
[2023-03-12T23:32:23.882+0000] {logging_mixin.py:137} INFO - [2023-03-12T23:32:23.881+0000] {dag.py:2690} INFO - Sync 1 DAGs
[2023-03-12T23:32:24.090+0000] {logging_mixin.py:137} INFO - [2023-03-12T23:32:24.090+0000] {dag.py:3441} INFO - Setting next_dagrun for example_xcom to 2021-01-01T00:00:00+00:00, run_after=2021-01-01T00:00:00+00:00
[2023-03-12T23:32:24.218+0000] {processor.py:175} INFO - Processing /home/airflow/.local/lib/python3.7/site-packages/airflow/example_dags/example_xcom.py took 0.654 seconds
[2023-03-12T23:32:54.352+0000] {processor.py:153} INFO - Started process (PID=1984) to work on /home/airflow/.local/lib/python3.7/site-packages/airflow/example_dags/example_xcom.py
[2023-03-12T23:32:54.355+0000] {processor.py:743} INFO - Processing file /home/airflow/.local/lib/python3.7/site-packages/airflow/example_dags/example_xcom.py for tasks to queue
[2023-03-12T23:32:54.361+0000] {logging_mixin.py:137} INFO - [2023-03-12T23:32:54.361+0000] {dagbag.py:538} INFO - Filling up the DagBag from /home/airflow/.local/lib/python3.7/site-packages/airflow/example_dags/example_xcom.py
[2023-03-12T23:32:54.411+0000] {processor.py:753} INFO - DAG(s) dict_keys(['example_xcom']) retrieved from /home/airflow/.local/lib/python3.7/site-packages/airflow/example_dags/example_xcom.py
[2023-03-12T23:32:54.470+0000] {logging_mixin.py:137} INFO - [2023-03-12T23:32:54.470+0000] {dag.py:2690} INFO - Sync 1 DAGs
[2023-03-12T23:32:54.533+0000] {logging_mixin.py:137} INFO - [2023-03-12T23:32:54.532+0000] {dag.py:3441} INFO - Setting next_dagrun for example_xcom to 2021-01-01T00:00:00+00:00, run_after=2021-01-01T00:00:00+00:00
[2023-03-12T23:32:54.592+0000] {processor.py:175} INFO - Processing /home/airflow/.local/lib/python3.7/site-packages/airflow/example_dags/example_xcom.py took 0.248 seconds
[2023-03-12T23:33:25.217+0000] {processor.py:153} INFO - Started process (PID=2056) to work on /home/airflow/.local/lib/python3.7/site-packages/airflow/example_dags/example_xcom.py
[2023-03-12T23:33:25.254+0000] {processor.py:743} INFO - Processing file /home/airflow/.local/lib/python3.7/site-packages/airflow/example_dags/example_xcom.py for tasks to queue
[2023-03-12T23:33:25.286+0000] {logging_mixin.py:137} INFO - [2023-03-12T23:33:25.286+0000] {dagbag.py:538} INFO - Filling up the DagBag from /home/airflow/.local/lib/python3.7/site-packages/airflow/example_dags/example_xcom.py
[2023-03-12T23:33:25.439+0000] {processor.py:753} INFO - DAG(s) dict_keys(['example_xcom']) retrieved from /home/airflow/.local/lib/python3.7/site-packages/airflow/example_dags/example_xcom.py
[2023-03-12T23:33:25.539+0000] {logging_mixin.py:137} INFO - [2023-03-12T23:33:25.539+0000] {dag.py:2690} INFO - Sync 1 DAGs
[2023-03-12T23:33:25.647+0000] {logging_mixin.py:137} INFO - [2023-03-12T23:33:25.647+0000] {dag.py:3441} INFO - Setting next_dagrun for example_xcom to 2021-01-01T00:00:00+00:00, run_after=2021-01-01T00:00:00+00:00
[2023-03-12T23:33:25.708+0000] {processor.py:175} INFO - Processing /home/airflow/.local/lib/python3.7/site-packages/airflow/example_dags/example_xcom.py took 0.505 seconds
[2023-03-12T23:33:56.218+0000] {processor.py:153} INFO - Started process (PID=2121) to work on /home/airflow/.local/lib/python3.7/site-packages/airflow/example_dags/example_xcom.py
[2023-03-12T23:33:56.223+0000] {processor.py:743} INFO - Processing file /home/airflow/.local/lib/python3.7/site-packages/airflow/example_dags/example_xcom.py for tasks to queue
[2023-03-12T23:33:56.226+0000] {logging_mixin.py:137} INFO - [2023-03-12T23:33:56.225+0000] {dagbag.py:538} INFO - Filling up the DagBag from /home/airflow/.local/lib/python3.7/site-packages/airflow/example_dags/example_xcom.py
[2023-03-12T23:33:56.279+0000] {processor.py:753} INFO - DAG(s) dict_keys(['example_xcom']) retrieved from /home/airflow/.local/lib/python3.7/site-packages/airflow/example_dags/example_xcom.py
[2023-03-12T23:33:56.335+0000] {logging_mixin.py:137} INFO - [2023-03-12T23:33:56.335+0000] {dag.py:2690} INFO - Sync 1 DAGs
[2023-03-12T23:33:56.390+0000] {logging_mixin.py:137} INFO - [2023-03-12T23:33:56.390+0000] {dag.py:3441} INFO - Setting next_dagrun for example_xcom to 2021-01-01T00:00:00+00:00, run_after=2021-01-01T00:00:00+00:00
[2023-03-12T23:33:56.431+0000] {processor.py:175} INFO - Processing /home/airflow/.local/lib/python3.7/site-packages/airflow/example_dags/example_xcom.py took 0.230 seconds
[2023-03-12T23:34:26.846+0000] {processor.py:153} INFO - Started process (PID=2194) to work on /home/airflow/.local/lib/python3.7/site-packages/airflow/example_dags/example_xcom.py
[2023-03-12T23:34:26.855+0000] {processor.py:743} INFO - Processing file /home/airflow/.local/lib/python3.7/site-packages/airflow/example_dags/example_xcom.py for tasks to queue
[2023-03-12T23:34:26.858+0000] {logging_mixin.py:137} INFO - [2023-03-12T23:34:26.857+0000] {dagbag.py:538} INFO - Filling up the DagBag from /home/airflow/.local/lib/python3.7/site-packages/airflow/example_dags/example_xcom.py
[2023-03-12T23:34:26.907+0000] {processor.py:753} INFO - DAG(s) dict_keys(['example_xcom']) retrieved from /home/airflow/.local/lib/python3.7/site-packages/airflow/example_dags/example_xcom.py
[2023-03-12T23:34:26.971+0000] {logging_mixin.py:137} INFO - [2023-03-12T23:34:26.971+0000] {dag.py:2690} INFO - Sync 1 DAGs
[2023-03-12T23:34:27.024+0000] {logging_mixin.py:137} INFO - [2023-03-12T23:34:27.024+0000] {dag.py:3441} INFO - Setting next_dagrun for example_xcom to 2021-01-01T00:00:00+00:00, run_after=2021-01-01T00:00:00+00:00
[2023-03-12T23:34:27.078+0000] {processor.py:175} INFO - Processing /home/airflow/.local/lib/python3.7/site-packages/airflow/example_dags/example_xcom.py took 0.239 seconds
[2023-03-12T23:34:57.356+0000] {processor.py:153} INFO - Started process (PID=2264) to work on /home/airflow/.local/lib/python3.7/site-packages/airflow/example_dags/example_xcom.py
[2023-03-12T23:34:57.363+0000] {processor.py:743} INFO - Processing file /home/airflow/.local/lib/python3.7/site-packages/airflow/example_dags/example_xcom.py for tasks to queue
[2023-03-12T23:34:57.365+0000] {logging_mixin.py:137} INFO - [2023-03-12T23:34:57.365+0000] {dagbag.py:538} INFO - Filling up the DagBag from /home/airflow/.local/lib/python3.7/site-packages/airflow/example_dags/example_xcom.py
[2023-03-12T23:34:57.422+0000] {processor.py:753} INFO - DAG(s) dict_keys(['example_xcom']) retrieved from /home/airflow/.local/lib/python3.7/site-packages/airflow/example_dags/example_xcom.py
[2023-03-12T23:34:57.489+0000] {logging_mixin.py:137} INFO - [2023-03-12T23:34:57.489+0000] {dag.py:2690} INFO - Sync 1 DAGs
[2023-03-12T23:34:57.560+0000] {logging_mixin.py:137} INFO - [2023-03-12T23:34:57.558+0000] {dag.py:3441} INFO - Setting next_dagrun for example_xcom to 2021-01-01T00:00:00+00:00, run_after=2021-01-01T00:00:00+00:00
[2023-03-12T23:34:57.611+0000] {processor.py:175} INFO - Processing /home/airflow/.local/lib/python3.7/site-packages/airflow/example_dags/example_xcom.py took 0.262 seconds
[2023-03-12T23:35:27.810+0000] {processor.py:153} INFO - Started process (PID=2341) to work on /home/airflow/.local/lib/python3.7/site-packages/airflow/example_dags/example_xcom.py
[2023-03-12T23:35:27.812+0000] {processor.py:743} INFO - Processing file /home/airflow/.local/lib/python3.7/site-packages/airflow/example_dags/example_xcom.py for tasks to queue
[2023-03-12T23:35:27.814+0000] {logging_mixin.py:137} INFO - [2023-03-12T23:35:27.814+0000] {dagbag.py:538} INFO - Filling up the DagBag from /home/airflow/.local/lib/python3.7/site-packages/airflow/example_dags/example_xcom.py
[2023-03-12T23:35:27.869+0000] {processor.py:753} INFO - DAG(s) dict_keys(['example_xcom']) retrieved from /home/airflow/.local/lib/python3.7/site-packages/airflow/example_dags/example_xcom.py
[2023-03-12T23:35:28.350+0000] {logging_mixin.py:137} INFO - [2023-03-12T23:35:28.350+0000] {dag.py:2690} INFO - Sync 1 DAGs
[2023-03-12T23:35:28.432+0000] {logging_mixin.py:137} INFO - [2023-03-12T23:35:28.432+0000] {dag.py:3441} INFO - Setting next_dagrun for example_xcom to 2021-01-01T00:00:00+00:00, run_after=2021-01-01T00:00:00+00:00
[2023-03-12T23:35:28.480+0000] {processor.py:175} INFO - Processing /home/airflow/.local/lib/python3.7/site-packages/airflow/example_dags/example_xcom.py took 0.689 seconds
[2023-03-12T23:35:58.803+0000] {processor.py:153} INFO - Started process (PID=2414) to work on /home/airflow/.local/lib/python3.7/site-packages/airflow/example_dags/example_xcom.py
[2023-03-12T23:35:58.806+0000] {processor.py:743} INFO - Processing file /home/airflow/.local/lib/python3.7/site-packages/airflow/example_dags/example_xcom.py for tasks to queue
[2023-03-12T23:35:58.808+0000] {logging_mixin.py:137} INFO - [2023-03-12T23:35:58.807+0000] {dagbag.py:538} INFO - Filling up the DagBag from /home/airflow/.local/lib/python3.7/site-packages/airflow/example_dags/example_xcom.py
[2023-03-12T23:35:58.860+0000] {processor.py:753} INFO - DAG(s) dict_keys(['example_xcom']) retrieved from /home/airflow/.local/lib/python3.7/site-packages/airflow/example_dags/example_xcom.py
[2023-03-12T23:35:58.915+0000] {logging_mixin.py:137} INFO - [2023-03-12T23:35:58.914+0000] {dag.py:2690} INFO - Sync 1 DAGs
[2023-03-12T23:35:58.962+0000] {logging_mixin.py:137} INFO - [2023-03-12T23:35:58.962+0000] {dag.py:3441} INFO - Setting next_dagrun for example_xcom to 2021-01-01T00:00:00+00:00, run_after=2021-01-01T00:00:00+00:00
[2023-03-12T23:35:59.002+0000] {processor.py:175} INFO - Processing /home/airflow/.local/lib/python3.7/site-packages/airflow/example_dags/example_xcom.py took 0.205 seconds
[2023-03-12T23:36:29.543+0000] {processor.py:153} INFO - Started process (PID=2471) to work on /home/airflow/.local/lib/python3.7/site-packages/airflow/example_dags/example_xcom.py
[2023-03-12T23:36:29.545+0000] {processor.py:743} INFO - Processing file /home/airflow/.local/lib/python3.7/site-packages/airflow/example_dags/example_xcom.py for tasks to queue
[2023-03-12T23:36:29.547+0000] {logging_mixin.py:137} INFO - [2023-03-12T23:36:29.547+0000] {dagbag.py:538} INFO - Filling up the DagBag from /home/airflow/.local/lib/python3.7/site-packages/airflow/example_dags/example_xcom.py
[2023-03-12T23:36:29.596+0000] {processor.py:753} INFO - DAG(s) dict_keys(['example_xcom']) retrieved from /home/airflow/.local/lib/python3.7/site-packages/airflow/example_dags/example_xcom.py
[2023-03-12T23:36:29.635+0000] {logging_mixin.py:137} INFO - [2023-03-12T23:36:29.635+0000] {dag.py:2690} INFO - Sync 1 DAGs
[2023-03-12T23:36:29.676+0000] {logging_mixin.py:137} INFO - [2023-03-12T23:36:29.676+0000] {dag.py:3441} INFO - Setting next_dagrun for example_xcom to 2021-01-01T00:00:00+00:00, run_after=2021-01-01T00:00:00+00:00
[2023-03-12T23:36:29.710+0000] {processor.py:175} INFO - Processing /home/airflow/.local/lib/python3.7/site-packages/airflow/example_dags/example_xcom.py took 0.172 seconds
[2023-03-12T23:37:00.816+0000] {processor.py:153} INFO - Started process (PID=2546) to work on /home/airflow/.local/lib/python3.7/site-packages/airflow/example_dags/example_xcom.py
[2023-03-12T23:37:00.829+0000] {processor.py:743} INFO - Processing file /home/airflow/.local/lib/python3.7/site-packages/airflow/example_dags/example_xcom.py for tasks to queue
[2023-03-12T23:37:00.836+0000] {logging_mixin.py:137} INFO - [2023-03-12T23:37:00.836+0000] {dagbag.py:538} INFO - Filling up the DagBag from /home/airflow/.local/lib/python3.7/site-packages/airflow/example_dags/example_xcom.py
[2023-03-12T23:37:00.924+0000] {processor.py:753} INFO - DAG(s) dict_keys(['example_xcom']) retrieved from /home/airflow/.local/lib/python3.7/site-packages/airflow/example_dags/example_xcom.py
[2023-03-12T23:37:01.002+0000] {logging_mixin.py:137} INFO - [2023-03-12T23:37:01.002+0000] {dag.py:2690} INFO - Sync 1 DAGs
[2023-03-12T23:37:01.063+0000] {logging_mixin.py:137} INFO - [2023-03-12T23:37:01.063+0000] {dag.py:3441} INFO - Setting next_dagrun for example_xcom to 2021-01-01T00:00:00+00:00, run_after=2021-01-01T00:00:00+00:00
[2023-03-12T23:37:01.110+0000] {processor.py:175} INFO - Processing /home/airflow/.local/lib/python3.7/site-packages/airflow/example_dags/example_xcom.py took 0.301 seconds
[2023-03-12T23:37:31.321+0000] {processor.py:153} INFO - Started process (PID=2618) to work on /home/airflow/.local/lib/python3.7/site-packages/airflow/example_dags/example_xcom.py
[2023-03-12T23:37:31.324+0000] {processor.py:743} INFO - Processing file /home/airflow/.local/lib/python3.7/site-packages/airflow/example_dags/example_xcom.py for tasks to queue
[2023-03-12T23:37:31.327+0000] {logging_mixin.py:137} INFO - [2023-03-12T23:37:31.326+0000] {dagbag.py:538} INFO - Filling up the DagBag from /home/airflow/.local/lib/python3.7/site-packages/airflow/example_dags/example_xcom.py
[2023-03-12T23:37:31.437+0000] {processor.py:753} INFO - DAG(s) dict_keys(['example_xcom']) retrieved from /home/airflow/.local/lib/python3.7/site-packages/airflow/example_dags/example_xcom.py
[2023-03-12T23:37:31.570+0000] {logging_mixin.py:137} INFO - [2023-03-12T23:37:31.569+0000] {dag.py:2690} INFO - Sync 1 DAGs
[2023-03-12T23:37:31.720+0000] {logging_mixin.py:137} INFO - [2023-03-12T23:37:31.720+0000] {dag.py:3441} INFO - Setting next_dagrun for example_xcom to 2021-01-01T00:00:00+00:00, run_after=2021-01-01T00:00:00+00:00
[2023-03-12T23:37:31.823+0000] {processor.py:175} INFO - Processing /home/airflow/.local/lib/python3.7/site-packages/airflow/example_dags/example_xcom.py took 0.519 seconds
[2023-03-12T23:38:02.622+0000] {processor.py:153} INFO - Started process (PID=2690) to work on /home/airflow/.local/lib/python3.7/site-packages/airflow/example_dags/example_xcom.py
[2023-03-12T23:38:02.651+0000] {processor.py:743} INFO - Processing file /home/airflow/.local/lib/python3.7/site-packages/airflow/example_dags/example_xcom.py for tasks to queue
[2023-03-12T23:38:02.658+0000] {logging_mixin.py:137} INFO - [2023-03-12T23:38:02.657+0000] {dagbag.py:538} INFO - Filling up the DagBag from /home/airflow/.local/lib/python3.7/site-packages/airflow/example_dags/example_xcom.py
[2023-03-12T23:38:02.715+0000] {processor.py:753} INFO - DAG(s) dict_keys(['example_xcom']) retrieved from /home/airflow/.local/lib/python3.7/site-packages/airflow/example_dags/example_xcom.py
[2023-03-12T23:38:02.779+0000] {logging_mixin.py:137} INFO - [2023-03-12T23:38:02.779+0000] {dag.py:2690} INFO - Sync 1 DAGs
[2023-03-12T23:38:02.851+0000] {logging_mixin.py:137} INFO - [2023-03-12T23:38:02.850+0000] {dag.py:3441} INFO - Setting next_dagrun for example_xcom to 2021-01-01T00:00:00+00:00, run_after=2021-01-01T00:00:00+00:00
[2023-03-12T23:38:02.954+0000] {processor.py:175} INFO - Processing /home/airflow/.local/lib/python3.7/site-packages/airflow/example_dags/example_xcom.py took 0.351 seconds
[2023-03-12T23:38:33.608+0000] {processor.py:153} INFO - Started process (PID=2757) to work on /home/airflow/.local/lib/python3.7/site-packages/airflow/example_dags/example_xcom.py
[2023-03-12T23:38:33.614+0000] {processor.py:743} INFO - Processing file /home/airflow/.local/lib/python3.7/site-packages/airflow/example_dags/example_xcom.py for tasks to queue
[2023-03-12T23:38:33.617+0000] {logging_mixin.py:137} INFO - [2023-03-12T23:38:33.616+0000] {dagbag.py:538} INFO - Filling up the DagBag from /home/airflow/.local/lib/python3.7/site-packages/airflow/example_dags/example_xcom.py
[2023-03-12T23:38:33.753+0000] {processor.py:753} INFO - DAG(s) dict_keys(['example_xcom']) retrieved from /home/airflow/.local/lib/python3.7/site-packages/airflow/example_dags/example_xcom.py
[2023-03-12T23:38:33.832+0000] {logging_mixin.py:137} INFO - [2023-03-12T23:38:33.832+0000] {dag.py:2690} INFO - Sync 1 DAGs
[2023-03-12T23:38:33.904+0000] {logging_mixin.py:137} INFO - [2023-03-12T23:38:33.904+0000] {dag.py:3441} INFO - Setting next_dagrun for example_xcom to 2021-01-01T00:00:00+00:00, run_after=2021-01-01T00:00:00+00:00
[2023-03-12T23:38:33.946+0000] {processor.py:175} INFO - Processing /home/airflow/.local/lib/python3.7/site-packages/airflow/example_dags/example_xcom.py took 0.356 seconds
[2023-03-12T23:39:04.778+0000] {processor.py:153} INFO - Started process (PID=2838) to work on /home/airflow/.local/lib/python3.7/site-packages/airflow/example_dags/example_xcom.py
[2023-03-12T23:39:04.780+0000] {processor.py:743} INFO - Processing file /home/airflow/.local/lib/python3.7/site-packages/airflow/example_dags/example_xcom.py for tasks to queue
[2023-03-12T23:39:04.782+0000] {logging_mixin.py:137} INFO - [2023-03-12T23:39:04.782+0000] {dagbag.py:538} INFO - Filling up the DagBag from /home/airflow/.local/lib/python3.7/site-packages/airflow/example_dags/example_xcom.py
[2023-03-12T23:39:04.835+0000] {processor.py:753} INFO - DAG(s) dict_keys(['example_xcom']) retrieved from /home/airflow/.local/lib/python3.7/site-packages/airflow/example_dags/example_xcom.py
[2023-03-12T23:39:04.889+0000] {logging_mixin.py:137} INFO - [2023-03-12T23:39:04.888+0000] {dag.py:2690} INFO - Sync 1 DAGs
[2023-03-12T23:39:04.942+0000] {logging_mixin.py:137} INFO - [2023-03-12T23:39:04.942+0000] {dag.py:3441} INFO - Setting next_dagrun for example_xcom to 2021-01-01T00:00:00+00:00, run_after=2021-01-01T00:00:00+00:00
[2023-03-12T23:39:04.979+0000] {processor.py:175} INFO - Processing /home/airflow/.local/lib/python3.7/site-packages/airflow/example_dags/example_xcom.py took 0.209 seconds
[2023-03-12T23:39:35.312+0000] {processor.py:153} INFO - Started process (PID=2908) to work on /home/airflow/.local/lib/python3.7/site-packages/airflow/example_dags/example_xcom.py
[2023-03-12T23:39:35.323+0000] {processor.py:743} INFO - Processing file /home/airflow/.local/lib/python3.7/site-packages/airflow/example_dags/example_xcom.py for tasks to queue
[2023-03-12T23:39:35.348+0000] {logging_mixin.py:137} INFO - [2023-03-12T23:39:35.348+0000] {dagbag.py:538} INFO - Filling up the DagBag from /home/airflow/.local/lib/python3.7/site-packages/airflow/example_dags/example_xcom.py
[2023-03-12T23:39:35.433+0000] {processor.py:753} INFO - DAG(s) dict_keys(['example_xcom']) retrieved from /home/airflow/.local/lib/python3.7/site-packages/airflow/example_dags/example_xcom.py
[2023-03-12T23:39:35.497+0000] {logging_mixin.py:137} INFO - [2023-03-12T23:39:35.497+0000] {dag.py:2690} INFO - Sync 1 DAGs
[2023-03-12T23:39:35.575+0000] {logging_mixin.py:137} INFO - [2023-03-12T23:39:35.575+0000] {dag.py:3441} INFO - Setting next_dagrun for example_xcom to 2021-01-01T00:00:00+00:00, run_after=2021-01-01T00:00:00+00:00
[2023-03-12T23:39:35.656+0000] {processor.py:175} INFO - Processing /home/airflow/.local/lib/python3.7/site-packages/airflow/example_dags/example_xcom.py took 0.351 seconds
[2023-03-12T23:40:06.072+0000] {processor.py:153} INFO - Started process (PID=2981) to work on /home/airflow/.local/lib/python3.7/site-packages/airflow/example_dags/example_xcom.py
[2023-03-12T23:40:06.074+0000] {processor.py:743} INFO - Processing file /home/airflow/.local/lib/python3.7/site-packages/airflow/example_dags/example_xcom.py for tasks to queue
[2023-03-12T23:40:06.076+0000] {logging_mixin.py:137} INFO - [2023-03-12T23:40:06.076+0000] {dagbag.py:538} INFO - Filling up the DagBag from /home/airflow/.local/lib/python3.7/site-packages/airflow/example_dags/example_xcom.py
[2023-03-12T23:40:06.151+0000] {processor.py:753} INFO - DAG(s) dict_keys(['example_xcom']) retrieved from /home/airflow/.local/lib/python3.7/site-packages/airflow/example_dags/example_xcom.py
[2023-03-12T23:40:06.203+0000] {logging_mixin.py:137} INFO - [2023-03-12T23:40:06.202+0000] {dag.py:2690} INFO - Sync 1 DAGs
[2023-03-12T23:40:06.257+0000] {logging_mixin.py:137} INFO - [2023-03-12T23:40:06.257+0000] {dag.py:3441} INFO - Setting next_dagrun for example_xcom to 2021-01-01T00:00:00+00:00, run_after=2021-01-01T00:00:00+00:00
[2023-03-12T23:40:06.301+0000] {processor.py:175} INFO - Processing /home/airflow/.local/lib/python3.7/site-packages/airflow/example_dags/example_xcom.py took 0.234 seconds
[2023-03-12T23:40:36.697+0000] {processor.py:153} INFO - Started process (PID=3049) to work on /home/airflow/.local/lib/python3.7/site-packages/airflow/example_dags/example_xcom.py
[2023-03-12T23:40:36.699+0000] {processor.py:743} INFO - Processing file /home/airflow/.local/lib/python3.7/site-packages/airflow/example_dags/example_xcom.py for tasks to queue
[2023-03-12T23:40:36.701+0000] {logging_mixin.py:137} INFO - [2023-03-12T23:40:36.700+0000] {dagbag.py:538} INFO - Filling up the DagBag from /home/airflow/.local/lib/python3.7/site-packages/airflow/example_dags/example_xcom.py
[2023-03-12T23:40:36.778+0000] {processor.py:753} INFO - DAG(s) dict_keys(['example_xcom']) retrieved from /home/airflow/.local/lib/python3.7/site-packages/airflow/example_dags/example_xcom.py
[2023-03-12T23:40:36.843+0000] {logging_mixin.py:137} INFO - [2023-03-12T23:40:36.842+0000] {dag.py:2690} INFO - Sync 1 DAGs
[2023-03-12T23:40:36.891+0000] {logging_mixin.py:137} INFO - [2023-03-12T23:40:36.891+0000] {dag.py:3441} INFO - Setting next_dagrun for example_xcom to 2021-01-01T00:00:00+00:00, run_after=2021-01-01T00:00:00+00:00
[2023-03-12T23:40:37.059+0000] {processor.py:175} INFO - Processing /home/airflow/.local/lib/python3.7/site-packages/airflow/example_dags/example_xcom.py took 0.368 seconds
[2023-03-12T23:41:07.966+0000] {processor.py:153} INFO - Started process (PID=3126) to work on /home/airflow/.local/lib/python3.7/site-packages/airflow/example_dags/example_xcom.py
[2023-03-12T23:41:07.969+0000] {processor.py:743} INFO - Processing file /home/airflow/.local/lib/python3.7/site-packages/airflow/example_dags/example_xcom.py for tasks to queue
[2023-03-12T23:41:07.973+0000] {logging_mixin.py:137} INFO - [2023-03-12T23:41:07.971+0000] {dagbag.py:538} INFO - Filling up the DagBag from /home/airflow/.local/lib/python3.7/site-packages/airflow/example_dags/example_xcom.py
[2023-03-12T23:41:08.040+0000] {processor.py:753} INFO - DAG(s) dict_keys(['example_xcom']) retrieved from /home/airflow/.local/lib/python3.7/site-packages/airflow/example_dags/example_xcom.py
[2023-03-12T23:41:08.107+0000] {logging_mixin.py:137} INFO - [2023-03-12T23:41:08.107+0000] {dag.py:2690} INFO - Sync 1 DAGs
[2023-03-12T23:41:08.232+0000] {logging_mixin.py:137} INFO - [2023-03-12T23:41:08.232+0000] {dag.py:3441} INFO - Setting next_dagrun for example_xcom to 2021-01-01T00:00:00+00:00, run_after=2021-01-01T00:00:00+00:00
[2023-03-12T23:41:08.339+0000] {processor.py:175} INFO - Processing /home/airflow/.local/lib/python3.7/site-packages/airflow/example_dags/example_xcom.py took 0.386 seconds
[2023-03-12T23:41:39.155+0000] {processor.py:153} INFO - Started process (PID=3197) to work on /home/airflow/.local/lib/python3.7/site-packages/airflow/example_dags/example_xcom.py
[2023-03-12T23:41:39.161+0000] {processor.py:743} INFO - Processing file /home/airflow/.local/lib/python3.7/site-packages/airflow/example_dags/example_xcom.py for tasks to queue
[2023-03-12T23:41:39.165+0000] {logging_mixin.py:137} INFO - [2023-03-12T23:41:39.164+0000] {dagbag.py:538} INFO - Filling up the DagBag from /home/airflow/.local/lib/python3.7/site-packages/airflow/example_dags/example_xcom.py
[2023-03-12T23:41:39.309+0000] {processor.py:753} INFO - DAG(s) dict_keys(['example_xcom']) retrieved from /home/airflow/.local/lib/python3.7/site-packages/airflow/example_dags/example_xcom.py
[2023-03-12T23:41:39.412+0000] {logging_mixin.py:137} INFO - [2023-03-12T23:41:39.412+0000] {dag.py:2690} INFO - Sync 1 DAGs
[2023-03-12T23:41:39.515+0000] {logging_mixin.py:137} INFO - [2023-03-12T23:41:39.514+0000] {dag.py:3441} INFO - Setting next_dagrun for example_xcom to 2021-01-01T00:00:00+00:00, run_after=2021-01-01T00:00:00+00:00
[2023-03-12T23:41:39.665+0000] {processor.py:175} INFO - Processing /home/airflow/.local/lib/python3.7/site-packages/airflow/example_dags/example_xcom.py took 0.528 seconds
[2023-03-12T23:42:09.878+0000] {processor.py:153} INFO - Started process (PID=3261) to work on /home/airflow/.local/lib/python3.7/site-packages/airflow/example_dags/example_xcom.py
[2023-03-12T23:42:09.880+0000] {processor.py:743} INFO - Processing file /home/airflow/.local/lib/python3.7/site-packages/airflow/example_dags/example_xcom.py for tasks to queue
[2023-03-12T23:42:09.883+0000] {logging_mixin.py:137} INFO - [2023-03-12T23:42:09.883+0000] {dagbag.py:538} INFO - Filling up the DagBag from /home/airflow/.local/lib/python3.7/site-packages/airflow/example_dags/example_xcom.py
[2023-03-12T23:42:09.939+0000] {processor.py:753} INFO - DAG(s) dict_keys(['example_xcom']) retrieved from /home/airflow/.local/lib/python3.7/site-packages/airflow/example_dags/example_xcom.py
[2023-03-12T23:42:09.994+0000] {logging_mixin.py:137} INFO - [2023-03-12T23:42:09.994+0000] {dag.py:2690} INFO - Sync 1 DAGs
[2023-03-12T23:42:10.039+0000] {logging_mixin.py:137} INFO - [2023-03-12T23:42:10.039+0000] {dag.py:3441} INFO - Setting next_dagrun for example_xcom to 2021-01-01T00:00:00+00:00, run_after=2021-01-01T00:00:00+00:00
[2023-03-12T23:42:10.077+0000] {processor.py:175} INFO - Processing /home/airflow/.local/lib/python3.7/site-packages/airflow/example_dags/example_xcom.py took 0.207 seconds
[2023-03-12T23:42:40.156+0000] {processor.py:153} INFO - Started process (PID=3332) to work on /home/airflow/.local/lib/python3.7/site-packages/airflow/example_dags/example_xcom.py
[2023-03-12T23:42:40.158+0000] {processor.py:743} INFO - Processing file /home/airflow/.local/lib/python3.7/site-packages/airflow/example_dags/example_xcom.py for tasks to queue
[2023-03-12T23:42:40.160+0000] {logging_mixin.py:137} INFO - [2023-03-12T23:42:40.160+0000] {dagbag.py:538} INFO - Filling up the DagBag from /home/airflow/.local/lib/python3.7/site-packages/airflow/example_dags/example_xcom.py
[2023-03-12T23:42:40.202+0000] {processor.py:753} INFO - DAG(s) dict_keys(['example_xcom']) retrieved from /home/airflow/.local/lib/python3.7/site-packages/airflow/example_dags/example_xcom.py
[2023-03-12T23:42:40.253+0000] {logging_mixin.py:137} INFO - [2023-03-12T23:42:40.253+0000] {dag.py:2690} INFO - Sync 1 DAGs
[2023-03-12T23:42:40.304+0000] {logging_mixin.py:137} INFO - [2023-03-12T23:42:40.304+0000] {dag.py:3441} INFO - Setting next_dagrun for example_xcom to 2021-01-01T00:00:00+00:00, run_after=2021-01-01T00:00:00+00:00
[2023-03-12T23:42:40.346+0000] {processor.py:175} INFO - Processing /home/airflow/.local/lib/python3.7/site-packages/airflow/example_dags/example_xcom.py took 0.197 seconds
[2023-03-12T23:43:11.551+0000] {processor.py:153} INFO - Started process (PID=3405) to work on /home/airflow/.local/lib/python3.7/site-packages/airflow/example_dags/example_xcom.py
[2023-03-12T23:43:11.554+0000] {processor.py:743} INFO - Processing file /home/airflow/.local/lib/python3.7/site-packages/airflow/example_dags/example_xcom.py for tasks to queue
[2023-03-12T23:43:11.563+0000] {logging_mixin.py:137} INFO - [2023-03-12T23:43:11.562+0000] {dagbag.py:538} INFO - Filling up the DagBag from /home/airflow/.local/lib/python3.7/site-packages/airflow/example_dags/example_xcom.py
[2023-03-12T23:43:11.639+0000] {processor.py:753} INFO - DAG(s) dict_keys(['example_xcom']) retrieved from /home/airflow/.local/lib/python3.7/site-packages/airflow/example_dags/example_xcom.py
[2023-03-12T23:43:11.771+0000] {logging_mixin.py:137} INFO - [2023-03-12T23:43:11.770+0000] {dag.py:2690} INFO - Sync 1 DAGs
[2023-03-12T23:43:11.933+0000] {logging_mixin.py:137} INFO - [2023-03-12T23:43:11.933+0000] {dag.py:3441} INFO - Setting next_dagrun for example_xcom to 2021-01-01T00:00:00+00:00, run_after=2021-01-01T00:00:00+00:00
[2023-03-12T23:43:12.045+0000] {processor.py:175} INFO - Processing /home/airflow/.local/lib/python3.7/site-packages/airflow/example_dags/example_xcom.py took 0.506 seconds
[2023-03-12T23:43:43.605+0000] {processor.py:153} INFO - Started process (PID=3471) to work on /home/airflow/.local/lib/python3.7/site-packages/airflow/example_dags/example_xcom.py
[2023-03-12T23:43:43.618+0000] {processor.py:743} INFO - Processing file /home/airflow/.local/lib/python3.7/site-packages/airflow/example_dags/example_xcom.py for tasks to queue
[2023-03-12T23:43:43.623+0000] {logging_mixin.py:137} INFO - [2023-03-12T23:43:43.623+0000] {dagbag.py:538} INFO - Filling up the DagBag from /home/airflow/.local/lib/python3.7/site-packages/airflow/example_dags/example_xcom.py
[2023-03-12T23:43:43.753+0000] {processor.py:753} INFO - DAG(s) dict_keys(['example_xcom']) retrieved from /home/airflow/.local/lib/python3.7/site-packages/airflow/example_dags/example_xcom.py
[2023-03-12T23:43:43.823+0000] {logging_mixin.py:137} INFO - [2023-03-12T23:43:43.822+0000] {dag.py:2690} INFO - Sync 1 DAGs
[2023-03-12T23:43:43.890+0000] {logging_mixin.py:137} INFO - [2023-03-12T23:43:43.889+0000] {dag.py:3441} INFO - Setting next_dagrun for example_xcom to 2021-01-01T00:00:00+00:00, run_after=2021-01-01T00:00:00+00:00
[2023-03-12T23:43:43.963+0000] {processor.py:175} INFO - Processing /home/airflow/.local/lib/python3.7/site-packages/airflow/example_dags/example_xcom.py took 0.378 seconds
[2023-03-12T23:44:14.496+0000] {processor.py:153} INFO - Started process (PID=3535) to work on /home/airflow/.local/lib/python3.7/site-packages/airflow/example_dags/example_xcom.py
[2023-03-12T23:44:14.499+0000] {processor.py:743} INFO - Processing file /home/airflow/.local/lib/python3.7/site-packages/airflow/example_dags/example_xcom.py for tasks to queue
[2023-03-12T23:44:14.507+0000] {logging_mixin.py:137} INFO - [2023-03-12T23:44:14.507+0000] {dagbag.py:538} INFO - Filling up the DagBag from /home/airflow/.local/lib/python3.7/site-packages/airflow/example_dags/example_xcom.py
[2023-03-12T23:44:14.567+0000] {processor.py:753} INFO - DAG(s) dict_keys(['example_xcom']) retrieved from /home/airflow/.local/lib/python3.7/site-packages/airflow/example_dags/example_xcom.py
[2023-03-12T23:44:14.637+0000] {logging_mixin.py:137} INFO - [2023-03-12T23:44:14.637+0000] {dag.py:2690} INFO - Sync 1 DAGs
[2023-03-12T23:44:14.707+0000] {logging_mixin.py:137} INFO - [2023-03-12T23:44:14.706+0000] {dag.py:3441} INFO - Setting next_dagrun for example_xcom to 2021-01-01T00:00:00+00:00, run_after=2021-01-01T00:00:00+00:00
[2023-03-12T23:44:14.763+0000] {processor.py:175} INFO - Processing /home/airflow/.local/lib/python3.7/site-packages/airflow/example_dags/example_xcom.py took 0.274 seconds
[2023-03-12T23:44:45.364+0000] {processor.py:153} INFO - Started process (PID=3608) to work on /home/airflow/.local/lib/python3.7/site-packages/airflow/example_dags/example_xcom.py
[2023-03-12T23:44:45.366+0000] {processor.py:743} INFO - Processing file /home/airflow/.local/lib/python3.7/site-packages/airflow/example_dags/example_xcom.py for tasks to queue
[2023-03-12T23:44:45.368+0000] {logging_mixin.py:137} INFO - [2023-03-12T23:44:45.368+0000] {dagbag.py:538} INFO - Filling up the DagBag from /home/airflow/.local/lib/python3.7/site-packages/airflow/example_dags/example_xcom.py
[2023-03-12T23:44:45.430+0000] {processor.py:753} INFO - DAG(s) dict_keys(['example_xcom']) retrieved from /home/airflow/.local/lib/python3.7/site-packages/airflow/example_dags/example_xcom.py
[2023-03-12T23:44:45.493+0000] {logging_mixin.py:137} INFO - [2023-03-12T23:44:45.493+0000] {dag.py:2690} INFO - Sync 1 DAGs
[2023-03-12T23:44:45.600+0000] {logging_mixin.py:137} INFO - [2023-03-12T23:44:45.599+0000] {dag.py:3441} INFO - Setting next_dagrun for example_xcom to 2021-01-01T00:00:00+00:00, run_after=2021-01-01T00:00:00+00:00
[2023-03-12T23:44:45.726+0000] {processor.py:175} INFO - Processing /home/airflow/.local/lib/python3.7/site-packages/airflow/example_dags/example_xcom.py took 0.370 seconds
[2023-03-12T23:45:16.999+0000] {processor.py:153} INFO - Started process (PID=3681) to work on /home/airflow/.local/lib/python3.7/site-packages/airflow/example_dags/example_xcom.py
[2023-03-12T23:45:17.005+0000] {processor.py:743} INFO - Processing file /home/airflow/.local/lib/python3.7/site-packages/airflow/example_dags/example_xcom.py for tasks to queue
[2023-03-12T23:45:17.006+0000] {logging_mixin.py:137} INFO - [2023-03-12T23:45:17.006+0000] {dagbag.py:538} INFO - Filling up the DagBag from /home/airflow/.local/lib/python3.7/site-packages/airflow/example_dags/example_xcom.py
[2023-03-12T23:45:17.068+0000] {processor.py:753} INFO - DAG(s) dict_keys(['example_xcom']) retrieved from /home/airflow/.local/lib/python3.7/site-packages/airflow/example_dags/example_xcom.py
[2023-03-12T23:45:17.156+0000] {logging_mixin.py:137} INFO - [2023-03-12T23:45:17.155+0000] {dag.py:2690} INFO - Sync 1 DAGs
[2023-03-12T23:45:17.258+0000] {logging_mixin.py:137} INFO - [2023-03-12T23:45:17.257+0000] {dag.py:3441} INFO - Setting next_dagrun for example_xcom to 2021-01-01T00:00:00+00:00, run_after=2021-01-01T00:00:00+00:00
[2023-03-12T23:45:17.305+0000] {processor.py:175} INFO - Processing /home/airflow/.local/lib/python3.7/site-packages/airflow/example_dags/example_xcom.py took 0.315 seconds
[2023-03-12T23:45:47.633+0000] {processor.py:153} INFO - Started process (PID=3747) to work on /home/airflow/.local/lib/python3.7/site-packages/airflow/example_dags/example_xcom.py
[2023-03-12T23:45:47.641+0000] {processor.py:743} INFO - Processing file /home/airflow/.local/lib/python3.7/site-packages/airflow/example_dags/example_xcom.py for tasks to queue
[2023-03-12T23:45:47.642+0000] {logging_mixin.py:137} INFO - [2023-03-12T23:45:47.642+0000] {dagbag.py:538} INFO - Filling up the DagBag from /home/airflow/.local/lib/python3.7/site-packages/airflow/example_dags/example_xcom.py
[2023-03-12T23:45:47.718+0000] {processor.py:753} INFO - DAG(s) dict_keys(['example_xcom']) retrieved from /home/airflow/.local/lib/python3.7/site-packages/airflow/example_dags/example_xcom.py
[2023-03-12T23:45:47.798+0000] {logging_mixin.py:137} INFO - [2023-03-12T23:45:47.798+0000] {dag.py:2690} INFO - Sync 1 DAGs
[2023-03-12T23:45:47.847+0000] {logging_mixin.py:137} INFO - [2023-03-12T23:45:47.846+0000] {dag.py:3441} INFO - Setting next_dagrun for example_xcom to 2021-01-01T00:00:00+00:00, run_after=2021-01-01T00:00:00+00:00
[2023-03-12T23:45:47.897+0000] {processor.py:175} INFO - Processing /home/airflow/.local/lib/python3.7/site-packages/airflow/example_dags/example_xcom.py took 0.269 seconds
[2023-03-12T23:46:18.227+0000] {processor.py:153} INFO - Started process (PID=3811) to work on /home/airflow/.local/lib/python3.7/site-packages/airflow/example_dags/example_xcom.py
[2023-03-12T23:46:18.240+0000] {processor.py:743} INFO - Processing file /home/airflow/.local/lib/python3.7/site-packages/airflow/example_dags/example_xcom.py for tasks to queue
[2023-03-12T23:46:18.249+0000] {logging_mixin.py:137} INFO - [2023-03-12T23:46:18.248+0000] {dagbag.py:538} INFO - Filling up the DagBag from /home/airflow/.local/lib/python3.7/site-packages/airflow/example_dags/example_xcom.py
[2023-03-12T23:46:18.318+0000] {processor.py:753} INFO - DAG(s) dict_keys(['example_xcom']) retrieved from /home/airflow/.local/lib/python3.7/site-packages/airflow/example_dags/example_xcom.py
[2023-03-12T23:46:18.618+0000] {logging_mixin.py:137} INFO - [2023-03-12T23:46:18.617+0000] {dag.py:2690} INFO - Sync 1 DAGs
[2023-03-12T23:46:18.678+0000] {logging_mixin.py:137} INFO - [2023-03-12T23:46:18.677+0000] {dag.py:3441} INFO - Setting next_dagrun for example_xcom to 2021-01-01T00:00:00+00:00, run_after=2021-01-01T00:00:00+00:00
[2023-03-12T23:46:18.726+0000] {processor.py:175} INFO - Processing /home/airflow/.local/lib/python3.7/site-packages/airflow/example_dags/example_xcom.py took 0.507 seconds
[2023-03-12T23:46:49.369+0000] {processor.py:153} INFO - Started process (PID=3884) to work on /home/airflow/.local/lib/python3.7/site-packages/airflow/example_dags/example_xcom.py
[2023-03-12T23:46:49.371+0000] {processor.py:743} INFO - Processing file /home/airflow/.local/lib/python3.7/site-packages/airflow/example_dags/example_xcom.py for tasks to queue
[2023-03-12T23:46:49.373+0000] {logging_mixin.py:137} INFO - [2023-03-12T23:46:49.373+0000] {dagbag.py:538} INFO - Filling up the DagBag from /home/airflow/.local/lib/python3.7/site-packages/airflow/example_dags/example_xcom.py
[2023-03-12T23:46:49.412+0000] {processor.py:753} INFO - DAG(s) dict_keys(['example_xcom']) retrieved from /home/airflow/.local/lib/python3.7/site-packages/airflow/example_dags/example_xcom.py
[2023-03-12T23:46:49.452+0000] {logging_mixin.py:137} INFO - [2023-03-12T23:46:49.452+0000] {dag.py:2690} INFO - Sync 1 DAGs
[2023-03-12T23:46:49.505+0000] {logging_mixin.py:137} INFO - [2023-03-12T23:46:49.505+0000] {dag.py:3441} INFO - Setting next_dagrun for example_xcom to 2021-01-01T00:00:00+00:00, run_after=2021-01-01T00:00:00+00:00
[2023-03-12T23:46:49.540+0000] {processor.py:175} INFO - Processing /home/airflow/.local/lib/python3.7/site-packages/airflow/example_dags/example_xcom.py took 0.176 seconds
[2023-03-12T23:47:20.854+0000] {processor.py:153} INFO - Started process (PID=3955) to work on /home/airflow/.local/lib/python3.7/site-packages/airflow/example_dags/example_xcom.py
[2023-03-12T23:47:20.859+0000] {processor.py:743} INFO - Processing file /home/airflow/.local/lib/python3.7/site-packages/airflow/example_dags/example_xcom.py for tasks to queue
[2023-03-12T23:47:20.863+0000] {logging_mixin.py:137} INFO - [2023-03-12T23:47:20.862+0000] {dagbag.py:538} INFO - Filling up the DagBag from /home/airflow/.local/lib/python3.7/site-packages/airflow/example_dags/example_xcom.py
[2023-03-12T23:47:20.979+0000] {processor.py:753} INFO - DAG(s) dict_keys(['example_xcom']) retrieved from /home/airflow/.local/lib/python3.7/site-packages/airflow/example_dags/example_xcom.py
[2023-03-12T23:47:21.089+0000] {logging_mixin.py:137} INFO - [2023-03-12T23:47:21.089+0000] {dag.py:2690} INFO - Sync 1 DAGs
[2023-03-12T23:47:21.234+0000] {logging_mixin.py:137} INFO - [2023-03-12T23:47:21.234+0000] {dag.py:3441} INFO - Setting next_dagrun for example_xcom to 2021-01-01T00:00:00+00:00, run_after=2021-01-01T00:00:00+00:00
[2023-03-12T23:47:21.319+0000] {processor.py:175} INFO - Processing /home/airflow/.local/lib/python3.7/site-packages/airflow/example_dags/example_xcom.py took 0.477 seconds
[2023-03-12T23:47:52.142+0000] {processor.py:153} INFO - Started process (PID=4026) to work on /home/airflow/.local/lib/python3.7/site-packages/airflow/example_dags/example_xcom.py
[2023-03-12T23:47:52.144+0000] {processor.py:743} INFO - Processing file /home/airflow/.local/lib/python3.7/site-packages/airflow/example_dags/example_xcom.py for tasks to queue
[2023-03-12T23:47:52.146+0000] {logging_mixin.py:137} INFO - [2023-03-12T23:47:52.145+0000] {dagbag.py:538} INFO - Filling up the DagBag from /home/airflow/.local/lib/python3.7/site-packages/airflow/example_dags/example_xcom.py
[2023-03-12T23:47:52.173+0000] {processor.py:753} INFO - DAG(s) dict_keys(['example_xcom']) retrieved from /home/airflow/.local/lib/python3.7/site-packages/airflow/example_dags/example_xcom.py
[2023-03-12T23:47:52.218+0000] {logging_mixin.py:137} INFO - [2023-03-12T23:47:52.217+0000] {dag.py:2690} INFO - Sync 1 DAGs
[2023-03-12T23:47:52.249+0000] {logging_mixin.py:137} INFO - [2023-03-12T23:47:52.249+0000] {dag.py:3441} INFO - Setting next_dagrun for example_xcom to 2021-01-01T00:00:00+00:00, run_after=2021-01-01T00:00:00+00:00
[2023-03-12T23:47:52.274+0000] {processor.py:175} INFO - Processing /home/airflow/.local/lib/python3.7/site-packages/airflow/example_dags/example_xcom.py took 0.137 seconds
[2023-03-12T23:48:23.112+0000] {processor.py:153} INFO - Started process (PID=4101) to work on /home/airflow/.local/lib/python3.7/site-packages/airflow/example_dags/example_xcom.py
[2023-03-12T23:48:23.113+0000] {processor.py:743} INFO - Processing file /home/airflow/.local/lib/python3.7/site-packages/airflow/example_dags/example_xcom.py for tasks to queue
[2023-03-12T23:48:23.114+0000] {logging_mixin.py:137} INFO - [2023-03-12T23:48:23.114+0000] {dagbag.py:538} INFO - Filling up the DagBag from /home/airflow/.local/lib/python3.7/site-packages/airflow/example_dags/example_xcom.py
[2023-03-12T23:48:23.137+0000] {processor.py:753} INFO - DAG(s) dict_keys(['example_xcom']) retrieved from /home/airflow/.local/lib/python3.7/site-packages/airflow/example_dags/example_xcom.py
[2023-03-12T23:48:23.164+0000] {logging_mixin.py:137} INFO - [2023-03-12T23:48:23.164+0000] {dag.py:2690} INFO - Sync 1 DAGs
[2023-03-12T23:48:23.194+0000] {logging_mixin.py:137} INFO - [2023-03-12T23:48:23.193+0000] {dag.py:3441} INFO - Setting next_dagrun for example_xcom to 2021-01-01T00:00:00+00:00, run_after=2021-01-01T00:00:00+00:00
[2023-03-12T23:48:23.228+0000] {processor.py:175} INFO - Processing /home/airflow/.local/lib/python3.7/site-packages/airflow/example_dags/example_xcom.py took 0.119 seconds
[2023-03-12T23:48:53.436+0000] {processor.py:153} INFO - Started process (PID=4174) to work on /home/airflow/.local/lib/python3.7/site-packages/airflow/example_dags/example_xcom.py
[2023-03-12T23:48:53.438+0000] {processor.py:743} INFO - Processing file /home/airflow/.local/lib/python3.7/site-packages/airflow/example_dags/example_xcom.py for tasks to queue
[2023-03-12T23:48:53.440+0000] {logging_mixin.py:137} INFO - [2023-03-12T23:48:53.439+0000] {dagbag.py:538} INFO - Filling up the DagBag from /home/airflow/.local/lib/python3.7/site-packages/airflow/example_dags/example_xcom.py
[2023-03-12T23:48:53.462+0000] {processor.py:753} INFO - DAG(s) dict_keys(['example_xcom']) retrieved from /home/airflow/.local/lib/python3.7/site-packages/airflow/example_dags/example_xcom.py
[2023-03-12T23:48:53.492+0000] {logging_mixin.py:137} INFO - [2023-03-12T23:48:53.491+0000] {dag.py:2690} INFO - Sync 1 DAGs
[2023-03-12T23:48:53.520+0000] {logging_mixin.py:137} INFO - [2023-03-12T23:48:53.520+0000] {dag.py:3441} INFO - Setting next_dagrun for example_xcom to 2021-01-01T00:00:00+00:00, run_after=2021-01-01T00:00:00+00:00
[2023-03-12T23:48:53.548+0000] {processor.py:175} INFO - Processing /home/airflow/.local/lib/python3.7/site-packages/airflow/example_dags/example_xcom.py took 0.116 seconds
[2023-03-12T23:49:24.283+0000] {processor.py:153} INFO - Started process (PID=4246) to work on /home/airflow/.local/lib/python3.7/site-packages/airflow/example_dags/example_xcom.py
[2023-03-12T23:49:24.284+0000] {processor.py:743} INFO - Processing file /home/airflow/.local/lib/python3.7/site-packages/airflow/example_dags/example_xcom.py for tasks to queue
[2023-03-12T23:49:24.286+0000] {logging_mixin.py:137} INFO - [2023-03-12T23:49:24.286+0000] {dagbag.py:538} INFO - Filling up the DagBag from /home/airflow/.local/lib/python3.7/site-packages/airflow/example_dags/example_xcom.py
[2023-03-12T23:49:24.311+0000] {processor.py:753} INFO - DAG(s) dict_keys(['example_xcom']) retrieved from /home/airflow/.local/lib/python3.7/site-packages/airflow/example_dags/example_xcom.py
[2023-03-12T23:49:24.340+0000] {logging_mixin.py:137} INFO - [2023-03-12T23:49:24.340+0000] {dag.py:2690} INFO - Sync 1 DAGs
[2023-03-12T23:49:24.379+0000] {logging_mixin.py:137} INFO - [2023-03-12T23:49:24.379+0000] {dag.py:3441} INFO - Setting next_dagrun for example_xcom to 2021-01-01T00:00:00+00:00, run_after=2021-01-01T00:00:00+00:00
[2023-03-12T23:49:24.408+0000] {processor.py:175} INFO - Processing /home/airflow/.local/lib/python3.7/site-packages/airflow/example_dags/example_xcom.py took 0.130 seconds
[2023-03-12T23:49:55.000+0000] {processor.py:153} INFO - Started process (PID=4328) to work on /home/airflow/.local/lib/python3.7/site-packages/airflow/example_dags/example_xcom.py
[2023-03-12T23:49:55.005+0000] {processor.py:743} INFO - Processing file /home/airflow/.local/lib/python3.7/site-packages/airflow/example_dags/example_xcom.py for tasks to queue
[2023-03-12T23:49:55.007+0000] {logging_mixin.py:137} INFO - [2023-03-12T23:49:55.007+0000] {dagbag.py:538} INFO - Filling up the DagBag from /home/airflow/.local/lib/python3.7/site-packages/airflow/example_dags/example_xcom.py
[2023-03-12T23:49:55.108+0000] {processor.py:753} INFO - DAG(s) dict_keys(['example_xcom']) retrieved from /home/airflow/.local/lib/python3.7/site-packages/airflow/example_dags/example_xcom.py
[2023-03-12T23:49:55.188+0000] {logging_mixin.py:137} INFO - [2023-03-12T23:49:55.187+0000] {dag.py:2690} INFO - Sync 1 DAGs
[2023-03-12T23:49:55.266+0000] {logging_mixin.py:137} INFO - [2023-03-12T23:49:55.266+0000] {dag.py:3441} INFO - Setting next_dagrun for example_xcom to 2021-01-01T00:00:00+00:00, run_after=2021-01-01T00:00:00+00:00
[2023-03-12T23:49:55.334+0000] {processor.py:175} INFO - Processing /home/airflow/.local/lib/python3.7/site-packages/airflow/example_dags/example_xcom.py took 0.340 seconds
[2023-03-12T23:50:26.149+0000] {processor.py:153} INFO - Started process (PID=4407) to work on /home/airflow/.local/lib/python3.7/site-packages/airflow/example_dags/example_xcom.py
[2023-03-12T23:50:26.159+0000] {processor.py:743} INFO - Processing file /home/airflow/.local/lib/python3.7/site-packages/airflow/example_dags/example_xcom.py for tasks to queue
[2023-03-12T23:50:26.161+0000] {logging_mixin.py:137} INFO - [2023-03-12T23:50:26.160+0000] {dagbag.py:538} INFO - Filling up the DagBag from /home/airflow/.local/lib/python3.7/site-packages/airflow/example_dags/example_xcom.py
[2023-03-12T23:50:26.296+0000] {processor.py:753} INFO - DAG(s) dict_keys(['example_xcom']) retrieved from /home/airflow/.local/lib/python3.7/site-packages/airflow/example_dags/example_xcom.py
[2023-03-12T23:50:26.359+0000] {logging_mixin.py:137} INFO - [2023-03-12T23:50:26.359+0000] {dag.py:2690} INFO - Sync 1 DAGs
[2023-03-12T23:50:26.418+0000] {logging_mixin.py:137} INFO - [2023-03-12T23:50:26.418+0000] {dag.py:3441} INFO - Setting next_dagrun for example_xcom to 2021-01-01T00:00:00+00:00, run_after=2021-01-01T00:00:00+00:00
[2023-03-12T23:50:26.467+0000] {processor.py:175} INFO - Processing /home/airflow/.local/lib/python3.7/site-packages/airflow/example_dags/example_xcom.py took 0.325 seconds
[2023-03-12T23:50:57.407+0000] {processor.py:153} INFO - Started process (PID=4473) to work on /home/airflow/.local/lib/python3.7/site-packages/airflow/example_dags/example_xcom.py
[2023-03-12T23:50:57.408+0000] {processor.py:743} INFO - Processing file /home/airflow/.local/lib/python3.7/site-packages/airflow/example_dags/example_xcom.py for tasks to queue
[2023-03-12T23:50:57.409+0000] {logging_mixin.py:137} INFO - [2023-03-12T23:50:57.409+0000] {dagbag.py:538} INFO - Filling up the DagBag from /home/airflow/.local/lib/python3.7/site-packages/airflow/example_dags/example_xcom.py
[2023-03-12T23:50:57.458+0000] {processor.py:753} INFO - DAG(s) dict_keys(['example_xcom']) retrieved from /home/airflow/.local/lib/python3.7/site-packages/airflow/example_dags/example_xcom.py
[2023-03-12T23:50:57.512+0000] {logging_mixin.py:137} INFO - [2023-03-12T23:50:57.512+0000] {dag.py:2690} INFO - Sync 1 DAGs
[2023-03-12T23:50:57.564+0000] {logging_mixin.py:137} INFO - [2023-03-12T23:50:57.564+0000] {dag.py:3441} INFO - Setting next_dagrun for example_xcom to 2021-01-01T00:00:00+00:00, run_after=2021-01-01T00:00:00+00:00
[2023-03-12T23:50:57.615+0000] {processor.py:175} INFO - Processing /home/airflow/.local/lib/python3.7/site-packages/airflow/example_dags/example_xcom.py took 0.212 seconds
[2023-03-12T23:51:27.686+0000] {processor.py:153} INFO - Started process (PID=4544) to work on /home/airflow/.local/lib/python3.7/site-packages/airflow/example_dags/example_xcom.py
[2023-03-12T23:51:27.688+0000] {processor.py:743} INFO - Processing file /home/airflow/.local/lib/python3.7/site-packages/airflow/example_dags/example_xcom.py for tasks to queue
[2023-03-12T23:51:27.689+0000] {logging_mixin.py:137} INFO - [2023-03-12T23:51:27.689+0000] {dagbag.py:538} INFO - Filling up the DagBag from /home/airflow/.local/lib/python3.7/site-packages/airflow/example_dags/example_xcom.py
[2023-03-12T23:51:27.710+0000] {processor.py:753} INFO - DAG(s) dict_keys(['example_xcom']) retrieved from /home/airflow/.local/lib/python3.7/site-packages/airflow/example_dags/example_xcom.py
[2023-03-12T23:51:27.752+0000] {logging_mixin.py:137} INFO - [2023-03-12T23:51:27.752+0000] {dag.py:2690} INFO - Sync 1 DAGs
[2023-03-12T23:51:27.792+0000] {logging_mixin.py:137} INFO - [2023-03-12T23:51:27.792+0000] {dag.py:3441} INFO - Setting next_dagrun for example_xcom to 2021-01-01T00:00:00+00:00, run_after=2021-01-01T00:00:00+00:00
[2023-03-12T23:51:27.817+0000] {processor.py:175} INFO - Processing /home/airflow/.local/lib/python3.7/site-packages/airflow/example_dags/example_xcom.py took 0.136 seconds
[2023-03-12T23:51:58.492+0000] {processor.py:153} INFO - Started process (PID=4610) to work on /home/airflow/.local/lib/python3.7/site-packages/airflow/example_dags/example_xcom.py
[2023-03-12T23:51:58.494+0000] {processor.py:743} INFO - Processing file /home/airflow/.local/lib/python3.7/site-packages/airflow/example_dags/example_xcom.py for tasks to queue
[2023-03-12T23:51:58.511+0000] {logging_mixin.py:137} INFO - [2023-03-12T23:51:58.510+0000] {dagbag.py:538} INFO - Filling up the DagBag from /home/airflow/.local/lib/python3.7/site-packages/airflow/example_dags/example_xcom.py
[2023-03-12T23:51:58.579+0000] {processor.py:753} INFO - DAG(s) dict_keys(['example_xcom']) retrieved from /home/airflow/.local/lib/python3.7/site-packages/airflow/example_dags/example_xcom.py
[2023-03-12T23:51:58.684+0000] {logging_mixin.py:137} INFO - [2023-03-12T23:51:58.683+0000] {dag.py:2690} INFO - Sync 1 DAGs
[2023-03-12T23:51:58.751+0000] {logging_mixin.py:137} INFO - [2023-03-12T23:51:58.750+0000] {dag.py:3441} INFO - Setting next_dagrun for example_xcom to 2021-01-01T00:00:00+00:00, run_after=2021-01-01T00:00:00+00:00
[2023-03-12T23:51:58.809+0000] {processor.py:175} INFO - Processing /home/airflow/.local/lib/python3.7/site-packages/airflow/example_dags/example_xcom.py took 0.324 seconds
[2023-03-12T23:52:29.124+0000] {processor.py:153} INFO - Started process (PID=4683) to work on /home/airflow/.local/lib/python3.7/site-packages/airflow/example_dags/example_xcom.py
[2023-03-12T23:52:29.128+0000] {processor.py:743} INFO - Processing file /home/airflow/.local/lib/python3.7/site-packages/airflow/example_dags/example_xcom.py for tasks to queue
[2023-03-12T23:52:29.132+0000] {logging_mixin.py:137} INFO - [2023-03-12T23:52:29.131+0000] {dagbag.py:538} INFO - Filling up the DagBag from /home/airflow/.local/lib/python3.7/site-packages/airflow/example_dags/example_xcom.py
[2023-03-12T23:52:29.234+0000] {processor.py:753} INFO - DAG(s) dict_keys(['example_xcom']) retrieved from /home/airflow/.local/lib/python3.7/site-packages/airflow/example_dags/example_xcom.py
[2023-03-12T23:52:29.301+0000] {logging_mixin.py:137} INFO - [2023-03-12T23:52:29.300+0000] {dag.py:2690} INFO - Sync 1 DAGs
[2023-03-12T23:52:29.379+0000] {logging_mixin.py:137} INFO - [2023-03-12T23:52:29.378+0000] {dag.py:3441} INFO - Setting next_dagrun for example_xcom to 2021-01-01T00:00:00+00:00, run_after=2021-01-01T00:00:00+00:00
[2023-03-12T23:52:29.472+0000] {processor.py:175} INFO - Processing /home/airflow/.local/lib/python3.7/site-packages/airflow/example_dags/example_xcom.py took 0.364 seconds
[2023-03-12T23:52:59.809+0000] {processor.py:153} INFO - Started process (PID=4755) to work on /home/airflow/.local/lib/python3.7/site-packages/airflow/example_dags/example_xcom.py
[2023-03-12T23:52:59.811+0000] {processor.py:743} INFO - Processing file /home/airflow/.local/lib/python3.7/site-packages/airflow/example_dags/example_xcom.py for tasks to queue
[2023-03-12T23:52:59.813+0000] {logging_mixin.py:137} INFO - [2023-03-12T23:52:59.813+0000] {dagbag.py:538} INFO - Filling up the DagBag from /home/airflow/.local/lib/python3.7/site-packages/airflow/example_dags/example_xcom.py
[2023-03-12T23:52:59.862+0000] {processor.py:753} INFO - DAG(s) dict_keys(['example_xcom']) retrieved from /home/airflow/.local/lib/python3.7/site-packages/airflow/example_dags/example_xcom.py
[2023-03-12T23:52:59.947+0000] {logging_mixin.py:137} INFO - [2023-03-12T23:52:59.947+0000] {dag.py:2690} INFO - Sync 1 DAGs
[2023-03-12T23:53:00.052+0000] {logging_mixin.py:137} INFO - [2023-03-12T23:53:00.051+0000] {dag.py:3441} INFO - Setting next_dagrun for example_xcom to 2021-01-01T00:00:00+00:00, run_after=2021-01-01T00:00:00+00:00
[2023-03-12T23:53:00.184+0000] {processor.py:175} INFO - Processing /home/airflow/.local/lib/python3.7/site-packages/airflow/example_dags/example_xcom.py took 0.381 seconds
[2023-03-12T23:53:30.487+0000] {processor.py:153} INFO - Started process (PID=4822) to work on /home/airflow/.local/lib/python3.7/site-packages/airflow/example_dags/example_xcom.py
[2023-03-12T23:53:30.488+0000] {processor.py:743} INFO - Processing file /home/airflow/.local/lib/python3.7/site-packages/airflow/example_dags/example_xcom.py for tasks to queue
[2023-03-12T23:53:30.495+0000] {logging_mixin.py:137} INFO - [2023-03-12T23:53:30.495+0000] {dagbag.py:538} INFO - Filling up the DagBag from /home/airflow/.local/lib/python3.7/site-packages/airflow/example_dags/example_xcom.py
[2023-03-12T23:53:30.570+0000] {processor.py:753} INFO - DAG(s) dict_keys(['example_xcom']) retrieved from /home/airflow/.local/lib/python3.7/site-packages/airflow/example_dags/example_xcom.py
[2023-03-12T23:53:30.678+0000] {logging_mixin.py:137} INFO - [2023-03-12T23:53:30.677+0000] {dag.py:2690} INFO - Sync 1 DAGs
[2023-03-12T23:53:30.766+0000] {logging_mixin.py:137} INFO - [2023-03-12T23:53:30.766+0000] {dag.py:3441} INFO - Setting next_dagrun for example_xcom to 2021-01-01T00:00:00+00:00, run_after=2021-01-01T00:00:00+00:00
[2023-03-12T23:53:30.860+0000] {processor.py:175} INFO - Processing /home/airflow/.local/lib/python3.7/site-packages/airflow/example_dags/example_xcom.py took 0.380 seconds
[2023-03-12T23:54:01.296+0000] {processor.py:153} INFO - Started process (PID=4891) to work on /home/airflow/.local/lib/python3.7/site-packages/airflow/example_dags/example_xcom.py
[2023-03-12T23:54:01.312+0000] {processor.py:743} INFO - Processing file /home/airflow/.local/lib/python3.7/site-packages/airflow/example_dags/example_xcom.py for tasks to queue
[2023-03-12T23:54:01.317+0000] {logging_mixin.py:137} INFO - [2023-03-12T23:54:01.317+0000] {dagbag.py:538} INFO - Filling up the DagBag from /home/airflow/.local/lib/python3.7/site-packages/airflow/example_dags/example_xcom.py
[2023-03-12T23:54:01.396+0000] {processor.py:753} INFO - DAG(s) dict_keys(['example_xcom']) retrieved from /home/airflow/.local/lib/python3.7/site-packages/airflow/example_dags/example_xcom.py
[2023-03-12T23:54:01.460+0000] {logging_mixin.py:137} INFO - [2023-03-12T23:54:01.459+0000] {dag.py:2690} INFO - Sync 1 DAGs
[2023-03-12T23:54:01.544+0000] {logging_mixin.py:137} INFO - [2023-03-12T23:54:01.544+0000] {dag.py:3441} INFO - Setting next_dagrun for example_xcom to 2021-01-01T00:00:00+00:00, run_after=2021-01-01T00:00:00+00:00
[2023-03-12T23:54:01.576+0000] {processor.py:175} INFO - Processing /home/airflow/.local/lib/python3.7/site-packages/airflow/example_dags/example_xcom.py took 0.296 seconds
[2023-03-12T23:54:33.376+0000] {processor.py:153} INFO - Started process (PID=4974) to work on /home/airflow/.local/lib/python3.7/site-packages/airflow/example_dags/example_xcom.py
[2023-03-12T23:54:33.378+0000] {processor.py:743} INFO - Processing file /home/airflow/.local/lib/python3.7/site-packages/airflow/example_dags/example_xcom.py for tasks to queue
[2023-03-12T23:54:33.379+0000] {logging_mixin.py:137} INFO - [2023-03-12T23:54:33.379+0000] {dagbag.py:538} INFO - Filling up the DagBag from /home/airflow/.local/lib/python3.7/site-packages/airflow/example_dags/example_xcom.py
[2023-03-12T23:54:33.445+0000] {processor.py:753} INFO - DAG(s) dict_keys(['example_xcom']) retrieved from /home/airflow/.local/lib/python3.7/site-packages/airflow/example_dags/example_xcom.py
[2023-03-12T23:54:33.517+0000] {logging_mixin.py:137} INFO - [2023-03-12T23:54:33.517+0000] {dag.py:2690} INFO - Sync 1 DAGs
[2023-03-12T23:54:33.672+0000] {logging_mixin.py:137} INFO - [2023-03-12T23:54:33.672+0000] {dag.py:3441} INFO - Setting next_dagrun for example_xcom to 2021-01-01T00:00:00+00:00, run_after=2021-01-01T00:00:00+00:00
[2023-03-12T23:54:33.730+0000] {processor.py:175} INFO - Processing /home/airflow/.local/lib/python3.7/site-packages/airflow/example_dags/example_xcom.py took 0.360 seconds
[2023-03-12T23:55:04.881+0000] {processor.py:153} INFO - Started process (PID=5057) to work on /home/airflow/.local/lib/python3.7/site-packages/airflow/example_dags/example_xcom.py
[2023-03-12T23:55:04.887+0000] {processor.py:743} INFO - Processing file /home/airflow/.local/lib/python3.7/site-packages/airflow/example_dags/example_xcom.py for tasks to queue
[2023-03-12T23:55:04.894+0000] {logging_mixin.py:137} INFO - [2023-03-12T23:55:04.893+0000] {dagbag.py:538} INFO - Filling up the DagBag from /home/airflow/.local/lib/python3.7/site-packages/airflow/example_dags/example_xcom.py
[2023-03-12T23:55:05.002+0000] {processor.py:753} INFO - DAG(s) dict_keys(['example_xcom']) retrieved from /home/airflow/.local/lib/python3.7/site-packages/airflow/example_dags/example_xcom.py
[2023-03-12T23:55:05.145+0000] {logging_mixin.py:137} INFO - [2023-03-12T23:55:05.144+0000] {dag.py:2690} INFO - Sync 1 DAGs
[2023-03-12T23:55:05.299+0000] {logging_mixin.py:137} INFO - [2023-03-12T23:55:05.287+0000] {dag.py:3441} INFO - Setting next_dagrun for example_xcom to 2021-01-01T00:00:00+00:00, run_after=2021-01-01T00:00:00+00:00
[2023-03-12T23:55:05.411+0000] {processor.py:175} INFO - Processing /home/airflow/.local/lib/python3.7/site-packages/airflow/example_dags/example_xcom.py took 0.535 seconds
[2023-03-12T23:55:36.124+0000] {processor.py:153} INFO - Started process (PID=5130) to work on /home/airflow/.local/lib/python3.7/site-packages/airflow/example_dags/example_xcom.py
[2023-03-12T23:55:36.126+0000] {processor.py:743} INFO - Processing file /home/airflow/.local/lib/python3.7/site-packages/airflow/example_dags/example_xcom.py for tasks to queue
[2023-03-12T23:55:36.131+0000] {logging_mixin.py:137} INFO - [2023-03-12T23:55:36.131+0000] {dagbag.py:538} INFO - Filling up the DagBag from /home/airflow/.local/lib/python3.7/site-packages/airflow/example_dags/example_xcom.py
[2023-03-12T23:55:36.178+0000] {processor.py:753} INFO - DAG(s) dict_keys(['example_xcom']) retrieved from /home/airflow/.local/lib/python3.7/site-packages/airflow/example_dags/example_xcom.py
[2023-03-12T23:55:36.226+0000] {logging_mixin.py:137} INFO - [2023-03-12T23:55:36.226+0000] {dag.py:2690} INFO - Sync 1 DAGs
[2023-03-12T23:55:36.273+0000] {logging_mixin.py:137} INFO - [2023-03-12T23:55:36.271+0000] {dag.py:3441} INFO - Setting next_dagrun for example_xcom to 2021-01-01T00:00:00+00:00, run_after=2021-01-01T00:00:00+00:00
[2023-03-12T23:55:36.313+0000] {processor.py:175} INFO - Processing /home/airflow/.local/lib/python3.7/site-packages/airflow/example_dags/example_xcom.py took 0.196 seconds
[2023-03-12T23:58:53.284+0000] {processor.py:153} INFO - Started process (PID=50) to work on /home/airflow/.local/lib/python3.7/site-packages/airflow/example_dags/example_xcom.py
[2023-03-12T23:58:53.286+0000] {processor.py:743} INFO - Processing file /home/airflow/.local/lib/python3.7/site-packages/airflow/example_dags/example_xcom.py for tasks to queue
[2023-03-12T23:58:53.287+0000] {logging_mixin.py:137} INFO - [2023-03-12T23:58:53.287+0000] {dagbag.py:538} INFO - Filling up the DagBag from /home/airflow/.local/lib/python3.7/site-packages/airflow/example_dags/example_xcom.py
[2023-03-12T23:58:53.326+0000] {processor.py:753} INFO - DAG(s) dict_keys(['example_xcom']) retrieved from /home/airflow/.local/lib/python3.7/site-packages/airflow/example_dags/example_xcom.py
[2023-03-12T23:58:53.351+0000] {logging_mixin.py:137} INFO - [2023-03-12T23:58:53.351+0000] {dag.py:2690} INFO - Sync 1 DAGs
[2023-03-12T23:58:53.427+0000] {logging_mixin.py:137} INFO - [2023-03-12T23:58:53.427+0000] {dag.py:3441} INFO - Setting next_dagrun for example_xcom to 2021-01-01T00:00:00+00:00, run_after=2021-01-01T00:00:00+00:00
[2023-03-12T23:58:53.469+0000] {processor.py:175} INFO - Processing /home/airflow/.local/lib/python3.7/site-packages/airflow/example_dags/example_xcom.py took 0.191 seconds
[2023-03-12T23:59:24.235+0000] {processor.py:153} INFO - Started process (PID=131) to work on /home/airflow/.local/lib/python3.7/site-packages/airflow/example_dags/example_xcom.py
[2023-03-12T23:59:24.237+0000] {processor.py:743} INFO - Processing file /home/airflow/.local/lib/python3.7/site-packages/airflow/example_dags/example_xcom.py for tasks to queue
[2023-03-12T23:59:24.238+0000] {logging_mixin.py:137} INFO - [2023-03-12T23:59:24.238+0000] {dagbag.py:538} INFO - Filling up the DagBag from /home/airflow/.local/lib/python3.7/site-packages/airflow/example_dags/example_xcom.py
[2023-03-12T23:59:24.267+0000] {processor.py:753} INFO - DAG(s) dict_keys(['example_xcom']) retrieved from /home/airflow/.local/lib/python3.7/site-packages/airflow/example_dags/example_xcom.py
[2023-03-12T23:59:24.307+0000] {logging_mixin.py:137} INFO - [2023-03-12T23:59:24.307+0000] {dag.py:2690} INFO - Sync 1 DAGs
[2023-03-12T23:59:24.352+0000] {logging_mixin.py:137} INFO - [2023-03-12T23:59:24.352+0000] {dag.py:3441} INFO - Setting next_dagrun for example_xcom to 2021-01-01T00:00:00+00:00, run_after=2021-01-01T00:00:00+00:00
[2023-03-12T23:59:24.383+0000] {processor.py:175} INFO - Processing /home/airflow/.local/lib/python3.7/site-packages/airflow/example_dags/example_xcom.py took 0.153 seconds
[2023-03-12T23:59:54.931+0000] {processor.py:153} INFO - Started process (PID=204) to work on /home/airflow/.local/lib/python3.7/site-packages/airflow/example_dags/example_xcom.py
[2023-03-12T23:59:54.933+0000] {processor.py:743} INFO - Processing file /home/airflow/.local/lib/python3.7/site-packages/airflow/example_dags/example_xcom.py for tasks to queue
[2023-03-12T23:59:54.934+0000] {logging_mixin.py:137} INFO - [2023-03-12T23:59:54.934+0000] {dagbag.py:538} INFO - Filling up the DagBag from /home/airflow/.local/lib/python3.7/site-packages/airflow/example_dags/example_xcom.py
[2023-03-12T23:59:54.957+0000] {processor.py:753} INFO - DAG(s) dict_keys(['example_xcom']) retrieved from /home/airflow/.local/lib/python3.7/site-packages/airflow/example_dags/example_xcom.py
[2023-03-12T23:59:54.989+0000] {logging_mixin.py:137} INFO - [2023-03-12T23:59:54.988+0000] {dag.py:2690} INFO - Sync 1 DAGs
[2023-03-12T23:59:55.019+0000] {logging_mixin.py:137} INFO - [2023-03-12T23:59:55.019+0000] {dag.py:3441} INFO - Setting next_dagrun for example_xcom to 2021-01-01T00:00:00+00:00, run_after=2021-01-01T00:00:00+00:00
[2023-03-12T23:59:55.040+0000] {processor.py:175} INFO - Processing /home/airflow/.local/lib/python3.7/site-packages/airflow/example_dags/example_xcom.py took 0.112 seconds
