[2023-03-12T23:18:14.463+0000] {processor.py:153} INFO - Started process (PID=96) to work on /home/airflow/.local/lib/python3.7/site-packages/airflow/example_dags/example_sensors.py
[2023-03-12T23:18:14.466+0000] {processor.py:743} INFO - Processing file /home/airflow/.local/lib/python3.7/site-packages/airflow/example_dags/example_sensors.py for tasks to queue
[2023-03-12T23:18:14.468+0000] {logging_mixin.py:137} INFO - [2023-03-12T23:18:14.468+0000] {dagbag.py:538} INFO - Filling up the DagBag from /home/airflow/.local/lib/python3.7/site-packages/airflow/example_dags/example_sensors.py
[2023-03-12T23:18:14.582+0000] {processor.py:753} INFO - DAG(s) dict_keys(['example_sensors']) retrieved from /home/airflow/.local/lib/python3.7/site-packages/airflow/example_dags/example_sensors.py
[2023-03-12T23:18:14.713+0000] {logging_mixin.py:137} INFO - [2023-03-12T23:18:14.713+0000] {dag.py:2690} INFO - Sync 1 DAGs
[2023-03-12T23:18:14.834+0000] {logging_mixin.py:137} INFO - [2023-03-12T23:18:14.833+0000] {dag.py:3441} INFO - Setting next_dagrun for example_sensors to None, run_after=None
[2023-03-12T23:18:14.937+0000] {processor.py:175} INFO - Processing /home/airflow/.local/lib/python3.7/site-packages/airflow/example_dags/example_sensors.py took 0.488 seconds
[2023-03-12T23:18:55.037+0000] {processor.py:153} INFO - Started process (PID=161) to work on /home/airflow/.local/lib/python3.7/site-packages/airflow/example_dags/example_sensors.py
[2023-03-12T23:18:55.042+0000] {processor.py:743} INFO - Processing file /home/airflow/.local/lib/python3.7/site-packages/airflow/example_dags/example_sensors.py for tasks to queue
[2023-03-12T23:18:55.046+0000] {logging_mixin.py:137} INFO - [2023-03-12T23:18:55.046+0000] {dagbag.py:538} INFO - Filling up the DagBag from /home/airflow/.local/lib/python3.7/site-packages/airflow/example_dags/example_sensors.py
[2023-03-12T23:18:55.137+0000] {processor.py:753} INFO - DAG(s) dict_keys(['example_sensors']) retrieved from /home/airflow/.local/lib/python3.7/site-packages/airflow/example_dags/example_sensors.py
[2023-03-12T23:18:55.269+0000] {logging_mixin.py:137} INFO - [2023-03-12T23:18:55.268+0000] {dag.py:2690} INFO - Sync 1 DAGs
[2023-03-12T23:18:55.361+0000] {logging_mixin.py:137} INFO - [2023-03-12T23:18:55.360+0000] {dag.py:3441} INFO - Setting next_dagrun for example_sensors to None, run_after=None
[2023-03-12T23:18:55.447+0000] {processor.py:175} INFO - Processing /home/airflow/.local/lib/python3.7/site-packages/airflow/example_dags/example_sensors.py took 0.429 seconds
[2023-03-12T23:19:27.559+0000] {processor.py:153} INFO - Started process (PID=233) to work on /home/airflow/.local/lib/python3.7/site-packages/airflow/example_dags/example_sensors.py
[2023-03-12T23:19:27.572+0000] {processor.py:743} INFO - Processing file /home/airflow/.local/lib/python3.7/site-packages/airflow/example_dags/example_sensors.py for tasks to queue
[2023-03-12T23:19:27.576+0000] {logging_mixin.py:137} INFO - [2023-03-12T23:19:27.575+0000] {dagbag.py:538} INFO - Filling up the DagBag from /home/airflow/.local/lib/python3.7/site-packages/airflow/example_dags/example_sensors.py
[2023-03-12T23:19:27.720+0000] {processor.py:753} INFO - DAG(s) dict_keys(['example_sensors']) retrieved from /home/airflow/.local/lib/python3.7/site-packages/airflow/example_dags/example_sensors.py
[2023-03-12T23:19:28.433+0000] {logging_mixin.py:137} INFO - [2023-03-12T23:19:28.422+0000] {dag.py:2690} INFO - Sync 1 DAGs
[2023-03-12T23:19:28.603+0000] {logging_mixin.py:137} INFO - [2023-03-12T23:19:28.602+0000] {dag.py:3441} INFO - Setting next_dagrun for example_sensors to None, run_after=None
[2023-03-12T23:19:28.729+0000] {processor.py:175} INFO - Processing /home/airflow/.local/lib/python3.7/site-packages/airflow/example_dags/example_sensors.py took 1.189 seconds
[2023-03-12T23:19:59.185+0000] {processor.py:153} INFO - Started process (PID=297) to work on /home/airflow/.local/lib/python3.7/site-packages/airflow/example_dags/example_sensors.py
[2023-03-12T23:19:59.162+0000] {processor.py:743} INFO - Processing file /home/airflow/.local/lib/python3.7/site-packages/airflow/example_dags/example_sensors.py for tasks to queue
[2023-03-12T23:19:59.165+0000] {logging_mixin.py:137} INFO - [2023-03-12T23:19:59.164+0000] {dagbag.py:538} INFO - Filling up the DagBag from /home/airflow/.local/lib/python3.7/site-packages/airflow/example_dags/example_sensors.py
[2023-03-12T23:19:59.270+0000] {processor.py:753} INFO - DAG(s) dict_keys(['example_sensors']) retrieved from /home/airflow/.local/lib/python3.7/site-packages/airflow/example_dags/example_sensors.py
[2023-03-12T23:19:59.420+0000] {logging_mixin.py:137} INFO - [2023-03-12T23:19:59.419+0000] {dag.py:2690} INFO - Sync 1 DAGs
[2023-03-12T23:19:59.576+0000] {logging_mixin.py:137} INFO - [2023-03-12T23:19:59.575+0000] {dag.py:3441} INFO - Setting next_dagrun for example_sensors to None, run_after=None
[2023-03-12T23:19:59.668+0000] {processor.py:175} INFO - Processing /home/airflow/.local/lib/python3.7/site-packages/airflow/example_dags/example_sensors.py took 0.529 seconds
[2023-03-12T23:20:30.104+0000] {processor.py:153} INFO - Started process (PID=362) to work on /home/airflow/.local/lib/python3.7/site-packages/airflow/example_dags/example_sensors.py
[2023-03-12T23:20:30.111+0000] {processor.py:743} INFO - Processing file /home/airflow/.local/lib/python3.7/site-packages/airflow/example_dags/example_sensors.py for tasks to queue
[2023-03-12T23:20:30.114+0000] {logging_mixin.py:137} INFO - [2023-03-12T23:20:30.114+0000] {dagbag.py:538} INFO - Filling up the DagBag from /home/airflow/.local/lib/python3.7/site-packages/airflow/example_dags/example_sensors.py
[2023-03-12T23:20:30.184+0000] {processor.py:753} INFO - DAG(s) dict_keys(['example_sensors']) retrieved from /home/airflow/.local/lib/python3.7/site-packages/airflow/example_dags/example_sensors.py
[2023-03-12T23:20:30.295+0000] {logging_mixin.py:137} INFO - [2023-03-12T23:20:30.295+0000] {dag.py:2690} INFO - Sync 1 DAGs
[2023-03-12T23:20:30.395+0000] {logging_mixin.py:137} INFO - [2023-03-12T23:20:30.395+0000] {dag.py:3441} INFO - Setting next_dagrun for example_sensors to None, run_after=None
[2023-03-12T23:20:30.462+0000] {processor.py:175} INFO - Processing /home/airflow/.local/lib/python3.7/site-packages/airflow/example_dags/example_sensors.py took 0.367 seconds
[2023-03-12T23:21:01.252+0000] {processor.py:153} INFO - Started process (PID=434) to work on /home/airflow/.local/lib/python3.7/site-packages/airflow/example_dags/example_sensors.py
[2023-03-12T23:21:01.254+0000] {processor.py:743} INFO - Processing file /home/airflow/.local/lib/python3.7/site-packages/airflow/example_dags/example_sensors.py for tasks to queue
[2023-03-12T23:21:01.259+0000] {logging_mixin.py:137} INFO - [2023-03-12T23:21:01.258+0000] {dagbag.py:538} INFO - Filling up the DagBag from /home/airflow/.local/lib/python3.7/site-packages/airflow/example_dags/example_sensors.py
[2023-03-12T23:21:01.363+0000] {processor.py:753} INFO - DAG(s) dict_keys(['example_sensors']) retrieved from /home/airflow/.local/lib/python3.7/site-packages/airflow/example_dags/example_sensors.py
[2023-03-12T23:21:01.514+0000] {logging_mixin.py:137} INFO - [2023-03-12T23:21:01.514+0000] {dag.py:2690} INFO - Sync 1 DAGs
[2023-03-12T23:21:01.664+0000] {logging_mixin.py:137} INFO - [2023-03-12T23:21:01.664+0000] {dag.py:3441} INFO - Setting next_dagrun for example_sensors to None, run_after=None
[2023-03-12T23:21:01.745+0000] {processor.py:175} INFO - Processing /home/airflow/.local/lib/python3.7/site-packages/airflow/example_dags/example_sensors.py took 0.509 seconds
[2023-03-12T23:21:32.098+0000] {processor.py:153} INFO - Started process (PID=490) to work on /home/airflow/.local/lib/python3.7/site-packages/airflow/example_dags/example_sensors.py
[2023-03-12T23:21:32.101+0000] {processor.py:743} INFO - Processing file /home/airflow/.local/lib/python3.7/site-packages/airflow/example_dags/example_sensors.py for tasks to queue
[2023-03-12T23:21:32.103+0000] {logging_mixin.py:137} INFO - [2023-03-12T23:21:32.103+0000] {dagbag.py:538} INFO - Filling up the DagBag from /home/airflow/.local/lib/python3.7/site-packages/airflow/example_dags/example_sensors.py
[2023-03-12T23:21:32.180+0000] {processor.py:753} INFO - DAG(s) dict_keys(['example_sensors']) retrieved from /home/airflow/.local/lib/python3.7/site-packages/airflow/example_dags/example_sensors.py
[2023-03-12T23:21:32.282+0000] {logging_mixin.py:137} INFO - [2023-03-12T23:21:32.281+0000] {dag.py:2690} INFO - Sync 1 DAGs
[2023-03-12T23:21:32.365+0000] {logging_mixin.py:137} INFO - [2023-03-12T23:21:32.365+0000] {dag.py:3441} INFO - Setting next_dagrun for example_sensors to None, run_after=None
[2023-03-12T23:21:32.454+0000] {processor.py:175} INFO - Processing /home/airflow/.local/lib/python3.7/site-packages/airflow/example_dags/example_sensors.py took 0.362 seconds
[2023-03-12T23:22:04.870+0000] {processor.py:153} INFO - Started process (PID=562) to work on /home/airflow/.local/lib/python3.7/site-packages/airflow/example_dags/example_sensors.py
[2023-03-12T23:22:04.875+0000] {processor.py:743} INFO - Processing file /home/airflow/.local/lib/python3.7/site-packages/airflow/example_dags/example_sensors.py for tasks to queue
[2023-03-12T23:22:04.886+0000] {logging_mixin.py:137} INFO - [2023-03-12T23:22:04.885+0000] {dagbag.py:538} INFO - Filling up the DagBag from /home/airflow/.local/lib/python3.7/site-packages/airflow/example_dags/example_sensors.py
[2023-03-12T23:22:05.044+0000] {processor.py:753} INFO - DAG(s) dict_keys(['example_sensors']) retrieved from /home/airflow/.local/lib/python3.7/site-packages/airflow/example_dags/example_sensors.py
[2023-03-12T23:22:05.230+0000] {logging_mixin.py:137} INFO - [2023-03-12T23:22:05.229+0000] {dag.py:2690} INFO - Sync 1 DAGs
[2023-03-12T23:22:05.408+0000] {logging_mixin.py:137} INFO - [2023-03-12T23:22:05.407+0000] {dag.py:3441} INFO - Setting next_dagrun for example_sensors to None, run_after=None
[2023-03-12T23:22:05.565+0000] {processor.py:175} INFO - Processing /home/airflow/.local/lib/python3.7/site-packages/airflow/example_dags/example_sensors.py took 0.713 seconds
[2023-03-12T23:22:36.306+0000] {processor.py:153} INFO - Started process (PID=618) to work on /home/airflow/.local/lib/python3.7/site-packages/airflow/example_dags/example_sensors.py
[2023-03-12T23:22:36.312+0000] {processor.py:743} INFO - Processing file /home/airflow/.local/lib/python3.7/site-packages/airflow/example_dags/example_sensors.py for tasks to queue
[2023-03-12T23:22:36.321+0000] {logging_mixin.py:137} INFO - [2023-03-12T23:22:36.321+0000] {dagbag.py:538} INFO - Filling up the DagBag from /home/airflow/.local/lib/python3.7/site-packages/airflow/example_dags/example_sensors.py
[2023-03-12T23:22:36.431+0000] {processor.py:753} INFO - DAG(s) dict_keys(['example_sensors']) retrieved from /home/airflow/.local/lib/python3.7/site-packages/airflow/example_dags/example_sensors.py
[2023-03-12T23:22:36.972+0000] {logging_mixin.py:137} INFO - [2023-03-12T23:22:36.972+0000] {dag.py:2690} INFO - Sync 1 DAGs
[2023-03-12T23:22:37.216+0000] {logging_mixin.py:137} INFO - [2023-03-12T23:22:37.215+0000] {dag.py:3441} INFO - Setting next_dagrun for example_sensors to None, run_after=None
[2023-03-12T23:22:37.357+0000] {processor.py:175} INFO - Processing /home/airflow/.local/lib/python3.7/site-packages/airflow/example_dags/example_sensors.py took 1.059 seconds
[2023-03-12T23:23:07.517+0000] {processor.py:153} INFO - Started process (PID=690) to work on /home/airflow/.local/lib/python3.7/site-packages/airflow/example_dags/example_sensors.py
[2023-03-12T23:23:07.520+0000] {processor.py:743} INFO - Processing file /home/airflow/.local/lib/python3.7/site-packages/airflow/example_dags/example_sensors.py for tasks to queue
[2023-03-12T23:23:07.525+0000] {logging_mixin.py:137} INFO - [2023-03-12T23:23:07.524+0000] {dagbag.py:538} INFO - Filling up the DagBag from /home/airflow/.local/lib/python3.7/site-packages/airflow/example_dags/example_sensors.py
[2023-03-12T23:23:07.645+0000] {processor.py:753} INFO - DAG(s) dict_keys(['example_sensors']) retrieved from /home/airflow/.local/lib/python3.7/site-packages/airflow/example_dags/example_sensors.py
[2023-03-12T23:23:07.822+0000] {logging_mixin.py:137} INFO - [2023-03-12T23:23:07.822+0000] {dag.py:2690} INFO - Sync 1 DAGs
[2023-03-12T23:23:08.013+0000] {logging_mixin.py:137} INFO - [2023-03-12T23:23:08.013+0000] {dag.py:3441} INFO - Setting next_dagrun for example_sensors to None, run_after=None
[2023-03-12T23:23:08.117+0000] {processor.py:175} INFO - Processing /home/airflow/.local/lib/python3.7/site-packages/airflow/example_dags/example_sensors.py took 0.618 seconds
[2023-03-12T23:23:39.406+0000] {processor.py:153} INFO - Started process (PID=756) to work on /home/airflow/.local/lib/python3.7/site-packages/airflow/example_dags/example_sensors.py
[2023-03-12T23:23:39.413+0000] {processor.py:743} INFO - Processing file /home/airflow/.local/lib/python3.7/site-packages/airflow/example_dags/example_sensors.py for tasks to queue
[2023-03-12T23:23:39.414+0000] {logging_mixin.py:137} INFO - [2023-03-12T23:23:39.414+0000] {dagbag.py:538} INFO - Filling up the DagBag from /home/airflow/.local/lib/python3.7/site-packages/airflow/example_dags/example_sensors.py
[2023-03-12T23:23:39.511+0000] {processor.py:753} INFO - DAG(s) dict_keys(['example_sensors']) retrieved from /home/airflow/.local/lib/python3.7/site-packages/airflow/example_dags/example_sensors.py
[2023-03-12T23:23:39.650+0000] {logging_mixin.py:137} INFO - [2023-03-12T23:23:39.650+0000] {dag.py:2690} INFO - Sync 1 DAGs
[2023-03-12T23:23:39.807+0000] {logging_mixin.py:137} INFO - [2023-03-12T23:23:39.807+0000] {dag.py:3441} INFO - Setting next_dagrun for example_sensors to None, run_after=None
[2023-03-12T23:23:39.904+0000] {processor.py:175} INFO - Processing /home/airflow/.local/lib/python3.7/site-packages/airflow/example_dags/example_sensors.py took 0.509 seconds
[2023-03-12T23:24:10.694+0000] {processor.py:153} INFO - Started process (PID=822) to work on /home/airflow/.local/lib/python3.7/site-packages/airflow/example_dags/example_sensors.py
[2023-03-12T23:24:10.696+0000] {processor.py:743} INFO - Processing file /home/airflow/.local/lib/python3.7/site-packages/airflow/example_dags/example_sensors.py for tasks to queue
[2023-03-12T23:24:10.707+0000] {logging_mixin.py:137} INFO - [2023-03-12T23:24:10.698+0000] {dagbag.py:538} INFO - Filling up the DagBag from /home/airflow/.local/lib/python3.7/site-packages/airflow/example_dags/example_sensors.py
[2023-03-12T23:24:10.800+0000] {processor.py:753} INFO - DAG(s) dict_keys(['example_sensors']) retrieved from /home/airflow/.local/lib/python3.7/site-packages/airflow/example_dags/example_sensors.py
[2023-03-12T23:24:10.935+0000] {logging_mixin.py:137} INFO - [2023-03-12T23:24:10.935+0000] {dag.py:2690} INFO - Sync 1 DAGs
[2023-03-12T23:24:11.109+0000] {logging_mixin.py:137} INFO - [2023-03-12T23:24:11.108+0000] {dag.py:3441} INFO - Setting next_dagrun for example_sensors to None, run_after=None
[2023-03-12T23:24:11.205+0000] {processor.py:175} INFO - Processing /home/airflow/.local/lib/python3.7/site-packages/airflow/example_dags/example_sensors.py took 0.529 seconds
[2023-03-12T23:24:42.935+0000] {processor.py:153} INFO - Started process (PID=891) to work on /home/airflow/.local/lib/python3.7/site-packages/airflow/example_dags/example_sensors.py
[2023-03-12T23:24:42.941+0000] {processor.py:743} INFO - Processing file /home/airflow/.local/lib/python3.7/site-packages/airflow/example_dags/example_sensors.py for tasks to queue
[2023-03-12T23:24:42.945+0000] {logging_mixin.py:137} INFO - [2023-03-12T23:24:42.944+0000] {dagbag.py:538} INFO - Filling up the DagBag from /home/airflow/.local/lib/python3.7/site-packages/airflow/example_dags/example_sensors.py
[2023-03-12T23:24:43.078+0000] {processor.py:753} INFO - DAG(s) dict_keys(['example_sensors']) retrieved from /home/airflow/.local/lib/python3.7/site-packages/airflow/example_dags/example_sensors.py
[2023-03-12T23:24:43.222+0000] {logging_mixin.py:137} INFO - [2023-03-12T23:24:43.222+0000] {dag.py:2690} INFO - Sync 1 DAGs
[2023-03-12T23:24:43.444+0000] {logging_mixin.py:137} INFO - [2023-03-12T23:24:43.444+0000] {dag.py:3441} INFO - Setting next_dagrun for example_sensors to None, run_after=None
[2023-03-12T23:24:43.564+0000] {processor.py:175} INFO - Processing /home/airflow/.local/lib/python3.7/site-packages/airflow/example_dags/example_sensors.py took 0.646 seconds
[2023-03-12T23:25:15.073+0000] {processor.py:153} INFO - Started process (PID=962) to work on /home/airflow/.local/lib/python3.7/site-packages/airflow/example_dags/example_sensors.py
[2023-03-12T23:25:15.088+0000] {processor.py:743} INFO - Processing file /home/airflow/.local/lib/python3.7/site-packages/airflow/example_dags/example_sensors.py for tasks to queue
[2023-03-12T23:25:15.098+0000] {logging_mixin.py:137} INFO - [2023-03-12T23:25:15.098+0000] {dagbag.py:538} INFO - Filling up the DagBag from /home/airflow/.local/lib/python3.7/site-packages/airflow/example_dags/example_sensors.py
[2023-03-12T23:25:15.172+0000] {processor.py:753} INFO - DAG(s) dict_keys(['example_sensors']) retrieved from /home/airflow/.local/lib/python3.7/site-packages/airflow/example_dags/example_sensors.py
[2023-03-12T23:25:15.335+0000] {logging_mixin.py:137} INFO - [2023-03-12T23:25:15.334+0000] {dag.py:2690} INFO - Sync 1 DAGs
[2023-03-12T23:25:15.453+0000] {logging_mixin.py:137} INFO - [2023-03-12T23:25:15.453+0000] {dag.py:3441} INFO - Setting next_dagrun for example_sensors to None, run_after=None
[2023-03-12T23:25:15.531+0000] {processor.py:175} INFO - Processing /home/airflow/.local/lib/python3.7/site-packages/airflow/example_dags/example_sensors.py took 0.467 seconds
[2023-03-12T23:25:47.001+0000] {processor.py:153} INFO - Started process (PID=1039) to work on /home/airflow/.local/lib/python3.7/site-packages/airflow/example_dags/example_sensors.py
[2023-03-12T23:25:47.012+0000] {processor.py:743} INFO - Processing file /home/airflow/.local/lib/python3.7/site-packages/airflow/example_dags/example_sensors.py for tasks to queue
[2023-03-12T23:25:47.015+0000] {logging_mixin.py:137} INFO - [2023-03-12T23:25:47.014+0000] {dagbag.py:538} INFO - Filling up the DagBag from /home/airflow/.local/lib/python3.7/site-packages/airflow/example_dags/example_sensors.py
[2023-03-12T23:25:47.125+0000] {processor.py:753} INFO - DAG(s) dict_keys(['example_sensors']) retrieved from /home/airflow/.local/lib/python3.7/site-packages/airflow/example_dags/example_sensors.py
[2023-03-12T23:25:47.304+0000] {logging_mixin.py:137} INFO - [2023-03-12T23:25:47.303+0000] {dag.py:2690} INFO - Sync 1 DAGs
[2023-03-12T23:25:47.536+0000] {logging_mixin.py:137} INFO - [2023-03-12T23:25:47.536+0000] {dag.py:3441} INFO - Setting next_dagrun for example_sensors to None, run_after=None
[2023-03-12T23:25:47.692+0000] {processor.py:175} INFO - Processing /home/airflow/.local/lib/python3.7/site-packages/airflow/example_dags/example_sensors.py took 0.697 seconds
[2023-03-12T23:26:17.991+0000] {processor.py:153} INFO - Started process (PID=1102) to work on /home/airflow/.local/lib/python3.7/site-packages/airflow/example_dags/example_sensors.py
[2023-03-12T23:26:17.996+0000] {processor.py:743} INFO - Processing file /home/airflow/.local/lib/python3.7/site-packages/airflow/example_dags/example_sensors.py for tasks to queue
[2023-03-12T23:26:17.998+0000] {logging_mixin.py:137} INFO - [2023-03-12T23:26:17.998+0000] {dagbag.py:538} INFO - Filling up the DagBag from /home/airflow/.local/lib/python3.7/site-packages/airflow/example_dags/example_sensors.py
[2023-03-12T23:26:18.109+0000] {processor.py:753} INFO - DAG(s) dict_keys(['example_sensors']) retrieved from /home/airflow/.local/lib/python3.7/site-packages/airflow/example_dags/example_sensors.py
[2023-03-12T23:26:18.196+0000] {logging_mixin.py:137} INFO - [2023-03-12T23:26:18.196+0000] {dag.py:2690} INFO - Sync 1 DAGs
[2023-03-12T23:26:18.311+0000] {logging_mixin.py:137} INFO - [2023-03-12T23:26:18.311+0000] {dag.py:3441} INFO - Setting next_dagrun for example_sensors to None, run_after=None
[2023-03-12T23:26:18.456+0000] {processor.py:175} INFO - Processing /home/airflow/.local/lib/python3.7/site-packages/airflow/example_dags/example_sensors.py took 0.482 seconds
[2023-03-12T23:26:53.137+0000] {processor.py:153} INFO - Started process (PID=1182) to work on /home/airflow/.local/lib/python3.7/site-packages/airflow/example_dags/example_sensors.py
[2023-03-12T23:26:53.142+0000] {processor.py:743} INFO - Processing file /home/airflow/.local/lib/python3.7/site-packages/airflow/example_dags/example_sensors.py for tasks to queue
[2023-03-12T23:26:53.158+0000] {logging_mixin.py:137} INFO - [2023-03-12T23:26:53.158+0000] {dagbag.py:538} INFO - Filling up the DagBag from /home/airflow/.local/lib/python3.7/site-packages/airflow/example_dags/example_sensors.py
[2023-03-12T23:26:53.275+0000] {processor.py:753} INFO - DAG(s) dict_keys(['example_sensors']) retrieved from /home/airflow/.local/lib/python3.7/site-packages/airflow/example_dags/example_sensors.py
[2023-03-12T23:26:53.452+0000] {logging_mixin.py:137} INFO - [2023-03-12T23:26:53.452+0000] {dag.py:2690} INFO - Sync 1 DAGs
[2023-03-12T23:26:53.643+0000] {logging_mixin.py:137} INFO - [2023-03-12T23:26:53.642+0000] {dag.py:3441} INFO - Setting next_dagrun for example_sensors to None, run_after=None
[2023-03-12T23:26:53.776+0000] {processor.py:175} INFO - Processing /home/airflow/.local/lib/python3.7/site-packages/airflow/example_dags/example_sensors.py took 0.645 seconds
[2023-03-12T23:27:26.304+0000] {processor.py:153} INFO - Started process (PID=1261) to work on /home/airflow/.local/lib/python3.7/site-packages/airflow/example_dags/example_sensors.py
[2023-03-12T23:27:26.310+0000] {processor.py:743} INFO - Processing file /home/airflow/.local/lib/python3.7/site-packages/airflow/example_dags/example_sensors.py for tasks to queue
[2023-03-12T23:27:26.323+0000] {logging_mixin.py:137} INFO - [2023-03-12T23:27:26.323+0000] {dagbag.py:538} INFO - Filling up the DagBag from /home/airflow/.local/lib/python3.7/site-packages/airflow/example_dags/example_sensors.py
[2023-03-12T23:27:26.486+0000] {processor.py:753} INFO - DAG(s) dict_keys(['example_sensors']) retrieved from /home/airflow/.local/lib/python3.7/site-packages/airflow/example_dags/example_sensors.py
[2023-03-12T23:27:26.689+0000] {logging_mixin.py:137} INFO - [2023-03-12T23:27:26.688+0000] {dag.py:2690} INFO - Sync 1 DAGs
[2023-03-12T23:27:26.833+0000] {logging_mixin.py:137} INFO - [2023-03-12T23:27:26.832+0000] {dag.py:3441} INFO - Setting next_dagrun for example_sensors to None, run_after=None
[2023-03-12T23:27:26.951+0000] {processor.py:175} INFO - Processing /home/airflow/.local/lib/python3.7/site-packages/airflow/example_dags/example_sensors.py took 0.663 seconds
[2023-03-12T23:27:57.138+0000] {processor.py:153} INFO - Started process (PID=1322) to work on /home/airflow/.local/lib/python3.7/site-packages/airflow/example_dags/example_sensors.py
[2023-03-12T23:27:57.140+0000] {processor.py:743} INFO - Processing file /home/airflow/.local/lib/python3.7/site-packages/airflow/example_dags/example_sensors.py for tasks to queue
[2023-03-12T23:27:57.142+0000] {logging_mixin.py:137} INFO - [2023-03-12T23:27:57.141+0000] {dagbag.py:538} INFO - Filling up the DagBag from /home/airflow/.local/lib/python3.7/site-packages/airflow/example_dags/example_sensors.py
[2023-03-12T23:27:57.203+0000] {processor.py:753} INFO - DAG(s) dict_keys(['example_sensors']) retrieved from /home/airflow/.local/lib/python3.7/site-packages/airflow/example_dags/example_sensors.py
[2023-03-12T23:27:57.311+0000] {logging_mixin.py:137} INFO - [2023-03-12T23:27:57.310+0000] {dag.py:2690} INFO - Sync 1 DAGs
[2023-03-12T23:27:57.417+0000] {logging_mixin.py:137} INFO - [2023-03-12T23:27:57.417+0000] {dag.py:3441} INFO - Setting next_dagrun for example_sensors to None, run_after=None
[2023-03-12T23:27:57.526+0000] {processor.py:175} INFO - Processing /home/airflow/.local/lib/python3.7/site-packages/airflow/example_dags/example_sensors.py took 0.394 seconds
[2023-03-12T23:28:27.768+0000] {processor.py:153} INFO - Started process (PID=1395) to work on /home/airflow/.local/lib/python3.7/site-packages/airflow/example_dags/example_sensors.py
[2023-03-12T23:28:27.771+0000] {processor.py:743} INFO - Processing file /home/airflow/.local/lib/python3.7/site-packages/airflow/example_dags/example_sensors.py for tasks to queue
[2023-03-12T23:28:27.774+0000] {logging_mixin.py:137} INFO - [2023-03-12T23:28:27.774+0000] {dagbag.py:538} INFO - Filling up the DagBag from /home/airflow/.local/lib/python3.7/site-packages/airflow/example_dags/example_sensors.py
[2023-03-12T23:28:27.846+0000] {processor.py:753} INFO - DAG(s) dict_keys(['example_sensors']) retrieved from /home/airflow/.local/lib/python3.7/site-packages/airflow/example_dags/example_sensors.py
[2023-03-12T23:28:27.971+0000] {logging_mixin.py:137} INFO - [2023-03-12T23:28:27.971+0000] {dag.py:2690} INFO - Sync 1 DAGs
[2023-03-12T23:28:28.115+0000] {logging_mixin.py:137} INFO - [2023-03-12T23:28:28.115+0000] {dag.py:3441} INFO - Setting next_dagrun for example_sensors to None, run_after=None
[2023-03-12T23:28:28.217+0000] {processor.py:175} INFO - Processing /home/airflow/.local/lib/python3.7/site-packages/airflow/example_dags/example_sensors.py took 0.465 seconds
[2023-03-12T23:28:58.504+0000] {processor.py:153} INFO - Started process (PID=1457) to work on /home/airflow/.local/lib/python3.7/site-packages/airflow/example_dags/example_sensors.py
[2023-03-12T23:28:58.506+0000] {processor.py:743} INFO - Processing file /home/airflow/.local/lib/python3.7/site-packages/airflow/example_dags/example_sensors.py for tasks to queue
[2023-03-12T23:28:58.520+0000] {logging_mixin.py:137} INFO - [2023-03-12T23:28:58.519+0000] {dagbag.py:538} INFO - Filling up the DagBag from /home/airflow/.local/lib/python3.7/site-packages/airflow/example_dags/example_sensors.py
[2023-03-12T23:28:58.605+0000] {processor.py:753} INFO - DAG(s) dict_keys(['example_sensors']) retrieved from /home/airflow/.local/lib/python3.7/site-packages/airflow/example_dags/example_sensors.py
[2023-03-12T23:28:59.098+0000] {logging_mixin.py:137} INFO - [2023-03-12T23:28:59.098+0000] {dag.py:2690} INFO - Sync 1 DAGs
[2023-03-12T23:28:59.208+0000] {logging_mixin.py:137} INFO - [2023-03-12T23:28:59.208+0000] {dag.py:3441} INFO - Setting next_dagrun for example_sensors to None, run_after=None
[2023-03-12T23:28:59.319+0000] {processor.py:175} INFO - Processing /home/airflow/.local/lib/python3.7/site-packages/airflow/example_dags/example_sensors.py took 0.823 seconds
[2023-03-12T23:29:31.042+0000] {processor.py:153} INFO - Started process (PID=1535) to work on /home/airflow/.local/lib/python3.7/site-packages/airflow/example_dags/example_sensors.py
[2023-03-12T23:29:31.056+0000] {processor.py:743} INFO - Processing file /home/airflow/.local/lib/python3.7/site-packages/airflow/example_dags/example_sensors.py for tasks to queue
[2023-03-12T23:29:31.058+0000] {logging_mixin.py:137} INFO - [2023-03-12T23:29:31.057+0000] {dagbag.py:538} INFO - Filling up the DagBag from /home/airflow/.local/lib/python3.7/site-packages/airflow/example_dags/example_sensors.py
[2023-03-12T23:29:31.165+0000] {processor.py:753} INFO - DAG(s) dict_keys(['example_sensors']) retrieved from /home/airflow/.local/lib/python3.7/site-packages/airflow/example_dags/example_sensors.py
[2023-03-12T23:29:31.278+0000] {logging_mixin.py:137} INFO - [2023-03-12T23:29:31.277+0000] {dag.py:2690} INFO - Sync 1 DAGs
[2023-03-12T23:29:31.377+0000] {logging_mixin.py:137} INFO - [2023-03-12T23:29:31.377+0000] {dag.py:3441} INFO - Setting next_dagrun for example_sensors to None, run_after=None
[2023-03-12T23:29:31.483+0000] {processor.py:175} INFO - Processing /home/airflow/.local/lib/python3.7/site-packages/airflow/example_dags/example_sensors.py took 0.449 seconds
[2023-03-12T23:30:03.145+0000] {processor.py:153} INFO - Started process (PID=1605) to work on /home/airflow/.local/lib/python3.7/site-packages/airflow/example_dags/example_sensors.py
[2023-03-12T23:30:03.160+0000] {processor.py:743} INFO - Processing file /home/airflow/.local/lib/python3.7/site-packages/airflow/example_dags/example_sensors.py for tasks to queue
[2023-03-12T23:30:03.177+0000] {logging_mixin.py:137} INFO - [2023-03-12T23:30:03.176+0000] {dagbag.py:538} INFO - Filling up the DagBag from /home/airflow/.local/lib/python3.7/site-packages/airflow/example_dags/example_sensors.py
[2023-03-12T23:30:03.330+0000] {processor.py:753} INFO - DAG(s) dict_keys(['example_sensors']) retrieved from /home/airflow/.local/lib/python3.7/site-packages/airflow/example_dags/example_sensors.py
[2023-03-12T23:30:03.546+0000] {logging_mixin.py:137} INFO - [2023-03-12T23:30:03.546+0000] {dag.py:2690} INFO - Sync 1 DAGs
[2023-03-12T23:30:03.688+0000] {logging_mixin.py:137} INFO - [2023-03-12T23:30:03.688+0000] {dag.py:3441} INFO - Setting next_dagrun for example_sensors to None, run_after=None
[2023-03-12T23:30:03.784+0000] {processor.py:175} INFO - Processing /home/airflow/.local/lib/python3.7/site-packages/airflow/example_dags/example_sensors.py took 0.656 seconds
[2023-03-12T23:30:34.055+0000] {processor.py:153} INFO - Started process (PID=1674) to work on /home/airflow/.local/lib/python3.7/site-packages/airflow/example_dags/example_sensors.py
[2023-03-12T23:30:34.061+0000] {processor.py:743} INFO - Processing file /home/airflow/.local/lib/python3.7/site-packages/airflow/example_dags/example_sensors.py for tasks to queue
[2023-03-12T23:30:34.063+0000] {logging_mixin.py:137} INFO - [2023-03-12T23:30:34.063+0000] {dagbag.py:538} INFO - Filling up the DagBag from /home/airflow/.local/lib/python3.7/site-packages/airflow/example_dags/example_sensors.py
[2023-03-12T23:30:34.124+0000] {processor.py:753} INFO - DAG(s) dict_keys(['example_sensors']) retrieved from /home/airflow/.local/lib/python3.7/site-packages/airflow/example_dags/example_sensors.py
[2023-03-12T23:30:34.193+0000] {logging_mixin.py:137} INFO - [2023-03-12T23:30:34.193+0000] {dag.py:2690} INFO - Sync 1 DAGs
[2023-03-12T23:30:34.261+0000] {logging_mixin.py:137} INFO - [2023-03-12T23:30:34.261+0000] {dag.py:3441} INFO - Setting next_dagrun for example_sensors to None, run_after=None
[2023-03-12T23:30:34.344+0000] {processor.py:175} INFO - Processing /home/airflow/.local/lib/python3.7/site-packages/airflow/example_dags/example_sensors.py took 0.296 seconds
[2023-03-12T23:31:04.800+0000] {processor.py:153} INFO - Started process (PID=1739) to work on /home/airflow/.local/lib/python3.7/site-packages/airflow/example_dags/example_sensors.py
[2023-03-12T23:31:04.817+0000] {processor.py:743} INFO - Processing file /home/airflow/.local/lib/python3.7/site-packages/airflow/example_dags/example_sensors.py for tasks to queue
[2023-03-12T23:31:04.827+0000] {logging_mixin.py:137} INFO - [2023-03-12T23:31:04.826+0000] {dagbag.py:538} INFO - Filling up the DagBag from /home/airflow/.local/lib/python3.7/site-packages/airflow/example_dags/example_sensors.py
[2023-03-12T23:31:04.920+0000] {processor.py:753} INFO - DAG(s) dict_keys(['example_sensors']) retrieved from /home/airflow/.local/lib/python3.7/site-packages/airflow/example_dags/example_sensors.py
[2023-03-12T23:31:05.101+0000] {logging_mixin.py:137} INFO - [2023-03-12T23:31:05.100+0000] {dag.py:2690} INFO - Sync 1 DAGs
[2023-03-12T23:31:05.302+0000] {logging_mixin.py:137} INFO - [2023-03-12T23:31:05.302+0000] {dag.py:3441} INFO - Setting next_dagrun for example_sensors to None, run_after=None
[2023-03-12T23:31:05.421+0000] {processor.py:175} INFO - Processing /home/airflow/.local/lib/python3.7/site-packages/airflow/example_dags/example_sensors.py took 0.641 seconds
[2023-03-12T23:31:35.702+0000] {processor.py:153} INFO - Started process (PID=1807) to work on /home/airflow/.local/lib/python3.7/site-packages/airflow/example_dags/example_sensors.py
[2023-03-12T23:31:35.706+0000] {processor.py:743} INFO - Processing file /home/airflow/.local/lib/python3.7/site-packages/airflow/example_dags/example_sensors.py for tasks to queue
[2023-03-12T23:31:35.710+0000] {logging_mixin.py:137} INFO - [2023-03-12T23:31:35.709+0000] {dagbag.py:538} INFO - Filling up the DagBag from /home/airflow/.local/lib/python3.7/site-packages/airflow/example_dags/example_sensors.py
[2023-03-12T23:31:35.770+0000] {processor.py:753} INFO - DAG(s) dict_keys(['example_sensors']) retrieved from /home/airflow/.local/lib/python3.7/site-packages/airflow/example_dags/example_sensors.py
[2023-03-12T23:31:35.910+0000] {logging_mixin.py:137} INFO - [2023-03-12T23:31:35.910+0000] {dag.py:2690} INFO - Sync 1 DAGs
[2023-03-12T23:31:35.997+0000] {logging_mixin.py:137} INFO - [2023-03-12T23:31:35.996+0000] {dag.py:3441} INFO - Setting next_dagrun for example_sensors to None, run_after=None
[2023-03-12T23:31:36.070+0000] {processor.py:175} INFO - Processing /home/airflow/.local/lib/python3.7/site-packages/airflow/example_dags/example_sensors.py took 0.374 seconds
[2023-03-12T23:32:09.155+0000] {processor.py:153} INFO - Started process (PID=1884) to work on /home/airflow/.local/lib/python3.7/site-packages/airflow/example_dags/example_sensors.py
[2023-03-12T23:32:09.176+0000] {processor.py:743} INFO - Processing file /home/airflow/.local/lib/python3.7/site-packages/airflow/example_dags/example_sensors.py for tasks to queue
[2023-03-12T23:32:09.178+0000] {logging_mixin.py:137} INFO - [2023-03-12T23:32:09.178+0000] {dagbag.py:538} INFO - Filling up the DagBag from /home/airflow/.local/lib/python3.7/site-packages/airflow/example_dags/example_sensors.py
[2023-03-12T23:32:09.256+0000] {processor.py:753} INFO - DAG(s) dict_keys(['example_sensors']) retrieved from /home/airflow/.local/lib/python3.7/site-packages/airflow/example_dags/example_sensors.py
[2023-03-12T23:32:09.374+0000] {logging_mixin.py:137} INFO - [2023-03-12T23:32:09.374+0000] {dag.py:2690} INFO - Sync 1 DAGs
[2023-03-12T23:32:09.553+0000] {logging_mixin.py:137} INFO - [2023-03-12T23:32:09.552+0000] {dag.py:3441} INFO - Setting next_dagrun for example_sensors to None, run_after=None
[2023-03-12T23:32:09.675+0000] {processor.py:175} INFO - Processing /home/airflow/.local/lib/python3.7/site-packages/airflow/example_dags/example_sensors.py took 0.537 seconds
[2023-03-12T23:32:40.162+0000] {processor.py:153} INFO - Started process (PID=1944) to work on /home/airflow/.local/lib/python3.7/site-packages/airflow/example_dags/example_sensors.py
[2023-03-12T23:32:40.185+0000] {processor.py:743} INFO - Processing file /home/airflow/.local/lib/python3.7/site-packages/airflow/example_dags/example_sensors.py for tasks to queue
[2023-03-12T23:32:40.200+0000] {logging_mixin.py:137} INFO - [2023-03-12T23:32:40.199+0000] {dagbag.py:538} INFO - Filling up the DagBag from /home/airflow/.local/lib/python3.7/site-packages/airflow/example_dags/example_sensors.py
[2023-03-12T23:32:40.304+0000] {processor.py:753} INFO - DAG(s) dict_keys(['example_sensors']) retrieved from /home/airflow/.local/lib/python3.7/site-packages/airflow/example_dags/example_sensors.py
[2023-03-12T23:32:40.486+0000] {logging_mixin.py:137} INFO - [2023-03-12T23:32:40.485+0000] {dag.py:2690} INFO - Sync 1 DAGs
[2023-03-12T23:32:40.697+0000] {logging_mixin.py:137} INFO - [2023-03-12T23:32:40.697+0000] {dag.py:3441} INFO - Setting next_dagrun for example_sensors to None, run_after=None
[2023-03-12T23:32:40.879+0000] {processor.py:175} INFO - Processing /home/airflow/.local/lib/python3.7/site-packages/airflow/example_dags/example_sensors.py took 0.723 seconds
[2023-03-12T23:33:11.288+0000] {processor.py:153} INFO - Started process (PID=2017) to work on /home/airflow/.local/lib/python3.7/site-packages/airflow/example_dags/example_sensors.py
[2023-03-12T23:33:11.291+0000] {processor.py:743} INFO - Processing file /home/airflow/.local/lib/python3.7/site-packages/airflow/example_dags/example_sensors.py for tasks to queue
[2023-03-12T23:33:11.292+0000] {logging_mixin.py:137} INFO - [2023-03-12T23:33:11.292+0000] {dagbag.py:538} INFO - Filling up the DagBag from /home/airflow/.local/lib/python3.7/site-packages/airflow/example_dags/example_sensors.py
[2023-03-12T23:33:11.339+0000] {processor.py:753} INFO - DAG(s) dict_keys(['example_sensors']) retrieved from /home/airflow/.local/lib/python3.7/site-packages/airflow/example_dags/example_sensors.py
[2023-03-12T23:33:11.391+0000] {logging_mixin.py:137} INFO - [2023-03-12T23:33:11.391+0000] {dag.py:2690} INFO - Sync 1 DAGs
[2023-03-12T23:33:11.438+0000] {logging_mixin.py:137} INFO - [2023-03-12T23:33:11.438+0000] {dag.py:3441} INFO - Setting next_dagrun for example_sensors to None, run_after=None
[2023-03-12T23:33:11.476+0000] {processor.py:175} INFO - Processing /home/airflow/.local/lib/python3.7/site-packages/airflow/example_dags/example_sensors.py took 0.195 seconds
[2023-03-12T23:33:42.473+0000] {processor.py:153} INFO - Started process (PID=2090) to work on /home/airflow/.local/lib/python3.7/site-packages/airflow/example_dags/example_sensors.py
[2023-03-12T23:33:42.480+0000] {processor.py:743} INFO - Processing file /home/airflow/.local/lib/python3.7/site-packages/airflow/example_dags/example_sensors.py for tasks to queue
[2023-03-12T23:33:42.489+0000] {logging_mixin.py:137} INFO - [2023-03-12T23:33:42.489+0000] {dagbag.py:538} INFO - Filling up the DagBag from /home/airflow/.local/lib/python3.7/site-packages/airflow/example_dags/example_sensors.py
[2023-03-12T23:33:42.600+0000] {processor.py:753} INFO - DAG(s) dict_keys(['example_sensors']) retrieved from /home/airflow/.local/lib/python3.7/site-packages/airflow/example_dags/example_sensors.py
[2023-03-12T23:33:42.784+0000] {logging_mixin.py:137} INFO - [2023-03-12T23:33:42.784+0000] {dag.py:2690} INFO - Sync 1 DAGs
[2023-03-12T23:33:42.943+0000] {logging_mixin.py:137} INFO - [2023-03-12T23:33:42.943+0000] {dag.py:3441} INFO - Setting next_dagrun for example_sensors to None, run_after=None
[2023-03-12T23:33:43.061+0000] {processor.py:175} INFO - Processing /home/airflow/.local/lib/python3.7/site-packages/airflow/example_dags/example_sensors.py took 0.596 seconds
[2023-03-12T23:34:13.248+0000] {processor.py:153} INFO - Started process (PID=2163) to work on /home/airflow/.local/lib/python3.7/site-packages/airflow/example_dags/example_sensors.py
[2023-03-12T23:34:13.250+0000] {processor.py:743} INFO - Processing file /home/airflow/.local/lib/python3.7/site-packages/airflow/example_dags/example_sensors.py for tasks to queue
[2023-03-12T23:34:13.252+0000] {logging_mixin.py:137} INFO - [2023-03-12T23:34:13.251+0000] {dagbag.py:538} INFO - Filling up the DagBag from /home/airflow/.local/lib/python3.7/site-packages/airflow/example_dags/example_sensors.py
[2023-03-12T23:34:13.299+0000] {processor.py:753} INFO - DAG(s) dict_keys(['example_sensors']) retrieved from /home/airflow/.local/lib/python3.7/site-packages/airflow/example_dags/example_sensors.py
[2023-03-12T23:34:13.374+0000] {logging_mixin.py:137} INFO - [2023-03-12T23:34:13.374+0000] {dag.py:2690} INFO - Sync 1 DAGs
[2023-03-12T23:34:13.492+0000] {logging_mixin.py:137} INFO - [2023-03-12T23:34:13.491+0000] {dag.py:3441} INFO - Setting next_dagrun for example_sensors to None, run_after=None
[2023-03-12T23:34:13.573+0000] {processor.py:175} INFO - Processing /home/airflow/.local/lib/python3.7/site-packages/airflow/example_dags/example_sensors.py took 0.338 seconds
[2023-03-12T23:34:44.010+0000] {processor.py:153} INFO - Started process (PID=2239) to work on /home/airflow/.local/lib/python3.7/site-packages/airflow/example_dags/example_sensors.py
[2023-03-12T23:34:44.012+0000] {processor.py:743} INFO - Processing file /home/airflow/.local/lib/python3.7/site-packages/airflow/example_dags/example_sensors.py for tasks to queue
[2023-03-12T23:34:44.016+0000] {logging_mixin.py:137} INFO - [2023-03-12T23:34:44.016+0000] {dagbag.py:538} INFO - Filling up the DagBag from /home/airflow/.local/lib/python3.7/site-packages/airflow/example_dags/example_sensors.py
[2023-03-12T23:34:44.091+0000] {processor.py:753} INFO - DAG(s) dict_keys(['example_sensors']) retrieved from /home/airflow/.local/lib/python3.7/site-packages/airflow/example_dags/example_sensors.py
[2023-03-12T23:34:44.152+0000] {logging_mixin.py:137} INFO - [2023-03-12T23:34:44.151+0000] {dag.py:2690} INFO - Sync 1 DAGs
[2023-03-12T23:34:44.198+0000] {logging_mixin.py:137} INFO - [2023-03-12T23:34:44.198+0000] {dag.py:3441} INFO - Setting next_dagrun for example_sensors to None, run_after=None
[2023-03-12T23:34:44.232+0000] {processor.py:175} INFO - Processing /home/airflow/.local/lib/python3.7/site-packages/airflow/example_dags/example_sensors.py took 0.230 seconds
[2023-03-12T23:35:14.575+0000] {processor.py:153} INFO - Started process (PID=2299) to work on /home/airflow/.local/lib/python3.7/site-packages/airflow/example_dags/example_sensors.py
[2023-03-12T23:35:14.587+0000] {processor.py:743} INFO - Processing file /home/airflow/.local/lib/python3.7/site-packages/airflow/example_dags/example_sensors.py for tasks to queue
[2023-03-12T23:35:14.592+0000] {logging_mixin.py:137} INFO - [2023-03-12T23:35:14.591+0000] {dagbag.py:538} INFO - Filling up the DagBag from /home/airflow/.local/lib/python3.7/site-packages/airflow/example_dags/example_sensors.py
[2023-03-12T23:35:14.698+0000] {processor.py:753} INFO - DAG(s) dict_keys(['example_sensors']) retrieved from /home/airflow/.local/lib/python3.7/site-packages/airflow/example_dags/example_sensors.py
[2023-03-12T23:35:15.346+0000] {logging_mixin.py:137} INFO - [2023-03-12T23:35:15.345+0000] {dag.py:2690} INFO - Sync 1 DAGs
[2023-03-12T23:35:15.508+0000] {logging_mixin.py:137} INFO - [2023-03-12T23:35:15.507+0000] {dag.py:3441} INFO - Setting next_dagrun for example_sensors to None, run_after=None
[2023-03-12T23:35:15.637+0000] {processor.py:175} INFO - Processing /home/airflow/.local/lib/python3.7/site-packages/airflow/example_dags/example_sensors.py took 1.078 seconds
[2023-03-12T23:35:45.842+0000] {processor.py:153} INFO - Started process (PID=2376) to work on /home/airflow/.local/lib/python3.7/site-packages/airflow/example_dags/example_sensors.py
[2023-03-12T23:35:45.844+0000] {processor.py:743} INFO - Processing file /home/airflow/.local/lib/python3.7/site-packages/airflow/example_dags/example_sensors.py for tasks to queue
[2023-03-12T23:35:45.845+0000] {logging_mixin.py:137} INFO - [2023-03-12T23:35:45.845+0000] {dagbag.py:538} INFO - Filling up the DagBag from /home/airflow/.local/lib/python3.7/site-packages/airflow/example_dags/example_sensors.py
[2023-03-12T23:35:45.880+0000] {processor.py:753} INFO - DAG(s) dict_keys(['example_sensors']) retrieved from /home/airflow/.local/lib/python3.7/site-packages/airflow/example_dags/example_sensors.py
[2023-03-12T23:35:45.916+0000] {logging_mixin.py:137} INFO - [2023-03-12T23:35:45.916+0000] {dag.py:2690} INFO - Sync 1 DAGs
[2023-03-12T23:35:45.945+0000] {logging_mixin.py:137} INFO - [2023-03-12T23:35:45.945+0000] {dag.py:3441} INFO - Setting next_dagrun for example_sensors to None, run_after=None
[2023-03-12T23:35:45.975+0000] {processor.py:175} INFO - Processing /home/airflow/.local/lib/python3.7/site-packages/airflow/example_dags/example_sensors.py took 0.137 seconds
[2023-03-12T23:36:16.399+0000] {processor.py:153} INFO - Started process (PID=2442) to work on /home/airflow/.local/lib/python3.7/site-packages/airflow/example_dags/example_sensors.py
[2023-03-12T23:36:16.401+0000] {processor.py:743} INFO - Processing file /home/airflow/.local/lib/python3.7/site-packages/airflow/example_dags/example_sensors.py for tasks to queue
[2023-03-12T23:36:16.403+0000] {logging_mixin.py:137} INFO - [2023-03-12T23:36:16.403+0000] {dagbag.py:538} INFO - Filling up the DagBag from /home/airflow/.local/lib/python3.7/site-packages/airflow/example_dags/example_sensors.py
[2023-03-12T23:36:16.492+0000] {processor.py:753} INFO - DAG(s) dict_keys(['example_sensors']) retrieved from /home/airflow/.local/lib/python3.7/site-packages/airflow/example_dags/example_sensors.py
[2023-03-12T23:36:16.685+0000] {logging_mixin.py:137} INFO - [2023-03-12T23:36:16.684+0000] {dag.py:2690} INFO - Sync 1 DAGs
[2023-03-12T23:36:16.909+0000] {logging_mixin.py:137} INFO - [2023-03-12T23:36:16.908+0000] {dag.py:3441} INFO - Setting next_dagrun for example_sensors to None, run_after=None
[2023-03-12T23:36:17.105+0000] {processor.py:175} INFO - Processing /home/airflow/.local/lib/python3.7/site-packages/airflow/example_dags/example_sensors.py took 0.724 seconds
[2023-03-12T23:36:47.676+0000] {processor.py:153} INFO - Started process (PID=2514) to work on /home/airflow/.local/lib/python3.7/site-packages/airflow/example_dags/example_sensors.py
[2023-03-12T23:36:47.684+0000] {processor.py:743} INFO - Processing file /home/airflow/.local/lib/python3.7/site-packages/airflow/example_dags/example_sensors.py for tasks to queue
[2023-03-12T23:36:47.691+0000] {logging_mixin.py:137} INFO - [2023-03-12T23:36:47.690+0000] {dagbag.py:538} INFO - Filling up the DagBag from /home/airflow/.local/lib/python3.7/site-packages/airflow/example_dags/example_sensors.py
[2023-03-12T23:36:47.818+0000] {processor.py:753} INFO - DAG(s) dict_keys(['example_sensors']) retrieved from /home/airflow/.local/lib/python3.7/site-packages/airflow/example_dags/example_sensors.py
[2023-03-12T23:36:47.952+0000] {logging_mixin.py:137} INFO - [2023-03-12T23:36:47.952+0000] {dag.py:2690} INFO - Sync 1 DAGs
[2023-03-12T23:36:48.094+0000] {logging_mixin.py:137} INFO - [2023-03-12T23:36:48.093+0000] {dag.py:3441} INFO - Setting next_dagrun for example_sensors to None, run_after=None
[2023-03-12T23:36:48.224+0000] {processor.py:175} INFO - Processing /home/airflow/.local/lib/python3.7/site-packages/airflow/example_dags/example_sensors.py took 0.580 seconds
[2023-03-12T23:37:18.865+0000] {processor.py:153} INFO - Started process (PID=2581) to work on /home/airflow/.local/lib/python3.7/site-packages/airflow/example_dags/example_sensors.py
[2023-03-12T23:37:18.868+0000] {processor.py:743} INFO - Processing file /home/airflow/.local/lib/python3.7/site-packages/airflow/example_dags/example_sensors.py for tasks to queue
[2023-03-12T23:37:18.869+0000] {logging_mixin.py:137} INFO - [2023-03-12T23:37:18.869+0000] {dagbag.py:538} INFO - Filling up the DagBag from /home/airflow/.local/lib/python3.7/site-packages/airflow/example_dags/example_sensors.py
[2023-03-12T23:37:18.895+0000] {processor.py:753} INFO - DAG(s) dict_keys(['example_sensors']) retrieved from /home/airflow/.local/lib/python3.7/site-packages/airflow/example_dags/example_sensors.py
[2023-03-12T23:37:18.945+0000] {logging_mixin.py:137} INFO - [2023-03-12T23:37:18.945+0000] {dag.py:2690} INFO - Sync 1 DAGs
[2023-03-12T23:37:18.989+0000] {logging_mixin.py:137} INFO - [2023-03-12T23:37:18.989+0000] {dag.py:3441} INFO - Setting next_dagrun for example_sensors to None, run_after=None
[2023-03-12T23:37:19.033+0000] {processor.py:175} INFO - Processing /home/airflow/.local/lib/python3.7/site-packages/airflow/example_dags/example_sensors.py took 0.173 seconds
[2023-03-12T23:37:50.977+0000] {processor.py:153} INFO - Started process (PID=2658) to work on /home/airflow/.local/lib/python3.7/site-packages/airflow/example_dags/example_sensors.py
[2023-03-12T23:37:50.979+0000] {processor.py:743} INFO - Processing file /home/airflow/.local/lib/python3.7/site-packages/airflow/example_dags/example_sensors.py for tasks to queue
[2023-03-12T23:37:50.981+0000] {logging_mixin.py:137} INFO - [2023-03-12T23:37:50.981+0000] {dagbag.py:538} INFO - Filling up the DagBag from /home/airflow/.local/lib/python3.7/site-packages/airflow/example_dags/example_sensors.py
[2023-03-12T23:37:51.030+0000] {processor.py:753} INFO - DAG(s) dict_keys(['example_sensors']) retrieved from /home/airflow/.local/lib/python3.7/site-packages/airflow/example_dags/example_sensors.py
[2023-03-12T23:37:51.133+0000] {logging_mixin.py:137} INFO - [2023-03-12T23:37:51.132+0000] {dag.py:2690} INFO - Sync 1 DAGs
[2023-03-12T23:37:51.206+0000] {logging_mixin.py:137} INFO - [2023-03-12T23:37:51.205+0000] {dag.py:3441} INFO - Setting next_dagrun for example_sensors to None, run_after=None
[2023-03-12T23:37:51.293+0000] {processor.py:175} INFO - Processing /home/airflow/.local/lib/python3.7/site-packages/airflow/example_dags/example_sensors.py took 0.322 seconds
[2023-03-12T23:38:22.136+0000] {processor.py:153} INFO - Started process (PID=2730) to work on /home/airflow/.local/lib/python3.7/site-packages/airflow/example_dags/example_sensors.py
[2023-03-12T23:38:22.144+0000] {processor.py:743} INFO - Processing file /home/airflow/.local/lib/python3.7/site-packages/airflow/example_dags/example_sensors.py for tasks to queue
[2023-03-12T23:38:22.154+0000] {logging_mixin.py:137} INFO - [2023-03-12T23:38:22.153+0000] {dagbag.py:538} INFO - Filling up the DagBag from /home/airflow/.local/lib/python3.7/site-packages/airflow/example_dags/example_sensors.py
[2023-03-12T23:38:22.264+0000] {processor.py:753} INFO - DAG(s) dict_keys(['example_sensors']) retrieved from /home/airflow/.local/lib/python3.7/site-packages/airflow/example_dags/example_sensors.py
[2023-03-12T23:38:22.440+0000] {logging_mixin.py:137} INFO - [2023-03-12T23:38:22.440+0000] {dag.py:2690} INFO - Sync 1 DAGs
[2023-03-12T23:38:22.599+0000] {logging_mixin.py:137} INFO - [2023-03-12T23:38:22.599+0000] {dag.py:3441} INFO - Setting next_dagrun for example_sensors to None, run_after=None
[2023-03-12T23:38:22.747+0000] {processor.py:175} INFO - Processing /home/airflow/.local/lib/python3.7/site-packages/airflow/example_dags/example_sensors.py took 0.622 seconds
[2023-03-12T23:38:52.973+0000] {processor.py:153} INFO - Started process (PID=2798) to work on /home/airflow/.local/lib/python3.7/site-packages/airflow/example_dags/example_sensors.py
[2023-03-12T23:38:52.975+0000] {processor.py:743} INFO - Processing file /home/airflow/.local/lib/python3.7/site-packages/airflow/example_dags/example_sensors.py for tasks to queue
[2023-03-12T23:38:52.977+0000] {logging_mixin.py:137} INFO - [2023-03-12T23:38:52.977+0000] {dagbag.py:538} INFO - Filling up the DagBag from /home/airflow/.local/lib/python3.7/site-packages/airflow/example_dags/example_sensors.py
[2023-03-12T23:38:53.012+0000] {processor.py:753} INFO - DAG(s) dict_keys(['example_sensors']) retrieved from /home/airflow/.local/lib/python3.7/site-packages/airflow/example_dags/example_sensors.py
[2023-03-12T23:38:53.094+0000] {logging_mixin.py:137} INFO - [2023-03-12T23:38:53.094+0000] {dag.py:2690} INFO - Sync 1 DAGs
[2023-03-12T23:38:53.155+0000] {logging_mixin.py:137} INFO - [2023-03-12T23:38:53.155+0000] {dag.py:3441} INFO - Setting next_dagrun for example_sensors to None, run_after=None
[2023-03-12T23:38:53.222+0000] {processor.py:175} INFO - Processing /home/airflow/.local/lib/python3.7/site-packages/airflow/example_dags/example_sensors.py took 0.257 seconds
[2023-03-12T23:39:24.843+0000] {processor.py:153} INFO - Started process (PID=2875) to work on /home/airflow/.local/lib/python3.7/site-packages/airflow/example_dags/example_sensors.py
[2023-03-12T23:39:24.861+0000] {processor.py:743} INFO - Processing file /home/airflow/.local/lib/python3.7/site-packages/airflow/example_dags/example_sensors.py for tasks to queue
[2023-03-12T23:39:24.864+0000] {logging_mixin.py:137} INFO - [2023-03-12T23:39:24.863+0000] {dagbag.py:538} INFO - Filling up the DagBag from /home/airflow/.local/lib/python3.7/site-packages/airflow/example_dags/example_sensors.py
[2023-03-12T23:39:24.939+0000] {processor.py:753} INFO - DAG(s) dict_keys(['example_sensors']) retrieved from /home/airflow/.local/lib/python3.7/site-packages/airflow/example_dags/example_sensors.py
[2023-03-12T23:39:25.464+0000] {logging_mixin.py:137} INFO - [2023-03-12T23:39:25.463+0000] {dag.py:2690} INFO - Sync 1 DAGs
[2023-03-12T23:39:25.593+0000] {logging_mixin.py:137} INFO - [2023-03-12T23:39:25.593+0000] {dag.py:3441} INFO - Setting next_dagrun for example_sensors to None, run_after=None
[2023-03-12T23:39:25.720+0000] {processor.py:175} INFO - Processing /home/airflow/.local/lib/python3.7/site-packages/airflow/example_dags/example_sensors.py took 0.907 seconds
[2023-03-12T23:39:56.999+0000] {processor.py:153} INFO - Started process (PID=2952) to work on /home/airflow/.local/lib/python3.7/site-packages/airflow/example_dags/example_sensors.py
[2023-03-12T23:39:57.014+0000] {processor.py:743} INFO - Processing file /home/airflow/.local/lib/python3.7/site-packages/airflow/example_dags/example_sensors.py for tasks to queue
[2023-03-12T23:39:57.023+0000] {logging_mixin.py:137} INFO - [2023-03-12T23:39:57.023+0000] {dagbag.py:538} INFO - Filling up the DagBag from /home/airflow/.local/lib/python3.7/site-packages/airflow/example_dags/example_sensors.py
[2023-03-12T23:39:57.081+0000] {processor.py:753} INFO - DAG(s) dict_keys(['example_sensors']) retrieved from /home/airflow/.local/lib/python3.7/site-packages/airflow/example_dags/example_sensors.py
[2023-03-12T23:39:57.215+0000] {logging_mixin.py:137} INFO - [2023-03-12T23:39:57.215+0000] {dag.py:2690} INFO - Sync 1 DAGs
[2023-03-12T23:39:57.335+0000] {logging_mixin.py:137} INFO - [2023-03-12T23:39:57.334+0000] {dag.py:3441} INFO - Setting next_dagrun for example_sensors to None, run_after=None
[2023-03-12T23:39:57.415+0000] {processor.py:175} INFO - Processing /home/airflow/.local/lib/python3.7/site-packages/airflow/example_dags/example_sensors.py took 0.423 seconds
[2023-03-12T23:40:28.899+0000] {processor.py:153} INFO - Started process (PID=3032) to work on /home/airflow/.local/lib/python3.7/site-packages/airflow/example_dags/example_sensors.py
[2023-03-12T23:40:28.940+0000] {processor.py:743} INFO - Processing file /home/airflow/.local/lib/python3.7/site-packages/airflow/example_dags/example_sensors.py for tasks to queue
[2023-03-12T23:40:28.956+0000] {logging_mixin.py:137} INFO - [2023-03-12T23:40:28.956+0000] {dagbag.py:538} INFO - Filling up the DagBag from /home/airflow/.local/lib/python3.7/site-packages/airflow/example_dags/example_sensors.py
[2023-03-12T23:40:29.036+0000] {processor.py:753} INFO - DAG(s) dict_keys(['example_sensors']) retrieved from /home/airflow/.local/lib/python3.7/site-packages/airflow/example_dags/example_sensors.py
[2023-03-12T23:40:29.174+0000] {logging_mixin.py:137} INFO - [2023-03-12T23:40:29.174+0000] {dag.py:2690} INFO - Sync 1 DAGs
[2023-03-12T23:40:29.253+0000] {logging_mixin.py:137} INFO - [2023-03-12T23:40:29.252+0000] {dag.py:3441} INFO - Setting next_dagrun for example_sensors to None, run_after=None
[2023-03-12T23:40:29.324+0000] {processor.py:175} INFO - Processing /home/airflow/.local/lib/python3.7/site-packages/airflow/example_dags/example_sensors.py took 0.444 seconds
[2023-03-12T23:40:59.840+0000] {processor.py:153} INFO - Started process (PID=3102) to work on /home/airflow/.local/lib/python3.7/site-packages/airflow/example_dags/example_sensors.py
[2023-03-12T23:40:59.867+0000] {processor.py:743} INFO - Processing file /home/airflow/.local/lib/python3.7/site-packages/airflow/example_dags/example_sensors.py for tasks to queue
[2023-03-12T23:40:59.884+0000] {logging_mixin.py:137} INFO - [2023-03-12T23:40:59.883+0000] {dagbag.py:538} INFO - Filling up the DagBag from /home/airflow/.local/lib/python3.7/site-packages/airflow/example_dags/example_sensors.py
[2023-03-12T23:40:59.969+0000] {processor.py:753} INFO - DAG(s) dict_keys(['example_sensors']) retrieved from /home/airflow/.local/lib/python3.7/site-packages/airflow/example_dags/example_sensors.py
[2023-03-12T23:41:00.206+0000] {logging_mixin.py:137} INFO - [2023-03-12T23:41:00.206+0000] {dag.py:2690} INFO - Sync 1 DAGs
[2023-03-12T23:41:00.336+0000] {logging_mixin.py:137} INFO - [2023-03-12T23:41:00.336+0000] {dag.py:3441} INFO - Setting next_dagrun for example_sensors to None, run_after=None
[2023-03-12T23:41:00.421+0000] {processor.py:175} INFO - Processing /home/airflow/.local/lib/python3.7/site-packages/airflow/example_dags/example_sensors.py took 0.588 seconds
[2023-03-12T23:41:30.881+0000] {processor.py:153} INFO - Started process (PID=3173) to work on /home/airflow/.local/lib/python3.7/site-packages/airflow/example_dags/example_sensors.py
[2023-03-12T23:41:30.886+0000] {processor.py:743} INFO - Processing file /home/airflow/.local/lib/python3.7/site-packages/airflow/example_dags/example_sensors.py for tasks to queue
[2023-03-12T23:41:30.888+0000] {logging_mixin.py:137} INFO - [2023-03-12T23:41:30.887+0000] {dagbag.py:538} INFO - Filling up the DagBag from /home/airflow/.local/lib/python3.7/site-packages/airflow/example_dags/example_sensors.py
[2023-03-12T23:41:30.931+0000] {processor.py:753} INFO - DAG(s) dict_keys(['example_sensors']) retrieved from /home/airflow/.local/lib/python3.7/site-packages/airflow/example_dags/example_sensors.py
[2023-03-12T23:41:30.989+0000] {logging_mixin.py:137} INFO - [2023-03-12T23:41:30.988+0000] {dag.py:2690} INFO - Sync 1 DAGs
[2023-03-12T23:41:31.035+0000] {logging_mixin.py:137} INFO - [2023-03-12T23:41:31.035+0000] {dag.py:3441} INFO - Setting next_dagrun for example_sensors to None, run_after=None
[2023-03-12T23:41:31.070+0000] {processor.py:175} INFO - Processing /home/airflow/.local/lib/python3.7/site-packages/airflow/example_dags/example_sensors.py took 0.196 seconds
[2023-03-12T23:42:01.717+0000] {processor.py:153} INFO - Started process (PID=3246) to work on /home/airflow/.local/lib/python3.7/site-packages/airflow/example_dags/example_sensors.py
[2023-03-12T23:42:01.729+0000] {processor.py:743} INFO - Processing file /home/airflow/.local/lib/python3.7/site-packages/airflow/example_dags/example_sensors.py for tasks to queue
[2023-03-12T23:42:01.732+0000] {logging_mixin.py:137} INFO - [2023-03-12T23:42:01.732+0000] {dagbag.py:538} INFO - Filling up the DagBag from /home/airflow/.local/lib/python3.7/site-packages/airflow/example_dags/example_sensors.py
[2023-03-12T23:42:01.883+0000] {processor.py:753} INFO - DAG(s) dict_keys(['example_sensors']) retrieved from /home/airflow/.local/lib/python3.7/site-packages/airflow/example_dags/example_sensors.py
[2023-03-12T23:42:02.038+0000] {logging_mixin.py:137} INFO - [2023-03-12T23:42:02.037+0000] {dag.py:2690} INFO - Sync 1 DAGs
[2023-03-12T23:42:02.183+0000] {logging_mixin.py:137} INFO - [2023-03-12T23:42:02.172+0000] {dag.py:3441} INFO - Setting next_dagrun for example_sensors to None, run_after=None
[2023-03-12T23:42:02.489+0000] {processor.py:175} INFO - Processing /home/airflow/.local/lib/python3.7/site-packages/airflow/example_dags/example_sensors.py took 0.792 seconds
[2023-03-12T23:42:33.421+0000] {processor.py:153} INFO - Started process (PID=3309) to work on /home/airflow/.local/lib/python3.7/site-packages/airflow/example_dags/example_sensors.py
[2023-03-12T23:42:33.425+0000] {processor.py:743} INFO - Processing file /home/airflow/.local/lib/python3.7/site-packages/airflow/example_dags/example_sensors.py for tasks to queue
[2023-03-12T23:42:33.428+0000] {logging_mixin.py:137} INFO - [2023-03-12T23:42:33.428+0000] {dagbag.py:538} INFO - Filling up the DagBag from /home/airflow/.local/lib/python3.7/site-packages/airflow/example_dags/example_sensors.py
[2023-03-12T23:42:33.491+0000] {processor.py:753} INFO - DAG(s) dict_keys(['example_sensors']) retrieved from /home/airflow/.local/lib/python3.7/site-packages/airflow/example_dags/example_sensors.py
[2023-03-12T23:42:33.572+0000] {logging_mixin.py:137} INFO - [2023-03-12T23:42:33.572+0000] {dag.py:2690} INFO - Sync 1 DAGs
[2023-03-12T23:42:33.632+0000] {logging_mixin.py:137} INFO - [2023-03-12T23:42:33.631+0000] {dag.py:3441} INFO - Setting next_dagrun for example_sensors to None, run_after=None
[2023-03-12T23:42:33.679+0000] {processor.py:175} INFO - Processing /home/airflow/.local/lib/python3.7/site-packages/airflow/example_dags/example_sensors.py took 0.265 seconds
[2023-03-12T23:43:04.377+0000] {processor.py:153} INFO - Started process (PID=3377) to work on /home/airflow/.local/lib/python3.7/site-packages/airflow/example_dags/example_sensors.py
[2023-03-12T23:43:04.379+0000] {processor.py:743} INFO - Processing file /home/airflow/.local/lib/python3.7/site-packages/airflow/example_dags/example_sensors.py for tasks to queue
[2023-03-12T23:43:04.381+0000] {logging_mixin.py:137} INFO - [2023-03-12T23:43:04.380+0000] {dagbag.py:538} INFO - Filling up the DagBag from /home/airflow/.local/lib/python3.7/site-packages/airflow/example_dags/example_sensors.py
[2023-03-12T23:43:04.420+0000] {processor.py:753} INFO - DAG(s) dict_keys(['example_sensors']) retrieved from /home/airflow/.local/lib/python3.7/site-packages/airflow/example_dags/example_sensors.py
[2023-03-12T23:43:04.466+0000] {logging_mixin.py:137} INFO - [2023-03-12T23:43:04.466+0000] {dag.py:2690} INFO - Sync 1 DAGs
[2023-03-12T23:43:04.519+0000] {logging_mixin.py:137} INFO - [2023-03-12T23:43:04.519+0000] {dag.py:3441} INFO - Setting next_dagrun for example_sensors to None, run_after=None
[2023-03-12T23:43:04.557+0000] {processor.py:175} INFO - Processing /home/airflow/.local/lib/python3.7/site-packages/airflow/example_dags/example_sensors.py took 0.187 seconds
[2023-03-12T23:43:35.108+0000] {processor.py:153} INFO - Started process (PID=3450) to work on /home/airflow/.local/lib/python3.7/site-packages/airflow/example_dags/example_sensors.py
[2023-03-12T23:43:35.111+0000] {processor.py:743} INFO - Processing file /home/airflow/.local/lib/python3.7/site-packages/airflow/example_dags/example_sensors.py for tasks to queue
[2023-03-12T23:43:35.120+0000] {logging_mixin.py:137} INFO - [2023-03-12T23:43:35.120+0000] {dagbag.py:538} INFO - Filling up the DagBag from /home/airflow/.local/lib/python3.7/site-packages/airflow/example_dags/example_sensors.py
[2023-03-12T23:43:35.189+0000] {processor.py:753} INFO - DAG(s) dict_keys(['example_sensors']) retrieved from /home/airflow/.local/lib/python3.7/site-packages/airflow/example_dags/example_sensors.py
[2023-03-12T23:43:35.262+0000] {logging_mixin.py:137} INFO - [2023-03-12T23:43:35.261+0000] {dag.py:2690} INFO - Sync 1 DAGs
[2023-03-12T23:43:35.313+0000] {logging_mixin.py:137} INFO - [2023-03-12T23:43:35.312+0000] {dag.py:3441} INFO - Setting next_dagrun for example_sensors to None, run_after=None
[2023-03-12T23:43:35.352+0000] {processor.py:175} INFO - Processing /home/airflow/.local/lib/python3.7/site-packages/airflow/example_dags/example_sensors.py took 0.256 seconds
[2023-03-12T23:44:07.980+0000] {processor.py:153} INFO - Started process (PID=3523) to work on /home/airflow/.local/lib/python3.7/site-packages/airflow/example_dags/example_sensors.py
[2023-03-12T23:44:07.982+0000] {processor.py:743} INFO - Processing file /home/airflow/.local/lib/python3.7/site-packages/airflow/example_dags/example_sensors.py for tasks to queue
[2023-03-12T23:44:07.984+0000] {logging_mixin.py:137} INFO - [2023-03-12T23:44:07.983+0000] {dagbag.py:538} INFO - Filling up the DagBag from /home/airflow/.local/lib/python3.7/site-packages/airflow/example_dags/example_sensors.py
[2023-03-12T23:44:08.049+0000] {processor.py:753} INFO - DAG(s) dict_keys(['example_sensors']) retrieved from /home/airflow/.local/lib/python3.7/site-packages/airflow/example_dags/example_sensors.py
[2023-03-12T23:44:08.146+0000] {logging_mixin.py:137} INFO - [2023-03-12T23:44:08.146+0000] {dag.py:2690} INFO - Sync 1 DAGs
[2023-03-12T23:44:08.221+0000] {logging_mixin.py:137} INFO - [2023-03-12T23:44:08.217+0000] {dag.py:3441} INFO - Setting next_dagrun for example_sensors to None, run_after=None
[2023-03-12T23:44:08.268+0000] {processor.py:175} INFO - Processing /home/airflow/.local/lib/python3.7/site-packages/airflow/example_dags/example_sensors.py took 0.296 seconds
[2023-03-12T23:44:38.386+0000] {processor.py:153} INFO - Started process (PID=3596) to work on /home/airflow/.local/lib/python3.7/site-packages/airflow/example_dags/example_sensors.py
[2023-03-12T23:44:38.387+0000] {processor.py:743} INFO - Processing file /home/airflow/.local/lib/python3.7/site-packages/airflow/example_dags/example_sensors.py for tasks to queue
[2023-03-12T23:44:38.389+0000] {logging_mixin.py:137} INFO - [2023-03-12T23:44:38.389+0000] {dagbag.py:538} INFO - Filling up the DagBag from /home/airflow/.local/lib/python3.7/site-packages/airflow/example_dags/example_sensors.py
[2023-03-12T23:44:38.425+0000] {processor.py:753} INFO - DAG(s) dict_keys(['example_sensors']) retrieved from /home/airflow/.local/lib/python3.7/site-packages/airflow/example_dags/example_sensors.py
[2023-03-12T23:44:38.485+0000] {logging_mixin.py:137} INFO - [2023-03-12T23:44:38.485+0000] {dag.py:2690} INFO - Sync 1 DAGs
[2023-03-12T23:44:38.544+0000] {logging_mixin.py:137} INFO - [2023-03-12T23:44:38.544+0000] {dag.py:3441} INFO - Setting next_dagrun for example_sensors to None, run_after=None
[2023-03-12T23:44:38.592+0000] {processor.py:175} INFO - Processing /home/airflow/.local/lib/python3.7/site-packages/airflow/example_dags/example_sensors.py took 0.211 seconds
[2023-03-12T23:45:08.757+0000] {processor.py:153} INFO - Started process (PID=3653) to work on /home/airflow/.local/lib/python3.7/site-packages/airflow/example_dags/example_sensors.py
[2023-03-12T23:45:08.759+0000] {processor.py:743} INFO - Processing file /home/airflow/.local/lib/python3.7/site-packages/airflow/example_dags/example_sensors.py for tasks to queue
[2023-03-12T23:45:08.760+0000] {logging_mixin.py:137} INFO - [2023-03-12T23:45:08.760+0000] {dagbag.py:538} INFO - Filling up the DagBag from /home/airflow/.local/lib/python3.7/site-packages/airflow/example_dags/example_sensors.py
[2023-03-12T23:45:08.795+0000] {processor.py:753} INFO - DAG(s) dict_keys(['example_sensors']) retrieved from /home/airflow/.local/lib/python3.7/site-packages/airflow/example_dags/example_sensors.py
[2023-03-12T23:45:08.846+0000] {logging_mixin.py:137} INFO - [2023-03-12T23:45:08.846+0000] {dag.py:2690} INFO - Sync 1 DAGs
[2023-03-12T23:45:08.897+0000] {logging_mixin.py:137} INFO - [2023-03-12T23:45:08.897+0000] {dag.py:3441} INFO - Setting next_dagrun for example_sensors to None, run_after=None
[2023-03-12T23:45:08.932+0000] {processor.py:175} INFO - Processing /home/airflow/.local/lib/python3.7/site-packages/airflow/example_dags/example_sensors.py took 0.181 seconds
[2023-03-12T23:45:39.820+0000] {processor.py:153} INFO - Started process (PID=3726) to work on /home/airflow/.local/lib/python3.7/site-packages/airflow/example_dags/example_sensors.py
[2023-03-12T23:45:39.822+0000] {processor.py:743} INFO - Processing file /home/airflow/.local/lib/python3.7/site-packages/airflow/example_dags/example_sensors.py for tasks to queue
[2023-03-12T23:45:39.824+0000] {logging_mixin.py:137} INFO - [2023-03-12T23:45:39.823+0000] {dagbag.py:538} INFO - Filling up the DagBag from /home/airflow/.local/lib/python3.7/site-packages/airflow/example_dags/example_sensors.py
[2023-03-12T23:45:39.849+0000] {processor.py:753} INFO - DAG(s) dict_keys(['example_sensors']) retrieved from /home/airflow/.local/lib/python3.7/site-packages/airflow/example_dags/example_sensors.py
[2023-03-12T23:45:39.893+0000] {logging_mixin.py:137} INFO - [2023-03-12T23:45:39.893+0000] {dag.py:2690} INFO - Sync 1 DAGs
[2023-03-12T23:45:39.938+0000] {logging_mixin.py:137} INFO - [2023-03-12T23:45:39.938+0000] {dag.py:3441} INFO - Setting next_dagrun for example_sensors to None, run_after=None
[2023-03-12T23:45:39.963+0000] {processor.py:175} INFO - Processing /home/airflow/.local/lib/python3.7/site-packages/airflow/example_dags/example_sensors.py took 0.148 seconds
[2023-03-12T23:46:10.488+0000] {processor.py:153} INFO - Started process (PID=3799) to work on /home/airflow/.local/lib/python3.7/site-packages/airflow/example_dags/example_sensors.py
[2023-03-12T23:46:10.490+0000] {processor.py:743} INFO - Processing file /home/airflow/.local/lib/python3.7/site-packages/airflow/example_dags/example_sensors.py for tasks to queue
[2023-03-12T23:46:10.493+0000] {logging_mixin.py:137} INFO - [2023-03-12T23:46:10.492+0000] {dagbag.py:538} INFO - Filling up the DagBag from /home/airflow/.local/lib/python3.7/site-packages/airflow/example_dags/example_sensors.py
[2023-03-12T23:46:10.531+0000] {processor.py:753} INFO - DAG(s) dict_keys(['example_sensors']) retrieved from /home/airflow/.local/lib/python3.7/site-packages/airflow/example_dags/example_sensors.py
[2023-03-12T23:46:10.589+0000] {logging_mixin.py:137} INFO - [2023-03-12T23:46:10.589+0000] {dag.py:2690} INFO - Sync 1 DAGs
[2023-03-12T23:46:10.668+0000] {logging_mixin.py:137} INFO - [2023-03-12T23:46:10.668+0000] {dag.py:3441} INFO - Setting next_dagrun for example_sensors to None, run_after=None
[2023-03-12T23:46:10.706+0000] {processor.py:175} INFO - Processing /home/airflow/.local/lib/python3.7/site-packages/airflow/example_dags/example_sensors.py took 0.223 seconds
[2023-03-12T23:46:41.170+0000] {processor.py:153} INFO - Started process (PID=3872) to work on /home/airflow/.local/lib/python3.7/site-packages/airflow/example_dags/example_sensors.py
[2023-03-12T23:46:41.172+0000] {processor.py:743} INFO - Processing file /home/airflow/.local/lib/python3.7/site-packages/airflow/example_dags/example_sensors.py for tasks to queue
[2023-03-12T23:46:41.174+0000] {logging_mixin.py:137} INFO - [2023-03-12T23:46:41.174+0000] {dagbag.py:538} INFO - Filling up the DagBag from /home/airflow/.local/lib/python3.7/site-packages/airflow/example_dags/example_sensors.py
[2023-03-12T23:46:41.234+0000] {processor.py:753} INFO - DAG(s) dict_keys(['example_sensors']) retrieved from /home/airflow/.local/lib/python3.7/site-packages/airflow/example_dags/example_sensors.py
[2023-03-12T23:46:41.310+0000] {logging_mixin.py:137} INFO - [2023-03-12T23:46:41.310+0000] {dag.py:2690} INFO - Sync 1 DAGs
[2023-03-12T23:46:41.354+0000] {logging_mixin.py:137} INFO - [2023-03-12T23:46:41.354+0000] {dag.py:3441} INFO - Setting next_dagrun for example_sensors to None, run_after=None
[2023-03-12T23:46:41.390+0000] {processor.py:175} INFO - Processing /home/airflow/.local/lib/python3.7/site-packages/airflow/example_dags/example_sensors.py took 0.228 seconds
[2023-03-12T23:47:12.959+0000] {processor.py:153} INFO - Started process (PID=3937) to work on /home/airflow/.local/lib/python3.7/site-packages/airflow/example_dags/example_sensors.py
[2023-03-12T23:47:12.991+0000] {processor.py:743} INFO - Processing file /home/airflow/.local/lib/python3.7/site-packages/airflow/example_dags/example_sensors.py for tasks to queue
[2023-03-12T23:47:12.995+0000] {logging_mixin.py:137} INFO - [2023-03-12T23:47:12.994+0000] {dagbag.py:538} INFO - Filling up the DagBag from /home/airflow/.local/lib/python3.7/site-packages/airflow/example_dags/example_sensors.py
[2023-03-12T23:47:13.153+0000] {processor.py:753} INFO - DAG(s) dict_keys(['example_sensors']) retrieved from /home/airflow/.local/lib/python3.7/site-packages/airflow/example_dags/example_sensors.py
[2023-03-12T23:47:13.612+0000] {logging_mixin.py:137} INFO - [2023-03-12T23:47:13.612+0000] {dag.py:2690} INFO - Sync 1 DAGs
[2023-03-12T23:47:13.727+0000] {logging_mixin.py:137} INFO - [2023-03-12T23:47:13.727+0000] {dag.py:3441} INFO - Setting next_dagrun for example_sensors to None, run_after=None
[2023-03-12T23:47:13.841+0000] {processor.py:175} INFO - Processing /home/airflow/.local/lib/python3.7/site-packages/airflow/example_dags/example_sensors.py took 0.899 seconds
[2023-03-12T23:47:43.993+0000] {processor.py:153} INFO - Started process (PID=4001) to work on /home/airflow/.local/lib/python3.7/site-packages/airflow/example_dags/example_sensors.py
[2023-03-12T23:47:43.995+0000] {processor.py:743} INFO - Processing file /home/airflow/.local/lib/python3.7/site-packages/airflow/example_dags/example_sensors.py for tasks to queue
[2023-03-12T23:47:43.996+0000] {logging_mixin.py:137} INFO - [2023-03-12T23:47:43.996+0000] {dagbag.py:538} INFO - Filling up the DagBag from /home/airflow/.local/lib/python3.7/site-packages/airflow/example_dags/example_sensors.py
[2023-03-12T23:47:44.015+0000] {processor.py:753} INFO - DAG(s) dict_keys(['example_sensors']) retrieved from /home/airflow/.local/lib/python3.7/site-packages/airflow/example_dags/example_sensors.py
[2023-03-12T23:47:44.058+0000] {logging_mixin.py:137} INFO - [2023-03-12T23:47:44.058+0000] {dag.py:2690} INFO - Sync 1 DAGs
[2023-03-12T23:47:44.089+0000] {logging_mixin.py:137} INFO - [2023-03-12T23:47:44.089+0000] {dag.py:3441} INFO - Setting next_dagrun for example_sensors to None, run_after=None
[2023-03-12T23:47:44.119+0000] {processor.py:175} INFO - Processing /home/airflow/.local/lib/python3.7/site-packages/airflow/example_dags/example_sensors.py took 0.128 seconds
[2023-03-12T23:48:14.677+0000] {processor.py:153} INFO - Started process (PID=4073) to work on /home/airflow/.local/lib/python3.7/site-packages/airflow/example_dags/example_sensors.py
[2023-03-12T23:48:14.680+0000] {processor.py:743} INFO - Processing file /home/airflow/.local/lib/python3.7/site-packages/airflow/example_dags/example_sensors.py for tasks to queue
[2023-03-12T23:48:14.682+0000] {logging_mixin.py:137} INFO - [2023-03-12T23:48:14.682+0000] {dagbag.py:538} INFO - Filling up the DagBag from /home/airflow/.local/lib/python3.7/site-packages/airflow/example_dags/example_sensors.py
[2023-03-12T23:48:14.710+0000] {processor.py:753} INFO - DAG(s) dict_keys(['example_sensors']) retrieved from /home/airflow/.local/lib/python3.7/site-packages/airflow/example_dags/example_sensors.py
[2023-03-12T23:48:14.750+0000] {logging_mixin.py:137} INFO - [2023-03-12T23:48:14.749+0000] {dag.py:2690} INFO - Sync 1 DAGs
[2023-03-12T23:48:14.782+0000] {logging_mixin.py:137} INFO - [2023-03-12T23:48:14.782+0000] {dag.py:3441} INFO - Setting next_dagrun for example_sensors to None, run_after=None
[2023-03-12T23:48:14.807+0000] {processor.py:175} INFO - Processing /home/airflow/.local/lib/python3.7/site-packages/airflow/example_dags/example_sensors.py took 0.134 seconds
[2023-03-12T23:48:45.017+0000] {processor.py:153} INFO - Started process (PID=4156) to work on /home/airflow/.local/lib/python3.7/site-packages/airflow/example_dags/example_sensors.py
[2023-03-12T23:48:45.019+0000] {processor.py:743} INFO - Processing file /home/airflow/.local/lib/python3.7/site-packages/airflow/example_dags/example_sensors.py for tasks to queue
[2023-03-12T23:48:45.021+0000] {logging_mixin.py:137} INFO - [2023-03-12T23:48:45.020+0000] {dagbag.py:538} INFO - Filling up the DagBag from /home/airflow/.local/lib/python3.7/site-packages/airflow/example_dags/example_sensors.py
[2023-03-12T23:48:45.065+0000] {processor.py:753} INFO - DAG(s) dict_keys(['example_sensors']) retrieved from /home/airflow/.local/lib/python3.7/site-packages/airflow/example_dags/example_sensors.py
[2023-03-12T23:48:45.120+0000] {logging_mixin.py:137} INFO - [2023-03-12T23:48:45.119+0000] {dag.py:2690} INFO - Sync 1 DAGs
[2023-03-12T23:48:45.153+0000] {logging_mixin.py:137} INFO - [2023-03-12T23:48:45.153+0000] {dag.py:3441} INFO - Setting next_dagrun for example_sensors to None, run_after=None
[2023-03-12T23:48:45.181+0000] {processor.py:175} INFO - Processing /home/airflow/.local/lib/python3.7/site-packages/airflow/example_dags/example_sensors.py took 0.168 seconds
[2023-03-12T23:49:15.598+0000] {processor.py:153} INFO - Started process (PID=4235) to work on /home/airflow/.local/lib/python3.7/site-packages/airflow/example_dags/example_sensors.py
[2023-03-12T23:49:15.599+0000] {processor.py:743} INFO - Processing file /home/airflow/.local/lib/python3.7/site-packages/airflow/example_dags/example_sensors.py for tasks to queue
[2023-03-12T23:49:15.600+0000] {logging_mixin.py:137} INFO - [2023-03-12T23:49:15.600+0000] {dagbag.py:538} INFO - Filling up the DagBag from /home/airflow/.local/lib/python3.7/site-packages/airflow/example_dags/example_sensors.py
[2023-03-12T23:49:15.621+0000] {processor.py:753} INFO - DAG(s) dict_keys(['example_sensors']) retrieved from /home/airflow/.local/lib/python3.7/site-packages/airflow/example_dags/example_sensors.py
[2023-03-12T23:49:15.660+0000] {logging_mixin.py:137} INFO - [2023-03-12T23:49:15.659+0000] {dag.py:2690} INFO - Sync 1 DAGs
[2023-03-12T23:49:15.691+0000] {logging_mixin.py:137} INFO - [2023-03-12T23:49:15.691+0000] {dag.py:3441} INFO - Setting next_dagrun for example_sensors to None, run_after=None
[2023-03-12T23:49:15.714+0000] {processor.py:175} INFO - Processing /home/airflow/.local/lib/python3.7/site-packages/airflow/example_dags/example_sensors.py took 0.119 seconds
[2023-03-12T23:49:46.864+0000] {processor.py:153} INFO - Started process (PID=4308) to work on /home/airflow/.local/lib/python3.7/site-packages/airflow/example_dags/example_sensors.py
[2023-03-12T23:49:46.866+0000] {processor.py:743} INFO - Processing file /home/airflow/.local/lib/python3.7/site-packages/airflow/example_dags/example_sensors.py for tasks to queue
[2023-03-12T23:49:46.867+0000] {logging_mixin.py:137} INFO - [2023-03-12T23:49:46.867+0000] {dagbag.py:538} INFO - Filling up the DagBag from /home/airflow/.local/lib/python3.7/site-packages/airflow/example_dags/example_sensors.py
[2023-03-12T23:49:46.921+0000] {processor.py:753} INFO - DAG(s) dict_keys(['example_sensors']) retrieved from /home/airflow/.local/lib/python3.7/site-packages/airflow/example_dags/example_sensors.py
[2023-03-12T23:49:47.000+0000] {logging_mixin.py:137} INFO - [2023-03-12T23:49:47.000+0000] {dag.py:2690} INFO - Sync 1 DAGs
[2023-03-12T23:49:47.086+0000] {logging_mixin.py:137} INFO - [2023-03-12T23:49:47.086+0000] {dag.py:3441} INFO - Setting next_dagrun for example_sensors to None, run_after=None
[2023-03-12T23:49:47.146+0000] {processor.py:175} INFO - Processing /home/airflow/.local/lib/python3.7/site-packages/airflow/example_dags/example_sensors.py took 0.288 seconds
[2023-03-12T23:50:17.289+0000] {processor.py:153} INFO - Started process (PID=4380) to work on /home/airflow/.local/lib/python3.7/site-packages/airflow/example_dags/example_sensors.py
[2023-03-12T23:50:17.290+0000] {processor.py:743} INFO - Processing file /home/airflow/.local/lib/python3.7/site-packages/airflow/example_dags/example_sensors.py for tasks to queue
[2023-03-12T23:50:17.291+0000] {logging_mixin.py:137} INFO - [2023-03-12T23:50:17.291+0000] {dagbag.py:538} INFO - Filling up the DagBag from /home/airflow/.local/lib/python3.7/site-packages/airflow/example_dags/example_sensors.py
[2023-03-12T23:50:17.327+0000] {processor.py:753} INFO - DAG(s) dict_keys(['example_sensors']) retrieved from /home/airflow/.local/lib/python3.7/site-packages/airflow/example_dags/example_sensors.py
[2023-03-12T23:50:17.374+0000] {logging_mixin.py:137} INFO - [2023-03-12T23:50:17.374+0000] {dag.py:2690} INFO - Sync 1 DAGs
[2023-03-12T23:50:17.420+0000] {logging_mixin.py:137} INFO - [2023-03-12T23:50:17.419+0000] {dag.py:3441} INFO - Setting next_dagrun for example_sensors to None, run_after=None
[2023-03-12T23:50:17.459+0000] {processor.py:175} INFO - Processing /home/airflow/.local/lib/python3.7/site-packages/airflow/example_dags/example_sensors.py took 0.175 seconds
[2023-03-12T23:50:48.416+0000] {processor.py:153} INFO - Started process (PID=4453) to work on /home/airflow/.local/lib/python3.7/site-packages/airflow/example_dags/example_sensors.py
[2023-03-12T23:50:48.421+0000] {processor.py:743} INFO - Processing file /home/airflow/.local/lib/python3.7/site-packages/airflow/example_dags/example_sensors.py for tasks to queue
[2023-03-12T23:50:48.430+0000] {logging_mixin.py:137} INFO - [2023-03-12T23:50:48.429+0000] {dagbag.py:538} INFO - Filling up the DagBag from /home/airflow/.local/lib/python3.7/site-packages/airflow/example_dags/example_sensors.py
[2023-03-12T23:50:48.481+0000] {processor.py:753} INFO - DAG(s) dict_keys(['example_sensors']) retrieved from /home/airflow/.local/lib/python3.7/site-packages/airflow/example_dags/example_sensors.py
[2023-03-12T23:50:48.552+0000] {logging_mixin.py:137} INFO - [2023-03-12T23:50:48.552+0000] {dag.py:2690} INFO - Sync 1 DAGs
[2023-03-12T23:50:48.609+0000] {logging_mixin.py:137} INFO - [2023-03-12T23:50:48.609+0000] {dag.py:3441} INFO - Setting next_dagrun for example_sensors to None, run_after=None
[2023-03-12T23:50:48.645+0000] {processor.py:175} INFO - Processing /home/airflow/.local/lib/python3.7/site-packages/airflow/example_dags/example_sensors.py took 0.235 seconds
[2023-03-12T23:51:18.819+0000] {processor.py:153} INFO - Started process (PID=4526) to work on /home/airflow/.local/lib/python3.7/site-packages/airflow/example_dags/example_sensors.py
[2023-03-12T23:51:18.820+0000] {processor.py:743} INFO - Processing file /home/airflow/.local/lib/python3.7/site-packages/airflow/example_dags/example_sensors.py for tasks to queue
[2023-03-12T23:51:18.821+0000] {logging_mixin.py:137} INFO - [2023-03-12T23:51:18.821+0000] {dagbag.py:538} INFO - Filling up the DagBag from /home/airflow/.local/lib/python3.7/site-packages/airflow/example_dags/example_sensors.py
[2023-03-12T23:51:18.845+0000] {processor.py:753} INFO - DAG(s) dict_keys(['example_sensors']) retrieved from /home/airflow/.local/lib/python3.7/site-packages/airflow/example_dags/example_sensors.py
[2023-03-12T23:51:18.880+0000] {logging_mixin.py:137} INFO - [2023-03-12T23:51:18.880+0000] {dag.py:2690} INFO - Sync 1 DAGs
[2023-03-12T23:51:18.912+0000] {logging_mixin.py:137} INFO - [2023-03-12T23:51:18.911+0000] {dag.py:3441} INFO - Setting next_dagrun for example_sensors to None, run_after=None
[2023-03-12T23:51:18.939+0000] {processor.py:175} INFO - Processing /home/airflow/.local/lib/python3.7/site-packages/airflow/example_dags/example_sensors.py took 0.125 seconds
[2023-03-12T23:51:52.178+0000] {processor.py:153} INFO - Started process (PID=4599) to work on /home/airflow/.local/lib/python3.7/site-packages/airflow/example_dags/example_sensors.py
[2023-03-12T23:51:52.183+0000] {processor.py:743} INFO - Processing file /home/airflow/.local/lib/python3.7/site-packages/airflow/example_dags/example_sensors.py for tasks to queue
[2023-03-12T23:51:52.190+0000] {logging_mixin.py:137} INFO - [2023-03-12T23:51:52.190+0000] {dagbag.py:538} INFO - Filling up the DagBag from /home/airflow/.local/lib/python3.7/site-packages/airflow/example_dags/example_sensors.py
[2023-03-12T23:51:52.296+0000] {processor.py:753} INFO - DAG(s) dict_keys(['example_sensors']) retrieved from /home/airflow/.local/lib/python3.7/site-packages/airflow/example_dags/example_sensors.py
[2023-03-12T23:51:52.440+0000] {logging_mixin.py:137} INFO - [2023-03-12T23:51:52.440+0000] {dag.py:2690} INFO - Sync 1 DAGs
[2023-03-12T23:51:52.599+0000] {logging_mixin.py:137} INFO - [2023-03-12T23:51:52.598+0000] {dag.py:3441} INFO - Setting next_dagrun for example_sensors to None, run_after=None
[2023-03-12T23:51:52.723+0000] {processor.py:175} INFO - Processing /home/airflow/.local/lib/python3.7/site-packages/airflow/example_dags/example_sensors.py took 0.552 seconds
[2023-03-12T23:52:23.463+0000] {processor.py:153} INFO - Started process (PID=4672) to work on /home/airflow/.local/lib/python3.7/site-packages/airflow/example_dags/example_sensors.py
[2023-03-12T23:52:23.465+0000] {processor.py:743} INFO - Processing file /home/airflow/.local/lib/python3.7/site-packages/airflow/example_dags/example_sensors.py for tasks to queue
[2023-03-12T23:52:23.467+0000] {logging_mixin.py:137} INFO - [2023-03-12T23:52:23.467+0000] {dagbag.py:538} INFO - Filling up the DagBag from /home/airflow/.local/lib/python3.7/site-packages/airflow/example_dags/example_sensors.py
[2023-03-12T23:52:23.541+0000] {processor.py:753} INFO - DAG(s) dict_keys(['example_sensors']) retrieved from /home/airflow/.local/lib/python3.7/site-packages/airflow/example_dags/example_sensors.py
[2023-03-12T23:52:23.662+0000] {logging_mixin.py:137} INFO - [2023-03-12T23:52:23.662+0000] {dag.py:2690} INFO - Sync 1 DAGs
[2023-03-12T23:52:23.750+0000] {logging_mixin.py:137} INFO - [2023-03-12T23:52:23.750+0000] {dag.py:3441} INFO - Setting next_dagrun for example_sensors to None, run_after=None
[2023-03-12T23:52:23.816+0000] {processor.py:175} INFO - Processing /home/airflow/.local/lib/python3.7/site-packages/airflow/example_dags/example_sensors.py took 0.360 seconds
[2023-03-12T23:52:55.367+0000] {processor.py:153} INFO - Started process (PID=4738) to work on /home/airflow/.local/lib/python3.7/site-packages/airflow/example_dags/example_sensors.py
[2023-03-12T23:52:55.371+0000] {processor.py:743} INFO - Processing file /home/airflow/.local/lib/python3.7/site-packages/airflow/example_dags/example_sensors.py for tasks to queue
[2023-03-12T23:52:55.372+0000] {logging_mixin.py:137} INFO - [2023-03-12T23:52:55.372+0000] {dagbag.py:538} INFO - Filling up the DagBag from /home/airflow/.local/lib/python3.7/site-packages/airflow/example_dags/example_sensors.py
[2023-03-12T23:52:55.461+0000] {processor.py:753} INFO - DAG(s) dict_keys(['example_sensors']) retrieved from /home/airflow/.local/lib/python3.7/site-packages/airflow/example_dags/example_sensors.py
[2023-03-12T23:52:55.658+0000] {logging_mixin.py:137} INFO - [2023-03-12T23:52:55.658+0000] {dag.py:2690} INFO - Sync 1 DAGs
[2023-03-12T23:52:55.847+0000] {logging_mixin.py:137} INFO - [2023-03-12T23:52:55.846+0000] {dag.py:3441} INFO - Setting next_dagrun for example_sensors to None, run_after=None
[2023-03-12T23:52:55.954+0000] {processor.py:175} INFO - Processing /home/airflow/.local/lib/python3.7/site-packages/airflow/example_dags/example_sensors.py took 0.598 seconds
[2023-03-12T23:53:26.753+0000] {processor.py:153} INFO - Started process (PID=4803) to work on /home/airflow/.local/lib/python3.7/site-packages/airflow/example_dags/example_sensors.py
[2023-03-12T23:53:26.755+0000] {processor.py:743} INFO - Processing file /home/airflow/.local/lib/python3.7/site-packages/airflow/example_dags/example_sensors.py for tasks to queue
[2023-03-12T23:53:26.761+0000] {logging_mixin.py:137} INFO - [2023-03-12T23:53:26.756+0000] {dagbag.py:538} INFO - Filling up the DagBag from /home/airflow/.local/lib/python3.7/site-packages/airflow/example_dags/example_sensors.py
[2023-03-12T23:53:26.814+0000] {processor.py:753} INFO - DAG(s) dict_keys(['example_sensors']) retrieved from /home/airflow/.local/lib/python3.7/site-packages/airflow/example_dags/example_sensors.py
[2023-03-12T23:53:26.882+0000] {logging_mixin.py:137} INFO - [2023-03-12T23:53:26.882+0000] {dag.py:2690} INFO - Sync 1 DAGs
[2023-03-12T23:53:26.954+0000] {logging_mixin.py:137} INFO - [2023-03-12T23:53:26.953+0000] {dag.py:3441} INFO - Setting next_dagrun for example_sensors to None, run_after=None
[2023-03-12T23:53:27.038+0000] {processor.py:175} INFO - Processing /home/airflow/.local/lib/python3.7/site-packages/airflow/example_dags/example_sensors.py took 0.291 seconds
[2023-03-12T23:53:57.668+0000] {processor.py:153} INFO - Started process (PID=4880) to work on /home/airflow/.local/lib/python3.7/site-packages/airflow/example_dags/example_sensors.py
[2023-03-12T23:53:57.670+0000] {processor.py:743} INFO - Processing file /home/airflow/.local/lib/python3.7/site-packages/airflow/example_dags/example_sensors.py for tasks to queue
[2023-03-12T23:53:57.672+0000] {logging_mixin.py:137} INFO - [2023-03-12T23:53:57.671+0000] {dagbag.py:538} INFO - Filling up the DagBag from /home/airflow/.local/lib/python3.7/site-packages/airflow/example_dags/example_sensors.py
[2023-03-12T23:53:57.718+0000] {processor.py:753} INFO - DAG(s) dict_keys(['example_sensors']) retrieved from /home/airflow/.local/lib/python3.7/site-packages/airflow/example_dags/example_sensors.py
[2023-03-12T23:53:57.788+0000] {logging_mixin.py:137} INFO - [2023-03-12T23:53:57.788+0000] {dag.py:2690} INFO - Sync 1 DAGs
[2023-03-12T23:53:57.841+0000] {logging_mixin.py:137} INFO - [2023-03-12T23:53:57.841+0000] {dag.py:3441} INFO - Setting next_dagrun for example_sensors to None, run_after=None
[2023-03-12T23:53:57.904+0000] {processor.py:175} INFO - Processing /home/airflow/.local/lib/python3.7/site-packages/airflow/example_dags/example_sensors.py took 0.243 seconds
[2023-03-12T23:54:28.049+0000] {processor.py:153} INFO - Started process (PID=4961) to work on /home/airflow/.local/lib/python3.7/site-packages/airflow/example_dags/example_sensors.py
[2023-03-12T23:54:28.060+0000] {processor.py:743} INFO - Processing file /home/airflow/.local/lib/python3.7/site-packages/airflow/example_dags/example_sensors.py for tasks to queue
[2023-03-12T23:54:28.061+0000] {logging_mixin.py:137} INFO - [2023-03-12T23:54:28.061+0000] {dagbag.py:538} INFO - Filling up the DagBag from /home/airflow/.local/lib/python3.7/site-packages/airflow/example_dags/example_sensors.py
[2023-03-12T23:54:28.128+0000] {processor.py:753} INFO - DAG(s) dict_keys(['example_sensors']) retrieved from /home/airflow/.local/lib/python3.7/site-packages/airflow/example_dags/example_sensors.py
[2023-03-12T23:54:28.226+0000] {logging_mixin.py:137} INFO - [2023-03-12T23:54:28.226+0000] {dag.py:2690} INFO - Sync 1 DAGs
[2023-03-12T23:54:28.373+0000] {logging_mixin.py:137} INFO - [2023-03-12T23:54:28.373+0000] {dag.py:3441} INFO - Setting next_dagrun for example_sensors to None, run_after=None
[2023-03-12T23:54:28.460+0000] {processor.py:175} INFO - Processing /home/airflow/.local/lib/python3.7/site-packages/airflow/example_dags/example_sensors.py took 0.427 seconds
[2023-03-12T23:54:59.141+0000] {processor.py:153} INFO - Started process (PID=5029) to work on /home/airflow/.local/lib/python3.7/site-packages/airflow/example_dags/example_sensors.py
[2023-03-12T23:54:59.150+0000] {processor.py:743} INFO - Processing file /home/airflow/.local/lib/python3.7/site-packages/airflow/example_dags/example_sensors.py for tasks to queue
[2023-03-12T23:54:59.152+0000] {logging_mixin.py:137} INFO - [2023-03-12T23:54:59.152+0000] {dagbag.py:538} INFO - Filling up the DagBag from /home/airflow/.local/lib/python3.7/site-packages/airflow/example_dags/example_sensors.py
[2023-03-12T23:54:59.206+0000] {processor.py:753} INFO - DAG(s) dict_keys(['example_sensors']) retrieved from /home/airflow/.local/lib/python3.7/site-packages/airflow/example_dags/example_sensors.py
[2023-03-12T23:54:59.314+0000] {logging_mixin.py:137} INFO - [2023-03-12T23:54:59.313+0000] {dag.py:2690} INFO - Sync 1 DAGs
[2023-03-12T23:54:59.481+0000] {logging_mixin.py:137} INFO - [2023-03-12T23:54:59.481+0000] {dag.py:3441} INFO - Setting next_dagrun for example_sensors to None, run_after=None
[2023-03-12T23:54:59.553+0000] {processor.py:175} INFO - Processing /home/airflow/.local/lib/python3.7/site-packages/airflow/example_dags/example_sensors.py took 0.418 seconds
[2023-03-12T23:55:30.781+0000] {processor.py:153} INFO - Started process (PID=5110) to work on /home/airflow/.local/lib/python3.7/site-packages/airflow/example_dags/example_sensors.py
[2023-03-12T23:55:30.783+0000] {processor.py:743} INFO - Processing file /home/airflow/.local/lib/python3.7/site-packages/airflow/example_dags/example_sensors.py for tasks to queue
[2023-03-12T23:55:30.784+0000] {logging_mixin.py:137} INFO - [2023-03-12T23:55:30.784+0000] {dagbag.py:538} INFO - Filling up the DagBag from /home/airflow/.local/lib/python3.7/site-packages/airflow/example_dags/example_sensors.py
[2023-03-12T23:55:30.802+0000] {processor.py:753} INFO - DAG(s) dict_keys(['example_sensors']) retrieved from /home/airflow/.local/lib/python3.7/site-packages/airflow/example_dags/example_sensors.py
[2023-03-12T23:55:30.833+0000] {logging_mixin.py:137} INFO - [2023-03-12T23:55:30.832+0000] {dag.py:2690} INFO - Sync 1 DAGs
[2023-03-12T23:55:30.853+0000] {logging_mixin.py:137} INFO - [2023-03-12T23:55:30.853+0000] {dag.py:3441} INFO - Setting next_dagrun for example_sensors to None, run_after=None
[2023-03-12T23:55:30.878+0000] {processor.py:175} INFO - Processing /home/airflow/.local/lib/python3.7/site-packages/airflow/example_dags/example_sensors.py took 0.099 seconds
[2023-03-12T23:58:55.995+0000] {processor.py:153} INFO - Started process (PID=67) to work on /home/airflow/.local/lib/python3.7/site-packages/airflow/example_dags/example_sensors.py
[2023-03-12T23:58:56.000+0000] {processor.py:743} INFO - Processing file /home/airflow/.local/lib/python3.7/site-packages/airflow/example_dags/example_sensors.py for tasks to queue
[2023-03-12T23:58:56.007+0000] {logging_mixin.py:137} INFO - [2023-03-12T23:58:56.006+0000] {dagbag.py:538} INFO - Filling up the DagBag from /home/airflow/.local/lib/python3.7/site-packages/airflow/example_dags/example_sensors.py
[2023-03-12T23:58:56.092+0000] {processor.py:753} INFO - DAG(s) dict_keys(['example_sensors']) retrieved from /home/airflow/.local/lib/python3.7/site-packages/airflow/example_dags/example_sensors.py
[2023-03-12T23:58:56.186+0000] {logging_mixin.py:137} INFO - [2023-03-12T23:58:56.186+0000] {dag.py:2690} INFO - Sync 1 DAGs
[2023-03-12T23:58:56.258+0000] {logging_mixin.py:137} INFO - [2023-03-12T23:58:56.258+0000] {dag.py:3441} INFO - Setting next_dagrun for example_sensors to None, run_after=None
[2023-03-12T23:58:56.311+0000] {processor.py:175} INFO - Processing /home/airflow/.local/lib/python3.7/site-packages/airflow/example_dags/example_sensors.py took 0.322 seconds
[2023-03-12T23:59:26.421+0000] {processor.py:153} INFO - Started process (PID=141) to work on /home/airflow/.local/lib/python3.7/site-packages/airflow/example_dags/example_sensors.py
[2023-03-12T23:59:26.422+0000] {processor.py:743} INFO - Processing file /home/airflow/.local/lib/python3.7/site-packages/airflow/example_dags/example_sensors.py for tasks to queue
[2023-03-12T23:59:26.424+0000] {logging_mixin.py:137} INFO - [2023-03-12T23:59:26.423+0000] {dagbag.py:538} INFO - Filling up the DagBag from /home/airflow/.local/lib/python3.7/site-packages/airflow/example_dags/example_sensors.py
[2023-03-12T23:59:26.445+0000] {processor.py:753} INFO - DAG(s) dict_keys(['example_sensors']) retrieved from /home/airflow/.local/lib/python3.7/site-packages/airflow/example_dags/example_sensors.py
[2023-03-12T23:59:26.776+0000] {logging_mixin.py:137} INFO - [2023-03-12T23:59:26.776+0000] {dag.py:2690} INFO - Sync 1 DAGs
[2023-03-12T23:59:26.806+0000] {logging_mixin.py:137} INFO - [2023-03-12T23:59:26.805+0000] {dag.py:3441} INFO - Setting next_dagrun for example_sensors to None, run_after=None
[2023-03-12T23:59:26.837+0000] {processor.py:175} INFO - Processing /home/airflow/.local/lib/python3.7/site-packages/airflow/example_dags/example_sensors.py took 0.421 seconds
[2023-03-12T23:59:57.290+0000] {processor.py:153} INFO - Started process (PID=214) to work on /home/airflow/.local/lib/python3.7/site-packages/airflow/example_dags/example_sensors.py
[2023-03-12T23:59:57.292+0000] {processor.py:743} INFO - Processing file /home/airflow/.local/lib/python3.7/site-packages/airflow/example_dags/example_sensors.py for tasks to queue
[2023-03-12T23:59:57.293+0000] {logging_mixin.py:137} INFO - [2023-03-12T23:59:57.293+0000] {dagbag.py:538} INFO - Filling up the DagBag from /home/airflow/.local/lib/python3.7/site-packages/airflow/example_dags/example_sensors.py
[2023-03-12T23:59:57.323+0000] {processor.py:753} INFO - DAG(s) dict_keys(['example_sensors']) retrieved from /home/airflow/.local/lib/python3.7/site-packages/airflow/example_dags/example_sensors.py
[2023-03-12T23:59:57.369+0000] {logging_mixin.py:137} INFO - [2023-03-12T23:59:57.369+0000] {dag.py:2690} INFO - Sync 1 DAGs
[2023-03-12T23:59:57.415+0000] {logging_mixin.py:137} INFO - [2023-03-12T23:59:57.415+0000] {dag.py:3441} INFO - Setting next_dagrun for example_sensors to None, run_after=None
[2023-03-12T23:59:57.453+0000] {processor.py:175} INFO - Processing /home/airflow/.local/lib/python3.7/site-packages/airflow/example_dags/example_sensors.py took 0.168 seconds
