[2023-03-12T23:18:15.069+0000] {processor.py:153} INFO - Started process (PID=98) to work on /home/airflow/.local/lib/python3.7/site-packages/airflow/example_dags/tutorial.py
[2023-03-12T23:18:15.072+0000] {processor.py:743} INFO - Processing file /home/airflow/.local/lib/python3.7/site-packages/airflow/example_dags/tutorial.py for tasks to queue
[2023-03-12T23:18:15.074+0000] {logging_mixin.py:137} INFO - [2023-03-12T23:18:15.074+0000] {dagbag.py:538} INFO - Filling up the DagBag from /home/airflow/.local/lib/python3.7/site-packages/airflow/example_dags/tutorial.py
[2023-03-12T23:18:15.143+0000] {processor.py:753} INFO - DAG(s) dict_keys(['tutorial']) retrieved from /home/airflow/.local/lib/python3.7/site-packages/airflow/example_dags/tutorial.py
[2023-03-12T23:18:15.270+0000] {logging_mixin.py:137} INFO - [2023-03-12T23:18:15.270+0000] {dag.py:2690} INFO - Sync 1 DAGs
[2023-03-12T23:18:15.358+0000] {logging_mixin.py:137} INFO - [2023-03-12T23:18:15.357+0000] {dag.py:3441} INFO - Setting next_dagrun for tutorial to 2023-03-11T23:18:15.356964+00:00, run_after=2023-03-12T23:18:15.356964+00:00
[2023-03-12T23:18:15.442+0000] {processor.py:175} INFO - Processing /home/airflow/.local/lib/python3.7/site-packages/airflow/example_dags/tutorial.py took 0.392 seconds
[2023-03-12T23:18:55.624+0000] {processor.py:153} INFO - Started process (PID=163) to work on /home/airflow/.local/lib/python3.7/site-packages/airflow/example_dags/tutorial.py
[2023-03-12T23:18:55.627+0000] {processor.py:743} INFO - Processing file /home/airflow/.local/lib/python3.7/site-packages/airflow/example_dags/tutorial.py for tasks to queue
[2023-03-12T23:18:55.630+0000] {logging_mixin.py:137} INFO - [2023-03-12T23:18:55.630+0000] {dagbag.py:538} INFO - Filling up the DagBag from /home/airflow/.local/lib/python3.7/site-packages/airflow/example_dags/tutorial.py
[2023-03-12T23:18:55.693+0000] {processor.py:753} INFO - DAG(s) dict_keys(['tutorial']) retrieved from /home/airflow/.local/lib/python3.7/site-packages/airflow/example_dags/tutorial.py
[2023-03-12T23:18:55.811+0000] {logging_mixin.py:137} INFO - [2023-03-12T23:18:55.811+0000] {dag.py:2690} INFO - Sync 1 DAGs
[2023-03-12T23:18:55.924+0000] {logging_mixin.py:137} INFO - [2023-03-12T23:18:55.923+0000] {dag.py:3441} INFO - Setting next_dagrun for tutorial to 2023-03-11T23:18:55.923354+00:00, run_after=2023-03-12T23:18:55.923354+00:00
[2023-03-12T23:18:56.007+0000] {processor.py:175} INFO - Processing /home/airflow/.local/lib/python3.7/site-packages/airflow/example_dags/tutorial.py took 0.402 seconds
[2023-03-12T23:19:28.933+0000] {processor.py:153} INFO - Started process (PID=235) to work on /home/airflow/.local/lib/python3.7/site-packages/airflow/example_dags/tutorial.py
[2023-03-12T23:19:28.944+0000] {processor.py:743} INFO - Processing file /home/airflow/.local/lib/python3.7/site-packages/airflow/example_dags/tutorial.py for tasks to queue
[2023-03-12T23:19:28.964+0000] {logging_mixin.py:137} INFO - [2023-03-12T23:19:28.964+0000] {dagbag.py:538} INFO - Filling up the DagBag from /home/airflow/.local/lib/python3.7/site-packages/airflow/example_dags/tutorial.py
[2023-03-12T23:19:29.105+0000] {processor.py:753} INFO - DAG(s) dict_keys(['tutorial']) retrieved from /home/airflow/.local/lib/python3.7/site-packages/airflow/example_dags/tutorial.py
[2023-03-12T23:19:29.552+0000] {logging_mixin.py:137} INFO - [2023-03-12T23:19:29.551+0000] {dag.py:2690} INFO - Sync 1 DAGs
[2023-03-12T23:19:29.794+0000] {logging_mixin.py:137} INFO - [2023-03-12T23:19:29.794+0000] {dag.py:3441} INFO - Setting next_dagrun for tutorial to 2023-03-11T23:19:29.793838+00:00, run_after=2023-03-12T23:19:29.793838+00:00
[2023-03-12T23:19:30.000+0000] {processor.py:175} INFO - Processing /home/airflow/.local/lib/python3.7/site-packages/airflow/example_dags/tutorial.py took 1.067 seconds
[2023-03-12T23:20:00.533+0000] {processor.py:153} INFO - Started process (PID=301) to work on /home/airflow/.local/lib/python3.7/site-packages/airflow/example_dags/tutorial.py
[2023-03-12T23:20:00.549+0000] {processor.py:743} INFO - Processing file /home/airflow/.local/lib/python3.7/site-packages/airflow/example_dags/tutorial.py for tasks to queue
[2023-03-12T23:20:00.566+0000] {logging_mixin.py:137} INFO - [2023-03-12T23:20:00.566+0000] {dagbag.py:538} INFO - Filling up the DagBag from /home/airflow/.local/lib/python3.7/site-packages/airflow/example_dags/tutorial.py
[2023-03-12T23:20:00.636+0000] {processor.py:753} INFO - DAG(s) dict_keys(['tutorial']) retrieved from /home/airflow/.local/lib/python3.7/site-packages/airflow/example_dags/tutorial.py
[2023-03-12T23:20:00.789+0000] {logging_mixin.py:137} INFO - [2023-03-12T23:20:00.789+0000] {dag.py:2690} INFO - Sync 1 DAGs
[2023-03-12T23:20:00.943+0000] {logging_mixin.py:137} INFO - [2023-03-12T23:20:00.942+0000] {dag.py:3441} INFO - Setting next_dagrun for tutorial to 2023-03-11T23:20:00.941828+00:00, run_after=2023-03-12T23:20:00.941828+00:00
[2023-03-12T23:20:01.101+0000] {processor.py:175} INFO - Processing /home/airflow/.local/lib/python3.7/site-packages/airflow/example_dags/tutorial.py took 0.579 seconds
[2023-03-12T23:20:31.412+0000] {processor.py:153} INFO - Started process (PID=364) to work on /home/airflow/.local/lib/python3.7/site-packages/airflow/example_dags/tutorial.py
[2023-03-12T23:20:31.415+0000] {processor.py:743} INFO - Processing file /home/airflow/.local/lib/python3.7/site-packages/airflow/example_dags/tutorial.py for tasks to queue
[2023-03-12T23:20:31.417+0000] {logging_mixin.py:137} INFO - [2023-03-12T23:20:31.417+0000] {dagbag.py:538} INFO - Filling up the DagBag from /home/airflow/.local/lib/python3.7/site-packages/airflow/example_dags/tutorial.py
[2023-03-12T23:20:31.446+0000] {processor.py:753} INFO - DAG(s) dict_keys(['tutorial']) retrieved from /home/airflow/.local/lib/python3.7/site-packages/airflow/example_dags/tutorial.py
[2023-03-12T23:20:31.500+0000] {logging_mixin.py:137} INFO - [2023-03-12T23:20:31.500+0000] {dag.py:2690} INFO - Sync 1 DAGs
[2023-03-12T23:20:31.559+0000] {logging_mixin.py:137} INFO - [2023-03-12T23:20:31.559+0000] {dag.py:3441} INFO - Setting next_dagrun for tutorial to 2023-03-11T23:20:31.558757+00:00, run_after=2023-03-12T23:20:31.558757+00:00
[2023-03-12T23:20:31.602+0000] {processor.py:175} INFO - Processing /home/airflow/.local/lib/python3.7/site-packages/airflow/example_dags/tutorial.py took 0.196 seconds
[2023-03-12T23:21:01.871+0000] {processor.py:153} INFO - Started process (PID=436) to work on /home/airflow/.local/lib/python3.7/site-packages/airflow/example_dags/tutorial.py
[2023-03-12T23:21:01.874+0000] {processor.py:743} INFO - Processing file /home/airflow/.local/lib/python3.7/site-packages/airflow/example_dags/tutorial.py for tasks to queue
[2023-03-12T23:21:01.876+0000] {logging_mixin.py:137} INFO - [2023-03-12T23:21:01.875+0000] {dagbag.py:538} INFO - Filling up the DagBag from /home/airflow/.local/lib/python3.7/site-packages/airflow/example_dags/tutorial.py
[2023-03-12T23:21:01.943+0000] {processor.py:753} INFO - DAG(s) dict_keys(['tutorial']) retrieved from /home/airflow/.local/lib/python3.7/site-packages/airflow/example_dags/tutorial.py
[2023-03-12T23:21:02.064+0000] {logging_mixin.py:137} INFO - [2023-03-12T23:21:02.063+0000] {dag.py:2690} INFO - Sync 1 DAGs
[2023-03-12T23:21:02.189+0000] {logging_mixin.py:137} INFO - [2023-03-12T23:21:02.189+0000] {dag.py:3441} INFO - Setting next_dagrun for tutorial to 2023-03-11T23:21:02.188850+00:00, run_after=2023-03-12T23:21:02.188850+00:00
[2023-03-12T23:21:02.297+0000] {processor.py:175} INFO - Processing /home/airflow/.local/lib/python3.7/site-packages/airflow/example_dags/tutorial.py took 0.442 seconds
[2023-03-12T23:21:32.563+0000] {processor.py:153} INFO - Started process (PID=491) to work on /home/airflow/.local/lib/python3.7/site-packages/airflow/example_dags/tutorial.py
[2023-03-12T23:21:32.567+0000] {processor.py:743} INFO - Processing file /home/airflow/.local/lib/python3.7/site-packages/airflow/example_dags/tutorial.py for tasks to queue
[2023-03-12T23:21:32.569+0000] {logging_mixin.py:137} INFO - [2023-03-12T23:21:32.569+0000] {dagbag.py:538} INFO - Filling up the DagBag from /home/airflow/.local/lib/python3.7/site-packages/airflow/example_dags/tutorial.py
[2023-03-12T23:21:32.612+0000] {processor.py:753} INFO - DAG(s) dict_keys(['tutorial']) retrieved from /home/airflow/.local/lib/python3.7/site-packages/airflow/example_dags/tutorial.py
[2023-03-12T23:21:32.693+0000] {logging_mixin.py:137} INFO - [2023-03-12T23:21:32.693+0000] {dag.py:2690} INFO - Sync 1 DAGs
[2023-03-12T23:21:32.794+0000] {logging_mixin.py:137} INFO - [2023-03-12T23:21:32.792+0000] {dag.py:3441} INFO - Setting next_dagrun for tutorial to 2023-03-11T23:21:32.788937+00:00, run_after=2023-03-12T23:21:32.788937+00:00
[2023-03-12T23:21:32.847+0000] {processor.py:175} INFO - Processing /home/airflow/.local/lib/python3.7/site-packages/airflow/example_dags/tutorial.py took 0.290 seconds
[2023-03-12T23:22:06.249+0000] {processor.py:153} INFO - Started process (PID=564) to work on /home/airflow/.local/lib/python3.7/site-packages/airflow/example_dags/tutorial.py
[2023-03-12T23:22:06.251+0000] {processor.py:743} INFO - Processing file /home/airflow/.local/lib/python3.7/site-packages/airflow/example_dags/tutorial.py for tasks to queue
[2023-03-12T23:22:06.278+0000] {logging_mixin.py:137} INFO - [2023-03-12T23:22:06.277+0000] {dagbag.py:538} INFO - Filling up the DagBag from /home/airflow/.local/lib/python3.7/site-packages/airflow/example_dags/tutorial.py
[2023-03-12T23:22:06.391+0000] {processor.py:753} INFO - DAG(s) dict_keys(['tutorial']) retrieved from /home/airflow/.local/lib/python3.7/site-packages/airflow/example_dags/tutorial.py
[2023-03-12T23:22:06.565+0000] {logging_mixin.py:137} INFO - [2023-03-12T23:22:06.565+0000] {dag.py:2690} INFO - Sync 1 DAGs
[2023-03-12T23:22:06.729+0000] {logging_mixin.py:137} INFO - [2023-03-12T23:22:06.728+0000] {dag.py:3441} INFO - Setting next_dagrun for tutorial to 2023-03-11T23:22:06.727654+00:00, run_after=2023-03-12T23:22:06.727654+00:00
[2023-03-12T23:22:06.862+0000] {processor.py:175} INFO - Processing /home/airflow/.local/lib/python3.7/site-packages/airflow/example_dags/tutorial.py took 0.627 seconds
[2023-03-12T23:22:37.654+0000] {processor.py:153} INFO - Started process (PID=627) to work on /home/airflow/.local/lib/python3.7/site-packages/airflow/example_dags/tutorial.py
[2023-03-12T23:22:37.691+0000] {processor.py:743} INFO - Processing file /home/airflow/.local/lib/python3.7/site-packages/airflow/example_dags/tutorial.py for tasks to queue
[2023-03-12T23:22:37.703+0000] {logging_mixin.py:137} INFO - [2023-03-12T23:22:37.702+0000] {dagbag.py:538} INFO - Filling up the DagBag from /home/airflow/.local/lib/python3.7/site-packages/airflow/example_dags/tutorial.py
[2023-03-12T23:22:37.779+0000] {processor.py:753} INFO - DAG(s) dict_keys(['tutorial']) retrieved from /home/airflow/.local/lib/python3.7/site-packages/airflow/example_dags/tutorial.py
[2023-03-12T23:22:37.912+0000] {logging_mixin.py:137} INFO - [2023-03-12T23:22:37.911+0000] {dag.py:2690} INFO - Sync 1 DAGs
[2023-03-12T23:22:38.090+0000] {logging_mixin.py:137} INFO - [2023-03-12T23:22:38.090+0000] {dag.py:3441} INFO - Setting next_dagrun for tutorial to 2023-03-11T23:22:38.089764+00:00, run_after=2023-03-12T23:22:38.089764+00:00
[2023-03-12T23:22:38.243+0000] {processor.py:175} INFO - Processing /home/airflow/.local/lib/python3.7/site-packages/airflow/example_dags/tutorial.py took 0.611 seconds
[2023-03-12T23:23:09.294+0000] {processor.py:153} INFO - Started process (PID=693) to work on /home/airflow/.local/lib/python3.7/site-packages/airflow/example_dags/tutorial.py
[2023-03-12T23:23:09.308+0000] {processor.py:743} INFO - Processing file /home/airflow/.local/lib/python3.7/site-packages/airflow/example_dags/tutorial.py for tasks to queue
[2023-03-12T23:23:09.312+0000] {logging_mixin.py:137} INFO - [2023-03-12T23:23:09.312+0000] {dagbag.py:538} INFO - Filling up the DagBag from /home/airflow/.local/lib/python3.7/site-packages/airflow/example_dags/tutorial.py
[2023-03-12T23:23:09.445+0000] {processor.py:753} INFO - DAG(s) dict_keys(['tutorial']) retrieved from /home/airflow/.local/lib/python3.7/site-packages/airflow/example_dags/tutorial.py
[2023-03-12T23:23:09.626+0000] {logging_mixin.py:137} INFO - [2023-03-12T23:23:09.625+0000] {dag.py:2690} INFO - Sync 1 DAGs
[2023-03-12T23:23:09.738+0000] {logging_mixin.py:137} INFO - [2023-03-12T23:23:09.735+0000] {dag.py:3441} INFO - Setting next_dagrun for tutorial to 2023-03-11T23:23:09.734349+00:00, run_after=2023-03-12T23:23:09.734349+00:00
[2023-03-12T23:23:09.852+0000] {processor.py:175} INFO - Processing /home/airflow/.local/lib/python3.7/site-packages/airflow/example_dags/tutorial.py took 0.574 seconds
[2023-03-12T23:23:40.489+0000] {processor.py:153} INFO - Started process (PID=759) to work on /home/airflow/.local/lib/python3.7/site-packages/airflow/example_dags/tutorial.py
[2023-03-12T23:23:40.495+0000] {processor.py:743} INFO - Processing file /home/airflow/.local/lib/python3.7/site-packages/airflow/example_dags/tutorial.py for tasks to queue
[2023-03-12T23:23:40.506+0000] {logging_mixin.py:137} INFO - [2023-03-12T23:23:40.506+0000] {dagbag.py:538} INFO - Filling up the DagBag from /home/airflow/.local/lib/python3.7/site-packages/airflow/example_dags/tutorial.py
[2023-03-12T23:23:40.557+0000] {processor.py:753} INFO - DAG(s) dict_keys(['tutorial']) retrieved from /home/airflow/.local/lib/python3.7/site-packages/airflow/example_dags/tutorial.py
[2023-03-12T23:23:40.669+0000] {logging_mixin.py:137} INFO - [2023-03-12T23:23:40.669+0000] {dag.py:2690} INFO - Sync 1 DAGs
[2023-03-12T23:23:40.801+0000] {logging_mixin.py:137} INFO - [2023-03-12T23:23:40.801+0000] {dag.py:3441} INFO - Setting next_dagrun for tutorial to 2023-03-11T23:23:40.800500+00:00, run_after=2023-03-12T23:23:40.800500+00:00
[2023-03-12T23:23:40.932+0000] {processor.py:175} INFO - Processing /home/airflow/.local/lib/python3.7/site-packages/airflow/example_dags/tutorial.py took 0.458 seconds
[2023-03-12T23:24:11.334+0000] {processor.py:153} INFO - Started process (PID=824) to work on /home/airflow/.local/lib/python3.7/site-packages/airflow/example_dags/tutorial.py
[2023-03-12T23:24:11.338+0000] {processor.py:743} INFO - Processing file /home/airflow/.local/lib/python3.7/site-packages/airflow/example_dags/tutorial.py for tasks to queue
[2023-03-12T23:24:11.346+0000] {logging_mixin.py:137} INFO - [2023-03-12T23:24:11.346+0000] {dagbag.py:538} INFO - Filling up the DagBag from /home/airflow/.local/lib/python3.7/site-packages/airflow/example_dags/tutorial.py
[2023-03-12T23:24:11.404+0000] {processor.py:753} INFO - DAG(s) dict_keys(['tutorial']) retrieved from /home/airflow/.local/lib/python3.7/site-packages/airflow/example_dags/tutorial.py
[2023-03-12T23:24:11.504+0000] {logging_mixin.py:137} INFO - [2023-03-12T23:24:11.504+0000] {dag.py:2690} INFO - Sync 1 DAGs
[2023-03-12T23:24:11.599+0000] {logging_mixin.py:137} INFO - [2023-03-12T23:24:11.598+0000] {dag.py:3441} INFO - Setting next_dagrun for tutorial to 2023-03-11T23:24:11.593191+00:00, run_after=2023-03-12T23:24:11.593191+00:00
[2023-03-12T23:24:11.689+0000] {processor.py:175} INFO - Processing /home/airflow/.local/lib/python3.7/site-packages/airflow/example_dags/tutorial.py took 0.374 seconds
[2023-03-12T23:24:43.711+0000] {processor.py:153} INFO - Started process (PID=900) to work on /home/airflow/.local/lib/python3.7/site-packages/airflow/example_dags/tutorial.py
[2023-03-12T23:24:43.736+0000] {processor.py:743} INFO - Processing file /home/airflow/.local/lib/python3.7/site-packages/airflow/example_dags/tutorial.py for tasks to queue
[2023-03-12T23:24:43.777+0000] {logging_mixin.py:137} INFO - [2023-03-12T23:24:43.777+0000] {dagbag.py:538} INFO - Filling up the DagBag from /home/airflow/.local/lib/python3.7/site-packages/airflow/example_dags/tutorial.py
[2023-03-12T23:24:43.937+0000] {processor.py:753} INFO - DAG(s) dict_keys(['tutorial']) retrieved from /home/airflow/.local/lib/python3.7/site-packages/airflow/example_dags/tutorial.py
[2023-03-12T23:24:44.089+0000] {logging_mixin.py:137} INFO - [2023-03-12T23:24:44.088+0000] {dag.py:2690} INFO - Sync 1 DAGs
[2023-03-12T23:24:44.238+0000] {logging_mixin.py:137} INFO - [2023-03-12T23:24:44.238+0000] {dag.py:3441} INFO - Setting next_dagrun for tutorial to 2023-03-11T23:24:44.237893+00:00, run_after=2023-03-12T23:24:44.237893+00:00
[2023-03-12T23:24:44.362+0000] {processor.py:175} INFO - Processing /home/airflow/.local/lib/python3.7/site-packages/airflow/example_dags/tutorial.py took 0.659 seconds
[2023-03-12T23:25:15.626+0000] {processor.py:153} INFO - Started process (PID=964) to work on /home/airflow/.local/lib/python3.7/site-packages/airflow/example_dags/tutorial.py
[2023-03-12T23:25:15.629+0000] {processor.py:743} INFO - Processing file /home/airflow/.local/lib/python3.7/site-packages/airflow/example_dags/tutorial.py for tasks to queue
[2023-03-12T23:25:15.639+0000] {logging_mixin.py:137} INFO - [2023-03-12T23:25:15.638+0000] {dagbag.py:538} INFO - Filling up the DagBag from /home/airflow/.local/lib/python3.7/site-packages/airflow/example_dags/tutorial.py
[2023-03-12T23:25:15.690+0000] {processor.py:753} INFO - DAG(s) dict_keys(['tutorial']) retrieved from /home/airflow/.local/lib/python3.7/site-packages/airflow/example_dags/tutorial.py
[2023-03-12T23:25:15.762+0000] {logging_mixin.py:137} INFO - [2023-03-12T23:25:15.762+0000] {dag.py:2690} INFO - Sync 1 DAGs
[2023-03-12T23:25:15.841+0000] {logging_mixin.py:137} INFO - [2023-03-12T23:25:15.841+0000] {dag.py:3441} INFO - Setting next_dagrun for tutorial to 2023-03-11T23:25:15.840591+00:00, run_after=2023-03-12T23:25:15.840591+00:00
[2023-03-12T23:25:15.900+0000] {processor.py:175} INFO - Processing /home/airflow/.local/lib/python3.7/site-packages/airflow/example_dags/tutorial.py took 0.279 seconds
[2023-03-12T23:25:47.919+0000] {processor.py:153} INFO - Started process (PID=1041) to work on /home/airflow/.local/lib/python3.7/site-packages/airflow/example_dags/tutorial.py
[2023-03-12T23:25:47.921+0000] {processor.py:743} INFO - Processing file /home/airflow/.local/lib/python3.7/site-packages/airflow/example_dags/tutorial.py for tasks to queue
[2023-03-12T23:25:47.923+0000] {logging_mixin.py:137} INFO - [2023-03-12T23:25:47.923+0000] {dagbag.py:538} INFO - Filling up the DagBag from /home/airflow/.local/lib/python3.7/site-packages/airflow/example_dags/tutorial.py
[2023-03-12T23:25:47.984+0000] {processor.py:753} INFO - DAG(s) dict_keys(['tutorial']) retrieved from /home/airflow/.local/lib/python3.7/site-packages/airflow/example_dags/tutorial.py
[2023-03-12T23:25:48.092+0000] {logging_mixin.py:137} INFO - [2023-03-12T23:25:48.092+0000] {dag.py:2690} INFO - Sync 1 DAGs
[2023-03-12T23:25:48.228+0000] {logging_mixin.py:137} INFO - [2023-03-12T23:25:48.228+0000] {dag.py:3441} INFO - Setting next_dagrun for tutorial to 2023-03-11T23:25:48.217907+00:00, run_after=2023-03-12T23:25:48.217907+00:00
[2023-03-12T23:25:48.364+0000] {processor.py:175} INFO - Processing /home/airflow/.local/lib/python3.7/site-packages/airflow/example_dags/tutorial.py took 0.456 seconds
[2023-03-12T23:26:19.027+0000] {processor.py:153} INFO - Started process (PID=1106) to work on /home/airflow/.local/lib/python3.7/site-packages/airflow/example_dags/tutorial.py
[2023-03-12T23:26:19.034+0000] {processor.py:743} INFO - Processing file /home/airflow/.local/lib/python3.7/site-packages/airflow/example_dags/tutorial.py for tasks to queue
[2023-03-12T23:26:19.041+0000] {logging_mixin.py:137} INFO - [2023-03-12T23:26:19.036+0000] {dagbag.py:538} INFO - Filling up the DagBag from /home/airflow/.local/lib/python3.7/site-packages/airflow/example_dags/tutorial.py
[2023-03-12T23:26:19.109+0000] {processor.py:753} INFO - DAG(s) dict_keys(['tutorial']) retrieved from /home/airflow/.local/lib/python3.7/site-packages/airflow/example_dags/tutorial.py
[2023-03-12T23:26:19.210+0000] {logging_mixin.py:137} INFO - [2023-03-12T23:26:19.209+0000] {dag.py:2690} INFO - Sync 1 DAGs
[2023-03-12T23:26:19.337+0000] {logging_mixin.py:137} INFO - [2023-03-12T23:26:19.327+0000] {dag.py:3441} INFO - Setting next_dagrun for tutorial to 2023-03-11T23:26:19.327165+00:00, run_after=2023-03-12T23:26:19.327165+00:00
[2023-03-12T23:26:19.428+0000] {processor.py:175} INFO - Processing /home/airflow/.local/lib/python3.7/site-packages/airflow/example_dags/tutorial.py took 0.408 seconds
[2023-03-12T23:26:54.108+0000] {processor.py:153} INFO - Started process (PID=1184) to work on /home/airflow/.local/lib/python3.7/site-packages/airflow/example_dags/tutorial.py
[2023-03-12T23:26:54.125+0000] {processor.py:743} INFO - Processing file /home/airflow/.local/lib/python3.7/site-packages/airflow/example_dags/tutorial.py for tasks to queue
[2023-03-12T23:26:54.142+0000] {logging_mixin.py:137} INFO - [2023-03-12T23:26:54.141+0000] {dagbag.py:538} INFO - Filling up the DagBag from /home/airflow/.local/lib/python3.7/site-packages/airflow/example_dags/tutorial.py
[2023-03-12T23:26:54.233+0000] {processor.py:753} INFO - DAG(s) dict_keys(['tutorial']) retrieved from /home/airflow/.local/lib/python3.7/site-packages/airflow/example_dags/tutorial.py
[2023-03-12T23:26:54.386+0000] {logging_mixin.py:137} INFO - [2023-03-12T23:26:54.385+0000] {dag.py:2690} INFO - Sync 1 DAGs
[2023-03-12T23:26:54.559+0000] {logging_mixin.py:137} INFO - [2023-03-12T23:26:54.549+0000] {dag.py:3441} INFO - Setting next_dagrun for tutorial to 2023-03-11T23:26:54.548527+00:00, run_after=2023-03-12T23:26:54.548527+00:00
[2023-03-12T23:26:54.690+0000] {processor.py:175} INFO - Processing /home/airflow/.local/lib/python3.7/site-packages/airflow/example_dags/tutorial.py took 0.590 seconds
[2023-03-12T23:27:27.166+0000] {processor.py:153} INFO - Started process (PID=1263) to work on /home/airflow/.local/lib/python3.7/site-packages/airflow/example_dags/tutorial.py
[2023-03-12T23:27:27.171+0000] {processor.py:743} INFO - Processing file /home/airflow/.local/lib/python3.7/site-packages/airflow/example_dags/tutorial.py for tasks to queue
[2023-03-12T23:27:27.174+0000] {logging_mixin.py:137} INFO - [2023-03-12T23:27:27.174+0000] {dagbag.py:538} INFO - Filling up the DagBag from /home/airflow/.local/lib/python3.7/site-packages/airflow/example_dags/tutorial.py
[2023-03-12T23:27:27.227+0000] {processor.py:753} INFO - DAG(s) dict_keys(['tutorial']) retrieved from /home/airflow/.local/lib/python3.7/site-packages/airflow/example_dags/tutorial.py
[2023-03-12T23:27:27.362+0000] {logging_mixin.py:137} INFO - [2023-03-12T23:27:27.361+0000] {dag.py:2690} INFO - Sync 1 DAGs
[2023-03-12T23:27:27.446+0000] {logging_mixin.py:137} INFO - [2023-03-12T23:27:27.445+0000] {dag.py:3441} INFO - Setting next_dagrun for tutorial to 2023-03-11T23:27:27.445101+00:00, run_after=2023-03-12T23:27:27.445101+00:00
[2023-03-12T23:27:27.535+0000] {processor.py:175} INFO - Processing /home/airflow/.local/lib/python3.7/site-packages/airflow/example_dags/tutorial.py took 0.404 seconds
[2023-03-12T23:27:57.633+0000] {processor.py:153} INFO - Started process (PID=1323) to work on /home/airflow/.local/lib/python3.7/site-packages/airflow/example_dags/tutorial.py
[2023-03-12T23:27:57.643+0000] {processor.py:743} INFO - Processing file /home/airflow/.local/lib/python3.7/site-packages/airflow/example_dags/tutorial.py for tasks to queue
[2023-03-12T23:27:57.645+0000] {logging_mixin.py:137} INFO - [2023-03-12T23:27:57.645+0000] {dagbag.py:538} INFO - Filling up the DagBag from /home/airflow/.local/lib/python3.7/site-packages/airflow/example_dags/tutorial.py
[2023-03-12T23:27:57.711+0000] {processor.py:753} INFO - DAG(s) dict_keys(['tutorial']) retrieved from /home/airflow/.local/lib/python3.7/site-packages/airflow/example_dags/tutorial.py
[2023-03-12T23:27:57.797+0000] {logging_mixin.py:137} INFO - [2023-03-12T23:27:57.797+0000] {dag.py:2690} INFO - Sync 1 DAGs
[2023-03-12T23:27:57.888+0000] {logging_mixin.py:137} INFO - [2023-03-12T23:27:57.887+0000] {dag.py:3441} INFO - Setting next_dagrun for tutorial to 2023-03-11T23:27:57.887537+00:00, run_after=2023-03-12T23:27:57.887537+00:00
[2023-03-12T23:27:57.954+0000] {processor.py:175} INFO - Processing /home/airflow/.local/lib/python3.7/site-packages/airflow/example_dags/tutorial.py took 0.329 seconds
[2023-03-12T23:28:28.798+0000] {processor.py:153} INFO - Started process (PID=1397) to work on /home/airflow/.local/lib/python3.7/site-packages/airflow/example_dags/tutorial.py
[2023-03-12T23:28:28.809+0000] {processor.py:743} INFO - Processing file /home/airflow/.local/lib/python3.7/site-packages/airflow/example_dags/tutorial.py for tasks to queue
[2023-03-12T23:28:28.817+0000] {logging_mixin.py:137} INFO - [2023-03-12T23:28:28.816+0000] {dagbag.py:538} INFO - Filling up the DagBag from /home/airflow/.local/lib/python3.7/site-packages/airflow/example_dags/tutorial.py
[2023-03-12T23:28:28.877+0000] {processor.py:753} INFO - DAG(s) dict_keys(['tutorial']) retrieved from /home/airflow/.local/lib/python3.7/site-packages/airflow/example_dags/tutorial.py
[2023-03-12T23:28:28.985+0000] {logging_mixin.py:137} INFO - [2023-03-12T23:28:28.985+0000] {dag.py:2690} INFO - Sync 1 DAGs
[2023-03-12T23:28:29.068+0000] {logging_mixin.py:137} INFO - [2023-03-12T23:28:29.068+0000] {dag.py:3441} INFO - Setting next_dagrun for tutorial to 2023-03-11T23:28:29.068059+00:00, run_after=2023-03-12T23:28:29.068059+00:00
[2023-03-12T23:28:29.119+0000] {processor.py:175} INFO - Processing /home/airflow/.local/lib/python3.7/site-packages/airflow/example_dags/tutorial.py took 0.339 seconds
[2023-03-12T23:28:59.492+0000] {processor.py:153} INFO - Started process (PID=1459) to work on /home/airflow/.local/lib/python3.7/site-packages/airflow/example_dags/tutorial.py
[2023-03-12T23:28:59.497+0000] {processor.py:743} INFO - Processing file /home/airflow/.local/lib/python3.7/site-packages/airflow/example_dags/tutorial.py for tasks to queue
[2023-03-12T23:28:59.499+0000] {logging_mixin.py:137} INFO - [2023-03-12T23:28:59.499+0000] {dagbag.py:538} INFO - Filling up the DagBag from /home/airflow/.local/lib/python3.7/site-packages/airflow/example_dags/tutorial.py
[2023-03-12T23:28:59.566+0000] {processor.py:753} INFO - DAG(s) dict_keys(['tutorial']) retrieved from /home/airflow/.local/lib/python3.7/site-packages/airflow/example_dags/tutorial.py
[2023-03-12T23:28:59.687+0000] {logging_mixin.py:137} INFO - [2023-03-12T23:28:59.687+0000] {dag.py:2690} INFO - Sync 1 DAGs
[2023-03-12T23:28:59.809+0000] {logging_mixin.py:137} INFO - [2023-03-12T23:28:59.808+0000] {dag.py:3441} INFO - Setting next_dagrun for tutorial to 2023-03-11T23:28:59.808213+00:00, run_after=2023-03-12T23:28:59.808213+00:00
[2023-03-12T23:28:59.943+0000] {processor.py:175} INFO - Processing /home/airflow/.local/lib/python3.7/site-packages/airflow/example_dags/tutorial.py took 0.467 seconds
[2023-03-12T23:29:31.219+0000] {processor.py:153} INFO - Started process (PID=1536) to work on /home/airflow/.local/lib/python3.7/site-packages/airflow/example_dags/tutorial.py
[2023-03-12T23:29:31.224+0000] {processor.py:743} INFO - Processing file /home/airflow/.local/lib/python3.7/site-packages/airflow/example_dags/tutorial.py for tasks to queue
[2023-03-12T23:29:31.227+0000] {logging_mixin.py:137} INFO - [2023-03-12T23:29:31.227+0000] {dagbag.py:538} INFO - Filling up the DagBag from /home/airflow/.local/lib/python3.7/site-packages/airflow/example_dags/tutorial.py
[2023-03-12T23:29:31.282+0000] {processor.py:753} INFO - DAG(s) dict_keys(['tutorial']) retrieved from /home/airflow/.local/lib/python3.7/site-packages/airflow/example_dags/tutorial.py
[2023-03-12T23:29:31.372+0000] {logging_mixin.py:137} INFO - [2023-03-12T23:29:31.372+0000] {dag.py:2690} INFO - Sync 1 DAGs
[2023-03-12T23:29:31.490+0000] {logging_mixin.py:137} INFO - [2023-03-12T23:29:31.488+0000] {dag.py:3441} INFO - Setting next_dagrun for tutorial to 2023-03-11T23:29:31.487256+00:00, run_after=2023-03-12T23:29:31.487256+00:00
[2023-03-12T23:29:31.575+0000] {processor.py:175} INFO - Processing /home/airflow/.local/lib/python3.7/site-packages/airflow/example_dags/tutorial.py took 0.363 seconds
[2023-03-12T23:30:04.039+0000] {processor.py:153} INFO - Started process (PID=1606) to work on /home/airflow/.local/lib/python3.7/site-packages/airflow/example_dags/tutorial.py
[2023-03-12T23:30:04.076+0000] {processor.py:743} INFO - Processing file /home/airflow/.local/lib/python3.7/site-packages/airflow/example_dags/tutorial.py for tasks to queue
[2023-03-12T23:30:04.079+0000] {logging_mixin.py:137} INFO - [2023-03-12T23:30:04.078+0000] {dagbag.py:538} INFO - Filling up the DagBag from /home/airflow/.local/lib/python3.7/site-packages/airflow/example_dags/tutorial.py
[2023-03-12T23:30:04.136+0000] {processor.py:753} INFO - DAG(s) dict_keys(['tutorial']) retrieved from /home/airflow/.local/lib/python3.7/site-packages/airflow/example_dags/tutorial.py
[2023-03-12T23:30:04.271+0000] {logging_mixin.py:137} INFO - [2023-03-12T23:30:04.271+0000] {dag.py:2690} INFO - Sync 1 DAGs
[2023-03-12T23:30:04.522+0000] {logging_mixin.py:137} INFO - [2023-03-12T23:30:04.521+0000] {dag.py:3441} INFO - Setting next_dagrun for tutorial to 2023-03-11T23:30:04.521292+00:00, run_after=2023-03-12T23:30:04.521292+00:00
[2023-03-12T23:30:04.739+0000] {processor.py:175} INFO - Processing /home/airflow/.local/lib/python3.7/site-packages/airflow/example_dags/tutorial.py took 0.706 seconds
[2023-03-12T23:30:35.435+0000] {processor.py:153} INFO - Started process (PID=1675) to work on /home/airflow/.local/lib/python3.7/site-packages/airflow/example_dags/tutorial.py
[2023-03-12T23:30:35.445+0000] {processor.py:743} INFO - Processing file /home/airflow/.local/lib/python3.7/site-packages/airflow/example_dags/tutorial.py for tasks to queue
[2023-03-12T23:30:35.454+0000] {logging_mixin.py:137} INFO - [2023-03-12T23:30:35.454+0000] {dagbag.py:538} INFO - Filling up the DagBag from /home/airflow/.local/lib/python3.7/site-packages/airflow/example_dags/tutorial.py
[2023-03-12T23:30:35.553+0000] {processor.py:753} INFO - DAG(s) dict_keys(['tutorial']) retrieved from /home/airflow/.local/lib/python3.7/site-packages/airflow/example_dags/tutorial.py
[2023-03-12T23:30:35.689+0000] {logging_mixin.py:137} INFO - [2023-03-12T23:30:35.689+0000] {dag.py:2690} INFO - Sync 1 DAGs
[2023-03-12T23:30:35.845+0000] {logging_mixin.py:137} INFO - [2023-03-12T23:30:35.845+0000] {dag.py:3441} INFO - Setting next_dagrun for tutorial to 2023-03-11T23:30:35.838680+00:00, run_after=2023-03-12T23:30:35.838680+00:00
[2023-03-12T23:30:35.945+0000] {processor.py:175} INFO - Processing /home/airflow/.local/lib/python3.7/site-packages/airflow/example_dags/tutorial.py took 0.517 seconds
[2023-03-12T23:31:06.526+0000] {processor.py:153} INFO - Started process (PID=1748) to work on /home/airflow/.local/lib/python3.7/site-packages/airflow/example_dags/tutorial.py
[2023-03-12T23:31:06.534+0000] {processor.py:743} INFO - Processing file /home/airflow/.local/lib/python3.7/site-packages/airflow/example_dags/tutorial.py for tasks to queue
[2023-03-12T23:31:06.551+0000] {logging_mixin.py:137} INFO - [2023-03-12T23:31:06.550+0000] {dagbag.py:538} INFO - Filling up the DagBag from /home/airflow/.local/lib/python3.7/site-packages/airflow/example_dags/tutorial.py
[2023-03-12T23:31:06.637+0000] {processor.py:753} INFO - DAG(s) dict_keys(['tutorial']) retrieved from /home/airflow/.local/lib/python3.7/site-packages/airflow/example_dags/tutorial.py
[2023-03-12T23:31:06.740+0000] {logging_mixin.py:137} INFO - [2023-03-12T23:31:06.740+0000] {dag.py:2690} INFO - Sync 1 DAGs
[2023-03-12T23:31:06.879+0000] {logging_mixin.py:137} INFO - [2023-03-12T23:31:06.879+0000] {dag.py:3441} INFO - Setting next_dagrun for tutorial to 2023-03-11T23:31:06.878641+00:00, run_after=2023-03-12T23:31:06.878641+00:00
[2023-03-12T23:31:07.026+0000] {processor.py:175} INFO - Processing /home/airflow/.local/lib/python3.7/site-packages/airflow/example_dags/tutorial.py took 0.525 seconds
[2023-03-12T23:31:37.241+0000] {processor.py:153} INFO - Started process (PID=1809) to work on /home/airflow/.local/lib/python3.7/site-packages/airflow/example_dags/tutorial.py
[2023-03-12T23:31:37.244+0000] {processor.py:743} INFO - Processing file /home/airflow/.local/lib/python3.7/site-packages/airflow/example_dags/tutorial.py for tasks to queue
[2023-03-12T23:31:37.246+0000] {logging_mixin.py:137} INFO - [2023-03-12T23:31:37.246+0000] {dagbag.py:538} INFO - Filling up the DagBag from /home/airflow/.local/lib/python3.7/site-packages/airflow/example_dags/tutorial.py
[2023-03-12T23:31:37.275+0000] {processor.py:753} INFO - DAG(s) dict_keys(['tutorial']) retrieved from /home/airflow/.local/lib/python3.7/site-packages/airflow/example_dags/tutorial.py
[2023-03-12T23:31:37.332+0000] {logging_mixin.py:137} INFO - [2023-03-12T23:31:37.332+0000] {dag.py:2690} INFO - Sync 1 DAGs
[2023-03-12T23:31:37.443+0000] {logging_mixin.py:137} INFO - [2023-03-12T23:31:37.442+0000] {dag.py:3441} INFO - Setting next_dagrun for tutorial to 2023-03-11T23:31:37.442476+00:00, run_after=2023-03-12T23:31:37.442476+00:00
[2023-03-12T23:31:37.504+0000] {processor.py:175} INFO - Processing /home/airflow/.local/lib/python3.7/site-packages/airflow/example_dags/tutorial.py took 0.275 seconds
[2023-03-12T23:32:10.225+0000] {processor.py:153} INFO - Started process (PID=1886) to work on /home/airflow/.local/lib/python3.7/site-packages/airflow/example_dags/tutorial.py
[2023-03-12T23:32:10.254+0000] {processor.py:743} INFO - Processing file /home/airflow/.local/lib/python3.7/site-packages/airflow/example_dags/tutorial.py for tasks to queue
[2023-03-12T23:32:10.271+0000] {logging_mixin.py:137} INFO - [2023-03-12T23:32:10.270+0000] {dagbag.py:538} INFO - Filling up the DagBag from /home/airflow/.local/lib/python3.7/site-packages/airflow/example_dags/tutorial.py
[2023-03-12T23:32:10.385+0000] {processor.py:753} INFO - DAG(s) dict_keys(['tutorial']) retrieved from /home/airflow/.local/lib/python3.7/site-packages/airflow/example_dags/tutorial.py
[2023-03-12T23:32:10.600+0000] {logging_mixin.py:137} INFO - [2023-03-12T23:32:10.600+0000] {dag.py:2690} INFO - Sync 1 DAGs
[2023-03-12T23:32:10.749+0000] {logging_mixin.py:137} INFO - [2023-03-12T23:32:10.748+0000] {dag.py:3441} INFO - Setting next_dagrun for tutorial to 2023-03-11T23:32:10.748404+00:00, run_after=2023-03-12T23:32:10.748404+00:00
[2023-03-12T23:32:10.848+0000] {processor.py:175} INFO - Processing /home/airflow/.local/lib/python3.7/site-packages/airflow/example_dags/tutorial.py took 0.641 seconds
[2023-03-12T23:32:41.620+0000] {processor.py:153} INFO - Started process (PID=1952) to work on /home/airflow/.local/lib/python3.7/site-packages/airflow/example_dags/tutorial.py
[2023-03-12T23:32:41.639+0000] {processor.py:743} INFO - Processing file /home/airflow/.local/lib/python3.7/site-packages/airflow/example_dags/tutorial.py for tasks to queue
[2023-03-12T23:32:41.644+0000] {logging_mixin.py:137} INFO - [2023-03-12T23:32:41.644+0000] {dagbag.py:538} INFO - Filling up the DagBag from /home/airflow/.local/lib/python3.7/site-packages/airflow/example_dags/tutorial.py
[2023-03-12T23:32:41.733+0000] {processor.py:753} INFO - DAG(s) dict_keys(['tutorial']) retrieved from /home/airflow/.local/lib/python3.7/site-packages/airflow/example_dags/tutorial.py
[2023-03-12T23:32:41.892+0000] {logging_mixin.py:137} INFO - [2023-03-12T23:32:41.891+0000] {dag.py:2690} INFO - Sync 1 DAGs
[2023-03-12T23:32:42.104+0000] {logging_mixin.py:137} INFO - [2023-03-12T23:32:42.104+0000] {dag.py:3441} INFO - Setting next_dagrun for tutorial to 2023-03-11T23:32:42.103690+00:00, run_after=2023-03-12T23:32:42.103690+00:00
[2023-03-12T23:32:42.221+0000] {processor.py:175} INFO - Processing /home/airflow/.local/lib/python3.7/site-packages/airflow/example_dags/tutorial.py took 0.595 seconds
[2023-03-12T23:33:12.440+0000] {processor.py:153} INFO - Started process (PID=2018) to work on /home/airflow/.local/lib/python3.7/site-packages/airflow/example_dags/tutorial.py
[2023-03-12T23:33:12.446+0000] {processor.py:743} INFO - Processing file /home/airflow/.local/lib/python3.7/site-packages/airflow/example_dags/tutorial.py for tasks to queue
[2023-03-12T23:33:12.448+0000] {logging_mixin.py:137} INFO - [2023-03-12T23:33:12.448+0000] {dagbag.py:538} INFO - Filling up the DagBag from /home/airflow/.local/lib/python3.7/site-packages/airflow/example_dags/tutorial.py
[2023-03-12T23:33:12.483+0000] {processor.py:753} INFO - DAG(s) dict_keys(['tutorial']) retrieved from /home/airflow/.local/lib/python3.7/site-packages/airflow/example_dags/tutorial.py
[2023-03-12T23:33:12.572+0000] {logging_mixin.py:137} INFO - [2023-03-12T23:33:12.572+0000] {dag.py:2690} INFO - Sync 1 DAGs
[2023-03-12T23:33:12.686+0000] {logging_mixin.py:137} INFO - [2023-03-12T23:33:12.686+0000] {dag.py:3441} INFO - Setting next_dagrun for tutorial to 2023-03-11T23:33:12.686024+00:00, run_after=2023-03-12T23:33:12.686024+00:00
[2023-03-12T23:33:12.756+0000] {processor.py:175} INFO - Processing /home/airflow/.local/lib/python3.7/site-packages/airflow/example_dags/tutorial.py took 0.333 seconds
[2023-03-12T23:33:43.253+0000] {processor.py:153} INFO - Started process (PID=2091) to work on /home/airflow/.local/lib/python3.7/site-packages/airflow/example_dags/tutorial.py
[2023-03-12T23:33:43.259+0000] {processor.py:743} INFO - Processing file /home/airflow/.local/lib/python3.7/site-packages/airflow/example_dags/tutorial.py for tasks to queue
[2023-03-12T23:33:43.266+0000] {logging_mixin.py:137} INFO - [2023-03-12T23:33:43.266+0000] {dagbag.py:538} INFO - Filling up the DagBag from /home/airflow/.local/lib/python3.7/site-packages/airflow/example_dags/tutorial.py
[2023-03-12T23:33:43.314+0000] {processor.py:753} INFO - DAG(s) dict_keys(['tutorial']) retrieved from /home/airflow/.local/lib/python3.7/site-packages/airflow/example_dags/tutorial.py
[2023-03-12T23:33:43.367+0000] {logging_mixin.py:137} INFO - [2023-03-12T23:33:43.367+0000] {dag.py:2690} INFO - Sync 1 DAGs
[2023-03-12T23:33:43.416+0000] {logging_mixin.py:137} INFO - [2023-03-12T23:33:43.415+0000] {dag.py:3441} INFO - Setting next_dagrun for tutorial to 2023-03-11T23:33:43.415490+00:00, run_after=2023-03-12T23:33:43.415490+00:00
[2023-03-12T23:33:43.469+0000] {processor.py:175} INFO - Processing /home/airflow/.local/lib/python3.7/site-packages/airflow/example_dags/tutorial.py took 0.230 seconds
[2023-03-12T23:34:13.897+0000] {processor.py:153} INFO - Started process (PID=2165) to work on /home/airflow/.local/lib/python3.7/site-packages/airflow/example_dags/tutorial.py
[2023-03-12T23:34:13.899+0000] {processor.py:743} INFO - Processing file /home/airflow/.local/lib/python3.7/site-packages/airflow/example_dags/tutorial.py for tasks to queue
[2023-03-12T23:34:13.901+0000] {logging_mixin.py:137} INFO - [2023-03-12T23:34:13.901+0000] {dagbag.py:538} INFO - Filling up the DagBag from /home/airflow/.local/lib/python3.7/site-packages/airflow/example_dags/tutorial.py
[2023-03-12T23:34:13.944+0000] {processor.py:753} INFO - DAG(s) dict_keys(['tutorial']) retrieved from /home/airflow/.local/lib/python3.7/site-packages/airflow/example_dags/tutorial.py
[2023-03-12T23:34:14.022+0000] {logging_mixin.py:137} INFO - [2023-03-12T23:34:14.022+0000] {dag.py:2690} INFO - Sync 1 DAGs
[2023-03-12T23:34:14.099+0000] {logging_mixin.py:137} INFO - [2023-03-12T23:34:14.099+0000] {dag.py:3441} INFO - Setting next_dagrun for tutorial to 2023-03-11T23:34:14.099339+00:00, run_after=2023-03-12T23:34:14.099339+00:00
[2023-03-12T23:34:14.180+0000] {processor.py:175} INFO - Processing /home/airflow/.local/lib/python3.7/site-packages/airflow/example_dags/tutorial.py took 0.299 seconds
[2023-03-12T23:34:44.328+0000] {processor.py:153} INFO - Started process (PID=2240) to work on /home/airflow/.local/lib/python3.7/site-packages/airflow/example_dags/tutorial.py
[2023-03-12T23:34:44.330+0000] {processor.py:743} INFO - Processing file /home/airflow/.local/lib/python3.7/site-packages/airflow/example_dags/tutorial.py for tasks to queue
[2023-03-12T23:34:44.343+0000] {logging_mixin.py:137} INFO - [2023-03-12T23:34:44.343+0000] {dagbag.py:538} INFO - Filling up the DagBag from /home/airflow/.local/lib/python3.7/site-packages/airflow/example_dags/tutorial.py
[2023-03-12T23:34:44.388+0000] {processor.py:753} INFO - DAG(s) dict_keys(['tutorial']) retrieved from /home/airflow/.local/lib/python3.7/site-packages/airflow/example_dags/tutorial.py
[2023-03-12T23:34:44.464+0000] {logging_mixin.py:137} INFO - [2023-03-12T23:34:44.464+0000] {dag.py:2690} INFO - Sync 1 DAGs
[2023-03-12T23:34:44.525+0000] {logging_mixin.py:137} INFO - [2023-03-12T23:34:44.525+0000] {dag.py:3441} INFO - Setting next_dagrun for tutorial to 2023-03-11T23:34:44.524667+00:00, run_after=2023-03-12T23:34:44.524667+00:00
[2023-03-12T23:34:44.589+0000] {processor.py:175} INFO - Processing /home/airflow/.local/lib/python3.7/site-packages/airflow/example_dags/tutorial.py took 0.268 seconds
[2023-03-12T23:35:16.011+0000] {processor.py:153} INFO - Started process (PID=2309) to work on /home/airflow/.local/lib/python3.7/site-packages/airflow/example_dags/tutorial.py
[2023-03-12T23:35:16.020+0000] {processor.py:743} INFO - Processing file /home/airflow/.local/lib/python3.7/site-packages/airflow/example_dags/tutorial.py for tasks to queue
[2023-03-12T23:35:16.031+0000] {logging_mixin.py:137} INFO - [2023-03-12T23:35:16.030+0000] {dagbag.py:538} INFO - Filling up the DagBag from /home/airflow/.local/lib/python3.7/site-packages/airflow/example_dags/tutorial.py
[2023-03-12T23:35:16.120+0000] {processor.py:753} INFO - DAG(s) dict_keys(['tutorial']) retrieved from /home/airflow/.local/lib/python3.7/site-packages/airflow/example_dags/tutorial.py
[2023-03-12T23:35:16.263+0000] {logging_mixin.py:137} INFO - [2023-03-12T23:35:16.263+0000] {dag.py:2690} INFO - Sync 1 DAGs
[2023-03-12T23:35:16.414+0000] {logging_mixin.py:137} INFO - [2023-03-12T23:35:16.413+0000] {dag.py:3441} INFO - Setting next_dagrun for tutorial to 2023-03-11T23:35:16.413395+00:00, run_after=2023-03-12T23:35:16.413395+00:00
[2023-03-12T23:35:16.514+0000] {processor.py:175} INFO - Processing /home/airflow/.local/lib/python3.7/site-packages/airflow/example_dags/tutorial.py took 0.518 seconds
[2023-03-12T23:35:46.881+0000] {processor.py:153} INFO - Started process (PID=2378) to work on /home/airflow/.local/lib/python3.7/site-packages/airflow/example_dags/tutorial.py
[2023-03-12T23:35:46.883+0000] {processor.py:743} INFO - Processing file /home/airflow/.local/lib/python3.7/site-packages/airflow/example_dags/tutorial.py for tasks to queue
[2023-03-12T23:35:46.885+0000] {logging_mixin.py:137} INFO - [2023-03-12T23:35:46.885+0000] {dagbag.py:538} INFO - Filling up the DagBag from /home/airflow/.local/lib/python3.7/site-packages/airflow/example_dags/tutorial.py
[2023-03-12T23:35:46.917+0000] {processor.py:753} INFO - DAG(s) dict_keys(['tutorial']) retrieved from /home/airflow/.local/lib/python3.7/site-packages/airflow/example_dags/tutorial.py
[2023-03-12T23:35:46.961+0000] {logging_mixin.py:137} INFO - [2023-03-12T23:35:46.961+0000] {dag.py:2690} INFO - Sync 1 DAGs
[2023-03-12T23:35:46.997+0000] {logging_mixin.py:137} INFO - [2023-03-12T23:35:46.996+0000] {dag.py:3441} INFO - Setting next_dagrun for tutorial to 2023-03-11T23:35:46.996668+00:00, run_after=2023-03-12T23:35:46.996668+00:00
[2023-03-12T23:35:47.032+0000] {processor.py:175} INFO - Processing /home/airflow/.local/lib/python3.7/site-packages/airflow/example_dags/tutorial.py took 0.161 seconds
[2023-03-12T23:36:17.511+0000] {processor.py:153} INFO - Started process (PID=2451) to work on /home/airflow/.local/lib/python3.7/site-packages/airflow/example_dags/tutorial.py
[2023-03-12T23:36:17.533+0000] {processor.py:743} INFO - Processing file /home/airflow/.local/lib/python3.7/site-packages/airflow/example_dags/tutorial.py for tasks to queue
[2023-03-12T23:36:17.550+0000] {logging_mixin.py:137} INFO - [2023-03-12T23:36:17.549+0000] {dagbag.py:538} INFO - Filling up the DagBag from /home/airflow/.local/lib/python3.7/site-packages/airflow/example_dags/tutorial.py
[2023-03-12T23:36:17.651+0000] {processor.py:753} INFO - DAG(s) dict_keys(['tutorial']) retrieved from /home/airflow/.local/lib/python3.7/site-packages/airflow/example_dags/tutorial.py
[2023-03-12T23:36:17.810+0000] {logging_mixin.py:137} INFO - [2023-03-12T23:36:17.810+0000] {dag.py:2690} INFO - Sync 1 DAGs
[2023-03-12T23:36:18.051+0000] {logging_mixin.py:137} INFO - [2023-03-12T23:36:18.051+0000] {dag.py:3441} INFO - Setting next_dagrun for tutorial to 2023-03-11T23:36:18.040104+00:00, run_after=2023-03-12T23:36:18.040104+00:00
[2023-03-12T23:36:18.203+0000] {processor.py:175} INFO - Processing /home/airflow/.local/lib/python3.7/site-packages/airflow/example_dags/tutorial.py took 0.710 seconds
[2023-03-12T23:36:48.393+0000] {processor.py:153} INFO - Started process (PID=2516) to work on /home/airflow/.local/lib/python3.7/site-packages/airflow/example_dags/tutorial.py
[2023-03-12T23:36:48.399+0000] {processor.py:743} INFO - Processing file /home/airflow/.local/lib/python3.7/site-packages/airflow/example_dags/tutorial.py for tasks to queue
[2023-03-12T23:36:48.401+0000] {logging_mixin.py:137} INFO - [2023-03-12T23:36:48.401+0000] {dagbag.py:538} INFO - Filling up the DagBag from /home/airflow/.local/lib/python3.7/site-packages/airflow/example_dags/tutorial.py
[2023-03-12T23:36:48.470+0000] {processor.py:753} INFO - DAG(s) dict_keys(['tutorial']) retrieved from /home/airflow/.local/lib/python3.7/site-packages/airflow/example_dags/tutorial.py
[2023-03-12T23:36:48.581+0000] {logging_mixin.py:137} INFO - [2023-03-12T23:36:48.580+0000] {dag.py:2690} INFO - Sync 1 DAGs
[2023-03-12T23:36:48.691+0000] {logging_mixin.py:137} INFO - [2023-03-12T23:36:48.691+0000] {dag.py:3441} INFO - Setting next_dagrun for tutorial to 2023-03-11T23:36:48.691156+00:00, run_after=2023-03-12T23:36:48.691156+00:00
[2023-03-12T23:36:48.785+0000] {processor.py:175} INFO - Processing /home/airflow/.local/lib/python3.7/site-packages/airflow/example_dags/tutorial.py took 0.399 seconds
[2023-03-12T23:37:19.130+0000] {processor.py:153} INFO - Started process (PID=2582) to work on /home/airflow/.local/lib/python3.7/site-packages/airflow/example_dags/tutorial.py
[2023-03-12T23:37:19.132+0000] {processor.py:743} INFO - Processing file /home/airflow/.local/lib/python3.7/site-packages/airflow/example_dags/tutorial.py for tasks to queue
[2023-03-12T23:37:19.134+0000] {logging_mixin.py:137} INFO - [2023-03-12T23:37:19.134+0000] {dagbag.py:538} INFO - Filling up the DagBag from /home/airflow/.local/lib/python3.7/site-packages/airflow/example_dags/tutorial.py
[2023-03-12T23:37:19.157+0000] {processor.py:753} INFO - DAG(s) dict_keys(['tutorial']) retrieved from /home/airflow/.local/lib/python3.7/site-packages/airflow/example_dags/tutorial.py
[2023-03-12T23:37:19.198+0000] {logging_mixin.py:137} INFO - [2023-03-12T23:37:19.197+0000] {dag.py:2690} INFO - Sync 1 DAGs
[2023-03-12T23:37:19.250+0000] {logging_mixin.py:137} INFO - [2023-03-12T23:37:19.250+0000] {dag.py:3441} INFO - Setting next_dagrun for tutorial to 2023-03-11T23:37:19.250255+00:00, run_after=2023-03-12T23:37:19.250255+00:00
[2023-03-12T23:37:19.294+0000] {processor.py:175} INFO - Processing /home/airflow/.local/lib/python3.7/site-packages/airflow/example_dags/tutorial.py took 0.170 seconds
[2023-03-12T23:37:51.153+0000] {processor.py:153} INFO - Started process (PID=2659) to work on /home/airflow/.local/lib/python3.7/site-packages/airflow/example_dags/tutorial.py
[2023-03-12T23:37:51.156+0000] {processor.py:743} INFO - Processing file /home/airflow/.local/lib/python3.7/site-packages/airflow/example_dags/tutorial.py for tasks to queue
[2023-03-12T23:37:51.158+0000] {logging_mixin.py:137} INFO - [2023-03-12T23:37:51.158+0000] {dagbag.py:538} INFO - Filling up the DagBag from /home/airflow/.local/lib/python3.7/site-packages/airflow/example_dags/tutorial.py
[2023-03-12T23:37:51.206+0000] {processor.py:753} INFO - DAG(s) dict_keys(['tutorial']) retrieved from /home/airflow/.local/lib/python3.7/site-packages/airflow/example_dags/tutorial.py
[2023-03-12T23:37:51.312+0000] {logging_mixin.py:137} INFO - [2023-03-12T23:37:51.312+0000] {dag.py:2690} INFO - Sync 1 DAGs
[2023-03-12T23:37:51.396+0000] {logging_mixin.py:137} INFO - [2023-03-12T23:37:51.395+0000] {dag.py:3441} INFO - Setting next_dagrun for tutorial to 2023-03-11T23:37:51.395476+00:00, run_after=2023-03-12T23:37:51.395476+00:00
[2023-03-12T23:37:51.449+0000] {processor.py:175} INFO - Processing /home/airflow/.local/lib/python3.7/site-packages/airflow/example_dags/tutorial.py took 0.304 seconds
[2023-03-12T23:38:22.430+0000] {processor.py:153} INFO - Started process (PID=2731) to work on /home/airflow/.local/lib/python3.7/site-packages/airflow/example_dags/tutorial.py
[2023-03-12T23:38:22.433+0000] {processor.py:743} INFO - Processing file /home/airflow/.local/lib/python3.7/site-packages/airflow/example_dags/tutorial.py for tasks to queue
[2023-03-12T23:38:22.436+0000] {logging_mixin.py:137} INFO - [2023-03-12T23:38:22.435+0000] {dagbag.py:538} INFO - Filling up the DagBag from /home/airflow/.local/lib/python3.7/site-packages/airflow/example_dags/tutorial.py
[2023-03-12T23:38:22.517+0000] {processor.py:753} INFO - DAG(s) dict_keys(['tutorial']) retrieved from /home/airflow/.local/lib/python3.7/site-packages/airflow/example_dags/tutorial.py
[2023-03-12T23:38:22.880+0000] {logging_mixin.py:137} INFO - [2023-03-12T23:38:22.880+0000] {dag.py:2690} INFO - Sync 1 DAGs
[2023-03-12T23:38:23.083+0000] {logging_mixin.py:137} INFO - [2023-03-12T23:38:23.083+0000] {dag.py:3441} INFO - Setting next_dagrun for tutorial to 2023-03-11T23:38:23.073458+00:00, run_after=2023-03-12T23:38:23.073458+00:00
[2023-03-12T23:38:23.257+0000] {processor.py:175} INFO - Processing /home/airflow/.local/lib/python3.7/site-packages/airflow/example_dags/tutorial.py took 0.843 seconds
[2023-03-12T23:38:54.738+0000] {processor.py:153} INFO - Started process (PID=2801) to work on /home/airflow/.local/lib/python3.7/site-packages/airflow/example_dags/tutorial.py
[2023-03-12T23:38:54.741+0000] {processor.py:743} INFO - Processing file /home/airflow/.local/lib/python3.7/site-packages/airflow/example_dags/tutorial.py for tasks to queue
[2023-03-12T23:38:54.753+0000] {logging_mixin.py:137} INFO - [2023-03-12T23:38:54.752+0000] {dagbag.py:538} INFO - Filling up the DagBag from /home/airflow/.local/lib/python3.7/site-packages/airflow/example_dags/tutorial.py
[2023-03-12T23:38:54.827+0000] {processor.py:753} INFO - DAG(s) dict_keys(['tutorial']) retrieved from /home/airflow/.local/lib/python3.7/site-packages/airflow/example_dags/tutorial.py
[2023-03-12T23:38:55.070+0000] {logging_mixin.py:137} INFO - [2023-03-12T23:38:55.070+0000] {dag.py:2690} INFO - Sync 1 DAGs
[2023-03-12T23:38:55.263+0000] {logging_mixin.py:137} INFO - [2023-03-12T23:38:55.262+0000] {dag.py:3441} INFO - Setting next_dagrun for tutorial to 2023-03-11T23:38:55.262088+00:00, run_after=2023-03-12T23:38:55.262088+00:00
[2023-03-12T23:38:55.356+0000] {processor.py:175} INFO - Processing /home/airflow/.local/lib/python3.7/site-packages/airflow/example_dags/tutorial.py took 0.620 seconds
[2023-03-12T23:39:25.847+0000] {processor.py:153} INFO - Started process (PID=2877) to work on /home/airflow/.local/lib/python3.7/site-packages/airflow/example_dags/tutorial.py
[2023-03-12T23:39:25.861+0000] {processor.py:743} INFO - Processing file /home/airflow/.local/lib/python3.7/site-packages/airflow/example_dags/tutorial.py for tasks to queue
[2023-03-12T23:39:25.871+0000] {logging_mixin.py:137} INFO - [2023-03-12T23:39:25.871+0000] {dagbag.py:538} INFO - Filling up the DagBag from /home/airflow/.local/lib/python3.7/site-packages/airflow/example_dags/tutorial.py
[2023-03-12T23:39:25.934+0000] {processor.py:753} INFO - DAG(s) dict_keys(['tutorial']) retrieved from /home/airflow/.local/lib/python3.7/site-packages/airflow/example_dags/tutorial.py
[2023-03-12T23:39:26.183+0000] {logging_mixin.py:137} INFO - [2023-03-12T23:39:26.182+0000] {dag.py:2690} INFO - Sync 1 DAGs
[2023-03-12T23:39:26.253+0000] {logging_mixin.py:137} INFO - [2023-03-12T23:39:26.253+0000] {dag.py:3441} INFO - Setting next_dagrun for tutorial to 2023-03-11T23:39:26.252677+00:00, run_after=2023-03-12T23:39:26.252677+00:00
[2023-03-12T23:39:26.307+0000] {processor.py:175} INFO - Processing /home/airflow/.local/lib/python3.7/site-packages/airflow/example_dags/tutorial.py took 0.469 seconds
[2023-03-12T23:39:57.545+0000] {processor.py:153} INFO - Started process (PID=2954) to work on /home/airflow/.local/lib/python3.7/site-packages/airflow/example_dags/tutorial.py
[2023-03-12T23:39:57.557+0000] {processor.py:743} INFO - Processing file /home/airflow/.local/lib/python3.7/site-packages/airflow/example_dags/tutorial.py for tasks to queue
[2023-03-12T23:39:57.567+0000] {logging_mixin.py:137} INFO - [2023-03-12T23:39:57.567+0000] {dagbag.py:538} INFO - Filling up the DagBag from /home/airflow/.local/lib/python3.7/site-packages/airflow/example_dags/tutorial.py
[2023-03-12T23:39:57.630+0000] {processor.py:753} INFO - DAG(s) dict_keys(['tutorial']) retrieved from /home/airflow/.local/lib/python3.7/site-packages/airflow/example_dags/tutorial.py
[2023-03-12T23:39:57.748+0000] {logging_mixin.py:137} INFO - [2023-03-12T23:39:57.748+0000] {dag.py:2690} INFO - Sync 1 DAGs
[2023-03-12T23:39:57.892+0000] {logging_mixin.py:137} INFO - [2023-03-12T23:39:57.882+0000] {dag.py:3441} INFO - Setting next_dagrun for tutorial to 2023-03-11T23:39:57.881723+00:00, run_after=2023-03-12T23:39:57.881723+00:00
[2023-03-12T23:39:58.031+0000] {processor.py:175} INFO - Processing /home/airflow/.local/lib/python3.7/site-packages/airflow/example_dags/tutorial.py took 0.500 seconds
[2023-03-12T23:40:29.403+0000] {processor.py:153} INFO - Started process (PID=3034) to work on /home/airflow/.local/lib/python3.7/site-packages/airflow/example_dags/tutorial.py
[2023-03-12T23:40:29.405+0000] {processor.py:743} INFO - Processing file /home/airflow/.local/lib/python3.7/site-packages/airflow/example_dags/tutorial.py for tasks to queue
[2023-03-12T23:40:29.407+0000] {logging_mixin.py:137} INFO - [2023-03-12T23:40:29.407+0000] {dagbag.py:538} INFO - Filling up the DagBag from /home/airflow/.local/lib/python3.7/site-packages/airflow/example_dags/tutorial.py
[2023-03-12T23:40:29.444+0000] {processor.py:753} INFO - DAG(s) dict_keys(['tutorial']) retrieved from /home/airflow/.local/lib/python3.7/site-packages/airflow/example_dags/tutorial.py
[2023-03-12T23:40:29.523+0000] {logging_mixin.py:137} INFO - [2023-03-12T23:40:29.523+0000] {dag.py:2690} INFO - Sync 1 DAGs
[2023-03-12T23:40:29.619+0000] {logging_mixin.py:137} INFO - [2023-03-12T23:40:29.619+0000] {dag.py:3441} INFO - Setting next_dagrun for tutorial to 2023-03-11T23:40:29.618865+00:00, run_after=2023-03-12T23:40:29.618865+00:00
[2023-03-12T23:40:29.709+0000] {processor.py:175} INFO - Processing /home/airflow/.local/lib/python3.7/site-packages/airflow/example_dags/tutorial.py took 0.313 seconds
[2023-03-12T23:41:00.550+0000] {processor.py:153} INFO - Started process (PID=3104) to work on /home/airflow/.local/lib/python3.7/site-packages/airflow/example_dags/tutorial.py
[2023-03-12T23:41:00.553+0000] {processor.py:743} INFO - Processing file /home/airflow/.local/lib/python3.7/site-packages/airflow/example_dags/tutorial.py for tasks to queue
[2023-03-12T23:41:00.555+0000] {logging_mixin.py:137} INFO - [2023-03-12T23:41:00.555+0000] {dagbag.py:538} INFO - Filling up the DagBag from /home/airflow/.local/lib/python3.7/site-packages/airflow/example_dags/tutorial.py
[2023-03-12T23:41:00.628+0000] {processor.py:753} INFO - DAG(s) dict_keys(['tutorial']) retrieved from /home/airflow/.local/lib/python3.7/site-packages/airflow/example_dags/tutorial.py
[2023-03-12T23:41:00.708+0000] {logging_mixin.py:137} INFO - [2023-03-12T23:41:00.707+0000] {dag.py:2690} INFO - Sync 1 DAGs
[2023-03-12T23:41:00.860+0000] {logging_mixin.py:137} INFO - [2023-03-12T23:41:00.859+0000] {dag.py:3441} INFO - Setting next_dagrun for tutorial to 2023-03-11T23:41:00.859398+00:00, run_after=2023-03-12T23:41:00.859398+00:00
[2023-03-12T23:41:00.938+0000] {processor.py:175} INFO - Processing /home/airflow/.local/lib/python3.7/site-packages/airflow/example_dags/tutorial.py took 0.400 seconds
[2023-03-12T23:41:31.165+0000] {processor.py:153} INFO - Started process (PID=3175) to work on /home/airflow/.local/lib/python3.7/site-packages/airflow/example_dags/tutorial.py
[2023-03-12T23:41:31.167+0000] {processor.py:743} INFO - Processing file /home/airflow/.local/lib/python3.7/site-packages/airflow/example_dags/tutorial.py for tasks to queue
[2023-03-12T23:41:31.169+0000] {logging_mixin.py:137} INFO - [2023-03-12T23:41:31.169+0000] {dagbag.py:538} INFO - Filling up the DagBag from /home/airflow/.local/lib/python3.7/site-packages/airflow/example_dags/tutorial.py
[2023-03-12T23:41:31.204+0000] {processor.py:753} INFO - DAG(s) dict_keys(['tutorial']) retrieved from /home/airflow/.local/lib/python3.7/site-packages/airflow/example_dags/tutorial.py
[2023-03-12T23:41:31.269+0000] {logging_mixin.py:137} INFO - [2023-03-12T23:41:31.268+0000] {dag.py:2690} INFO - Sync 1 DAGs
[2023-03-12T23:41:31.318+0000] {logging_mixin.py:137} INFO - [2023-03-12T23:41:31.318+0000] {dag.py:3441} INFO - Setting next_dagrun for tutorial to 2023-03-11T23:41:31.317838+00:00, run_after=2023-03-12T23:41:31.317838+00:00
[2023-03-12T23:41:31.355+0000] {processor.py:175} INFO - Processing /home/airflow/.local/lib/python3.7/site-packages/airflow/example_dags/tutorial.py took 0.195 seconds
[2023-03-12T23:42:02.656+0000] {processor.py:153} INFO - Started process (PID=3248) to work on /home/airflow/.local/lib/python3.7/site-packages/airflow/example_dags/tutorial.py
[2023-03-12T23:42:02.658+0000] {processor.py:743} INFO - Processing file /home/airflow/.local/lib/python3.7/site-packages/airflow/example_dags/tutorial.py for tasks to queue
[2023-03-12T23:42:02.670+0000] {logging_mixin.py:137} INFO - [2023-03-12T23:42:02.669+0000] {dagbag.py:538} INFO - Filling up the DagBag from /home/airflow/.local/lib/python3.7/site-packages/airflow/example_dags/tutorial.py
[2023-03-12T23:42:02.757+0000] {processor.py:753} INFO - DAG(s) dict_keys(['tutorial']) retrieved from /home/airflow/.local/lib/python3.7/site-packages/airflow/example_dags/tutorial.py
[2023-03-12T23:42:02.905+0000] {logging_mixin.py:137} INFO - [2023-03-12T23:42:02.904+0000] {dag.py:2690} INFO - Sync 1 DAGs
[2023-03-12T23:42:03.107+0000] {logging_mixin.py:137} INFO - [2023-03-12T23:42:03.106+0000] {dag.py:3441} INFO - Setting next_dagrun for tutorial to 2023-03-11T23:42:03.106051+00:00, run_after=2023-03-12T23:42:03.106051+00:00
[2023-03-12T23:42:03.293+0000] {processor.py:175} INFO - Processing /home/airflow/.local/lib/python3.7/site-packages/airflow/example_dags/tutorial.py took 0.652 seconds
[2023-03-12T23:42:33.710+0000] {processor.py:153} INFO - Started process (PID=3312) to work on /home/airflow/.local/lib/python3.7/site-packages/airflow/example_dags/tutorial.py
[2023-03-12T23:42:33.714+0000] {processor.py:743} INFO - Processing file /home/airflow/.local/lib/python3.7/site-packages/airflow/example_dags/tutorial.py for tasks to queue
[2023-03-12T23:42:33.717+0000] {logging_mixin.py:137} INFO - [2023-03-12T23:42:33.716+0000] {dagbag.py:538} INFO - Filling up the DagBag from /home/airflow/.local/lib/python3.7/site-packages/airflow/example_dags/tutorial.py
[2023-03-12T23:42:33.760+0000] {processor.py:753} INFO - DAG(s) dict_keys(['tutorial']) retrieved from /home/airflow/.local/lib/python3.7/site-packages/airflow/example_dags/tutorial.py
[2023-03-12T23:42:33.883+0000] {logging_mixin.py:137} INFO - [2023-03-12T23:42:33.883+0000] {dag.py:2690} INFO - Sync 1 DAGs
[2023-03-12T23:42:33.973+0000] {logging_mixin.py:137} INFO - [2023-03-12T23:42:33.973+0000] {dag.py:3441} INFO - Setting next_dagrun for tutorial to 2023-03-11T23:42:33.972609+00:00, run_after=2023-03-12T23:42:33.972609+00:00
[2023-03-12T23:42:34.035+0000] {processor.py:175} INFO - Processing /home/airflow/.local/lib/python3.7/site-packages/airflow/example_dags/tutorial.py took 0.334 seconds
[2023-03-12T23:43:04.613+0000] {processor.py:153} INFO - Started process (PID=3379) to work on /home/airflow/.local/lib/python3.7/site-packages/airflow/example_dags/tutorial.py
[2023-03-12T23:43:04.615+0000] {processor.py:743} INFO - Processing file /home/airflow/.local/lib/python3.7/site-packages/airflow/example_dags/tutorial.py for tasks to queue
[2023-03-12T23:43:04.617+0000] {logging_mixin.py:137} INFO - [2023-03-12T23:43:04.617+0000] {dagbag.py:538} INFO - Filling up the DagBag from /home/airflow/.local/lib/python3.7/site-packages/airflow/example_dags/tutorial.py
[2023-03-12T23:43:04.645+0000] {processor.py:753} INFO - DAG(s) dict_keys(['tutorial']) retrieved from /home/airflow/.local/lib/python3.7/site-packages/airflow/example_dags/tutorial.py
[2023-03-12T23:43:04.684+0000] {logging_mixin.py:137} INFO - [2023-03-12T23:43:04.684+0000] {dag.py:2690} INFO - Sync 1 DAGs
[2023-03-12T23:43:04.731+0000] {logging_mixin.py:137} INFO - [2023-03-12T23:43:04.731+0000] {dag.py:3441} INFO - Setting next_dagrun for tutorial to 2023-03-11T23:43:04.731327+00:00, run_after=2023-03-12T23:43:04.731327+00:00
[2023-03-12T23:43:04.763+0000] {processor.py:175} INFO - Processing /home/airflow/.local/lib/python3.7/site-packages/airflow/example_dags/tutorial.py took 0.157 seconds
[2023-03-12T23:43:35.417+0000] {processor.py:153} INFO - Started process (PID=3452) to work on /home/airflow/.local/lib/python3.7/site-packages/airflow/example_dags/tutorial.py
[2023-03-12T23:43:35.419+0000] {processor.py:743} INFO - Processing file /home/airflow/.local/lib/python3.7/site-packages/airflow/example_dags/tutorial.py for tasks to queue
[2023-03-12T23:43:35.420+0000] {logging_mixin.py:137} INFO - [2023-03-12T23:43:35.420+0000] {dagbag.py:538} INFO - Filling up the DagBag from /home/airflow/.local/lib/python3.7/site-packages/airflow/example_dags/tutorial.py
[2023-03-12T23:43:35.444+0000] {processor.py:753} INFO - DAG(s) dict_keys(['tutorial']) retrieved from /home/airflow/.local/lib/python3.7/site-packages/airflow/example_dags/tutorial.py
[2023-03-12T23:43:35.479+0000] {logging_mixin.py:137} INFO - [2023-03-12T23:43:35.479+0000] {dag.py:2690} INFO - Sync 1 DAGs
[2023-03-12T23:43:35.524+0000] {logging_mixin.py:137} INFO - [2023-03-12T23:43:35.524+0000] {dag.py:3441} INFO - Setting next_dagrun for tutorial to 2023-03-11T23:43:35.523700+00:00, run_after=2023-03-12T23:43:35.523700+00:00
[2023-03-12T23:43:35.560+0000] {processor.py:175} INFO - Processing /home/airflow/.local/lib/python3.7/site-packages/airflow/example_dags/tutorial.py took 0.149 seconds
[2023-03-12T23:44:08.402+0000] {processor.py:153} INFO - Started process (PID=3525) to work on /home/airflow/.local/lib/python3.7/site-packages/airflow/example_dags/tutorial.py
[2023-03-12T23:44:08.429+0000] {processor.py:743} INFO - Processing file /home/airflow/.local/lib/python3.7/site-packages/airflow/example_dags/tutorial.py for tasks to queue
[2023-03-12T23:44:08.432+0000] {logging_mixin.py:137} INFO - [2023-03-12T23:44:08.431+0000] {dagbag.py:538} INFO - Filling up the DagBag from /home/airflow/.local/lib/python3.7/site-packages/airflow/example_dags/tutorial.py
[2023-03-12T23:44:08.495+0000] {processor.py:753} INFO - DAG(s) dict_keys(['tutorial']) retrieved from /home/airflow/.local/lib/python3.7/site-packages/airflow/example_dags/tutorial.py
[2023-03-12T23:44:08.579+0000] {logging_mixin.py:137} INFO - [2023-03-12T23:44:08.578+0000] {dag.py:2690} INFO - Sync 1 DAGs
[2023-03-12T23:44:08.644+0000] {logging_mixin.py:137} INFO - [2023-03-12T23:44:08.644+0000] {dag.py:3441} INFO - Setting next_dagrun for tutorial to 2023-03-11T23:44:08.643938+00:00, run_after=2023-03-12T23:44:08.643938+00:00
[2023-03-12T23:44:08.684+0000] {processor.py:175} INFO - Processing /home/airflow/.local/lib/python3.7/site-packages/airflow/example_dags/tutorial.py took 0.299 seconds
[2023-03-12T23:44:39.432+0000] {processor.py:153} INFO - Started process (PID=3598) to work on /home/airflow/.local/lib/python3.7/site-packages/airflow/example_dags/tutorial.py
[2023-03-12T23:44:39.435+0000] {processor.py:743} INFO - Processing file /home/airflow/.local/lib/python3.7/site-packages/airflow/example_dags/tutorial.py for tasks to queue
[2023-03-12T23:44:39.438+0000] {logging_mixin.py:137} INFO - [2023-03-12T23:44:39.437+0000] {dagbag.py:538} INFO - Filling up the DagBag from /home/airflow/.local/lib/python3.7/site-packages/airflow/example_dags/tutorial.py
[2023-03-12T23:44:39.470+0000] {processor.py:753} INFO - DAG(s) dict_keys(['tutorial']) retrieved from /home/airflow/.local/lib/python3.7/site-packages/airflow/example_dags/tutorial.py
[2023-03-12T23:44:39.530+0000] {logging_mixin.py:137} INFO - [2023-03-12T23:44:39.529+0000] {dag.py:2690} INFO - Sync 1 DAGs
[2023-03-12T23:44:39.595+0000] {logging_mixin.py:137} INFO - [2023-03-12T23:44:39.595+0000] {dag.py:3441} INFO - Setting next_dagrun for tutorial to 2023-03-11T23:44:39.594965+00:00, run_after=2023-03-12T23:44:39.594965+00:00
[2023-03-12T23:44:39.648+0000] {processor.py:175} INFO - Processing /home/airflow/.local/lib/python3.7/site-packages/airflow/example_dags/tutorial.py took 0.221 seconds
[2023-03-12T23:45:09.954+0000] {processor.py:153} INFO - Started process (PID=3661) to work on /home/airflow/.local/lib/python3.7/site-packages/airflow/example_dags/tutorial.py
[2023-03-12T23:45:09.957+0000] {processor.py:743} INFO - Processing file /home/airflow/.local/lib/python3.7/site-packages/airflow/example_dags/tutorial.py for tasks to queue
[2023-03-12T23:45:09.959+0000] {logging_mixin.py:137} INFO - [2023-03-12T23:45:09.959+0000] {dagbag.py:538} INFO - Filling up the DagBag from /home/airflow/.local/lib/python3.7/site-packages/airflow/example_dags/tutorial.py
[2023-03-12T23:45:09.986+0000] {processor.py:753} INFO - DAG(s) dict_keys(['tutorial']) retrieved from /home/airflow/.local/lib/python3.7/site-packages/airflow/example_dags/tutorial.py
[2023-03-12T23:45:10.081+0000] {logging_mixin.py:137} INFO - [2023-03-12T23:45:10.080+0000] {dag.py:2690} INFO - Sync 1 DAGs
[2023-03-12T23:45:10.222+0000] {logging_mixin.py:137} INFO - [2023-03-12T23:45:10.222+0000] {dag.py:3441} INFO - Setting next_dagrun for tutorial to 2023-03-11T23:45:10.221806+00:00, run_after=2023-03-12T23:45:10.221806+00:00
[2023-03-12T23:45:10.321+0000] {processor.py:175} INFO - Processing /home/airflow/.local/lib/python3.7/site-packages/airflow/example_dags/tutorial.py took 0.373 seconds
[2023-03-12T23:45:41.018+0000] {processor.py:153} INFO - Started process (PID=3728) to work on /home/airflow/.local/lib/python3.7/site-packages/airflow/example_dags/tutorial.py
[2023-03-12T23:45:41.021+0000] {processor.py:743} INFO - Processing file /home/airflow/.local/lib/python3.7/site-packages/airflow/example_dags/tutorial.py for tasks to queue
[2023-03-12T23:45:41.026+0000] {logging_mixin.py:137} INFO - [2023-03-12T23:45:41.026+0000] {dagbag.py:538} INFO - Filling up the DagBag from /home/airflow/.local/lib/python3.7/site-packages/airflow/example_dags/tutorial.py
[2023-03-12T23:45:41.081+0000] {processor.py:753} INFO - DAG(s) dict_keys(['tutorial']) retrieved from /home/airflow/.local/lib/python3.7/site-packages/airflow/example_dags/tutorial.py
[2023-03-12T23:45:41.219+0000] {logging_mixin.py:137} INFO - [2023-03-12T23:45:41.219+0000] {dag.py:2690} INFO - Sync 1 DAGs
[2023-03-12T23:45:41.332+0000] {logging_mixin.py:137} INFO - [2023-03-12T23:45:41.332+0000] {dag.py:3441} INFO - Setting next_dagrun for tutorial to 2023-03-11T23:45:41.331510+00:00, run_after=2023-03-12T23:45:41.331510+00:00
[2023-03-12T23:45:41.419+0000] {processor.py:175} INFO - Processing /home/airflow/.local/lib/python3.7/site-packages/airflow/example_dags/tutorial.py took 0.410 seconds
[2023-03-12T23:46:11.769+0000] {processor.py:153} INFO - Started process (PID=3801) to work on /home/airflow/.local/lib/python3.7/site-packages/airflow/example_dags/tutorial.py
[2023-03-12T23:46:11.771+0000] {processor.py:743} INFO - Processing file /home/airflow/.local/lib/python3.7/site-packages/airflow/example_dags/tutorial.py for tasks to queue
[2023-03-12T23:46:11.776+0000] {logging_mixin.py:137} INFO - [2023-03-12T23:46:11.772+0000] {dagbag.py:538} INFO - Filling up the DagBag from /home/airflow/.local/lib/python3.7/site-packages/airflow/example_dags/tutorial.py
[2023-03-12T23:46:11.829+0000] {processor.py:753} INFO - DAG(s) dict_keys(['tutorial']) retrieved from /home/airflow/.local/lib/python3.7/site-packages/airflow/example_dags/tutorial.py
[2023-03-12T23:46:11.904+0000] {logging_mixin.py:137} INFO - [2023-03-12T23:46:11.904+0000] {dag.py:2690} INFO - Sync 1 DAGs
[2023-03-12T23:46:12.032+0000] {logging_mixin.py:137} INFO - [2023-03-12T23:46:12.032+0000] {dag.py:3441} INFO - Setting next_dagrun for tutorial to 2023-03-11T23:46:12.022630+00:00, run_after=2023-03-12T23:46:12.022630+00:00
[2023-03-12T23:46:12.112+0000] {processor.py:175} INFO - Processing /home/airflow/.local/lib/python3.7/site-packages/airflow/example_dags/tutorial.py took 0.349 seconds
[2023-03-12T23:46:42.251+0000] {processor.py:153} INFO - Started process (PID=3873) to work on /home/airflow/.local/lib/python3.7/site-packages/airflow/example_dags/tutorial.py
[2023-03-12T23:46:42.254+0000] {processor.py:743} INFO - Processing file /home/airflow/.local/lib/python3.7/site-packages/airflow/example_dags/tutorial.py for tasks to queue
[2023-03-12T23:46:42.256+0000] {logging_mixin.py:137} INFO - [2023-03-12T23:46:42.256+0000] {dagbag.py:538} INFO - Filling up the DagBag from /home/airflow/.local/lib/python3.7/site-packages/airflow/example_dags/tutorial.py
[2023-03-12T23:46:42.301+0000] {processor.py:753} INFO - DAG(s) dict_keys(['tutorial']) retrieved from /home/airflow/.local/lib/python3.7/site-packages/airflow/example_dags/tutorial.py
[2023-03-12T23:46:42.364+0000] {logging_mixin.py:137} INFO - [2023-03-12T23:46:42.364+0000] {dag.py:2690} INFO - Sync 1 DAGs
[2023-03-12T23:46:42.439+0000] {logging_mixin.py:137} INFO - [2023-03-12T23:46:42.438+0000] {dag.py:3441} INFO - Setting next_dagrun for tutorial to 2023-03-11T23:46:42.438133+00:00, run_after=2023-03-12T23:46:42.438133+00:00
[2023-03-12T23:46:42.496+0000] {processor.py:175} INFO - Processing /home/airflow/.local/lib/python3.7/site-packages/airflow/example_dags/tutorial.py took 0.251 seconds
[2023-03-12T23:47:13.942+0000] {processor.py:153} INFO - Started process (PID=3939) to work on /home/airflow/.local/lib/python3.7/site-packages/airflow/example_dags/tutorial.py
[2023-03-12T23:47:13.948+0000] {processor.py:743} INFO - Processing file /home/airflow/.local/lib/python3.7/site-packages/airflow/example_dags/tutorial.py for tasks to queue
[2023-03-12T23:47:13.953+0000] {logging_mixin.py:137} INFO - [2023-03-12T23:47:13.952+0000] {dagbag.py:538} INFO - Filling up the DagBag from /home/airflow/.local/lib/python3.7/site-packages/airflow/example_dags/tutorial.py
[2023-03-12T23:47:14.009+0000] {processor.py:753} INFO - DAG(s) dict_keys(['tutorial']) retrieved from /home/airflow/.local/lib/python3.7/site-packages/airflow/example_dags/tutorial.py
[2023-03-12T23:47:14.106+0000] {logging_mixin.py:137} INFO - [2023-03-12T23:47:14.106+0000] {dag.py:2690} INFO - Sync 1 DAGs
[2023-03-12T23:47:14.272+0000] {logging_mixin.py:137} INFO - [2023-03-12T23:47:14.271+0000] {dag.py:3441} INFO - Setting next_dagrun for tutorial to 2023-03-11T23:47:14.271409+00:00, run_after=2023-03-12T23:47:14.271409+00:00
[2023-03-12T23:47:14.369+0000] {processor.py:175} INFO - Processing /home/airflow/.local/lib/python3.7/site-packages/airflow/example_dags/tutorial.py took 0.434 seconds
[2023-03-12T23:47:45.273+0000] {processor.py:153} INFO - Started process (PID=4003) to work on /home/airflow/.local/lib/python3.7/site-packages/airflow/example_dags/tutorial.py
[2023-03-12T23:47:45.274+0000] {processor.py:743} INFO - Processing file /home/airflow/.local/lib/python3.7/site-packages/airflow/example_dags/tutorial.py for tasks to queue
[2023-03-12T23:47:45.277+0000] {logging_mixin.py:137} INFO - [2023-03-12T23:47:45.276+0000] {dagbag.py:538} INFO - Filling up the DagBag from /home/airflow/.local/lib/python3.7/site-packages/airflow/example_dags/tutorial.py
[2023-03-12T23:47:45.296+0000] {processor.py:753} INFO - DAG(s) dict_keys(['tutorial']) retrieved from /home/airflow/.local/lib/python3.7/site-packages/airflow/example_dags/tutorial.py
[2023-03-12T23:47:45.622+0000] {logging_mixin.py:137} INFO - [2023-03-12T23:47:45.622+0000] {dag.py:2690} INFO - Sync 1 DAGs
[2023-03-12T23:47:45.687+0000] {logging_mixin.py:137} INFO - [2023-03-12T23:47:45.686+0000] {dag.py:3441} INFO - Setting next_dagrun for tutorial to 2023-03-11T23:47:45.684994+00:00, run_after=2023-03-12T23:47:45.684994+00:00
[2023-03-12T23:47:45.722+0000] {processor.py:175} INFO - Processing /home/airflow/.local/lib/python3.7/site-packages/airflow/example_dags/tutorial.py took 0.453 seconds
[2023-03-12T23:48:15.927+0000] {processor.py:153} INFO - Started process (PID=4075) to work on /home/airflow/.local/lib/python3.7/site-packages/airflow/example_dags/tutorial.py
[2023-03-12T23:48:15.928+0000] {processor.py:743} INFO - Processing file /home/airflow/.local/lib/python3.7/site-packages/airflow/example_dags/tutorial.py for tasks to queue
[2023-03-12T23:48:15.929+0000] {logging_mixin.py:137} INFO - [2023-03-12T23:48:15.929+0000] {dagbag.py:538} INFO - Filling up the DagBag from /home/airflow/.local/lib/python3.7/site-packages/airflow/example_dags/tutorial.py
[2023-03-12T23:48:15.952+0000] {processor.py:753} INFO - DAG(s) dict_keys(['tutorial']) retrieved from /home/airflow/.local/lib/python3.7/site-packages/airflow/example_dags/tutorial.py
[2023-03-12T23:48:15.981+0000] {logging_mixin.py:137} INFO - [2023-03-12T23:48:15.981+0000] {dag.py:2690} INFO - Sync 1 DAGs
[2023-03-12T23:48:16.006+0000] {logging_mixin.py:137} INFO - [2023-03-12T23:48:16.006+0000] {dag.py:3441} INFO - Setting next_dagrun for tutorial to 2023-03-11T23:48:16.006397+00:00, run_after=2023-03-12T23:48:16.006397+00:00
[2023-03-12T23:48:16.031+0000] {processor.py:175} INFO - Processing /home/airflow/.local/lib/python3.7/site-packages/airflow/example_dags/tutorial.py took 0.110 seconds
[2023-03-12T23:48:46.243+0000] {processor.py:153} INFO - Started process (PID=4165) to work on /home/airflow/.local/lib/python3.7/site-packages/airflow/example_dags/tutorial.py
[2023-03-12T23:48:46.244+0000] {processor.py:743} INFO - Processing file /home/airflow/.local/lib/python3.7/site-packages/airflow/example_dags/tutorial.py for tasks to queue
[2023-03-12T23:48:46.246+0000] {logging_mixin.py:137} INFO - [2023-03-12T23:48:46.246+0000] {dagbag.py:538} INFO - Filling up the DagBag from /home/airflow/.local/lib/python3.7/site-packages/airflow/example_dags/tutorial.py
[2023-03-12T23:48:46.263+0000] {processor.py:753} INFO - DAG(s) dict_keys(['tutorial']) retrieved from /home/airflow/.local/lib/python3.7/site-packages/airflow/example_dags/tutorial.py
[2023-03-12T23:48:46.296+0000] {logging_mixin.py:137} INFO - [2023-03-12T23:48:46.296+0000] {dag.py:2690} INFO - Sync 1 DAGs
[2023-03-12T23:48:46.336+0000] {logging_mixin.py:137} INFO - [2023-03-12T23:48:46.336+0000] {dag.py:3441} INFO - Setting next_dagrun for tutorial to 2023-03-11T23:48:46.335945+00:00, run_after=2023-03-12T23:48:46.335945+00:00
[2023-03-12T23:48:46.367+0000] {processor.py:175} INFO - Processing /home/airflow/.local/lib/python3.7/site-packages/airflow/example_dags/tutorial.py took 0.128 seconds
[2023-03-12T23:49:16.869+0000] {processor.py:153} INFO - Started process (PID=4237) to work on /home/airflow/.local/lib/python3.7/site-packages/airflow/example_dags/tutorial.py
[2023-03-12T23:49:16.870+0000] {processor.py:743} INFO - Processing file /home/airflow/.local/lib/python3.7/site-packages/airflow/example_dags/tutorial.py for tasks to queue
[2023-03-12T23:49:16.872+0000] {logging_mixin.py:137} INFO - [2023-03-12T23:49:16.872+0000] {dagbag.py:538} INFO - Filling up the DagBag from /home/airflow/.local/lib/python3.7/site-packages/airflow/example_dags/tutorial.py
[2023-03-12T23:49:16.886+0000] {processor.py:753} INFO - DAG(s) dict_keys(['tutorial']) retrieved from /home/airflow/.local/lib/python3.7/site-packages/airflow/example_dags/tutorial.py
[2023-03-12T23:49:16.916+0000] {logging_mixin.py:137} INFO - [2023-03-12T23:49:16.916+0000] {dag.py:2690} INFO - Sync 1 DAGs
[2023-03-12T23:49:16.945+0000] {logging_mixin.py:137} INFO - [2023-03-12T23:49:16.945+0000] {dag.py:3441} INFO - Setting next_dagrun for tutorial to 2023-03-11T23:49:16.945157+00:00, run_after=2023-03-12T23:49:16.945157+00:00
[2023-03-12T23:49:16.971+0000] {processor.py:175} INFO - Processing /home/airflow/.local/lib/python3.7/site-packages/airflow/example_dags/tutorial.py took 0.105 seconds
[2023-03-12T23:49:47.220+0000] {processor.py:153} INFO - Started process (PID=4310) to work on /home/airflow/.local/lib/python3.7/site-packages/airflow/example_dags/tutorial.py
[2023-03-12T23:49:47.222+0000] {processor.py:743} INFO - Processing file /home/airflow/.local/lib/python3.7/site-packages/airflow/example_dags/tutorial.py for tasks to queue
[2023-03-12T23:49:47.224+0000] {logging_mixin.py:137} INFO - [2023-03-12T23:49:47.224+0000] {dagbag.py:538} INFO - Filling up the DagBag from /home/airflow/.local/lib/python3.7/site-packages/airflow/example_dags/tutorial.py
[2023-03-12T23:49:47.254+0000] {processor.py:753} INFO - DAG(s) dict_keys(['tutorial']) retrieved from /home/airflow/.local/lib/python3.7/site-packages/airflow/example_dags/tutorial.py
[2023-03-12T23:49:47.346+0000] {logging_mixin.py:137} INFO - [2023-03-12T23:49:47.345+0000] {dag.py:2690} INFO - Sync 1 DAGs
[2023-03-12T23:49:47.441+0000] {logging_mixin.py:137} INFO - [2023-03-12T23:49:47.441+0000] {dag.py:3441} INFO - Setting next_dagrun for tutorial to 2023-03-11T23:49:47.440587+00:00, run_after=2023-03-12T23:49:47.440587+00:00
[2023-03-12T23:49:47.493+0000] {processor.py:175} INFO - Processing /home/airflow/.local/lib/python3.7/site-packages/airflow/example_dags/tutorial.py took 0.281 seconds
[2023-03-12T23:50:17.735+0000] {processor.py:153} INFO - Started process (PID=4382) to work on /home/airflow/.local/lib/python3.7/site-packages/airflow/example_dags/tutorial.py
[2023-03-12T23:50:17.737+0000] {processor.py:743} INFO - Processing file /home/airflow/.local/lib/python3.7/site-packages/airflow/example_dags/tutorial.py for tasks to queue
[2023-03-12T23:50:17.738+0000] {logging_mixin.py:137} INFO - [2023-03-12T23:50:17.738+0000] {dagbag.py:538} INFO - Filling up the DagBag from /home/airflow/.local/lib/python3.7/site-packages/airflow/example_dags/tutorial.py
[2023-03-12T23:50:17.769+0000] {processor.py:753} INFO - DAG(s) dict_keys(['tutorial']) retrieved from /home/airflow/.local/lib/python3.7/site-packages/airflow/example_dags/tutorial.py
[2023-03-12T23:50:17.828+0000] {logging_mixin.py:137} INFO - [2023-03-12T23:50:17.827+0000] {dag.py:2690} INFO - Sync 1 DAGs
[2023-03-12T23:50:17.895+0000] {logging_mixin.py:137} INFO - [2023-03-12T23:50:17.895+0000] {dag.py:3441} INFO - Setting next_dagrun for tutorial to 2023-03-11T23:50:17.894517+00:00, run_after=2023-03-12T23:50:17.894517+00:00
[2023-03-12T23:50:17.964+0000] {processor.py:175} INFO - Processing /home/airflow/.local/lib/python3.7/site-packages/airflow/example_dags/tutorial.py took 0.235 seconds
[2023-03-12T23:50:48.704+0000] {processor.py:153} INFO - Started process (PID=4455) to work on /home/airflow/.local/lib/python3.7/site-packages/airflow/example_dags/tutorial.py
[2023-03-12T23:50:48.706+0000] {processor.py:743} INFO - Processing file /home/airflow/.local/lib/python3.7/site-packages/airflow/example_dags/tutorial.py for tasks to queue
[2023-03-12T23:50:48.707+0000] {logging_mixin.py:137} INFO - [2023-03-12T23:50:48.707+0000] {dagbag.py:538} INFO - Filling up the DagBag from /home/airflow/.local/lib/python3.7/site-packages/airflow/example_dags/tutorial.py
[2023-03-12T23:50:48.731+0000] {processor.py:753} INFO - DAG(s) dict_keys(['tutorial']) retrieved from /home/airflow/.local/lib/python3.7/site-packages/airflow/example_dags/tutorial.py
[2023-03-12T23:50:48.797+0000] {logging_mixin.py:137} INFO - [2023-03-12T23:50:48.797+0000] {dag.py:2690} INFO - Sync 1 DAGs
[2023-03-12T23:50:48.851+0000] {logging_mixin.py:137} INFO - [2023-03-12T23:50:48.851+0000] {dag.py:3441} INFO - Setting next_dagrun for tutorial to 2023-03-11T23:50:48.850994+00:00, run_after=2023-03-12T23:50:48.850994+00:00
[2023-03-12T23:50:48.893+0000] {processor.py:175} INFO - Processing /home/airflow/.local/lib/python3.7/site-packages/airflow/example_dags/tutorial.py took 0.195 seconds
[2023-03-12T23:51:19.029+0000] {processor.py:153} INFO - Started process (PID=4528) to work on /home/airflow/.local/lib/python3.7/site-packages/airflow/example_dags/tutorial.py
[2023-03-12T23:51:19.031+0000] {processor.py:743} INFO - Processing file /home/airflow/.local/lib/python3.7/site-packages/airflow/example_dags/tutorial.py for tasks to queue
[2023-03-12T23:51:19.032+0000] {logging_mixin.py:137} INFO - [2023-03-12T23:51:19.032+0000] {dagbag.py:538} INFO - Filling up the DagBag from /home/airflow/.local/lib/python3.7/site-packages/airflow/example_dags/tutorial.py
[2023-03-12T23:51:19.053+0000] {processor.py:753} INFO - DAG(s) dict_keys(['tutorial']) retrieved from /home/airflow/.local/lib/python3.7/site-packages/airflow/example_dags/tutorial.py
[2023-03-12T23:51:19.089+0000] {logging_mixin.py:137} INFO - [2023-03-12T23:51:19.089+0000] {dag.py:2690} INFO - Sync 1 DAGs
[2023-03-12T23:51:19.126+0000] {logging_mixin.py:137} INFO - [2023-03-12T23:51:19.126+0000] {dag.py:3441} INFO - Setting next_dagrun for tutorial to 2023-03-11T23:51:19.126101+00:00, run_after=2023-03-12T23:51:19.126101+00:00
[2023-03-12T23:51:19.155+0000] {processor.py:175} INFO - Processing /home/airflow/.local/lib/python3.7/site-packages/airflow/example_dags/tutorial.py took 0.131 seconds
[2023-03-12T23:51:52.963+0000] {processor.py:153} INFO - Started process (PID=4601) to work on /home/airflow/.local/lib/python3.7/site-packages/airflow/example_dags/tutorial.py
[2023-03-12T23:51:52.970+0000] {processor.py:743} INFO - Processing file /home/airflow/.local/lib/python3.7/site-packages/airflow/example_dags/tutorial.py for tasks to queue
[2023-03-12T23:51:52.973+0000] {logging_mixin.py:137} INFO - [2023-03-12T23:51:52.973+0000] {dagbag.py:538} INFO - Filling up the DagBag from /home/airflow/.local/lib/python3.7/site-packages/airflow/example_dags/tutorial.py
[2023-03-12T23:51:53.022+0000] {processor.py:753} INFO - DAG(s) dict_keys(['tutorial']) retrieved from /home/airflow/.local/lib/python3.7/site-packages/airflow/example_dags/tutorial.py
[2023-03-12T23:51:53.134+0000] {logging_mixin.py:137} INFO - [2023-03-12T23:51:53.134+0000] {dag.py:2690} INFO - Sync 1 DAGs
[2023-03-12T23:51:53.290+0000] {logging_mixin.py:137} INFO - [2023-03-12T23:51:53.290+0000] {dag.py:3441} INFO - Setting next_dagrun for tutorial to 2023-03-11T23:51:53.289745+00:00, run_after=2023-03-12T23:51:53.289745+00:00
[2023-03-12T23:51:53.377+0000] {processor.py:175} INFO - Processing /home/airflow/.local/lib/python3.7/site-packages/airflow/example_dags/tutorial.py took 0.420 seconds
[2023-03-12T23:52:24.027+0000] {processor.py:153} INFO - Started process (PID=4674) to work on /home/airflow/.local/lib/python3.7/site-packages/airflow/example_dags/tutorial.py
[2023-03-12T23:52:24.029+0000] {processor.py:743} INFO - Processing file /home/airflow/.local/lib/python3.7/site-packages/airflow/example_dags/tutorial.py for tasks to queue
[2023-03-12T23:52:24.031+0000] {logging_mixin.py:137} INFO - [2023-03-12T23:52:24.031+0000] {dagbag.py:538} INFO - Filling up the DagBag from /home/airflow/.local/lib/python3.7/site-packages/airflow/example_dags/tutorial.py
[2023-03-12T23:52:24.082+0000] {processor.py:753} INFO - DAG(s) dict_keys(['tutorial']) retrieved from /home/airflow/.local/lib/python3.7/site-packages/airflow/example_dags/tutorial.py
[2023-03-12T23:52:24.193+0000] {logging_mixin.py:137} INFO - [2023-03-12T23:52:24.192+0000] {dag.py:2690} INFO - Sync 1 DAGs
[2023-03-12T23:52:24.341+0000] {logging_mixin.py:137} INFO - [2023-03-12T23:52:24.341+0000] {dag.py:3441} INFO - Setting next_dagrun for tutorial to 2023-03-11T23:52:24.341236+00:00, run_after=2023-03-12T23:52:24.341236+00:00
[2023-03-12T23:52:24.405+0000] {processor.py:175} INFO - Processing /home/airflow/.local/lib/python3.7/site-packages/airflow/example_dags/tutorial.py took 0.398 seconds
[2023-03-12T23:52:56.342+0000] {processor.py:153} INFO - Started process (PID=4740) to work on /home/airflow/.local/lib/python3.7/site-packages/airflow/example_dags/tutorial.py
[2023-03-12T23:52:56.364+0000] {processor.py:743} INFO - Processing file /home/airflow/.local/lib/python3.7/site-packages/airflow/example_dags/tutorial.py for tasks to queue
[2023-03-12T23:52:56.367+0000] {logging_mixin.py:137} INFO - [2023-03-12T23:52:56.367+0000] {dagbag.py:538} INFO - Filling up the DagBag from /home/airflow/.local/lib/python3.7/site-packages/airflow/example_dags/tutorial.py
[2023-03-12T23:52:56.480+0000] {processor.py:753} INFO - DAG(s) dict_keys(['tutorial']) retrieved from /home/airflow/.local/lib/python3.7/site-packages/airflow/example_dags/tutorial.py
[2023-03-12T23:52:56.630+0000] {logging_mixin.py:137} INFO - [2023-03-12T23:52:56.629+0000] {dag.py:2690} INFO - Sync 1 DAGs
[2023-03-12T23:52:56.757+0000] {logging_mixin.py:137} INFO - [2023-03-12T23:52:56.756+0000] {dag.py:3441} INFO - Setting next_dagrun for tutorial to 2023-03-11T23:52:56.756470+00:00, run_after=2023-03-12T23:52:56.756470+00:00
[2023-03-12T23:52:56.857+0000] {processor.py:175} INFO - Processing /home/airflow/.local/lib/python3.7/site-packages/airflow/example_dags/tutorial.py took 0.536 seconds
[2023-03-12T23:53:27.087+0000] {processor.py:153} INFO - Started process (PID=4805) to work on /home/airflow/.local/lib/python3.7/site-packages/airflow/example_dags/tutorial.py
[2023-03-12T23:53:27.088+0000] {processor.py:743} INFO - Processing file /home/airflow/.local/lib/python3.7/site-packages/airflow/example_dags/tutorial.py for tasks to queue
[2023-03-12T23:53:27.090+0000] {logging_mixin.py:137} INFO - [2023-03-12T23:53:27.090+0000] {dagbag.py:538} INFO - Filling up the DagBag from /home/airflow/.local/lib/python3.7/site-packages/airflow/example_dags/tutorial.py
[2023-03-12T23:53:27.115+0000] {processor.py:753} INFO - DAG(s) dict_keys(['tutorial']) retrieved from /home/airflow/.local/lib/python3.7/site-packages/airflow/example_dags/tutorial.py
[2023-03-12T23:53:27.168+0000] {logging_mixin.py:137} INFO - [2023-03-12T23:53:27.168+0000] {dag.py:2690} INFO - Sync 1 DAGs
[2023-03-12T23:53:27.213+0000] {logging_mixin.py:137} INFO - [2023-03-12T23:53:27.212+0000] {dag.py:3441} INFO - Setting next_dagrun for tutorial to 2023-03-11T23:53:27.212423+00:00, run_after=2023-03-12T23:53:27.212423+00:00
[2023-03-12T23:53:27.249+0000] {processor.py:175} INFO - Processing /home/airflow/.local/lib/python3.7/site-packages/airflow/example_dags/tutorial.py took 0.166 seconds
[2023-03-12T23:53:58.019+0000] {processor.py:153} INFO - Started process (PID=4882) to work on /home/airflow/.local/lib/python3.7/site-packages/airflow/example_dags/tutorial.py
[2023-03-12T23:53:58.021+0000] {processor.py:743} INFO - Processing file /home/airflow/.local/lib/python3.7/site-packages/airflow/example_dags/tutorial.py for tasks to queue
[2023-03-12T23:53:58.025+0000] {logging_mixin.py:137} INFO - [2023-03-12T23:53:58.024+0000] {dagbag.py:538} INFO - Filling up the DagBag from /home/airflow/.local/lib/python3.7/site-packages/airflow/example_dags/tutorial.py
[2023-03-12T23:53:58.067+0000] {processor.py:753} INFO - DAG(s) dict_keys(['tutorial']) retrieved from /home/airflow/.local/lib/python3.7/site-packages/airflow/example_dags/tutorial.py
[2023-03-12T23:53:58.145+0000] {logging_mixin.py:137} INFO - [2023-03-12T23:53:58.145+0000] {dag.py:2690} INFO - Sync 1 DAGs
[2023-03-12T23:53:58.285+0000] {logging_mixin.py:137} INFO - [2023-03-12T23:53:58.285+0000] {dag.py:3441} INFO - Setting next_dagrun for tutorial to 2023-03-11T23:53:58.285062+00:00, run_after=2023-03-12T23:53:58.285062+00:00
[2023-03-12T23:53:58.360+0000] {processor.py:175} INFO - Processing /home/airflow/.local/lib/python3.7/site-packages/airflow/example_dags/tutorial.py took 0.347 seconds
[2023-03-12T23:54:28.783+0000] {processor.py:153} INFO - Started process (PID=4963) to work on /home/airflow/.local/lib/python3.7/site-packages/airflow/example_dags/tutorial.py
[2023-03-12T23:54:28.793+0000] {processor.py:743} INFO - Processing file /home/airflow/.local/lib/python3.7/site-packages/airflow/example_dags/tutorial.py for tasks to queue
[2023-03-12T23:54:28.814+0000] {logging_mixin.py:137} INFO - [2023-03-12T23:54:28.813+0000] {dagbag.py:538} INFO - Filling up the DagBag from /home/airflow/.local/lib/python3.7/site-packages/airflow/example_dags/tutorial.py
[2023-03-12T23:54:28.866+0000] {processor.py:753} INFO - DAG(s) dict_keys(['tutorial']) retrieved from /home/airflow/.local/lib/python3.7/site-packages/airflow/example_dags/tutorial.py
[2023-03-12T23:54:28.983+0000] {logging_mixin.py:137} INFO - [2023-03-12T23:54:28.981+0000] {dag.py:2690} INFO - Sync 1 DAGs
[2023-03-12T23:54:29.105+0000] {logging_mixin.py:137} INFO - [2023-03-12T23:54:29.105+0000] {dag.py:3441} INFO - Setting next_dagrun for tutorial to 2023-03-11T23:54:29.104553+00:00, run_after=2023-03-12T23:54:29.104553+00:00
[2023-03-12T23:54:29.244+0000] {processor.py:175} INFO - Processing /home/airflow/.local/lib/python3.7/site-packages/airflow/example_dags/tutorial.py took 0.467 seconds
[2023-03-12T23:54:59.907+0000] {processor.py:153} INFO - Started process (PID=5037) to work on /home/airflow/.local/lib/python3.7/site-packages/airflow/example_dags/tutorial.py
[2023-03-12T23:54:59.924+0000] {processor.py:743} INFO - Processing file /home/airflow/.local/lib/python3.7/site-packages/airflow/example_dags/tutorial.py for tasks to queue
[2023-03-12T23:54:59.935+0000] {logging_mixin.py:137} INFO - [2023-03-12T23:54:59.935+0000] {dagbag.py:538} INFO - Filling up the DagBag from /home/airflow/.local/lib/python3.7/site-packages/airflow/example_dags/tutorial.py
[2023-03-12T23:54:59.967+0000] {processor.py:753} INFO - DAG(s) dict_keys(['tutorial']) retrieved from /home/airflow/.local/lib/python3.7/site-packages/airflow/example_dags/tutorial.py
[2023-03-12T23:55:00.087+0000] {logging_mixin.py:137} INFO - [2023-03-12T23:55:00.087+0000] {dag.py:2690} INFO - Sync 1 DAGs
[2023-03-12T23:55:00.152+0000] {logging_mixin.py:137} INFO - [2023-03-12T23:55:00.152+0000] {dag.py:3441} INFO - Setting next_dagrun for tutorial to 2023-03-11T23:55:00.152058+00:00, run_after=2023-03-12T23:55:00.152058+00:00
[2023-03-12T23:55:00.197+0000] {processor.py:175} INFO - Processing /home/airflow/.local/lib/python3.7/site-packages/airflow/example_dags/tutorial.py took 0.300 seconds
[2023-03-12T23:55:30.928+0000] {processor.py:153} INFO - Started process (PID=5112) to work on /home/airflow/.local/lib/python3.7/site-packages/airflow/example_dags/tutorial.py
[2023-03-12T23:55:30.930+0000] {processor.py:743} INFO - Processing file /home/airflow/.local/lib/python3.7/site-packages/airflow/example_dags/tutorial.py for tasks to queue
[2023-03-12T23:55:30.931+0000] {logging_mixin.py:137} INFO - [2023-03-12T23:55:30.931+0000] {dagbag.py:538} INFO - Filling up the DagBag from /home/airflow/.local/lib/python3.7/site-packages/airflow/example_dags/tutorial.py
[2023-03-12T23:55:30.941+0000] {processor.py:753} INFO - DAG(s) dict_keys(['tutorial']) retrieved from /home/airflow/.local/lib/python3.7/site-packages/airflow/example_dags/tutorial.py
[2023-03-12T23:55:30.966+0000] {logging_mixin.py:137} INFO - [2023-03-12T23:55:30.966+0000] {dag.py:2690} INFO - Sync 1 DAGs
[2023-03-12T23:55:30.987+0000] {logging_mixin.py:137} INFO - [2023-03-12T23:55:30.987+0000] {dag.py:3441} INFO - Setting next_dagrun for tutorial to 2023-03-11T23:55:30.987589+00:00, run_after=2023-03-12T23:55:30.987589+00:00
[2023-03-12T23:55:31.009+0000] {processor.py:175} INFO - Processing /home/airflow/.local/lib/python3.7/site-packages/airflow/example_dags/tutorial.py took 0.085 seconds
[2023-03-12T23:58:56.371+0000] {processor.py:153} INFO - Started process (PID=69) to work on /home/airflow/.local/lib/python3.7/site-packages/airflow/example_dags/tutorial.py
[2023-03-12T23:58:56.374+0000] {processor.py:743} INFO - Processing file /home/airflow/.local/lib/python3.7/site-packages/airflow/example_dags/tutorial.py for tasks to queue
[2023-03-12T23:58:56.375+0000] {logging_mixin.py:137} INFO - [2023-03-12T23:58:56.375+0000] {dagbag.py:538} INFO - Filling up the DagBag from /home/airflow/.local/lib/python3.7/site-packages/airflow/example_dags/tutorial.py
[2023-03-12T23:58:56.403+0000] {processor.py:753} INFO - DAG(s) dict_keys(['tutorial']) retrieved from /home/airflow/.local/lib/python3.7/site-packages/airflow/example_dags/tutorial.py
[2023-03-12T23:58:56.462+0000] {logging_mixin.py:137} INFO - [2023-03-12T23:58:56.462+0000] {dag.py:2690} INFO - Sync 1 DAGs
[2023-03-12T23:58:56.535+0000] {logging_mixin.py:137} INFO - [2023-03-12T23:58:56.534+0000] {dag.py:3441} INFO - Setting next_dagrun for tutorial to 2023-03-11T23:58:56.534161+00:00, run_after=2023-03-12T23:58:56.534161+00:00
[2023-03-12T23:58:56.598+0000] {processor.py:175} INFO - Processing /home/airflow/.local/lib/python3.7/site-packages/airflow/example_dags/tutorial.py took 0.235 seconds
[2023-03-12T23:59:26.947+0000] {processor.py:153} INFO - Started process (PID=143) to work on /home/airflow/.local/lib/python3.7/site-packages/airflow/example_dags/tutorial.py
[2023-03-12T23:59:26.948+0000] {processor.py:743} INFO - Processing file /home/airflow/.local/lib/python3.7/site-packages/airflow/example_dags/tutorial.py for tasks to queue
[2023-03-12T23:59:26.949+0000] {logging_mixin.py:137} INFO - [2023-03-12T23:59:26.949+0000] {dagbag.py:538} INFO - Filling up the DagBag from /home/airflow/.local/lib/python3.7/site-packages/airflow/example_dags/tutorial.py
[2023-03-12T23:59:26.972+0000] {processor.py:753} INFO - DAG(s) dict_keys(['tutorial']) retrieved from /home/airflow/.local/lib/python3.7/site-packages/airflow/example_dags/tutorial.py
[2023-03-12T23:59:27.012+0000] {logging_mixin.py:137} INFO - [2023-03-12T23:59:27.012+0000] {dag.py:2690} INFO - Sync 1 DAGs
[2023-03-12T23:59:27.060+0000] {logging_mixin.py:137} INFO - [2023-03-12T23:59:27.060+0000] {dag.py:3441} INFO - Setting next_dagrun for tutorial to 2023-03-11T23:59:27.059743+00:00, run_after=2023-03-12T23:59:27.059743+00:00
[2023-03-12T23:59:27.115+0000] {processor.py:175} INFO - Processing /home/airflow/.local/lib/python3.7/site-packages/airflow/example_dags/tutorial.py took 0.173 seconds
[2023-03-12T23:59:57.505+0000] {processor.py:153} INFO - Started process (PID=216) to work on /home/airflow/.local/lib/python3.7/site-packages/airflow/example_dags/tutorial.py
[2023-03-12T23:59:57.506+0000] {processor.py:743} INFO - Processing file /home/airflow/.local/lib/python3.7/site-packages/airflow/example_dags/tutorial.py for tasks to queue
[2023-03-12T23:59:57.508+0000] {logging_mixin.py:137} INFO - [2023-03-12T23:59:57.508+0000] {dagbag.py:538} INFO - Filling up the DagBag from /home/airflow/.local/lib/python3.7/site-packages/airflow/example_dags/tutorial.py
[2023-03-12T23:59:57.532+0000] {processor.py:753} INFO - DAG(s) dict_keys(['tutorial']) retrieved from /home/airflow/.local/lib/python3.7/site-packages/airflow/example_dags/tutorial.py
[2023-03-12T23:59:57.575+0000] {logging_mixin.py:137} INFO - [2023-03-12T23:59:57.575+0000] {dag.py:2690} INFO - Sync 1 DAGs
[2023-03-12T23:59:57.621+0000] {logging_mixin.py:137} INFO - [2023-03-12T23:59:57.621+0000] {dag.py:3441} INFO - Setting next_dagrun for tutorial to 2023-03-11T23:59:57.620842+00:00, run_after=2023-03-12T23:59:57.620842+00:00
[2023-03-12T23:59:57.657+0000] {processor.py:175} INFO - Processing /home/airflow/.local/lib/python3.7/site-packages/airflow/example_dags/tutorial.py took 0.158 seconds
