[2023-03-12T23:18:16.483+0000] {processor.py:153} INFO - Started process (PID=102) to work on /home/airflow/.local/lib/python3.7/site-packages/airflow/example_dags/tutorial_taskflow_api.py
[2023-03-12T23:18:16.501+0000] {processor.py:743} INFO - Processing file /home/airflow/.local/lib/python3.7/site-packages/airflow/example_dags/tutorial_taskflow_api.py for tasks to queue
[2023-03-12T23:18:16.507+0000] {logging_mixin.py:137} INFO - [2023-03-12T23:18:16.506+0000] {dagbag.py:538} INFO - Filling up the DagBag from /home/airflow/.local/lib/python3.7/site-packages/airflow/example_dags/tutorial_taskflow_api.py
[2023-03-12T23:18:16.726+0000] {processor.py:753} INFO - DAG(s) dict_keys(['tutorial_taskflow_api']) retrieved from /home/airflow/.local/lib/python3.7/site-packages/airflow/example_dags/tutorial_taskflow_api.py
[2023-03-12T23:18:17.373+0000] {logging_mixin.py:137} INFO - [2023-03-12T23:18:17.369+0000] {dag.py:2690} INFO - Sync 1 DAGs
[2023-03-12T23:18:17.821+0000] {logging_mixin.py:137} INFO - [2023-03-12T23:18:17.821+0000] {dag.py:3441} INFO - Setting next_dagrun for tutorial_taskflow_api to None, run_after=None
[2023-03-12T23:18:18.329+0000] {processor.py:175} INFO - Processing /home/airflow/.local/lib/python3.7/site-packages/airflow/example_dags/tutorial_taskflow_api.py took 1.853 seconds
[2023-03-12T23:18:56.675+0000] {processor.py:153} INFO - Started process (PID=167) to work on /home/airflow/.local/lib/python3.7/site-packages/airflow/example_dags/tutorial_taskflow_api.py
[2023-03-12T23:18:56.678+0000] {processor.py:743} INFO - Processing file /home/airflow/.local/lib/python3.7/site-packages/airflow/example_dags/tutorial_taskflow_api.py for tasks to queue
[2023-03-12T23:18:56.681+0000] {logging_mixin.py:137} INFO - [2023-03-12T23:18:56.681+0000] {dagbag.py:538} INFO - Filling up the DagBag from /home/airflow/.local/lib/python3.7/site-packages/airflow/example_dags/tutorial_taskflow_api.py
[2023-03-12T23:18:56.780+0000] {processor.py:753} INFO - DAG(s) dict_keys(['tutorial_taskflow_api']) retrieved from /home/airflow/.local/lib/python3.7/site-packages/airflow/example_dags/tutorial_taskflow_api.py
[2023-03-12T23:18:56.922+0000] {logging_mixin.py:137} INFO - [2023-03-12T23:18:56.921+0000] {dag.py:2690} INFO - Sync 1 DAGs
[2023-03-12T23:18:57.050+0000] {logging_mixin.py:137} INFO - [2023-03-12T23:18:57.049+0000] {dag.py:3441} INFO - Setting next_dagrun for tutorial_taskflow_api to None, run_after=None
[2023-03-12T23:18:57.163+0000] {processor.py:175} INFO - Processing /home/airflow/.local/lib/python3.7/site-packages/airflow/example_dags/tutorial_taskflow_api.py took 0.499 seconds
[2023-03-12T23:19:31.713+0000] {processor.py:153} INFO - Started process (PID=239) to work on /home/airflow/.local/lib/python3.7/site-packages/airflow/example_dags/tutorial_taskflow_api.py
[2023-03-12T23:19:31.752+0000] {processor.py:743} INFO - Processing file /home/airflow/.local/lib/python3.7/site-packages/airflow/example_dags/tutorial_taskflow_api.py for tasks to queue
[2023-03-12T23:19:31.764+0000] {logging_mixin.py:137} INFO - [2023-03-12T23:19:31.764+0000] {dagbag.py:538} INFO - Filling up the DagBag from /home/airflow/.local/lib/python3.7/site-packages/airflow/example_dags/tutorial_taskflow_api.py
[2023-03-12T23:19:31.866+0000] {processor.py:753} INFO - DAG(s) dict_keys(['tutorial_taskflow_api']) retrieved from /home/airflow/.local/lib/python3.7/site-packages/airflow/example_dags/tutorial_taskflow_api.py
[2023-03-12T23:19:32.005+0000] {logging_mixin.py:137} INFO - [2023-03-12T23:19:32.005+0000] {dag.py:2690} INFO - Sync 1 DAGs
[2023-03-12T23:19:32.176+0000] {logging_mixin.py:137} INFO - [2023-03-12T23:19:32.175+0000] {dag.py:3441} INFO - Setting next_dagrun for tutorial_taskflow_api to None, run_after=None
[2023-03-12T23:19:32.283+0000] {processor.py:175} INFO - Processing /home/airflow/.local/lib/python3.7/site-packages/airflow/example_dags/tutorial_taskflow_api.py took 0.587 seconds
[2023-03-12T23:20:02.904+0000] {processor.py:153} INFO - Started process (PID=305) to work on /home/airflow/.local/lib/python3.7/site-packages/airflow/example_dags/tutorial_taskflow_api.py
[2023-03-12T23:20:02.909+0000] {processor.py:743} INFO - Processing file /home/airflow/.local/lib/python3.7/site-packages/airflow/example_dags/tutorial_taskflow_api.py for tasks to queue
[2023-03-12T23:20:02.924+0000] {logging_mixin.py:137} INFO - [2023-03-12T23:20:02.924+0000] {dagbag.py:538} INFO - Filling up the DagBag from /home/airflow/.local/lib/python3.7/site-packages/airflow/example_dags/tutorial_taskflow_api.py
[2023-03-12T23:20:03.014+0000] {processor.py:753} INFO - DAG(s) dict_keys(['tutorial_taskflow_api']) retrieved from /home/airflow/.local/lib/python3.7/site-packages/airflow/example_dags/tutorial_taskflow_api.py
[2023-03-12T23:20:03.136+0000] {logging_mixin.py:137} INFO - [2023-03-12T23:20:03.136+0000] {dag.py:2690} INFO - Sync 1 DAGs
[2023-03-12T23:20:03.270+0000] {logging_mixin.py:137} INFO - [2023-03-12T23:20:03.270+0000] {dag.py:3441} INFO - Setting next_dagrun for tutorial_taskflow_api to None, run_after=None
[2023-03-12T23:20:03.367+0000] {processor.py:175} INFO - Processing /home/airflow/.local/lib/python3.7/site-packages/airflow/example_dags/tutorial_taskflow_api.py took 0.475 seconds
[2023-03-12T23:20:33.723+0000] {processor.py:153} INFO - Started process (PID=368) to work on /home/airflow/.local/lib/python3.7/site-packages/airflow/example_dags/tutorial_taskflow_api.py
[2023-03-12T23:20:33.738+0000] {processor.py:743} INFO - Processing file /home/airflow/.local/lib/python3.7/site-packages/airflow/example_dags/tutorial_taskflow_api.py for tasks to queue
[2023-03-12T23:20:33.742+0000] {logging_mixin.py:137} INFO - [2023-03-12T23:20:33.742+0000] {dagbag.py:538} INFO - Filling up the DagBag from /home/airflow/.local/lib/python3.7/site-packages/airflow/example_dags/tutorial_taskflow_api.py
[2023-03-12T23:20:33.825+0000] {processor.py:753} INFO - DAG(s) dict_keys(['tutorial_taskflow_api']) retrieved from /home/airflow/.local/lib/python3.7/site-packages/airflow/example_dags/tutorial_taskflow_api.py
[2023-03-12T23:20:33.915+0000] {logging_mixin.py:137} INFO - [2023-03-12T23:20:33.912+0000] {dag.py:2690} INFO - Sync 1 DAGs
[2023-03-12T23:20:34.004+0000] {logging_mixin.py:137} INFO - [2023-03-12T23:20:34.004+0000] {dag.py:3441} INFO - Setting next_dagrun for tutorial_taskflow_api to None, run_after=None
[2023-03-12T23:20:34.080+0000] {processor.py:175} INFO - Processing /home/airflow/.local/lib/python3.7/site-packages/airflow/example_dags/tutorial_taskflow_api.py took 0.369 seconds
[2023-03-12T23:21:04.535+0000] {processor.py:153} INFO - Started process (PID=440) to work on /home/airflow/.local/lib/python3.7/site-packages/airflow/example_dags/tutorial_taskflow_api.py
[2023-03-12T23:21:04.537+0000] {processor.py:743} INFO - Processing file /home/airflow/.local/lib/python3.7/site-packages/airflow/example_dags/tutorial_taskflow_api.py for tasks to queue
[2023-03-12T23:21:04.545+0000] {logging_mixin.py:137} INFO - [2023-03-12T23:21:04.545+0000] {dagbag.py:538} INFO - Filling up the DagBag from /home/airflow/.local/lib/python3.7/site-packages/airflow/example_dags/tutorial_taskflow_api.py
[2023-03-12T23:21:04.667+0000] {processor.py:753} INFO - DAG(s) dict_keys(['tutorial_taskflow_api']) retrieved from /home/airflow/.local/lib/python3.7/site-packages/airflow/example_dags/tutorial_taskflow_api.py
[2023-03-12T23:21:04.769+0000] {logging_mixin.py:137} INFO - [2023-03-12T23:21:04.769+0000] {dag.py:2690} INFO - Sync 1 DAGs
[2023-03-12T23:21:04.904+0000] {logging_mixin.py:137} INFO - [2023-03-12T23:21:04.904+0000] {dag.py:3441} INFO - Setting next_dagrun for tutorial_taskflow_api to None, run_after=None
[2023-03-12T23:21:04.987+0000] {processor.py:175} INFO - Processing /home/airflow/.local/lib/python3.7/site-packages/airflow/example_dags/tutorial_taskflow_api.py took 0.460 seconds
[2023-03-12T23:21:35.304+0000] {processor.py:153} INFO - Started process (PID=496) to work on /home/airflow/.local/lib/python3.7/site-packages/airflow/example_dags/tutorial_taskflow_api.py
[2023-03-12T23:21:35.307+0000] {processor.py:743} INFO - Processing file /home/airflow/.local/lib/python3.7/site-packages/airflow/example_dags/tutorial_taskflow_api.py for tasks to queue
[2023-03-12T23:21:35.311+0000] {logging_mixin.py:137} INFO - [2023-03-12T23:21:35.310+0000] {dagbag.py:538} INFO - Filling up the DagBag from /home/airflow/.local/lib/python3.7/site-packages/airflow/example_dags/tutorial_taskflow_api.py
[2023-03-12T23:21:35.376+0000] {processor.py:753} INFO - DAG(s) dict_keys(['tutorial_taskflow_api']) retrieved from /home/airflow/.local/lib/python3.7/site-packages/airflow/example_dags/tutorial_taskflow_api.py
[2023-03-12T23:21:35.451+0000] {logging_mixin.py:137} INFO - [2023-03-12T23:21:35.450+0000] {dag.py:2690} INFO - Sync 1 DAGs
[2023-03-12T23:21:35.505+0000] {logging_mixin.py:137} INFO - [2023-03-12T23:21:35.504+0000] {dag.py:3441} INFO - Setting next_dagrun for tutorial_taskflow_api to None, run_after=None
[2023-03-12T23:21:35.541+0000] {processor.py:175} INFO - Processing /home/airflow/.local/lib/python3.7/site-packages/airflow/example_dags/tutorial_taskflow_api.py took 0.244 seconds
[2023-03-12T23:22:07.878+0000] {processor.py:153} INFO - Started process (PID=568) to work on /home/airflow/.local/lib/python3.7/site-packages/airflow/example_dags/tutorial_taskflow_api.py
[2023-03-12T23:22:07.892+0000] {processor.py:743} INFO - Processing file /home/airflow/.local/lib/python3.7/site-packages/airflow/example_dags/tutorial_taskflow_api.py for tasks to queue
[2023-03-12T23:22:07.896+0000] {logging_mixin.py:137} INFO - [2023-03-12T23:22:07.895+0000] {dagbag.py:538} INFO - Filling up the DagBag from /home/airflow/.local/lib/python3.7/site-packages/airflow/example_dags/tutorial_taskflow_api.py
[2023-03-12T23:22:08.063+0000] {processor.py:753} INFO - DAG(s) dict_keys(['tutorial_taskflow_api']) retrieved from /home/airflow/.local/lib/python3.7/site-packages/airflow/example_dags/tutorial_taskflow_api.py
[2023-03-12T23:22:08.242+0000] {logging_mixin.py:137} INFO - [2023-03-12T23:22:08.242+0000] {dag.py:2690} INFO - Sync 1 DAGs
[2023-03-12T23:22:08.482+0000] {logging_mixin.py:137} INFO - [2023-03-12T23:22:08.482+0000] {dag.py:3441} INFO - Setting next_dagrun for tutorial_taskflow_api to None, run_after=None
[2023-03-12T23:22:08.602+0000] {processor.py:175} INFO - Processing /home/airflow/.local/lib/python3.7/site-packages/airflow/example_dags/tutorial_taskflow_api.py took 0.744 seconds
[2023-03-12T23:22:39.493+0000] {processor.py:153} INFO - Started process (PID=633) to work on /home/airflow/.local/lib/python3.7/site-packages/airflow/example_dags/tutorial_taskflow_api.py
[2023-03-12T23:22:39.503+0000] {processor.py:743} INFO - Processing file /home/airflow/.local/lib/python3.7/site-packages/airflow/example_dags/tutorial_taskflow_api.py for tasks to queue
[2023-03-12T23:22:39.507+0000] {logging_mixin.py:137} INFO - [2023-03-12T23:22:39.507+0000] {dagbag.py:538} INFO - Filling up the DagBag from /home/airflow/.local/lib/python3.7/site-packages/airflow/example_dags/tutorial_taskflow_api.py
[2023-03-12T23:22:39.605+0000] {processor.py:753} INFO - DAG(s) dict_keys(['tutorial_taskflow_api']) retrieved from /home/airflow/.local/lib/python3.7/site-packages/airflow/example_dags/tutorial_taskflow_api.py
[2023-03-12T23:22:39.723+0000] {logging_mixin.py:137} INFO - [2023-03-12T23:22:39.722+0000] {dag.py:2690} INFO - Sync 1 DAGs
[2023-03-12T23:22:39.861+0000] {logging_mixin.py:137} INFO - [2023-03-12T23:22:39.861+0000] {dag.py:3441} INFO - Setting next_dagrun for tutorial_taskflow_api to None, run_after=None
[2023-03-12T23:22:39.958+0000] {processor.py:175} INFO - Processing /home/airflow/.local/lib/python3.7/site-packages/airflow/example_dags/tutorial_taskflow_api.py took 0.472 seconds
[2023-03-12T23:23:11.190+0000] {processor.py:153} INFO - Started process (PID=697) to work on /home/airflow/.local/lib/python3.7/site-packages/airflow/example_dags/tutorial_taskflow_api.py
[2023-03-12T23:23:11.204+0000] {processor.py:743} INFO - Processing file /home/airflow/.local/lib/python3.7/site-packages/airflow/example_dags/tutorial_taskflow_api.py for tasks to queue
[2023-03-12T23:23:11.220+0000] {logging_mixin.py:137} INFO - [2023-03-12T23:23:11.219+0000] {dagbag.py:538} INFO - Filling up the DagBag from /home/airflow/.local/lib/python3.7/site-packages/airflow/example_dags/tutorial_taskflow_api.py
[2023-03-12T23:23:11.438+0000] {processor.py:753} INFO - DAG(s) dict_keys(['tutorial_taskflow_api']) retrieved from /home/airflow/.local/lib/python3.7/site-packages/airflow/example_dags/tutorial_taskflow_api.py
[2023-03-12T23:23:11.648+0000] {logging_mixin.py:137} INFO - [2023-03-12T23:23:11.647+0000] {dag.py:2690} INFO - Sync 1 DAGs
[2023-03-12T23:23:11.790+0000] {logging_mixin.py:137} INFO - [2023-03-12T23:23:11.790+0000] {dag.py:3441} INFO - Setting next_dagrun for tutorial_taskflow_api to None, run_after=None
[2023-03-12T23:23:11.870+0000] {processor.py:175} INFO - Processing /home/airflow/.local/lib/python3.7/site-packages/airflow/example_dags/tutorial_taskflow_api.py took 0.702 seconds
[2023-03-12T23:23:42.359+0000] {processor.py:153} INFO - Started process (PID=763) to work on /home/airflow/.local/lib/python3.7/site-packages/airflow/example_dags/tutorial_taskflow_api.py
[2023-03-12T23:23:42.361+0000] {processor.py:743} INFO - Processing file /home/airflow/.local/lib/python3.7/site-packages/airflow/example_dags/tutorial_taskflow_api.py for tasks to queue
[2023-03-12T23:23:42.363+0000] {logging_mixin.py:137} INFO - [2023-03-12T23:23:42.363+0000] {dagbag.py:538} INFO - Filling up the DagBag from /home/airflow/.local/lib/python3.7/site-packages/airflow/example_dags/tutorial_taskflow_api.py
[2023-03-12T23:23:42.472+0000] {processor.py:753} INFO - DAG(s) dict_keys(['tutorial_taskflow_api']) retrieved from /home/airflow/.local/lib/python3.7/site-packages/airflow/example_dags/tutorial_taskflow_api.py
[2023-03-12T23:23:42.588+0000] {logging_mixin.py:137} INFO - [2023-03-12T23:23:42.587+0000] {dag.py:2690} INFO - Sync 1 DAGs
[2023-03-12T23:23:42.788+0000] {logging_mixin.py:137} INFO - [2023-03-12T23:23:42.788+0000] {dag.py:3441} INFO - Setting next_dagrun for tutorial_taskflow_api to None, run_after=None
[2023-03-12T23:23:42.993+0000] {processor.py:175} INFO - Processing /home/airflow/.local/lib/python3.7/site-packages/airflow/example_dags/tutorial_taskflow_api.py took 0.645 seconds
[2023-03-12T23:24:14.189+0000] {processor.py:153} INFO - Started process (PID=828) to work on /home/airflow/.local/lib/python3.7/site-packages/airflow/example_dags/tutorial_taskflow_api.py
[2023-03-12T23:24:14.193+0000] {processor.py:743} INFO - Processing file /home/airflow/.local/lib/python3.7/site-packages/airflow/example_dags/tutorial_taskflow_api.py for tasks to queue
[2023-03-12T23:24:14.197+0000] {logging_mixin.py:137} INFO - [2023-03-12T23:24:14.195+0000] {dagbag.py:538} INFO - Filling up the DagBag from /home/airflow/.local/lib/python3.7/site-packages/airflow/example_dags/tutorial_taskflow_api.py
[2023-03-12T23:24:14.310+0000] {processor.py:753} INFO - DAG(s) dict_keys(['tutorial_taskflow_api']) retrieved from /home/airflow/.local/lib/python3.7/site-packages/airflow/example_dags/tutorial_taskflow_api.py
[2023-03-12T23:24:14.418+0000] {logging_mixin.py:137} INFO - [2023-03-12T23:24:14.417+0000] {dag.py:2690} INFO - Sync 1 DAGs
[2023-03-12T23:24:14.529+0000] {logging_mixin.py:137} INFO - [2023-03-12T23:24:14.528+0000] {dag.py:3441} INFO - Setting next_dagrun for tutorial_taskflow_api to None, run_after=None
[2023-03-12T23:24:14.626+0000] {processor.py:175} INFO - Processing /home/airflow/.local/lib/python3.7/site-packages/airflow/example_dags/tutorial_taskflow_api.py took 0.443 seconds
[2023-03-12T23:24:45.316+0000] {processor.py:153} INFO - Started process (PID=904) to work on /home/airflow/.local/lib/python3.7/site-packages/airflow/example_dags/tutorial_taskflow_api.py
[2023-03-12T23:24:45.320+0000] {processor.py:743} INFO - Processing file /home/airflow/.local/lib/python3.7/site-packages/airflow/example_dags/tutorial_taskflow_api.py for tasks to queue
[2023-03-12T23:24:45.322+0000] {logging_mixin.py:137} INFO - [2023-03-12T23:24:45.322+0000] {dagbag.py:538} INFO - Filling up the DagBag from /home/airflow/.local/lib/python3.7/site-packages/airflow/example_dags/tutorial_taskflow_api.py
[2023-03-12T23:24:45.436+0000] {processor.py:753} INFO - DAG(s) dict_keys(['tutorial_taskflow_api']) retrieved from /home/airflow/.local/lib/python3.7/site-packages/airflow/example_dags/tutorial_taskflow_api.py
[2023-03-12T23:24:45.517+0000] {logging_mixin.py:137} INFO - [2023-03-12T23:24:45.517+0000] {dag.py:2690} INFO - Sync 1 DAGs
[2023-03-12T23:24:45.662+0000] {logging_mixin.py:137} INFO - [2023-03-12T23:24:45.662+0000] {dag.py:3441} INFO - Setting next_dagrun for tutorial_taskflow_api to None, run_after=None
[2023-03-12T23:24:45.755+0000] {processor.py:175} INFO - Processing /home/airflow/.local/lib/python3.7/site-packages/airflow/example_dags/tutorial_taskflow_api.py took 0.453 seconds
[2023-03-12T23:25:16.555+0000] {processor.py:153} INFO - Started process (PID=968) to work on /home/airflow/.local/lib/python3.7/site-packages/airflow/example_dags/tutorial_taskflow_api.py
[2023-03-12T23:25:16.565+0000] {processor.py:743} INFO - Processing file /home/airflow/.local/lib/python3.7/site-packages/airflow/example_dags/tutorial_taskflow_api.py for tasks to queue
[2023-03-12T23:25:16.568+0000] {logging_mixin.py:137} INFO - [2023-03-12T23:25:16.568+0000] {dagbag.py:538} INFO - Filling up the DagBag from /home/airflow/.local/lib/python3.7/site-packages/airflow/example_dags/tutorial_taskflow_api.py
[2023-03-12T23:25:16.661+0000] {processor.py:753} INFO - DAG(s) dict_keys(['tutorial_taskflow_api']) retrieved from /home/airflow/.local/lib/python3.7/site-packages/airflow/example_dags/tutorial_taskflow_api.py
[2023-03-12T23:25:16.764+0000] {logging_mixin.py:137} INFO - [2023-03-12T23:25:16.764+0000] {dag.py:2690} INFO - Sync 1 DAGs
[2023-03-12T23:25:16.889+0000] {logging_mixin.py:137} INFO - [2023-03-12T23:25:16.889+0000] {dag.py:3441} INFO - Setting next_dagrun for tutorial_taskflow_api to None, run_after=None
[2023-03-12T23:25:16.968+0000] {processor.py:175} INFO - Processing /home/airflow/.local/lib/python3.7/site-packages/airflow/example_dags/tutorial_taskflow_api.py took 0.422 seconds
[2023-03-12T23:25:50.437+0000] {processor.py:153} INFO - Started process (PID=1046) to work on /home/airflow/.local/lib/python3.7/site-packages/airflow/example_dags/tutorial_taskflow_api.py
[2023-03-12T23:25:50.443+0000] {processor.py:743} INFO - Processing file /home/airflow/.local/lib/python3.7/site-packages/airflow/example_dags/tutorial_taskflow_api.py for tasks to queue
[2023-03-12T23:25:50.448+0000] {logging_mixin.py:137} INFO - [2023-03-12T23:25:50.447+0000] {dagbag.py:538} INFO - Filling up the DagBag from /home/airflow/.local/lib/python3.7/site-packages/airflow/example_dags/tutorial_taskflow_api.py
[2023-03-12T23:25:50.572+0000] {processor.py:753} INFO - DAG(s) dict_keys(['tutorial_taskflow_api']) retrieved from /home/airflow/.local/lib/python3.7/site-packages/airflow/example_dags/tutorial_taskflow_api.py
[2023-03-12T23:25:50.706+0000] {logging_mixin.py:137} INFO - [2023-03-12T23:25:50.706+0000] {dag.py:2690} INFO - Sync 1 DAGs
[2023-03-12T23:25:50.808+0000] {logging_mixin.py:137} INFO - [2023-03-12T23:25:50.807+0000] {dag.py:3441} INFO - Setting next_dagrun for tutorial_taskflow_api to None, run_after=None
[2023-03-12T23:25:50.888+0000] {processor.py:175} INFO - Processing /home/airflow/.local/lib/python3.7/site-packages/airflow/example_dags/tutorial_taskflow_api.py took 0.464 seconds
[2023-03-12T23:26:21.463+0000] {processor.py:153} INFO - Started process (PID=1119) to work on /home/airflow/.local/lib/python3.7/site-packages/airflow/example_dags/tutorial_taskflow_api.py
[2023-03-12T23:26:21.468+0000] {processor.py:743} INFO - Processing file /home/airflow/.local/lib/python3.7/site-packages/airflow/example_dags/tutorial_taskflow_api.py for tasks to queue
[2023-03-12T23:26:21.475+0000] {logging_mixin.py:137} INFO - [2023-03-12T23:26:21.475+0000] {dagbag.py:538} INFO - Filling up the DagBag from /home/airflow/.local/lib/python3.7/site-packages/airflow/example_dags/tutorial_taskflow_api.py
[2023-03-12T23:26:21.575+0000] {processor.py:753} INFO - DAG(s) dict_keys(['tutorial_taskflow_api']) retrieved from /home/airflow/.local/lib/python3.7/site-packages/airflow/example_dags/tutorial_taskflow_api.py
[2023-03-12T23:26:21.693+0000] {logging_mixin.py:137} INFO - [2023-03-12T23:26:21.693+0000] {dag.py:2690} INFO - Sync 1 DAGs
[2023-03-12T23:26:21.828+0000] {logging_mixin.py:137} INFO - [2023-03-12T23:26:21.828+0000] {dag.py:3441} INFO - Setting next_dagrun for tutorial_taskflow_api to None, run_after=None
[2023-03-12T23:26:21.942+0000] {processor.py:175} INFO - Processing /home/airflow/.local/lib/python3.7/site-packages/airflow/example_dags/tutorial_taskflow_api.py took 0.486 seconds
[2023-03-12T23:26:55.685+0000] {processor.py:153} INFO - Started process (PID=1188) to work on /home/airflow/.local/lib/python3.7/site-packages/airflow/example_dags/tutorial_taskflow_api.py
[2023-03-12T23:26:55.703+0000] {processor.py:743} INFO - Processing file /home/airflow/.local/lib/python3.7/site-packages/airflow/example_dags/tutorial_taskflow_api.py for tasks to queue
[2023-03-12T23:26:55.713+0000] {logging_mixin.py:137} INFO - [2023-03-12T23:26:55.713+0000] {dagbag.py:538} INFO - Filling up the DagBag from /home/airflow/.local/lib/python3.7/site-packages/airflow/example_dags/tutorial_taskflow_api.py
[2023-03-12T23:26:55.860+0000] {processor.py:753} INFO - DAG(s) dict_keys(['tutorial_taskflow_api']) retrieved from /home/airflow/.local/lib/python3.7/site-packages/airflow/example_dags/tutorial_taskflow_api.py
[2023-03-12T23:26:56.257+0000] {logging_mixin.py:137} INFO - [2023-03-12T23:26:56.256+0000] {dag.py:2690} INFO - Sync 1 DAGs
[2023-03-12T23:26:56.463+0000] {logging_mixin.py:137} INFO - [2023-03-12T23:26:56.462+0000] {dag.py:3441} INFO - Setting next_dagrun for tutorial_taskflow_api to None, run_after=None
[2023-03-12T23:26:56.602+0000] {processor.py:175} INFO - Processing /home/airflow/.local/lib/python3.7/site-packages/airflow/example_dags/tutorial_taskflow_api.py took 0.934 seconds
[2023-03-12T23:27:30.488+0000] {processor.py:153} INFO - Started process (PID=1268) to work on /home/airflow/.local/lib/python3.7/site-packages/airflow/example_dags/tutorial_taskflow_api.py
[2023-03-12T23:27:30.493+0000] {processor.py:743} INFO - Processing file /home/airflow/.local/lib/python3.7/site-packages/airflow/example_dags/tutorial_taskflow_api.py for tasks to queue
[2023-03-12T23:27:30.514+0000] {logging_mixin.py:137} INFO - [2023-03-12T23:27:30.514+0000] {dagbag.py:538} INFO - Filling up the DagBag from /home/airflow/.local/lib/python3.7/site-packages/airflow/example_dags/tutorial_taskflow_api.py
[2023-03-12T23:27:30.645+0000] {processor.py:753} INFO - DAG(s) dict_keys(['tutorial_taskflow_api']) retrieved from /home/airflow/.local/lib/python3.7/site-packages/airflow/example_dags/tutorial_taskflow_api.py
[2023-03-12T23:27:30.759+0000] {logging_mixin.py:137} INFO - [2023-03-12T23:27:30.758+0000] {dag.py:2690} INFO - Sync 1 DAGs
[2023-03-12T23:27:30.875+0000] {logging_mixin.py:137} INFO - [2023-03-12T23:27:30.870+0000] {dag.py:3441} INFO - Setting next_dagrun for tutorial_taskflow_api to None, run_after=None
[2023-03-12T23:27:30.937+0000] {processor.py:175} INFO - Processing /home/airflow/.local/lib/python3.7/site-packages/airflow/example_dags/tutorial_taskflow_api.py took 0.455 seconds
[2023-03-12T23:28:01.560+0000] {processor.py:153} INFO - Started process (PID=1337) to work on /home/airflow/.local/lib/python3.7/site-packages/airflow/example_dags/tutorial_taskflow_api.py
[2023-03-12T23:28:01.573+0000] {processor.py:743} INFO - Processing file /home/airflow/.local/lib/python3.7/site-packages/airflow/example_dags/tutorial_taskflow_api.py for tasks to queue
[2023-03-12T23:28:01.575+0000] {logging_mixin.py:137} INFO - [2023-03-12T23:28:01.574+0000] {dagbag.py:538} INFO - Filling up the DagBag from /home/airflow/.local/lib/python3.7/site-packages/airflow/example_dags/tutorial_taskflow_api.py
[2023-03-12T23:28:01.657+0000] {processor.py:753} INFO - DAG(s) dict_keys(['tutorial_taskflow_api']) retrieved from /home/airflow/.local/lib/python3.7/site-packages/airflow/example_dags/tutorial_taskflow_api.py
[2023-03-12T23:28:01.738+0000] {logging_mixin.py:137} INFO - [2023-03-12T23:28:01.738+0000] {dag.py:2690} INFO - Sync 1 DAGs
[2023-03-12T23:28:01.832+0000] {logging_mixin.py:137} INFO - [2023-03-12T23:28:01.825+0000] {dag.py:3441} INFO - Setting next_dagrun for tutorial_taskflow_api to None, run_after=None
[2023-03-12T23:28:01.910+0000] {processor.py:175} INFO - Processing /home/airflow/.local/lib/python3.7/site-packages/airflow/example_dags/tutorial_taskflow_api.py took 0.358 seconds
[2023-03-12T23:28:32.313+0000] {processor.py:153} INFO - Started process (PID=1402) to work on /home/airflow/.local/lib/python3.7/site-packages/airflow/example_dags/tutorial_taskflow_api.py
[2023-03-12T23:28:32.318+0000] {processor.py:743} INFO - Processing file /home/airflow/.local/lib/python3.7/site-packages/airflow/example_dags/tutorial_taskflow_api.py for tasks to queue
[2023-03-12T23:28:32.321+0000] {logging_mixin.py:137} INFO - [2023-03-12T23:28:32.321+0000] {dagbag.py:538} INFO - Filling up the DagBag from /home/airflow/.local/lib/python3.7/site-packages/airflow/example_dags/tutorial_taskflow_api.py
[2023-03-12T23:28:32.419+0000] {processor.py:753} INFO - DAG(s) dict_keys(['tutorial_taskflow_api']) retrieved from /home/airflow/.local/lib/python3.7/site-packages/airflow/example_dags/tutorial_taskflow_api.py
[2023-03-12T23:28:32.526+0000] {logging_mixin.py:137} INFO - [2023-03-12T23:28:32.526+0000] {dag.py:2690} INFO - Sync 1 DAGs
[2023-03-12T23:28:32.639+0000] {logging_mixin.py:137} INFO - [2023-03-12T23:28:32.639+0000] {dag.py:3441} INFO - Setting next_dagrun for tutorial_taskflow_api to None, run_after=None
[2023-03-12T23:28:32.737+0000] {processor.py:175} INFO - Processing /home/airflow/.local/lib/python3.7/site-packages/airflow/example_dags/tutorial_taskflow_api.py took 0.438 seconds
[2023-03-12T23:29:03.742+0000] {processor.py:153} INFO - Started process (PID=1473) to work on /home/airflow/.local/lib/python3.7/site-packages/airflow/example_dags/tutorial_taskflow_api.py
[2023-03-12T23:29:03.757+0000] {processor.py:743} INFO - Processing file /home/airflow/.local/lib/python3.7/site-packages/airflow/example_dags/tutorial_taskflow_api.py for tasks to queue
[2023-03-12T23:29:03.759+0000] {logging_mixin.py:137} INFO - [2023-03-12T23:29:03.758+0000] {dagbag.py:538} INFO - Filling up the DagBag from /home/airflow/.local/lib/python3.7/site-packages/airflow/example_dags/tutorial_taskflow_api.py
[2023-03-12T23:29:03.918+0000] {processor.py:753} INFO - DAG(s) dict_keys(['tutorial_taskflow_api']) retrieved from /home/airflow/.local/lib/python3.7/site-packages/airflow/example_dags/tutorial_taskflow_api.py
[2023-03-12T23:29:04.111+0000] {logging_mixin.py:137} INFO - [2023-03-12T23:29:04.111+0000] {dag.py:2690} INFO - Sync 1 DAGs
[2023-03-12T23:29:04.293+0000] {logging_mixin.py:137} INFO - [2023-03-12T23:29:04.293+0000] {dag.py:3441} INFO - Setting next_dagrun for tutorial_taskflow_api to None, run_after=None
[2023-03-12T23:29:04.466+0000] {processor.py:175} INFO - Processing /home/airflow/.local/lib/python3.7/site-packages/airflow/example_dags/tutorial_taskflow_api.py took 0.732 seconds
[2023-03-12T23:29:34.752+0000] {processor.py:153} INFO - Started process (PID=1542) to work on /home/airflow/.local/lib/python3.7/site-packages/airflow/example_dags/tutorial_taskflow_api.py
[2023-03-12T23:29:34.754+0000] {processor.py:743} INFO - Processing file /home/airflow/.local/lib/python3.7/site-packages/airflow/example_dags/tutorial_taskflow_api.py for tasks to queue
[2023-03-12T23:29:34.756+0000] {logging_mixin.py:137} INFO - [2023-03-12T23:29:34.756+0000] {dagbag.py:538} INFO - Filling up the DagBag from /home/airflow/.local/lib/python3.7/site-packages/airflow/example_dags/tutorial_taskflow_api.py
[2023-03-12T23:29:34.851+0000] {processor.py:753} INFO - DAG(s) dict_keys(['tutorial_taskflow_api']) retrieved from /home/airflow/.local/lib/python3.7/site-packages/airflow/example_dags/tutorial_taskflow_api.py
[2023-03-12T23:29:35.008+0000] {logging_mixin.py:137} INFO - [2023-03-12T23:29:35.008+0000] {dag.py:2690} INFO - Sync 1 DAGs
[2023-03-12T23:29:35.092+0000] {logging_mixin.py:137} INFO - [2023-03-12T23:29:35.091+0000] {dag.py:3441} INFO - Setting next_dagrun for tutorial_taskflow_api to None, run_after=None
[2023-03-12T23:29:35.162+0000] {processor.py:175} INFO - Processing /home/airflow/.local/lib/python3.7/site-packages/airflow/example_dags/tutorial_taskflow_api.py took 0.420 seconds
[2023-03-12T23:30:06.729+0000] {processor.py:153} INFO - Started process (PID=1611) to work on /home/airflow/.local/lib/python3.7/site-packages/airflow/example_dags/tutorial_taskflow_api.py
[2023-03-12T23:30:06.743+0000] {processor.py:743} INFO - Processing file /home/airflow/.local/lib/python3.7/site-packages/airflow/example_dags/tutorial_taskflow_api.py for tasks to queue
[2023-03-12T23:30:06.758+0000] {logging_mixin.py:137} INFO - [2023-03-12T23:30:06.758+0000] {dagbag.py:538} INFO - Filling up the DagBag from /home/airflow/.local/lib/python3.7/site-packages/airflow/example_dags/tutorial_taskflow_api.py
[2023-03-12T23:30:06.873+0000] {processor.py:753} INFO - DAG(s) dict_keys(['tutorial_taskflow_api']) retrieved from /home/airflow/.local/lib/python3.7/site-packages/airflow/example_dags/tutorial_taskflow_api.py
[2023-03-12T23:30:06.989+0000] {logging_mixin.py:137} INFO - [2023-03-12T23:30:06.988+0000] {dag.py:2690} INFO - Sync 1 DAGs
[2023-03-12T23:30:07.120+0000] {logging_mixin.py:137} INFO - [2023-03-12T23:30:07.120+0000] {dag.py:3441} INFO - Setting next_dagrun for tutorial_taskflow_api to None, run_after=None
[2023-03-12T23:30:07.233+0000] {processor.py:175} INFO - Processing /home/airflow/.local/lib/python3.7/site-packages/airflow/example_dags/tutorial_taskflow_api.py took 0.522 seconds
[2023-03-12T23:30:38.003+0000] {processor.py:153} INFO - Started process (PID=1680) to work on /home/airflow/.local/lib/python3.7/site-packages/airflow/example_dags/tutorial_taskflow_api.py
[2023-03-12T23:30:38.006+0000] {processor.py:743} INFO - Processing file /home/airflow/.local/lib/python3.7/site-packages/airflow/example_dags/tutorial_taskflow_api.py for tasks to queue
[2023-03-12T23:30:38.007+0000] {logging_mixin.py:137} INFO - [2023-03-12T23:30:38.007+0000] {dagbag.py:538} INFO - Filling up the DagBag from /home/airflow/.local/lib/python3.7/site-packages/airflow/example_dags/tutorial_taskflow_api.py
[2023-03-12T23:30:38.043+0000] {processor.py:753} INFO - DAG(s) dict_keys(['tutorial_taskflow_api']) retrieved from /home/airflow/.local/lib/python3.7/site-packages/airflow/example_dags/tutorial_taskflow_api.py
[2023-03-12T23:30:38.098+0000] {logging_mixin.py:137} INFO - [2023-03-12T23:30:38.097+0000] {dag.py:2690} INFO - Sync 1 DAGs
[2023-03-12T23:30:38.144+0000] {logging_mixin.py:137} INFO - [2023-03-12T23:30:38.144+0000] {dag.py:3441} INFO - Setting next_dagrun for tutorial_taskflow_api to None, run_after=None
[2023-03-12T23:30:38.177+0000] {processor.py:175} INFO - Processing /home/airflow/.local/lib/python3.7/site-packages/airflow/example_dags/tutorial_taskflow_api.py took 0.178 seconds
[2023-03-12T23:31:09.800+0000] {processor.py:153} INFO - Started process (PID=1754) to work on /home/airflow/.local/lib/python3.7/site-packages/airflow/example_dags/tutorial_taskflow_api.py
[2023-03-12T23:31:09.815+0000] {processor.py:743} INFO - Processing file /home/airflow/.local/lib/python3.7/site-packages/airflow/example_dags/tutorial_taskflow_api.py for tasks to queue
[2023-03-12T23:31:09.834+0000] {logging_mixin.py:137} INFO - [2023-03-12T23:31:09.833+0000] {dagbag.py:538} INFO - Filling up the DagBag from /home/airflow/.local/lib/python3.7/site-packages/airflow/example_dags/tutorial_taskflow_api.py
[2023-03-12T23:31:09.921+0000] {processor.py:753} INFO - DAG(s) dict_keys(['tutorial_taskflow_api']) retrieved from /home/airflow/.local/lib/python3.7/site-packages/airflow/example_dags/tutorial_taskflow_api.py
[2023-03-12T23:31:10.083+0000] {logging_mixin.py:137} INFO - [2023-03-12T23:31:10.082+0000] {dag.py:2690} INFO - Sync 1 DAGs
[2023-03-12T23:31:10.211+0000] {logging_mixin.py:137} INFO - [2023-03-12T23:31:10.211+0000] {dag.py:3441} INFO - Setting next_dagrun for tutorial_taskflow_api to None, run_after=None
[2023-03-12T23:31:10.339+0000] {processor.py:175} INFO - Processing /home/airflow/.local/lib/python3.7/site-packages/airflow/example_dags/tutorial_taskflow_api.py took 0.547 seconds
[2023-03-12T23:31:41.316+0000] {processor.py:153} INFO - Started process (PID=1821) to work on /home/airflow/.local/lib/python3.7/site-packages/airflow/example_dags/tutorial_taskflow_api.py
[2023-03-12T23:31:41.320+0000] {processor.py:743} INFO - Processing file /home/airflow/.local/lib/python3.7/site-packages/airflow/example_dags/tutorial_taskflow_api.py for tasks to queue
[2023-03-12T23:31:41.322+0000] {logging_mixin.py:137} INFO - [2023-03-12T23:31:41.322+0000] {dagbag.py:538} INFO - Filling up the DagBag from /home/airflow/.local/lib/python3.7/site-packages/airflow/example_dags/tutorial_taskflow_api.py
[2023-03-12T23:31:41.415+0000] {processor.py:753} INFO - DAG(s) dict_keys(['tutorial_taskflow_api']) retrieved from /home/airflow/.local/lib/python3.7/site-packages/airflow/example_dags/tutorial_taskflow_api.py
[2023-03-12T23:31:41.547+0000] {logging_mixin.py:137} INFO - [2023-03-12T23:31:41.536+0000] {dag.py:2690} INFO - Sync 1 DAGs
[2023-03-12T23:31:41.727+0000] {logging_mixin.py:137} INFO - [2023-03-12T23:31:41.726+0000] {dag.py:3441} INFO - Setting next_dagrun for tutorial_taskflow_api to None, run_after=None
[2023-03-12T23:31:41.863+0000] {processor.py:175} INFO - Processing /home/airflow/.local/lib/python3.7/site-packages/airflow/example_dags/tutorial_taskflow_api.py took 0.559 seconds
[2023-03-12T23:32:12.446+0000] {processor.py:153} INFO - Started process (PID=1891) to work on /home/airflow/.local/lib/python3.7/site-packages/airflow/example_dags/tutorial_taskflow_api.py
[2023-03-12T23:32:12.545+0000] {processor.py:743} INFO - Processing file /home/airflow/.local/lib/python3.7/site-packages/airflow/example_dags/tutorial_taskflow_api.py for tasks to queue
[2023-03-12T23:32:12.578+0000] {logging_mixin.py:137} INFO - [2023-03-12T23:32:12.577+0000] {dagbag.py:538} INFO - Filling up the DagBag from /home/airflow/.local/lib/python3.7/site-packages/airflow/example_dags/tutorial_taskflow_api.py
[2023-03-12T23:32:12.693+0000] {processor.py:753} INFO - DAG(s) dict_keys(['tutorial_taskflow_api']) retrieved from /home/airflow/.local/lib/python3.7/site-packages/airflow/example_dags/tutorial_taskflow_api.py
[2023-03-12T23:32:12.762+0000] {logging_mixin.py:137} INFO - [2023-03-12T23:32:12.761+0000] {dag.py:2690} INFO - Sync 1 DAGs
[2023-03-12T23:32:12.822+0000] {logging_mixin.py:137} INFO - [2023-03-12T23:32:12.822+0000] {dag.py:3441} INFO - Setting next_dagrun for tutorial_taskflow_api to None, run_after=None
[2023-03-12T23:32:12.880+0000] {processor.py:175} INFO - Processing /home/airflow/.local/lib/python3.7/site-packages/airflow/example_dags/tutorial_taskflow_api.py took 0.442 seconds
[2023-03-12T23:32:45.726+0000] {processor.py:153} INFO - Started process (PID=1960) to work on /home/airflow/.local/lib/python3.7/site-packages/airflow/example_dags/tutorial_taskflow_api.py
[2023-03-12T23:32:45.743+0000] {processor.py:743} INFO - Processing file /home/airflow/.local/lib/python3.7/site-packages/airflow/example_dags/tutorial_taskflow_api.py for tasks to queue
[2023-03-12T23:32:45.755+0000] {logging_mixin.py:137} INFO - [2023-03-12T23:32:45.754+0000] {dagbag.py:538} INFO - Filling up the DagBag from /home/airflow/.local/lib/python3.7/site-packages/airflow/example_dags/tutorial_taskflow_api.py
[2023-03-12T23:32:45.891+0000] {processor.py:753} INFO - DAG(s) dict_keys(['tutorial_taskflow_api']) retrieved from /home/airflow/.local/lib/python3.7/site-packages/airflow/example_dags/tutorial_taskflow_api.py
[2023-03-12T23:32:46.118+0000] {logging_mixin.py:137} INFO - [2023-03-12T23:32:46.118+0000] {dag.py:2690} INFO - Sync 1 DAGs
[2023-03-12T23:32:46.284+0000] {logging_mixin.py:137} INFO - [2023-03-12T23:32:46.275+0000] {dag.py:3441} INFO - Setting next_dagrun for tutorial_taskflow_api to None, run_after=None
[2023-03-12T23:32:46.409+0000] {processor.py:175} INFO - Processing /home/airflow/.local/lib/python3.7/site-packages/airflow/example_dags/tutorial_taskflow_api.py took 0.700 seconds
[2023-03-12T23:33:17.327+0000] {processor.py:153} INFO - Started process (PID=2024) to work on /home/airflow/.local/lib/python3.7/site-packages/airflow/example_dags/tutorial_taskflow_api.py
[2023-03-12T23:33:17.329+0000] {processor.py:743} INFO - Processing file /home/airflow/.local/lib/python3.7/site-packages/airflow/example_dags/tutorial_taskflow_api.py for tasks to queue
[2023-03-12T23:33:17.331+0000] {logging_mixin.py:137} INFO - [2023-03-12T23:33:17.331+0000] {dagbag.py:538} INFO - Filling up the DagBag from /home/airflow/.local/lib/python3.7/site-packages/airflow/example_dags/tutorial_taskflow_api.py
[2023-03-12T23:33:17.399+0000] {processor.py:753} INFO - DAG(s) dict_keys(['tutorial_taskflow_api']) retrieved from /home/airflow/.local/lib/python3.7/site-packages/airflow/example_dags/tutorial_taskflow_api.py
[2023-03-12T23:33:17.447+0000] {logging_mixin.py:137} INFO - [2023-03-12T23:33:17.446+0000] {dag.py:2690} INFO - Sync 1 DAGs
[2023-03-12T23:33:17.541+0000] {logging_mixin.py:137} INFO - [2023-03-12T23:33:17.541+0000] {dag.py:3441} INFO - Setting next_dagrun for tutorial_taskflow_api to None, run_after=None
[2023-03-12T23:33:17.600+0000] {processor.py:175} INFO - Processing /home/airflow/.local/lib/python3.7/site-packages/airflow/example_dags/tutorial_taskflow_api.py took 0.279 seconds
[2023-03-12T23:33:48.144+0000] {processor.py:153} INFO - Started process (PID=2097) to work on /home/airflow/.local/lib/python3.7/site-packages/airflow/example_dags/tutorial_taskflow_api.py
[2023-03-12T23:33:48.146+0000] {processor.py:743} INFO - Processing file /home/airflow/.local/lib/python3.7/site-packages/airflow/example_dags/tutorial_taskflow_api.py for tasks to queue
[2023-03-12T23:33:48.147+0000] {logging_mixin.py:137} INFO - [2023-03-12T23:33:48.147+0000] {dagbag.py:538} INFO - Filling up the DagBag from /home/airflow/.local/lib/python3.7/site-packages/airflow/example_dags/tutorial_taskflow_api.py
[2023-03-12T23:33:48.179+0000] {processor.py:753} INFO - DAG(s) dict_keys(['tutorial_taskflow_api']) retrieved from /home/airflow/.local/lib/python3.7/site-packages/airflow/example_dags/tutorial_taskflow_api.py
[2023-03-12T23:33:48.214+0000] {logging_mixin.py:137} INFO - [2023-03-12T23:33:48.214+0000] {dag.py:2690} INFO - Sync 1 DAGs
[2023-03-12T23:33:48.252+0000] {logging_mixin.py:137} INFO - [2023-03-12T23:33:48.252+0000] {dag.py:3441} INFO - Setting next_dagrun for tutorial_taskflow_api to None, run_after=None
[2023-03-12T23:33:48.283+0000] {processor.py:175} INFO - Processing /home/airflow/.local/lib/python3.7/site-packages/airflow/example_dags/tutorial_taskflow_api.py took 0.142 seconds
[2023-03-12T23:34:18.955+0000] {processor.py:153} INFO - Started process (PID=2171) to work on /home/airflow/.local/lib/python3.7/site-packages/airflow/example_dags/tutorial_taskflow_api.py
[2023-03-12T23:34:18.958+0000] {processor.py:743} INFO - Processing file /home/airflow/.local/lib/python3.7/site-packages/airflow/example_dags/tutorial_taskflow_api.py for tasks to queue
[2023-03-12T23:34:18.960+0000] {logging_mixin.py:137} INFO - [2023-03-12T23:34:18.959+0000] {dagbag.py:538} INFO - Filling up the DagBag from /home/airflow/.local/lib/python3.7/site-packages/airflow/example_dags/tutorial_taskflow_api.py
[2023-03-12T23:34:19.001+0000] {processor.py:753} INFO - DAG(s) dict_keys(['tutorial_taskflow_api']) retrieved from /home/airflow/.local/lib/python3.7/site-packages/airflow/example_dags/tutorial_taskflow_api.py
[2023-03-12T23:34:19.478+0000] {logging_mixin.py:137} INFO - [2023-03-12T23:34:19.477+0000] {dag.py:2690} INFO - Sync 1 DAGs
[2023-03-12T23:34:19.526+0000] {logging_mixin.py:137} INFO - [2023-03-12T23:34:19.526+0000] {dag.py:3441} INFO - Setting next_dagrun for tutorial_taskflow_api to None, run_after=None
[2023-03-12T23:34:19.568+0000] {processor.py:175} INFO - Processing /home/airflow/.local/lib/python3.7/site-packages/airflow/example_dags/tutorial_taskflow_api.py took 0.619 seconds
[2023-03-12T23:34:49.853+0000] {processor.py:153} INFO - Started process (PID=2248) to work on /home/airflow/.local/lib/python3.7/site-packages/airflow/example_dags/tutorial_taskflow_api.py
[2023-03-12T23:34:49.866+0000] {processor.py:743} INFO - Processing file /home/airflow/.local/lib/python3.7/site-packages/airflow/example_dags/tutorial_taskflow_api.py for tasks to queue
[2023-03-12T23:34:49.868+0000] {logging_mixin.py:137} INFO - [2023-03-12T23:34:49.868+0000] {dagbag.py:538} INFO - Filling up the DagBag from /home/airflow/.local/lib/python3.7/site-packages/airflow/example_dags/tutorial_taskflow_api.py
[2023-03-12T23:34:49.998+0000] {processor.py:753} INFO - DAG(s) dict_keys(['tutorial_taskflow_api']) retrieved from /home/airflow/.local/lib/python3.7/site-packages/airflow/example_dags/tutorial_taskflow_api.py
[2023-03-12T23:34:50.149+0000] {logging_mixin.py:137} INFO - [2023-03-12T23:34:50.148+0000] {dag.py:2690} INFO - Sync 1 DAGs
[2023-03-12T23:34:50.354+0000] {logging_mixin.py:137} INFO - [2023-03-12T23:34:50.354+0000] {dag.py:3441} INFO - Setting next_dagrun for tutorial_taskflow_api to None, run_after=None
[2023-03-12T23:34:50.444+0000] {processor.py:175} INFO - Processing /home/airflow/.local/lib/python3.7/site-packages/airflow/example_dags/tutorial_taskflow_api.py took 0.598 seconds
[2023-03-12T23:35:21.417+0000] {processor.py:153} INFO - Started process (PID=2324) to work on /home/airflow/.local/lib/python3.7/site-packages/airflow/example_dags/tutorial_taskflow_api.py
[2023-03-12T23:35:21.430+0000] {processor.py:743} INFO - Processing file /home/airflow/.local/lib/python3.7/site-packages/airflow/example_dags/tutorial_taskflow_api.py for tasks to queue
[2023-03-12T23:35:21.432+0000] {logging_mixin.py:137} INFO - [2023-03-12T23:35:21.432+0000] {dagbag.py:538} INFO - Filling up the DagBag from /home/airflow/.local/lib/python3.7/site-packages/airflow/example_dags/tutorial_taskflow_api.py
[2023-03-12T23:35:21.533+0000] {processor.py:753} INFO - DAG(s) dict_keys(['tutorial_taskflow_api']) retrieved from /home/airflow/.local/lib/python3.7/site-packages/airflow/example_dags/tutorial_taskflow_api.py
[2023-03-12T23:35:21.624+0000] {logging_mixin.py:137} INFO - [2023-03-12T23:35:21.623+0000] {dag.py:2690} INFO - Sync 1 DAGs
[2023-03-12T23:35:21.825+0000] {logging_mixin.py:137} INFO - [2023-03-12T23:35:21.824+0000] {dag.py:3441} INFO - Setting next_dagrun for tutorial_taskflow_api to None, run_after=None
[2023-03-12T23:35:21.952+0000] {processor.py:175} INFO - Processing /home/airflow/.local/lib/python3.7/site-packages/airflow/example_dags/tutorial_taskflow_api.py took 0.542 seconds
[2023-03-12T23:35:52.642+0000] {processor.py:153} INFO - Started process (PID=2383) to work on /home/airflow/.local/lib/python3.7/site-packages/airflow/example_dags/tutorial_taskflow_api.py
[2023-03-12T23:35:52.644+0000] {processor.py:743} INFO - Processing file /home/airflow/.local/lib/python3.7/site-packages/airflow/example_dags/tutorial_taskflow_api.py for tasks to queue
[2023-03-12T23:35:52.646+0000] {logging_mixin.py:137} INFO - [2023-03-12T23:35:52.646+0000] {dagbag.py:538} INFO - Filling up the DagBag from /home/airflow/.local/lib/python3.7/site-packages/airflow/example_dags/tutorial_taskflow_api.py
[2023-03-12T23:35:52.707+0000] {processor.py:753} INFO - DAG(s) dict_keys(['tutorial_taskflow_api']) retrieved from /home/airflow/.local/lib/python3.7/site-packages/airflow/example_dags/tutorial_taskflow_api.py
[2023-03-12T23:35:52.795+0000] {logging_mixin.py:137} INFO - [2023-03-12T23:35:52.794+0000] {dag.py:2690} INFO - Sync 1 DAGs
[2023-03-12T23:35:52.879+0000] {logging_mixin.py:137} INFO - [2023-03-12T23:35:52.879+0000] {dag.py:3441} INFO - Setting next_dagrun for tutorial_taskflow_api to None, run_after=None
[2023-03-12T23:35:52.966+0000] {processor.py:175} INFO - Processing /home/airflow/.local/lib/python3.7/site-packages/airflow/example_dags/tutorial_taskflow_api.py took 0.331 seconds
[2023-03-12T23:36:23.601+0000] {processor.py:153} INFO - Started process (PID=2456) to work on /home/airflow/.local/lib/python3.7/site-packages/airflow/example_dags/tutorial_taskflow_api.py
[2023-03-12T23:36:23.603+0000] {processor.py:743} INFO - Processing file /home/airflow/.local/lib/python3.7/site-packages/airflow/example_dags/tutorial_taskflow_api.py for tasks to queue
[2023-03-12T23:36:23.605+0000] {logging_mixin.py:137} INFO - [2023-03-12T23:36:23.604+0000] {dagbag.py:538} INFO - Filling up the DagBag from /home/airflow/.local/lib/python3.7/site-packages/airflow/example_dags/tutorial_taskflow_api.py
[2023-03-12T23:36:23.650+0000] {processor.py:753} INFO - DAG(s) dict_keys(['tutorial_taskflow_api']) retrieved from /home/airflow/.local/lib/python3.7/site-packages/airflow/example_dags/tutorial_taskflow_api.py
[2023-03-12T23:36:23.701+0000] {logging_mixin.py:137} INFO - [2023-03-12T23:36:23.701+0000] {dag.py:2690} INFO - Sync 1 DAGs
[2023-03-12T23:36:23.757+0000] {logging_mixin.py:137} INFO - [2023-03-12T23:36:23.756+0000] {dag.py:3441} INFO - Setting next_dagrun for tutorial_taskflow_api to None, run_after=None
[2023-03-12T23:36:23.795+0000] {processor.py:175} INFO - Processing /home/airflow/.local/lib/python3.7/site-packages/airflow/example_dags/tutorial_taskflow_api.py took 0.202 seconds
[2023-03-12T23:36:54.647+0000] {processor.py:153} INFO - Started process (PID=2531) to work on /home/airflow/.local/lib/python3.7/site-packages/airflow/example_dags/tutorial_taskflow_api.py
[2023-03-12T23:36:54.650+0000] {processor.py:743} INFO - Processing file /home/airflow/.local/lib/python3.7/site-packages/airflow/example_dags/tutorial_taskflow_api.py for tasks to queue
[2023-03-12T23:36:54.656+0000] {logging_mixin.py:137} INFO - [2023-03-12T23:36:54.654+0000] {dagbag.py:538} INFO - Filling up the DagBag from /home/airflow/.local/lib/python3.7/site-packages/airflow/example_dags/tutorial_taskflow_api.py
[2023-03-12T23:36:54.729+0000] {processor.py:753} INFO - DAG(s) dict_keys(['tutorial_taskflow_api']) retrieved from /home/airflow/.local/lib/python3.7/site-packages/airflow/example_dags/tutorial_taskflow_api.py
[2023-03-12T23:36:54.783+0000] {logging_mixin.py:137} INFO - [2023-03-12T23:36:54.783+0000] {dag.py:2690} INFO - Sync 1 DAGs
[2023-03-12T23:36:54.828+0000] {logging_mixin.py:137} INFO - [2023-03-12T23:36:54.827+0000] {dag.py:3441} INFO - Setting next_dagrun for tutorial_taskflow_api to None, run_after=None
[2023-03-12T23:36:54.876+0000] {processor.py:175} INFO - Processing /home/airflow/.local/lib/python3.7/site-packages/airflow/example_dags/tutorial_taskflow_api.py took 0.235 seconds
[2023-03-12T23:37:25.550+0000] {processor.py:153} INFO - Started process (PID=2597) to work on /home/airflow/.local/lib/python3.7/site-packages/airflow/example_dags/tutorial_taskflow_api.py
[2023-03-12T23:37:25.553+0000] {processor.py:743} INFO - Processing file /home/airflow/.local/lib/python3.7/site-packages/airflow/example_dags/tutorial_taskflow_api.py for tasks to queue
[2023-03-12T23:37:25.555+0000] {logging_mixin.py:137} INFO - [2023-03-12T23:37:25.554+0000] {dagbag.py:538} INFO - Filling up the DagBag from /home/airflow/.local/lib/python3.7/site-packages/airflow/example_dags/tutorial_taskflow_api.py
[2023-03-12T23:37:25.659+0000] {processor.py:753} INFO - DAG(s) dict_keys(['tutorial_taskflow_api']) retrieved from /home/airflow/.local/lib/python3.7/site-packages/airflow/example_dags/tutorial_taskflow_api.py
[2023-03-12T23:37:25.779+0000] {logging_mixin.py:137} INFO - [2023-03-12T23:37:25.779+0000] {dag.py:2690} INFO - Sync 1 DAGs
[2023-03-12T23:37:25.938+0000] {logging_mixin.py:137} INFO - [2023-03-12T23:37:25.938+0000] {dag.py:3441} INFO - Setting next_dagrun for tutorial_taskflow_api to None, run_after=None
[2023-03-12T23:37:26.046+0000] {processor.py:175} INFO - Processing /home/airflow/.local/lib/python3.7/site-packages/airflow/example_dags/tutorial_taskflow_api.py took 0.512 seconds
[2023-03-12T23:37:56.793+0000] {processor.py:153} INFO - Started process (PID=2666) to work on /home/airflow/.local/lib/python3.7/site-packages/airflow/example_dags/tutorial_taskflow_api.py
[2023-03-12T23:37:56.796+0000] {processor.py:743} INFO - Processing file /home/airflow/.local/lib/python3.7/site-packages/airflow/example_dags/tutorial_taskflow_api.py for tasks to queue
[2023-03-12T23:37:56.798+0000] {logging_mixin.py:137} INFO - [2023-03-12T23:37:56.798+0000] {dagbag.py:538} INFO - Filling up the DagBag from /home/airflow/.local/lib/python3.7/site-packages/airflow/example_dags/tutorial_taskflow_api.py
[2023-03-12T23:37:56.889+0000] {processor.py:753} INFO - DAG(s) dict_keys(['tutorial_taskflow_api']) retrieved from /home/airflow/.local/lib/python3.7/site-packages/airflow/example_dags/tutorial_taskflow_api.py
[2023-03-12T23:37:57.013+0000] {logging_mixin.py:137} INFO - [2023-03-12T23:37:57.012+0000] {dag.py:2690} INFO - Sync 1 DAGs
[2023-03-12T23:37:57.167+0000] {logging_mixin.py:137} INFO - [2023-03-12T23:37:57.166+0000] {dag.py:3441} INFO - Setting next_dagrun for tutorial_taskflow_api to None, run_after=None
[2023-03-12T23:37:57.290+0000] {processor.py:175} INFO - Processing /home/airflow/.local/lib/python3.7/site-packages/airflow/example_dags/tutorial_taskflow_api.py took 0.508 seconds
[2023-03-12T23:38:28.237+0000] {processor.py:153} INFO - Started process (PID=2743) to work on /home/airflow/.local/lib/python3.7/site-packages/airflow/example_dags/tutorial_taskflow_api.py
[2023-03-12T23:38:28.239+0000] {processor.py:743} INFO - Processing file /home/airflow/.local/lib/python3.7/site-packages/airflow/example_dags/tutorial_taskflow_api.py for tasks to queue
[2023-03-12T23:38:28.240+0000] {logging_mixin.py:137} INFO - [2023-03-12T23:38:28.240+0000] {dagbag.py:538} INFO - Filling up the DagBag from /home/airflow/.local/lib/python3.7/site-packages/airflow/example_dags/tutorial_taskflow_api.py
[2023-03-12T23:38:28.303+0000] {processor.py:753} INFO - DAG(s) dict_keys(['tutorial_taskflow_api']) retrieved from /home/airflow/.local/lib/python3.7/site-packages/airflow/example_dags/tutorial_taskflow_api.py
[2023-03-12T23:38:28.599+0000] {logging_mixin.py:137} INFO - [2023-03-12T23:38:28.598+0000] {dag.py:2690} INFO - Sync 1 DAGs
[2023-03-12T23:38:28.766+0000] {logging_mixin.py:137} INFO - [2023-03-12T23:38:28.766+0000] {dag.py:3441} INFO - Setting next_dagrun for tutorial_taskflow_api to None, run_after=None
[2023-03-12T23:38:28.862+0000] {processor.py:175} INFO - Processing /home/airflow/.local/lib/python3.7/site-packages/airflow/example_dags/tutorial_taskflow_api.py took 0.632 seconds
[2023-03-12T23:38:59.619+0000] {processor.py:153} INFO - Started process (PID=2816) to work on /home/airflow/.local/lib/python3.7/site-packages/airflow/example_dags/tutorial_taskflow_api.py
[2023-03-12T23:38:59.621+0000] {processor.py:743} INFO - Processing file /home/airflow/.local/lib/python3.7/site-packages/airflow/example_dags/tutorial_taskflow_api.py for tasks to queue
[2023-03-12T23:38:59.623+0000] {logging_mixin.py:137} INFO - [2023-03-12T23:38:59.623+0000] {dagbag.py:538} INFO - Filling up the DagBag from /home/airflow/.local/lib/python3.7/site-packages/airflow/example_dags/tutorial_taskflow_api.py
[2023-03-12T23:38:59.657+0000] {processor.py:753} INFO - DAG(s) dict_keys(['tutorial_taskflow_api']) retrieved from /home/airflow/.local/lib/python3.7/site-packages/airflow/example_dags/tutorial_taskflow_api.py
[2023-03-12T23:38:59.701+0000] {logging_mixin.py:137} INFO - [2023-03-12T23:38:59.701+0000] {dag.py:2690} INFO - Sync 1 DAGs
[2023-03-12T23:38:59.746+0000] {logging_mixin.py:137} INFO - [2023-03-12T23:38:59.746+0000] {dag.py:3441} INFO - Setting next_dagrun for tutorial_taskflow_api to None, run_after=None
[2023-03-12T23:38:59.782+0000] {processor.py:175} INFO - Processing /home/airflow/.local/lib/python3.7/site-packages/airflow/example_dags/tutorial_taskflow_api.py took 0.168 seconds
[2023-03-12T23:39:29.916+0000] {processor.py:153} INFO - Started process (PID=2890) to work on /home/airflow/.local/lib/python3.7/site-packages/airflow/example_dags/tutorial_taskflow_api.py
[2023-03-12T23:39:29.918+0000] {processor.py:743} INFO - Processing file /home/airflow/.local/lib/python3.7/site-packages/airflow/example_dags/tutorial_taskflow_api.py for tasks to queue
[2023-03-12T23:39:29.920+0000] {logging_mixin.py:137} INFO - [2023-03-12T23:39:29.920+0000] {dagbag.py:538} INFO - Filling up the DagBag from /home/airflow/.local/lib/python3.7/site-packages/airflow/example_dags/tutorial_taskflow_api.py
[2023-03-12T23:39:29.960+0000] {processor.py:753} INFO - DAG(s) dict_keys(['tutorial_taskflow_api']) retrieved from /home/airflow/.local/lib/python3.7/site-packages/airflow/example_dags/tutorial_taskflow_api.py
[2023-03-12T23:39:30.015+0000] {logging_mixin.py:137} INFO - [2023-03-12T23:39:30.014+0000] {dag.py:2690} INFO - Sync 1 DAGs
[2023-03-12T23:39:30.058+0000] {logging_mixin.py:137} INFO - [2023-03-12T23:39:30.058+0000] {dag.py:3441} INFO - Setting next_dagrun for tutorial_taskflow_api to None, run_after=None
[2023-03-12T23:39:30.091+0000] {processor.py:175} INFO - Processing /home/airflow/.local/lib/python3.7/site-packages/airflow/example_dags/tutorial_taskflow_api.py took 0.182 seconds
[2023-03-12T23:40:00.419+0000] {processor.py:153} INFO - Started process (PID=2959) to work on /home/airflow/.local/lib/python3.7/site-packages/airflow/example_dags/tutorial_taskflow_api.py
[2023-03-12T23:40:00.437+0000] {processor.py:743} INFO - Processing file /home/airflow/.local/lib/python3.7/site-packages/airflow/example_dags/tutorial_taskflow_api.py for tasks to queue
[2023-03-12T23:40:00.443+0000] {logging_mixin.py:137} INFO - [2023-03-12T23:40:00.443+0000] {dagbag.py:538} INFO - Filling up the DagBag from /home/airflow/.local/lib/python3.7/site-packages/airflow/example_dags/tutorial_taskflow_api.py
[2023-03-12T23:40:00.545+0000] {processor.py:753} INFO - DAG(s) dict_keys(['tutorial_taskflow_api']) retrieved from /home/airflow/.local/lib/python3.7/site-packages/airflow/example_dags/tutorial_taskflow_api.py
[2023-03-12T23:40:00.645+0000] {logging_mixin.py:137} INFO - [2023-03-12T23:40:00.644+0000] {dag.py:2690} INFO - Sync 1 DAGs
[2023-03-12T23:40:00.723+0000] {logging_mixin.py:137} INFO - [2023-03-12T23:40:00.722+0000] {dag.py:3441} INFO - Setting next_dagrun for tutorial_taskflow_api to None, run_after=None
[2023-03-12T23:40:00.822+0000] {processor.py:175} INFO - Processing /home/airflow/.local/lib/python3.7/site-packages/airflow/example_dags/tutorial_taskflow_api.py took 0.410 seconds
[2023-03-12T23:40:31.942+0000] {processor.py:153} INFO - Started process (PID=3039) to work on /home/airflow/.local/lib/python3.7/site-packages/airflow/example_dags/tutorial_taskflow_api.py
[2023-03-12T23:40:31.956+0000] {processor.py:743} INFO - Processing file /home/airflow/.local/lib/python3.7/site-packages/airflow/example_dags/tutorial_taskflow_api.py for tasks to queue
[2023-03-12T23:40:31.978+0000] {logging_mixin.py:137} INFO - [2023-03-12T23:40:31.977+0000] {dagbag.py:538} INFO - Filling up the DagBag from /home/airflow/.local/lib/python3.7/site-packages/airflow/example_dags/tutorial_taskflow_api.py
[2023-03-12T23:40:32.103+0000] {processor.py:753} INFO - DAG(s) dict_keys(['tutorial_taskflow_api']) retrieved from /home/airflow/.local/lib/python3.7/site-packages/airflow/example_dags/tutorial_taskflow_api.py
[2023-03-12T23:40:32.307+0000] {logging_mixin.py:137} INFO - [2023-03-12T23:40:32.306+0000] {dag.py:2690} INFO - Sync 1 DAGs
[2023-03-12T23:40:32.437+0000] {logging_mixin.py:137} INFO - [2023-03-12T23:40:32.437+0000] {dag.py:3441} INFO - Setting next_dagrun for tutorial_taskflow_api to None, run_after=None
[2023-03-12T23:40:32.586+0000] {processor.py:175} INFO - Processing /home/airflow/.local/lib/python3.7/site-packages/airflow/example_dags/tutorial_taskflow_api.py took 0.664 seconds
[2023-03-12T23:41:03.180+0000] {processor.py:153} INFO - Started process (PID=3109) to work on /home/airflow/.local/lib/python3.7/site-packages/airflow/example_dags/tutorial_taskflow_api.py
[2023-03-12T23:41:03.204+0000] {processor.py:743} INFO - Processing file /home/airflow/.local/lib/python3.7/site-packages/airflow/example_dags/tutorial_taskflow_api.py for tasks to queue
[2023-03-12T23:41:03.220+0000] {logging_mixin.py:137} INFO - [2023-03-12T23:41:03.219+0000] {dagbag.py:538} INFO - Filling up the DagBag from /home/airflow/.local/lib/python3.7/site-packages/airflow/example_dags/tutorial_taskflow_api.py
[2023-03-12T23:41:03.416+0000] {processor.py:753} INFO - DAG(s) dict_keys(['tutorial_taskflow_api']) retrieved from /home/airflow/.local/lib/python3.7/site-packages/airflow/example_dags/tutorial_taskflow_api.py
[2023-03-12T23:41:03.623+0000] {logging_mixin.py:137} INFO - [2023-03-12T23:41:03.622+0000] {dag.py:2690} INFO - Sync 1 DAGs
[2023-03-12T23:41:03.835+0000] {logging_mixin.py:137} INFO - [2023-03-12T23:41:03.825+0000] {dag.py:3441} INFO - Setting next_dagrun for tutorial_taskflow_api to None, run_after=None
[2023-03-12T23:41:03.976+0000] {processor.py:175} INFO - Processing /home/airflow/.local/lib/python3.7/site-packages/airflow/example_dags/tutorial_taskflow_api.py took 0.803 seconds
[2023-03-12T23:41:34.163+0000] {processor.py:153} INFO - Started process (PID=3180) to work on /home/airflow/.local/lib/python3.7/site-packages/airflow/example_dags/tutorial_taskflow_api.py
[2023-03-12T23:41:34.166+0000] {processor.py:743} INFO - Processing file /home/airflow/.local/lib/python3.7/site-packages/airflow/example_dags/tutorial_taskflow_api.py for tasks to queue
[2023-03-12T23:41:34.168+0000] {logging_mixin.py:137} INFO - [2023-03-12T23:41:34.167+0000] {dagbag.py:538} INFO - Filling up the DagBag from /home/airflow/.local/lib/python3.7/site-packages/airflow/example_dags/tutorial_taskflow_api.py
[2023-03-12T23:41:34.221+0000] {processor.py:753} INFO - DAG(s) dict_keys(['tutorial_taskflow_api']) retrieved from /home/airflow/.local/lib/python3.7/site-packages/airflow/example_dags/tutorial_taskflow_api.py
[2023-03-12T23:41:34.288+0000] {logging_mixin.py:137} INFO - [2023-03-12T23:41:34.288+0000] {dag.py:2690} INFO - Sync 1 DAGs
[2023-03-12T23:41:34.350+0000] {logging_mixin.py:137} INFO - [2023-03-12T23:41:34.350+0000] {dag.py:3441} INFO - Setting next_dagrun for tutorial_taskflow_api to None, run_after=None
[2023-03-12T23:41:34.402+0000] {processor.py:175} INFO - Processing /home/airflow/.local/lib/python3.7/site-packages/airflow/example_dags/tutorial_taskflow_api.py took 0.247 seconds
[2023-03-12T23:42:05.438+0000] {processor.py:153} INFO - Started process (PID=3253) to work on /home/airflow/.local/lib/python3.7/site-packages/airflow/example_dags/tutorial_taskflow_api.py
[2023-03-12T23:42:05.441+0000] {processor.py:743} INFO - Processing file /home/airflow/.local/lib/python3.7/site-packages/airflow/example_dags/tutorial_taskflow_api.py for tasks to queue
[2023-03-12T23:42:05.442+0000] {logging_mixin.py:137} INFO - [2023-03-12T23:42:05.442+0000] {dagbag.py:538} INFO - Filling up the DagBag from /home/airflow/.local/lib/python3.7/site-packages/airflow/example_dags/tutorial_taskflow_api.py
[2023-03-12T23:42:05.495+0000] {processor.py:753} INFO - DAG(s) dict_keys(['tutorial_taskflow_api']) retrieved from /home/airflow/.local/lib/python3.7/site-packages/airflow/example_dags/tutorial_taskflow_api.py
[2023-03-12T23:42:05.539+0000] {logging_mixin.py:137} INFO - [2023-03-12T23:42:05.539+0000] {dag.py:2690} INFO - Sync 1 DAGs
[2023-03-12T23:42:05.587+0000] {logging_mixin.py:137} INFO - [2023-03-12T23:42:05.587+0000] {dag.py:3441} INFO - Setting next_dagrun for tutorial_taskflow_api to None, run_after=None
[2023-03-12T23:42:05.627+0000] {processor.py:175} INFO - Processing /home/airflow/.local/lib/python3.7/site-packages/airflow/example_dags/tutorial_taskflow_api.py took 0.193 seconds
[2023-03-12T23:42:35.944+0000] {processor.py:153} INFO - Started process (PID=3319) to work on /home/airflow/.local/lib/python3.7/site-packages/airflow/example_dags/tutorial_taskflow_api.py
[2023-03-12T23:42:35.949+0000] {processor.py:743} INFO - Processing file /home/airflow/.local/lib/python3.7/site-packages/airflow/example_dags/tutorial_taskflow_api.py for tasks to queue
[2023-03-12T23:42:35.985+0000] {logging_mixin.py:137} INFO - [2023-03-12T23:42:35.985+0000] {dagbag.py:538} INFO - Filling up the DagBag from /home/airflow/.local/lib/python3.7/site-packages/airflow/example_dags/tutorial_taskflow_api.py
[2023-03-12T23:42:36.089+0000] {processor.py:753} INFO - DAG(s) dict_keys(['tutorial_taskflow_api']) retrieved from /home/airflow/.local/lib/python3.7/site-packages/airflow/example_dags/tutorial_taskflow_api.py
[2023-03-12T23:42:36.339+0000] {logging_mixin.py:137} INFO - [2023-03-12T23:42:36.338+0000] {dag.py:2690} INFO - Sync 1 DAGs
[2023-03-12T23:42:36.407+0000] {logging_mixin.py:137} INFO - [2023-03-12T23:42:36.407+0000] {dag.py:3441} INFO - Setting next_dagrun for tutorial_taskflow_api to None, run_after=None
[2023-03-12T23:42:36.469+0000] {processor.py:175} INFO - Processing /home/airflow/.local/lib/python3.7/site-packages/airflow/example_dags/tutorial_taskflow_api.py took 0.534 seconds
[2023-03-12T23:43:07.325+0000] {processor.py:153} INFO - Started process (PID=3392) to work on /home/airflow/.local/lib/python3.7/site-packages/airflow/example_dags/tutorial_taskflow_api.py
[2023-03-12T23:43:07.329+0000] {processor.py:743} INFO - Processing file /home/airflow/.local/lib/python3.7/site-packages/airflow/example_dags/tutorial_taskflow_api.py for tasks to queue
[2023-03-12T23:43:07.331+0000] {logging_mixin.py:137} INFO - [2023-03-12T23:43:07.331+0000] {dagbag.py:538} INFO - Filling up the DagBag from /home/airflow/.local/lib/python3.7/site-packages/airflow/example_dags/tutorial_taskflow_api.py
[2023-03-12T23:43:07.446+0000] {processor.py:753} INFO - DAG(s) dict_keys(['tutorial_taskflow_api']) retrieved from /home/airflow/.local/lib/python3.7/site-packages/airflow/example_dags/tutorial_taskflow_api.py
[2023-03-12T23:43:07.583+0000] {logging_mixin.py:137} INFO - [2023-03-12T23:43:07.582+0000] {dag.py:2690} INFO - Sync 1 DAGs
[2023-03-12T23:43:07.749+0000] {logging_mixin.py:137} INFO - [2023-03-12T23:43:07.749+0000] {dag.py:3441} INFO - Setting next_dagrun for tutorial_taskflow_api to None, run_after=None
[2023-03-12T23:43:07.854+0000] {processor.py:175} INFO - Processing /home/airflow/.local/lib/python3.7/site-packages/airflow/example_dags/tutorial_taskflow_api.py took 0.546 seconds
[2023-03-12T23:43:38.689+0000] {processor.py:153} INFO - Started process (PID=3456) to work on /home/airflow/.local/lib/python3.7/site-packages/airflow/example_dags/tutorial_taskflow_api.py
[2023-03-12T23:43:38.696+0000] {processor.py:743} INFO - Processing file /home/airflow/.local/lib/python3.7/site-packages/airflow/example_dags/tutorial_taskflow_api.py for tasks to queue
[2023-03-12T23:43:38.704+0000] {logging_mixin.py:137} INFO - [2023-03-12T23:43:38.704+0000] {dagbag.py:538} INFO - Filling up the DagBag from /home/airflow/.local/lib/python3.7/site-packages/airflow/example_dags/tutorial_taskflow_api.py
[2023-03-12T23:43:38.837+0000] {processor.py:753} INFO - DAG(s) dict_keys(['tutorial_taskflow_api']) retrieved from /home/airflow/.local/lib/python3.7/site-packages/airflow/example_dags/tutorial_taskflow_api.py
[2023-03-12T23:43:39.121+0000] {logging_mixin.py:137} INFO - [2023-03-12T23:43:39.121+0000] {dag.py:2690} INFO - Sync 1 DAGs
[2023-03-12T23:43:39.320+0000] {logging_mixin.py:137} INFO - [2023-03-12T23:43:39.319+0000] {dag.py:3441} INFO - Setting next_dagrun for tutorial_taskflow_api to None, run_after=None
[2023-03-12T23:43:39.479+0000] {processor.py:175} INFO - Processing /home/airflow/.local/lib/python3.7/site-packages/airflow/example_dags/tutorial_taskflow_api.py took 0.797 seconds
[2023-03-12T23:44:10.017+0000] {processor.py:153} INFO - Started process (PID=3529) to work on /home/airflow/.local/lib/python3.7/site-packages/airflow/example_dags/tutorial_taskflow_api.py
[2023-03-12T23:44:10.019+0000] {processor.py:743} INFO - Processing file /home/airflow/.local/lib/python3.7/site-packages/airflow/example_dags/tutorial_taskflow_api.py for tasks to queue
[2023-03-12T23:44:10.021+0000] {logging_mixin.py:137} INFO - [2023-03-12T23:44:10.021+0000] {dagbag.py:538} INFO - Filling up the DagBag from /home/airflow/.local/lib/python3.7/site-packages/airflow/example_dags/tutorial_taskflow_api.py
[2023-03-12T23:44:10.065+0000] {processor.py:753} INFO - DAG(s) dict_keys(['tutorial_taskflow_api']) retrieved from /home/airflow/.local/lib/python3.7/site-packages/airflow/example_dags/tutorial_taskflow_api.py
[2023-03-12T23:44:10.120+0000] {logging_mixin.py:137} INFO - [2023-03-12T23:44:10.119+0000] {dag.py:2690} INFO - Sync 1 DAGs
[2023-03-12T23:44:10.165+0000] {logging_mixin.py:137} INFO - [2023-03-12T23:44:10.165+0000] {dag.py:3441} INFO - Setting next_dagrun for tutorial_taskflow_api to None, run_after=None
[2023-03-12T23:44:10.202+0000] {processor.py:175} INFO - Processing /home/airflow/.local/lib/python3.7/site-packages/airflow/example_dags/tutorial_taskflow_api.py took 0.192 seconds
[2023-03-12T23:44:41.036+0000] {processor.py:153} INFO - Started process (PID=3602) to work on /home/airflow/.local/lib/python3.7/site-packages/airflow/example_dags/tutorial_taskflow_api.py
[2023-03-12T23:44:41.038+0000] {processor.py:743} INFO - Processing file /home/airflow/.local/lib/python3.7/site-packages/airflow/example_dags/tutorial_taskflow_api.py for tasks to queue
[2023-03-12T23:44:41.040+0000] {logging_mixin.py:137} INFO - [2023-03-12T23:44:41.040+0000] {dagbag.py:538} INFO - Filling up the DagBag from /home/airflow/.local/lib/python3.7/site-packages/airflow/example_dags/tutorial_taskflow_api.py
[2023-03-12T23:44:41.083+0000] {processor.py:753} INFO - DAG(s) dict_keys(['tutorial_taskflow_api']) retrieved from /home/airflow/.local/lib/python3.7/site-packages/airflow/example_dags/tutorial_taskflow_api.py
[2023-03-12T23:44:41.156+0000] {logging_mixin.py:137} INFO - [2023-03-12T23:44:41.156+0000] {dag.py:2690} INFO - Sync 1 DAGs
[2023-03-12T23:44:41.248+0000] {logging_mixin.py:137} INFO - [2023-03-12T23:44:41.248+0000] {dag.py:3441} INFO - Setting next_dagrun for tutorial_taskflow_api to None, run_after=None
[2023-03-12T23:44:41.333+0000] {processor.py:175} INFO - Processing /home/airflow/.local/lib/python3.7/site-packages/airflow/example_dags/tutorial_taskflow_api.py took 0.303 seconds
[2023-03-12T23:45:11.999+0000] {processor.py:153} INFO - Started process (PID=3668) to work on /home/airflow/.local/lib/python3.7/site-packages/airflow/example_dags/tutorial_taskflow_api.py
[2023-03-12T23:45:12.011+0000] {processor.py:743} INFO - Processing file /home/airflow/.local/lib/python3.7/site-packages/airflow/example_dags/tutorial_taskflow_api.py for tasks to queue
[2023-03-12T23:45:12.014+0000] {logging_mixin.py:137} INFO - [2023-03-12T23:45:12.013+0000] {dagbag.py:538} INFO - Filling up the DagBag from /home/airflow/.local/lib/python3.7/site-packages/airflow/example_dags/tutorial_taskflow_api.py
[2023-03-12T23:45:12.118+0000] {processor.py:753} INFO - DAG(s) dict_keys(['tutorial_taskflow_api']) retrieved from /home/airflow/.local/lib/python3.7/site-packages/airflow/example_dags/tutorial_taskflow_api.py
[2023-03-12T23:45:12.234+0000] {logging_mixin.py:137} INFO - [2023-03-12T23:45:12.233+0000] {dag.py:2690} INFO - Sync 1 DAGs
[2023-03-12T23:45:12.340+0000] {logging_mixin.py:137} INFO - [2023-03-12T23:45:12.340+0000] {dag.py:3441} INFO - Setting next_dagrun for tutorial_taskflow_api to None, run_after=None
[2023-03-12T23:45:12.461+0000] {processor.py:175} INFO - Processing /home/airflow/.local/lib/python3.7/site-packages/airflow/example_dags/tutorial_taskflow_api.py took 0.468 seconds
[2023-03-12T23:45:43.037+0000] {processor.py:153} INFO - Started process (PID=3732) to work on /home/airflow/.local/lib/python3.7/site-packages/airflow/example_dags/tutorial_taskflow_api.py
[2023-03-12T23:45:43.039+0000] {processor.py:743} INFO - Processing file /home/airflow/.local/lib/python3.7/site-packages/airflow/example_dags/tutorial_taskflow_api.py for tasks to queue
[2023-03-12T23:45:43.041+0000] {logging_mixin.py:137} INFO - [2023-03-12T23:45:43.041+0000] {dagbag.py:538} INFO - Filling up the DagBag from /home/airflow/.local/lib/python3.7/site-packages/airflow/example_dags/tutorial_taskflow_api.py
[2023-03-12T23:45:43.098+0000] {processor.py:753} INFO - DAG(s) dict_keys(['tutorial_taskflow_api']) retrieved from /home/airflow/.local/lib/python3.7/site-packages/airflow/example_dags/tutorial_taskflow_api.py
[2023-03-12T23:45:43.196+0000] {logging_mixin.py:137} INFO - [2023-03-12T23:45:43.196+0000] {dag.py:2690} INFO - Sync 1 DAGs
[2023-03-12T23:45:43.255+0000] {logging_mixin.py:137} INFO - [2023-03-12T23:45:43.255+0000] {dag.py:3441} INFO - Setting next_dagrun for tutorial_taskflow_api to None, run_after=None
[2023-03-12T23:45:43.333+0000] {processor.py:175} INFO - Processing /home/airflow/.local/lib/python3.7/site-packages/airflow/example_dags/tutorial_taskflow_api.py took 0.301 seconds
[2023-03-12T23:46:14.064+0000] {processor.py:153} INFO - Started process (PID=3805) to work on /home/airflow/.local/lib/python3.7/site-packages/airflow/example_dags/tutorial_taskflow_api.py
[2023-03-12T23:46:14.069+0000] {processor.py:743} INFO - Processing file /home/airflow/.local/lib/python3.7/site-packages/airflow/example_dags/tutorial_taskflow_api.py for tasks to queue
[2023-03-12T23:46:14.077+0000] {logging_mixin.py:137} INFO - [2023-03-12T23:46:14.071+0000] {dagbag.py:538} INFO - Filling up the DagBag from /home/airflow/.local/lib/python3.7/site-packages/airflow/example_dags/tutorial_taskflow_api.py
[2023-03-12T23:46:14.200+0000] {processor.py:753} INFO - DAG(s) dict_keys(['tutorial_taskflow_api']) retrieved from /home/airflow/.local/lib/python3.7/site-packages/airflow/example_dags/tutorial_taskflow_api.py
[2023-03-12T23:46:14.355+0000] {logging_mixin.py:137} INFO - [2023-03-12T23:46:14.355+0000] {dag.py:2690} INFO - Sync 1 DAGs
[2023-03-12T23:46:14.452+0000] {logging_mixin.py:137} INFO - [2023-03-12T23:46:14.451+0000] {dag.py:3441} INFO - Setting next_dagrun for tutorial_taskflow_api to None, run_after=None
[2023-03-12T23:46:14.513+0000] {processor.py:175} INFO - Processing /home/airflow/.local/lib/python3.7/site-packages/airflow/example_dags/tutorial_taskflow_api.py took 0.463 seconds
[2023-03-12T23:46:45.364+0000] {processor.py:153} INFO - Started process (PID=3878) to work on /home/airflow/.local/lib/python3.7/site-packages/airflow/example_dags/tutorial_taskflow_api.py
[2023-03-12T23:46:45.369+0000] {processor.py:743} INFO - Processing file /home/airflow/.local/lib/python3.7/site-packages/airflow/example_dags/tutorial_taskflow_api.py for tasks to queue
[2023-03-12T23:46:45.372+0000] {logging_mixin.py:137} INFO - [2023-03-12T23:46:45.371+0000] {dagbag.py:538} INFO - Filling up the DagBag from /home/airflow/.local/lib/python3.7/site-packages/airflow/example_dags/tutorial_taskflow_api.py
[2023-03-12T23:46:45.507+0000] {processor.py:753} INFO - DAG(s) dict_keys(['tutorial_taskflow_api']) retrieved from /home/airflow/.local/lib/python3.7/site-packages/airflow/example_dags/tutorial_taskflow_api.py
[2023-03-12T23:46:45.689+0000] {logging_mixin.py:137} INFO - [2023-03-12T23:46:45.688+0000] {dag.py:2690} INFO - Sync 1 DAGs
[2023-03-12T23:46:45.840+0000] {logging_mixin.py:137} INFO - [2023-03-12T23:46:45.840+0000] {dag.py:3441} INFO - Setting next_dagrun for tutorial_taskflow_api to None, run_after=None
[2023-03-12T23:46:45.965+0000] {processor.py:175} INFO - Processing /home/airflow/.local/lib/python3.7/site-packages/airflow/example_dags/tutorial_taskflow_api.py took 0.607 seconds
[2023-03-12T23:47:16.203+0000] {processor.py:153} INFO - Started process (PID=3950) to work on /home/airflow/.local/lib/python3.7/site-packages/airflow/example_dags/tutorial_taskflow_api.py
[2023-03-12T23:47:16.219+0000] {processor.py:743} INFO - Processing file /home/airflow/.local/lib/python3.7/site-packages/airflow/example_dags/tutorial_taskflow_api.py for tasks to queue
[2023-03-12T23:47:16.233+0000] {logging_mixin.py:137} INFO - [2023-03-12T23:47:16.232+0000] {dagbag.py:538} INFO - Filling up the DagBag from /home/airflow/.local/lib/python3.7/site-packages/airflow/example_dags/tutorial_taskflow_api.py
[2023-03-12T23:47:16.402+0000] {processor.py:753} INFO - DAG(s) dict_keys(['tutorial_taskflow_api']) retrieved from /home/airflow/.local/lib/python3.7/site-packages/airflow/example_dags/tutorial_taskflow_api.py
[2023-03-12T23:47:16.559+0000] {logging_mixin.py:137} INFO - [2023-03-12T23:47:16.559+0000] {dag.py:2690} INFO - Sync 1 DAGs
[2023-03-12T23:47:16.752+0000] {logging_mixin.py:137} INFO - [2023-03-12T23:47:16.752+0000] {dag.py:3441} INFO - Setting next_dagrun for tutorial_taskflow_api to None, run_after=None
[2023-03-12T23:47:16.845+0000] {processor.py:175} INFO - Processing /home/airflow/.local/lib/python3.7/site-packages/airflow/example_dags/tutorial_taskflow_api.py took 0.666 seconds
[2023-03-12T23:47:46.926+0000] {processor.py:153} INFO - Started process (PID=4007) to work on /home/airflow/.local/lib/python3.7/site-packages/airflow/example_dags/tutorial_taskflow_api.py
[2023-03-12T23:47:46.928+0000] {processor.py:743} INFO - Processing file /home/airflow/.local/lib/python3.7/site-packages/airflow/example_dags/tutorial_taskflow_api.py for tasks to queue
[2023-03-12T23:47:46.938+0000] {logging_mixin.py:137} INFO - [2023-03-12T23:47:46.929+0000] {dagbag.py:538} INFO - Filling up the DagBag from /home/airflow/.local/lib/python3.7/site-packages/airflow/example_dags/tutorial_taskflow_api.py
[2023-03-12T23:47:46.990+0000] {processor.py:753} INFO - DAG(s) dict_keys(['tutorial_taskflow_api']) retrieved from /home/airflow/.local/lib/python3.7/site-packages/airflow/example_dags/tutorial_taskflow_api.py
[2023-03-12T23:47:47.043+0000] {logging_mixin.py:137} INFO - [2023-03-12T23:47:47.043+0000] {dag.py:2690} INFO - Sync 1 DAGs
[2023-03-12T23:47:47.103+0000] {logging_mixin.py:137} INFO - [2023-03-12T23:47:47.103+0000] {dag.py:3441} INFO - Setting next_dagrun for tutorial_taskflow_api to None, run_after=None
[2023-03-12T23:47:47.171+0000] {processor.py:175} INFO - Processing /home/airflow/.local/lib/python3.7/site-packages/airflow/example_dags/tutorial_taskflow_api.py took 0.251 seconds
[2023-03-12T23:48:17.262+0000] {processor.py:153} INFO - Started process (PID=4087) to work on /home/airflow/.local/lib/python3.7/site-packages/airflow/example_dags/tutorial_taskflow_api.py
[2023-03-12T23:48:17.263+0000] {processor.py:743} INFO - Processing file /home/airflow/.local/lib/python3.7/site-packages/airflow/example_dags/tutorial_taskflow_api.py for tasks to queue
[2023-03-12T23:48:17.264+0000] {logging_mixin.py:137} INFO - [2023-03-12T23:48:17.264+0000] {dagbag.py:538} INFO - Filling up the DagBag from /home/airflow/.local/lib/python3.7/site-packages/airflow/example_dags/tutorial_taskflow_api.py
[2023-03-12T23:48:17.294+0000] {processor.py:753} INFO - DAG(s) dict_keys(['tutorial_taskflow_api']) retrieved from /home/airflow/.local/lib/python3.7/site-packages/airflow/example_dags/tutorial_taskflow_api.py
[2023-03-12T23:48:17.325+0000] {logging_mixin.py:137} INFO - [2023-03-12T23:48:17.325+0000] {dag.py:2690} INFO - Sync 1 DAGs
[2023-03-12T23:48:17.361+0000] {logging_mixin.py:137} INFO - [2023-03-12T23:48:17.361+0000] {dag.py:3441} INFO - Setting next_dagrun for tutorial_taskflow_api to None, run_after=None
[2023-03-12T23:48:17.388+0000] {processor.py:175} INFO - Processing /home/airflow/.local/lib/python3.7/site-packages/airflow/example_dags/tutorial_taskflow_api.py took 0.132 seconds
[2023-03-12T23:48:47.460+0000] {processor.py:153} INFO - Started process (PID=4169) to work on /home/airflow/.local/lib/python3.7/site-packages/airflow/example_dags/tutorial_taskflow_api.py
[2023-03-12T23:48:47.461+0000] {processor.py:743} INFO - Processing file /home/airflow/.local/lib/python3.7/site-packages/airflow/example_dags/tutorial_taskflow_api.py for tasks to queue
[2023-03-12T23:48:47.462+0000] {logging_mixin.py:137} INFO - [2023-03-12T23:48:47.462+0000] {dagbag.py:538} INFO - Filling up the DagBag from /home/airflow/.local/lib/python3.7/site-packages/airflow/example_dags/tutorial_taskflow_api.py
[2023-03-12T23:48:47.489+0000] {processor.py:753} INFO - DAG(s) dict_keys(['tutorial_taskflow_api']) retrieved from /home/airflow/.local/lib/python3.7/site-packages/airflow/example_dags/tutorial_taskflow_api.py
[2023-03-12T23:48:47.520+0000] {logging_mixin.py:137} INFO - [2023-03-12T23:48:47.520+0000] {dag.py:2690} INFO - Sync 1 DAGs
[2023-03-12T23:48:47.552+0000] {logging_mixin.py:137} INFO - [2023-03-12T23:48:47.551+0000] {dag.py:3441} INFO - Setting next_dagrun for tutorial_taskflow_api to None, run_after=None
[2023-03-12T23:48:47.574+0000] {processor.py:175} INFO - Processing /home/airflow/.local/lib/python3.7/site-packages/airflow/example_dags/tutorial_taskflow_api.py took 0.118 seconds
[2023-03-12T23:49:18.106+0000] {processor.py:153} INFO - Started process (PID=4241) to work on /home/airflow/.local/lib/python3.7/site-packages/airflow/example_dags/tutorial_taskflow_api.py
[2023-03-12T23:49:18.107+0000] {processor.py:743} INFO - Processing file /home/airflow/.local/lib/python3.7/site-packages/airflow/example_dags/tutorial_taskflow_api.py for tasks to queue
[2023-03-12T23:49:18.108+0000] {logging_mixin.py:137} INFO - [2023-03-12T23:49:18.108+0000] {dagbag.py:538} INFO - Filling up the DagBag from /home/airflow/.local/lib/python3.7/site-packages/airflow/example_dags/tutorial_taskflow_api.py
[2023-03-12T23:49:18.129+0000] {processor.py:753} INFO - DAG(s) dict_keys(['tutorial_taskflow_api']) retrieved from /home/airflow/.local/lib/python3.7/site-packages/airflow/example_dags/tutorial_taskflow_api.py
[2023-03-12T23:49:18.178+0000] {logging_mixin.py:137} INFO - [2023-03-12T23:49:18.178+0000] {dag.py:2690} INFO - Sync 1 DAGs
[2023-03-12T23:49:18.219+0000] {logging_mixin.py:137} INFO - [2023-03-12T23:49:18.218+0000] {dag.py:3441} INFO - Setting next_dagrun for tutorial_taskflow_api to None, run_after=None
[2023-03-12T23:49:18.255+0000] {processor.py:175} INFO - Processing /home/airflow/.local/lib/python3.7/site-packages/airflow/example_dags/tutorial_taskflow_api.py took 0.153 seconds
[2023-03-12T23:49:48.743+0000] {processor.py:153} INFO - Started process (PID=4314) to work on /home/airflow/.local/lib/python3.7/site-packages/airflow/example_dags/tutorial_taskflow_api.py
[2023-03-12T23:49:48.744+0000] {processor.py:743} INFO - Processing file /home/airflow/.local/lib/python3.7/site-packages/airflow/example_dags/tutorial_taskflow_api.py for tasks to queue
[2023-03-12T23:49:48.746+0000] {logging_mixin.py:137} INFO - [2023-03-12T23:49:48.745+0000] {dagbag.py:538} INFO - Filling up the DagBag from /home/airflow/.local/lib/python3.7/site-packages/airflow/example_dags/tutorial_taskflow_api.py
[2023-03-12T23:49:48.779+0000] {processor.py:753} INFO - DAG(s) dict_keys(['tutorial_taskflow_api']) retrieved from /home/airflow/.local/lib/python3.7/site-packages/airflow/example_dags/tutorial_taskflow_api.py
[2023-03-12T23:49:48.826+0000] {logging_mixin.py:137} INFO - [2023-03-12T23:49:48.826+0000] {dag.py:2690} INFO - Sync 1 DAGs
[2023-03-12T23:49:48.866+0000] {logging_mixin.py:137} INFO - [2023-03-12T23:49:48.866+0000] {dag.py:3441} INFO - Setting next_dagrun for tutorial_taskflow_api to None, run_after=None
[2023-03-12T23:49:48.910+0000] {processor.py:175} INFO - Processing /home/airflow/.local/lib/python3.7/site-packages/airflow/example_dags/tutorial_taskflow_api.py took 0.173 seconds
[2023-03-12T23:50:19.129+0000] {processor.py:153} INFO - Started process (PID=4386) to work on /home/airflow/.local/lib/python3.7/site-packages/airflow/example_dags/tutorial_taskflow_api.py
[2023-03-12T23:50:19.133+0000] {processor.py:743} INFO - Processing file /home/airflow/.local/lib/python3.7/site-packages/airflow/example_dags/tutorial_taskflow_api.py for tasks to queue
[2023-03-12T23:50:19.139+0000] {logging_mixin.py:137} INFO - [2023-03-12T23:50:19.138+0000] {dagbag.py:538} INFO - Filling up the DagBag from /home/airflow/.local/lib/python3.7/site-packages/airflow/example_dags/tutorial_taskflow_api.py
[2023-03-12T23:50:19.205+0000] {processor.py:753} INFO - DAG(s) dict_keys(['tutorial_taskflow_api']) retrieved from /home/airflow/.local/lib/python3.7/site-packages/airflow/example_dags/tutorial_taskflow_api.py
[2023-03-12T23:50:19.255+0000] {logging_mixin.py:137} INFO - [2023-03-12T23:50:19.255+0000] {dag.py:2690} INFO - Sync 1 DAGs
[2023-03-12T23:50:19.316+0000] {logging_mixin.py:137} INFO - [2023-03-12T23:50:19.315+0000] {dag.py:3441} INFO - Setting next_dagrun for tutorial_taskflow_api to None, run_after=None
[2023-03-12T23:50:19.364+0000] {processor.py:175} INFO - Processing /home/airflow/.local/lib/python3.7/site-packages/airflow/example_dags/tutorial_taskflow_api.py took 0.242 seconds
[2023-03-12T23:50:50.230+0000] {processor.py:153} INFO - Started process (PID=4459) to work on /home/airflow/.local/lib/python3.7/site-packages/airflow/example_dags/tutorial_taskflow_api.py
[2023-03-12T23:50:50.232+0000] {processor.py:743} INFO - Processing file /home/airflow/.local/lib/python3.7/site-packages/airflow/example_dags/tutorial_taskflow_api.py for tasks to queue
[2023-03-12T23:50:50.234+0000] {logging_mixin.py:137} INFO - [2023-03-12T23:50:50.233+0000] {dagbag.py:538} INFO - Filling up the DagBag from /home/airflow/.local/lib/python3.7/site-packages/airflow/example_dags/tutorial_taskflow_api.py
[2023-03-12T23:50:50.259+0000] {processor.py:753} INFO - DAG(s) dict_keys(['tutorial_taskflow_api']) retrieved from /home/airflow/.local/lib/python3.7/site-packages/airflow/example_dags/tutorial_taskflow_api.py
[2023-03-12T23:50:50.298+0000] {logging_mixin.py:137} INFO - [2023-03-12T23:50:50.297+0000] {dag.py:2690} INFO - Sync 1 DAGs
[2023-03-12T23:50:50.329+0000] {logging_mixin.py:137} INFO - [2023-03-12T23:50:50.328+0000] {dag.py:3441} INFO - Setting next_dagrun for tutorial_taskflow_api to None, run_after=None
[2023-03-12T23:50:50.355+0000] {processor.py:175} INFO - Processing /home/airflow/.local/lib/python3.7/site-packages/airflow/example_dags/tutorial_taskflow_api.py took 0.129 seconds
[2023-03-12T23:51:20.459+0000] {processor.py:153} INFO - Started process (PID=4532) to work on /home/airflow/.local/lib/python3.7/site-packages/airflow/example_dags/tutorial_taskflow_api.py
[2023-03-12T23:51:20.460+0000] {processor.py:743} INFO - Processing file /home/airflow/.local/lib/python3.7/site-packages/airflow/example_dags/tutorial_taskflow_api.py for tasks to queue
[2023-03-12T23:51:20.463+0000] {logging_mixin.py:137} INFO - [2023-03-12T23:51:20.462+0000] {dagbag.py:538} INFO - Filling up the DagBag from /home/airflow/.local/lib/python3.7/site-packages/airflow/example_dags/tutorial_taskflow_api.py
[2023-03-12T23:51:20.487+0000] {processor.py:753} INFO - DAG(s) dict_keys(['tutorial_taskflow_api']) retrieved from /home/airflow/.local/lib/python3.7/site-packages/airflow/example_dags/tutorial_taskflow_api.py
[2023-03-12T23:51:20.523+0000] {logging_mixin.py:137} INFO - [2023-03-12T23:51:20.523+0000] {dag.py:2690} INFO - Sync 1 DAGs
[2023-03-12T23:51:20.553+0000] {logging_mixin.py:137} INFO - [2023-03-12T23:51:20.553+0000] {dag.py:3441} INFO - Setting next_dagrun for tutorial_taskflow_api to None, run_after=None
[2023-03-12T23:51:20.584+0000] {processor.py:175} INFO - Processing /home/airflow/.local/lib/python3.7/site-packages/airflow/example_dags/tutorial_taskflow_api.py took 0.131 seconds
[2023-03-12T23:51:54.529+0000] {processor.py:153} INFO - Started process (PID=4605) to work on /home/airflow/.local/lib/python3.7/site-packages/airflow/example_dags/tutorial_taskflow_api.py
[2023-03-12T23:51:54.543+0000] {processor.py:743} INFO - Processing file /home/airflow/.local/lib/python3.7/site-packages/airflow/example_dags/tutorial_taskflow_api.py for tasks to queue
[2023-03-12T23:51:54.545+0000] {logging_mixin.py:137} INFO - [2023-03-12T23:51:54.545+0000] {dagbag.py:538} INFO - Filling up the DagBag from /home/airflow/.local/lib/python3.7/site-packages/airflow/example_dags/tutorial_taskflow_api.py
[2023-03-12T23:51:54.603+0000] {processor.py:753} INFO - DAG(s) dict_keys(['tutorial_taskflow_api']) retrieved from /home/airflow/.local/lib/python3.7/site-packages/airflow/example_dags/tutorial_taskflow_api.py
[2023-03-12T23:51:54.670+0000] {logging_mixin.py:137} INFO - [2023-03-12T23:51:54.670+0000] {dag.py:2690} INFO - Sync 1 DAGs
[2023-03-12T23:51:54.729+0000] {logging_mixin.py:137} INFO - [2023-03-12T23:51:54.729+0000] {dag.py:3441} INFO - Setting next_dagrun for tutorial_taskflow_api to None, run_after=None
[2023-03-12T23:51:54.767+0000] {processor.py:175} INFO - Processing /home/airflow/.local/lib/python3.7/site-packages/airflow/example_dags/tutorial_taskflow_api.py took 0.245 seconds
[2023-03-12T23:52:25.126+0000] {processor.py:153} INFO - Started process (PID=4678) to work on /home/airflow/.local/lib/python3.7/site-packages/airflow/example_dags/tutorial_taskflow_api.py
[2023-03-12T23:52:25.128+0000] {processor.py:743} INFO - Processing file /home/airflow/.local/lib/python3.7/site-packages/airflow/example_dags/tutorial_taskflow_api.py for tasks to queue
[2023-03-12T23:52:25.130+0000] {logging_mixin.py:137} INFO - [2023-03-12T23:52:25.129+0000] {dagbag.py:538} INFO - Filling up the DagBag from /home/airflow/.local/lib/python3.7/site-packages/airflow/example_dags/tutorial_taskflow_api.py
[2023-03-12T23:52:25.177+0000] {processor.py:753} INFO - DAG(s) dict_keys(['tutorial_taskflow_api']) retrieved from /home/airflow/.local/lib/python3.7/site-packages/airflow/example_dags/tutorial_taskflow_api.py
[2023-03-12T23:52:25.245+0000] {logging_mixin.py:137} INFO - [2023-03-12T23:52:25.244+0000] {dag.py:2690} INFO - Sync 1 DAGs
[2023-03-12T23:52:25.305+0000] {logging_mixin.py:137} INFO - [2023-03-12T23:52:25.304+0000] {dag.py:3441} INFO - Setting next_dagrun for tutorial_taskflow_api to None, run_after=None
[2023-03-12T23:52:25.375+0000] {processor.py:175} INFO - Processing /home/airflow/.local/lib/python3.7/site-packages/airflow/example_dags/tutorial_taskflow_api.py took 0.255 seconds
[2023-03-12T23:52:57.724+0000] {processor.py:153} INFO - Started process (PID=4744) to work on /home/airflow/.local/lib/python3.7/site-packages/airflow/example_dags/tutorial_taskflow_api.py
[2023-03-12T23:52:57.783+0000] {processor.py:743} INFO - Processing file /home/airflow/.local/lib/python3.7/site-packages/airflow/example_dags/tutorial_taskflow_api.py for tasks to queue
[2023-03-12T23:52:57.788+0000] {logging_mixin.py:137} INFO - [2023-03-12T23:52:57.787+0000] {dagbag.py:538} INFO - Filling up the DagBag from /home/airflow/.local/lib/python3.7/site-packages/airflow/example_dags/tutorial_taskflow_api.py
[2023-03-12T23:52:57.890+0000] {processor.py:753} INFO - DAG(s) dict_keys(['tutorial_taskflow_api']) retrieved from /home/airflow/.local/lib/python3.7/site-packages/airflow/example_dags/tutorial_taskflow_api.py
[2023-03-12T23:52:58.016+0000] {logging_mixin.py:137} INFO - [2023-03-12T23:52:58.015+0000] {dag.py:2690} INFO - Sync 1 DAGs
[2023-03-12T23:52:58.127+0000] {logging_mixin.py:137} INFO - [2023-03-12T23:52:58.127+0000] {dag.py:3441} INFO - Setting next_dagrun for tutorial_taskflow_api to None, run_after=None
[2023-03-12T23:52:58.198+0000] {processor.py:175} INFO - Processing /home/airflow/.local/lib/python3.7/site-packages/airflow/example_dags/tutorial_taskflow_api.py took 0.481 seconds
[2023-03-12T23:53:28.730+0000] {processor.py:153} INFO - Started process (PID=4816) to work on /home/airflow/.local/lib/python3.7/site-packages/airflow/example_dags/tutorial_taskflow_api.py
[2023-03-12T23:53:28.732+0000] {processor.py:743} INFO - Processing file /home/airflow/.local/lib/python3.7/site-packages/airflow/example_dags/tutorial_taskflow_api.py for tasks to queue
[2023-03-12T23:53:28.733+0000] {logging_mixin.py:137} INFO - [2023-03-12T23:53:28.733+0000] {dagbag.py:538} INFO - Filling up the DagBag from /home/airflow/.local/lib/python3.7/site-packages/airflow/example_dags/tutorial_taskflow_api.py
[2023-03-12T23:53:28.833+0000] {processor.py:753} INFO - DAG(s) dict_keys(['tutorial_taskflow_api']) retrieved from /home/airflow/.local/lib/python3.7/site-packages/airflow/example_dags/tutorial_taskflow_api.py
[2023-03-12T23:53:28.920+0000] {logging_mixin.py:137} INFO - [2023-03-12T23:53:28.920+0000] {dag.py:2690} INFO - Sync 1 DAGs
[2023-03-12T23:53:29.020+0000] {logging_mixin.py:137} INFO - [2023-03-12T23:53:29.014+0000] {dag.py:3441} INFO - Setting next_dagrun for tutorial_taskflow_api to None, run_after=None
[2023-03-12T23:53:29.091+0000] {processor.py:175} INFO - Processing /home/airflow/.local/lib/python3.7/site-packages/airflow/example_dags/tutorial_taskflow_api.py took 0.366 seconds
[2023-03-12T23:53:59.376+0000] {processor.py:153} INFO - Started process (PID=4887) to work on /home/airflow/.local/lib/python3.7/site-packages/airflow/example_dags/tutorial_taskflow_api.py
[2023-03-12T23:53:59.383+0000] {processor.py:743} INFO - Processing file /home/airflow/.local/lib/python3.7/site-packages/airflow/example_dags/tutorial_taskflow_api.py for tasks to queue
[2023-03-12T23:53:59.398+0000] {logging_mixin.py:137} INFO - [2023-03-12T23:53:59.398+0000] {dagbag.py:538} INFO - Filling up the DagBag from /home/airflow/.local/lib/python3.7/site-packages/airflow/example_dags/tutorial_taskflow_api.py
[2023-03-12T23:53:59.518+0000] {processor.py:753} INFO - DAG(s) dict_keys(['tutorial_taskflow_api']) retrieved from /home/airflow/.local/lib/python3.7/site-packages/airflow/example_dags/tutorial_taskflow_api.py
[2023-03-12T23:53:59.608+0000] {logging_mixin.py:137} INFO - [2023-03-12T23:53:59.608+0000] {dag.py:2690} INFO - Sync 1 DAGs
[2023-03-12T23:53:59.667+0000] {logging_mixin.py:137} INFO - [2023-03-12T23:53:59.667+0000] {dag.py:3441} INFO - Setting next_dagrun for tutorial_taskflow_api to None, run_after=None
[2023-03-12T23:53:59.757+0000] {processor.py:175} INFO - Processing /home/airflow/.local/lib/python3.7/site-packages/airflow/example_dags/tutorial_taskflow_api.py took 0.389 seconds
[2023-03-12T23:54:32.049+0000] {processor.py:153} INFO - Started process (PID=4969) to work on /home/airflow/.local/lib/python3.7/site-packages/airflow/example_dags/tutorial_taskflow_api.py
[2023-03-12T23:54:32.053+0000] {processor.py:743} INFO - Processing file /home/airflow/.local/lib/python3.7/site-packages/airflow/example_dags/tutorial_taskflow_api.py for tasks to queue
[2023-03-12T23:54:32.055+0000] {logging_mixin.py:137} INFO - [2023-03-12T23:54:32.055+0000] {dagbag.py:538} INFO - Filling up the DagBag from /home/airflow/.local/lib/python3.7/site-packages/airflow/example_dags/tutorial_taskflow_api.py
[2023-03-12T23:54:32.122+0000] {processor.py:753} INFO - DAG(s) dict_keys(['tutorial_taskflow_api']) retrieved from /home/airflow/.local/lib/python3.7/site-packages/airflow/example_dags/tutorial_taskflow_api.py
[2023-03-12T23:54:32.208+0000] {logging_mixin.py:137} INFO - [2023-03-12T23:54:32.208+0000] {dag.py:2690} INFO - Sync 1 DAGs
[2023-03-12T23:54:32.293+0000] {logging_mixin.py:137} INFO - [2023-03-12T23:54:32.293+0000] {dag.py:3441} INFO - Setting next_dagrun for tutorial_taskflow_api to None, run_after=None
[2023-03-12T23:54:32.393+0000] {processor.py:175} INFO - Processing /home/airflow/.local/lib/python3.7/site-packages/airflow/example_dags/tutorial_taskflow_api.py took 0.355 seconds
[2023-03-12T23:55:02.703+0000] {processor.py:153} INFO - Started process (PID=5052) to work on /home/airflow/.local/lib/python3.7/site-packages/airflow/example_dags/tutorial_taskflow_api.py
[2023-03-12T23:55:02.704+0000] {processor.py:743} INFO - Processing file /home/airflow/.local/lib/python3.7/site-packages/airflow/example_dags/tutorial_taskflow_api.py for tasks to queue
[2023-03-12T23:55:02.706+0000] {logging_mixin.py:137} INFO - [2023-03-12T23:55:02.705+0000] {dagbag.py:538} INFO - Filling up the DagBag from /home/airflow/.local/lib/python3.7/site-packages/airflow/example_dags/tutorial_taskflow_api.py
[2023-03-12T23:55:02.750+0000] {processor.py:753} INFO - DAG(s) dict_keys(['tutorial_taskflow_api']) retrieved from /home/airflow/.local/lib/python3.7/site-packages/airflow/example_dags/tutorial_taskflow_api.py
[2023-03-12T23:55:02.803+0000] {logging_mixin.py:137} INFO - [2023-03-12T23:55:02.803+0000] {dag.py:2690} INFO - Sync 1 DAGs
[2023-03-12T23:55:02.871+0000] {logging_mixin.py:137} INFO - [2023-03-12T23:55:02.870+0000] {dag.py:3441} INFO - Setting next_dagrun for tutorial_taskflow_api to None, run_after=None
[2023-03-12T23:55:02.921+0000] {processor.py:175} INFO - Processing /home/airflow/.local/lib/python3.7/site-packages/airflow/example_dags/tutorial_taskflow_api.py took 0.225 seconds
[2023-03-12T23:55:33.389+0000] {processor.py:153} INFO - Started process (PID=5116) to work on /home/airflow/.local/lib/python3.7/site-packages/airflow/example_dags/tutorial_taskflow_api.py
[2023-03-12T23:55:33.391+0000] {processor.py:743} INFO - Processing file /home/airflow/.local/lib/python3.7/site-packages/airflow/example_dags/tutorial_taskflow_api.py for tasks to queue
[2023-03-12T23:55:33.392+0000] {logging_mixin.py:137} INFO - [2023-03-12T23:55:33.392+0000] {dagbag.py:538} INFO - Filling up the DagBag from /home/airflow/.local/lib/python3.7/site-packages/airflow/example_dags/tutorial_taskflow_api.py
[2023-03-12T23:55:33.414+0000] {processor.py:753} INFO - DAG(s) dict_keys(['tutorial_taskflow_api']) retrieved from /home/airflow/.local/lib/python3.7/site-packages/airflow/example_dags/tutorial_taskflow_api.py
[2023-03-12T23:55:33.437+0000] {logging_mixin.py:137} INFO - [2023-03-12T23:55:33.437+0000] {dag.py:2690} INFO - Sync 1 DAGs
[2023-03-12T23:55:33.486+0000] {logging_mixin.py:137} INFO - [2023-03-12T23:55:33.486+0000] {dag.py:3441} INFO - Setting next_dagrun for tutorial_taskflow_api to None, run_after=None
[2023-03-12T23:55:33.516+0000] {processor.py:175} INFO - Processing /home/airflow/.local/lib/python3.7/site-packages/airflow/example_dags/tutorial_taskflow_api.py took 0.130 seconds
[2023-03-12T23:58:57.016+0000] {processor.py:153} INFO - Started process (PID=73) to work on /home/airflow/.local/lib/python3.7/site-packages/airflow/example_dags/tutorial_taskflow_api.py
[2023-03-12T23:58:57.022+0000] {processor.py:743} INFO - Processing file /home/airflow/.local/lib/python3.7/site-packages/airflow/example_dags/tutorial_taskflow_api.py for tasks to queue
[2023-03-12T23:58:57.024+0000] {logging_mixin.py:137} INFO - [2023-03-12T23:58:57.023+0000] {dagbag.py:538} INFO - Filling up the DagBag from /home/airflow/.local/lib/python3.7/site-packages/airflow/example_dags/tutorial_taskflow_api.py
[2023-03-12T23:58:57.090+0000] {processor.py:753} INFO - DAG(s) dict_keys(['tutorial_taskflow_api']) retrieved from /home/airflow/.local/lib/python3.7/site-packages/airflow/example_dags/tutorial_taskflow_api.py
[2023-03-12T23:58:57.166+0000] {logging_mixin.py:137} INFO - [2023-03-12T23:58:57.165+0000] {dag.py:2690} INFO - Sync 1 DAGs
[2023-03-12T23:58:57.259+0000] {logging_mixin.py:137} INFO - [2023-03-12T23:58:57.258+0000] {dag.py:3441} INFO - Setting next_dagrun for tutorial_taskflow_api to None, run_after=None
[2023-03-12T23:58:57.304+0000] {processor.py:175} INFO - Processing /home/airflow/.local/lib/python3.7/site-packages/airflow/example_dags/tutorial_taskflow_api.py took 0.300 seconds
[2023-03-12T23:59:27.511+0000] {processor.py:153} INFO - Started process (PID=147) to work on /home/airflow/.local/lib/python3.7/site-packages/airflow/example_dags/tutorial_taskflow_api.py
[2023-03-12T23:59:27.513+0000] {processor.py:743} INFO - Processing file /home/airflow/.local/lib/python3.7/site-packages/airflow/example_dags/tutorial_taskflow_api.py for tasks to queue
[2023-03-12T23:59:27.515+0000] {logging_mixin.py:137} INFO - [2023-03-12T23:59:27.515+0000] {dagbag.py:538} INFO - Filling up the DagBag from /home/airflow/.local/lib/python3.7/site-packages/airflow/example_dags/tutorial_taskflow_api.py
[2023-03-12T23:59:27.568+0000] {processor.py:753} INFO - DAG(s) dict_keys(['tutorial_taskflow_api']) retrieved from /home/airflow/.local/lib/python3.7/site-packages/airflow/example_dags/tutorial_taskflow_api.py
[2023-03-12T23:59:27.622+0000] {logging_mixin.py:137} INFO - [2023-03-12T23:59:27.622+0000] {dag.py:2690} INFO - Sync 1 DAGs
[2023-03-12T23:59:27.701+0000] {logging_mixin.py:137} INFO - [2023-03-12T23:59:27.700+0000] {dag.py:3441} INFO - Setting next_dagrun for tutorial_taskflow_api to None, run_after=None
[2023-03-12T23:59:27.743+0000] {processor.py:175} INFO - Processing /home/airflow/.local/lib/python3.7/site-packages/airflow/example_dags/tutorial_taskflow_api.py took 0.238 seconds
[2023-03-12T23:59:57.914+0000] {processor.py:153} INFO - Started process (PID=220) to work on /home/airflow/.local/lib/python3.7/site-packages/airflow/example_dags/tutorial_taskflow_api.py
[2023-03-12T23:59:57.915+0000] {processor.py:743} INFO - Processing file /home/airflow/.local/lib/python3.7/site-packages/airflow/example_dags/tutorial_taskflow_api.py for tasks to queue
[2023-03-12T23:59:57.916+0000] {logging_mixin.py:137} INFO - [2023-03-12T23:59:57.916+0000] {dagbag.py:538} INFO - Filling up the DagBag from /home/airflow/.local/lib/python3.7/site-packages/airflow/example_dags/tutorial_taskflow_api.py
[2023-03-12T23:59:57.947+0000] {processor.py:753} INFO - DAG(s) dict_keys(['tutorial_taskflow_api']) retrieved from /home/airflow/.local/lib/python3.7/site-packages/airflow/example_dags/tutorial_taskflow_api.py
[2023-03-12T23:59:58.232+0000] {logging_mixin.py:137} INFO - [2023-03-12T23:59:58.232+0000] {dag.py:2690} INFO - Sync 1 DAGs
[2023-03-12T23:59:58.287+0000] {logging_mixin.py:137} INFO - [2023-03-12T23:59:58.287+0000] {dag.py:3441} INFO - Setting next_dagrun for tutorial_taskflow_api to None, run_after=None
[2023-03-12T23:59:58.317+0000] {processor.py:175} INFO - Processing /home/airflow/.local/lib/python3.7/site-packages/airflow/example_dags/tutorial_taskflow_api.py took 0.408 seconds
