[2023-03-12T23:18:15.499+0000] {processor.py:153} INFO - Started process (PID=99) to work on /home/airflow/.local/lib/python3.7/site-packages/airflow/example_dags/tutorial_dag.py
[2023-03-12T23:18:15.514+0000] {processor.py:743} INFO - Processing file /home/airflow/.local/lib/python3.7/site-packages/airflow/example_dags/tutorial_dag.py for tasks to queue
[2023-03-12T23:18:15.523+0000] {logging_mixin.py:137} INFO - [2023-03-12T23:18:15.523+0000] {dagbag.py:538} INFO - Filling up the DagBag from /home/airflow/.local/lib/python3.7/site-packages/airflow/example_dags/tutorial_dag.py
[2023-03-12T23:18:15.575+0000] {processor.py:753} INFO - DAG(s) dict_keys(['tutorial_dag']) retrieved from /home/airflow/.local/lib/python3.7/site-packages/airflow/example_dags/tutorial_dag.py
[2023-03-12T23:18:15.931+0000] {logging_mixin.py:137} INFO - [2023-03-12T23:18:15.931+0000] {dag.py:2690} INFO - Sync 1 DAGs
[2023-03-12T23:18:16.188+0000] {logging_mixin.py:137} INFO - [2023-03-12T23:18:16.187+0000] {dag.py:3441} INFO - Setting next_dagrun for tutorial_dag to None, run_after=None
[2023-03-12T23:18:16.327+0000] {processor.py:175} INFO - Processing /home/airflow/.local/lib/python3.7/site-packages/airflow/example_dags/tutorial_dag.py took 0.834 seconds
[2023-03-12T23:18:56.092+0000] {processor.py:153} INFO - Started process (PID=164) to work on /home/airflow/.local/lib/python3.7/site-packages/airflow/example_dags/tutorial_dag.py
[2023-03-12T23:18:56.100+0000] {processor.py:743} INFO - Processing file /home/airflow/.local/lib/python3.7/site-packages/airflow/example_dags/tutorial_dag.py for tasks to queue
[2023-03-12T23:18:56.109+0000] {logging_mixin.py:137} INFO - [2023-03-12T23:18:56.108+0000] {dagbag.py:538} INFO - Filling up the DagBag from /home/airflow/.local/lib/python3.7/site-packages/airflow/example_dags/tutorial_dag.py
[2023-03-12T23:18:56.162+0000] {processor.py:753} INFO - DAG(s) dict_keys(['tutorial_dag']) retrieved from /home/airflow/.local/lib/python3.7/site-packages/airflow/example_dags/tutorial_dag.py
[2023-03-12T23:18:56.249+0000] {logging_mixin.py:137} INFO - [2023-03-12T23:18:56.248+0000] {dag.py:2690} INFO - Sync 1 DAGs
[2023-03-12T23:18:56.340+0000] {logging_mixin.py:137} INFO - [2023-03-12T23:18:56.340+0000] {dag.py:3441} INFO - Setting next_dagrun for tutorial_dag to None, run_after=None
[2023-03-12T23:18:56.395+0000] {processor.py:175} INFO - Processing /home/airflow/.local/lib/python3.7/site-packages/airflow/example_dags/tutorial_dag.py took 0.310 seconds
[2023-03-12T23:19:29.692+0000] {processor.py:153} INFO - Started process (PID=236) to work on /home/airflow/.local/lib/python3.7/site-packages/airflow/example_dags/tutorial_dag.py
[2023-03-12T23:19:29.735+0000] {processor.py:743} INFO - Processing file /home/airflow/.local/lib/python3.7/site-packages/airflow/example_dags/tutorial_dag.py for tasks to queue
[2023-03-12T23:19:29.752+0000] {logging_mixin.py:137} INFO - [2023-03-12T23:19:29.752+0000] {dagbag.py:538} INFO - Filling up the DagBag from /home/airflow/.local/lib/python3.7/site-packages/airflow/example_dags/tutorial_dag.py
[2023-03-12T23:19:29.866+0000] {processor.py:753} INFO - DAG(s) dict_keys(['tutorial_dag']) retrieved from /home/airflow/.local/lib/python3.7/site-packages/airflow/example_dags/tutorial_dag.py
[2023-03-12T23:19:30.115+0000] {logging_mixin.py:137} INFO - [2023-03-12T23:19:30.114+0000] {dag.py:2690} INFO - Sync 1 DAGs
[2023-03-12T23:19:30.390+0000] {logging_mixin.py:137} INFO - [2023-03-12T23:19:30.390+0000] {dag.py:3441} INFO - Setting next_dagrun for tutorial_dag to None, run_after=None
[2023-03-12T23:19:30.532+0000] {processor.py:175} INFO - Processing /home/airflow/.local/lib/python3.7/site-packages/airflow/example_dags/tutorial_dag.py took 0.861 seconds
[2023-03-12T23:20:00.818+0000] {processor.py:153} INFO - Started process (PID=302) to work on /home/airflow/.local/lib/python3.7/site-packages/airflow/example_dags/tutorial_dag.py
[2023-03-12T23:20:00.862+0000] {processor.py:743} INFO - Processing file /home/airflow/.local/lib/python3.7/site-packages/airflow/example_dags/tutorial_dag.py for tasks to queue
[2023-03-12T23:20:00.877+0000] {logging_mixin.py:137} INFO - [2023-03-12T23:20:00.877+0000] {dagbag.py:538} INFO - Filling up the DagBag from /home/airflow/.local/lib/python3.7/site-packages/airflow/example_dags/tutorial_dag.py
[2023-03-12T23:20:00.976+0000] {processor.py:753} INFO - DAG(s) dict_keys(['tutorial_dag']) retrieved from /home/airflow/.local/lib/python3.7/site-packages/airflow/example_dags/tutorial_dag.py
[2023-03-12T23:20:01.095+0000] {logging_mixin.py:137} INFO - [2023-03-12T23:20:01.095+0000] {dag.py:2690} INFO - Sync 1 DAGs
[2023-03-12T23:20:01.288+0000] {logging_mixin.py:137} INFO - [2023-03-12T23:20:01.287+0000] {dag.py:3441} INFO - Setting next_dagrun for tutorial_dag to None, run_after=None
[2023-03-12T23:20:01.464+0000] {processor.py:175} INFO - Processing /home/airflow/.local/lib/python3.7/site-packages/airflow/example_dags/tutorial_dag.py took 0.654 seconds
[2023-03-12T23:20:32.766+0000] {processor.py:153} INFO - Started process (PID=365) to work on /home/airflow/.local/lib/python3.7/site-packages/airflow/example_dags/tutorial_dag.py
[2023-03-12T23:20:32.770+0000] {processor.py:743} INFO - Processing file /home/airflow/.local/lib/python3.7/site-packages/airflow/example_dags/tutorial_dag.py for tasks to queue
[2023-03-12T23:20:32.772+0000] {logging_mixin.py:137} INFO - [2023-03-12T23:20:32.772+0000] {dagbag.py:538} INFO - Filling up the DagBag from /home/airflow/.local/lib/python3.7/site-packages/airflow/example_dags/tutorial_dag.py
[2023-03-12T23:20:32.836+0000] {processor.py:753} INFO - DAG(s) dict_keys(['tutorial_dag']) retrieved from /home/airflow/.local/lib/python3.7/site-packages/airflow/example_dags/tutorial_dag.py
[2023-03-12T23:20:32.937+0000] {logging_mixin.py:137} INFO - [2023-03-12T23:20:32.936+0000] {dag.py:2690} INFO - Sync 1 DAGs
[2023-03-12T23:20:33.024+0000] {logging_mixin.py:137} INFO - [2023-03-12T23:20:33.023+0000] {dag.py:3441} INFO - Setting next_dagrun for tutorial_dag to None, run_after=None
[2023-03-12T23:20:33.112+0000] {processor.py:175} INFO - Processing /home/airflow/.local/lib/python3.7/site-packages/airflow/example_dags/tutorial_dag.py took 0.352 seconds
[2023-03-12T23:21:03.909+0000] {processor.py:153} INFO - Started process (PID=437) to work on /home/airflow/.local/lib/python3.7/site-packages/airflow/example_dags/tutorial_dag.py
[2023-03-12T23:21:03.911+0000] {processor.py:743} INFO - Processing file /home/airflow/.local/lib/python3.7/site-packages/airflow/example_dags/tutorial_dag.py for tasks to queue
[2023-03-12T23:21:03.923+0000] {logging_mixin.py:137} INFO - [2023-03-12T23:21:03.922+0000] {dagbag.py:538} INFO - Filling up the DagBag from /home/airflow/.local/lib/python3.7/site-packages/airflow/example_dags/tutorial_dag.py
[2023-03-12T23:21:03.974+0000] {processor.py:753} INFO - DAG(s) dict_keys(['tutorial_dag']) retrieved from /home/airflow/.local/lib/python3.7/site-packages/airflow/example_dags/tutorial_dag.py
[2023-03-12T23:21:04.085+0000] {logging_mixin.py:137} INFO - [2023-03-12T23:21:04.078+0000] {dag.py:2690} INFO - Sync 1 DAGs
[2023-03-12T23:21:04.201+0000] {logging_mixin.py:137} INFO - [2023-03-12T23:21:04.201+0000] {dag.py:3441} INFO - Setting next_dagrun for tutorial_dag to None, run_after=None
[2023-03-12T23:21:04.270+0000] {processor.py:175} INFO - Processing /home/airflow/.local/lib/python3.7/site-packages/airflow/example_dags/tutorial_dag.py took 0.368 seconds
[2023-03-12T23:21:34.577+0000] {processor.py:153} INFO - Started process (PID=493) to work on /home/airflow/.local/lib/python3.7/site-packages/airflow/example_dags/tutorial_dag.py
[2023-03-12T23:21:34.579+0000] {processor.py:743} INFO - Processing file /home/airflow/.local/lib/python3.7/site-packages/airflow/example_dags/tutorial_dag.py for tasks to queue
[2023-03-12T23:21:34.581+0000] {logging_mixin.py:137} INFO - [2023-03-12T23:21:34.581+0000] {dagbag.py:538} INFO - Filling up the DagBag from /home/airflow/.local/lib/python3.7/site-packages/airflow/example_dags/tutorial_dag.py
[2023-03-12T23:21:34.619+0000] {processor.py:753} INFO - DAG(s) dict_keys(['tutorial_dag']) retrieved from /home/airflow/.local/lib/python3.7/site-packages/airflow/example_dags/tutorial_dag.py
[2023-03-12T23:21:34.709+0000] {logging_mixin.py:137} INFO - [2023-03-12T23:21:34.709+0000] {dag.py:2690} INFO - Sync 1 DAGs
[2023-03-12T23:21:34.818+0000] {logging_mixin.py:137} INFO - [2023-03-12T23:21:34.818+0000] {dag.py:3441} INFO - Setting next_dagrun for tutorial_dag to None, run_after=None
[2023-03-12T23:21:34.880+0000] {processor.py:175} INFO - Processing /home/airflow/.local/lib/python3.7/site-packages/airflow/example_dags/tutorial_dag.py took 0.310 seconds
[2023-03-12T23:22:06.259+0000] {processor.py:153} INFO - Started process (PID=565) to work on /home/airflow/.local/lib/python3.7/site-packages/airflow/example_dags/tutorial_dag.py
[2023-03-12T23:22:06.275+0000] {processor.py:743} INFO - Processing file /home/airflow/.local/lib/python3.7/site-packages/airflow/example_dags/tutorial_dag.py for tasks to queue
[2023-03-12T23:22:06.286+0000] {logging_mixin.py:137} INFO - [2023-03-12T23:22:06.285+0000] {dagbag.py:538} INFO - Filling up the DagBag from /home/airflow/.local/lib/python3.7/site-packages/airflow/example_dags/tutorial_dag.py
[2023-03-12T23:22:06.428+0000] {processor.py:753} INFO - DAG(s) dict_keys(['tutorial_dag']) retrieved from /home/airflow/.local/lib/python3.7/site-packages/airflow/example_dags/tutorial_dag.py
[2023-03-12T23:22:06.617+0000] {logging_mixin.py:137} INFO - [2023-03-12T23:22:06.617+0000] {dag.py:2690} INFO - Sync 1 DAGs
[2023-03-12T23:22:06.833+0000] {logging_mixin.py:137} INFO - [2023-03-12T23:22:06.832+0000] {dag.py:3441} INFO - Setting next_dagrun for tutorial_dag to None, run_after=None
[2023-03-12T23:22:07.007+0000] {processor.py:175} INFO - Processing /home/airflow/.local/lib/python3.7/site-packages/airflow/example_dags/tutorial_dag.py took 0.769 seconds
[2023-03-12T23:22:38.456+0000] {processor.py:153} INFO - Started process (PID=628) to work on /home/airflow/.local/lib/python3.7/site-packages/airflow/example_dags/tutorial_dag.py
[2023-03-12T23:22:38.468+0000] {processor.py:743} INFO - Processing file /home/airflow/.local/lib/python3.7/site-packages/airflow/example_dags/tutorial_dag.py for tasks to queue
[2023-03-12T23:22:38.472+0000] {logging_mixin.py:137} INFO - [2023-03-12T23:22:38.472+0000] {dagbag.py:538} INFO - Filling up the DagBag from /home/airflow/.local/lib/python3.7/site-packages/airflow/example_dags/tutorial_dag.py
[2023-03-12T23:22:38.537+0000] {processor.py:753} INFO - DAG(s) dict_keys(['tutorial_dag']) retrieved from /home/airflow/.local/lib/python3.7/site-packages/airflow/example_dags/tutorial_dag.py
[2023-03-12T23:22:38.617+0000] {logging_mixin.py:137} INFO - [2023-03-12T23:22:38.617+0000] {dag.py:2690} INFO - Sync 1 DAGs
[2023-03-12T23:22:38.779+0000] {logging_mixin.py:137} INFO - [2023-03-12T23:22:38.779+0000] {dag.py:3441} INFO - Setting next_dagrun for tutorial_dag to None, run_after=None
[2023-03-12T23:22:38.901+0000] {processor.py:175} INFO - Processing /home/airflow/.local/lib/python3.7/site-packages/airflow/example_dags/tutorial_dag.py took 0.452 seconds
[2023-03-12T23:23:10.016+0000] {processor.py:153} INFO - Started process (PID=694) to work on /home/airflow/.local/lib/python3.7/site-packages/airflow/example_dags/tutorial_dag.py
[2023-03-12T23:23:10.022+0000] {processor.py:743} INFO - Processing file /home/airflow/.local/lib/python3.7/site-packages/airflow/example_dags/tutorial_dag.py for tasks to queue
[2023-03-12T23:23:10.024+0000] {logging_mixin.py:137} INFO - [2023-03-12T23:23:10.024+0000] {dagbag.py:538} INFO - Filling up the DagBag from /home/airflow/.local/lib/python3.7/site-packages/airflow/example_dags/tutorial_dag.py
[2023-03-12T23:23:10.087+0000] {processor.py:753} INFO - DAG(s) dict_keys(['tutorial_dag']) retrieved from /home/airflow/.local/lib/python3.7/site-packages/airflow/example_dags/tutorial_dag.py
[2023-03-12T23:23:10.192+0000] {logging_mixin.py:137} INFO - [2023-03-12T23:23:10.192+0000] {dag.py:2690} INFO - Sync 1 DAGs
[2023-03-12T23:23:10.351+0000] {logging_mixin.py:137} INFO - [2023-03-12T23:23:10.351+0000] {dag.py:3441} INFO - Setting next_dagrun for tutorial_dag to None, run_after=None
[2023-03-12T23:23:10.470+0000] {processor.py:175} INFO - Processing /home/airflow/.local/lib/python3.7/site-packages/airflow/example_dags/tutorial_dag.py took 0.466 seconds
[2023-03-12T23:23:40.924+0000] {processor.py:153} INFO - Started process (PID=760) to work on /home/airflow/.local/lib/python3.7/site-packages/airflow/example_dags/tutorial_dag.py
[2023-03-12T23:23:40.937+0000] {processor.py:743} INFO - Processing file /home/airflow/.local/lib/python3.7/site-packages/airflow/example_dags/tutorial_dag.py for tasks to queue
[2023-03-12T23:23:40.940+0000] {logging_mixin.py:137} INFO - [2023-03-12T23:23:40.940+0000] {dagbag.py:538} INFO - Filling up the DagBag from /home/airflow/.local/lib/python3.7/site-packages/airflow/example_dags/tutorial_dag.py
[2023-03-12T23:23:41.049+0000] {processor.py:753} INFO - DAG(s) dict_keys(['tutorial_dag']) retrieved from /home/airflow/.local/lib/python3.7/site-packages/airflow/example_dags/tutorial_dag.py
[2023-03-12T23:23:41.212+0000] {logging_mixin.py:137} INFO - [2023-03-12T23:23:41.211+0000] {dag.py:2690} INFO - Sync 1 DAGs
[2023-03-12T23:23:41.364+0000] {logging_mixin.py:137} INFO - [2023-03-12T23:23:41.363+0000] {dag.py:3441} INFO - Setting next_dagrun for tutorial_dag to None, run_after=None
[2023-03-12T23:23:41.500+0000] {processor.py:175} INFO - Processing /home/airflow/.local/lib/python3.7/site-packages/airflow/example_dags/tutorial_dag.py took 0.596 seconds
[2023-03-12T23:24:12.941+0000] {processor.py:153} INFO - Started process (PID=825) to work on /home/airflow/.local/lib/python3.7/site-packages/airflow/example_dags/tutorial_dag.py
[2023-03-12T23:24:12.951+0000] {processor.py:743} INFO - Processing file /home/airflow/.local/lib/python3.7/site-packages/airflow/example_dags/tutorial_dag.py for tasks to queue
[2023-03-12T23:24:12.956+0000] {logging_mixin.py:137} INFO - [2023-03-12T23:24:12.955+0000] {dagbag.py:538} INFO - Filling up the DagBag from /home/airflow/.local/lib/python3.7/site-packages/airflow/example_dags/tutorial_dag.py
[2023-03-12T23:24:13.039+0000] {processor.py:753} INFO - DAG(s) dict_keys(['tutorial_dag']) retrieved from /home/airflow/.local/lib/python3.7/site-packages/airflow/example_dags/tutorial_dag.py
[2023-03-12T23:24:13.222+0000] {logging_mixin.py:137} INFO - [2023-03-12T23:24:13.221+0000] {dag.py:2690} INFO - Sync 1 DAGs
[2023-03-12T23:24:13.412+0000] {logging_mixin.py:137} INFO - [2023-03-12T23:24:13.411+0000] {dag.py:3441} INFO - Setting next_dagrun for tutorial_dag to None, run_after=None
[2023-03-12T23:24:13.515+0000] {processor.py:175} INFO - Processing /home/airflow/.local/lib/python3.7/site-packages/airflow/example_dags/tutorial_dag.py took 0.583 seconds
[2023-03-12T23:24:44.375+0000] {processor.py:153} INFO - Started process (PID=901) to work on /home/airflow/.local/lib/python3.7/site-packages/airflow/example_dags/tutorial_dag.py
[2023-03-12T23:24:44.380+0000] {processor.py:743} INFO - Processing file /home/airflow/.local/lib/python3.7/site-packages/airflow/example_dags/tutorial_dag.py for tasks to queue
[2023-03-12T23:24:44.391+0000] {logging_mixin.py:137} INFO - [2023-03-12T23:24:44.391+0000] {dagbag.py:538} INFO - Filling up the DagBag from /home/airflow/.local/lib/python3.7/site-packages/airflow/example_dags/tutorial_dag.py
[2023-03-12T23:24:44.460+0000] {processor.py:753} INFO - DAG(s) dict_keys(['tutorial_dag']) retrieved from /home/airflow/.local/lib/python3.7/site-packages/airflow/example_dags/tutorial_dag.py
[2023-03-12T23:24:44.547+0000] {logging_mixin.py:137} INFO - [2023-03-12T23:24:44.547+0000] {dag.py:2690} INFO - Sync 1 DAGs
[2023-03-12T23:24:44.670+0000] {logging_mixin.py:137} INFO - [2023-03-12T23:24:44.670+0000] {dag.py:3441} INFO - Setting next_dagrun for tutorial_dag to None, run_after=None
[2023-03-12T23:24:44.765+0000] {processor.py:175} INFO - Processing /home/airflow/.local/lib/python3.7/site-packages/airflow/example_dags/tutorial_dag.py took 0.409 seconds
[2023-03-12T23:25:15.772+0000] {processor.py:153} INFO - Started process (PID=965) to work on /home/airflow/.local/lib/python3.7/site-packages/airflow/example_dags/tutorial_dag.py
[2023-03-12T23:25:15.775+0000] {processor.py:743} INFO - Processing file /home/airflow/.local/lib/python3.7/site-packages/airflow/example_dags/tutorial_dag.py for tasks to queue
[2023-03-12T23:25:15.776+0000] {logging_mixin.py:137} INFO - [2023-03-12T23:25:15.776+0000] {dagbag.py:538} INFO - Filling up the DagBag from /home/airflow/.local/lib/python3.7/site-packages/airflow/example_dags/tutorial_dag.py
[2023-03-12T23:25:15.831+0000] {processor.py:753} INFO - DAG(s) dict_keys(['tutorial_dag']) retrieved from /home/airflow/.local/lib/python3.7/site-packages/airflow/example_dags/tutorial_dag.py
[2023-03-12T23:25:15.907+0000] {logging_mixin.py:137} INFO - [2023-03-12T23:25:15.906+0000] {dag.py:2690} INFO - Sync 1 DAGs
[2023-03-12T23:25:15.991+0000] {logging_mixin.py:137} INFO - [2023-03-12T23:25:15.990+0000] {dag.py:3441} INFO - Setting next_dagrun for tutorial_dag to None, run_after=None
[2023-03-12T23:25:16.053+0000] {processor.py:175} INFO - Processing /home/airflow/.local/lib/python3.7/site-packages/airflow/example_dags/tutorial_dag.py took 0.287 seconds
[2023-03-12T23:25:48.224+0000] {processor.py:153} INFO - Started process (PID=1042) to work on /home/airflow/.local/lib/python3.7/site-packages/airflow/example_dags/tutorial_dag.py
[2023-03-12T23:25:48.244+0000] {processor.py:743} INFO - Processing file /home/airflow/.local/lib/python3.7/site-packages/airflow/example_dags/tutorial_dag.py for tasks to queue
[2023-03-12T23:25:48.257+0000] {logging_mixin.py:137} INFO - [2023-03-12T23:25:48.256+0000] {dagbag.py:538} INFO - Filling up the DagBag from /home/airflow/.local/lib/python3.7/site-packages/airflow/example_dags/tutorial_dag.py
[2023-03-12T23:25:48.361+0000] {processor.py:753} INFO - DAG(s) dict_keys(['tutorial_dag']) retrieved from /home/airflow/.local/lib/python3.7/site-packages/airflow/example_dags/tutorial_dag.py
[2023-03-12T23:25:48.520+0000] {logging_mixin.py:137} INFO - [2023-03-12T23:25:48.509+0000] {dag.py:2690} INFO - Sync 1 DAGs
[2023-03-12T23:25:48.650+0000] {logging_mixin.py:137} INFO - [2023-03-12T23:25:48.650+0000] {dag.py:3441} INFO - Setting next_dagrun for tutorial_dag to None, run_after=None
[2023-03-12T23:25:48.748+0000] {processor.py:175} INFO - Processing /home/airflow/.local/lib/python3.7/site-packages/airflow/example_dags/tutorial_dag.py took 0.543 seconds
[2023-03-12T23:26:19.357+0000] {processor.py:153} INFO - Started process (PID=1113) to work on /home/airflow/.local/lib/python3.7/site-packages/airflow/example_dags/tutorial_dag.py
[2023-03-12T23:26:19.371+0000] {processor.py:743} INFO - Processing file /home/airflow/.local/lib/python3.7/site-packages/airflow/example_dags/tutorial_dag.py for tasks to queue
[2023-03-12T23:26:19.375+0000] {logging_mixin.py:137} INFO - [2023-03-12T23:26:19.374+0000] {dagbag.py:538} INFO - Filling up the DagBag from /home/airflow/.local/lib/python3.7/site-packages/airflow/example_dags/tutorial_dag.py
[2023-03-12T23:26:19.432+0000] {processor.py:753} INFO - DAG(s) dict_keys(['tutorial_dag']) retrieved from /home/airflow/.local/lib/python3.7/site-packages/airflow/example_dags/tutorial_dag.py
[2023-03-12T23:26:19.530+0000] {logging_mixin.py:137} INFO - [2023-03-12T23:26:19.530+0000] {dag.py:2690} INFO - Sync 1 DAGs
[2023-03-12T23:26:19.659+0000] {logging_mixin.py:137} INFO - [2023-03-12T23:26:19.659+0000] {dag.py:3441} INFO - Setting next_dagrun for tutorial_dag to None, run_after=None
[2023-03-12T23:26:19.741+0000] {processor.py:175} INFO - Processing /home/airflow/.local/lib/python3.7/site-packages/airflow/example_dags/tutorial_dag.py took 0.392 seconds
[2023-03-12T23:26:54.485+0000] {processor.py:153} INFO - Started process (PID=1185) to work on /home/airflow/.local/lib/python3.7/site-packages/airflow/example_dags/tutorial_dag.py
[2023-03-12T23:26:54.496+0000] {processor.py:743} INFO - Processing file /home/airflow/.local/lib/python3.7/site-packages/airflow/example_dags/tutorial_dag.py for tasks to queue
[2023-03-12T23:26:54.508+0000] {logging_mixin.py:137} INFO - [2023-03-12T23:26:54.507+0000] {dagbag.py:538} INFO - Filling up the DagBag from /home/airflow/.local/lib/python3.7/site-packages/airflow/example_dags/tutorial_dag.py
[2023-03-12T23:26:54.606+0000] {processor.py:753} INFO - DAG(s) dict_keys(['tutorial_dag']) retrieved from /home/airflow/.local/lib/python3.7/site-packages/airflow/example_dags/tutorial_dag.py
[2023-03-12T23:26:54.786+0000] {logging_mixin.py:137} INFO - [2023-03-12T23:26:54.786+0000] {dag.py:2690} INFO - Sync 1 DAGs
[2023-03-12T23:26:55.002+0000] {logging_mixin.py:137} INFO - [2023-03-12T23:26:55.002+0000] {dag.py:3441} INFO - Setting next_dagrun for tutorial_dag to None, run_after=None
[2023-03-12T23:26:55.141+0000] {processor.py:175} INFO - Processing /home/airflow/.local/lib/python3.7/site-packages/airflow/example_dags/tutorial_dag.py took 0.665 seconds
[2023-03-12T23:27:27.641+0000] {processor.py:153} INFO - Started process (PID=1264) to work on /home/airflow/.local/lib/python3.7/site-packages/airflow/example_dags/tutorial_dag.py
[2023-03-12T23:27:27.643+0000] {processor.py:743} INFO - Processing file /home/airflow/.local/lib/python3.7/site-packages/airflow/example_dags/tutorial_dag.py for tasks to queue
[2023-03-12T23:27:27.655+0000] {logging_mixin.py:137} INFO - [2023-03-12T23:27:27.644+0000] {dagbag.py:538} INFO - Filling up the DagBag from /home/airflow/.local/lib/python3.7/site-packages/airflow/example_dags/tutorial_dag.py
[2023-03-12T23:27:27.752+0000] {processor.py:753} INFO - DAG(s) dict_keys(['tutorial_dag']) retrieved from /home/airflow/.local/lib/python3.7/site-packages/airflow/example_dags/tutorial_dag.py
[2023-03-12T23:27:27.876+0000] {logging_mixin.py:137} INFO - [2023-03-12T23:27:27.875+0000] {dag.py:2690} INFO - Sync 1 DAGs
[2023-03-12T23:27:28.099+0000] {logging_mixin.py:137} INFO - [2023-03-12T23:27:28.099+0000] {dag.py:3441} INFO - Setting next_dagrun for tutorial_dag to None, run_after=None
[2023-03-12T23:27:28.222+0000] {processor.py:175} INFO - Processing /home/airflow/.local/lib/python3.7/site-packages/airflow/example_dags/tutorial_dag.py took 0.599 seconds
[2023-03-12T23:27:59.238+0000] {processor.py:153} INFO - Started process (PID=1325) to work on /home/airflow/.local/lib/python3.7/site-packages/airflow/example_dags/tutorial_dag.py
[2023-03-12T23:27:59.242+0000] {processor.py:743} INFO - Processing file /home/airflow/.local/lib/python3.7/site-packages/airflow/example_dags/tutorial_dag.py for tasks to queue
[2023-03-12T23:27:59.244+0000] {logging_mixin.py:137} INFO - [2023-03-12T23:27:59.244+0000] {dagbag.py:538} INFO - Filling up the DagBag from /home/airflow/.local/lib/python3.7/site-packages/airflow/example_dags/tutorial_dag.py
[2023-03-12T23:27:59.266+0000] {processor.py:753} INFO - DAG(s) dict_keys(['tutorial_dag']) retrieved from /home/airflow/.local/lib/python3.7/site-packages/airflow/example_dags/tutorial_dag.py
[2023-03-12T23:27:59.308+0000] {logging_mixin.py:137} INFO - [2023-03-12T23:27:59.308+0000] {dag.py:2690} INFO - Sync 1 DAGs
[2023-03-12T23:27:59.358+0000] {logging_mixin.py:137} INFO - [2023-03-12T23:27:59.357+0000] {dag.py:3441} INFO - Setting next_dagrun for tutorial_dag to None, run_after=None
[2023-03-12T23:27:59.389+0000] {processor.py:175} INFO - Processing /home/airflow/.local/lib/python3.7/site-packages/airflow/example_dags/tutorial_dag.py took 0.164 seconds
[2023-03-12T23:28:30.062+0000] {processor.py:153} INFO - Started process (PID=1399) to work on /home/airflow/.local/lib/python3.7/site-packages/airflow/example_dags/tutorial_dag.py
[2023-03-12T23:28:30.074+0000] {processor.py:743} INFO - Processing file /home/airflow/.local/lib/python3.7/site-packages/airflow/example_dags/tutorial_dag.py for tasks to queue
[2023-03-12T23:28:30.081+0000] {logging_mixin.py:137} INFO - [2023-03-12T23:28:30.080+0000] {dagbag.py:538} INFO - Filling up the DagBag from /home/airflow/.local/lib/python3.7/site-packages/airflow/example_dags/tutorial_dag.py
[2023-03-12T23:28:30.128+0000] {processor.py:753} INFO - DAG(s) dict_keys(['tutorial_dag']) retrieved from /home/airflow/.local/lib/python3.7/site-packages/airflow/example_dags/tutorial_dag.py
[2023-03-12T23:28:30.181+0000] {logging_mixin.py:137} INFO - [2023-03-12T23:28:30.181+0000] {dag.py:2690} INFO - Sync 1 DAGs
[2023-03-12T23:28:30.266+0000] {logging_mixin.py:137} INFO - [2023-03-12T23:28:30.266+0000] {dag.py:3441} INFO - Setting next_dagrun for tutorial_dag to None, run_after=None
[2023-03-12T23:28:30.343+0000] {processor.py:175} INFO - Processing /home/airflow/.local/lib/python3.7/site-packages/airflow/example_dags/tutorial_dag.py took 0.288 seconds
[2023-03-12T23:29:01.478+0000] {processor.py:153} INFO - Started process (PID=1470) to work on /home/airflow/.local/lib/python3.7/site-packages/airflow/example_dags/tutorial_dag.py
[2023-03-12T23:29:01.488+0000] {processor.py:743} INFO - Processing file /home/airflow/.local/lib/python3.7/site-packages/airflow/example_dags/tutorial_dag.py for tasks to queue
[2023-03-12T23:29:01.490+0000] {logging_mixin.py:137} INFO - [2023-03-12T23:29:01.490+0000] {dagbag.py:538} INFO - Filling up the DagBag from /home/airflow/.local/lib/python3.7/site-packages/airflow/example_dags/tutorial_dag.py
[2023-03-12T23:29:01.570+0000] {processor.py:753} INFO - DAG(s) dict_keys(['tutorial_dag']) retrieved from /home/airflow/.local/lib/python3.7/site-packages/airflow/example_dags/tutorial_dag.py
[2023-03-12T23:29:01.771+0000] {logging_mixin.py:137} INFO - [2023-03-12T23:29:01.767+0000] {dag.py:2690} INFO - Sync 1 DAGs
[2023-03-12T23:29:01.929+0000] {logging_mixin.py:137} INFO - [2023-03-12T23:29:01.928+0000] {dag.py:3441} INFO - Setting next_dagrun for tutorial_dag to None, run_after=None
[2023-03-12T23:29:02.068+0000] {processor.py:175} INFO - Processing /home/airflow/.local/lib/python3.7/site-packages/airflow/example_dags/tutorial_dag.py took 0.595 seconds
[2023-03-12T23:29:32.267+0000] {processor.py:153} INFO - Started process (PID=1539) to work on /home/airflow/.local/lib/python3.7/site-packages/airflow/example_dags/tutorial_dag.py
[2023-03-12T23:29:32.278+0000] {processor.py:743} INFO - Processing file /home/airflow/.local/lib/python3.7/site-packages/airflow/example_dags/tutorial_dag.py for tasks to queue
[2023-03-12T23:29:32.283+0000] {logging_mixin.py:137} INFO - [2023-03-12T23:29:32.283+0000] {dagbag.py:538} INFO - Filling up the DagBag from /home/airflow/.local/lib/python3.7/site-packages/airflow/example_dags/tutorial_dag.py
[2023-03-12T23:29:32.321+0000] {processor.py:753} INFO - DAG(s) dict_keys(['tutorial_dag']) retrieved from /home/airflow/.local/lib/python3.7/site-packages/airflow/example_dags/tutorial_dag.py
[2023-03-12T23:29:32.448+0000] {logging_mixin.py:137} INFO - [2023-03-12T23:29:32.448+0000] {dag.py:2690} INFO - Sync 1 DAGs
[2023-03-12T23:29:32.583+0000] {logging_mixin.py:137} INFO - [2023-03-12T23:29:32.582+0000] {dag.py:3441} INFO - Setting next_dagrun for tutorial_dag to None, run_after=None
[2023-03-12T23:29:32.766+0000] {processor.py:175} INFO - Processing /home/airflow/.local/lib/python3.7/site-packages/airflow/example_dags/tutorial_dag.py took 0.505 seconds
[2023-03-12T23:30:05.257+0000] {processor.py:153} INFO - Started process (PID=1608) to work on /home/airflow/.local/lib/python3.7/site-packages/airflow/example_dags/tutorial_dag.py
[2023-03-12T23:30:05.268+0000] {processor.py:743} INFO - Processing file /home/airflow/.local/lib/python3.7/site-packages/airflow/example_dags/tutorial_dag.py for tasks to queue
[2023-03-12T23:30:05.270+0000] {logging_mixin.py:137} INFO - [2023-03-12T23:30:05.270+0000] {dagbag.py:538} INFO - Filling up the DagBag from /home/airflow/.local/lib/python3.7/site-packages/airflow/example_dags/tutorial_dag.py
[2023-03-12T23:30:05.339+0000] {processor.py:753} INFO - DAG(s) dict_keys(['tutorial_dag']) retrieved from /home/airflow/.local/lib/python3.7/site-packages/airflow/example_dags/tutorial_dag.py
[2023-03-12T23:30:05.497+0000] {logging_mixin.py:137} INFO - [2023-03-12T23:30:05.497+0000] {dag.py:2690} INFO - Sync 1 DAGs
[2023-03-12T23:30:05.688+0000] {logging_mixin.py:137} INFO - [2023-03-12T23:30:05.688+0000] {dag.py:3441} INFO - Setting next_dagrun for tutorial_dag to None, run_after=None
[2023-03-12T23:30:05.791+0000] {processor.py:175} INFO - Processing /home/airflow/.local/lib/python3.7/site-packages/airflow/example_dags/tutorial_dag.py took 0.542 seconds
[2023-03-12T23:30:36.054+0000] {processor.py:153} INFO - Started process (PID=1677) to work on /home/airflow/.local/lib/python3.7/site-packages/airflow/example_dags/tutorial_dag.py
[2023-03-12T23:30:36.057+0000] {processor.py:743} INFO - Processing file /home/airflow/.local/lib/python3.7/site-packages/airflow/example_dags/tutorial_dag.py for tasks to queue
[2023-03-12T23:30:36.061+0000] {logging_mixin.py:137} INFO - [2023-03-12T23:30:36.061+0000] {dagbag.py:538} INFO - Filling up the DagBag from /home/airflow/.local/lib/python3.7/site-packages/airflow/example_dags/tutorial_dag.py
[2023-03-12T23:30:36.105+0000] {processor.py:753} INFO - DAG(s) dict_keys(['tutorial_dag']) retrieved from /home/airflow/.local/lib/python3.7/site-packages/airflow/example_dags/tutorial_dag.py
[2023-03-12T23:30:36.232+0000] {logging_mixin.py:137} INFO - [2023-03-12T23:30:36.232+0000] {dag.py:2690} INFO - Sync 1 DAGs
[2023-03-12T23:30:36.369+0000] {logging_mixin.py:137} INFO - [2023-03-12T23:30:36.369+0000] {dag.py:3441} INFO - Setting next_dagrun for tutorial_dag to None, run_after=None
[2023-03-12T23:30:36.435+0000] {processor.py:175} INFO - Processing /home/airflow/.local/lib/python3.7/site-packages/airflow/example_dags/tutorial_dag.py took 0.388 seconds
[2023-03-12T23:31:08.457+0000] {processor.py:153} INFO - Started process (PID=1750) to work on /home/airflow/.local/lib/python3.7/site-packages/airflow/example_dags/tutorial_dag.py
[2023-03-12T23:31:08.459+0000] {processor.py:743} INFO - Processing file /home/airflow/.local/lib/python3.7/site-packages/airflow/example_dags/tutorial_dag.py for tasks to queue
[2023-03-12T23:31:08.471+0000] {logging_mixin.py:137} INFO - [2023-03-12T23:31:08.471+0000] {dagbag.py:538} INFO - Filling up the DagBag from /home/airflow/.local/lib/python3.7/site-packages/airflow/example_dags/tutorial_dag.py
[2023-03-12T23:31:08.560+0000] {processor.py:753} INFO - DAG(s) dict_keys(['tutorial_dag']) retrieved from /home/airflow/.local/lib/python3.7/site-packages/airflow/example_dags/tutorial_dag.py
[2023-03-12T23:31:08.689+0000] {logging_mixin.py:137} INFO - [2023-03-12T23:31:08.689+0000] {dag.py:2690} INFO - Sync 1 DAGs
[2023-03-12T23:31:08.865+0000] {logging_mixin.py:137} INFO - [2023-03-12T23:31:08.865+0000] {dag.py:3441} INFO - Setting next_dagrun for tutorial_dag to None, run_after=None
[2023-03-12T23:31:09.023+0000] {processor.py:175} INFO - Processing /home/airflow/.local/lib/python3.7/site-packages/airflow/example_dags/tutorial_dag.py took 0.644 seconds
[2023-03-12T23:31:39.622+0000] {processor.py:153} INFO - Started process (PID=1811) to work on /home/airflow/.local/lib/python3.7/site-packages/airflow/example_dags/tutorial_dag.py
[2023-03-12T23:31:39.623+0000] {processor.py:743} INFO - Processing file /home/airflow/.local/lib/python3.7/site-packages/airflow/example_dags/tutorial_dag.py for tasks to queue
[2023-03-12T23:31:39.625+0000] {logging_mixin.py:137} INFO - [2023-03-12T23:31:39.625+0000] {dagbag.py:538} INFO - Filling up the DagBag from /home/airflow/.local/lib/python3.7/site-packages/airflow/example_dags/tutorial_dag.py
[2023-03-12T23:31:39.661+0000] {processor.py:753} INFO - DAG(s) dict_keys(['tutorial_dag']) retrieved from /home/airflow/.local/lib/python3.7/site-packages/airflow/example_dags/tutorial_dag.py
[2023-03-12T23:31:39.768+0000] {logging_mixin.py:137} INFO - [2023-03-12T23:31:39.768+0000] {dag.py:2690} INFO - Sync 1 DAGs
[2023-03-12T23:31:39.886+0000] {logging_mixin.py:137} INFO - [2023-03-12T23:31:39.885+0000] {dag.py:3441} INFO - Setting next_dagrun for tutorial_dag to None, run_after=None
[2023-03-12T23:31:39.973+0000] {processor.py:175} INFO - Processing /home/airflow/.local/lib/python3.7/site-packages/airflow/example_dags/tutorial_dag.py took 0.357 seconds
[2023-03-12T23:32:11.509+0000] {processor.py:153} INFO - Started process (PID=1888) to work on /home/airflow/.local/lib/python3.7/site-packages/airflow/example_dags/tutorial_dag.py
[2023-03-12T23:32:11.518+0000] {processor.py:743} INFO - Processing file /home/airflow/.local/lib/python3.7/site-packages/airflow/example_dags/tutorial_dag.py for tasks to queue
[2023-03-12T23:32:11.521+0000] {logging_mixin.py:137} INFO - [2023-03-12T23:32:11.520+0000] {dagbag.py:538} INFO - Filling up the DagBag from /home/airflow/.local/lib/python3.7/site-packages/airflow/example_dags/tutorial_dag.py
[2023-03-12T23:32:11.607+0000] {processor.py:753} INFO - DAG(s) dict_keys(['tutorial_dag']) retrieved from /home/airflow/.local/lib/python3.7/site-packages/airflow/example_dags/tutorial_dag.py
[2023-03-12T23:32:11.782+0000] {logging_mixin.py:137} INFO - [2023-03-12T23:32:11.782+0000] {dag.py:2690} INFO - Sync 1 DAGs
[2023-03-12T23:32:11.941+0000] {logging_mixin.py:137} INFO - [2023-03-12T23:32:11.941+0000] {dag.py:3441} INFO - Setting next_dagrun for tutorial_dag to None, run_after=None
[2023-03-12T23:32:12.029+0000] {processor.py:175} INFO - Processing /home/airflow/.local/lib/python3.7/site-packages/airflow/example_dags/tutorial_dag.py took 0.538 seconds
[2023-03-12T23:32:43.601+0000] {processor.py:153} INFO - Started process (PID=1957) to work on /home/airflow/.local/lib/python3.7/site-packages/airflow/example_dags/tutorial_dag.py
[2023-03-12T23:32:43.613+0000] {processor.py:743} INFO - Processing file /home/airflow/.local/lib/python3.7/site-packages/airflow/example_dags/tutorial_dag.py for tasks to queue
[2023-03-12T23:32:43.627+0000] {logging_mixin.py:137} INFO - [2023-03-12T23:32:43.626+0000] {dagbag.py:538} INFO - Filling up the DagBag from /home/airflow/.local/lib/python3.7/site-packages/airflow/example_dags/tutorial_dag.py
[2023-03-12T23:32:43.693+0000] {processor.py:753} INFO - DAG(s) dict_keys(['tutorial_dag']) retrieved from /home/airflow/.local/lib/python3.7/site-packages/airflow/example_dags/tutorial_dag.py
[2023-03-12T23:32:43.854+0000] {logging_mixin.py:137} INFO - [2023-03-12T23:32:43.854+0000] {dag.py:2690} INFO - Sync 1 DAGs
[2023-03-12T23:32:44.014+0000] {logging_mixin.py:137} INFO - [2023-03-12T23:32:44.013+0000] {dag.py:3441} INFO - Setting next_dagrun for tutorial_dag to None, run_after=None
[2023-03-12T23:32:44.111+0000] {processor.py:175} INFO - Processing /home/airflow/.local/lib/python3.7/site-packages/airflow/example_dags/tutorial_dag.py took 0.527 seconds
[2023-03-12T23:33:14.471+0000] {processor.py:153} INFO - Started process (PID=2021) to work on /home/airflow/.local/lib/python3.7/site-packages/airflow/example_dags/tutorial_dag.py
[2023-03-12T23:33:14.481+0000] {processor.py:743} INFO - Processing file /home/airflow/.local/lib/python3.7/site-packages/airflow/example_dags/tutorial_dag.py for tasks to queue
[2023-03-12T23:33:14.483+0000] {logging_mixin.py:137} INFO - [2023-03-12T23:33:14.483+0000] {dagbag.py:538} INFO - Filling up the DagBag from /home/airflow/.local/lib/python3.7/site-packages/airflow/example_dags/tutorial_dag.py
[2023-03-12T23:33:14.537+0000] {processor.py:753} INFO - DAG(s) dict_keys(['tutorial_dag']) retrieved from /home/airflow/.local/lib/python3.7/site-packages/airflow/example_dags/tutorial_dag.py
[2023-03-12T23:33:14.626+0000] {logging_mixin.py:137} INFO - [2023-03-12T23:33:14.626+0000] {dag.py:2690} INFO - Sync 1 DAGs
[2023-03-12T23:33:14.714+0000] {logging_mixin.py:137} INFO - [2023-03-12T23:33:14.714+0000] {dag.py:3441} INFO - Setting next_dagrun for tutorial_dag to None, run_after=None
[2023-03-12T23:33:14.786+0000] {processor.py:175} INFO - Processing /home/airflow/.local/lib/python3.7/site-packages/airflow/example_dags/tutorial_dag.py took 0.325 seconds
[2023-03-12T23:33:45.666+0000] {processor.py:153} INFO - Started process (PID=2094) to work on /home/airflow/.local/lib/python3.7/site-packages/airflow/example_dags/tutorial_dag.py
[2023-03-12T23:33:45.667+0000] {processor.py:743} INFO - Processing file /home/airflow/.local/lib/python3.7/site-packages/airflow/example_dags/tutorial_dag.py for tasks to queue
[2023-03-12T23:33:45.669+0000] {logging_mixin.py:137} INFO - [2023-03-12T23:33:45.669+0000] {dagbag.py:538} INFO - Filling up the DagBag from /home/airflow/.local/lib/python3.7/site-packages/airflow/example_dags/tutorial_dag.py
[2023-03-12T23:33:45.690+0000] {processor.py:753} INFO - DAG(s) dict_keys(['tutorial_dag']) retrieved from /home/airflow/.local/lib/python3.7/site-packages/airflow/example_dags/tutorial_dag.py
[2023-03-12T23:33:45.727+0000] {logging_mixin.py:137} INFO - [2023-03-12T23:33:45.727+0000] {dag.py:2690} INFO - Sync 1 DAGs
[2023-03-12T23:33:45.773+0000] {logging_mixin.py:137} INFO - [2023-03-12T23:33:45.772+0000] {dag.py:3441} INFO - Setting next_dagrun for tutorial_dag to None, run_after=None
[2023-03-12T23:33:45.808+0000] {processor.py:175} INFO - Processing /home/airflow/.local/lib/python3.7/site-packages/airflow/example_dags/tutorial_dag.py took 0.148 seconds
[2023-03-12T23:34:16.201+0000] {processor.py:153} INFO - Started process (PID=2168) to work on /home/airflow/.local/lib/python3.7/site-packages/airflow/example_dags/tutorial_dag.py
[2023-03-12T23:34:16.206+0000] {processor.py:743} INFO - Processing file /home/airflow/.local/lib/python3.7/site-packages/airflow/example_dags/tutorial_dag.py for tasks to queue
[2023-03-12T23:34:16.215+0000] {logging_mixin.py:137} INFO - [2023-03-12T23:34:16.215+0000] {dagbag.py:538} INFO - Filling up the DagBag from /home/airflow/.local/lib/python3.7/site-packages/airflow/example_dags/tutorial_dag.py
[2023-03-12T23:34:16.272+0000] {processor.py:753} INFO - DAG(s) dict_keys(['tutorial_dag']) retrieved from /home/airflow/.local/lib/python3.7/site-packages/airflow/example_dags/tutorial_dag.py
[2023-03-12T23:34:16.408+0000] {logging_mixin.py:137} INFO - [2023-03-12T23:34:16.408+0000] {dag.py:2690} INFO - Sync 1 DAGs
[2023-03-12T23:34:16.553+0000] {logging_mixin.py:137} INFO - [2023-03-12T23:34:16.552+0000] {dag.py:3441} INFO - Setting next_dagrun for tutorial_dag to None, run_after=None
[2023-03-12T23:34:16.624+0000] {processor.py:175} INFO - Processing /home/airflow/.local/lib/python3.7/site-packages/airflow/example_dags/tutorial_dag.py took 0.441 seconds
[2023-03-12T23:34:47.360+0000] {processor.py:153} INFO - Started process (PID=2244) to work on /home/airflow/.local/lib/python3.7/site-packages/airflow/example_dags/tutorial_dag.py
[2023-03-12T23:34:47.380+0000] {processor.py:743} INFO - Processing file /home/airflow/.local/lib/python3.7/site-packages/airflow/example_dags/tutorial_dag.py for tasks to queue
[2023-03-12T23:34:47.403+0000] {logging_mixin.py:137} INFO - [2023-03-12T23:34:47.403+0000] {dagbag.py:538} INFO - Filling up the DagBag from /home/airflow/.local/lib/python3.7/site-packages/airflow/example_dags/tutorial_dag.py
[2023-03-12T23:34:47.470+0000] {processor.py:753} INFO - DAG(s) dict_keys(['tutorial_dag']) retrieved from /home/airflow/.local/lib/python3.7/site-packages/airflow/example_dags/tutorial_dag.py
[2023-03-12T23:34:47.626+0000] {logging_mixin.py:137} INFO - [2023-03-12T23:34:47.625+0000] {dag.py:2690} INFO - Sync 1 DAGs
[2023-03-12T23:34:47.807+0000] {logging_mixin.py:137} INFO - [2023-03-12T23:34:47.806+0000] {dag.py:3441} INFO - Setting next_dagrun for tutorial_dag to None, run_after=None
[2023-03-12T23:34:47.928+0000] {processor.py:175} INFO - Processing /home/airflow/.local/lib/python3.7/site-packages/airflow/example_dags/tutorial_dag.py took 0.578 seconds
[2023-03-12T23:35:18.561+0000] {processor.py:153} INFO - Started process (PID=2314) to work on /home/airflow/.local/lib/python3.7/site-packages/airflow/example_dags/tutorial_dag.py
[2023-03-12T23:35:18.567+0000] {processor.py:743} INFO - Processing file /home/airflow/.local/lib/python3.7/site-packages/airflow/example_dags/tutorial_dag.py for tasks to queue
[2023-03-12T23:35:18.578+0000] {logging_mixin.py:137} INFO - [2023-03-12T23:35:18.578+0000] {dagbag.py:538} INFO - Filling up the DagBag from /home/airflow/.local/lib/python3.7/site-packages/airflow/example_dags/tutorial_dag.py
[2023-03-12T23:35:18.650+0000] {processor.py:753} INFO - DAG(s) dict_keys(['tutorial_dag']) retrieved from /home/airflow/.local/lib/python3.7/site-packages/airflow/example_dags/tutorial_dag.py
[2023-03-12T23:35:18.759+0000] {logging_mixin.py:137} INFO - [2023-03-12T23:35:18.759+0000] {dag.py:2690} INFO - Sync 1 DAGs
[2023-03-12T23:35:18.873+0000] {logging_mixin.py:137} INFO - [2023-03-12T23:35:18.872+0000] {dag.py:3441} INFO - Setting next_dagrun for tutorial_dag to None, run_after=None
[2023-03-12T23:35:18.994+0000] {processor.py:175} INFO - Processing /home/airflow/.local/lib/python3.7/site-packages/airflow/example_dags/tutorial_dag.py took 0.456 seconds
[2023-03-12T23:35:49.276+0000] {processor.py:153} INFO - Started process (PID=2380) to work on /home/airflow/.local/lib/python3.7/site-packages/airflow/example_dags/tutorial_dag.py
[2023-03-12T23:35:49.278+0000] {processor.py:743} INFO - Processing file /home/airflow/.local/lib/python3.7/site-packages/airflow/example_dags/tutorial_dag.py for tasks to queue
[2023-03-12T23:35:49.280+0000] {logging_mixin.py:137} INFO - [2023-03-12T23:35:49.279+0000] {dagbag.py:538} INFO - Filling up the DagBag from /home/airflow/.local/lib/python3.7/site-packages/airflow/example_dags/tutorial_dag.py
[2023-03-12T23:35:49.317+0000] {processor.py:753} INFO - DAG(s) dict_keys(['tutorial_dag']) retrieved from /home/airflow/.local/lib/python3.7/site-packages/airflow/example_dags/tutorial_dag.py
[2023-03-12T23:35:49.399+0000] {logging_mixin.py:137} INFO - [2023-03-12T23:35:49.398+0000] {dag.py:2690} INFO - Sync 1 DAGs
[2023-03-12T23:35:49.462+0000] {logging_mixin.py:137} INFO - [2023-03-12T23:35:49.462+0000] {dag.py:3441} INFO - Setting next_dagrun for tutorial_dag to None, run_after=None
[2023-03-12T23:35:49.536+0000] {processor.py:175} INFO - Processing /home/airflow/.local/lib/python3.7/site-packages/airflow/example_dags/tutorial_dag.py took 0.267 seconds
[2023-03-12T23:36:19.763+0000] {processor.py:153} INFO - Started process (PID=2453) to work on /home/airflow/.local/lib/python3.7/site-packages/airflow/example_dags/tutorial_dag.py
[2023-03-12T23:36:19.767+0000] {processor.py:743} INFO - Processing file /home/airflow/.local/lib/python3.7/site-packages/airflow/example_dags/tutorial_dag.py for tasks to queue
[2023-03-12T23:36:19.769+0000] {logging_mixin.py:137} INFO - [2023-03-12T23:36:19.769+0000] {dagbag.py:538} INFO - Filling up the DagBag from /home/airflow/.local/lib/python3.7/site-packages/airflow/example_dags/tutorial_dag.py
[2023-03-12T23:36:19.808+0000] {processor.py:753} INFO - DAG(s) dict_keys(['tutorial_dag']) retrieved from /home/airflow/.local/lib/python3.7/site-packages/airflow/example_dags/tutorial_dag.py
[2023-03-12T23:36:19.950+0000] {logging_mixin.py:137} INFO - [2023-03-12T23:36:19.950+0000] {dag.py:2690} INFO - Sync 1 DAGs
[2023-03-12T23:36:20.062+0000] {logging_mixin.py:137} INFO - [2023-03-12T23:36:20.062+0000] {dag.py:3441} INFO - Setting next_dagrun for tutorial_dag to None, run_after=None
[2023-03-12T23:36:20.177+0000] {processor.py:175} INFO - Processing /home/airflow/.local/lib/python3.7/site-packages/airflow/example_dags/tutorial_dag.py took 0.427 seconds
[2023-03-12T23:36:50.641+0000] {processor.py:153} INFO - Started process (PID=2520) to work on /home/airflow/.local/lib/python3.7/site-packages/airflow/example_dags/tutorial_dag.py
[2023-03-12T23:36:50.651+0000] {processor.py:743} INFO - Processing file /home/airflow/.local/lib/python3.7/site-packages/airflow/example_dags/tutorial_dag.py for tasks to queue
[2023-03-12T23:36:50.668+0000] {logging_mixin.py:137} INFO - [2023-03-12T23:36:50.667+0000] {dagbag.py:538} INFO - Filling up the DagBag from /home/airflow/.local/lib/python3.7/site-packages/airflow/example_dags/tutorial_dag.py
[2023-03-12T23:36:50.761+0000] {processor.py:753} INFO - DAG(s) dict_keys(['tutorial_dag']) retrieved from /home/airflow/.local/lib/python3.7/site-packages/airflow/example_dags/tutorial_dag.py
[2023-03-12T23:36:50.867+0000] {logging_mixin.py:137} INFO - [2023-03-12T23:36:50.867+0000] {dag.py:2690} INFO - Sync 1 DAGs
[2023-03-12T23:36:50.965+0000] {logging_mixin.py:137} INFO - [2023-03-12T23:36:50.964+0000] {dag.py:3441} INFO - Setting next_dagrun for tutorial_dag to None, run_after=None
[2023-03-12T23:36:51.063+0000] {processor.py:175} INFO - Processing /home/airflow/.local/lib/python3.7/site-packages/airflow/example_dags/tutorial_dag.py took 0.428 seconds
[2023-03-12T23:37:21.506+0000] {processor.py:153} INFO - Started process (PID=2584) to work on /home/airflow/.local/lib/python3.7/site-packages/airflow/example_dags/tutorial_dag.py
[2023-03-12T23:37:21.507+0000] {processor.py:743} INFO - Processing file /home/airflow/.local/lib/python3.7/site-packages/airflow/example_dags/tutorial_dag.py for tasks to queue
[2023-03-12T23:37:21.510+0000] {logging_mixin.py:137} INFO - [2023-03-12T23:37:21.509+0000] {dagbag.py:538} INFO - Filling up the DagBag from /home/airflow/.local/lib/python3.7/site-packages/airflow/example_dags/tutorial_dag.py
[2023-03-12T23:37:21.545+0000] {processor.py:753} INFO - DAG(s) dict_keys(['tutorial_dag']) retrieved from /home/airflow/.local/lib/python3.7/site-packages/airflow/example_dags/tutorial_dag.py
[2023-03-12T23:37:21.619+0000] {logging_mixin.py:137} INFO - [2023-03-12T23:37:21.618+0000] {dag.py:2690} INFO - Sync 1 DAGs
[2023-03-12T23:37:21.687+0000] {logging_mixin.py:137} INFO - [2023-03-12T23:37:21.687+0000] {dag.py:3441} INFO - Setting next_dagrun for tutorial_dag to None, run_after=None
[2023-03-12T23:37:21.727+0000] {processor.py:175} INFO - Processing /home/airflow/.local/lib/python3.7/site-packages/airflow/example_dags/tutorial_dag.py took 0.230 seconds
[2023-03-12T23:37:52.469+0000] {processor.py:153} INFO - Started process (PID=2660) to work on /home/airflow/.local/lib/python3.7/site-packages/airflow/example_dags/tutorial_dag.py
[2023-03-12T23:37:52.471+0000] {processor.py:743} INFO - Processing file /home/airflow/.local/lib/python3.7/site-packages/airflow/example_dags/tutorial_dag.py for tasks to queue
[2023-03-12T23:37:52.473+0000] {logging_mixin.py:137} INFO - [2023-03-12T23:37:52.472+0000] {dagbag.py:538} INFO - Filling up the DagBag from /home/airflow/.local/lib/python3.7/site-packages/airflow/example_dags/tutorial_dag.py
[2023-03-12T23:37:52.487+0000] {processor.py:753} INFO - DAG(s) dict_keys(['tutorial_dag']) retrieved from /home/airflow/.local/lib/python3.7/site-packages/airflow/example_dags/tutorial_dag.py
[2023-03-12T23:37:52.522+0000] {logging_mixin.py:137} INFO - [2023-03-12T23:37:52.522+0000] {dag.py:2690} INFO - Sync 1 DAGs
[2023-03-12T23:37:52.555+0000] {logging_mixin.py:137} INFO - [2023-03-12T23:37:52.555+0000] {dag.py:3441} INFO - Setting next_dagrun for tutorial_dag to None, run_after=None
[2023-03-12T23:37:52.592+0000] {processor.py:175} INFO - Processing /home/airflow/.local/lib/python3.7/site-packages/airflow/example_dags/tutorial_dag.py took 0.131 seconds
[2023-03-12T23:38:23.594+0000] {processor.py:153} INFO - Started process (PID=2733) to work on /home/airflow/.local/lib/python3.7/site-packages/airflow/example_dags/tutorial_dag.py
[2023-03-12T23:38:23.618+0000] {processor.py:743} INFO - Processing file /home/airflow/.local/lib/python3.7/site-packages/airflow/example_dags/tutorial_dag.py for tasks to queue
[2023-03-12T23:38:23.635+0000] {logging_mixin.py:137} INFO - [2023-03-12T23:38:23.634+0000] {dagbag.py:538} INFO - Filling up the DagBag from /home/airflow/.local/lib/python3.7/site-packages/airflow/example_dags/tutorial_dag.py
[2023-03-12T23:38:23.777+0000] {processor.py:753} INFO - DAG(s) dict_keys(['tutorial_dag']) retrieved from /home/airflow/.local/lib/python3.7/site-packages/airflow/example_dags/tutorial_dag.py
[2023-03-12T23:38:23.934+0000] {logging_mixin.py:137} INFO - [2023-03-12T23:38:23.934+0000] {dag.py:2690} INFO - Sync 1 DAGs
[2023-03-12T23:38:24.067+0000] {logging_mixin.py:137} INFO - [2023-03-12T23:38:24.066+0000] {dag.py:3441} INFO - Setting next_dagrun for tutorial_dag to None, run_after=None
[2023-03-12T23:38:24.164+0000] {processor.py:175} INFO - Processing /home/airflow/.local/lib/python3.7/site-packages/airflow/example_dags/tutorial_dag.py took 0.590 seconds
[2023-03-12T23:38:54.980+0000] {processor.py:153} INFO - Started process (PID=2802) to work on /home/airflow/.local/lib/python3.7/site-packages/airflow/example_dags/tutorial_dag.py
[2023-03-12T23:38:54.992+0000] {processor.py:743} INFO - Processing file /home/airflow/.local/lib/python3.7/site-packages/airflow/example_dags/tutorial_dag.py for tasks to queue
[2023-03-12T23:38:55.023+0000] {logging_mixin.py:137} INFO - [2023-03-12T23:38:55.023+0000] {dagbag.py:538} INFO - Filling up the DagBag from /home/airflow/.local/lib/python3.7/site-packages/airflow/example_dags/tutorial_dag.py
[2023-03-12T23:38:55.079+0000] {processor.py:753} INFO - DAG(s) dict_keys(['tutorial_dag']) retrieved from /home/airflow/.local/lib/python3.7/site-packages/airflow/example_dags/tutorial_dag.py
[2023-03-12T23:38:55.221+0000] {logging_mixin.py:137} INFO - [2023-03-12T23:38:55.221+0000] {dag.py:2690} INFO - Sync 1 DAGs
[2023-03-12T23:38:55.339+0000] {logging_mixin.py:137} INFO - [2023-03-12T23:38:55.339+0000] {dag.py:3441} INFO - Setting next_dagrun for tutorial_dag to None, run_after=None
[2023-03-12T23:38:55.434+0000] {processor.py:175} INFO - Processing /home/airflow/.local/lib/python3.7/site-packages/airflow/example_dags/tutorial_dag.py took 0.462 seconds
[2023-03-12T23:39:26.234+0000] {processor.py:153} INFO - Started process (PID=2878) to work on /home/airflow/.local/lib/python3.7/site-packages/airflow/example_dags/tutorial_dag.py
[2023-03-12T23:39:26.236+0000] {processor.py:743} INFO - Processing file /home/airflow/.local/lib/python3.7/site-packages/airflow/example_dags/tutorial_dag.py for tasks to queue
[2023-03-12T23:39:26.238+0000] {logging_mixin.py:137} INFO - [2023-03-12T23:39:26.237+0000] {dagbag.py:538} INFO - Filling up the DagBag from /home/airflow/.local/lib/python3.7/site-packages/airflow/example_dags/tutorial_dag.py
[2023-03-12T23:39:26.270+0000] {processor.py:753} INFO - DAG(s) dict_keys(['tutorial_dag']) retrieved from /home/airflow/.local/lib/python3.7/site-packages/airflow/example_dags/tutorial_dag.py
[2023-03-12T23:39:26.369+0000] {logging_mixin.py:137} INFO - [2023-03-12T23:39:26.369+0000] {dag.py:2690} INFO - Sync 1 DAGs
[2023-03-12T23:39:26.429+0000] {logging_mixin.py:137} INFO - [2023-03-12T23:39:26.428+0000] {dag.py:3441} INFO - Setting next_dagrun for tutorial_dag to None, run_after=None
[2023-03-12T23:39:26.474+0000] {processor.py:175} INFO - Processing /home/airflow/.local/lib/python3.7/site-packages/airflow/example_dags/tutorial_dag.py took 0.247 seconds
[2023-03-12T23:39:58.074+0000] {processor.py:153} INFO - Started process (PID=2955) to work on /home/airflow/.local/lib/python3.7/site-packages/airflow/example_dags/tutorial_dag.py
[2023-03-12T23:39:58.077+0000] {processor.py:743} INFO - Processing file /home/airflow/.local/lib/python3.7/site-packages/airflow/example_dags/tutorial_dag.py for tasks to queue
[2023-03-12T23:39:58.080+0000] {logging_mixin.py:137} INFO - [2023-03-12T23:39:58.080+0000] {dagbag.py:538} INFO - Filling up the DagBag from /home/airflow/.local/lib/python3.7/site-packages/airflow/example_dags/tutorial_dag.py
[2023-03-12T23:39:58.142+0000] {processor.py:753} INFO - DAG(s) dict_keys(['tutorial_dag']) retrieved from /home/airflow/.local/lib/python3.7/site-packages/airflow/example_dags/tutorial_dag.py
[2023-03-12T23:39:58.205+0000] {logging_mixin.py:137} INFO - [2023-03-12T23:39:58.204+0000] {dag.py:2690} INFO - Sync 1 DAGs
[2023-03-12T23:39:58.263+0000] {logging_mixin.py:137} INFO - [2023-03-12T23:39:58.263+0000] {dag.py:3441} INFO - Setting next_dagrun for tutorial_dag to None, run_after=None
[2023-03-12T23:39:58.316+0000] {processor.py:175} INFO - Processing /home/airflow/.local/lib/python3.7/site-packages/airflow/example_dags/tutorial_dag.py took 0.259 seconds
[2023-03-12T23:40:29.488+0000] {processor.py:153} INFO - Started process (PID=3035) to work on /home/airflow/.local/lib/python3.7/site-packages/airflow/example_dags/tutorial_dag.py
[2023-03-12T23:40:29.490+0000] {processor.py:743} INFO - Processing file /home/airflow/.local/lib/python3.7/site-packages/airflow/example_dags/tutorial_dag.py for tasks to queue
[2023-03-12T23:40:29.492+0000] {logging_mixin.py:137} INFO - [2023-03-12T23:40:29.491+0000] {dagbag.py:538} INFO - Filling up the DagBag from /home/airflow/.local/lib/python3.7/site-packages/airflow/example_dags/tutorial_dag.py
[2023-03-12T23:40:29.541+0000] {processor.py:753} INFO - DAG(s) dict_keys(['tutorial_dag']) retrieved from /home/airflow/.local/lib/python3.7/site-packages/airflow/example_dags/tutorial_dag.py
[2023-03-12T23:40:29.650+0000] {logging_mixin.py:137} INFO - [2023-03-12T23:40:29.649+0000] {dag.py:2690} INFO - Sync 1 DAGs
[2023-03-12T23:40:29.721+0000] {logging_mixin.py:137} INFO - [2023-03-12T23:40:29.720+0000] {dag.py:3441} INFO - Setting next_dagrun for tutorial_dag to None, run_after=None
[2023-03-12T23:40:29.795+0000] {processor.py:175} INFO - Processing /home/airflow/.local/lib/python3.7/site-packages/airflow/example_dags/tutorial_dag.py took 0.324 seconds
[2023-03-12T23:41:00.936+0000] {processor.py:153} INFO - Started process (PID=3105) to work on /home/airflow/.local/lib/python3.7/site-packages/airflow/example_dags/tutorial_dag.py
[2023-03-12T23:41:00.950+0000] {processor.py:743} INFO - Processing file /home/airflow/.local/lib/python3.7/site-packages/airflow/example_dags/tutorial_dag.py for tasks to queue
[2023-03-12T23:41:00.953+0000] {logging_mixin.py:137} INFO - [2023-03-12T23:41:00.952+0000] {dagbag.py:538} INFO - Filling up the DagBag from /home/airflow/.local/lib/python3.7/site-packages/airflow/example_dags/tutorial_dag.py
[2023-03-12T23:41:01.000+0000] {processor.py:753} INFO - DAG(s) dict_keys(['tutorial_dag']) retrieved from /home/airflow/.local/lib/python3.7/site-packages/airflow/example_dags/tutorial_dag.py
[2023-03-12T23:41:01.075+0000] {logging_mixin.py:137} INFO - [2023-03-12T23:41:01.074+0000] {dag.py:2690} INFO - Sync 1 DAGs
[2023-03-12T23:41:01.213+0000] {logging_mixin.py:137} INFO - [2023-03-12T23:41:01.212+0000] {dag.py:3441} INFO - Setting next_dagrun for tutorial_dag to None, run_after=None
[2023-03-12T23:41:01.323+0000] {processor.py:175} INFO - Processing /home/airflow/.local/lib/python3.7/site-packages/airflow/example_dags/tutorial_dag.py took 0.405 seconds
[2023-03-12T23:41:31.612+0000] {processor.py:153} INFO - Started process (PID=3177) to work on /home/airflow/.local/lib/python3.7/site-packages/airflow/example_dags/tutorial_dag.py
[2023-03-12T23:41:31.614+0000] {processor.py:743} INFO - Processing file /home/airflow/.local/lib/python3.7/site-packages/airflow/example_dags/tutorial_dag.py for tasks to queue
[2023-03-12T23:41:31.617+0000] {logging_mixin.py:137} INFO - [2023-03-12T23:41:31.617+0000] {dagbag.py:538} INFO - Filling up the DagBag from /home/airflow/.local/lib/python3.7/site-packages/airflow/example_dags/tutorial_dag.py
[2023-03-12T23:41:31.638+0000] {processor.py:753} INFO - DAG(s) dict_keys(['tutorial_dag']) retrieved from /home/airflow/.local/lib/python3.7/site-packages/airflow/example_dags/tutorial_dag.py
[2023-03-12T23:41:31.682+0000] {logging_mixin.py:137} INFO - [2023-03-12T23:41:31.681+0000] {dag.py:2690} INFO - Sync 1 DAGs
[2023-03-12T23:41:31.746+0000] {logging_mixin.py:137} INFO - [2023-03-12T23:41:31.746+0000] {dag.py:3441} INFO - Setting next_dagrun for tutorial_dag to None, run_after=None
[2023-03-12T23:41:31.833+0000] {processor.py:175} INFO - Processing /home/airflow/.local/lib/python3.7/site-packages/airflow/example_dags/tutorial_dag.py took 0.227 seconds
[2023-03-12T23:42:03.788+0000] {processor.py:153} INFO - Started process (PID=3250) to work on /home/airflow/.local/lib/python3.7/site-packages/airflow/example_dags/tutorial_dag.py
[2023-03-12T23:42:03.790+0000] {processor.py:743} INFO - Processing file /home/airflow/.local/lib/python3.7/site-packages/airflow/example_dags/tutorial_dag.py for tasks to queue
[2023-03-12T23:42:03.792+0000] {logging_mixin.py:137} INFO - [2023-03-12T23:42:03.792+0000] {dagbag.py:538} INFO - Filling up the DagBag from /home/airflow/.local/lib/python3.7/site-packages/airflow/example_dags/tutorial_dag.py
[2023-03-12T23:42:03.857+0000] {processor.py:753} INFO - DAG(s) dict_keys(['tutorial_dag']) retrieved from /home/airflow/.local/lib/python3.7/site-packages/airflow/example_dags/tutorial_dag.py
[2023-03-12T23:42:04.016+0000] {logging_mixin.py:137} INFO - [2023-03-12T23:42:04.016+0000] {dag.py:2690} INFO - Sync 1 DAGs
[2023-03-12T23:42:04.156+0000] {logging_mixin.py:137} INFO - [2023-03-12T23:42:04.156+0000] {dag.py:3441} INFO - Setting next_dagrun for tutorial_dag to None, run_after=None
[2023-03-12T23:42:04.231+0000] {processor.py:175} INFO - Processing /home/airflow/.local/lib/python3.7/site-packages/airflow/example_dags/tutorial_dag.py took 0.461 seconds
[2023-03-12T23:42:34.839+0000] {processor.py:153} INFO - Started process (PID=3316) to work on /home/airflow/.local/lib/python3.7/site-packages/airflow/example_dags/tutorial_dag.py
[2023-03-12T23:42:34.844+0000] {processor.py:743} INFO - Processing file /home/airflow/.local/lib/python3.7/site-packages/airflow/example_dags/tutorial_dag.py for tasks to queue
[2023-03-12T23:42:34.846+0000] {logging_mixin.py:137} INFO - [2023-03-12T23:42:34.846+0000] {dagbag.py:538} INFO - Filling up the DagBag from /home/airflow/.local/lib/python3.7/site-packages/airflow/example_dags/tutorial_dag.py
[2023-03-12T23:42:34.879+0000] {processor.py:753} INFO - DAG(s) dict_keys(['tutorial_dag']) retrieved from /home/airflow/.local/lib/python3.7/site-packages/airflow/example_dags/tutorial_dag.py
[2023-03-12T23:42:34.946+0000] {logging_mixin.py:137} INFO - [2023-03-12T23:42:34.946+0000] {dag.py:2690} INFO - Sync 1 DAGs
[2023-03-12T23:42:35.005+0000] {logging_mixin.py:137} INFO - [2023-03-12T23:42:35.005+0000] {dag.py:3441} INFO - Setting next_dagrun for tutorial_dag to None, run_after=None
[2023-03-12T23:42:35.055+0000] {processor.py:175} INFO - Processing /home/airflow/.local/lib/python3.7/site-packages/airflow/example_dags/tutorial_dag.py took 0.225 seconds
[2023-03-12T23:43:05.923+0000] {processor.py:153} INFO - Started process (PID=3386) to work on /home/airflow/.local/lib/python3.7/site-packages/airflow/example_dags/tutorial_dag.py
[2023-03-12T23:43:05.927+0000] {processor.py:743} INFO - Processing file /home/airflow/.local/lib/python3.7/site-packages/airflow/example_dags/tutorial_dag.py for tasks to queue
[2023-03-12T23:43:05.930+0000] {logging_mixin.py:137} INFO - [2023-03-12T23:43:05.929+0000] {dagbag.py:538} INFO - Filling up the DagBag from /home/airflow/.local/lib/python3.7/site-packages/airflow/example_dags/tutorial_dag.py
[2023-03-12T23:43:05.965+0000] {processor.py:753} INFO - DAG(s) dict_keys(['tutorial_dag']) retrieved from /home/airflow/.local/lib/python3.7/site-packages/airflow/example_dags/tutorial_dag.py
[2023-03-12T23:43:06.049+0000] {logging_mixin.py:137} INFO - [2023-03-12T23:43:06.049+0000] {dag.py:2690} INFO - Sync 1 DAGs
[2023-03-12T23:43:06.114+0000] {logging_mixin.py:137} INFO - [2023-03-12T23:43:06.114+0000] {dag.py:3441} INFO - Setting next_dagrun for tutorial_dag to None, run_after=None
[2023-03-12T23:43:06.159+0000] {processor.py:175} INFO - Processing /home/airflow/.local/lib/python3.7/site-packages/airflow/example_dags/tutorial_dag.py took 0.242 seconds
[2023-03-12T23:43:36.562+0000] {processor.py:153} INFO - Started process (PID=3453) to work on /home/airflow/.local/lib/python3.7/site-packages/airflow/example_dags/tutorial_dag.py
[2023-03-12T23:43:36.564+0000] {processor.py:743} INFO - Processing file /home/airflow/.local/lib/python3.7/site-packages/airflow/example_dags/tutorial_dag.py for tasks to queue
[2023-03-12T23:43:36.566+0000] {logging_mixin.py:137} INFO - [2023-03-12T23:43:36.566+0000] {dagbag.py:538} INFO - Filling up the DagBag from /home/airflow/.local/lib/python3.7/site-packages/airflow/example_dags/tutorial_dag.py
[2023-03-12T23:43:36.601+0000] {processor.py:753} INFO - DAG(s) dict_keys(['tutorial_dag']) retrieved from /home/airflow/.local/lib/python3.7/site-packages/airflow/example_dags/tutorial_dag.py
[2023-03-12T23:43:37.056+0000] {logging_mixin.py:137} INFO - [2023-03-12T23:43:37.056+0000] {dag.py:2690} INFO - Sync 1 DAGs
[2023-03-12T23:43:37.219+0000] {logging_mixin.py:137} INFO - [2023-03-12T23:43:37.218+0000] {dag.py:3441} INFO - Setting next_dagrun for tutorial_dag to None, run_after=None
[2023-03-12T23:43:37.319+0000] {processor.py:175} INFO - Processing /home/airflow/.local/lib/python3.7/site-packages/airflow/example_dags/tutorial_dag.py took 0.764 seconds
[2023-03-12T23:44:08.755+0000] {processor.py:153} INFO - Started process (PID=3526) to work on /home/airflow/.local/lib/python3.7/site-packages/airflow/example_dags/tutorial_dag.py
[2023-03-12T23:44:08.756+0000] {processor.py:743} INFO - Processing file /home/airflow/.local/lib/python3.7/site-packages/airflow/example_dags/tutorial_dag.py for tasks to queue
[2023-03-12T23:44:08.758+0000] {logging_mixin.py:137} INFO - [2023-03-12T23:44:08.758+0000] {dagbag.py:538} INFO - Filling up the DagBag from /home/airflow/.local/lib/python3.7/site-packages/airflow/example_dags/tutorial_dag.py
[2023-03-12T23:44:08.780+0000] {processor.py:753} INFO - DAG(s) dict_keys(['tutorial_dag']) retrieved from /home/airflow/.local/lib/python3.7/site-packages/airflow/example_dags/tutorial_dag.py
[2023-03-12T23:44:08.837+0000] {logging_mixin.py:137} INFO - [2023-03-12T23:44:08.837+0000] {dag.py:2690} INFO - Sync 1 DAGs
[2023-03-12T23:44:08.886+0000] {logging_mixin.py:137} INFO - [2023-03-12T23:44:08.885+0000] {dag.py:3441} INFO - Setting next_dagrun for tutorial_dag to None, run_after=None
[2023-03-12T23:44:08.923+0000] {processor.py:175} INFO - Processing /home/airflow/.local/lib/python3.7/site-packages/airflow/example_dags/tutorial_dag.py took 0.173 seconds
[2023-03-12T23:44:39.705+0000] {processor.py:153} INFO - Started process (PID=3599) to work on /home/airflow/.local/lib/python3.7/site-packages/airflow/example_dags/tutorial_dag.py
[2023-03-12T23:44:39.706+0000] {processor.py:743} INFO - Processing file /home/airflow/.local/lib/python3.7/site-packages/airflow/example_dags/tutorial_dag.py for tasks to queue
[2023-03-12T23:44:39.708+0000] {logging_mixin.py:137} INFO - [2023-03-12T23:44:39.707+0000] {dagbag.py:538} INFO - Filling up the DagBag from /home/airflow/.local/lib/python3.7/site-packages/airflow/example_dags/tutorial_dag.py
[2023-03-12T23:44:39.733+0000] {processor.py:753} INFO - DAG(s) dict_keys(['tutorial_dag']) retrieved from /home/airflow/.local/lib/python3.7/site-packages/airflow/example_dags/tutorial_dag.py
[2023-03-12T23:44:39.776+0000] {logging_mixin.py:137} INFO - [2023-03-12T23:44:39.776+0000] {dag.py:2690} INFO - Sync 1 DAGs
[2023-03-12T23:44:39.825+0000] {logging_mixin.py:137} INFO - [2023-03-12T23:44:39.825+0000] {dag.py:3441} INFO - Setting next_dagrun for tutorial_dag to None, run_after=None
[2023-03-12T23:44:39.868+0000] {processor.py:175} INFO - Processing /home/airflow/.local/lib/python3.7/site-packages/airflow/example_dags/tutorial_dag.py took 0.168 seconds
[2023-03-12T23:45:10.463+0000] {processor.py:153} INFO - Started process (PID=3663) to work on /home/airflow/.local/lib/python3.7/site-packages/airflow/example_dags/tutorial_dag.py
[2023-03-12T23:45:10.465+0000] {processor.py:743} INFO - Processing file /home/airflow/.local/lib/python3.7/site-packages/airflow/example_dags/tutorial_dag.py for tasks to queue
[2023-03-12T23:45:10.470+0000] {logging_mixin.py:137} INFO - [2023-03-12T23:45:10.470+0000] {dagbag.py:538} INFO - Filling up the DagBag from /home/airflow/.local/lib/python3.7/site-packages/airflow/example_dags/tutorial_dag.py
[2023-03-12T23:45:10.506+0000] {processor.py:753} INFO - DAG(s) dict_keys(['tutorial_dag']) retrieved from /home/airflow/.local/lib/python3.7/site-packages/airflow/example_dags/tutorial_dag.py
[2023-03-12T23:45:10.562+0000] {logging_mixin.py:137} INFO - [2023-03-12T23:45:10.562+0000] {dag.py:2690} INFO - Sync 1 DAGs
[2023-03-12T23:45:10.649+0000] {logging_mixin.py:137} INFO - [2023-03-12T23:45:10.640+0000] {dag.py:3441} INFO - Setting next_dagrun for tutorial_dag to None, run_after=None
[2023-03-12T23:45:10.729+0000] {processor.py:175} INFO - Processing /home/airflow/.local/lib/python3.7/site-packages/airflow/example_dags/tutorial_dag.py took 0.272 seconds
[2023-03-12T23:45:41.626+0000] {processor.py:153} INFO - Started process (PID=3729) to work on /home/airflow/.local/lib/python3.7/site-packages/airflow/example_dags/tutorial_dag.py
[2023-03-12T23:45:41.632+0000] {processor.py:743} INFO - Processing file /home/airflow/.local/lib/python3.7/site-packages/airflow/example_dags/tutorial_dag.py for tasks to queue
[2023-03-12T23:45:41.638+0000] {logging_mixin.py:137} INFO - [2023-03-12T23:45:41.638+0000] {dagbag.py:538} INFO - Filling up the DagBag from /home/airflow/.local/lib/python3.7/site-packages/airflow/example_dags/tutorial_dag.py
[2023-03-12T23:45:41.698+0000] {processor.py:753} INFO - DAG(s) dict_keys(['tutorial_dag']) retrieved from /home/airflow/.local/lib/python3.7/site-packages/airflow/example_dags/tutorial_dag.py
[2023-03-12T23:45:41.770+0000] {logging_mixin.py:137} INFO - [2023-03-12T23:45:41.770+0000] {dag.py:2690} INFO - Sync 1 DAGs
[2023-03-12T23:45:41.822+0000] {logging_mixin.py:137} INFO - [2023-03-12T23:45:41.822+0000] {dag.py:3441} INFO - Setting next_dagrun for tutorial_dag to None, run_after=None
[2023-03-12T23:45:41.853+0000] {processor.py:175} INFO - Processing /home/airflow/.local/lib/python3.7/site-packages/airflow/example_dags/tutorial_dag.py took 0.235 seconds
[2023-03-12T23:46:12.263+0000] {processor.py:153} INFO - Started process (PID=3802) to work on /home/airflow/.local/lib/python3.7/site-packages/airflow/example_dags/tutorial_dag.py
[2023-03-12T23:46:12.271+0000] {processor.py:743} INFO - Processing file /home/airflow/.local/lib/python3.7/site-packages/airflow/example_dags/tutorial_dag.py for tasks to queue
[2023-03-12T23:46:12.276+0000] {logging_mixin.py:137} INFO - [2023-03-12T23:46:12.275+0000] {dagbag.py:538} INFO - Filling up the DagBag from /home/airflow/.local/lib/python3.7/site-packages/airflow/example_dags/tutorial_dag.py
[2023-03-12T23:46:12.328+0000] {processor.py:753} INFO - DAG(s) dict_keys(['tutorial_dag']) retrieved from /home/airflow/.local/lib/python3.7/site-packages/airflow/example_dags/tutorial_dag.py
[2023-03-12T23:46:12.463+0000] {logging_mixin.py:137} INFO - [2023-03-12T23:46:12.463+0000] {dag.py:2690} INFO - Sync 1 DAGs
[2023-03-12T23:46:12.604+0000] {logging_mixin.py:137} INFO - [2023-03-12T23:46:12.604+0000] {dag.py:3441} INFO - Setting next_dagrun for tutorial_dag to None, run_after=None
[2023-03-12T23:46:12.693+0000] {processor.py:175} INFO - Processing /home/airflow/.local/lib/python3.7/site-packages/airflow/example_dags/tutorial_dag.py took 0.438 seconds
[2023-03-12T23:46:42.823+0000] {processor.py:153} INFO - Started process (PID=3875) to work on /home/airflow/.local/lib/python3.7/site-packages/airflow/example_dags/tutorial_dag.py
[2023-03-12T23:46:42.825+0000] {processor.py:743} INFO - Processing file /home/airflow/.local/lib/python3.7/site-packages/airflow/example_dags/tutorial_dag.py for tasks to queue
[2023-03-12T23:46:42.827+0000] {logging_mixin.py:137} INFO - [2023-03-12T23:46:42.827+0000] {dagbag.py:538} INFO - Filling up the DagBag from /home/airflow/.local/lib/python3.7/site-packages/airflow/example_dags/tutorial_dag.py
[2023-03-12T23:46:42.854+0000] {processor.py:753} INFO - DAG(s) dict_keys(['tutorial_dag']) retrieved from /home/airflow/.local/lib/python3.7/site-packages/airflow/example_dags/tutorial_dag.py
[2023-03-12T23:46:42.917+0000] {logging_mixin.py:137} INFO - [2023-03-12T23:46:42.917+0000] {dag.py:2690} INFO - Sync 1 DAGs
[2023-03-12T23:46:42.976+0000] {logging_mixin.py:137} INFO - [2023-03-12T23:46:42.976+0000] {dag.py:3441} INFO - Setting next_dagrun for tutorial_dag to None, run_after=None
[2023-03-12T23:46:43.021+0000] {processor.py:175} INFO - Processing /home/airflow/.local/lib/python3.7/site-packages/airflow/example_dags/tutorial_dag.py took 0.206 seconds
[2023-03-12T23:47:14.248+0000] {processor.py:153} INFO - Started process (PID=3947) to work on /home/airflow/.local/lib/python3.7/site-packages/airflow/example_dags/tutorial_dag.py
[2023-03-12T23:47:14.252+0000] {processor.py:743} INFO - Processing file /home/airflow/.local/lib/python3.7/site-packages/airflow/example_dags/tutorial_dag.py for tasks to queue
[2023-03-12T23:47:14.266+0000] {logging_mixin.py:137} INFO - [2023-03-12T23:47:14.266+0000] {dagbag.py:538} INFO - Filling up the DagBag from /home/airflow/.local/lib/python3.7/site-packages/airflow/example_dags/tutorial_dag.py
[2023-03-12T23:47:14.321+0000] {processor.py:753} INFO - DAG(s) dict_keys(['tutorial_dag']) retrieved from /home/airflow/.local/lib/python3.7/site-packages/airflow/example_dags/tutorial_dag.py
[2023-03-12T23:47:14.427+0000] {logging_mixin.py:137} INFO - [2023-03-12T23:47:14.426+0000] {dag.py:2690} INFO - Sync 1 DAGs
[2023-03-12T23:47:14.513+0000] {logging_mixin.py:137} INFO - [2023-03-12T23:47:14.512+0000] {dag.py:3441} INFO - Setting next_dagrun for tutorial_dag to None, run_after=None
[2023-03-12T23:47:14.579+0000] {processor.py:175} INFO - Processing /home/airflow/.local/lib/python3.7/site-packages/airflow/example_dags/tutorial_dag.py took 0.339 seconds
[2023-03-12T23:47:45.239+0000] {processor.py:153} INFO - Started process (PID=4004) to work on /home/airflow/.local/lib/python3.7/site-packages/airflow/example_dags/tutorial_dag.py
[2023-03-12T23:47:45.241+0000] {processor.py:743} INFO - Processing file /home/airflow/.local/lib/python3.7/site-packages/airflow/example_dags/tutorial_dag.py for tasks to queue
[2023-03-12T23:47:45.242+0000] {logging_mixin.py:137} INFO - [2023-03-12T23:47:45.242+0000] {dagbag.py:538} INFO - Filling up the DagBag from /home/airflow/.local/lib/python3.7/site-packages/airflow/example_dags/tutorial_dag.py
[2023-03-12T23:47:45.259+0000] {processor.py:753} INFO - DAG(s) dict_keys(['tutorial_dag']) retrieved from /home/airflow/.local/lib/python3.7/site-packages/airflow/example_dags/tutorial_dag.py
[2023-03-12T23:47:45.302+0000] {logging_mixin.py:137} INFO - [2023-03-12T23:47:45.302+0000] {dag.py:2690} INFO - Sync 1 DAGs
[2023-03-12T23:47:45.329+0000] {logging_mixin.py:137} INFO - [2023-03-12T23:47:45.329+0000] {dag.py:3441} INFO - Setting next_dagrun for tutorial_dag to None, run_after=None
[2023-03-12T23:47:45.358+0000] {processor.py:175} INFO - Processing /home/airflow/.local/lib/python3.7/site-packages/airflow/example_dags/tutorial_dag.py took 0.123 seconds
[2023-03-12T23:48:15.926+0000] {processor.py:153} INFO - Started process (PID=4076) to work on /home/airflow/.local/lib/python3.7/site-packages/airflow/example_dags/tutorial_dag.py
[2023-03-12T23:48:15.928+0000] {processor.py:743} INFO - Processing file /home/airflow/.local/lib/python3.7/site-packages/airflow/example_dags/tutorial_dag.py for tasks to queue
[2023-03-12T23:48:15.929+0000] {logging_mixin.py:137} INFO - [2023-03-12T23:48:15.929+0000] {dagbag.py:538} INFO - Filling up the DagBag from /home/airflow/.local/lib/python3.7/site-packages/airflow/example_dags/tutorial_dag.py
[2023-03-12T23:48:15.953+0000] {processor.py:753} INFO - DAG(s) dict_keys(['tutorial_dag']) retrieved from /home/airflow/.local/lib/python3.7/site-packages/airflow/example_dags/tutorial_dag.py
[2023-03-12T23:48:15.984+0000] {logging_mixin.py:137} INFO - [2023-03-12T23:48:15.983+0000] {dag.py:2690} INFO - Sync 1 DAGs
[2023-03-12T23:48:16.010+0000] {logging_mixin.py:137} INFO - [2023-03-12T23:48:16.010+0000] {dag.py:3441} INFO - Setting next_dagrun for tutorial_dag to None, run_after=None
[2023-03-12T23:48:16.030+0000] {processor.py:175} INFO - Processing /home/airflow/.local/lib/python3.7/site-packages/airflow/example_dags/tutorial_dag.py took 0.109 seconds
[2023-03-12T23:48:46.269+0000] {processor.py:153} INFO - Started process (PID=4166) to work on /home/airflow/.local/lib/python3.7/site-packages/airflow/example_dags/tutorial_dag.py
[2023-03-12T23:48:46.270+0000] {processor.py:743} INFO - Processing file /home/airflow/.local/lib/python3.7/site-packages/airflow/example_dags/tutorial_dag.py for tasks to queue
[2023-03-12T23:48:46.271+0000] {logging_mixin.py:137} INFO - [2023-03-12T23:48:46.270+0000] {dagbag.py:538} INFO - Filling up the DagBag from /home/airflow/.local/lib/python3.7/site-packages/airflow/example_dags/tutorial_dag.py
[2023-03-12T23:48:46.287+0000] {processor.py:753} INFO - DAG(s) dict_keys(['tutorial_dag']) retrieved from /home/airflow/.local/lib/python3.7/site-packages/airflow/example_dags/tutorial_dag.py
[2023-03-12T23:48:46.321+0000] {logging_mixin.py:137} INFO - [2023-03-12T23:48:46.320+0000] {dag.py:2690} INFO - Sync 1 DAGs
[2023-03-12T23:48:46.359+0000] {logging_mixin.py:137} INFO - [2023-03-12T23:48:46.358+0000] {dag.py:3441} INFO - Setting next_dagrun for tutorial_dag to None, run_after=None
[2023-03-12T23:48:46.394+0000] {processor.py:175} INFO - Processing /home/airflow/.local/lib/python3.7/site-packages/airflow/example_dags/tutorial_dag.py took 0.129 seconds
[2023-03-12T23:49:16.901+0000] {processor.py:153} INFO - Started process (PID=4238) to work on /home/airflow/.local/lib/python3.7/site-packages/airflow/example_dags/tutorial_dag.py
[2023-03-12T23:49:16.903+0000] {processor.py:743} INFO - Processing file /home/airflow/.local/lib/python3.7/site-packages/airflow/example_dags/tutorial_dag.py for tasks to queue
[2023-03-12T23:49:16.905+0000] {logging_mixin.py:137} INFO - [2023-03-12T23:49:16.904+0000] {dagbag.py:538} INFO - Filling up the DagBag from /home/airflow/.local/lib/python3.7/site-packages/airflow/example_dags/tutorial_dag.py
[2023-03-12T23:49:16.916+0000] {processor.py:753} INFO - DAG(s) dict_keys(['tutorial_dag']) retrieved from /home/airflow/.local/lib/python3.7/site-packages/airflow/example_dags/tutorial_dag.py
[2023-03-12T23:49:16.947+0000] {logging_mixin.py:137} INFO - [2023-03-12T23:49:16.947+0000] {dag.py:2690} INFO - Sync 1 DAGs
[2023-03-12T23:49:16.974+0000] {logging_mixin.py:137} INFO - [2023-03-12T23:49:16.974+0000] {dag.py:3441} INFO - Setting next_dagrun for tutorial_dag to None, run_after=None
[2023-03-12T23:49:17.006+0000] {processor.py:175} INFO - Processing /home/airflow/.local/lib/python3.7/site-packages/airflow/example_dags/tutorial_dag.py took 0.110 seconds
[2023-03-12T23:49:47.405+0000] {processor.py:153} INFO - Started process (PID=4311) to work on /home/airflow/.local/lib/python3.7/site-packages/airflow/example_dags/tutorial_dag.py
[2023-03-12T23:49:47.407+0000] {processor.py:743} INFO - Processing file /home/airflow/.local/lib/python3.7/site-packages/airflow/example_dags/tutorial_dag.py for tasks to queue
[2023-03-12T23:49:47.410+0000] {logging_mixin.py:137} INFO - [2023-03-12T23:49:47.409+0000] {dagbag.py:538} INFO - Filling up the DagBag from /home/airflow/.local/lib/python3.7/site-packages/airflow/example_dags/tutorial_dag.py
[2023-03-12T23:49:47.451+0000] {processor.py:753} INFO - DAG(s) dict_keys(['tutorial_dag']) retrieved from /home/airflow/.local/lib/python3.7/site-packages/airflow/example_dags/tutorial_dag.py
[2023-03-12T23:49:47.519+0000] {logging_mixin.py:137} INFO - [2023-03-12T23:49:47.519+0000] {dag.py:2690} INFO - Sync 1 DAGs
[2023-03-12T23:49:47.598+0000] {logging_mixin.py:137} INFO - [2023-03-12T23:49:47.598+0000] {dag.py:3441} INFO - Setting next_dagrun for tutorial_dag to None, run_after=None
[2023-03-12T23:49:47.635+0000] {processor.py:175} INFO - Processing /home/airflow/.local/lib/python3.7/site-packages/airflow/example_dags/tutorial_dag.py took 0.244 seconds
[2023-03-12T23:50:17.739+0000] {processor.py:153} INFO - Started process (PID=4383) to work on /home/airflow/.local/lib/python3.7/site-packages/airflow/example_dags/tutorial_dag.py
[2023-03-12T23:50:17.740+0000] {processor.py:743} INFO - Processing file /home/airflow/.local/lib/python3.7/site-packages/airflow/example_dags/tutorial_dag.py for tasks to queue
[2023-03-12T23:50:17.742+0000] {logging_mixin.py:137} INFO - [2023-03-12T23:50:17.742+0000] {dagbag.py:538} INFO - Filling up the DagBag from /home/airflow/.local/lib/python3.7/site-packages/airflow/example_dags/tutorial_dag.py
[2023-03-12T23:50:17.765+0000] {processor.py:753} INFO - DAG(s) dict_keys(['tutorial_dag']) retrieved from /home/airflow/.local/lib/python3.7/site-packages/airflow/example_dags/tutorial_dag.py
[2023-03-12T23:50:17.824+0000] {logging_mixin.py:137} INFO - [2023-03-12T23:50:17.824+0000] {dag.py:2690} INFO - Sync 1 DAGs
[2023-03-12T23:50:17.890+0000] {logging_mixin.py:137} INFO - [2023-03-12T23:50:17.889+0000] {dag.py:3441} INFO - Setting next_dagrun for tutorial_dag to None, run_after=None
[2023-03-12T23:50:17.973+0000] {processor.py:175} INFO - Processing /home/airflow/.local/lib/python3.7/site-packages/airflow/example_dags/tutorial_dag.py took 0.243 seconds
[2023-03-12T23:50:48.947+0000] {processor.py:153} INFO - Started process (PID=4456) to work on /home/airflow/.local/lib/python3.7/site-packages/airflow/example_dags/tutorial_dag.py
[2023-03-12T23:50:48.950+0000] {processor.py:743} INFO - Processing file /home/airflow/.local/lib/python3.7/site-packages/airflow/example_dags/tutorial_dag.py for tasks to queue
[2023-03-12T23:50:48.952+0000] {logging_mixin.py:137} INFO - [2023-03-12T23:50:48.951+0000] {dagbag.py:538} INFO - Filling up the DagBag from /home/airflow/.local/lib/python3.7/site-packages/airflow/example_dags/tutorial_dag.py
[2023-03-12T23:50:48.988+0000] {processor.py:753} INFO - DAG(s) dict_keys(['tutorial_dag']) retrieved from /home/airflow/.local/lib/python3.7/site-packages/airflow/example_dags/tutorial_dag.py
[2023-03-12T23:50:49.038+0000] {logging_mixin.py:137} INFO - [2023-03-12T23:50:49.038+0000] {dag.py:2690} INFO - Sync 1 DAGs
[2023-03-12T23:50:49.096+0000] {logging_mixin.py:137} INFO - [2023-03-12T23:50:49.096+0000] {dag.py:3441} INFO - Setting next_dagrun for tutorial_dag to None, run_after=None
[2023-03-12T23:50:49.143+0000] {processor.py:175} INFO - Processing /home/airflow/.local/lib/python3.7/site-packages/airflow/example_dags/tutorial_dag.py took 0.202 seconds
[2023-03-12T23:51:19.206+0000] {processor.py:153} INFO - Started process (PID=4529) to work on /home/airflow/.local/lib/python3.7/site-packages/airflow/example_dags/tutorial_dag.py
[2023-03-12T23:51:19.207+0000] {processor.py:743} INFO - Processing file /home/airflow/.local/lib/python3.7/site-packages/airflow/example_dags/tutorial_dag.py for tasks to queue
[2023-03-12T23:51:19.208+0000] {logging_mixin.py:137} INFO - [2023-03-12T23:51:19.208+0000] {dagbag.py:538} INFO - Filling up the DagBag from /home/airflow/.local/lib/python3.7/site-packages/airflow/example_dags/tutorial_dag.py
[2023-03-12T23:51:19.224+0000] {processor.py:753} INFO - DAG(s) dict_keys(['tutorial_dag']) retrieved from /home/airflow/.local/lib/python3.7/site-packages/airflow/example_dags/tutorial_dag.py
[2023-03-12T23:51:19.260+0000] {logging_mixin.py:137} INFO - [2023-03-12T23:51:19.260+0000] {dag.py:2690} INFO - Sync 1 DAGs
[2023-03-12T23:51:19.295+0000] {logging_mixin.py:137} INFO - [2023-03-12T23:51:19.295+0000] {dag.py:3441} INFO - Setting next_dagrun for tutorial_dag to None, run_after=None
[2023-03-12T23:51:19.331+0000] {processor.py:175} INFO - Processing /home/airflow/.local/lib/python3.7/site-packages/airflow/example_dags/tutorial_dag.py took 0.130 seconds
[2023-03-12T23:51:53.614+0000] {processor.py:153} INFO - Started process (PID=4602) to work on /home/airflow/.local/lib/python3.7/site-packages/airflow/example_dags/tutorial_dag.py
[2023-03-12T23:51:53.620+0000] {processor.py:743} INFO - Processing file /home/airflow/.local/lib/python3.7/site-packages/airflow/example_dags/tutorial_dag.py for tasks to queue
[2023-03-12T23:51:53.652+0000] {logging_mixin.py:137} INFO - [2023-03-12T23:51:53.651+0000] {dagbag.py:538} INFO - Filling up the DagBag from /home/airflow/.local/lib/python3.7/site-packages/airflow/example_dags/tutorial_dag.py
[2023-03-12T23:51:53.725+0000] {processor.py:753} INFO - DAG(s) dict_keys(['tutorial_dag']) retrieved from /home/airflow/.local/lib/python3.7/site-packages/airflow/example_dags/tutorial_dag.py
[2023-03-12T23:51:53.819+0000] {logging_mixin.py:137} INFO - [2023-03-12T23:51:53.819+0000] {dag.py:2690} INFO - Sync 1 DAGs
[2023-03-12T23:51:53.930+0000] {logging_mixin.py:137} INFO - [2023-03-12T23:51:53.930+0000] {dag.py:3441} INFO - Setting next_dagrun for tutorial_dag to None, run_after=None
[2023-03-12T23:51:54.020+0000] {processor.py:175} INFO - Processing /home/airflow/.local/lib/python3.7/site-packages/airflow/example_dags/tutorial_dag.py took 0.414 seconds
[2023-03-12T23:52:24.348+0000] {processor.py:153} INFO - Started process (PID=4675) to work on /home/airflow/.local/lib/python3.7/site-packages/airflow/example_dags/tutorial_dag.py
[2023-03-12T23:52:24.350+0000] {processor.py:743} INFO - Processing file /home/airflow/.local/lib/python3.7/site-packages/airflow/example_dags/tutorial_dag.py for tasks to queue
[2023-03-12T23:52:24.352+0000] {logging_mixin.py:137} INFO - [2023-03-12T23:52:24.351+0000] {dagbag.py:538} INFO - Filling up the DagBag from /home/airflow/.local/lib/python3.7/site-packages/airflow/example_dags/tutorial_dag.py
[2023-03-12T23:52:24.396+0000] {processor.py:753} INFO - DAG(s) dict_keys(['tutorial_dag']) retrieved from /home/airflow/.local/lib/python3.7/site-packages/airflow/example_dags/tutorial_dag.py
[2023-03-12T23:52:24.474+0000] {logging_mixin.py:137} INFO - [2023-03-12T23:52:24.467+0000] {dag.py:2690} INFO - Sync 1 DAGs
[2023-03-12T23:52:24.544+0000] {logging_mixin.py:137} INFO - [2023-03-12T23:52:24.543+0000] {dag.py:3441} INFO - Setting next_dagrun for tutorial_dag to None, run_after=None
[2023-03-12T23:52:24.604+0000] {processor.py:175} INFO - Processing /home/airflow/.local/lib/python3.7/site-packages/airflow/example_dags/tutorial_dag.py took 0.263 seconds
[2023-03-12T23:52:56.558+0000] {processor.py:153} INFO - Started process (PID=4741) to work on /home/airflow/.local/lib/python3.7/site-packages/airflow/example_dags/tutorial_dag.py
[2023-03-12T23:52:56.565+0000] {processor.py:743} INFO - Processing file /home/airflow/.local/lib/python3.7/site-packages/airflow/example_dags/tutorial_dag.py for tasks to queue
[2023-03-12T23:52:56.573+0000] {logging_mixin.py:137} INFO - [2023-03-12T23:52:56.572+0000] {dagbag.py:538} INFO - Filling up the DagBag from /home/airflow/.local/lib/python3.7/site-packages/airflow/example_dags/tutorial_dag.py
[2023-03-12T23:52:56.641+0000] {processor.py:753} INFO - DAG(s) dict_keys(['tutorial_dag']) retrieved from /home/airflow/.local/lib/python3.7/site-packages/airflow/example_dags/tutorial_dag.py
[2023-03-12T23:52:56.776+0000] {logging_mixin.py:137} INFO - [2023-03-12T23:52:56.776+0000] {dag.py:2690} INFO - Sync 1 DAGs
[2023-03-12T23:52:56.928+0000] {logging_mixin.py:137} INFO - [2023-03-12T23:52:56.928+0000] {dag.py:3441} INFO - Setting next_dagrun for tutorial_dag to None, run_after=None
[2023-03-12T23:52:57.012+0000] {processor.py:175} INFO - Processing /home/airflow/.local/lib/python3.7/site-packages/airflow/example_dags/tutorial_dag.py took 0.462 seconds
[2023-03-12T23:53:27.519+0000] {processor.py:153} INFO - Started process (PID=4806) to work on /home/airflow/.local/lib/python3.7/site-packages/airflow/example_dags/tutorial_dag.py
[2023-03-12T23:53:27.521+0000] {processor.py:743} INFO - Processing file /home/airflow/.local/lib/python3.7/site-packages/airflow/example_dags/tutorial_dag.py for tasks to queue
[2023-03-12T23:53:27.522+0000] {logging_mixin.py:137} INFO - [2023-03-12T23:53:27.521+0000] {dagbag.py:538} INFO - Filling up the DagBag from /home/airflow/.local/lib/python3.7/site-packages/airflow/example_dags/tutorial_dag.py
[2023-03-12T23:53:27.539+0000] {processor.py:753} INFO - DAG(s) dict_keys(['tutorial_dag']) retrieved from /home/airflow/.local/lib/python3.7/site-packages/airflow/example_dags/tutorial_dag.py
[2023-03-12T23:53:27.580+0000] {logging_mixin.py:137} INFO - [2023-03-12T23:53:27.580+0000] {dag.py:2690} INFO - Sync 1 DAGs
[2023-03-12T23:53:27.624+0000] {logging_mixin.py:137} INFO - [2023-03-12T23:53:27.624+0000] {dag.py:3441} INFO - Setting next_dagrun for tutorial_dag to None, run_after=None
[2023-03-12T23:53:27.658+0000] {processor.py:175} INFO - Processing /home/airflow/.local/lib/python3.7/site-packages/airflow/example_dags/tutorial_dag.py took 0.142 seconds
[2023-03-12T23:53:58.458+0000] {processor.py:153} INFO - Started process (PID=4884) to work on /home/airflow/.local/lib/python3.7/site-packages/airflow/example_dags/tutorial_dag.py
[2023-03-12T23:53:58.463+0000] {processor.py:743} INFO - Processing file /home/airflow/.local/lib/python3.7/site-packages/airflow/example_dags/tutorial_dag.py for tasks to queue
[2023-03-12T23:53:58.472+0000] {logging_mixin.py:137} INFO - [2023-03-12T23:53:58.471+0000] {dagbag.py:538} INFO - Filling up the DagBag from /home/airflow/.local/lib/python3.7/site-packages/airflow/example_dags/tutorial_dag.py
[2023-03-12T23:53:58.541+0000] {processor.py:753} INFO - DAG(s) dict_keys(['tutorial_dag']) retrieved from /home/airflow/.local/lib/python3.7/site-packages/airflow/example_dags/tutorial_dag.py
[2023-03-12T23:53:58.654+0000] {logging_mixin.py:137} INFO - [2023-03-12T23:53:58.654+0000] {dag.py:2690} INFO - Sync 1 DAGs
[2023-03-12T23:53:58.790+0000] {logging_mixin.py:137} INFO - [2023-03-12T23:53:58.790+0000] {dag.py:3441} INFO - Setting next_dagrun for tutorial_dag to None, run_after=None
[2023-03-12T23:53:58.892+0000] {processor.py:175} INFO - Processing /home/airflow/.local/lib/python3.7/site-packages/airflow/example_dags/tutorial_dag.py took 0.440 seconds
[2023-03-12T23:54:30.120+0000] {processor.py:153} INFO - Started process (PID=4965) to work on /home/airflow/.local/lib/python3.7/site-packages/airflow/example_dags/tutorial_dag.py
[2023-03-12T23:54:30.123+0000] {processor.py:743} INFO - Processing file /home/airflow/.local/lib/python3.7/site-packages/airflow/example_dags/tutorial_dag.py for tasks to queue
[2023-03-12T23:54:30.126+0000] {logging_mixin.py:137} INFO - [2023-03-12T23:54:30.125+0000] {dagbag.py:538} INFO - Filling up the DagBag from /home/airflow/.local/lib/python3.7/site-packages/airflow/example_dags/tutorial_dag.py
[2023-03-12T23:54:30.199+0000] {processor.py:753} INFO - DAG(s) dict_keys(['tutorial_dag']) retrieved from /home/airflow/.local/lib/python3.7/site-packages/airflow/example_dags/tutorial_dag.py
[2023-03-12T23:54:30.277+0000] {logging_mixin.py:137} INFO - [2023-03-12T23:54:30.277+0000] {dag.py:2690} INFO - Sync 1 DAGs
[2023-03-12T23:54:30.405+0000] {logging_mixin.py:137} INFO - [2023-03-12T23:54:30.394+0000] {dag.py:3441} INFO - Setting next_dagrun for tutorial_dag to None, run_after=None
[2023-03-12T23:54:30.503+0000] {processor.py:175} INFO - Processing /home/airflow/.local/lib/python3.7/site-packages/airflow/example_dags/tutorial_dag.py took 0.400 seconds
[2023-03-12T23:55:00.705+0000] {processor.py:153} INFO - Started process (PID=5042) to work on /home/airflow/.local/lib/python3.7/site-packages/airflow/example_dags/tutorial_dag.py
[2023-03-12T23:55:00.707+0000] {processor.py:743} INFO - Processing file /home/airflow/.local/lib/python3.7/site-packages/airflow/example_dags/tutorial_dag.py for tasks to queue
[2023-03-12T23:55:00.709+0000] {logging_mixin.py:137} INFO - [2023-03-12T23:55:00.708+0000] {dagbag.py:538} INFO - Filling up the DagBag from /home/airflow/.local/lib/python3.7/site-packages/airflow/example_dags/tutorial_dag.py
[2023-03-12T23:55:00.742+0000] {processor.py:753} INFO - DAG(s) dict_keys(['tutorial_dag']) retrieved from /home/airflow/.local/lib/python3.7/site-packages/airflow/example_dags/tutorial_dag.py
[2023-03-12T23:55:00.827+0000] {logging_mixin.py:137} INFO - [2023-03-12T23:55:00.827+0000] {dag.py:2690} INFO - Sync 1 DAGs
[2023-03-12T23:55:00.938+0000] {logging_mixin.py:137} INFO - [2023-03-12T23:55:00.937+0000] {dag.py:3441} INFO - Setting next_dagrun for tutorial_dag to None, run_after=None
[2023-03-12T23:55:00.985+0000] {processor.py:175} INFO - Processing /home/airflow/.local/lib/python3.7/site-packages/airflow/example_dags/tutorial_dag.py took 0.288 seconds
[2023-03-12T23:55:31.088+0000] {processor.py:153} INFO - Started process (PID=5113) to work on /home/airflow/.local/lib/python3.7/site-packages/airflow/example_dags/tutorial_dag.py
[2023-03-12T23:55:31.089+0000] {processor.py:743} INFO - Processing file /home/airflow/.local/lib/python3.7/site-packages/airflow/example_dags/tutorial_dag.py for tasks to queue
[2023-03-12T23:55:31.091+0000] {logging_mixin.py:137} INFO - [2023-03-12T23:55:31.091+0000] {dagbag.py:538} INFO - Filling up the DagBag from /home/airflow/.local/lib/python3.7/site-packages/airflow/example_dags/tutorial_dag.py
[2023-03-12T23:55:31.105+0000] {processor.py:753} INFO - DAG(s) dict_keys(['tutorial_dag']) retrieved from /home/airflow/.local/lib/python3.7/site-packages/airflow/example_dags/tutorial_dag.py
[2023-03-12T23:55:31.136+0000] {logging_mixin.py:137} INFO - [2023-03-12T23:55:31.136+0000] {dag.py:2690} INFO - Sync 1 DAGs
[2023-03-12T23:55:31.161+0000] {logging_mixin.py:137} INFO - [2023-03-12T23:55:31.161+0000] {dag.py:3441} INFO - Setting next_dagrun for tutorial_dag to None, run_after=None
[2023-03-12T23:55:31.191+0000] {processor.py:175} INFO - Processing /home/airflow/.local/lib/python3.7/site-packages/airflow/example_dags/tutorial_dag.py took 0.106 seconds
[2023-03-12T23:58:56.510+0000] {processor.py:153} INFO - Started process (PID=70) to work on /home/airflow/.local/lib/python3.7/site-packages/airflow/example_dags/tutorial_dag.py
[2023-03-12T23:58:56.516+0000] {processor.py:743} INFO - Processing file /home/airflow/.local/lib/python3.7/site-packages/airflow/example_dags/tutorial_dag.py for tasks to queue
[2023-03-12T23:58:56.520+0000] {logging_mixin.py:137} INFO - [2023-03-12T23:58:56.519+0000] {dagbag.py:538} INFO - Filling up the DagBag from /home/airflow/.local/lib/python3.7/site-packages/airflow/example_dags/tutorial_dag.py
[2023-03-12T23:58:56.551+0000] {processor.py:753} INFO - DAG(s) dict_keys(['tutorial_dag']) retrieved from /home/airflow/.local/lib/python3.7/site-packages/airflow/example_dags/tutorial_dag.py
[2023-03-12T23:58:56.611+0000] {logging_mixin.py:137} INFO - [2023-03-12T23:58:56.611+0000] {dag.py:2690} INFO - Sync 1 DAGs
[2023-03-12T23:58:56.681+0000] {logging_mixin.py:137} INFO - [2023-03-12T23:58:56.680+0000] {dag.py:3441} INFO - Setting next_dagrun for tutorial_dag to None, run_after=None
[2023-03-12T23:58:56.726+0000] {processor.py:175} INFO - Processing /home/airflow/.local/lib/python3.7/site-packages/airflow/example_dags/tutorial_dag.py took 0.221 seconds
[2023-03-12T23:59:27.107+0000] {processor.py:153} INFO - Started process (PID=144) to work on /home/airflow/.local/lib/python3.7/site-packages/airflow/example_dags/tutorial_dag.py
[2023-03-12T23:59:27.110+0000] {processor.py:743} INFO - Processing file /home/airflow/.local/lib/python3.7/site-packages/airflow/example_dags/tutorial_dag.py for tasks to queue
[2023-03-12T23:59:27.112+0000] {logging_mixin.py:137} INFO - [2023-03-12T23:59:27.112+0000] {dagbag.py:538} INFO - Filling up the DagBag from /home/airflow/.local/lib/python3.7/site-packages/airflow/example_dags/tutorial_dag.py
[2023-03-12T23:59:27.156+0000] {processor.py:753} INFO - DAG(s) dict_keys(['tutorial_dag']) retrieved from /home/airflow/.local/lib/python3.7/site-packages/airflow/example_dags/tutorial_dag.py
[2023-03-12T23:59:27.232+0000] {logging_mixin.py:137} INFO - [2023-03-12T23:59:27.232+0000] {dag.py:2690} INFO - Sync 1 DAGs
[2023-03-12T23:59:27.312+0000] {logging_mixin.py:137} INFO - [2023-03-12T23:59:27.312+0000] {dag.py:3441} INFO - Setting next_dagrun for tutorial_dag to None, run_after=None
[2023-03-12T23:59:27.360+0000] {processor.py:175} INFO - Processing /home/airflow/.local/lib/python3.7/site-packages/airflow/example_dags/tutorial_dag.py took 0.260 seconds
[2023-03-12T23:59:57.663+0000] {processor.py:153} INFO - Started process (PID=217) to work on /home/airflow/.local/lib/python3.7/site-packages/airflow/example_dags/tutorial_dag.py
[2023-03-12T23:59:57.666+0000] {processor.py:743} INFO - Processing file /home/airflow/.local/lib/python3.7/site-packages/airflow/example_dags/tutorial_dag.py for tasks to queue
[2023-03-12T23:59:57.667+0000] {logging_mixin.py:137} INFO - [2023-03-12T23:59:57.667+0000] {dagbag.py:538} INFO - Filling up the DagBag from /home/airflow/.local/lib/python3.7/site-packages/airflow/example_dags/tutorial_dag.py
[2023-03-12T23:59:57.696+0000] {processor.py:753} INFO - DAG(s) dict_keys(['tutorial_dag']) retrieved from /home/airflow/.local/lib/python3.7/site-packages/airflow/example_dags/tutorial_dag.py
[2023-03-12T23:59:57.749+0000] {logging_mixin.py:137} INFO - [2023-03-12T23:59:57.748+0000] {dag.py:2690} INFO - Sync 1 DAGs
[2023-03-12T23:59:57.785+0000] {logging_mixin.py:137} INFO - [2023-03-12T23:59:57.785+0000] {dag.py:3441} INFO - Setting next_dagrun for tutorial_dag to None, run_after=None
[2023-03-12T23:59:57.817+0000] {processor.py:175} INFO - Processing /home/airflow/.local/lib/python3.7/site-packages/airflow/example_dags/tutorial_dag.py took 0.159 seconds
