[2023-05-03T02:12:04.564+0000] {taskinstance.py:1083} INFO - Dependencies all met for <TaskInstance: gsc_to_bq.gcs_sensor scheduled__2023-04-30T00:00:00+00:00 [queued]>
[2023-05-03T02:12:04.663+0000] {taskinstance.py:1083} INFO - Dependencies all met for <TaskInstance: gsc_to_bq.gcs_sensor scheduled__2023-04-30T00:00:00+00:00 [queued]>
[2023-05-03T02:12:04.665+0000] {taskinstance.py:1279} INFO - 
--------------------------------------------------------------------------------
[2023-05-03T02:12:04.666+0000] {taskinstance.py:1280} INFO - Starting attempt 1 of 2
[2023-05-03T02:12:04.682+0000] {taskinstance.py:1281} INFO - 
--------------------------------------------------------------------------------
[2023-05-03T02:12:04.833+0000] {taskinstance.py:1300} INFO - Executing <Task(GCSObjectExistenceSensor): gcs_sensor> on 2023-04-30 00:00:00+00:00
[2023-05-03T02:12:04.864+0000] {standard_task_runner.py:55} INFO - Started process 13049 to run task
[2023-05-03T02:12:04.896+0000] {standard_task_runner.py:82} INFO - Running: ['***', 'tasks', 'run', 'gsc_to_bq', 'gcs_sensor', 'scheduled__2023-04-30T00:00:00+00:00', '--job-id', '591', '--raw', '--subdir', 'DAGS_FOLDER/gcs_to_bq.py', '--cfg-path', '/tmp/tmpdb9c3ah2']
[2023-05-03T02:12:04.917+0000] {standard_task_runner.py:83} INFO - Job 591: Subtask gcs_sensor
[2023-05-03T02:12:05.673+0000] {task_command.py:388} INFO - Running <TaskInstance: gsc_to_bq.gcs_sensor scheduled__2023-04-30T00:00:00+00:00 [running]> on host da959356c36a
[2023-05-03T02:12:06.135+0000] {taskinstance.py:1509} INFO - Exporting the following env vars:
AIRFLOW_CTX_DAG_OWNER=Junior Lafuente
AIRFLOW_CTX_DAG_ID=gsc_to_bq
AIRFLOW_CTX_TASK_ID=gcs_sensor
AIRFLOW_CTX_EXECUTION_DATE=2023-04-30T00:00:00+00:00
AIRFLOW_CTX_TRY_NUMBER=1
AIRFLOW_CTX_DAG_RUN_ID=scheduled__2023-04-30T00:00:00+00:00
[2023-05-03T02:12:06.205+0000] {gcs.py:89} INFO - Sensor checks existence of : bucket_raw_jr, function/main.zip
[2023-05-03T02:12:06.457+0000] {taskinstance.py:1768} ERROR - Task failed with exception
Traceback (most recent call last):
  File "/home/airflow/.local/lib/python3.7/site-packages/airflow/sensors/base.py", line 199, in execute
    poke_return = self.poke(context)
  File "/home/airflow/.local/lib/python3.7/site-packages/airflow/providers/google/cloud/sensors/gcs.py", line 93, in poke
    impersonation_chain=self.impersonation_chain,
  File "/home/airflow/.local/lib/python3.7/site-packages/airflow/providers/google/cloud/hooks/gcs.py", line 150, in __init__
    impersonation_chain=impersonation_chain,
  File "/home/airflow/.local/lib/python3.7/site-packages/airflow/providers/google/common/hooks/base_google.py", line 231, in __init__
    self.extras: dict = self.get_connection(self.gcp_conn_id).extra_dejson
  File "/home/airflow/.local/lib/python3.7/site-packages/airflow/hooks/base.py", line 72, in get_connection
    conn = Connection.get_connection_from_secrets(conn_id)
  File "/home/airflow/.local/lib/python3.7/site-packages/airflow/models/connection.py", line 435, in get_connection_from_secrets
    raise AirflowNotFoundException(f"The conn_id `{conn_id}` isn't defined")
airflow.exceptions.AirflowNotFoundException: The conn_id `google_cloud_default` isn't defined
[2023-05-03T02:12:06.534+0000] {taskinstance.py:1323} INFO - Marking task as UP_FOR_RETRY. dag_id=gsc_to_bq, task_id=gcs_sensor, execution_date=20230430T000000, start_date=20230503T021204, end_date=20230503T021206
[2023-05-03T02:12:06.677+0000] {standard_task_runner.py:105} ERROR - Failed to execute job 591 for task gcs_sensor (The conn_id `google_cloud_default` isn't defined; 13049)
[2023-05-03T02:12:06.778+0000] {local_task_job.py:208} INFO - Task exited with return code 1
[2023-05-03T02:12:06.983+0000] {taskinstance.py:2578} INFO - 0 downstream tasks scheduled from follow-on schedule check
