[2023-05-01T02:00:44.680+0000] {taskinstance.py:1083} INFO - Dependencies all met for <TaskInstance: dag_sql.insere_dados_tb_data_engineering scheduled__2023-04-28T17:30:00+00:00 [queued]>
[2023-05-01T02:00:44.728+0000] {taskinstance.py:1083} INFO - Dependencies all met for <TaskInstance: dag_sql.insere_dados_tb_data_engineering scheduled__2023-04-28T17:30:00+00:00 [queued]>
[2023-05-01T02:00:44.731+0000] {taskinstance.py:1279} INFO - 
--------------------------------------------------------------------------------
[2023-05-01T02:00:44.732+0000] {taskinstance.py:1280} INFO - Starting attempt 2 of 2
[2023-05-01T02:00:44.735+0000] {taskinstance.py:1281} INFO - 
--------------------------------------------------------------------------------
[2023-05-01T02:00:44.798+0000] {taskinstance.py:1300} INFO - Executing <Task(PostgresOperator): insere_dados_tb_data_engineering> on 2023-04-28 17:30:00+00:00
[2023-05-01T02:00:44.827+0000] {standard_task_runner.py:55} INFO - Started process 27489 to run task
[2023-05-01T02:00:44.840+0000] {standard_task_runner.py:82} INFO - Running: ['***', 'tasks', 'run', 'dag_sql', 'insere_dados_tb_data_engineering', 'scheduled__2023-04-28T17:30:00+00:00', '--job-id', '506', '--raw', '--subdir', 'DAGS_FOLDER/dag_sql.py', '--cfg-path', '/tmp/tmpu5ljgjyi']
[2023-05-01T02:00:44.842+0000] {standard_task_runner.py:83} INFO - Job 506: Subtask insere_dados_tb_data_engineering
[2023-05-01T02:00:44.958+0000] {task_command.py:388} INFO - Running <TaskInstance: dag_sql.insere_dados_tb_data_engineering scheduled__2023-04-28T17:30:00+00:00 [running]> on host 32f6cac2461e
[2023-05-01T02:00:45.098+0000] {taskinstance.py:1509} INFO - Exporting the following env vars:
AIRFLOW_CTX_DAG_OWNER=***
AIRFLOW_CTX_DAG_ID=dag_sql
AIRFLOW_CTX_TASK_ID=insere_dados_tb_data_engineering
AIRFLOW_CTX_EXECUTION_DATE=2023-04-28T17:30:00+00:00
AIRFLOW_CTX_TRY_NUMBER=2
AIRFLOW_CTX_DAG_RUN_ID=scheduled__2023-04-28T17:30:00+00:00
[2023-05-01T02:00:45.099+0000] {sql.py:254} INFO - Executing: insert into tb_data_engineering(name,cargo,nivel,dt)
values('Junior Lafuente', 'DATA ENGINERIING', 'PLENO', CURRENT_DATE),
      ('Guilherme Delmondes', 'DATA ENGINERIING', 'SPEC', CURRENT_DATE),
      ('Bruno Rodrigues', 'DATA ENGINERIING', 'SENIOR', CURRENT_DATE),
      ('Rafael Miranda', 'DATA ENGINERIING', 'SPEC', CURRENT_DATE),
      ('Diogo brido nilo', 'DATA ENGINERIING', 'PLENO', CURRENT_DATE);
        
[2023-05-01T02:00:45.126+0000] {base.py:73} INFO - Using connection ID 'postgres-***' for task execution.
[2023-05-01T02:00:45.599+0000] {base.py:73} INFO - Using connection ID 'postgres-***' for task execution.
[2023-05-01T02:00:45.640+0000] {sql.py:375} INFO - Running statement: insert into tb_data_engineering(name,cargo,nivel,dt)
values('Junior Lafuente', 'DATA ENGINERIING', 'PLENO', CURRENT_DATE),
      ('Guilherme Delmondes', 'DATA ENGINERIING', 'SPEC', CURRENT_DATE),
      ('Bruno Rodrigues', 'DATA ENGINERIING', 'SENIOR', CURRENT_DATE),
      ('Rafael Miranda', 'DATA ENGINERIING', 'SPEC', CURRENT_DATE),
      ('Diogo brido nilo', 'DATA ENGINERIING', 'PLENO', CURRENT_DATE);
        , parameters: None
[2023-05-01T02:00:45.654+0000] {sql.py:384} INFO - Rows affected: 5
[2023-05-01T02:00:45.679+0000] {taskinstance.py:1323} INFO - Marking task as SUCCESS. dag_id=dag_sql, task_id=insere_dados_tb_data_engineering, execution_date=20230428T173000, start_date=20230501T020044, end_date=20230501T020045
[2023-05-01T02:00:45.750+0000] {local_task_job.py:208} INFO - Task exited with return code 0
[2023-05-01T02:00:45.792+0000] {taskinstance.py:2578} INFO - 0 downstream tasks scheduled from follow-on schedule check
