[2023-04-27T14:39:59.633+0000] {taskinstance.py:1083} INFO - Dependencies all met for <TaskInstance: gsc_to_bq.create_bucket_trusted scheduled__2023-04-26T00:00:00+00:00 [queued]>
[2023-04-27T14:39:59.653+0000] {taskinstance.py:1083} INFO - Dependencies all met for <TaskInstance: gsc_to_bq.create_bucket_trusted scheduled__2023-04-26T00:00:00+00:00 [queued]>
[2023-04-27T14:39:59.654+0000] {taskinstance.py:1279} INFO - 
--------------------------------------------------------------------------------
[2023-04-27T14:39:59.655+0000] {taskinstance.py:1280} INFO - Starting attempt 2 of 3
[2023-04-27T14:39:59.656+0000] {taskinstance.py:1281} INFO - 
--------------------------------------------------------------------------------
[2023-04-27T14:39:59.684+0000] {taskinstance.py:1300} INFO - Executing <Task(GCSCreateBucketOperator): create_bucket_trusted> on 2023-04-26 00:00:00+00:00
[2023-04-27T14:39:59.694+0000] {standard_task_runner.py:55} INFO - Started process 728 to run task
[2023-04-27T14:39:59.700+0000] {standard_task_runner.py:82} INFO - Running: ['***', 'tasks', 'run', 'gsc_to_bq', 'create_bucket_trusted', 'scheduled__2023-04-26T00:00:00+00:00', '--job-id', '415', '--raw', '--subdir', 'DAGS_FOLDER/gcs_to_bq.py', '--cfg-path', '/tmp/tmpsq5vbb85']
[2023-04-27T14:39:59.705+0000] {standard_task_runner.py:83} INFO - Job 415: Subtask create_bucket_trusted
[2023-04-27T14:39:59.863+0000] {task_command.py:388} INFO - Running <TaskInstance: gsc_to_bq.create_bucket_trusted scheduled__2023-04-26T00:00:00+00:00 [running]> on host b592efbffeab
[2023-04-27T14:39:59.979+0000] {taskinstance.py:1509} INFO - Exporting the following env vars:
AIRFLOW_CTX_DAG_OWNER=Junior Lafuente
AIRFLOW_CTX_DAG_ID=gsc_to_bq
AIRFLOW_CTX_TASK_ID=create_bucket_trusted
AIRFLOW_CTX_EXECUTION_DATE=2023-04-26T00:00:00+00:00
AIRFLOW_CTX_TRY_NUMBER=2
AIRFLOW_CTX_DAG_RUN_ID=scheduled__2023-04-26T00:00:00+00:00
[2023-04-27T14:39:59.993+0000] {base.py:73} INFO - Using connection ID 'gcp' for task execution.
[2023-04-27T14:40:00.030+0000] {gcs.py:880} INFO - Creating Bucket: bucket_trusted_jr; Location: us-central1; Storage Class: STANDARD
[2023-04-27T14:40:01.384+0000] {gcs.py:161} WARNING - Bucket bucket_trusted_jr already exists
[2023-04-27T14:40:01.398+0000] {taskinstance.py:1323} INFO - Marking task as SUCCESS. dag_id=gsc_to_bq, task_id=create_bucket_trusted, execution_date=20230426T000000, start_date=20230427T143959, end_date=20230427T144001
[2023-04-27T14:40:01.466+0000] {local_task_job.py:208} INFO - Task exited with return code 0
[2023-04-27T14:40:01.507+0000] {taskinstance.py:2578} INFO - 1 downstream tasks scheduled from follow-on schedule check
