[2023-04-27T14:55:22.361+0000] {taskinstance.py:1083} INFO - Dependencies all met for <TaskInstance: gsc_to_bq.create_bucket_trusted scheduled__2023-04-26T00:00:00+00:00 [queued]>
[2023-04-27T14:55:22.374+0000] {taskinstance.py:1083} INFO - Dependencies all met for <TaskInstance: gsc_to_bq.create_bucket_trusted scheduled__2023-04-26T00:00:00+00:00 [queued]>
[2023-04-27T14:55:22.374+0000] {taskinstance.py:1279} INFO - 
--------------------------------------------------------------------------------
[2023-04-27T14:55:22.375+0000] {taskinstance.py:1280} INFO - Starting attempt 5 of 6
[2023-04-27T14:55:22.376+0000] {taskinstance.py:1281} INFO - 
--------------------------------------------------------------------------------
[2023-04-27T14:55:22.389+0000] {taskinstance.py:1300} INFO - Executing <Task(GCSCreateBucketOperator): create_bucket_trusted> on 2023-04-26 00:00:00+00:00
[2023-04-27T14:55:22.397+0000] {standard_task_runner.py:55} INFO - Started process 1899 to run task
[2023-04-27T14:55:22.401+0000] {standard_task_runner.py:82} INFO - Running: ['***', 'tasks', 'run', 'gsc_to_bq', 'create_bucket_trusted', 'scheduled__2023-04-26T00:00:00+00:00', '--job-id', '428', '--raw', '--subdir', 'DAGS_FOLDER/gcs_to_bq.py', '--cfg-path', '/tmp/tmphmgk_w1k']
[2023-04-27T14:55:22.403+0000] {standard_task_runner.py:83} INFO - Job 428: Subtask create_bucket_trusted
[2023-04-27T14:55:22.489+0000] {task_command.py:388} INFO - Running <TaskInstance: gsc_to_bq.create_bucket_trusted scheduled__2023-04-26T00:00:00+00:00 [running]> on host b592efbffeab
[2023-04-27T14:55:22.580+0000] {taskinstance.py:1509} INFO - Exporting the following env vars:
AIRFLOW_CTX_DAG_OWNER=Junior Lafuente
AIRFLOW_CTX_DAG_ID=gsc_to_bq
AIRFLOW_CTX_TASK_ID=create_bucket_trusted
AIRFLOW_CTX_EXECUTION_DATE=2023-04-26T00:00:00+00:00
AIRFLOW_CTX_TRY_NUMBER=5
AIRFLOW_CTX_DAG_RUN_ID=scheduled__2023-04-26T00:00:00+00:00
[2023-04-27T14:55:22.589+0000] {base.py:73} INFO - Using connection ID 'gcp' for task execution.
[2023-04-27T14:55:22.609+0000] {gcs.py:880} INFO - Creating Bucket: bucket_trusted_jr; Location: us-central1; Storage Class: STANDARD
[2023-04-27T14:55:24.318+0000] {gcs.py:161} WARNING - Bucket bucket_trusted_jr already exists
[2023-04-27T14:55:24.330+0000] {taskinstance.py:1323} INFO - Marking task as SUCCESS. dag_id=gsc_to_bq, task_id=create_bucket_trusted, execution_date=20230426T000000, start_date=20230427T145522, end_date=20230427T145524
[2023-04-27T14:55:24.381+0000] {local_task_job.py:208} INFO - Task exited with return code 0
[2023-04-27T14:55:24.411+0000] {taskinstance.py:2578} INFO - 1 downstream tasks scheduled from follow-on schedule check
