[2023-06-06T21:19:44.886+0000] {processor.py:153} INFO - Started process (PID=95) to work on /opt/airflow/dags/dag_sql.py
[2023-06-06T21:19:44.902+0000] {processor.py:743} INFO - Processing file /opt/airflow/dags/dag_sql.py for tasks to queue
[2023-06-06T21:19:44.904+0000] {logging_mixin.py:137} INFO - [2023-06-06T21:19:44.904+0000] {dagbag.py:538} INFO - Filling up the DagBag from /opt/airflow/dags/dag_sql.py
[2023-06-06T21:19:46.497+0000] {processor.py:753} INFO - DAG(s) dict_keys(['dag_sql']) retrieved from /opt/airflow/dags/dag_sql.py
[2023-06-06T21:19:48.114+0000] {logging_mixin.py:137} INFO - [2023-06-06T21:19:48.114+0000] {manager.py:504} INFO - Created Permission View: can edit on DAG:dag_sql
[2023-06-06T21:19:48.483+0000] {logging_mixin.py:137} INFO - [2023-06-06T21:19:48.483+0000] {manager.py:504} INFO - Created Permission View: can read on DAG:dag_sql
[2023-06-06T21:19:48.635+0000] {logging_mixin.py:137} INFO - [2023-06-06T21:19:48.635+0000] {manager.py:504} INFO - Created Permission View: can delete on DAG:dag_sql
[2023-06-06T21:19:48.679+0000] {logging_mixin.py:137} INFO - [2023-06-06T21:19:48.679+0000] {dag.py:2690} INFO - Sync 1 DAGs
[2023-06-06T21:19:49.165+0000] {logging_mixin.py:137} INFO - [2023-06-06T21:19:49.165+0000] {dag.py:2711} INFO - Creating ORM DAG for dag_sql
[2023-06-06T21:19:49.382+0000] {logging_mixin.py:137} INFO - [2023-06-06T21:19:49.377+0000] {dag.py:3441} INFO - Setting next_dagrun for dag_sql to 2023-06-05T00:00:00+00:00, run_after=2023-06-06T00:00:00+00:00
[2023-06-06T21:19:50.603+0000] {processor.py:175} INFO - Processing /opt/airflow/dags/dag_sql.py took 5.752 seconds
[2023-06-06T21:20:21.084+0000] {processor.py:153} INFO - Started process (PID=129) to work on /opt/airflow/dags/dag_sql.py
[2023-06-06T21:20:21.091+0000] {processor.py:743} INFO - Processing file /opt/airflow/dags/dag_sql.py for tasks to queue
[2023-06-06T21:20:21.098+0000] {logging_mixin.py:137} INFO - [2023-06-06T21:20:21.097+0000] {dagbag.py:538} INFO - Filling up the DagBag from /opt/airflow/dags/dag_sql.py
[2023-06-06T21:20:21.990+0000] {processor.py:753} INFO - DAG(s) dict_keys(['dag_sql']) retrieved from /opt/airflow/dags/dag_sql.py
[2023-06-06T21:20:22.245+0000] {logging_mixin.py:137} INFO - [2023-06-06T21:20:22.244+0000] {dag.py:2690} INFO - Sync 1 DAGs
[2023-06-06T21:20:22.434+0000] {logging_mixin.py:137} INFO - [2023-06-06T21:20:22.434+0000] {dag.py:3441} INFO - Setting next_dagrun for dag_sql to 2023-06-05T00:00:00+00:00, run_after=2023-06-06T00:00:00+00:00
[2023-06-06T21:20:22.596+0000] {processor.py:175} INFO - Processing /opt/airflow/dags/dag_sql.py took 1.514 seconds
[2023-06-06T21:20:52.837+0000] {processor.py:153} INFO - Started process (PID=158) to work on /opt/airflow/dags/dag_sql.py
[2023-06-06T21:20:52.839+0000] {processor.py:743} INFO - Processing file /opt/airflow/dags/dag_sql.py for tasks to queue
[2023-06-06T21:20:52.844+0000] {logging_mixin.py:137} INFO - [2023-06-06T21:20:52.843+0000] {dagbag.py:538} INFO - Filling up the DagBag from /opt/airflow/dags/dag_sql.py
[2023-06-06T21:20:53.406+0000] {processor.py:753} INFO - DAG(s) dict_keys(['dag_sql']) retrieved from /opt/airflow/dags/dag_sql.py
[2023-06-06T21:20:53.548+0000] {logging_mixin.py:137} INFO - [2023-06-06T21:20:53.548+0000] {dag.py:2690} INFO - Sync 1 DAGs
[2023-06-06T21:20:53.622+0000] {logging_mixin.py:137} INFO - [2023-06-06T21:20:53.622+0000] {dag.py:3441} INFO - Setting next_dagrun for dag_sql to 2023-06-05T00:00:00+00:00, run_after=2023-06-06T00:00:00+00:00
[2023-06-06T21:20:53.727+0000] {processor.py:175} INFO - Processing /opt/airflow/dags/dag_sql.py took 0.909 seconds
[2023-06-06T21:21:24.075+0000] {processor.py:153} INFO - Started process (PID=185) to work on /opt/airflow/dags/dag_sql.py
[2023-06-06T21:21:24.081+0000] {processor.py:743} INFO - Processing file /opt/airflow/dags/dag_sql.py for tasks to queue
[2023-06-06T21:21:24.091+0000] {logging_mixin.py:137} INFO - [2023-06-06T21:21:24.090+0000] {dagbag.py:538} INFO - Filling up the DagBag from /opt/airflow/dags/dag_sql.py
[2023-06-06T21:21:24.443+0000] {processor.py:753} INFO - DAG(s) dict_keys(['dag_sql']) retrieved from /opt/airflow/dags/dag_sql.py
[2023-06-06T21:21:24.496+0000] {logging_mixin.py:137} INFO - [2023-06-06T21:21:24.496+0000] {dag.py:2690} INFO - Sync 1 DAGs
[2023-06-06T21:21:24.548+0000] {logging_mixin.py:137} INFO - [2023-06-06T21:21:24.547+0000] {dag.py:3441} INFO - Setting next_dagrun for dag_sql to 2023-06-05T00:00:00+00:00, run_after=2023-06-06T00:00:00+00:00
[2023-06-06T21:21:24.606+0000] {processor.py:175} INFO - Processing /opt/airflow/dags/dag_sql.py took 0.537 seconds
[2023-06-06T21:21:55.169+0000] {processor.py:153} INFO - Started process (PID=221) to work on /opt/airflow/dags/dag_sql.py
[2023-06-06T21:21:55.171+0000] {processor.py:743} INFO - Processing file /opt/airflow/dags/dag_sql.py for tasks to queue
[2023-06-06T21:21:55.174+0000] {logging_mixin.py:137} INFO - [2023-06-06T21:21:55.173+0000] {dagbag.py:538} INFO - Filling up the DagBag from /opt/airflow/dags/dag_sql.py
[2023-06-06T21:21:55.590+0000] {processor.py:753} INFO - DAG(s) dict_keys(['dag_sql']) retrieved from /opt/airflow/dags/dag_sql.py
[2023-06-06T21:21:55.722+0000] {logging_mixin.py:137} INFO - [2023-06-06T21:21:55.721+0000] {dag.py:2690} INFO - Sync 1 DAGs
[2023-06-06T21:21:55.847+0000] {logging_mixin.py:137} INFO - [2023-06-06T21:21:55.847+0000] {dag.py:3441} INFO - Setting next_dagrun for dag_sql to 2023-06-05T00:00:00+00:00, run_after=2023-06-06T00:00:00+00:00
[2023-06-06T21:21:55.987+0000] {processor.py:175} INFO - Processing /opt/airflow/dags/dag_sql.py took 0.834 seconds
[2023-06-06T21:22:26.130+0000] {processor.py:153} INFO - Started process (PID=249) to work on /opt/airflow/dags/dag_sql.py
[2023-06-06T21:22:26.134+0000] {processor.py:743} INFO - Processing file /opt/airflow/dags/dag_sql.py for tasks to queue
[2023-06-06T21:22:26.141+0000] {logging_mixin.py:137} INFO - [2023-06-06T21:22:26.141+0000] {dagbag.py:538} INFO - Filling up the DagBag from /opt/airflow/dags/dag_sql.py
[2023-06-06T21:22:26.479+0000] {processor.py:753} INFO - DAG(s) dict_keys(['dag_sql']) retrieved from /opt/airflow/dags/dag_sql.py
[2023-06-06T21:22:26.564+0000] {logging_mixin.py:137} INFO - [2023-06-06T21:22:26.563+0000] {dag.py:2690} INFO - Sync 1 DAGs
[2023-06-06T21:22:26.644+0000] {logging_mixin.py:137} INFO - [2023-06-06T21:22:26.643+0000] {dag.py:3441} INFO - Setting next_dagrun for dag_sql to 2023-06-05T00:00:00+00:00, run_after=2023-06-06T00:00:00+00:00
[2023-06-06T21:22:26.832+0000] {processor.py:175} INFO - Processing /opt/airflow/dags/dag_sql.py took 0.708 seconds
[2023-06-06T21:22:57.091+0000] {processor.py:153} INFO - Started process (PID=285) to work on /opt/airflow/dags/dag_sql.py
[2023-06-06T21:22:57.108+0000] {processor.py:743} INFO - Processing file /opt/airflow/dags/dag_sql.py for tasks to queue
[2023-06-06T21:22:57.119+0000] {logging_mixin.py:137} INFO - [2023-06-06T21:22:57.119+0000] {dagbag.py:538} INFO - Filling up the DagBag from /opt/airflow/dags/dag_sql.py
[2023-06-06T21:22:57.376+0000] {processor.py:753} INFO - DAG(s) dict_keys(['dag_sql']) retrieved from /opt/airflow/dags/dag_sql.py
[2023-06-06T21:22:57.437+0000] {logging_mixin.py:137} INFO - [2023-06-06T21:22:57.437+0000] {dag.py:2690} INFO - Sync 1 DAGs
[2023-06-06T21:22:57.491+0000] {logging_mixin.py:137} INFO - [2023-06-06T21:22:57.491+0000] {dag.py:3441} INFO - Setting next_dagrun for dag_sql to 2023-06-05T00:00:00+00:00, run_after=2023-06-06T00:00:00+00:00
[2023-06-06T21:22:57.524+0000] {processor.py:175} INFO - Processing /opt/airflow/dags/dag_sql.py took 0.439 seconds
[2023-06-06T21:23:27.749+0000] {processor.py:153} INFO - Started process (PID=321) to work on /opt/airflow/dags/dag_sql.py
[2023-06-06T21:23:27.752+0000] {processor.py:743} INFO - Processing file /opt/airflow/dags/dag_sql.py for tasks to queue
[2023-06-06T21:23:27.756+0000] {logging_mixin.py:137} INFO - [2023-06-06T21:23:27.755+0000] {dagbag.py:538} INFO - Filling up the DagBag from /opt/airflow/dags/dag_sql.py
[2023-06-06T21:23:27.929+0000] {processor.py:753} INFO - DAG(s) dict_keys(['dag_sql']) retrieved from /opt/airflow/dags/dag_sql.py
[2023-06-06T21:23:28.004+0000] {logging_mixin.py:137} INFO - [2023-06-06T21:23:28.003+0000] {dag.py:2690} INFO - Sync 1 DAGs
[2023-06-06T21:23:28.081+0000] {logging_mixin.py:137} INFO - [2023-06-06T21:23:28.080+0000] {dag.py:3441} INFO - Setting next_dagrun for dag_sql to 2023-06-05T00:00:00+00:00, run_after=2023-06-06T00:00:00+00:00
[2023-06-06T21:23:28.129+0000] {processor.py:175} INFO - Processing /opt/airflow/dags/dag_sql.py took 0.388 seconds
[2023-06-06T21:23:58.533+0000] {processor.py:153} INFO - Started process (PID=357) to work on /opt/airflow/dags/dag_sql.py
[2023-06-06T21:23:58.542+0000] {processor.py:743} INFO - Processing file /opt/airflow/dags/dag_sql.py for tasks to queue
[2023-06-06T21:23:58.566+0000] {logging_mixin.py:137} INFO - [2023-06-06T21:23:58.565+0000] {dagbag.py:538} INFO - Filling up the DagBag from /opt/airflow/dags/dag_sql.py
[2023-06-06T21:23:58.985+0000] {processor.py:753} INFO - DAG(s) dict_keys(['dag_sql']) retrieved from /opt/airflow/dags/dag_sql.py
[2023-06-06T21:23:59.096+0000] {logging_mixin.py:137} INFO - [2023-06-06T21:23:59.096+0000] {dag.py:2690} INFO - Sync 1 DAGs
[2023-06-06T21:23:59.229+0000] {logging_mixin.py:137} INFO - [2023-06-06T21:23:59.228+0000] {dag.py:3441} INFO - Setting next_dagrun for dag_sql to 2023-06-05T00:00:00+00:00, run_after=2023-06-06T00:00:00+00:00
[2023-06-06T21:23:59.352+0000] {processor.py:175} INFO - Processing /opt/airflow/dags/dag_sql.py took 0.827 seconds
[2023-06-06T21:24:29.558+0000] {processor.py:153} INFO - Started process (PID=385) to work on /opt/airflow/dags/dag_sql.py
[2023-06-06T21:24:29.562+0000] {processor.py:743} INFO - Processing file /opt/airflow/dags/dag_sql.py for tasks to queue
[2023-06-06T21:24:29.563+0000] {logging_mixin.py:137} INFO - [2023-06-06T21:24:29.563+0000] {dagbag.py:538} INFO - Filling up the DagBag from /opt/airflow/dags/dag_sql.py
[2023-06-06T21:24:29.687+0000] {processor.py:753} INFO - DAG(s) dict_keys(['dag_sql']) retrieved from /opt/airflow/dags/dag_sql.py
[2023-06-06T21:24:29.715+0000] {logging_mixin.py:137} INFO - [2023-06-06T21:24:29.715+0000] {dag.py:2690} INFO - Sync 1 DAGs
[2023-06-06T21:24:29.749+0000] {logging_mixin.py:137} INFO - [2023-06-06T21:24:29.749+0000] {dag.py:3441} INFO - Setting next_dagrun for dag_sql to 2023-06-05T00:00:00+00:00, run_after=2023-06-06T00:00:00+00:00
[2023-06-06T21:24:29.778+0000] {processor.py:175} INFO - Processing /opt/airflow/dags/dag_sql.py took 0.226 seconds
[2023-06-06T21:25:00.575+0000] {processor.py:153} INFO - Started process (PID=430) to work on /opt/airflow/dags/dag_sql.py
[2023-06-06T21:25:00.576+0000] {processor.py:743} INFO - Processing file /opt/airflow/dags/dag_sql.py for tasks to queue
[2023-06-06T21:25:00.577+0000] {logging_mixin.py:137} INFO - [2023-06-06T21:25:00.577+0000] {dagbag.py:538} INFO - Filling up the DagBag from /opt/airflow/dags/dag_sql.py
[2023-06-06T21:25:00.777+0000] {processor.py:753} INFO - DAG(s) dict_keys(['dag_sql']) retrieved from /opt/airflow/dags/dag_sql.py
[2023-06-06T21:25:00.843+0000] {logging_mixin.py:137} INFO - [2023-06-06T21:25:00.843+0000] {dag.py:2690} INFO - Sync 1 DAGs
[2023-06-06T21:25:00.925+0000] {logging_mixin.py:137} INFO - [2023-06-06T21:25:00.924+0000] {dag.py:3441} INFO - Setting next_dagrun for dag_sql to 2023-06-05T00:00:00+00:00, run_after=2023-06-06T00:00:00+00:00
[2023-06-06T21:25:00.975+0000] {processor.py:175} INFO - Processing /opt/airflow/dags/dag_sql.py took 0.404 seconds
[2023-06-06T21:25:31.522+0000] {processor.py:153} INFO - Started process (PID=473) to work on /opt/airflow/dags/dag_sql.py
[2023-06-06T21:25:31.524+0000] {processor.py:743} INFO - Processing file /opt/airflow/dags/dag_sql.py for tasks to queue
[2023-06-06T21:25:31.525+0000] {logging_mixin.py:137} INFO - [2023-06-06T21:25:31.525+0000] {dagbag.py:538} INFO - Filling up the DagBag from /opt/airflow/dags/dag_sql.py
[2023-06-06T21:25:31.648+0000] {processor.py:753} INFO - DAG(s) dict_keys(['dag_sql']) retrieved from /opt/airflow/dags/dag_sql.py
[2023-06-06T21:25:31.673+0000] {logging_mixin.py:137} INFO - [2023-06-06T21:25:31.673+0000] {dag.py:2690} INFO - Sync 1 DAGs
[2023-06-06T21:25:31.703+0000] {logging_mixin.py:137} INFO - [2023-06-06T21:25:31.703+0000] {dag.py:3441} INFO - Setting next_dagrun for dag_sql to 2023-06-05T00:00:00+00:00, run_after=2023-06-06T00:00:00+00:00
[2023-06-06T21:25:31.725+0000] {processor.py:175} INFO - Processing /opt/airflow/dags/dag_sql.py took 0.208 seconds
[2023-06-06T21:26:02.222+0000] {processor.py:153} INFO - Started process (PID=509) to work on /opt/airflow/dags/dag_sql.py
[2023-06-06T21:26:02.224+0000] {processor.py:743} INFO - Processing file /opt/airflow/dags/dag_sql.py for tasks to queue
[2023-06-06T21:26:02.231+0000] {logging_mixin.py:137} INFO - [2023-06-06T21:26:02.231+0000] {dagbag.py:538} INFO - Filling up the DagBag from /opt/airflow/dags/dag_sql.py
[2023-06-06T21:26:02.513+0000] {processor.py:753} INFO - DAG(s) dict_keys(['dag_sql']) retrieved from /opt/airflow/dags/dag_sql.py
[2023-06-06T21:26:02.562+0000] {logging_mixin.py:137} INFO - [2023-06-06T21:26:02.561+0000] {dag.py:2690} INFO - Sync 1 DAGs
[2023-06-06T21:26:02.606+0000] {logging_mixin.py:137} INFO - [2023-06-06T21:26:02.606+0000] {dag.py:3441} INFO - Setting next_dagrun for dag_sql to 2023-06-05T00:00:00+00:00, run_after=2023-06-06T00:00:00+00:00
[2023-06-06T21:26:02.639+0000] {processor.py:175} INFO - Processing /opt/airflow/dags/dag_sql.py took 0.421 seconds
[2023-06-06T21:26:33.298+0000] {processor.py:153} INFO - Started process (PID=544) to work on /opt/airflow/dags/dag_sql.py
[2023-06-06T21:26:33.310+0000] {processor.py:743} INFO - Processing file /opt/airflow/dags/dag_sql.py for tasks to queue
[2023-06-06T21:26:33.330+0000] {logging_mixin.py:137} INFO - [2023-06-06T21:26:33.329+0000] {dagbag.py:538} INFO - Filling up the DagBag from /opt/airflow/dags/dag_sql.py
[2023-06-06T21:26:33.946+0000] {processor.py:753} INFO - DAG(s) dict_keys(['dag_sql']) retrieved from /opt/airflow/dags/dag_sql.py
[2023-06-06T21:26:34.091+0000] {logging_mixin.py:137} INFO - [2023-06-06T21:26:34.090+0000] {dag.py:2690} INFO - Sync 1 DAGs
[2023-06-06T21:26:34.185+0000] {logging_mixin.py:137} INFO - [2023-06-06T21:26:34.185+0000] {dag.py:3441} INFO - Setting next_dagrun for dag_sql to 2023-06-05T00:00:00+00:00, run_after=2023-06-06T00:00:00+00:00
[2023-06-06T21:26:34.242+0000] {processor.py:175} INFO - Processing /opt/airflow/dags/dag_sql.py took 0.983 seconds
[2023-06-06T21:27:04.774+0000] {processor.py:153} INFO - Started process (PID=580) to work on /opt/airflow/dags/dag_sql.py
[2023-06-06T21:27:04.776+0000] {processor.py:743} INFO - Processing file /opt/airflow/dags/dag_sql.py for tasks to queue
[2023-06-06T21:27:04.777+0000] {logging_mixin.py:137} INFO - [2023-06-06T21:27:04.777+0000] {dagbag.py:538} INFO - Filling up the DagBag from /opt/airflow/dags/dag_sql.py
[2023-06-06T21:27:04.911+0000] {processor.py:753} INFO - DAG(s) dict_keys(['dag_sql']) retrieved from /opt/airflow/dags/dag_sql.py
[2023-06-06T21:27:04.947+0000] {logging_mixin.py:137} INFO - [2023-06-06T21:27:04.947+0000] {dag.py:2690} INFO - Sync 1 DAGs
[2023-06-06T21:27:04.981+0000] {logging_mixin.py:137} INFO - [2023-06-06T21:27:04.981+0000] {dag.py:3441} INFO - Setting next_dagrun for dag_sql to 2023-06-05T00:00:00+00:00, run_after=2023-06-06T00:00:00+00:00
[2023-06-06T21:27:05.009+0000] {processor.py:175} INFO - Processing /opt/airflow/dags/dag_sql.py took 0.240 seconds
[2023-06-06T21:27:35.300+0000] {processor.py:153} INFO - Started process (PID=616) to work on /opt/airflow/dags/dag_sql.py
[2023-06-06T21:27:35.301+0000] {processor.py:743} INFO - Processing file /opt/airflow/dags/dag_sql.py for tasks to queue
[2023-06-06T21:27:35.303+0000] {logging_mixin.py:137} INFO - [2023-06-06T21:27:35.303+0000] {dagbag.py:538} INFO - Filling up the DagBag from /opt/airflow/dags/dag_sql.py
[2023-06-06T21:27:35.424+0000] {processor.py:753} INFO - DAG(s) dict_keys(['dag_sql']) retrieved from /opt/airflow/dags/dag_sql.py
[2023-06-06T21:27:35.458+0000] {logging_mixin.py:137} INFO - [2023-06-06T21:27:35.458+0000] {dag.py:2690} INFO - Sync 1 DAGs
[2023-06-06T21:27:35.488+0000] {logging_mixin.py:137} INFO - [2023-06-06T21:27:35.488+0000] {dag.py:3441} INFO - Setting next_dagrun for dag_sql to 2023-06-05T00:00:00+00:00, run_after=2023-06-06T00:00:00+00:00
[2023-06-06T21:27:35.513+0000] {processor.py:175} INFO - Processing /opt/airflow/dags/dag_sql.py took 0.216 seconds
[2023-06-06T21:28:05.920+0000] {processor.py:153} INFO - Started process (PID=661) to work on /opt/airflow/dags/dag_sql.py
[2023-06-06T21:28:05.922+0000] {processor.py:743} INFO - Processing file /opt/airflow/dags/dag_sql.py for tasks to queue
[2023-06-06T21:28:05.924+0000] {logging_mixin.py:137} INFO - [2023-06-06T21:28:05.923+0000] {dagbag.py:538} INFO - Filling up the DagBag from /opt/airflow/dags/dag_sql.py
[2023-06-06T21:28:06.077+0000] {processor.py:753} INFO - DAG(s) dict_keys(['dag_sql']) retrieved from /opt/airflow/dags/dag_sql.py
[2023-06-06T21:28:06.123+0000] {logging_mixin.py:137} INFO - [2023-06-06T21:28:06.123+0000] {dag.py:2690} INFO - Sync 1 DAGs
[2023-06-06T21:28:06.169+0000] {logging_mixin.py:137} INFO - [2023-06-06T21:28:06.169+0000] {dag.py:3441} INFO - Setting next_dagrun for dag_sql to 2023-06-05T00:00:00+00:00, run_after=2023-06-06T00:00:00+00:00
[2023-06-06T21:28:06.207+0000] {processor.py:175} INFO - Processing /opt/airflow/dags/dag_sql.py took 0.293 seconds
[2023-06-06T21:28:36.755+0000] {processor.py:153} INFO - Started process (PID=704) to work on /opt/airflow/dags/dag_sql.py
[2023-06-06T21:28:36.757+0000] {processor.py:743} INFO - Processing file /opt/airflow/dags/dag_sql.py for tasks to queue
[2023-06-06T21:28:36.762+0000] {logging_mixin.py:137} INFO - [2023-06-06T21:28:36.762+0000] {dagbag.py:538} INFO - Filling up the DagBag from /opt/airflow/dags/dag_sql.py
[2023-06-06T21:28:36.947+0000] {processor.py:753} INFO - DAG(s) dict_keys(['dag_sql']) retrieved from /opt/airflow/dags/dag_sql.py
[2023-06-06T21:28:37.018+0000] {logging_mixin.py:137} INFO - [2023-06-06T21:28:37.018+0000] {dag.py:2690} INFO - Sync 1 DAGs
[2023-06-06T21:28:37.104+0000] {logging_mixin.py:137} INFO - [2023-06-06T21:28:37.104+0000] {dag.py:3441} INFO - Setting next_dagrun for dag_sql to 2023-06-05T00:00:00+00:00, run_after=2023-06-06T00:00:00+00:00
[2023-06-06T21:28:37.164+0000] {processor.py:175} INFO - Processing /opt/airflow/dags/dag_sql.py took 0.417 seconds
[2023-06-06T21:29:07.457+0000] {processor.py:153} INFO - Started process (PID=740) to work on /opt/airflow/dags/dag_sql.py
[2023-06-06T21:29:07.459+0000] {processor.py:743} INFO - Processing file /opt/airflow/dags/dag_sql.py for tasks to queue
[2023-06-06T21:29:07.461+0000] {logging_mixin.py:137} INFO - [2023-06-06T21:29:07.460+0000] {dagbag.py:538} INFO - Filling up the DagBag from /opt/airflow/dags/dag_sql.py
[2023-06-06T21:29:07.661+0000] {processor.py:753} INFO - DAG(s) dict_keys(['dag_sql']) retrieved from /opt/airflow/dags/dag_sql.py
[2023-06-06T21:29:07.716+0000] {logging_mixin.py:137} INFO - [2023-06-06T21:29:07.716+0000] {dag.py:2690} INFO - Sync 1 DAGs
[2023-06-06T21:29:07.769+0000] {logging_mixin.py:137} INFO - [2023-06-06T21:29:07.769+0000] {dag.py:3441} INFO - Setting next_dagrun for dag_sql to 2023-06-05T00:00:00+00:00, run_after=2023-06-06T00:00:00+00:00
[2023-06-06T21:29:07.808+0000] {processor.py:175} INFO - Processing /opt/airflow/dags/dag_sql.py took 0.369 seconds
[2023-06-06T21:29:38.542+0000] {processor.py:153} INFO - Started process (PID=776) to work on /opt/airflow/dags/dag_sql.py
[2023-06-06T21:29:38.544+0000] {processor.py:743} INFO - Processing file /opt/airflow/dags/dag_sql.py for tasks to queue
[2023-06-06T21:29:38.545+0000] {logging_mixin.py:137} INFO - [2023-06-06T21:29:38.545+0000] {dagbag.py:538} INFO - Filling up the DagBag from /opt/airflow/dags/dag_sql.py
[2023-06-06T21:29:38.724+0000] {processor.py:753} INFO - DAG(s) dict_keys(['dag_sql']) retrieved from /opt/airflow/dags/dag_sql.py
[2023-06-06T21:29:38.766+0000] {logging_mixin.py:137} INFO - [2023-06-06T21:29:38.766+0000] {dag.py:2690} INFO - Sync 1 DAGs
[2023-06-06T21:29:38.809+0000] {logging_mixin.py:137} INFO - [2023-06-06T21:29:38.809+0000] {dag.py:3441} INFO - Setting next_dagrun for dag_sql to 2023-06-05T00:00:00+00:00, run_after=2023-06-06T00:00:00+00:00
[2023-06-06T21:29:38.837+0000] {processor.py:175} INFO - Processing /opt/airflow/dags/dag_sql.py took 0.299 seconds
[2023-06-06T21:30:09.345+0000] {processor.py:153} INFO - Started process (PID=812) to work on /opt/airflow/dags/dag_sql.py
[2023-06-06T21:30:09.346+0000] {processor.py:743} INFO - Processing file /opt/airflow/dags/dag_sql.py for tasks to queue
[2023-06-06T21:30:09.347+0000] {logging_mixin.py:137} INFO - [2023-06-06T21:30:09.347+0000] {dagbag.py:538} INFO - Filling up the DagBag from /opt/airflow/dags/dag_sql.py
[2023-06-06T21:30:09.499+0000] {processor.py:753} INFO - DAG(s) dict_keys(['dag_sql']) retrieved from /opt/airflow/dags/dag_sql.py
[2023-06-06T21:30:09.533+0000] {logging_mixin.py:137} INFO - [2023-06-06T21:30:09.533+0000] {dag.py:2690} INFO - Sync 1 DAGs
[2023-06-06T21:30:09.562+0000] {logging_mixin.py:137} INFO - [2023-06-06T21:30:09.562+0000] {dag.py:3441} INFO - Setting next_dagrun for dag_sql to 2023-06-05T00:00:00+00:00, run_after=2023-06-06T00:00:00+00:00
[2023-06-06T21:30:09.587+0000] {processor.py:175} INFO - Processing /opt/airflow/dags/dag_sql.py took 0.247 seconds
[2023-06-06T21:30:40.051+0000] {processor.py:153} INFO - Started process (PID=857) to work on /opt/airflow/dags/dag_sql.py
[2023-06-06T21:30:40.052+0000] {processor.py:743} INFO - Processing file /opt/airflow/dags/dag_sql.py for tasks to queue
[2023-06-06T21:30:40.053+0000] {logging_mixin.py:137} INFO - [2023-06-06T21:30:40.053+0000] {dagbag.py:538} INFO - Filling up the DagBag from /opt/airflow/dags/dag_sql.py
[2023-06-06T21:30:40.237+0000] {processor.py:753} INFO - DAG(s) dict_keys(['dag_sql']) retrieved from /opt/airflow/dags/dag_sql.py
[2023-06-06T21:30:40.264+0000] {logging_mixin.py:137} INFO - [2023-06-06T21:30:40.264+0000] {dag.py:2690} INFO - Sync 1 DAGs
[2023-06-06T21:30:40.291+0000] {logging_mixin.py:137} INFO - [2023-06-06T21:30:40.291+0000] {dag.py:3441} INFO - Setting next_dagrun for dag_sql to 2023-06-05T00:00:00+00:00, run_after=2023-06-06T00:00:00+00:00
[2023-06-06T21:30:40.316+0000] {processor.py:175} INFO - Processing /opt/airflow/dags/dag_sql.py took 0.268 seconds
[2023-06-06T21:31:10.971+0000] {processor.py:153} INFO - Started process (PID=900) to work on /opt/airflow/dags/dag_sql.py
[2023-06-06T21:31:10.976+0000] {processor.py:743} INFO - Processing file /opt/airflow/dags/dag_sql.py for tasks to queue
[2023-06-06T21:31:10.978+0000] {logging_mixin.py:137} INFO - [2023-06-06T21:31:10.978+0000] {dagbag.py:538} INFO - Filling up the DagBag from /opt/airflow/dags/dag_sql.py
[2023-06-06T21:31:11.175+0000] {processor.py:753} INFO - DAG(s) dict_keys(['dag_sql']) retrieved from /opt/airflow/dags/dag_sql.py
[2023-06-06T21:31:11.231+0000] {logging_mixin.py:137} INFO - [2023-06-06T21:31:11.230+0000] {dag.py:2690} INFO - Sync 1 DAGs
[2023-06-06T21:31:11.288+0000] {logging_mixin.py:137} INFO - [2023-06-06T21:31:11.288+0000] {dag.py:3441} INFO - Setting next_dagrun for dag_sql to 2023-06-05T00:00:00+00:00, run_after=2023-06-06T00:00:00+00:00
[2023-06-06T21:31:11.327+0000] {processor.py:175} INFO - Processing /opt/airflow/dags/dag_sql.py took 0.362 seconds
[2023-06-06T21:31:41.401+0000] {processor.py:153} INFO - Started process (PID=936) to work on /opt/airflow/dags/dag_sql.py
[2023-06-06T21:31:41.402+0000] {processor.py:743} INFO - Processing file /opt/airflow/dags/dag_sql.py for tasks to queue
[2023-06-06T21:31:41.405+0000] {logging_mixin.py:137} INFO - [2023-06-06T21:31:41.404+0000] {dagbag.py:538} INFO - Filling up the DagBag from /opt/airflow/dags/dag_sql.py
[2023-06-06T21:31:41.554+0000] {processor.py:753} INFO - DAG(s) dict_keys(['dag_sql']) retrieved from /opt/airflow/dags/dag_sql.py
[2023-06-06T21:31:41.587+0000] {logging_mixin.py:137} INFO - [2023-06-06T21:31:41.586+0000] {dag.py:2690} INFO - Sync 1 DAGs
[2023-06-06T21:31:41.622+0000] {logging_mixin.py:137} INFO - [2023-06-06T21:31:41.622+0000] {dag.py:3441} INFO - Setting next_dagrun for dag_sql to 2023-06-05T00:00:00+00:00, run_after=2023-06-06T00:00:00+00:00
[2023-06-06T21:31:41.648+0000] {processor.py:175} INFO - Processing /opt/airflow/dags/dag_sql.py took 0.252 seconds
[2023-06-06T21:32:12.093+0000] {processor.py:153} INFO - Started process (PID=972) to work on /opt/airflow/dags/dag_sql.py
[2023-06-06T21:32:12.095+0000] {processor.py:743} INFO - Processing file /opt/airflow/dags/dag_sql.py for tasks to queue
[2023-06-06T21:32:12.096+0000] {logging_mixin.py:137} INFO - [2023-06-06T21:32:12.096+0000] {dagbag.py:538} INFO - Filling up the DagBag from /opt/airflow/dags/dag_sql.py
[2023-06-06T21:32:12.198+0000] {processor.py:753} INFO - DAG(s) dict_keys(['dag_sql']) retrieved from /opt/airflow/dags/dag_sql.py
[2023-06-06T21:32:12.237+0000] {logging_mixin.py:137} INFO - [2023-06-06T21:32:12.237+0000] {dag.py:2690} INFO - Sync 1 DAGs
[2023-06-06T21:32:12.271+0000] {logging_mixin.py:137} INFO - [2023-06-06T21:32:12.271+0000] {dag.py:3441} INFO - Setting next_dagrun for dag_sql to 2023-06-05T00:00:00+00:00, run_after=2023-06-06T00:00:00+00:00
[2023-06-06T21:32:12.302+0000] {processor.py:175} INFO - Processing /opt/airflow/dags/dag_sql.py took 0.213 seconds
[2023-06-06T21:32:42.749+0000] {processor.py:153} INFO - Started process (PID=1024) to work on /opt/airflow/dags/dag_sql.py
[2023-06-06T21:32:42.751+0000] {processor.py:743} INFO - Processing file /opt/airflow/dags/dag_sql.py for tasks to queue
[2023-06-06T21:32:42.753+0000] {logging_mixin.py:137} INFO - [2023-06-06T21:32:42.753+0000] {dagbag.py:538} INFO - Filling up the DagBag from /opt/airflow/dags/dag_sql.py
[2023-06-06T21:32:42.909+0000] {processor.py:753} INFO - DAG(s) dict_keys(['dag_sql']) retrieved from /opt/airflow/dags/dag_sql.py
[2023-06-06T21:32:42.940+0000] {logging_mixin.py:137} INFO - [2023-06-06T21:32:42.940+0000] {dag.py:2690} INFO - Sync 1 DAGs
[2023-06-06T21:32:42.971+0000] {logging_mixin.py:137} INFO - [2023-06-06T21:32:42.971+0000] {dag.py:3441} INFO - Setting next_dagrun for dag_sql to 2023-06-05T00:00:00+00:00, run_after=2023-06-06T00:00:00+00:00
[2023-06-06T21:32:42.999+0000] {processor.py:175} INFO - Processing /opt/airflow/dags/dag_sql.py took 0.256 seconds
[2023-06-06T21:33:13.448+0000] {processor.py:153} INFO - Started process (PID=1060) to work on /opt/airflow/dags/dag_sql.py
[2023-06-06T21:33:13.449+0000] {processor.py:743} INFO - Processing file /opt/airflow/dags/dag_sql.py for tasks to queue
[2023-06-06T21:33:13.450+0000] {logging_mixin.py:137} INFO - [2023-06-06T21:33:13.450+0000] {dagbag.py:538} INFO - Filling up the DagBag from /opt/airflow/dags/dag_sql.py
[2023-06-06T21:33:13.566+0000] {processor.py:753} INFO - DAG(s) dict_keys(['dag_sql']) retrieved from /opt/airflow/dags/dag_sql.py
[2023-06-06T21:33:13.593+0000] {logging_mixin.py:137} INFO - [2023-06-06T21:33:13.593+0000] {dag.py:2690} INFO - Sync 1 DAGs
[2023-06-06T21:33:13.618+0000] {logging_mixin.py:137} INFO - [2023-06-06T21:33:13.618+0000] {dag.py:3441} INFO - Setting next_dagrun for dag_sql to 2023-06-05T00:00:00+00:00, run_after=2023-06-06T00:00:00+00:00
[2023-06-06T21:33:13.642+0000] {processor.py:175} INFO - Processing /opt/airflow/dags/dag_sql.py took 0.198 seconds
[2023-06-06T21:33:44.203+0000] {processor.py:153} INFO - Started process (PID=1096) to work on /opt/airflow/dags/dag_sql.py
[2023-06-06T21:33:44.204+0000] {processor.py:743} INFO - Processing file /opt/airflow/dags/dag_sql.py for tasks to queue
[2023-06-06T21:33:44.205+0000] {logging_mixin.py:137} INFO - [2023-06-06T21:33:44.205+0000] {dagbag.py:538} INFO - Filling up the DagBag from /opt/airflow/dags/dag_sql.py
[2023-06-06T21:33:44.345+0000] {processor.py:753} INFO - DAG(s) dict_keys(['dag_sql']) retrieved from /opt/airflow/dags/dag_sql.py
[2023-06-06T21:33:44.369+0000] {logging_mixin.py:137} INFO - [2023-06-06T21:33:44.368+0000] {dag.py:2690} INFO - Sync 1 DAGs
[2023-06-06T21:33:44.390+0000] {logging_mixin.py:137} INFO - [2023-06-06T21:33:44.389+0000] {dag.py:3441} INFO - Setting next_dagrun for dag_sql to 2023-06-05T00:00:00+00:00, run_after=2023-06-06T00:00:00+00:00
[2023-06-06T21:33:44.412+0000] {processor.py:175} INFO - Processing /opt/airflow/dags/dag_sql.py took 0.212 seconds
[2023-06-06T21:34:14.756+0000] {processor.py:153} INFO - Started process (PID=1148) to work on /opt/airflow/dags/dag_sql.py
[2023-06-06T21:34:14.757+0000] {processor.py:743} INFO - Processing file /opt/airflow/dags/dag_sql.py for tasks to queue
[2023-06-06T21:34:14.759+0000] {logging_mixin.py:137} INFO - [2023-06-06T21:34:14.758+0000] {dagbag.py:538} INFO - Filling up the DagBag from /opt/airflow/dags/dag_sql.py
[2023-06-06T21:34:14.897+0000] {processor.py:753} INFO - DAG(s) dict_keys(['dag_sql']) retrieved from /opt/airflow/dags/dag_sql.py
[2023-06-06T21:34:14.942+0000] {logging_mixin.py:137} INFO - [2023-06-06T21:34:14.941+0000] {dag.py:2690} INFO - Sync 1 DAGs
[2023-06-06T21:34:14.986+0000] {logging_mixin.py:137} INFO - [2023-06-06T21:34:14.986+0000] {dag.py:3441} INFO - Setting next_dagrun for dag_sql to 2023-06-05T00:00:00+00:00, run_after=2023-06-06T00:00:00+00:00
[2023-06-06T21:34:15.021+0000] {processor.py:175} INFO - Processing /opt/airflow/dags/dag_sql.py took 0.270 seconds
[2023-06-06T21:34:45.820+0000] {processor.py:153} INFO - Started process (PID=1184) to work on /opt/airflow/dags/dag_sql.py
[2023-06-06T21:34:45.821+0000] {processor.py:743} INFO - Processing file /opt/airflow/dags/dag_sql.py for tasks to queue
[2023-06-06T21:34:45.823+0000] {logging_mixin.py:137} INFO - [2023-06-06T21:34:45.822+0000] {dagbag.py:538} INFO - Filling up the DagBag from /opt/airflow/dags/dag_sql.py
[2023-06-06T21:34:45.958+0000] {processor.py:753} INFO - DAG(s) dict_keys(['dag_sql']) retrieved from /opt/airflow/dags/dag_sql.py
[2023-06-06T21:34:45.987+0000] {logging_mixin.py:137} INFO - [2023-06-06T21:34:45.987+0000] {dag.py:2690} INFO - Sync 1 DAGs
[2023-06-06T21:34:46.023+0000] {logging_mixin.py:137} INFO - [2023-06-06T21:34:46.023+0000] {dag.py:3441} INFO - Setting next_dagrun for dag_sql to 2023-06-05T00:00:00+00:00, run_after=2023-06-06T00:00:00+00:00
[2023-06-06T21:34:46.045+0000] {processor.py:175} INFO - Processing /opt/airflow/dags/dag_sql.py took 0.229 seconds
[2023-06-06T21:35:16.277+0000] {processor.py:153} INFO - Started process (PID=1219) to work on /opt/airflow/dags/dag_sql.py
[2023-06-06T21:35:16.278+0000] {processor.py:743} INFO - Processing file /opt/airflow/dags/dag_sql.py for tasks to queue
[2023-06-06T21:35:16.280+0000] {logging_mixin.py:137} INFO - [2023-06-06T21:35:16.279+0000] {dagbag.py:538} INFO - Filling up the DagBag from /opt/airflow/dags/dag_sql.py
[2023-06-06T21:35:16.380+0000] {processor.py:753} INFO - DAG(s) dict_keys(['dag_sql']) retrieved from /opt/airflow/dags/dag_sql.py
[2023-06-06T21:35:16.400+0000] {logging_mixin.py:137} INFO - [2023-06-06T21:35:16.400+0000] {dag.py:2690} INFO - Sync 1 DAGs
[2023-06-06T21:35:16.422+0000] {logging_mixin.py:137} INFO - [2023-06-06T21:35:16.422+0000] {dag.py:3441} INFO - Setting next_dagrun for dag_sql to 2023-06-05T00:00:00+00:00, run_after=2023-06-06T00:00:00+00:00
[2023-06-06T21:35:16.444+0000] {processor.py:175} INFO - Processing /opt/airflow/dags/dag_sql.py took 0.171 seconds
[2023-06-06T21:35:46.834+0000] {processor.py:153} INFO - Started process (PID=1255) to work on /opt/airflow/dags/dag_sql.py
[2023-06-06T21:35:46.835+0000] {processor.py:743} INFO - Processing file /opt/airflow/dags/dag_sql.py for tasks to queue
[2023-06-06T21:35:46.845+0000] {logging_mixin.py:137} INFO - [2023-06-06T21:35:46.837+0000] {dagbag.py:538} INFO - Filling up the DagBag from /opt/airflow/dags/dag_sql.py
[2023-06-06T21:35:47.025+0000] {processor.py:753} INFO - DAG(s) dict_keys(['dag_sql']) retrieved from /opt/airflow/dags/dag_sql.py
[2023-06-06T21:35:47.128+0000] {logging_mixin.py:137} INFO - [2023-06-06T21:35:47.128+0000] {dag.py:2690} INFO - Sync 1 DAGs
[2023-06-06T21:35:47.218+0000] {logging_mixin.py:137} INFO - [2023-06-06T21:35:47.218+0000] {dag.py:3441} INFO - Setting next_dagrun for dag_sql to 2023-06-05T00:00:00+00:00, run_after=2023-06-06T00:00:00+00:00
[2023-06-06T21:35:47.288+0000] {processor.py:175} INFO - Processing /opt/airflow/dags/dag_sql.py took 0.460 seconds
[2023-06-06T21:36:17.606+0000] {processor.py:153} INFO - Started process (PID=1308) to work on /opt/airflow/dags/dag_sql.py
[2023-06-06T21:36:17.609+0000] {processor.py:743} INFO - Processing file /opt/airflow/dags/dag_sql.py for tasks to queue
[2023-06-06T21:36:17.611+0000] {logging_mixin.py:137} INFO - [2023-06-06T21:36:17.611+0000] {dagbag.py:538} INFO - Filling up the DagBag from /opt/airflow/dags/dag_sql.py
[2023-06-06T21:36:17.762+0000] {processor.py:753} INFO - DAG(s) dict_keys(['dag_sql']) retrieved from /opt/airflow/dags/dag_sql.py
[2023-06-06T21:36:17.796+0000] {logging_mixin.py:137} INFO - [2023-06-06T21:36:17.796+0000] {dag.py:2690} INFO - Sync 1 DAGs
[2023-06-06T21:36:17.851+0000] {logging_mixin.py:137} INFO - [2023-06-06T21:36:17.851+0000] {dag.py:3441} INFO - Setting next_dagrun for dag_sql to 2023-06-05T00:00:00+00:00, run_after=2023-06-06T00:00:00+00:00
[2023-06-06T21:36:17.923+0000] {processor.py:175} INFO - Processing /opt/airflow/dags/dag_sql.py took 0.323 seconds
[2023-06-06T21:36:48.297+0000] {processor.py:153} INFO - Started process (PID=1344) to work on /opt/airflow/dags/dag_sql.py
[2023-06-06T21:36:48.299+0000] {processor.py:743} INFO - Processing file /opt/airflow/dags/dag_sql.py for tasks to queue
[2023-06-06T21:36:48.311+0000] {logging_mixin.py:137} INFO - [2023-06-06T21:36:48.310+0000] {dagbag.py:538} INFO - Filling up the DagBag from /opt/airflow/dags/dag_sql.py
[2023-06-06T21:36:48.495+0000] {processor.py:753} INFO - DAG(s) dict_keys(['dag_sql']) retrieved from /opt/airflow/dags/dag_sql.py
[2023-06-06T21:36:48.534+0000] {logging_mixin.py:137} INFO - [2023-06-06T21:36:48.533+0000] {dag.py:2690} INFO - Sync 1 DAGs
[2023-06-06T21:36:48.574+0000] {logging_mixin.py:137} INFO - [2023-06-06T21:36:48.574+0000] {dag.py:3441} INFO - Setting next_dagrun for dag_sql to 2023-06-05T00:00:00+00:00, run_after=2023-06-06T00:00:00+00:00
[2023-06-06T21:36:48.604+0000] {processor.py:175} INFO - Processing /opt/airflow/dags/dag_sql.py took 0.314 seconds
[2023-06-06T21:37:19.026+0000] {processor.py:153} INFO - Started process (PID=1380) to work on /opt/airflow/dags/dag_sql.py
[2023-06-06T21:37:19.028+0000] {processor.py:743} INFO - Processing file /opt/airflow/dags/dag_sql.py for tasks to queue
[2023-06-06T21:37:19.030+0000] {logging_mixin.py:137} INFO - [2023-06-06T21:37:19.030+0000] {dagbag.py:538} INFO - Filling up the DagBag from /opt/airflow/dags/dag_sql.py
[2023-06-06T21:37:19.175+0000] {processor.py:753} INFO - DAG(s) dict_keys(['dag_sql']) retrieved from /opt/airflow/dags/dag_sql.py
[2023-06-06T21:37:19.204+0000] {logging_mixin.py:137} INFO - [2023-06-06T21:37:19.204+0000] {dag.py:2690} INFO - Sync 1 DAGs
[2023-06-06T21:37:19.235+0000] {logging_mixin.py:137} INFO - [2023-06-06T21:37:19.235+0000] {dag.py:3441} INFO - Setting next_dagrun for dag_sql to 2023-06-05T00:00:00+00:00, run_after=2023-06-06T00:00:00+00:00
[2023-06-06T21:37:19.266+0000] {processor.py:175} INFO - Processing /opt/airflow/dags/dag_sql.py took 0.247 seconds
[2023-06-06T21:37:49.645+0000] {processor.py:153} INFO - Started process (PID=1432) to work on /opt/airflow/dags/dag_sql.py
[2023-06-06T21:37:49.646+0000] {processor.py:743} INFO - Processing file /opt/airflow/dags/dag_sql.py for tasks to queue
[2023-06-06T21:37:49.648+0000] {logging_mixin.py:137} INFO - [2023-06-06T21:37:49.648+0000] {dagbag.py:538} INFO - Filling up the DagBag from /opt/airflow/dags/dag_sql.py
[2023-06-06T21:37:49.770+0000] {processor.py:753} INFO - DAG(s) dict_keys(['dag_sql']) retrieved from /opt/airflow/dags/dag_sql.py
[2023-06-06T21:37:49.806+0000] {logging_mixin.py:137} INFO - [2023-06-06T21:37:49.806+0000] {dag.py:2690} INFO - Sync 1 DAGs
[2023-06-06T21:37:49.862+0000] {logging_mixin.py:137} INFO - [2023-06-06T21:37:49.862+0000] {dag.py:3441} INFO - Setting next_dagrun for dag_sql to 2023-06-05T00:00:00+00:00, run_after=2023-06-06T00:00:00+00:00
[2023-06-06T21:37:49.900+0000] {processor.py:175} INFO - Processing /opt/airflow/dags/dag_sql.py took 0.261 seconds
[2023-06-06T21:38:20.200+0000] {processor.py:153} INFO - Started process (PID=1468) to work on /opt/airflow/dags/dag_sql.py
[2023-06-06T21:38:20.201+0000] {processor.py:743} INFO - Processing file /opt/airflow/dags/dag_sql.py for tasks to queue
[2023-06-06T21:38:20.202+0000] {logging_mixin.py:137} INFO - [2023-06-06T21:38:20.202+0000] {dagbag.py:538} INFO - Filling up the DagBag from /opt/airflow/dags/dag_sql.py
[2023-06-06T21:38:20.341+0000] {processor.py:753} INFO - DAG(s) dict_keys(['dag_sql']) retrieved from /opt/airflow/dags/dag_sql.py
[2023-06-06T21:38:20.382+0000] {logging_mixin.py:137} INFO - [2023-06-06T21:38:20.382+0000] {dag.py:2690} INFO - Sync 1 DAGs
[2023-06-06T21:38:20.434+0000] {logging_mixin.py:137} INFO - [2023-06-06T21:38:20.434+0000] {dag.py:3441} INFO - Setting next_dagrun for dag_sql to 2023-06-05T00:00:00+00:00, run_after=2023-06-06T00:00:00+00:00
[2023-06-06T21:38:20.467+0000] {processor.py:175} INFO - Processing /opt/airflow/dags/dag_sql.py took 0.271 seconds
[2023-06-06T21:38:50.640+0000] {processor.py:153} INFO - Started process (PID=1504) to work on /opt/airflow/dags/dag_sql.py
[2023-06-06T21:38:50.641+0000] {processor.py:743} INFO - Processing file /opt/airflow/dags/dag_sql.py for tasks to queue
[2023-06-06T21:38:50.643+0000] {logging_mixin.py:137} INFO - [2023-06-06T21:38:50.642+0000] {dagbag.py:538} INFO - Filling up the DagBag from /opt/airflow/dags/dag_sql.py
[2023-06-06T21:38:50.743+0000] {processor.py:753} INFO - DAG(s) dict_keys(['dag_sql']) retrieved from /opt/airflow/dags/dag_sql.py
[2023-06-06T21:38:50.799+0000] {logging_mixin.py:137} INFO - [2023-06-06T21:38:50.799+0000] {dag.py:2690} INFO - Sync 1 DAGs
[2023-06-06T21:38:50.838+0000] {logging_mixin.py:137} INFO - [2023-06-06T21:38:50.838+0000] {dag.py:3441} INFO - Setting next_dagrun for dag_sql to 2023-06-05T00:00:00+00:00, run_after=2023-06-06T00:00:00+00:00
[2023-06-06T21:38:50.872+0000] {processor.py:175} INFO - Processing /opt/airflow/dags/dag_sql.py took 0.236 seconds
[2023-06-06T21:39:21.589+0000] {processor.py:153} INFO - Started process (PID=1556) to work on /opt/airflow/dags/dag_sql.py
[2023-06-06T21:39:21.595+0000] {processor.py:743} INFO - Processing file /opt/airflow/dags/dag_sql.py for tasks to queue
[2023-06-06T21:39:21.603+0000] {logging_mixin.py:137} INFO - [2023-06-06T21:39:21.603+0000] {dagbag.py:538} INFO - Filling up the DagBag from /opt/airflow/dags/dag_sql.py
[2023-06-06T21:39:23.035+0000] {processor.py:753} INFO - DAG(s) dict_keys(['dag_sql']) retrieved from /opt/airflow/dags/dag_sql.py
[2023-06-06T21:39:23.145+0000] {logging_mixin.py:137} INFO - [2023-06-06T21:39:23.145+0000] {dag.py:2690} INFO - Sync 1 DAGs
[2023-06-06T21:39:23.280+0000] {logging_mixin.py:137} INFO - [2023-06-06T21:39:23.279+0000] {dag.py:3441} INFO - Setting next_dagrun for dag_sql to 2023-06-05T00:00:00+00:00, run_after=2023-06-06T00:00:00+00:00
[2023-06-06T21:39:23.383+0000] {processor.py:175} INFO - Processing /opt/airflow/dags/dag_sql.py took 1.800 seconds
[2023-06-06T21:39:54.018+0000] {processor.py:153} INFO - Started process (PID=1592) to work on /opt/airflow/dags/dag_sql.py
[2023-06-06T21:39:54.019+0000] {processor.py:743} INFO - Processing file /opt/airflow/dags/dag_sql.py for tasks to queue
[2023-06-06T21:39:54.020+0000] {logging_mixin.py:137} INFO - [2023-06-06T21:39:54.020+0000] {dagbag.py:538} INFO - Filling up the DagBag from /opt/airflow/dags/dag_sql.py
[2023-06-06T21:39:54.124+0000] {processor.py:753} INFO - DAG(s) dict_keys(['dag_sql']) retrieved from /opt/airflow/dags/dag_sql.py
[2023-06-06T21:39:54.161+0000] {logging_mixin.py:137} INFO - [2023-06-06T21:39:54.161+0000] {dag.py:2690} INFO - Sync 1 DAGs
[2023-06-06T21:39:54.194+0000] {logging_mixin.py:137} INFO - [2023-06-06T21:39:54.194+0000] {dag.py:3441} INFO - Setting next_dagrun for dag_sql to 2023-06-05T00:00:00+00:00, run_after=2023-06-06T00:00:00+00:00
[2023-06-06T21:39:54.222+0000] {processor.py:175} INFO - Processing /opt/airflow/dags/dag_sql.py took 0.207 seconds
[2023-06-06T21:40:24.561+0000] {processor.py:153} INFO - Started process (PID=1629) to work on /opt/airflow/dags/dag_sql.py
[2023-06-06T21:40:24.562+0000] {processor.py:743} INFO - Processing file /opt/airflow/dags/dag_sql.py for tasks to queue
[2023-06-06T21:40:24.564+0000] {logging_mixin.py:137} INFO - [2023-06-06T21:40:24.564+0000] {dagbag.py:538} INFO - Filling up the DagBag from /opt/airflow/dags/dag_sql.py
[2023-06-06T21:40:24.743+0000] {processor.py:753} INFO - DAG(s) dict_keys(['dag_sql']) retrieved from /opt/airflow/dags/dag_sql.py
[2023-06-06T21:40:24.816+0000] {logging_mixin.py:137} INFO - [2023-06-06T21:40:24.816+0000] {dag.py:2690} INFO - Sync 1 DAGs
[2023-06-06T21:40:24.846+0000] {logging_mixin.py:137} INFO - [2023-06-06T21:40:24.846+0000] {dag.py:3441} INFO - Setting next_dagrun for dag_sql to 2023-06-05T00:00:00+00:00, run_after=2023-06-06T00:00:00+00:00
[2023-06-06T21:40:24.873+0000] {processor.py:175} INFO - Processing /opt/airflow/dags/dag_sql.py took 0.317 seconds
[2023-06-06T21:40:55.206+0000] {processor.py:153} INFO - Started process (PID=1682) to work on /opt/airflow/dags/dag_sql.py
[2023-06-06T21:40:55.208+0000] {processor.py:743} INFO - Processing file /opt/airflow/dags/dag_sql.py for tasks to queue
[2023-06-06T21:40:55.209+0000] {logging_mixin.py:137} INFO - [2023-06-06T21:40:55.209+0000] {dagbag.py:538} INFO - Filling up the DagBag from /opt/airflow/dags/dag_sql.py
[2023-06-06T21:40:55.342+0000] {processor.py:753} INFO - DAG(s) dict_keys(['dag_sql']) retrieved from /opt/airflow/dags/dag_sql.py
[2023-06-06T21:40:55.372+0000] {logging_mixin.py:137} INFO - [2023-06-06T21:40:55.372+0000] {dag.py:2690} INFO - Sync 1 DAGs
[2023-06-06T21:40:55.415+0000] {logging_mixin.py:137} INFO - [2023-06-06T21:40:55.415+0000] {dag.py:3441} INFO - Setting next_dagrun for dag_sql to 2023-06-05T00:00:00+00:00, run_after=2023-06-06T00:00:00+00:00
[2023-06-06T21:40:55.437+0000] {processor.py:175} INFO - Processing /opt/airflow/dags/dag_sql.py took 0.234 seconds
[2023-06-06T21:41:25.653+0000] {processor.py:153} INFO - Started process (PID=1718) to work on /opt/airflow/dags/dag_sql.py
[2023-06-06T21:41:25.654+0000] {processor.py:743} INFO - Processing file /opt/airflow/dags/dag_sql.py for tasks to queue
[2023-06-06T21:41:25.655+0000] {logging_mixin.py:137} INFO - [2023-06-06T21:41:25.655+0000] {dagbag.py:538} INFO - Filling up the DagBag from /opt/airflow/dags/dag_sql.py
[2023-06-06T21:41:25.745+0000] {processor.py:753} INFO - DAG(s) dict_keys(['dag_sql']) retrieved from /opt/airflow/dags/dag_sql.py
[2023-06-06T21:41:25.767+0000] {logging_mixin.py:137} INFO - [2023-06-06T21:41:25.767+0000] {dag.py:2690} INFO - Sync 1 DAGs
[2023-06-06T21:41:25.796+0000] {logging_mixin.py:137} INFO - [2023-06-06T21:41:25.795+0000] {dag.py:3441} INFO - Setting next_dagrun for dag_sql to 2023-06-05T00:00:00+00:00, run_after=2023-06-06T00:00:00+00:00
[2023-06-06T21:41:25.822+0000] {processor.py:175} INFO - Processing /opt/airflow/dags/dag_sql.py took 0.173 seconds
[2023-06-06T21:41:56.085+0000] {processor.py:153} INFO - Started process (PID=1754) to work on /opt/airflow/dags/dag_sql.py
[2023-06-06T21:41:56.087+0000] {processor.py:743} INFO - Processing file /opt/airflow/dags/dag_sql.py for tasks to queue
[2023-06-06T21:41:56.088+0000] {logging_mixin.py:137} INFO - [2023-06-06T21:41:56.088+0000] {dagbag.py:538} INFO - Filling up the DagBag from /opt/airflow/dags/dag_sql.py
[2023-06-06T21:41:56.248+0000] {processor.py:753} INFO - DAG(s) dict_keys(['dag_sql']) retrieved from /opt/airflow/dags/dag_sql.py
[2023-06-06T21:41:56.285+0000] {logging_mixin.py:137} INFO - [2023-06-06T21:41:56.285+0000] {dag.py:2690} INFO - Sync 1 DAGs
[2023-06-06T21:41:56.326+0000] {logging_mixin.py:137} INFO - [2023-06-06T21:41:56.326+0000] {dag.py:3441} INFO - Setting next_dagrun for dag_sql to 2023-06-05T00:00:00+00:00, run_after=2023-06-06T00:00:00+00:00
[2023-06-06T21:41:56.356+0000] {processor.py:175} INFO - Processing /opt/airflow/dags/dag_sql.py took 0.276 seconds
[2023-06-06T21:42:26.799+0000] {processor.py:153} INFO - Started process (PID=1806) to work on /opt/airflow/dags/dag_sql.py
[2023-06-06T21:42:26.801+0000] {processor.py:743} INFO - Processing file /opt/airflow/dags/dag_sql.py for tasks to queue
[2023-06-06T21:42:26.804+0000] {logging_mixin.py:137} INFO - [2023-06-06T21:42:26.804+0000] {dagbag.py:538} INFO - Filling up the DagBag from /opt/airflow/dags/dag_sql.py
[2023-06-06T21:42:26.954+0000] {processor.py:753} INFO - DAG(s) dict_keys(['dag_sql']) retrieved from /opt/airflow/dags/dag_sql.py
[2023-06-06T21:42:26.988+0000] {logging_mixin.py:137} INFO - [2023-06-06T21:42:26.988+0000] {dag.py:2690} INFO - Sync 1 DAGs
[2023-06-06T21:42:27.030+0000] {logging_mixin.py:137} INFO - [2023-06-06T21:42:27.030+0000] {dag.py:3441} INFO - Setting next_dagrun for dag_sql to 2023-06-05T00:00:00+00:00, run_after=2023-06-06T00:00:00+00:00
[2023-06-06T21:42:27.055+0000] {processor.py:175} INFO - Processing /opt/airflow/dags/dag_sql.py took 0.263 seconds
[2023-06-06T21:42:57.360+0000] {processor.py:153} INFO - Started process (PID=1842) to work on /opt/airflow/dags/dag_sql.py
[2023-06-06T21:42:57.362+0000] {processor.py:743} INFO - Processing file /opt/airflow/dags/dag_sql.py for tasks to queue
[2023-06-06T21:42:57.363+0000] {logging_mixin.py:137} INFO - [2023-06-06T21:42:57.363+0000] {dagbag.py:538} INFO - Filling up the DagBag from /opt/airflow/dags/dag_sql.py
[2023-06-06T21:42:57.485+0000] {processor.py:753} INFO - DAG(s) dict_keys(['dag_sql']) retrieved from /opt/airflow/dags/dag_sql.py
[2023-06-06T21:42:57.512+0000] {logging_mixin.py:137} INFO - [2023-06-06T21:42:57.512+0000] {dag.py:2690} INFO - Sync 1 DAGs
[2023-06-06T21:42:57.534+0000] {logging_mixin.py:137} INFO - [2023-06-06T21:42:57.534+0000] {dag.py:3441} INFO - Setting next_dagrun for dag_sql to 2023-06-05T00:00:00+00:00, run_after=2023-06-06T00:00:00+00:00
[2023-06-06T21:42:57.562+0000] {processor.py:175} INFO - Processing /opt/airflow/dags/dag_sql.py took 0.206 seconds
[2023-06-06T21:43:27.951+0000] {processor.py:153} INFO - Started process (PID=1879) to work on /opt/airflow/dags/dag_sql.py
[2023-06-06T21:43:27.953+0000] {processor.py:743} INFO - Processing file /opt/airflow/dags/dag_sql.py for tasks to queue
[2023-06-06T21:43:27.954+0000] {logging_mixin.py:137} INFO - [2023-06-06T21:43:27.954+0000] {dagbag.py:538} INFO - Filling up the DagBag from /opt/airflow/dags/dag_sql.py
[2023-06-06T21:43:28.066+0000] {processor.py:753} INFO - DAG(s) dict_keys(['dag_sql']) retrieved from /opt/airflow/dags/dag_sql.py
[2023-06-06T21:43:28.092+0000] {logging_mixin.py:137} INFO - [2023-06-06T21:43:28.092+0000] {dag.py:2690} INFO - Sync 1 DAGs
[2023-06-06T21:43:28.120+0000] {logging_mixin.py:137} INFO - [2023-06-06T21:43:28.120+0000] {dag.py:3441} INFO - Setting next_dagrun for dag_sql to 2023-06-05T00:00:00+00:00, run_after=2023-06-06T00:00:00+00:00
[2023-06-06T21:43:28.145+0000] {processor.py:175} INFO - Processing /opt/airflow/dags/dag_sql.py took 0.198 seconds
[2023-06-06T21:43:58.430+0000] {processor.py:153} INFO - Started process (PID=1931) to work on /opt/airflow/dags/dag_sql.py
[2023-06-06T21:43:58.433+0000] {processor.py:743} INFO - Processing file /opt/airflow/dags/dag_sql.py for tasks to queue
[2023-06-06T21:43:58.435+0000] {logging_mixin.py:137} INFO - [2023-06-06T21:43:58.434+0000] {dagbag.py:538} INFO - Filling up the DagBag from /opt/airflow/dags/dag_sql.py
[2023-06-06T21:43:58.696+0000] {processor.py:753} INFO - DAG(s) dict_keys(['dag_sql']) retrieved from /opt/airflow/dags/dag_sql.py
[2023-06-06T21:43:58.763+0000] {logging_mixin.py:137} INFO - [2023-06-06T21:43:58.762+0000] {dag.py:2690} INFO - Sync 1 DAGs
[2023-06-06T21:43:58.806+0000] {logging_mixin.py:137} INFO - [2023-06-06T21:43:58.806+0000] {dag.py:3441} INFO - Setting next_dagrun for dag_sql to 2023-06-05T00:00:00+00:00, run_after=2023-06-06T00:00:00+00:00
[2023-06-06T21:43:58.836+0000] {processor.py:175} INFO - Processing /opt/airflow/dags/dag_sql.py took 0.411 seconds
[2023-06-06T21:44:29.221+0000] {processor.py:153} INFO - Started process (PID=1967) to work on /opt/airflow/dags/dag_sql.py
[2023-06-06T21:44:29.222+0000] {processor.py:743} INFO - Processing file /opt/airflow/dags/dag_sql.py for tasks to queue
[2023-06-06T21:44:29.223+0000] {logging_mixin.py:137} INFO - [2023-06-06T21:44:29.223+0000] {dagbag.py:538} INFO - Filling up the DagBag from /opt/airflow/dags/dag_sql.py
[2023-06-06T21:44:29.342+0000] {processor.py:753} INFO - DAG(s) dict_keys(['dag_sql']) retrieved from /opt/airflow/dags/dag_sql.py
[2023-06-06T21:44:29.367+0000] {logging_mixin.py:137} INFO - [2023-06-06T21:44:29.366+0000] {dag.py:2690} INFO - Sync 1 DAGs
[2023-06-06T21:44:29.395+0000] {logging_mixin.py:137} INFO - [2023-06-06T21:44:29.395+0000] {dag.py:3441} INFO - Setting next_dagrun for dag_sql to 2023-06-05T00:00:00+00:00, run_after=2023-06-06T00:00:00+00:00
[2023-06-06T21:44:29.419+0000] {processor.py:175} INFO - Processing /opt/airflow/dags/dag_sql.py took 0.202 seconds
[2023-06-06T21:44:59.870+0000] {processor.py:153} INFO - Started process (PID=2003) to work on /opt/airflow/dags/dag_sql.py
[2023-06-06T21:44:59.871+0000] {processor.py:743} INFO - Processing file /opt/airflow/dags/dag_sql.py for tasks to queue
[2023-06-06T21:44:59.873+0000] {logging_mixin.py:137} INFO - [2023-06-06T21:44:59.873+0000] {dagbag.py:538} INFO - Filling up the DagBag from /opt/airflow/dags/dag_sql.py
[2023-06-06T21:44:59.974+0000] {processor.py:753} INFO - DAG(s) dict_keys(['dag_sql']) retrieved from /opt/airflow/dags/dag_sql.py
[2023-06-06T21:44:59.996+0000] {logging_mixin.py:137} INFO - [2023-06-06T21:44:59.996+0000] {dag.py:2690} INFO - Sync 1 DAGs
[2023-06-06T21:45:00.036+0000] {logging_mixin.py:137} INFO - [2023-06-06T21:45:00.036+0000] {dag.py:3441} INFO - Setting next_dagrun for dag_sql to 2023-06-05T00:00:00+00:00, run_after=2023-06-06T00:00:00+00:00
[2023-06-06T21:45:00.065+0000] {processor.py:175} INFO - Processing /opt/airflow/dags/dag_sql.py took 0.198 seconds
[2023-06-06T21:45:30.270+0000] {processor.py:153} INFO - Started process (PID=2055) to work on /opt/airflow/dags/dag_sql.py
[2023-06-06T21:45:30.278+0000] {processor.py:743} INFO - Processing file /opt/airflow/dags/dag_sql.py for tasks to queue
[2023-06-06T21:45:30.281+0000] {logging_mixin.py:137} INFO - [2023-06-06T21:45:30.280+0000] {dagbag.py:538} INFO - Filling up the DagBag from /opt/airflow/dags/dag_sql.py
[2023-06-06T21:45:30.583+0000] {processor.py:753} INFO - DAG(s) dict_keys(['dag_sql']) retrieved from /opt/airflow/dags/dag_sql.py
[2023-06-06T21:45:30.627+0000] {logging_mixin.py:137} INFO - [2023-06-06T21:45:30.627+0000] {dag.py:2690} INFO - Sync 1 DAGs
[2023-06-06T21:45:30.726+0000] {logging_mixin.py:137} INFO - [2023-06-06T21:45:30.726+0000] {dag.py:3441} INFO - Setting next_dagrun for dag_sql to 2023-06-05T00:00:00+00:00, run_after=2023-06-06T00:00:00+00:00
[2023-06-06T21:45:30.762+0000] {processor.py:175} INFO - Processing /opt/airflow/dags/dag_sql.py took 0.499 seconds
[2023-06-06T21:46:01.172+0000] {processor.py:153} INFO - Started process (PID=2091) to work on /opt/airflow/dags/dag_sql.py
[2023-06-06T21:46:01.174+0000] {processor.py:743} INFO - Processing file /opt/airflow/dags/dag_sql.py for tasks to queue
[2023-06-06T21:46:01.176+0000] {logging_mixin.py:137} INFO - [2023-06-06T21:46:01.176+0000] {dagbag.py:538} INFO - Filling up the DagBag from /opt/airflow/dags/dag_sql.py
[2023-06-06T21:46:01.349+0000] {processor.py:753} INFO - DAG(s) dict_keys(['dag_sql']) retrieved from /opt/airflow/dags/dag_sql.py
[2023-06-06T21:46:01.388+0000] {logging_mixin.py:137} INFO - [2023-06-06T21:46:01.388+0000] {dag.py:2690} INFO - Sync 1 DAGs
[2023-06-06T21:46:01.438+0000] {logging_mixin.py:137} INFO - [2023-06-06T21:46:01.437+0000] {dag.py:3441} INFO - Setting next_dagrun for dag_sql to 2023-06-05T00:00:00+00:00, run_after=2023-06-06T00:00:00+00:00
[2023-06-06T21:46:01.479+0000] {processor.py:175} INFO - Processing /opt/airflow/dags/dag_sql.py took 0.313 seconds
[2023-06-06T21:46:32.091+0000] {processor.py:153} INFO - Started process (PID=2135) to work on /opt/airflow/dags/dag_sql.py
[2023-06-06T21:46:32.097+0000] {processor.py:743} INFO - Processing file /opt/airflow/dags/dag_sql.py for tasks to queue
[2023-06-06T21:46:32.098+0000] {logging_mixin.py:137} INFO - [2023-06-06T21:46:32.098+0000] {dagbag.py:538} INFO - Filling up the DagBag from /opt/airflow/dags/dag_sql.py
[2023-06-06T21:46:32.302+0000] {processor.py:753} INFO - DAG(s) dict_keys(['dag_sql']) retrieved from /opt/airflow/dags/dag_sql.py
[2023-06-06T21:46:32.330+0000] {logging_mixin.py:137} INFO - [2023-06-06T21:46:32.330+0000] {dag.py:2690} INFO - Sync 1 DAGs
[2023-06-06T21:46:32.369+0000] {logging_mixin.py:137} INFO - [2023-06-06T21:46:32.368+0000] {dag.py:3441} INFO - Setting next_dagrun for dag_sql to 2023-06-05T00:00:00+00:00, run_after=2023-06-06T00:00:00+00:00
[2023-06-06T21:46:32.404+0000] {processor.py:175} INFO - Processing /opt/airflow/dags/dag_sql.py took 0.317 seconds
[2023-06-06T21:47:02.847+0000] {processor.py:153} INFO - Started process (PID=2177) to work on /opt/airflow/dags/dag_sql.py
[2023-06-06T21:47:02.849+0000] {processor.py:743} INFO - Processing file /opt/airflow/dags/dag_sql.py for tasks to queue
[2023-06-06T21:47:02.851+0000] {logging_mixin.py:137} INFO - [2023-06-06T21:47:02.851+0000] {dagbag.py:538} INFO - Filling up the DagBag from /opt/airflow/dags/dag_sql.py
[2023-06-06T21:47:02.955+0000] {processor.py:753} INFO - DAG(s) dict_keys(['dag_sql']) retrieved from /opt/airflow/dags/dag_sql.py
[2023-06-06T21:47:02.980+0000] {logging_mixin.py:137} INFO - [2023-06-06T21:47:02.980+0000] {dag.py:2690} INFO - Sync 1 DAGs
[2023-06-06T21:47:03.007+0000] {logging_mixin.py:137} INFO - [2023-06-06T21:47:03.007+0000] {dag.py:3441} INFO - Setting next_dagrun for dag_sql to 2023-06-05T00:00:00+00:00, run_after=2023-06-06T00:00:00+00:00
[2023-06-06T21:47:03.048+0000] {processor.py:175} INFO - Processing /opt/airflow/dags/dag_sql.py took 0.205 seconds
[2023-06-06T21:47:33.365+0000] {processor.py:153} INFO - Started process (PID=2213) to work on /opt/airflow/dags/dag_sql.py
[2023-06-06T21:47:33.366+0000] {processor.py:743} INFO - Processing file /opt/airflow/dags/dag_sql.py for tasks to queue
[2023-06-06T21:47:33.367+0000] {logging_mixin.py:137} INFO - [2023-06-06T21:47:33.367+0000] {dagbag.py:538} INFO - Filling up the DagBag from /opt/airflow/dags/dag_sql.py
[2023-06-06T21:47:33.491+0000] {processor.py:753} INFO - DAG(s) dict_keys(['dag_sql']) retrieved from /opt/airflow/dags/dag_sql.py
[2023-06-06T21:47:33.518+0000] {logging_mixin.py:137} INFO - [2023-06-06T21:47:33.518+0000] {dag.py:2690} INFO - Sync 1 DAGs
[2023-06-06T21:47:33.548+0000] {logging_mixin.py:137} INFO - [2023-06-06T21:47:33.548+0000] {dag.py:3441} INFO - Setting next_dagrun for dag_sql to 2023-06-05T00:00:00+00:00, run_after=2023-06-06T00:00:00+00:00
[2023-06-06T21:47:33.572+0000] {processor.py:175} INFO - Processing /opt/airflow/dags/dag_sql.py took 0.213 seconds
[2023-06-06T21:48:03.963+0000] {processor.py:153} INFO - Started process (PID=2250) to work on /opt/airflow/dags/dag_sql.py
[2023-06-06T21:48:03.964+0000] {processor.py:743} INFO - Processing file /opt/airflow/dags/dag_sql.py for tasks to queue
[2023-06-06T21:48:03.965+0000] {logging_mixin.py:137} INFO - [2023-06-06T21:48:03.965+0000] {dagbag.py:538} INFO - Filling up the DagBag from /opt/airflow/dags/dag_sql.py
[2023-06-06T21:48:04.074+0000] {processor.py:753} INFO - DAG(s) dict_keys(['dag_sql']) retrieved from /opt/airflow/dags/dag_sql.py
[2023-06-06T21:48:04.113+0000] {logging_mixin.py:137} INFO - [2023-06-06T21:48:04.113+0000] {dag.py:2690} INFO - Sync 1 DAGs
[2023-06-06T21:48:04.144+0000] {logging_mixin.py:137} INFO - [2023-06-06T21:48:04.144+0000] {dag.py:3441} INFO - Setting next_dagrun for dag_sql to 2023-06-05T00:00:00+00:00, run_after=2023-06-06T00:00:00+00:00
[2023-06-06T21:48:04.231+0000] {processor.py:175} INFO - Processing /opt/airflow/dags/dag_sql.py took 0.273 seconds
[2023-06-06T21:48:34.531+0000] {processor.py:153} INFO - Started process (PID=2302) to work on /opt/airflow/dags/dag_sql.py
[2023-06-06T21:48:34.533+0000] {processor.py:743} INFO - Processing file /opt/airflow/dags/dag_sql.py for tasks to queue
[2023-06-06T21:48:34.534+0000] {logging_mixin.py:137} INFO - [2023-06-06T21:48:34.534+0000] {dagbag.py:538} INFO - Filling up the DagBag from /opt/airflow/dags/dag_sql.py
[2023-06-06T21:48:34.654+0000] {processor.py:753} INFO - DAG(s) dict_keys(['dag_sql']) retrieved from /opt/airflow/dags/dag_sql.py
[2023-06-06T21:48:34.688+0000] {logging_mixin.py:137} INFO - [2023-06-06T21:48:34.687+0000] {dag.py:2690} INFO - Sync 1 DAGs
[2023-06-06T21:48:34.715+0000] {logging_mixin.py:137} INFO - [2023-06-06T21:48:34.715+0000] {dag.py:3441} INFO - Setting next_dagrun for dag_sql to 2023-06-05T00:00:00+00:00, run_after=2023-06-06T00:00:00+00:00
[2023-06-06T21:48:34.740+0000] {processor.py:175} INFO - Processing /opt/airflow/dags/dag_sql.py took 0.213 seconds
[2023-06-06T21:49:05.155+0000] {processor.py:153} INFO - Started process (PID=2339) to work on /opt/airflow/dags/dag_sql.py
[2023-06-06T21:49:05.157+0000] {processor.py:743} INFO - Processing file /opt/airflow/dags/dag_sql.py for tasks to queue
[2023-06-06T21:49:05.159+0000] {logging_mixin.py:137} INFO - [2023-06-06T21:49:05.159+0000] {dagbag.py:538} INFO - Filling up the DagBag from /opt/airflow/dags/dag_sql.py
[2023-06-06T21:49:05.304+0000] {processor.py:753} INFO - DAG(s) dict_keys(['dag_sql']) retrieved from /opt/airflow/dags/dag_sql.py
[2023-06-06T21:49:05.329+0000] {logging_mixin.py:137} INFO - [2023-06-06T21:49:05.329+0000] {dag.py:2690} INFO - Sync 1 DAGs
[2023-06-06T21:49:05.361+0000] {logging_mixin.py:137} INFO - [2023-06-06T21:49:05.361+0000] {dag.py:3441} INFO - Setting next_dagrun for dag_sql to 2023-06-05T00:00:00+00:00, run_after=2023-06-06T00:00:00+00:00
[2023-06-06T21:49:05.392+0000] {processor.py:175} INFO - Processing /opt/airflow/dags/dag_sql.py took 0.241 seconds
[2023-06-06T21:49:36.250+0000] {processor.py:153} INFO - Started process (PID=2391) to work on /opt/airflow/dags/dag_sql.py
[2023-06-06T21:49:36.252+0000] {processor.py:743} INFO - Processing file /opt/airflow/dags/dag_sql.py for tasks to queue
[2023-06-06T21:49:36.253+0000] {logging_mixin.py:137} INFO - [2023-06-06T21:49:36.253+0000] {dagbag.py:538} INFO - Filling up the DagBag from /opt/airflow/dags/dag_sql.py
[2023-06-06T21:49:36.422+0000] {processor.py:753} INFO - DAG(s) dict_keys(['dag_sql']) retrieved from /opt/airflow/dags/dag_sql.py
[2023-06-06T21:49:36.466+0000] {logging_mixin.py:137} INFO - [2023-06-06T21:49:36.466+0000] {dag.py:2690} INFO - Sync 1 DAGs
[2023-06-06T21:49:36.512+0000] {logging_mixin.py:137} INFO - [2023-06-06T21:49:36.512+0000] {dag.py:3441} INFO - Setting next_dagrun for dag_sql to 2023-06-05T00:00:00+00:00, run_after=2023-06-06T00:00:00+00:00
[2023-06-06T21:49:36.551+0000] {processor.py:175} INFO - Processing /opt/airflow/dags/dag_sql.py took 0.306 seconds
[2023-06-06T21:50:06.999+0000] {processor.py:153} INFO - Started process (PID=2427) to work on /opt/airflow/dags/dag_sql.py
[2023-06-06T21:50:07.000+0000] {processor.py:743} INFO - Processing file /opt/airflow/dags/dag_sql.py for tasks to queue
[2023-06-06T21:50:07.001+0000] {logging_mixin.py:137} INFO - [2023-06-06T21:50:07.001+0000] {dagbag.py:538} INFO - Filling up the DagBag from /opt/airflow/dags/dag_sql.py
[2023-06-06T21:50:07.142+0000] {processor.py:753} INFO - DAG(s) dict_keys(['dag_sql']) retrieved from /opt/airflow/dags/dag_sql.py
[2023-06-06T21:50:07.177+0000] {logging_mixin.py:137} INFO - [2023-06-06T21:50:07.177+0000] {dag.py:2690} INFO - Sync 1 DAGs
[2023-06-06T21:50:07.210+0000] {logging_mixin.py:137} INFO - [2023-06-06T21:50:07.210+0000] {dag.py:3441} INFO - Setting next_dagrun for dag_sql to 2023-06-05T00:00:00+00:00, run_after=2023-06-06T00:00:00+00:00
[2023-06-06T21:50:07.239+0000] {processor.py:175} INFO - Processing /opt/airflow/dags/dag_sql.py took 0.247 seconds
[2023-06-06T21:50:37.502+0000] {processor.py:153} INFO - Started process (PID=2464) to work on /opt/airflow/dags/dag_sql.py
[2023-06-06T21:50:37.504+0000] {processor.py:743} INFO - Processing file /opt/airflow/dags/dag_sql.py for tasks to queue
[2023-06-06T21:50:37.505+0000] {logging_mixin.py:137} INFO - [2023-06-06T21:50:37.505+0000] {dagbag.py:538} INFO - Filling up the DagBag from /opt/airflow/dags/dag_sql.py
[2023-06-06T21:50:37.629+0000] {processor.py:753} INFO - DAG(s) dict_keys(['dag_sql']) retrieved from /opt/airflow/dags/dag_sql.py
[2023-06-06T21:50:37.675+0000] {logging_mixin.py:137} INFO - [2023-06-06T21:50:37.675+0000] {dag.py:2690} INFO - Sync 1 DAGs
[2023-06-06T21:50:37.711+0000] {logging_mixin.py:137} INFO - [2023-06-06T21:50:37.711+0000] {dag.py:3441} INFO - Setting next_dagrun for dag_sql to 2023-06-05T00:00:00+00:00, run_after=2023-06-06T00:00:00+00:00
[2023-06-06T21:50:37.730+0000] {processor.py:175} INFO - Processing /opt/airflow/dags/dag_sql.py took 0.233 seconds
[2023-06-06T21:51:08.136+0000] {processor.py:153} INFO - Started process (PID=2516) to work on /opt/airflow/dags/dag_sql.py
[2023-06-06T21:51:08.138+0000] {processor.py:743} INFO - Processing file /opt/airflow/dags/dag_sql.py for tasks to queue
[2023-06-06T21:51:08.140+0000] {logging_mixin.py:137} INFO - [2023-06-06T21:51:08.140+0000] {dagbag.py:538} INFO - Filling up the DagBag from /opt/airflow/dags/dag_sql.py
[2023-06-06T21:51:08.300+0000] {processor.py:753} INFO - DAG(s) dict_keys(['dag_sql']) retrieved from /opt/airflow/dags/dag_sql.py
[2023-06-06T21:51:08.348+0000] {logging_mixin.py:137} INFO - [2023-06-06T21:51:08.347+0000] {dag.py:2690} INFO - Sync 1 DAGs
[2023-06-06T21:51:08.405+0000] {logging_mixin.py:137} INFO - [2023-06-06T21:51:08.405+0000] {dag.py:3441} INFO - Setting next_dagrun for dag_sql to 2023-06-05T00:00:00+00:00, run_after=2023-06-06T00:00:00+00:00
[2023-06-06T21:51:08.442+0000] {processor.py:175} INFO - Processing /opt/airflow/dags/dag_sql.py took 0.311 seconds
[2023-06-06T21:51:38.665+0000] {processor.py:153} INFO - Started process (PID=2552) to work on /opt/airflow/dags/dag_sql.py
[2023-06-06T21:51:38.667+0000] {processor.py:743} INFO - Processing file /opt/airflow/dags/dag_sql.py for tasks to queue
[2023-06-06T21:51:38.668+0000] {logging_mixin.py:137} INFO - [2023-06-06T21:51:38.668+0000] {dagbag.py:538} INFO - Filling up the DagBag from /opt/airflow/dags/dag_sql.py
[2023-06-06T21:51:38.792+0000] {processor.py:753} INFO - DAG(s) dict_keys(['dag_sql']) retrieved from /opt/airflow/dags/dag_sql.py
[2023-06-06T21:51:38.821+0000] {logging_mixin.py:137} INFO - [2023-06-06T21:51:38.821+0000] {dag.py:2690} INFO - Sync 1 DAGs
[2023-06-06T21:51:38.872+0000] {logging_mixin.py:137} INFO - [2023-06-06T21:51:38.871+0000] {dag.py:3441} INFO - Setting next_dagrun for dag_sql to 2023-06-05T00:00:00+00:00, run_after=2023-06-06T00:00:00+00:00
[2023-06-06T21:51:38.912+0000] {processor.py:175} INFO - Processing /opt/airflow/dags/dag_sql.py took 0.253 seconds
[2023-06-06T21:52:09.760+0000] {processor.py:153} INFO - Started process (PID=2588) to work on /opt/airflow/dags/dag_sql.py
[2023-06-06T21:52:09.761+0000] {processor.py:743} INFO - Processing file /opt/airflow/dags/dag_sql.py for tasks to queue
[2023-06-06T21:52:09.762+0000] {logging_mixin.py:137} INFO - [2023-06-06T21:52:09.762+0000] {dagbag.py:538} INFO - Filling up the DagBag from /opt/airflow/dags/dag_sql.py
[2023-06-06T21:52:09.852+0000] {processor.py:753} INFO - DAG(s) dict_keys(['dag_sql']) retrieved from /opt/airflow/dags/dag_sql.py
[2023-06-06T21:52:09.875+0000] {logging_mixin.py:137} INFO - [2023-06-06T21:52:09.875+0000] {dag.py:2690} INFO - Sync 1 DAGs
[2023-06-06T21:52:09.912+0000] {logging_mixin.py:137} INFO - [2023-06-06T21:52:09.912+0000] {dag.py:3441} INFO - Setting next_dagrun for dag_sql to 2023-06-05T00:00:00+00:00, run_after=2023-06-06T00:00:00+00:00
[2023-06-06T21:52:09.931+0000] {processor.py:175} INFO - Processing /opt/airflow/dags/dag_sql.py took 0.175 seconds
[2023-06-06T21:52:40.131+0000] {processor.py:153} INFO - Started process (PID=2640) to work on /opt/airflow/dags/dag_sql.py
[2023-06-06T21:52:40.134+0000] {processor.py:743} INFO - Processing file /opt/airflow/dags/dag_sql.py for tasks to queue
[2023-06-06T21:52:40.136+0000] {logging_mixin.py:137} INFO - [2023-06-06T21:52:40.136+0000] {dagbag.py:538} INFO - Filling up the DagBag from /opt/airflow/dags/dag_sql.py
[2023-06-06T21:52:40.284+0000] {processor.py:753} INFO - DAG(s) dict_keys(['dag_sql']) retrieved from /opt/airflow/dags/dag_sql.py
[2023-06-06T21:52:40.315+0000] {logging_mixin.py:137} INFO - [2023-06-06T21:52:40.315+0000] {dag.py:2690} INFO - Sync 1 DAGs
[2023-06-06T21:52:40.348+0000] {logging_mixin.py:137} INFO - [2023-06-06T21:52:40.348+0000] {dag.py:3441} INFO - Setting next_dagrun for dag_sql to 2023-06-05T00:00:00+00:00, run_after=2023-06-06T00:00:00+00:00
[2023-06-06T21:52:40.373+0000] {processor.py:175} INFO - Processing /opt/airflow/dags/dag_sql.py took 0.250 seconds
[2023-06-06T21:53:10.851+0000] {processor.py:153} INFO - Started process (PID=2675) to work on /opt/airflow/dags/dag_sql.py
[2023-06-06T21:53:10.853+0000] {processor.py:743} INFO - Processing file /opt/airflow/dags/dag_sql.py for tasks to queue
[2023-06-06T21:53:10.854+0000] {logging_mixin.py:137} INFO - [2023-06-06T21:53:10.854+0000] {dagbag.py:538} INFO - Filling up the DagBag from /opt/airflow/dags/dag_sql.py
[2023-06-06T21:53:10.992+0000] {processor.py:753} INFO - DAG(s) dict_keys(['dag_sql']) retrieved from /opt/airflow/dags/dag_sql.py
[2023-06-06T21:53:11.023+0000] {logging_mixin.py:137} INFO - [2023-06-06T21:53:11.023+0000] {dag.py:2690} INFO - Sync 1 DAGs
[2023-06-06T21:53:11.063+0000] {logging_mixin.py:137} INFO - [2023-06-06T21:53:11.063+0000] {dag.py:3441} INFO - Setting next_dagrun for dag_sql to 2023-06-05T00:00:00+00:00, run_after=2023-06-06T00:00:00+00:00
[2023-06-06T21:53:11.108+0000] {processor.py:175} INFO - Processing /opt/airflow/dags/dag_sql.py took 0.261 seconds
[2023-06-06T21:53:41.734+0000] {processor.py:153} INFO - Started process (PID=2711) to work on /opt/airflow/dags/dag_sql.py
[2023-06-06T21:53:41.736+0000] {processor.py:743} INFO - Processing file /opt/airflow/dags/dag_sql.py for tasks to queue
[2023-06-06T21:53:41.737+0000] {logging_mixin.py:137} INFO - [2023-06-06T21:53:41.737+0000] {dagbag.py:538} INFO - Filling up the DagBag from /opt/airflow/dags/dag_sql.py
[2023-06-06T21:53:41.846+0000] {processor.py:753} INFO - DAG(s) dict_keys(['dag_sql']) retrieved from /opt/airflow/dags/dag_sql.py
[2023-06-06T21:53:41.873+0000] {logging_mixin.py:137} INFO - [2023-06-06T21:53:41.873+0000] {dag.py:2690} INFO - Sync 1 DAGs
[2023-06-06T21:53:41.904+0000] {logging_mixin.py:137} INFO - [2023-06-06T21:53:41.904+0000] {dag.py:3441} INFO - Setting next_dagrun for dag_sql to 2023-06-05T00:00:00+00:00, run_after=2023-06-06T00:00:00+00:00
[2023-06-06T21:53:41.926+0000] {processor.py:175} INFO - Processing /opt/airflow/dags/dag_sql.py took 0.196 seconds
[2023-06-06T21:54:12.966+0000] {processor.py:153} INFO - Started process (PID=2748) to work on /opt/airflow/dags/dag_sql.py
[2023-06-06T21:54:13.008+0000] {processor.py:743} INFO - Processing file /opt/airflow/dags/dag_sql.py for tasks to queue
[2023-06-06T21:54:13.038+0000] {logging_mixin.py:137} INFO - [2023-06-06T21:54:13.038+0000] {dagbag.py:538} INFO - Filling up the DagBag from /opt/airflow/dags/dag_sql.py
[2023-06-06T21:54:14.577+0000] {processor.py:753} INFO - DAG(s) dict_keys(['dag_sql']) retrieved from /opt/airflow/dags/dag_sql.py
[2023-06-06T21:54:14.692+0000] {logging_mixin.py:137} INFO - [2023-06-06T21:54:14.692+0000] {dag.py:2690} INFO - Sync 1 DAGs
[2023-06-06T21:54:14.813+0000] {logging_mixin.py:137} INFO - [2023-06-06T21:54:14.813+0000] {dag.py:3441} INFO - Setting next_dagrun for dag_sql to 2023-06-05T00:00:00+00:00, run_after=2023-06-06T00:00:00+00:00
[2023-06-06T21:54:14.906+0000] {processor.py:175} INFO - Processing /opt/airflow/dags/dag_sql.py took 1.946 seconds
[2023-06-06T21:54:45.531+0000] {processor.py:153} INFO - Started process (PID=2784) to work on /opt/airflow/dags/dag_sql.py
[2023-06-06T21:54:45.550+0000] {processor.py:743} INFO - Processing file /opt/airflow/dags/dag_sql.py for tasks to queue
[2023-06-06T21:54:45.558+0000] {logging_mixin.py:137} INFO - [2023-06-06T21:54:45.556+0000] {dagbag.py:538} INFO - Filling up the DagBag from /opt/airflow/dags/dag_sql.py
[2023-06-06T21:54:45.921+0000] {processor.py:753} INFO - DAG(s) dict_keys(['dag_sql']) retrieved from /opt/airflow/dags/dag_sql.py
[2023-06-06T21:54:46.055+0000] {logging_mixin.py:137} INFO - [2023-06-06T21:54:46.055+0000] {dag.py:2690} INFO - Sync 1 DAGs
[2023-06-06T21:54:46.185+0000] {logging_mixin.py:137} INFO - [2023-06-06T21:54:46.185+0000] {dag.py:3441} INFO - Setting next_dagrun for dag_sql to 2023-06-05T00:00:00+00:00, run_after=2023-06-06T00:00:00+00:00
[2023-06-06T21:54:46.263+0000] {processor.py:175} INFO - Processing /opt/airflow/dags/dag_sql.py took 0.755 seconds
[2023-06-06T21:55:17.045+0000] {processor.py:153} INFO - Started process (PID=2813) to work on /opt/airflow/dags/dag_sql.py
[2023-06-06T21:55:17.054+0000] {processor.py:743} INFO - Processing file /opt/airflow/dags/dag_sql.py for tasks to queue
[2023-06-06T21:55:17.058+0000] {logging_mixin.py:137} INFO - [2023-06-06T21:55:17.058+0000] {dagbag.py:538} INFO - Filling up the DagBag from /opt/airflow/dags/dag_sql.py
[2023-06-06T21:55:17.353+0000] {processor.py:753} INFO - DAG(s) dict_keys(['dag_sql']) retrieved from /opt/airflow/dags/dag_sql.py
[2023-06-06T21:55:17.466+0000] {logging_mixin.py:137} INFO - [2023-06-06T21:55:17.466+0000] {dag.py:2690} INFO - Sync 1 DAGs
[2023-06-06T21:55:17.630+0000] {logging_mixin.py:137} INFO - [2023-06-06T21:55:17.630+0000] {dag.py:3441} INFO - Setting next_dagrun for dag_sql to 2023-06-05T00:00:00+00:00, run_after=2023-06-06T00:00:00+00:00
[2023-06-06T21:55:17.723+0000] {processor.py:175} INFO - Processing /opt/airflow/dags/dag_sql.py took 0.683 seconds
[2023-06-06T21:55:48.594+0000] {processor.py:153} INFO - Started process (PID=2840) to work on /opt/airflow/dags/dag_sql.py
[2023-06-06T21:55:48.597+0000] {processor.py:743} INFO - Processing file /opt/airflow/dags/dag_sql.py for tasks to queue
[2023-06-06T21:55:48.599+0000] {logging_mixin.py:137} INFO - [2023-06-06T21:55:48.598+0000] {dagbag.py:538} INFO - Filling up the DagBag from /opt/airflow/dags/dag_sql.py
[2023-06-06T21:55:49.036+0000] {processor.py:753} INFO - DAG(s) dict_keys(['dag_sql']) retrieved from /opt/airflow/dags/dag_sql.py
[2023-06-06T21:55:49.137+0000] {logging_mixin.py:137} INFO - [2023-06-06T21:55:49.137+0000] {dag.py:2690} INFO - Sync 1 DAGs
[2023-06-06T21:55:49.270+0000] {logging_mixin.py:137} INFO - [2023-06-06T21:55:49.270+0000] {dag.py:3441} INFO - Setting next_dagrun for dag_sql to 2023-06-05T00:00:00+00:00, run_after=2023-06-06T00:00:00+00:00
[2023-06-06T21:55:49.342+0000] {processor.py:175} INFO - Processing /opt/airflow/dags/dag_sql.py took 0.754 seconds
[2023-06-06T21:56:19.463+0000] {processor.py:153} INFO - Started process (PID=2875) to work on /opt/airflow/dags/dag_sql.py
[2023-06-06T21:56:19.466+0000] {processor.py:743} INFO - Processing file /opt/airflow/dags/dag_sql.py for tasks to queue
[2023-06-06T21:56:19.478+0000] {logging_mixin.py:137} INFO - [2023-06-06T21:56:19.477+0000] {dagbag.py:538} INFO - Filling up the DagBag from /opt/airflow/dags/dag_sql.py
[2023-06-06T21:56:19.762+0000] {processor.py:753} INFO - DAG(s) dict_keys(['dag_sql']) retrieved from /opt/airflow/dags/dag_sql.py
[2023-06-06T21:56:19.830+0000] {logging_mixin.py:137} INFO - [2023-06-06T21:56:19.830+0000] {dag.py:2690} INFO - Sync 1 DAGs
[2023-06-06T21:56:19.908+0000] {logging_mixin.py:137} INFO - [2023-06-06T21:56:19.908+0000] {dag.py:3441} INFO - Setting next_dagrun for dag_sql to 2023-06-05T00:00:00+00:00, run_after=2023-06-06T00:00:00+00:00
[2023-06-06T21:56:19.980+0000] {processor.py:175} INFO - Processing /opt/airflow/dags/dag_sql.py took 0.523 seconds
[2023-06-06T21:56:50.543+0000] {processor.py:153} INFO - Started process (PID=2904) to work on /opt/airflow/dags/dag_sql.py
[2023-06-06T21:56:50.548+0000] {processor.py:743} INFO - Processing file /opt/airflow/dags/dag_sql.py for tasks to queue
[2023-06-06T21:56:50.551+0000] {logging_mixin.py:137} INFO - [2023-06-06T21:56:50.551+0000] {dagbag.py:538} INFO - Filling up the DagBag from /opt/airflow/dags/dag_sql.py
[2023-06-06T21:56:50.783+0000] {processor.py:753} INFO - DAG(s) dict_keys(['dag_sql']) retrieved from /opt/airflow/dags/dag_sql.py
[2023-06-06T21:56:50.848+0000] {logging_mixin.py:137} INFO - [2023-06-06T21:56:50.848+0000] {dag.py:2690} INFO - Sync 1 DAGs
[2023-06-06T21:56:50.937+0000] {logging_mixin.py:137} INFO - [2023-06-06T21:56:50.936+0000] {dag.py:3441} INFO - Setting next_dagrun for dag_sql to 2023-06-05T00:00:00+00:00, run_after=2023-06-06T00:00:00+00:00
[2023-06-06T21:56:51.021+0000] {processor.py:175} INFO - Processing /opt/airflow/dags/dag_sql.py took 0.484 seconds
