[2023-06-06T21:19:32.512+0000] {processor.py:153} INFO - Started process (PID=85) to work on /opt/airflow/dags/gcs_to_bq.py
[2023-06-06T21:19:32.575+0000] {processor.py:743} INFO - Processing file /opt/airflow/dags/gcs_to_bq.py for tasks to queue
[2023-06-06T21:19:32.679+0000] {logging_mixin.py:137} INFO - [2023-06-06T21:19:32.666+0000] {dagbag.py:538} INFO - Filling up the DagBag from /opt/airflow/dags/gcs_to_bq.py
[2023-06-06T21:19:40.846+0000] {processor.py:753} INFO - DAG(s) dict_keys(['gsc_to_bq']) retrieved from /opt/airflow/dags/gcs_to_bq.py
[2023-06-06T21:19:43.604+0000] {logging_mixin.py:137} INFO - [2023-06-06T21:19:43.603+0000] {manager.py:504} INFO - Created Permission View: can edit on DAG:gsc_to_bq
[2023-06-06T21:19:43.722+0000] {logging_mixin.py:137} INFO - [2023-06-06T21:19:43.721+0000] {manager.py:504} INFO - Created Permission View: can read on DAG:gsc_to_bq
[2023-06-06T21:19:43.879+0000] {logging_mixin.py:137} INFO - [2023-06-06T21:19:43.878+0000] {manager.py:504} INFO - Created Permission View: can delete on DAG:gsc_to_bq
[2023-06-06T21:19:43.908+0000] {logging_mixin.py:137} INFO - [2023-06-06T21:19:43.906+0000] {dag.py:2690} INFO - Sync 1 DAGs
[2023-06-06T21:19:44.105+0000] {logging_mixin.py:137} INFO - [2023-06-06T21:19:44.098+0000] {dag.py:2711} INFO - Creating ORM DAG for gsc_to_bq
[2023-06-06T21:19:44.231+0000] {logging_mixin.py:137} INFO - [2023-06-06T21:19:44.219+0000] {dag.py:3441} INFO - Setting next_dagrun for gsc_to_bq to 2023-06-05T00:00:00+00:00, run_after=2023-06-06T00:00:00+00:00
[2023-06-06T21:19:44.578+0000] {processor.py:175} INFO - Processing /opt/airflow/dags/gcs_to_bq.py took 12.062 seconds
[2023-06-06T21:20:15.620+0000] {processor.py:153} INFO - Started process (PID=121) to work on /opt/airflow/dags/gcs_to_bq.py
[2023-06-06T21:20:15.637+0000] {processor.py:743} INFO - Processing file /opt/airflow/dags/gcs_to_bq.py for tasks to queue
[2023-06-06T21:20:15.640+0000] {logging_mixin.py:137} INFO - [2023-06-06T21:20:15.639+0000] {dagbag.py:538} INFO - Filling up the DagBag from /opt/airflow/dags/gcs_to_bq.py
[2023-06-06T21:20:19.128+0000] {processor.py:753} INFO - DAG(s) dict_keys(['gsc_to_bq']) retrieved from /opt/airflow/dags/gcs_to_bq.py
[2023-06-06T21:20:19.725+0000] {logging_mixin.py:137} INFO - [2023-06-06T21:20:19.724+0000] {dag.py:2690} INFO - Sync 1 DAGs
[2023-06-06T21:20:19.986+0000] {logging_mixin.py:137} INFO - [2023-06-06T21:20:19.985+0000] {dag.py:3441} INFO - Setting next_dagrun for gsc_to_bq to 2023-06-05T00:00:00+00:00, run_after=2023-06-06T00:00:00+00:00
[2023-06-06T21:20:20.102+0000] {processor.py:175} INFO - Processing /opt/airflow/dags/gcs_to_bq.py took 4.499 seconds
[2023-06-06T21:20:50.472+0000] {processor.py:153} INFO - Started process (PID=157) to work on /opt/airflow/dags/gcs_to_bq.py
[2023-06-06T21:20:50.474+0000] {processor.py:743} INFO - Processing file /opt/airflow/dags/gcs_to_bq.py for tasks to queue
[2023-06-06T21:20:50.476+0000] {logging_mixin.py:137} INFO - [2023-06-06T21:20:50.476+0000] {dagbag.py:538} INFO - Filling up the DagBag from /opt/airflow/dags/gcs_to_bq.py
[2023-06-06T21:20:51.480+0000] {processor.py:753} INFO - DAG(s) dict_keys(['gsc_to_bq']) retrieved from /opt/airflow/dags/gcs_to_bq.py
[2023-06-06T21:20:51.684+0000] {logging_mixin.py:137} INFO - [2023-06-06T21:20:51.676+0000] {dag.py:2690} INFO - Sync 1 DAGs
[2023-06-06T21:20:51.881+0000] {logging_mixin.py:137} INFO - [2023-06-06T21:20:51.881+0000] {dag.py:3441} INFO - Setting next_dagrun for gsc_to_bq to 2023-06-05T00:00:00+00:00, run_after=2023-06-06T00:00:00+00:00
[2023-06-06T21:20:52.213+0000] {processor.py:175} INFO - Processing /opt/airflow/dags/gcs_to_bq.py took 1.761 seconds
[2023-06-06T21:21:23.003+0000] {processor.py:153} INFO - Started process (PID=184) to work on /opt/airflow/dags/gcs_to_bq.py
[2023-06-06T21:21:23.005+0000] {processor.py:743} INFO - Processing file /opt/airflow/dags/gcs_to_bq.py for tasks to queue
[2023-06-06T21:21:23.009+0000] {logging_mixin.py:137} INFO - [2023-06-06T21:21:23.008+0000] {dagbag.py:538} INFO - Filling up the DagBag from /opt/airflow/dags/gcs_to_bq.py
[2023-06-06T21:21:23.815+0000] {processor.py:753} INFO - DAG(s) dict_keys(['gsc_to_bq']) retrieved from /opt/airflow/dags/gcs_to_bq.py
[2023-06-06T21:21:24.014+0000] {logging_mixin.py:137} INFO - [2023-06-06T21:21:24.013+0000] {dag.py:2690} INFO - Sync 1 DAGs
[2023-06-06T21:21:24.140+0000] {logging_mixin.py:137} INFO - [2023-06-06T21:21:24.139+0000] {dag.py:3441} INFO - Setting next_dagrun for gsc_to_bq to 2023-06-05T00:00:00+00:00, run_after=2023-06-06T00:00:00+00:00
[2023-06-06T21:21:24.212+0000] {processor.py:175} INFO - Processing /opt/airflow/dags/gcs_to_bq.py took 1.220 seconds
[2023-06-06T21:21:55.128+0000] {processor.py:153} INFO - Started process (PID=220) to work on /opt/airflow/dags/gcs_to_bq.py
[2023-06-06T21:21:55.153+0000] {processor.py:743} INFO - Processing file /opt/airflow/dags/gcs_to_bq.py for tasks to queue
[2023-06-06T21:21:55.159+0000] {logging_mixin.py:137} INFO - [2023-06-06T21:21:55.159+0000] {dagbag.py:538} INFO - Filling up the DagBag from /opt/airflow/dags/gcs_to_bq.py
[2023-06-06T21:21:56.328+0000] {processor.py:753} INFO - DAG(s) dict_keys(['gsc_to_bq']) retrieved from /opt/airflow/dags/gcs_to_bq.py
[2023-06-06T21:21:56.446+0000] {logging_mixin.py:137} INFO - [2023-06-06T21:21:56.445+0000] {dag.py:2690} INFO - Sync 1 DAGs
[2023-06-06T21:21:56.637+0000] {logging_mixin.py:137} INFO - [2023-06-06T21:21:56.637+0000] {dag.py:3441} INFO - Setting next_dagrun for gsc_to_bq to 2023-06-05T00:00:00+00:00, run_after=2023-06-06T00:00:00+00:00
[2023-06-06T21:21:56.819+0000] {processor.py:175} INFO - Processing /opt/airflow/dags/gcs_to_bq.py took 1.698 seconds
[2023-06-06T21:22:26.990+0000] {processor.py:153} INFO - Started process (PID=257) to work on /opt/airflow/dags/gcs_to_bq.py
[2023-06-06T21:22:27.002+0000] {processor.py:743} INFO - Processing file /opt/airflow/dags/gcs_to_bq.py for tasks to queue
[2023-06-06T21:22:27.007+0000] {logging_mixin.py:137} INFO - [2023-06-06T21:22:27.006+0000] {dagbag.py:538} INFO - Filling up the DagBag from /opt/airflow/dags/gcs_to_bq.py
[2023-06-06T21:22:27.636+0000] {processor.py:753} INFO - DAG(s) dict_keys(['gsc_to_bq']) retrieved from /opt/airflow/dags/gcs_to_bq.py
[2023-06-06T21:22:27.697+0000] {logging_mixin.py:137} INFO - [2023-06-06T21:22:27.696+0000] {dag.py:2690} INFO - Sync 1 DAGs
[2023-06-06T21:22:27.765+0000] {logging_mixin.py:137} INFO - [2023-06-06T21:22:27.764+0000] {dag.py:3441} INFO - Setting next_dagrun for gsc_to_bq to 2023-06-05T00:00:00+00:00, run_after=2023-06-06T00:00:00+00:00
[2023-06-06T21:22:27.839+0000] {processor.py:175} INFO - Processing /opt/airflow/dags/gcs_to_bq.py took 0.855 seconds
[2023-06-06T21:22:58.374+0000] {processor.py:153} INFO - Started process (PID=286) to work on /opt/airflow/dags/gcs_to_bq.py
[2023-06-06T21:22:58.376+0000] {processor.py:743} INFO - Processing file /opt/airflow/dags/gcs_to_bq.py for tasks to queue
[2023-06-06T21:22:58.377+0000] {logging_mixin.py:137} INFO - [2023-06-06T21:22:58.377+0000] {dagbag.py:538} INFO - Filling up the DagBag from /opt/airflow/dags/gcs_to_bq.py
[2023-06-06T21:22:58.938+0000] {processor.py:753} INFO - DAG(s) dict_keys(['gsc_to_bq']) retrieved from /opt/airflow/dags/gcs_to_bq.py
[2023-06-06T21:22:58.977+0000] {logging_mixin.py:137} INFO - [2023-06-06T21:22:58.976+0000] {dag.py:2690} INFO - Sync 1 DAGs
[2023-06-06T21:22:59.020+0000] {logging_mixin.py:137} INFO - [2023-06-06T21:22:59.020+0000] {dag.py:3441} INFO - Setting next_dagrun for gsc_to_bq to 2023-06-05T00:00:00+00:00, run_after=2023-06-06T00:00:00+00:00
[2023-06-06T21:22:59.064+0000] {processor.py:175} INFO - Processing /opt/airflow/dags/gcs_to_bq.py took 0.699 seconds
[2023-06-06T21:23:29.232+0000] {processor.py:153} INFO - Started process (PID=329) to work on /opt/airflow/dags/gcs_to_bq.py
[2023-06-06T21:23:29.233+0000] {processor.py:743} INFO - Processing file /opt/airflow/dags/gcs_to_bq.py for tasks to queue
[2023-06-06T21:23:29.236+0000] {logging_mixin.py:137} INFO - [2023-06-06T21:23:29.235+0000] {dagbag.py:538} INFO - Filling up the DagBag from /opt/airflow/dags/gcs_to_bq.py
[2023-06-06T21:23:29.916+0000] {processor.py:753} INFO - DAG(s) dict_keys(['gsc_to_bq']) retrieved from /opt/airflow/dags/gcs_to_bq.py
[2023-06-06T21:23:30.021+0000] {logging_mixin.py:137} INFO - [2023-06-06T21:23:30.018+0000] {dag.py:2690} INFO - Sync 1 DAGs
[2023-06-06T21:23:30.180+0000] {logging_mixin.py:137} INFO - [2023-06-06T21:23:30.179+0000] {dag.py:3441} INFO - Setting next_dagrun for gsc_to_bq to 2023-06-05T00:00:00+00:00, run_after=2023-06-06T00:00:00+00:00
[2023-06-06T21:23:30.278+0000] {processor.py:175} INFO - Processing /opt/airflow/dags/gcs_to_bq.py took 1.053 seconds
[2023-06-06T21:24:00.569+0000] {processor.py:153} INFO - Started process (PID=365) to work on /opt/airflow/dags/gcs_to_bq.py
[2023-06-06T21:24:00.571+0000] {processor.py:743} INFO - Processing file /opt/airflow/dags/gcs_to_bq.py for tasks to queue
[2023-06-06T21:24:00.582+0000] {logging_mixin.py:137} INFO - [2023-06-06T21:24:00.576+0000] {dagbag.py:538} INFO - Filling up the DagBag from /opt/airflow/dags/gcs_to_bq.py
[2023-06-06T21:24:01.500+0000] {processor.py:753} INFO - DAG(s) dict_keys(['gsc_to_bq']) retrieved from /opt/airflow/dags/gcs_to_bq.py
[2023-06-06T21:24:01.696+0000] {logging_mixin.py:137} INFO - [2023-06-06T21:24:01.695+0000] {dag.py:2690} INFO - Sync 1 DAGs
[2023-06-06T21:24:01.960+0000] {logging_mixin.py:137} INFO - [2023-06-06T21:24:01.959+0000] {dag.py:3441} INFO - Setting next_dagrun for gsc_to_bq to 2023-06-05T00:00:00+00:00, run_after=2023-06-06T00:00:00+00:00
[2023-06-06T21:24:02.048+0000] {processor.py:175} INFO - Processing /opt/airflow/dags/gcs_to_bq.py took 1.497 seconds
[2023-06-06T21:24:32.604+0000] {processor.py:153} INFO - Started process (PID=393) to work on /opt/airflow/dags/gcs_to_bq.py
[2023-06-06T21:24:32.606+0000] {processor.py:743} INFO - Processing file /opt/airflow/dags/gcs_to_bq.py for tasks to queue
[2023-06-06T21:24:32.608+0000] {logging_mixin.py:137} INFO - [2023-06-06T21:24:32.608+0000] {dagbag.py:538} INFO - Filling up the DagBag from /opt/airflow/dags/gcs_to_bq.py
[2023-06-06T21:24:32.904+0000] {processor.py:753} INFO - DAG(s) dict_keys(['gsc_to_bq']) retrieved from /opt/airflow/dags/gcs_to_bq.py
[2023-06-06T21:24:32.944+0000] {logging_mixin.py:137} INFO - [2023-06-06T21:24:32.943+0000] {dag.py:2690} INFO - Sync 1 DAGs
[2023-06-06T21:24:32.997+0000] {logging_mixin.py:137} INFO - [2023-06-06T21:24:32.996+0000] {dag.py:3441} INFO - Setting next_dagrun for gsc_to_bq to 2023-06-05T00:00:00+00:00, run_after=2023-06-06T00:00:00+00:00
[2023-06-06T21:24:33.039+0000] {processor.py:175} INFO - Processing /opt/airflow/dags/gcs_to_bq.py took 0.441 seconds
[2023-06-06T21:25:03.845+0000] {processor.py:153} INFO - Started process (PID=438) to work on /opt/airflow/dags/gcs_to_bq.py
[2023-06-06T21:25:03.847+0000] {processor.py:743} INFO - Processing file /opt/airflow/dags/gcs_to_bq.py for tasks to queue
[2023-06-06T21:25:03.849+0000] {logging_mixin.py:137} INFO - [2023-06-06T21:25:03.849+0000] {dagbag.py:538} INFO - Filling up the DagBag from /opt/airflow/dags/gcs_to_bq.py
[2023-06-06T21:25:04.071+0000] {processor.py:753} INFO - DAG(s) dict_keys(['gsc_to_bq']) retrieved from /opt/airflow/dags/gcs_to_bq.py
[2023-06-06T21:25:04.105+0000] {logging_mixin.py:137} INFO - [2023-06-06T21:25:04.105+0000] {dag.py:2690} INFO - Sync 1 DAGs
[2023-06-06T21:25:04.135+0000] {logging_mixin.py:137} INFO - [2023-06-06T21:25:04.135+0000] {dag.py:3441} INFO - Setting next_dagrun for gsc_to_bq to 2023-06-05T00:00:00+00:00, run_after=2023-06-06T00:00:00+00:00
[2023-06-06T21:25:04.161+0000] {processor.py:175} INFO - Processing /opt/airflow/dags/gcs_to_bq.py took 0.323 seconds
[2023-06-06T21:25:34.611+0000] {processor.py:153} INFO - Started process (PID=474) to work on /opt/airflow/dags/gcs_to_bq.py
[2023-06-06T21:25:34.612+0000] {processor.py:743} INFO - Processing file /opt/airflow/dags/gcs_to_bq.py for tasks to queue
[2023-06-06T21:25:34.613+0000] {logging_mixin.py:137} INFO - [2023-06-06T21:25:34.613+0000] {dagbag.py:538} INFO - Filling up the DagBag from /opt/airflow/dags/gcs_to_bq.py
[2023-06-06T21:25:34.951+0000] {processor.py:753} INFO - DAG(s) dict_keys(['gsc_to_bq']) retrieved from /opt/airflow/dags/gcs_to_bq.py
[2023-06-06T21:25:34.983+0000] {logging_mixin.py:137} INFO - [2023-06-06T21:25:34.982+0000] {dag.py:2690} INFO - Sync 1 DAGs
[2023-06-06T21:25:35.016+0000] {logging_mixin.py:137} INFO - [2023-06-06T21:25:35.015+0000] {dag.py:3441} INFO - Setting next_dagrun for gsc_to_bq to 2023-06-05T00:00:00+00:00, run_after=2023-06-06T00:00:00+00:00
[2023-06-06T21:25:35.044+0000] {processor.py:175} INFO - Processing /opt/airflow/dags/gcs_to_bq.py took 0.437 seconds
[2023-06-06T21:26:05.267+0000] {processor.py:153} INFO - Started process (PID=510) to work on /opt/airflow/dags/gcs_to_bq.py
[2023-06-06T21:26:05.269+0000] {processor.py:743} INFO - Processing file /opt/airflow/dags/gcs_to_bq.py for tasks to queue
[2023-06-06T21:26:05.271+0000] {logging_mixin.py:137} INFO - [2023-06-06T21:26:05.270+0000] {dagbag.py:538} INFO - Filling up the DagBag from /opt/airflow/dags/gcs_to_bq.py
[2023-06-06T21:26:05.615+0000] {processor.py:753} INFO - DAG(s) dict_keys(['gsc_to_bq']) retrieved from /opt/airflow/dags/gcs_to_bq.py
[2023-06-06T21:26:05.649+0000] {logging_mixin.py:137} INFO - [2023-06-06T21:26:05.649+0000] {dag.py:2690} INFO - Sync 1 DAGs
[2023-06-06T21:26:05.703+0000] {logging_mixin.py:137} INFO - [2023-06-06T21:26:05.703+0000] {dag.py:3441} INFO - Setting next_dagrun for gsc_to_bq to 2023-06-05T00:00:00+00:00, run_after=2023-06-06T00:00:00+00:00
[2023-06-06T21:26:05.735+0000] {processor.py:175} INFO - Processing /opt/airflow/dags/gcs_to_bq.py took 0.475 seconds
[2023-06-06T21:26:36.298+0000] {processor.py:153} INFO - Started process (PID=545) to work on /opt/airflow/dags/gcs_to_bq.py
[2023-06-06T21:26:36.307+0000] {processor.py:743} INFO - Processing file /opt/airflow/dags/gcs_to_bq.py for tasks to queue
[2023-06-06T21:26:36.317+0000] {logging_mixin.py:137} INFO - [2023-06-06T21:26:36.314+0000] {dagbag.py:538} INFO - Filling up the DagBag from /opt/airflow/dags/gcs_to_bq.py
[2023-06-06T21:26:37.235+0000] {processor.py:753} INFO - DAG(s) dict_keys(['gsc_to_bq']) retrieved from /opt/airflow/dags/gcs_to_bq.py
[2023-06-06T21:26:37.275+0000] {logging_mixin.py:137} INFO - [2023-06-06T21:26:37.274+0000] {dag.py:2690} INFO - Sync 1 DAGs
[2023-06-06T21:26:37.333+0000] {logging_mixin.py:137} INFO - [2023-06-06T21:26:37.333+0000] {dag.py:3441} INFO - Setting next_dagrun for gsc_to_bq to 2023-06-05T00:00:00+00:00, run_after=2023-06-06T00:00:00+00:00
[2023-06-06T21:26:37.374+0000] {processor.py:175} INFO - Processing /opt/airflow/dags/gcs_to_bq.py took 1.120 seconds
[2023-06-06T21:27:08.053+0000] {processor.py:153} INFO - Started process (PID=581) to work on /opt/airflow/dags/gcs_to_bq.py
[2023-06-06T21:27:08.055+0000] {processor.py:743} INFO - Processing file /opt/airflow/dags/gcs_to_bq.py for tasks to queue
[2023-06-06T21:27:08.056+0000] {logging_mixin.py:137} INFO - [2023-06-06T21:27:08.056+0000] {dagbag.py:538} INFO - Filling up the DagBag from /opt/airflow/dags/gcs_to_bq.py
[2023-06-06T21:27:08.312+0000] {processor.py:753} INFO - DAG(s) dict_keys(['gsc_to_bq']) retrieved from /opt/airflow/dags/gcs_to_bq.py
[2023-06-06T21:27:08.337+0000] {logging_mixin.py:137} INFO - [2023-06-06T21:27:08.336+0000] {dag.py:2690} INFO - Sync 1 DAGs
[2023-06-06T21:27:08.368+0000] {logging_mixin.py:137} INFO - [2023-06-06T21:27:08.367+0000] {dag.py:3441} INFO - Setting next_dagrun for gsc_to_bq to 2023-06-05T00:00:00+00:00, run_after=2023-06-06T00:00:00+00:00
[2023-06-06T21:27:08.395+0000] {processor.py:175} INFO - Processing /opt/airflow/dags/gcs_to_bq.py took 0.345 seconds
[2023-06-06T21:27:38.588+0000] {processor.py:153} INFO - Started process (PID=619) to work on /opt/airflow/dags/gcs_to_bq.py
[2023-06-06T21:27:38.590+0000] {processor.py:743} INFO - Processing file /opt/airflow/dags/gcs_to_bq.py for tasks to queue
[2023-06-06T21:27:38.591+0000] {logging_mixin.py:137} INFO - [2023-06-06T21:27:38.591+0000] {dagbag.py:538} INFO - Filling up the DagBag from /opt/airflow/dags/gcs_to_bq.py
[2023-06-06T21:27:38.800+0000] {processor.py:753} INFO - DAG(s) dict_keys(['gsc_to_bq']) retrieved from /opt/airflow/dags/gcs_to_bq.py
[2023-06-06T21:27:38.829+0000] {logging_mixin.py:137} INFO - [2023-06-06T21:27:38.829+0000] {dag.py:2690} INFO - Sync 1 DAGs
[2023-06-06T21:27:38.856+0000] {logging_mixin.py:137} INFO - [2023-06-06T21:27:38.856+0000] {dag.py:3441} INFO - Setting next_dagrun for gsc_to_bq to 2023-06-05T00:00:00+00:00, run_after=2023-06-06T00:00:00+00:00
[2023-06-06T21:27:38.881+0000] {processor.py:175} INFO - Processing /opt/airflow/dags/gcs_to_bq.py took 0.297 seconds
[2023-06-06T21:28:09.303+0000] {processor.py:153} INFO - Started process (PID=669) to work on /opt/airflow/dags/gcs_to_bq.py
[2023-06-06T21:28:09.305+0000] {processor.py:743} INFO - Processing file /opt/airflow/dags/gcs_to_bq.py for tasks to queue
[2023-06-06T21:28:09.307+0000] {logging_mixin.py:137} INFO - [2023-06-06T21:28:09.306+0000] {dagbag.py:538} INFO - Filling up the DagBag from /opt/airflow/dags/gcs_to_bq.py
[2023-06-06T21:28:09.559+0000] {processor.py:753} INFO - DAG(s) dict_keys(['gsc_to_bq']) retrieved from /opt/airflow/dags/gcs_to_bq.py
[2023-06-06T21:28:09.589+0000] {logging_mixin.py:137} INFO - [2023-06-06T21:28:09.588+0000] {dag.py:2690} INFO - Sync 1 DAGs
[2023-06-06T21:28:09.617+0000] {logging_mixin.py:137} INFO - [2023-06-06T21:28:09.617+0000] {dag.py:3441} INFO - Setting next_dagrun for gsc_to_bq to 2023-06-05T00:00:00+00:00, run_after=2023-06-06T00:00:00+00:00
[2023-06-06T21:28:09.643+0000] {processor.py:175} INFO - Processing /opt/airflow/dags/gcs_to_bq.py took 0.343 seconds
[2023-06-06T21:28:40.150+0000] {processor.py:153} INFO - Started process (PID=706) to work on /opt/airflow/dags/gcs_to_bq.py
[2023-06-06T21:28:40.153+0000] {processor.py:743} INFO - Processing file /opt/airflow/dags/gcs_to_bq.py for tasks to queue
[2023-06-06T21:28:40.156+0000] {logging_mixin.py:137} INFO - [2023-06-06T21:28:40.155+0000] {dagbag.py:538} INFO - Filling up the DagBag from /opt/airflow/dags/gcs_to_bq.py
[2023-06-06T21:28:40.757+0000] {processor.py:753} INFO - DAG(s) dict_keys(['gsc_to_bq']) retrieved from /opt/airflow/dags/gcs_to_bq.py
[2023-06-06T21:28:40.813+0000] {logging_mixin.py:137} INFO - [2023-06-06T21:28:40.812+0000] {dag.py:2690} INFO - Sync 1 DAGs
[2023-06-06T21:28:40.871+0000] {logging_mixin.py:137} INFO - [2023-06-06T21:28:40.871+0000] {dag.py:3441} INFO - Setting next_dagrun for gsc_to_bq to 2023-06-05T00:00:00+00:00, run_after=2023-06-06T00:00:00+00:00
[2023-06-06T21:28:40.929+0000] {processor.py:175} INFO - Processing /opt/airflow/dags/gcs_to_bq.py took 0.785 seconds
[2023-06-06T21:29:11.493+0000] {processor.py:153} INFO - Started process (PID=743) to work on /opt/airflow/dags/gcs_to_bq.py
[2023-06-06T21:29:11.499+0000] {processor.py:743} INFO - Processing file /opt/airflow/dags/gcs_to_bq.py for tasks to queue
[2023-06-06T21:29:11.502+0000] {logging_mixin.py:137} INFO - [2023-06-06T21:29:11.501+0000] {dagbag.py:538} INFO - Filling up the DagBag from /opt/airflow/dags/gcs_to_bq.py
[2023-06-06T21:29:12.055+0000] {processor.py:753} INFO - DAG(s) dict_keys(['gsc_to_bq']) retrieved from /opt/airflow/dags/gcs_to_bq.py
[2023-06-06T21:29:12.131+0000] {logging_mixin.py:137} INFO - [2023-06-06T21:29:12.130+0000] {dag.py:2690} INFO - Sync 1 DAGs
[2023-06-06T21:29:12.245+0000] {logging_mixin.py:137} INFO - [2023-06-06T21:29:12.244+0000] {dag.py:3441} INFO - Setting next_dagrun for gsc_to_bq to 2023-06-05T00:00:00+00:00, run_after=2023-06-06T00:00:00+00:00
[2023-06-06T21:29:12.331+0000] {processor.py:175} INFO - Processing /opt/airflow/dags/gcs_to_bq.py took 0.844 seconds
[2023-06-06T21:29:42.943+0000] {processor.py:153} INFO - Started process (PID=779) to work on /opt/airflow/dags/gcs_to_bq.py
[2023-06-06T21:29:42.944+0000] {processor.py:743} INFO - Processing file /opt/airflow/dags/gcs_to_bq.py for tasks to queue
[2023-06-06T21:29:42.946+0000] {logging_mixin.py:137} INFO - [2023-06-06T21:29:42.945+0000] {dagbag.py:538} INFO - Filling up the DagBag from /opt/airflow/dags/gcs_to_bq.py
[2023-06-06T21:29:43.196+0000] {processor.py:753} INFO - DAG(s) dict_keys(['gsc_to_bq']) retrieved from /opt/airflow/dags/gcs_to_bq.py
[2023-06-06T21:29:43.222+0000] {logging_mixin.py:137} INFO - [2023-06-06T21:29:43.222+0000] {dag.py:2690} INFO - Sync 1 DAGs
[2023-06-06T21:29:43.250+0000] {logging_mixin.py:137} INFO - [2023-06-06T21:29:43.250+0000] {dag.py:3441} INFO - Setting next_dagrun for gsc_to_bq to 2023-06-05T00:00:00+00:00, run_after=2023-06-06T00:00:00+00:00
[2023-06-06T21:29:43.272+0000] {processor.py:175} INFO - Processing /opt/airflow/dags/gcs_to_bq.py took 0.332 seconds
[2023-06-06T21:30:13.634+0000] {processor.py:153} INFO - Started process (PID=822) to work on /opt/airflow/dags/gcs_to_bq.py
[2023-06-06T21:30:13.636+0000] {processor.py:743} INFO - Processing file /opt/airflow/dags/gcs_to_bq.py for tasks to queue
[2023-06-06T21:30:13.637+0000] {logging_mixin.py:137} INFO - [2023-06-06T21:30:13.637+0000] {dagbag.py:538} INFO - Filling up the DagBag from /opt/airflow/dags/gcs_to_bq.py
[2023-06-06T21:30:13.909+0000] {processor.py:753} INFO - DAG(s) dict_keys(['gsc_to_bq']) retrieved from /opt/airflow/dags/gcs_to_bq.py
[2023-06-06T21:30:13.936+0000] {logging_mixin.py:137} INFO - [2023-06-06T21:30:13.935+0000] {dag.py:2690} INFO - Sync 1 DAGs
[2023-06-06T21:30:13.966+0000] {logging_mixin.py:137} INFO - [2023-06-06T21:30:13.966+0000] {dag.py:3441} INFO - Setting next_dagrun for gsc_to_bq to 2023-06-05T00:00:00+00:00, run_after=2023-06-06T00:00:00+00:00
[2023-06-06T21:30:13.995+0000] {processor.py:175} INFO - Processing /opt/airflow/dags/gcs_to_bq.py took 0.365 seconds
[2023-06-06T21:30:44.445+0000] {processor.py:153} INFO - Started process (PID=865) to work on /opt/airflow/dags/gcs_to_bq.py
[2023-06-06T21:30:44.447+0000] {processor.py:743} INFO - Processing file /opt/airflow/dags/gcs_to_bq.py for tasks to queue
[2023-06-06T21:30:44.453+0000] {logging_mixin.py:137} INFO - [2023-06-06T21:30:44.453+0000] {dagbag.py:538} INFO - Filling up the DagBag from /opt/airflow/dags/gcs_to_bq.py
[2023-06-06T21:30:45.114+0000] {processor.py:753} INFO - DAG(s) dict_keys(['gsc_to_bq']) retrieved from /opt/airflow/dags/gcs_to_bq.py
[2023-06-06T21:30:45.200+0000] {logging_mixin.py:137} INFO - [2023-06-06T21:30:45.197+0000] {dag.py:2690} INFO - Sync 1 DAGs
[2023-06-06T21:30:45.268+0000] {logging_mixin.py:137} INFO - [2023-06-06T21:30:45.268+0000] {dag.py:3441} INFO - Setting next_dagrun for gsc_to_bq to 2023-06-05T00:00:00+00:00, run_after=2023-06-06T00:00:00+00:00
[2023-06-06T21:30:45.371+0000] {processor.py:175} INFO - Processing /opt/airflow/dags/gcs_to_bq.py took 0.932 seconds
[2023-06-06T21:31:15.521+0000] {processor.py:153} INFO - Started process (PID=901) to work on /opt/airflow/dags/gcs_to_bq.py
[2023-06-06T21:31:15.523+0000] {processor.py:743} INFO - Processing file /opt/airflow/dags/gcs_to_bq.py for tasks to queue
[2023-06-06T21:31:15.524+0000] {logging_mixin.py:137} INFO - [2023-06-06T21:31:15.524+0000] {dagbag.py:538} INFO - Filling up the DagBag from /opt/airflow/dags/gcs_to_bq.py
[2023-06-06T21:31:15.944+0000] {processor.py:753} INFO - DAG(s) dict_keys(['gsc_to_bq']) retrieved from /opt/airflow/dags/gcs_to_bq.py
[2023-06-06T21:31:15.991+0000] {logging_mixin.py:137} INFO - [2023-06-06T21:31:15.990+0000] {dag.py:2690} INFO - Sync 1 DAGs
[2023-06-06T21:31:16.042+0000] {logging_mixin.py:137} INFO - [2023-06-06T21:31:16.041+0000] {dag.py:3441} INFO - Setting next_dagrun for gsc_to_bq to 2023-06-05T00:00:00+00:00, run_after=2023-06-06T00:00:00+00:00
[2023-06-06T21:31:16.076+0000] {processor.py:175} INFO - Processing /opt/airflow/dags/gcs_to_bq.py took 0.559 seconds
[2023-06-06T21:31:46.530+0000] {processor.py:153} INFO - Started process (PID=953) to work on /opt/airflow/dags/gcs_to_bq.py
[2023-06-06T21:31:46.532+0000] {processor.py:743} INFO - Processing file /opt/airflow/dags/gcs_to_bq.py for tasks to queue
[2023-06-06T21:31:46.534+0000] {logging_mixin.py:137} INFO - [2023-06-06T21:31:46.534+0000] {dagbag.py:538} INFO - Filling up the DagBag from /opt/airflow/dags/gcs_to_bq.py
[2023-06-06T21:31:46.872+0000] {processor.py:753} INFO - DAG(s) dict_keys(['gsc_to_bq']) retrieved from /opt/airflow/dags/gcs_to_bq.py
[2023-06-06T21:31:46.931+0000] {logging_mixin.py:137} INFO - [2023-06-06T21:31:46.930+0000] {dag.py:2690} INFO - Sync 1 DAGs
[2023-06-06T21:31:46.976+0000] {logging_mixin.py:137} INFO - [2023-06-06T21:31:46.976+0000] {dag.py:3441} INFO - Setting next_dagrun for gsc_to_bq to 2023-06-05T00:00:00+00:00, run_after=2023-06-06T00:00:00+00:00
[2023-06-06T21:31:47.008+0000] {processor.py:175} INFO - Processing /opt/airflow/dags/gcs_to_bq.py took 0.485 seconds
[2023-06-06T21:32:17.298+0000] {processor.py:153} INFO - Started process (PID=989) to work on /opt/airflow/dags/gcs_to_bq.py
[2023-06-06T21:32:17.299+0000] {processor.py:743} INFO - Processing file /opt/airflow/dags/gcs_to_bq.py for tasks to queue
[2023-06-06T21:32:17.300+0000] {logging_mixin.py:137} INFO - [2023-06-06T21:32:17.300+0000] {dagbag.py:538} INFO - Filling up the DagBag from /opt/airflow/dags/gcs_to_bq.py
[2023-06-06T21:32:17.560+0000] {processor.py:753} INFO - DAG(s) dict_keys(['gsc_to_bq']) retrieved from /opt/airflow/dags/gcs_to_bq.py
[2023-06-06T21:32:17.606+0000] {logging_mixin.py:137} INFO - [2023-06-06T21:32:17.605+0000] {dag.py:2690} INFO - Sync 1 DAGs
[2023-06-06T21:32:17.646+0000] {logging_mixin.py:137} INFO - [2023-06-06T21:32:17.646+0000] {dag.py:3441} INFO - Setting next_dagrun for gsc_to_bq to 2023-06-05T00:00:00+00:00, run_after=2023-06-06T00:00:00+00:00
[2023-06-06T21:32:17.683+0000] {processor.py:175} INFO - Processing /opt/airflow/dags/gcs_to_bq.py took 0.389 seconds
[2023-06-06T21:32:47.803+0000] {processor.py:153} INFO - Started process (PID=1025) to work on /opt/airflow/dags/gcs_to_bq.py
[2023-06-06T21:32:47.804+0000] {processor.py:743} INFO - Processing file /opt/airflow/dags/gcs_to_bq.py for tasks to queue
[2023-06-06T21:32:47.805+0000] {logging_mixin.py:137} INFO - [2023-06-06T21:32:47.805+0000] {dagbag.py:538} INFO - Filling up the DagBag from /opt/airflow/dags/gcs_to_bq.py
[2023-06-06T21:32:48.022+0000] {processor.py:753} INFO - DAG(s) dict_keys(['gsc_to_bq']) retrieved from /opt/airflow/dags/gcs_to_bq.py
[2023-06-06T21:32:48.048+0000] {logging_mixin.py:137} INFO - [2023-06-06T21:32:48.047+0000] {dag.py:2690} INFO - Sync 1 DAGs
[2023-06-06T21:32:48.081+0000] {logging_mixin.py:137} INFO - [2023-06-06T21:32:48.081+0000] {dag.py:3441} INFO - Setting next_dagrun for gsc_to_bq to 2023-06-05T00:00:00+00:00, run_after=2023-06-06T00:00:00+00:00
[2023-06-06T21:32:48.106+0000] {processor.py:175} INFO - Processing /opt/airflow/dags/gcs_to_bq.py took 0.306 seconds
[2023-06-06T21:33:18.524+0000] {processor.py:153} INFO - Started process (PID=1061) to work on /opt/airflow/dags/gcs_to_bq.py
[2023-06-06T21:33:18.526+0000] {processor.py:743} INFO - Processing file /opt/airflow/dags/gcs_to_bq.py for tasks to queue
[2023-06-06T21:33:18.527+0000] {logging_mixin.py:137} INFO - [2023-06-06T21:33:18.527+0000] {dagbag.py:538} INFO - Filling up the DagBag from /opt/airflow/dags/gcs_to_bq.py
[2023-06-06T21:33:18.774+0000] {processor.py:753} INFO - DAG(s) dict_keys(['gsc_to_bq']) retrieved from /opt/airflow/dags/gcs_to_bq.py
[2023-06-06T21:33:18.800+0000] {logging_mixin.py:137} INFO - [2023-06-06T21:33:18.800+0000] {dag.py:2690} INFO - Sync 1 DAGs
[2023-06-06T21:33:18.826+0000] {logging_mixin.py:137} INFO - [2023-06-06T21:33:18.826+0000] {dag.py:3441} INFO - Setting next_dagrun for gsc_to_bq to 2023-06-05T00:00:00+00:00, run_after=2023-06-06T00:00:00+00:00
[2023-06-06T21:33:18.847+0000] {processor.py:175} INFO - Processing /opt/airflow/dags/gcs_to_bq.py took 0.328 seconds
[2023-06-06T21:33:49.393+0000] {processor.py:153} INFO - Started process (PID=1113) to work on /opt/airflow/dags/gcs_to_bq.py
[2023-06-06T21:33:49.395+0000] {processor.py:743} INFO - Processing file /opt/airflow/dags/gcs_to_bq.py for tasks to queue
[2023-06-06T21:33:49.396+0000] {logging_mixin.py:137} INFO - [2023-06-06T21:33:49.396+0000] {dagbag.py:538} INFO - Filling up the DagBag from /opt/airflow/dags/gcs_to_bq.py
[2023-06-06T21:33:49.661+0000] {processor.py:753} INFO - DAG(s) dict_keys(['gsc_to_bq']) retrieved from /opt/airflow/dags/gcs_to_bq.py
[2023-06-06T21:33:49.693+0000] {logging_mixin.py:137} INFO - [2023-06-06T21:33:49.691+0000] {dag.py:2690} INFO - Sync 1 DAGs
[2023-06-06T21:33:49.730+0000] {logging_mixin.py:137} INFO - [2023-06-06T21:33:49.730+0000] {dag.py:3441} INFO - Setting next_dagrun for gsc_to_bq to 2023-06-05T00:00:00+00:00, run_after=2023-06-06T00:00:00+00:00
[2023-06-06T21:33:49.758+0000] {processor.py:175} INFO - Processing /opt/airflow/dags/gcs_to_bq.py took 0.368 seconds
[2023-06-06T21:34:19.883+0000] {processor.py:153} INFO - Started process (PID=1149) to work on /opt/airflow/dags/gcs_to_bq.py
[2023-06-06T21:34:19.886+0000] {processor.py:743} INFO - Processing file /opt/airflow/dags/gcs_to_bq.py for tasks to queue
[2023-06-06T21:34:19.888+0000] {logging_mixin.py:137} INFO - [2023-06-06T21:34:19.888+0000] {dagbag.py:538} INFO - Filling up the DagBag from /opt/airflow/dags/gcs_to_bq.py
[2023-06-06T21:34:20.156+0000] {processor.py:753} INFO - DAG(s) dict_keys(['gsc_to_bq']) retrieved from /opt/airflow/dags/gcs_to_bq.py
[2023-06-06T21:34:20.180+0000] {logging_mixin.py:137} INFO - [2023-06-06T21:34:20.179+0000] {dag.py:2690} INFO - Sync 1 DAGs
[2023-06-06T21:34:20.208+0000] {logging_mixin.py:137} INFO - [2023-06-06T21:34:20.208+0000] {dag.py:3441} INFO - Setting next_dagrun for gsc_to_bq to 2023-06-05T00:00:00+00:00, run_after=2023-06-06T00:00:00+00:00
[2023-06-06T21:34:20.233+0000] {processor.py:175} INFO - Processing /opt/airflow/dags/gcs_to_bq.py took 0.356 seconds
[2023-06-06T21:34:51.034+0000] {processor.py:153} INFO - Started process (PID=1185) to work on /opt/airflow/dags/gcs_to_bq.py
[2023-06-06T21:34:51.036+0000] {processor.py:743} INFO - Processing file /opt/airflow/dags/gcs_to_bq.py for tasks to queue
[2023-06-06T21:34:51.038+0000] {logging_mixin.py:137} INFO - [2023-06-06T21:34:51.037+0000] {dagbag.py:538} INFO - Filling up the DagBag from /opt/airflow/dags/gcs_to_bq.py
[2023-06-06T21:34:51.707+0000] {processor.py:753} INFO - DAG(s) dict_keys(['gsc_to_bq']) retrieved from /opt/airflow/dags/gcs_to_bq.py
[2023-06-06T21:34:51.773+0000] {logging_mixin.py:137} INFO - [2023-06-06T21:34:51.772+0000] {dag.py:2690} INFO - Sync 1 DAGs
[2023-06-06T21:34:51.825+0000] {logging_mixin.py:137} INFO - [2023-06-06T21:34:51.825+0000] {dag.py:3441} INFO - Setting next_dagrun for gsc_to_bq to 2023-06-05T00:00:00+00:00, run_after=2023-06-06T00:00:00+00:00
[2023-06-06T21:34:51.869+0000] {processor.py:175} INFO - Processing /opt/airflow/dags/gcs_to_bq.py took 0.839 seconds
[2023-06-06T21:35:22.486+0000] {processor.py:153} INFO - Started process (PID=1236) to work on /opt/airflow/dags/gcs_to_bq.py
[2023-06-06T21:35:22.488+0000] {processor.py:743} INFO - Processing file /opt/airflow/dags/gcs_to_bq.py for tasks to queue
[2023-06-06T21:35:22.489+0000] {logging_mixin.py:137} INFO - [2023-06-06T21:35:22.489+0000] {dagbag.py:538} INFO - Filling up the DagBag from /opt/airflow/dags/gcs_to_bq.py
[2023-06-06T21:35:22.994+0000] {processor.py:753} INFO - DAG(s) dict_keys(['gsc_to_bq']) retrieved from /opt/airflow/dags/gcs_to_bq.py
[2023-06-06T21:35:23.045+0000] {logging_mixin.py:137} INFO - [2023-06-06T21:35:23.044+0000] {dag.py:2690} INFO - Sync 1 DAGs
[2023-06-06T21:35:23.109+0000] {logging_mixin.py:137} INFO - [2023-06-06T21:35:23.109+0000] {dag.py:3441} INFO - Setting next_dagrun for gsc_to_bq to 2023-06-05T00:00:00+00:00, run_after=2023-06-06T00:00:00+00:00
[2023-06-06T21:35:23.164+0000] {processor.py:175} INFO - Processing /opt/airflow/dags/gcs_to_bq.py took 0.683 seconds
[2023-06-06T21:35:53.249+0000] {processor.py:153} INFO - Started process (PID=1272) to work on /opt/airflow/dags/gcs_to_bq.py
[2023-06-06T21:35:53.250+0000] {processor.py:743} INFO - Processing file /opt/airflow/dags/gcs_to_bq.py for tasks to queue
[2023-06-06T21:35:53.252+0000] {logging_mixin.py:137} INFO - [2023-06-06T21:35:53.252+0000] {dagbag.py:538} INFO - Filling up the DagBag from /opt/airflow/dags/gcs_to_bq.py
[2023-06-06T21:35:53.658+0000] {processor.py:753} INFO - DAG(s) dict_keys(['gsc_to_bq']) retrieved from /opt/airflow/dags/gcs_to_bq.py
[2023-06-06T21:35:53.701+0000] {logging_mixin.py:137} INFO - [2023-06-06T21:35:53.700+0000] {dag.py:2690} INFO - Sync 1 DAGs
[2023-06-06T21:35:53.745+0000] {logging_mixin.py:137} INFO - [2023-06-06T21:35:53.745+0000] {dag.py:3441} INFO - Setting next_dagrun for gsc_to_bq to 2023-06-05T00:00:00+00:00, run_after=2023-06-06T00:00:00+00:00
[2023-06-06T21:35:53.789+0000] {processor.py:175} INFO - Processing /opt/airflow/dags/gcs_to_bq.py took 0.545 seconds
[2023-06-06T21:36:24.055+0000] {processor.py:153} INFO - Started process (PID=1309) to work on /opt/airflow/dags/gcs_to_bq.py
[2023-06-06T21:36:24.056+0000] {processor.py:743} INFO - Processing file /opt/airflow/dags/gcs_to_bq.py for tasks to queue
[2023-06-06T21:36:24.057+0000] {logging_mixin.py:137} INFO - [2023-06-06T21:36:24.057+0000] {dagbag.py:538} INFO - Filling up the DagBag from /opt/airflow/dags/gcs_to_bq.py
[2023-06-06T21:36:24.300+0000] {processor.py:753} INFO - DAG(s) dict_keys(['gsc_to_bq']) retrieved from /opt/airflow/dags/gcs_to_bq.py
[2023-06-06T21:36:24.327+0000] {logging_mixin.py:137} INFO - [2023-06-06T21:36:24.326+0000] {dag.py:2690} INFO - Sync 1 DAGs
[2023-06-06T21:36:24.353+0000] {logging_mixin.py:137} INFO - [2023-06-06T21:36:24.352+0000] {dag.py:3441} INFO - Setting next_dagrun for gsc_to_bq to 2023-06-05T00:00:00+00:00, run_after=2023-06-06T00:00:00+00:00
[2023-06-06T21:36:24.384+0000] {processor.py:175} INFO - Processing /opt/airflow/dags/gcs_to_bq.py took 0.333 seconds
[2023-06-06T21:36:54.731+0000] {processor.py:153} INFO - Started process (PID=1352) to work on /opt/airflow/dags/gcs_to_bq.py
[2023-06-06T21:36:54.732+0000] {processor.py:743} INFO - Processing file /opt/airflow/dags/gcs_to_bq.py for tasks to queue
[2023-06-06T21:36:54.733+0000] {logging_mixin.py:137} INFO - [2023-06-06T21:36:54.733+0000] {dagbag.py:538} INFO - Filling up the DagBag from /opt/airflow/dags/gcs_to_bq.py
[2023-06-06T21:36:54.932+0000] {processor.py:753} INFO - DAG(s) dict_keys(['gsc_to_bq']) retrieved from /opt/airflow/dags/gcs_to_bq.py
[2023-06-06T21:36:54.954+0000] {logging_mixin.py:137} INFO - [2023-06-06T21:36:54.954+0000] {dag.py:2690} INFO - Sync 1 DAGs
[2023-06-06T21:36:54.980+0000] {logging_mixin.py:137} INFO - [2023-06-06T21:36:54.979+0000] {dag.py:3441} INFO - Setting next_dagrun for gsc_to_bq to 2023-06-05T00:00:00+00:00, run_after=2023-06-06T00:00:00+00:00
[2023-06-06T21:36:55.001+0000] {processor.py:175} INFO - Processing /opt/airflow/dags/gcs_to_bq.py took 0.274 seconds
[2023-06-06T21:37:25.221+0000] {processor.py:153} INFO - Started process (PID=1397) to work on /opt/airflow/dags/gcs_to_bq.py
[2023-06-06T21:37:25.222+0000] {processor.py:743} INFO - Processing file /opt/airflow/dags/gcs_to_bq.py for tasks to queue
[2023-06-06T21:37:25.223+0000] {logging_mixin.py:137} INFO - [2023-06-06T21:37:25.223+0000] {dagbag.py:538} INFO - Filling up the DagBag from /opt/airflow/dags/gcs_to_bq.py
[2023-06-06T21:37:25.454+0000] {processor.py:753} INFO - DAG(s) dict_keys(['gsc_to_bq']) retrieved from /opt/airflow/dags/gcs_to_bq.py
[2023-06-06T21:37:25.480+0000] {logging_mixin.py:137} INFO - [2023-06-06T21:37:25.479+0000] {dag.py:2690} INFO - Sync 1 DAGs
[2023-06-06T21:37:25.515+0000] {logging_mixin.py:137} INFO - [2023-06-06T21:37:25.515+0000] {dag.py:3441} INFO - Setting next_dagrun for gsc_to_bq to 2023-06-05T00:00:00+00:00, run_after=2023-06-06T00:00:00+00:00
[2023-06-06T21:37:25.534+0000] {processor.py:175} INFO - Processing /opt/airflow/dags/gcs_to_bq.py took 0.317 seconds
[2023-06-06T21:37:55.810+0000] {processor.py:153} INFO - Started process (PID=1433) to work on /opt/airflow/dags/gcs_to_bq.py
[2023-06-06T21:37:55.811+0000] {processor.py:743} INFO - Processing file /opt/airflow/dags/gcs_to_bq.py for tasks to queue
[2023-06-06T21:37:55.813+0000] {logging_mixin.py:137} INFO - [2023-06-06T21:37:55.812+0000] {dagbag.py:538} INFO - Filling up the DagBag from /opt/airflow/dags/gcs_to_bq.py
[2023-06-06T21:37:56.124+0000] {processor.py:753} INFO - DAG(s) dict_keys(['gsc_to_bq']) retrieved from /opt/airflow/dags/gcs_to_bq.py
[2023-06-06T21:37:56.175+0000] {logging_mixin.py:137} INFO - [2023-06-06T21:37:56.174+0000] {dag.py:2690} INFO - Sync 1 DAGs
[2023-06-06T21:37:56.209+0000] {logging_mixin.py:137} INFO - [2023-06-06T21:37:56.209+0000] {dag.py:3441} INFO - Setting next_dagrun for gsc_to_bq to 2023-06-05T00:00:00+00:00, run_after=2023-06-06T00:00:00+00:00
[2023-06-06T21:37:56.234+0000] {processor.py:175} INFO - Processing /opt/airflow/dags/gcs_to_bq.py took 0.429 seconds
[2023-06-06T21:38:26.585+0000] {processor.py:153} INFO - Started process (PID=1478) to work on /opt/airflow/dags/gcs_to_bq.py
[2023-06-06T21:38:26.587+0000] {processor.py:743} INFO - Processing file /opt/airflow/dags/gcs_to_bq.py for tasks to queue
[2023-06-06T21:38:26.588+0000] {logging_mixin.py:137} INFO - [2023-06-06T21:38:26.588+0000] {dagbag.py:538} INFO - Filling up the DagBag from /opt/airflow/dags/gcs_to_bq.py
[2023-06-06T21:38:26.936+0000] {processor.py:753} INFO - DAG(s) dict_keys(['gsc_to_bq']) retrieved from /opt/airflow/dags/gcs_to_bq.py
[2023-06-06T21:38:26.968+0000] {logging_mixin.py:137} INFO - [2023-06-06T21:38:26.967+0000] {dag.py:2690} INFO - Sync 1 DAGs
[2023-06-06T21:38:27.002+0000] {logging_mixin.py:137} INFO - [2023-06-06T21:38:27.002+0000] {dag.py:3441} INFO - Setting next_dagrun for gsc_to_bq to 2023-06-05T00:00:00+00:00, run_after=2023-06-06T00:00:00+00:00
[2023-06-06T21:38:27.031+0000] {processor.py:175} INFO - Processing /opt/airflow/dags/gcs_to_bq.py took 0.450 seconds
[2023-06-06T21:38:57.729+0000] {processor.py:153} INFO - Started process (PID=1521) to work on /opt/airflow/dags/gcs_to_bq.py
[2023-06-06T21:38:57.731+0000] {processor.py:743} INFO - Processing file /opt/airflow/dags/gcs_to_bq.py for tasks to queue
[2023-06-06T21:38:57.733+0000] {logging_mixin.py:137} INFO - [2023-06-06T21:38:57.733+0000] {dagbag.py:538} INFO - Filling up the DagBag from /opt/airflow/dags/gcs_to_bq.py
[2023-06-06T21:38:58.099+0000] {processor.py:753} INFO - DAG(s) dict_keys(['gsc_to_bq']) retrieved from /opt/airflow/dags/gcs_to_bq.py
[2023-06-06T21:38:58.159+0000] {logging_mixin.py:137} INFO - [2023-06-06T21:38:58.157+0000] {dag.py:2690} INFO - Sync 1 DAGs
[2023-06-06T21:38:58.224+0000] {logging_mixin.py:137} INFO - [2023-06-06T21:38:58.223+0000] {dag.py:3441} INFO - Setting next_dagrun for gsc_to_bq to 2023-06-05T00:00:00+00:00, run_after=2023-06-06T00:00:00+00:00
[2023-06-06T21:38:58.268+0000] {processor.py:175} INFO - Processing /opt/airflow/dags/gcs_to_bq.py took 0.547 seconds
[2023-06-06T21:39:28.625+0000] {processor.py:153} INFO - Started process (PID=1557) to work on /opt/airflow/dags/gcs_to_bq.py
[2023-06-06T21:39:28.647+0000] {processor.py:743} INFO - Processing file /opt/airflow/dags/gcs_to_bq.py for tasks to queue
[2023-06-06T21:39:28.652+0000] {logging_mixin.py:137} INFO - [2023-06-06T21:39:28.651+0000] {dagbag.py:538} INFO - Filling up the DagBag from /opt/airflow/dags/gcs_to_bq.py
[2023-06-06T21:39:29.502+0000] {processor.py:753} INFO - DAG(s) dict_keys(['gsc_to_bq']) retrieved from /opt/airflow/dags/gcs_to_bq.py
[2023-06-06T21:39:29.547+0000] {logging_mixin.py:137} INFO - [2023-06-06T21:39:29.546+0000] {dag.py:2690} INFO - Sync 1 DAGs
[2023-06-06T21:39:29.616+0000] {logging_mixin.py:137} INFO - [2023-06-06T21:39:29.616+0000] {dag.py:3441} INFO - Setting next_dagrun for gsc_to_bq to 2023-06-05T00:00:00+00:00, run_after=2023-06-06T00:00:00+00:00
[2023-06-06T21:39:29.662+0000] {processor.py:175} INFO - Processing /opt/airflow/dags/gcs_to_bq.py took 1.072 seconds
[2023-06-06T21:40:00.149+0000] {processor.py:153} INFO - Started process (PID=1610) to work on /opt/airflow/dags/gcs_to_bq.py
[2023-06-06T21:40:00.151+0000] {processor.py:743} INFO - Processing file /opt/airflow/dags/gcs_to_bq.py for tasks to queue
[2023-06-06T21:40:00.152+0000] {logging_mixin.py:137} INFO - [2023-06-06T21:40:00.152+0000] {dagbag.py:538} INFO - Filling up the DagBag from /opt/airflow/dags/gcs_to_bq.py
[2023-06-06T21:40:00.466+0000] {processor.py:753} INFO - DAG(s) dict_keys(['gsc_to_bq']) retrieved from /opt/airflow/dags/gcs_to_bq.py
[2023-06-06T21:40:00.498+0000] {logging_mixin.py:137} INFO - [2023-06-06T21:40:00.497+0000] {dag.py:2690} INFO - Sync 1 DAGs
[2023-06-06T21:40:00.539+0000] {logging_mixin.py:137} INFO - [2023-06-06T21:40:00.538+0000] {dag.py:3441} INFO - Setting next_dagrun for gsc_to_bq to 2023-06-05T00:00:00+00:00, run_after=2023-06-06T00:00:00+00:00
[2023-06-06T21:40:00.585+0000] {processor.py:175} INFO - Processing /opt/airflow/dags/gcs_to_bq.py took 0.442 seconds
[2023-06-06T21:40:31.017+0000] {processor.py:153} INFO - Started process (PID=1647) to work on /opt/airflow/dags/gcs_to_bq.py
[2023-06-06T21:40:31.018+0000] {processor.py:743} INFO - Processing file /opt/airflow/dags/gcs_to_bq.py for tasks to queue
[2023-06-06T21:40:31.019+0000] {logging_mixin.py:137} INFO - [2023-06-06T21:40:31.019+0000] {dagbag.py:538} INFO - Filling up the DagBag from /opt/airflow/dags/gcs_to_bq.py
[2023-06-06T21:40:31.228+0000] {processor.py:753} INFO - DAG(s) dict_keys(['gsc_to_bq']) retrieved from /opt/airflow/dags/gcs_to_bq.py
[2023-06-06T21:40:31.259+0000] {logging_mixin.py:137} INFO - [2023-06-06T21:40:31.259+0000] {dag.py:2690} INFO - Sync 1 DAGs
[2023-06-06T21:40:31.283+0000] {logging_mixin.py:137} INFO - [2023-06-06T21:40:31.283+0000] {dag.py:3441} INFO - Setting next_dagrun for gsc_to_bq to 2023-06-05T00:00:00+00:00, run_after=2023-06-06T00:00:00+00:00
[2023-06-06T21:40:31.302+0000] {processor.py:175} INFO - Processing /opt/airflow/dags/gcs_to_bq.py took 0.288 seconds
[2023-06-06T21:41:01.643+0000] {processor.py:153} INFO - Started process (PID=1683) to work on /opt/airflow/dags/gcs_to_bq.py
[2023-06-06T21:41:01.645+0000] {processor.py:743} INFO - Processing file /opt/airflow/dags/gcs_to_bq.py for tasks to queue
[2023-06-06T21:41:01.646+0000] {logging_mixin.py:137} INFO - [2023-06-06T21:41:01.646+0000] {dagbag.py:538} INFO - Filling up the DagBag from /opt/airflow/dags/gcs_to_bq.py
[2023-06-06T21:41:02.064+0000] {processor.py:753} INFO - DAG(s) dict_keys(['gsc_to_bq']) retrieved from /opt/airflow/dags/gcs_to_bq.py
[2023-06-06T21:41:02.107+0000] {logging_mixin.py:137} INFO - [2023-06-06T21:41:02.106+0000] {dag.py:2690} INFO - Sync 1 DAGs
[2023-06-06T21:41:02.148+0000] {logging_mixin.py:137} INFO - [2023-06-06T21:41:02.148+0000] {dag.py:3441} INFO - Setting next_dagrun for gsc_to_bq to 2023-06-05T00:00:00+00:00, run_after=2023-06-06T00:00:00+00:00
[2023-06-06T21:41:02.184+0000] {processor.py:175} INFO - Processing /opt/airflow/dags/gcs_to_bq.py took 0.546 seconds
[2023-06-06T21:41:32.735+0000] {processor.py:153} INFO - Started process (PID=1735) to work on /opt/airflow/dags/gcs_to_bq.py
[2023-06-06T21:41:32.736+0000] {processor.py:743} INFO - Processing file /opt/airflow/dags/gcs_to_bq.py for tasks to queue
[2023-06-06T21:41:32.738+0000] {logging_mixin.py:137} INFO - [2023-06-06T21:41:32.738+0000] {dagbag.py:538} INFO - Filling up the DagBag from /opt/airflow/dags/gcs_to_bq.py
[2023-06-06T21:41:33.025+0000] {processor.py:753} INFO - DAG(s) dict_keys(['gsc_to_bq']) retrieved from /opt/airflow/dags/gcs_to_bq.py
[2023-06-06T21:41:33.055+0000] {logging_mixin.py:137} INFO - [2023-06-06T21:41:33.055+0000] {dag.py:2690} INFO - Sync 1 DAGs
[2023-06-06T21:41:33.088+0000] {logging_mixin.py:137} INFO - [2023-06-06T21:41:33.088+0000] {dag.py:3441} INFO - Setting next_dagrun for gsc_to_bq to 2023-06-05T00:00:00+00:00, run_after=2023-06-06T00:00:00+00:00
[2023-06-06T21:41:33.112+0000] {processor.py:175} INFO - Processing /opt/airflow/dags/gcs_to_bq.py took 0.382 seconds
[2023-06-06T21:42:03.528+0000] {processor.py:153} INFO - Started process (PID=1771) to work on /opt/airflow/dags/gcs_to_bq.py
[2023-06-06T21:42:03.531+0000] {processor.py:743} INFO - Processing file /opt/airflow/dags/gcs_to_bq.py for tasks to queue
[2023-06-06T21:42:03.533+0000] {logging_mixin.py:137} INFO - [2023-06-06T21:42:03.533+0000] {dagbag.py:538} INFO - Filling up the DagBag from /opt/airflow/dags/gcs_to_bq.py
[2023-06-06T21:42:03.775+0000] {processor.py:753} INFO - DAG(s) dict_keys(['gsc_to_bq']) retrieved from /opt/airflow/dags/gcs_to_bq.py
[2023-06-06T21:42:03.797+0000] {logging_mixin.py:137} INFO - [2023-06-06T21:42:03.797+0000] {dag.py:2690} INFO - Sync 1 DAGs
[2023-06-06T21:42:03.823+0000] {logging_mixin.py:137} INFO - [2023-06-06T21:42:03.823+0000] {dag.py:3441} INFO - Setting next_dagrun for gsc_to_bq to 2023-06-05T00:00:00+00:00, run_after=2023-06-06T00:00:00+00:00
[2023-06-06T21:42:03.845+0000] {processor.py:175} INFO - Processing /opt/airflow/dags/gcs_to_bq.py took 0.322 seconds
[2023-06-06T21:42:34.188+0000] {processor.py:153} INFO - Started process (PID=1807) to work on /opt/airflow/dags/gcs_to_bq.py
[2023-06-06T21:42:34.190+0000] {processor.py:743} INFO - Processing file /opt/airflow/dags/gcs_to_bq.py for tasks to queue
[2023-06-06T21:42:34.192+0000] {logging_mixin.py:137} INFO - [2023-06-06T21:42:34.192+0000] {dagbag.py:538} INFO - Filling up the DagBag from /opt/airflow/dags/gcs_to_bq.py
[2023-06-06T21:42:34.416+0000] {processor.py:753} INFO - DAG(s) dict_keys(['gsc_to_bq']) retrieved from /opt/airflow/dags/gcs_to_bq.py
[2023-06-06T21:42:34.440+0000] {logging_mixin.py:137} INFO - [2023-06-06T21:42:34.440+0000] {dag.py:2690} INFO - Sync 1 DAGs
[2023-06-06T21:42:34.466+0000] {logging_mixin.py:137} INFO - [2023-06-06T21:42:34.466+0000] {dag.py:3441} INFO - Setting next_dagrun for gsc_to_bq to 2023-06-05T00:00:00+00:00, run_after=2023-06-06T00:00:00+00:00
[2023-06-06T21:42:34.487+0000] {processor.py:175} INFO - Processing /opt/airflow/dags/gcs_to_bq.py took 0.303 seconds
[2023-06-06T21:43:04.688+0000] {processor.py:153} INFO - Started process (PID=1860) to work on /opt/airflow/dags/gcs_to_bq.py
[2023-06-06T21:43:04.690+0000] {processor.py:743} INFO - Processing file /opt/airflow/dags/gcs_to_bq.py for tasks to queue
[2023-06-06T21:43:04.691+0000] {logging_mixin.py:137} INFO - [2023-06-06T21:43:04.691+0000] {dagbag.py:538} INFO - Filling up the DagBag from /opt/airflow/dags/gcs_to_bq.py
[2023-06-06T21:43:04.952+0000] {processor.py:753} INFO - DAG(s) dict_keys(['gsc_to_bq']) retrieved from /opt/airflow/dags/gcs_to_bq.py
[2023-06-06T21:43:04.982+0000] {logging_mixin.py:137} INFO - [2023-06-06T21:43:04.981+0000] {dag.py:2690} INFO - Sync 1 DAGs
[2023-06-06T21:43:05.027+0000] {logging_mixin.py:137} INFO - [2023-06-06T21:43:05.026+0000] {dag.py:3441} INFO - Setting next_dagrun for gsc_to_bq to 2023-06-05T00:00:00+00:00, run_after=2023-06-06T00:00:00+00:00
[2023-06-06T21:43:05.053+0000] {processor.py:175} INFO - Processing /opt/airflow/dags/gcs_to_bq.py took 0.372 seconds
[2023-06-06T21:43:35.268+0000] {processor.py:153} INFO - Started process (PID=1896) to work on /opt/airflow/dags/gcs_to_bq.py
[2023-06-06T21:43:35.270+0000] {processor.py:743} INFO - Processing file /opt/airflow/dags/gcs_to_bq.py for tasks to queue
[2023-06-06T21:43:35.271+0000] {logging_mixin.py:137} INFO - [2023-06-06T21:43:35.271+0000] {dagbag.py:538} INFO - Filling up the DagBag from /opt/airflow/dags/gcs_to_bq.py
[2023-06-06T21:43:35.484+0000] {processor.py:753} INFO - DAG(s) dict_keys(['gsc_to_bq']) retrieved from /opt/airflow/dags/gcs_to_bq.py
[2023-06-06T21:43:35.515+0000] {logging_mixin.py:137} INFO - [2023-06-06T21:43:35.513+0000] {dag.py:2690} INFO - Sync 1 DAGs
[2023-06-06T21:43:35.538+0000] {logging_mixin.py:137} INFO - [2023-06-06T21:43:35.538+0000] {dag.py:3441} INFO - Setting next_dagrun for gsc_to_bq to 2023-06-05T00:00:00+00:00, run_after=2023-06-06T00:00:00+00:00
[2023-06-06T21:43:35.566+0000] {processor.py:175} INFO - Processing /opt/airflow/dags/gcs_to_bq.py took 0.303 seconds
[2023-06-06T21:44:05.968+0000] {processor.py:153} INFO - Started process (PID=1932) to work on /opt/airflow/dags/gcs_to_bq.py
[2023-06-06T21:44:05.970+0000] {processor.py:743} INFO - Processing file /opt/airflow/dags/gcs_to_bq.py for tasks to queue
[2023-06-06T21:44:05.971+0000] {logging_mixin.py:137} INFO - [2023-06-06T21:44:05.971+0000] {dagbag.py:538} INFO - Filling up the DagBag from /opt/airflow/dags/gcs_to_bq.py
[2023-06-06T21:44:06.273+0000] {processor.py:753} INFO - DAG(s) dict_keys(['gsc_to_bq']) retrieved from /opt/airflow/dags/gcs_to_bq.py
[2023-06-06T21:44:06.309+0000] {logging_mixin.py:137} INFO - [2023-06-06T21:44:06.306+0000] {dag.py:2690} INFO - Sync 1 DAGs
[2023-06-06T21:44:06.340+0000] {logging_mixin.py:137} INFO - [2023-06-06T21:44:06.340+0000] {dag.py:3441} INFO - Setting next_dagrun for gsc_to_bq to 2023-06-05T00:00:00+00:00, run_after=2023-06-06T00:00:00+00:00
[2023-06-06T21:44:06.366+0000] {processor.py:175} INFO - Processing /opt/airflow/dags/gcs_to_bq.py took 0.401 seconds
[2023-06-06T21:44:36.467+0000] {processor.py:153} INFO - Started process (PID=1984) to work on /opt/airflow/dags/gcs_to_bq.py
[2023-06-06T21:44:36.469+0000] {processor.py:743} INFO - Processing file /opt/airflow/dags/gcs_to_bq.py for tasks to queue
[2023-06-06T21:44:36.470+0000] {logging_mixin.py:137} INFO - [2023-06-06T21:44:36.470+0000] {dagbag.py:538} INFO - Filling up the DagBag from /opt/airflow/dags/gcs_to_bq.py
[2023-06-06T21:44:36.852+0000] {processor.py:753} INFO - DAG(s) dict_keys(['gsc_to_bq']) retrieved from /opt/airflow/dags/gcs_to_bq.py
[2023-06-06T21:44:36.954+0000] {logging_mixin.py:137} INFO - [2023-06-06T21:44:36.951+0000] {dag.py:2690} INFO - Sync 1 DAGs
[2023-06-06T21:44:37.042+0000] {logging_mixin.py:137} INFO - [2023-06-06T21:44:37.041+0000] {dag.py:3441} INFO - Setting next_dagrun for gsc_to_bq to 2023-06-05T00:00:00+00:00, run_after=2023-06-06T00:00:00+00:00
[2023-06-06T21:44:37.090+0000] {processor.py:175} INFO - Processing /opt/airflow/dags/gcs_to_bq.py took 0.629 seconds
[2023-06-06T21:45:07.201+0000] {processor.py:153} INFO - Started process (PID=2020) to work on /opt/airflow/dags/gcs_to_bq.py
[2023-06-06T21:45:07.203+0000] {processor.py:743} INFO - Processing file /opt/airflow/dags/gcs_to_bq.py for tasks to queue
[2023-06-06T21:45:07.204+0000] {logging_mixin.py:137} INFO - [2023-06-06T21:45:07.204+0000] {dagbag.py:538} INFO - Filling up the DagBag from /opt/airflow/dags/gcs_to_bq.py
[2023-06-06T21:45:07.432+0000] {processor.py:753} INFO - DAG(s) dict_keys(['gsc_to_bq']) retrieved from /opt/airflow/dags/gcs_to_bq.py
[2023-06-06T21:45:07.454+0000] {logging_mixin.py:137} INFO - [2023-06-06T21:45:07.454+0000] {dag.py:2690} INFO - Sync 1 DAGs
[2023-06-06T21:45:07.479+0000] {logging_mixin.py:137} INFO - [2023-06-06T21:45:07.479+0000] {dag.py:3441} INFO - Setting next_dagrun for gsc_to_bq to 2023-06-05T00:00:00+00:00, run_after=2023-06-06T00:00:00+00:00
[2023-06-06T21:45:07.504+0000] {processor.py:175} INFO - Processing /opt/airflow/dags/gcs_to_bq.py took 0.305 seconds
[2023-06-06T21:45:37.885+0000] {processor.py:153} INFO - Started process (PID=2056) to work on /opt/airflow/dags/gcs_to_bq.py
[2023-06-06T21:45:37.887+0000] {processor.py:743} INFO - Processing file /opt/airflow/dags/gcs_to_bq.py for tasks to queue
[2023-06-06T21:45:37.889+0000] {logging_mixin.py:137} INFO - [2023-06-06T21:45:37.888+0000] {dagbag.py:538} INFO - Filling up the DagBag from /opt/airflow/dags/gcs_to_bq.py
[2023-06-06T21:45:38.161+0000] {processor.py:753} INFO - DAG(s) dict_keys(['gsc_to_bq']) retrieved from /opt/airflow/dags/gcs_to_bq.py
[2023-06-06T21:45:38.186+0000] {logging_mixin.py:137} INFO - [2023-06-06T21:45:38.185+0000] {dag.py:2690} INFO - Sync 1 DAGs
[2023-06-06T21:45:38.209+0000] {logging_mixin.py:137} INFO - [2023-06-06T21:45:38.209+0000] {dag.py:3441} INFO - Setting next_dagrun for gsc_to_bq to 2023-06-05T00:00:00+00:00, run_after=2023-06-06T00:00:00+00:00
[2023-06-06T21:45:38.232+0000] {processor.py:175} INFO - Processing /opt/airflow/dags/gcs_to_bq.py took 0.350 seconds
[2023-06-06T21:46:08.613+0000] {processor.py:153} INFO - Started process (PID=2108) to work on /opt/airflow/dags/gcs_to_bq.py
[2023-06-06T21:46:08.614+0000] {processor.py:743} INFO - Processing file /opt/airflow/dags/gcs_to_bq.py for tasks to queue
[2023-06-06T21:46:08.616+0000] {logging_mixin.py:137} INFO - [2023-06-06T21:46:08.615+0000] {dagbag.py:538} INFO - Filling up the DagBag from /opt/airflow/dags/gcs_to_bq.py
[2023-06-06T21:46:08.980+0000] {processor.py:753} INFO - DAG(s) dict_keys(['gsc_to_bq']) retrieved from /opt/airflow/dags/gcs_to_bq.py
[2023-06-06T21:46:09.014+0000] {logging_mixin.py:137} INFO - [2023-06-06T21:46:09.013+0000] {dag.py:2690} INFO - Sync 1 DAGs
[2023-06-06T21:46:09.049+0000] {logging_mixin.py:137} INFO - [2023-06-06T21:46:09.048+0000] {dag.py:3441} INFO - Setting next_dagrun for gsc_to_bq to 2023-06-05T00:00:00+00:00, run_after=2023-06-06T00:00:00+00:00
[2023-06-06T21:46:09.077+0000] {processor.py:175} INFO - Processing /opt/airflow/dags/gcs_to_bq.py took 0.470 seconds
[2023-06-06T21:46:39.439+0000] {processor.py:153} INFO - Started process (PID=2144) to work on /opt/airflow/dags/gcs_to_bq.py
[2023-06-06T21:46:39.440+0000] {processor.py:743} INFO - Processing file /opt/airflow/dags/gcs_to_bq.py for tasks to queue
[2023-06-06T21:46:39.442+0000] {logging_mixin.py:137} INFO - [2023-06-06T21:46:39.441+0000] {dagbag.py:538} INFO - Filling up the DagBag from /opt/airflow/dags/gcs_to_bq.py
[2023-06-06T21:46:39.708+0000] {processor.py:753} INFO - DAG(s) dict_keys(['gsc_to_bq']) retrieved from /opt/airflow/dags/gcs_to_bq.py
[2023-06-06T21:46:39.744+0000] {logging_mixin.py:137} INFO - [2023-06-06T21:46:39.740+0000] {dag.py:2690} INFO - Sync 1 DAGs
[2023-06-06T21:46:39.773+0000] {logging_mixin.py:137} INFO - [2023-06-06T21:46:39.773+0000] {dag.py:3441} INFO - Setting next_dagrun for gsc_to_bq to 2023-06-05T00:00:00+00:00, run_after=2023-06-06T00:00:00+00:00
[2023-06-06T21:46:39.803+0000] {processor.py:175} INFO - Processing /opt/airflow/dags/gcs_to_bq.py took 0.368 seconds
[2023-06-06T21:47:09.935+0000] {processor.py:153} INFO - Started process (PID=2180) to work on /opt/airflow/dags/gcs_to_bq.py
[2023-06-06T21:47:09.937+0000] {processor.py:743} INFO - Processing file /opt/airflow/dags/gcs_to_bq.py for tasks to queue
[2023-06-06T21:47:09.938+0000] {logging_mixin.py:137} INFO - [2023-06-06T21:47:09.938+0000] {dagbag.py:538} INFO - Filling up the DagBag from /opt/airflow/dags/gcs_to_bq.py
[2023-06-06T21:47:10.141+0000] {processor.py:753} INFO - DAG(s) dict_keys(['gsc_to_bq']) retrieved from /opt/airflow/dags/gcs_to_bq.py
[2023-06-06T21:47:10.167+0000] {logging_mixin.py:137} INFO - [2023-06-06T21:47:10.166+0000] {dag.py:2690} INFO - Sync 1 DAGs
[2023-06-06T21:47:10.195+0000] {logging_mixin.py:137} INFO - [2023-06-06T21:47:10.195+0000] {dag.py:3441} INFO - Setting next_dagrun for gsc_to_bq to 2023-06-05T00:00:00+00:00, run_after=2023-06-06T00:00:00+00:00
[2023-06-06T21:47:10.225+0000] {processor.py:175} INFO - Processing /opt/airflow/dags/gcs_to_bq.py took 0.295 seconds
[2023-06-06T21:47:40.643+0000] {processor.py:153} INFO - Started process (PID=2233) to work on /opt/airflow/dags/gcs_to_bq.py
[2023-06-06T21:47:40.644+0000] {processor.py:743} INFO - Processing file /opt/airflow/dags/gcs_to_bq.py for tasks to queue
[2023-06-06T21:47:40.645+0000] {logging_mixin.py:137} INFO - [2023-06-06T21:47:40.645+0000] {dagbag.py:538} INFO - Filling up the DagBag from /opt/airflow/dags/gcs_to_bq.py
[2023-06-06T21:47:40.999+0000] {processor.py:753} INFO - DAG(s) dict_keys(['gsc_to_bq']) retrieved from /opt/airflow/dags/gcs_to_bq.py
[2023-06-06T21:47:41.043+0000] {logging_mixin.py:137} INFO - [2023-06-06T21:47:41.043+0000] {dag.py:2690} INFO - Sync 1 DAGs
[2023-06-06T21:47:41.088+0000] {logging_mixin.py:137} INFO - [2023-06-06T21:47:41.088+0000] {dag.py:3441} INFO - Setting next_dagrun for gsc_to_bq to 2023-06-05T00:00:00+00:00, run_after=2023-06-06T00:00:00+00:00
[2023-06-06T21:47:41.122+0000] {processor.py:175} INFO - Processing /opt/airflow/dags/gcs_to_bq.py took 0.485 seconds
[2023-06-06T21:48:11.245+0000] {processor.py:153} INFO - Started process (PID=2269) to work on /opt/airflow/dags/gcs_to_bq.py
[2023-06-06T21:48:11.248+0000] {processor.py:743} INFO - Processing file /opt/airflow/dags/gcs_to_bq.py for tasks to queue
[2023-06-06T21:48:11.249+0000] {logging_mixin.py:137} INFO - [2023-06-06T21:48:11.249+0000] {dagbag.py:538} INFO - Filling up the DagBag from /opt/airflow/dags/gcs_to_bq.py
[2023-06-06T21:48:11.499+0000] {processor.py:753} INFO - DAG(s) dict_keys(['gsc_to_bq']) retrieved from /opt/airflow/dags/gcs_to_bq.py
[2023-06-06T21:48:11.532+0000] {logging_mixin.py:137} INFO - [2023-06-06T21:48:11.531+0000] {dag.py:2690} INFO - Sync 1 DAGs
[2023-06-06T21:48:11.559+0000] {logging_mixin.py:137} INFO - [2023-06-06T21:48:11.559+0000] {dag.py:3441} INFO - Setting next_dagrun for gsc_to_bq to 2023-06-05T00:00:00+00:00, run_after=2023-06-06T00:00:00+00:00
[2023-06-06T21:48:11.624+0000] {processor.py:175} INFO - Processing /opt/airflow/dags/gcs_to_bq.py took 0.384 seconds
[2023-06-06T21:48:41.900+0000] {processor.py:153} INFO - Started process (PID=2305) to work on /opt/airflow/dags/gcs_to_bq.py
[2023-06-06T21:48:41.903+0000] {processor.py:743} INFO - Processing file /opt/airflow/dags/gcs_to_bq.py for tasks to queue
[2023-06-06T21:48:41.904+0000] {logging_mixin.py:137} INFO - [2023-06-06T21:48:41.904+0000] {dagbag.py:538} INFO - Filling up the DagBag from /opt/airflow/dags/gcs_to_bq.py
[2023-06-06T21:48:42.115+0000] {processor.py:753} INFO - DAG(s) dict_keys(['gsc_to_bq']) retrieved from /opt/airflow/dags/gcs_to_bq.py
[2023-06-06T21:48:42.138+0000] {logging_mixin.py:137} INFO - [2023-06-06T21:48:42.138+0000] {dag.py:2690} INFO - Sync 1 DAGs
[2023-06-06T21:48:42.160+0000] {logging_mixin.py:137} INFO - [2023-06-06T21:48:42.160+0000] {dag.py:3441} INFO - Setting next_dagrun for gsc_to_bq to 2023-06-05T00:00:00+00:00, run_after=2023-06-06T00:00:00+00:00
[2023-06-06T21:48:42.185+0000] {processor.py:175} INFO - Processing /opt/airflow/dags/gcs_to_bq.py took 0.288 seconds
[2023-06-06T21:49:12.619+0000] {processor.py:153} INFO - Started process (PID=2358) to work on /opt/airflow/dags/gcs_to_bq.py
[2023-06-06T21:49:12.621+0000] {processor.py:743} INFO - Processing file /opt/airflow/dags/gcs_to_bq.py for tasks to queue
[2023-06-06T21:49:12.622+0000] {logging_mixin.py:137} INFO - [2023-06-06T21:49:12.622+0000] {dagbag.py:538} INFO - Filling up the DagBag from /opt/airflow/dags/gcs_to_bq.py
[2023-06-06T21:49:12.874+0000] {processor.py:753} INFO - DAG(s) dict_keys(['gsc_to_bq']) retrieved from /opt/airflow/dags/gcs_to_bq.py
[2023-06-06T21:49:12.903+0000] {logging_mixin.py:137} INFO - [2023-06-06T21:49:12.902+0000] {dag.py:2690} INFO - Sync 1 DAGs
[2023-06-06T21:49:12.931+0000] {logging_mixin.py:137} INFO - [2023-06-06T21:49:12.930+0000] {dag.py:3441} INFO - Setting next_dagrun for gsc_to_bq to 2023-06-05T00:00:00+00:00, run_after=2023-06-06T00:00:00+00:00
[2023-06-06T21:49:12.958+0000] {processor.py:175} INFO - Processing /opt/airflow/dags/gcs_to_bq.py took 0.343 seconds
[2023-06-06T21:49:43.299+0000] {processor.py:153} INFO - Started process (PID=2394) to work on /opt/airflow/dags/gcs_to_bq.py
[2023-06-06T21:49:43.300+0000] {processor.py:743} INFO - Processing file /opt/airflow/dags/gcs_to_bq.py for tasks to queue
[2023-06-06T21:49:43.302+0000] {logging_mixin.py:137} INFO - [2023-06-06T21:49:43.302+0000] {dagbag.py:538} INFO - Filling up the DagBag from /opt/airflow/dags/gcs_to_bq.py
[2023-06-06T21:49:43.584+0000] {processor.py:753} INFO - DAG(s) dict_keys(['gsc_to_bq']) retrieved from /opt/airflow/dags/gcs_to_bq.py
[2023-06-06T21:49:43.609+0000] {logging_mixin.py:137} INFO - [2023-06-06T21:49:43.608+0000] {dag.py:2690} INFO - Sync 1 DAGs
[2023-06-06T21:49:43.636+0000] {logging_mixin.py:137} INFO - [2023-06-06T21:49:43.636+0000] {dag.py:3441} INFO - Setting next_dagrun for gsc_to_bq to 2023-06-05T00:00:00+00:00, run_after=2023-06-06T00:00:00+00:00
[2023-06-06T21:49:43.661+0000] {processor.py:175} INFO - Processing /opt/airflow/dags/gcs_to_bq.py took 0.366 seconds
[2023-06-06T21:50:14.120+0000] {processor.py:153} INFO - Started process (PID=2447) to work on /opt/airflow/dags/gcs_to_bq.py
[2023-06-06T21:50:14.122+0000] {processor.py:743} INFO - Processing file /opt/airflow/dags/gcs_to_bq.py for tasks to queue
[2023-06-06T21:50:14.123+0000] {logging_mixin.py:137} INFO - [2023-06-06T21:50:14.123+0000] {dagbag.py:538} INFO - Filling up the DagBag from /opt/airflow/dags/gcs_to_bq.py
[2023-06-06T21:50:14.428+0000] {processor.py:753} INFO - DAG(s) dict_keys(['gsc_to_bq']) retrieved from /opt/airflow/dags/gcs_to_bq.py
[2023-06-06T21:50:14.462+0000] {logging_mixin.py:137} INFO - [2023-06-06T21:50:14.462+0000] {dag.py:2690} INFO - Sync 1 DAGs
[2023-06-06T21:50:14.504+0000] {logging_mixin.py:137} INFO - [2023-06-06T21:50:14.503+0000] {dag.py:3441} INFO - Setting next_dagrun for gsc_to_bq to 2023-06-05T00:00:00+00:00, run_after=2023-06-06T00:00:00+00:00
[2023-06-06T21:50:14.547+0000] {processor.py:175} INFO - Processing /opt/airflow/dags/gcs_to_bq.py took 0.432 seconds
[2023-06-06T21:50:44.873+0000] {processor.py:153} INFO - Started process (PID=2483) to work on /opt/airflow/dags/gcs_to_bq.py
[2023-06-06T21:50:44.874+0000] {processor.py:743} INFO - Processing file /opt/airflow/dags/gcs_to_bq.py for tasks to queue
[2023-06-06T21:50:44.876+0000] {logging_mixin.py:137} INFO - [2023-06-06T21:50:44.876+0000] {dagbag.py:538} INFO - Filling up the DagBag from /opt/airflow/dags/gcs_to_bq.py
[2023-06-06T21:50:45.304+0000] {processor.py:753} INFO - DAG(s) dict_keys(['gsc_to_bq']) retrieved from /opt/airflow/dags/gcs_to_bq.py
[2023-06-06T21:50:45.343+0000] {logging_mixin.py:137} INFO - [2023-06-06T21:50:45.343+0000] {dag.py:2690} INFO - Sync 1 DAGs
[2023-06-06T21:50:45.382+0000] {logging_mixin.py:137} INFO - [2023-06-06T21:50:45.381+0000] {dag.py:3441} INFO - Setting next_dagrun for gsc_to_bq to 2023-06-05T00:00:00+00:00, run_after=2023-06-06T00:00:00+00:00
[2023-06-06T21:50:45.419+0000] {processor.py:175} INFO - Processing /opt/airflow/dags/gcs_to_bq.py took 0.552 seconds
[2023-06-06T21:51:16.247+0000] {processor.py:153} INFO - Started process (PID=2519) to work on /opt/airflow/dags/gcs_to_bq.py
[2023-06-06T21:51:16.248+0000] {processor.py:743} INFO - Processing file /opt/airflow/dags/gcs_to_bq.py for tasks to queue
[2023-06-06T21:51:16.250+0000] {logging_mixin.py:137} INFO - [2023-06-06T21:51:16.249+0000] {dagbag.py:538} INFO - Filling up the DagBag from /opt/airflow/dags/gcs_to_bq.py
[2023-06-06T21:51:16.514+0000] {processor.py:753} INFO - DAG(s) dict_keys(['gsc_to_bq']) retrieved from /opt/airflow/dags/gcs_to_bq.py
[2023-06-06T21:51:16.540+0000] {logging_mixin.py:137} INFO - [2023-06-06T21:51:16.540+0000] {dag.py:2690} INFO - Sync 1 DAGs
[2023-06-06T21:51:16.568+0000] {logging_mixin.py:137} INFO - [2023-06-06T21:51:16.568+0000] {dag.py:3441} INFO - Setting next_dagrun for gsc_to_bq to 2023-06-05T00:00:00+00:00, run_after=2023-06-06T00:00:00+00:00
[2023-06-06T21:51:16.592+0000] {processor.py:175} INFO - Processing /opt/airflow/dags/gcs_to_bq.py took 0.350 seconds
[2023-06-06T21:51:46.764+0000] {processor.py:153} INFO - Started process (PID=2571) to work on /opt/airflow/dags/gcs_to_bq.py
[2023-06-06T21:51:46.769+0000] {processor.py:743} INFO - Processing file /opt/airflow/dags/gcs_to_bq.py for tasks to queue
[2023-06-06T21:51:46.770+0000] {logging_mixin.py:137} INFO - [2023-06-06T21:51:46.770+0000] {dagbag.py:538} INFO - Filling up the DagBag from /opt/airflow/dags/gcs_to_bq.py
[2023-06-06T21:51:47.242+0000] {processor.py:753} INFO - DAG(s) dict_keys(['gsc_to_bq']) retrieved from /opt/airflow/dags/gcs_to_bq.py
[2023-06-06T21:51:47.345+0000] {logging_mixin.py:137} INFO - [2023-06-06T21:51:47.343+0000] {dag.py:2690} INFO - Sync 1 DAGs
[2023-06-06T21:51:47.392+0000] {logging_mixin.py:137} INFO - [2023-06-06T21:51:47.391+0000] {dag.py:3441} INFO - Setting next_dagrun for gsc_to_bq to 2023-06-05T00:00:00+00:00, run_after=2023-06-06T00:00:00+00:00
[2023-06-06T21:51:47.438+0000] {processor.py:175} INFO - Processing /opt/airflow/dags/gcs_to_bq.py took 0.680 seconds
[2023-06-06T21:52:17.917+0000] {processor.py:153} INFO - Started process (PID=2605) to work on /opt/airflow/dags/gcs_to_bq.py
[2023-06-06T21:52:17.918+0000] {processor.py:743} INFO - Processing file /opt/airflow/dags/gcs_to_bq.py for tasks to queue
[2023-06-06T21:52:17.919+0000] {logging_mixin.py:137} INFO - [2023-06-06T21:52:17.919+0000] {dagbag.py:538} INFO - Filling up the DagBag from /opt/airflow/dags/gcs_to_bq.py
[2023-06-06T21:52:18.174+0000] {processor.py:753} INFO - DAG(s) dict_keys(['gsc_to_bq']) retrieved from /opt/airflow/dags/gcs_to_bq.py
[2023-06-06T21:52:18.205+0000] {logging_mixin.py:137} INFO - [2023-06-06T21:52:18.204+0000] {dag.py:2690} INFO - Sync 1 DAGs
[2023-06-06T21:52:18.238+0000] {logging_mixin.py:137} INFO - [2023-06-06T21:52:18.237+0000] {dag.py:3441} INFO - Setting next_dagrun for gsc_to_bq to 2023-06-05T00:00:00+00:00, run_after=2023-06-06T00:00:00+00:00
[2023-06-06T21:52:18.270+0000] {processor.py:175} INFO - Processing /opt/airflow/dags/gcs_to_bq.py took 0.359 seconds
[2023-06-06T21:52:48.531+0000] {processor.py:153} INFO - Started process (PID=2641) to work on /opt/airflow/dags/gcs_to_bq.py
[2023-06-06T21:52:48.532+0000] {processor.py:743} INFO - Processing file /opt/airflow/dags/gcs_to_bq.py for tasks to queue
[2023-06-06T21:52:48.533+0000] {logging_mixin.py:137} INFO - [2023-06-06T21:52:48.533+0000] {dagbag.py:538} INFO - Filling up the DagBag from /opt/airflow/dags/gcs_to_bq.py
[2023-06-06T21:52:48.735+0000] {processor.py:753} INFO - DAG(s) dict_keys(['gsc_to_bq']) retrieved from /opt/airflow/dags/gcs_to_bq.py
[2023-06-06T21:52:48.758+0000] {logging_mixin.py:137} INFO - [2023-06-06T21:52:48.757+0000] {dag.py:2690} INFO - Sync 1 DAGs
[2023-06-06T21:52:48.785+0000] {logging_mixin.py:137} INFO - [2023-06-06T21:52:48.785+0000] {dag.py:3441} INFO - Setting next_dagrun for gsc_to_bq to 2023-06-05T00:00:00+00:00, run_after=2023-06-06T00:00:00+00:00
[2023-06-06T21:52:48.803+0000] {processor.py:175} INFO - Processing /opt/airflow/dags/gcs_to_bq.py took 0.276 seconds
[2023-06-06T21:53:18.960+0000] {processor.py:153} INFO - Started process (PID=2692) to work on /opt/airflow/dags/gcs_to_bq.py
[2023-06-06T21:53:18.961+0000] {processor.py:743} INFO - Processing file /opt/airflow/dags/gcs_to_bq.py for tasks to queue
[2023-06-06T21:53:18.962+0000] {logging_mixin.py:137} INFO - [2023-06-06T21:53:18.962+0000] {dagbag.py:538} INFO - Filling up the DagBag from /opt/airflow/dags/gcs_to_bq.py
[2023-06-06T21:53:19.303+0000] {processor.py:753} INFO - DAG(s) dict_keys(['gsc_to_bq']) retrieved from /opt/airflow/dags/gcs_to_bq.py
[2023-06-06T21:53:19.350+0000] {logging_mixin.py:137} INFO - [2023-06-06T21:53:19.349+0000] {dag.py:2690} INFO - Sync 1 DAGs
[2023-06-06T21:53:19.404+0000] {logging_mixin.py:137} INFO - [2023-06-06T21:53:19.403+0000] {dag.py:3441} INFO - Setting next_dagrun for gsc_to_bq to 2023-06-05T00:00:00+00:00, run_after=2023-06-06T00:00:00+00:00
[2023-06-06T21:53:19.435+0000] {processor.py:175} INFO - Processing /opt/airflow/dags/gcs_to_bq.py took 0.482 seconds
[2023-06-06T21:53:50.036+0000] {processor.py:153} INFO - Started process (PID=2728) to work on /opt/airflow/dags/gcs_to_bq.py
[2023-06-06T21:53:50.038+0000] {processor.py:743} INFO - Processing file /opt/airflow/dags/gcs_to_bq.py for tasks to queue
[2023-06-06T21:53:50.039+0000] {logging_mixin.py:137} INFO - [2023-06-06T21:53:50.039+0000] {dagbag.py:538} INFO - Filling up the DagBag from /opt/airflow/dags/gcs_to_bq.py
[2023-06-06T21:53:50.280+0000] {processor.py:753} INFO - DAG(s) dict_keys(['gsc_to_bq']) retrieved from /opt/airflow/dags/gcs_to_bq.py
[2023-06-06T21:53:50.305+0000] {logging_mixin.py:137} INFO - [2023-06-06T21:53:50.304+0000] {dag.py:2690} INFO - Sync 1 DAGs
[2023-06-06T21:53:50.333+0000] {logging_mixin.py:137} INFO - [2023-06-06T21:53:50.333+0000] {dag.py:3441} INFO - Setting next_dagrun for gsc_to_bq to 2023-06-05T00:00:00+00:00, run_after=2023-06-06T00:00:00+00:00
[2023-06-06T21:53:50.355+0000] {processor.py:175} INFO - Processing /opt/airflow/dags/gcs_to_bq.py took 0.324 seconds
[2023-06-06T21:54:21.062+0000] {processor.py:153} INFO - Started process (PID=2765) to work on /opt/airflow/dags/gcs_to_bq.py
[2023-06-06T21:54:21.068+0000] {processor.py:743} INFO - Processing file /opt/airflow/dags/gcs_to_bq.py for tasks to queue
[2023-06-06T21:54:21.075+0000] {logging_mixin.py:137} INFO - [2023-06-06T21:54:21.074+0000] {dagbag.py:538} INFO - Filling up the DagBag from /opt/airflow/dags/gcs_to_bq.py
[2023-06-06T21:54:22.341+0000] {processor.py:753} INFO - DAG(s) dict_keys(['gsc_to_bq']) retrieved from /opt/airflow/dags/gcs_to_bq.py
[2023-06-06T21:54:22.435+0000] {logging_mixin.py:137} INFO - [2023-06-06T21:54:22.434+0000] {dag.py:2690} INFO - Sync 1 DAGs
[2023-06-06T21:54:22.536+0000] {logging_mixin.py:137} INFO - [2023-06-06T21:54:22.536+0000] {dag.py:3441} INFO - Setting next_dagrun for gsc_to_bq to 2023-06-05T00:00:00+00:00, run_after=2023-06-06T00:00:00+00:00
[2023-06-06T21:54:22.632+0000] {processor.py:175} INFO - Processing /opt/airflow/dags/gcs_to_bq.py took 1.576 seconds
[2023-06-06T21:54:53.531+0000] {processor.py:153} INFO - Started process (PID=2785) to work on /opt/airflow/dags/gcs_to_bq.py
[2023-06-06T21:54:53.533+0000] {processor.py:743} INFO - Processing file /opt/airflow/dags/gcs_to_bq.py for tasks to queue
[2023-06-06T21:54:53.538+0000] {logging_mixin.py:137} INFO - [2023-06-06T21:54:53.535+0000] {dagbag.py:538} INFO - Filling up the DagBag from /opt/airflow/dags/gcs_to_bq.py
[2023-06-06T21:54:54.290+0000] {processor.py:753} INFO - DAG(s) dict_keys(['gsc_to_bq']) retrieved from /opt/airflow/dags/gcs_to_bq.py
[2023-06-06T21:54:54.409+0000] {logging_mixin.py:137} INFO - [2023-06-06T21:54:54.408+0000] {dag.py:2690} INFO - Sync 1 DAGs
[2023-06-06T21:54:54.515+0000] {logging_mixin.py:137} INFO - [2023-06-06T21:54:54.515+0000] {dag.py:3441} INFO - Setting next_dagrun for gsc_to_bq to 2023-06-05T00:00:00+00:00, run_after=2023-06-06T00:00:00+00:00
[2023-06-06T21:54:54.611+0000] {processor.py:175} INFO - Processing /opt/airflow/dags/gcs_to_bq.py took 1.088 seconds
[2023-06-06T21:55:24.921+0000] {processor.py:153} INFO - Started process (PID=2821) to work on /opt/airflow/dags/gcs_to_bq.py
[2023-06-06T21:55:24.923+0000] {processor.py:743} INFO - Processing file /opt/airflow/dags/gcs_to_bq.py for tasks to queue
[2023-06-06T21:55:24.927+0000] {logging_mixin.py:137} INFO - [2023-06-06T21:55:24.924+0000] {dagbag.py:538} INFO - Filling up the DagBag from /opt/airflow/dags/gcs_to_bq.py
[2023-06-06T21:55:25.591+0000] {processor.py:753} INFO - DAG(s) dict_keys(['gsc_to_bq']) retrieved from /opt/airflow/dags/gcs_to_bq.py
[2023-06-06T21:55:25.647+0000] {logging_mixin.py:137} INFO - [2023-06-06T21:55:25.646+0000] {dag.py:2690} INFO - Sync 1 DAGs
[2023-06-06T21:55:25.757+0000] {logging_mixin.py:137} INFO - [2023-06-06T21:55:25.757+0000] {dag.py:3441} INFO - Setting next_dagrun for gsc_to_bq to 2023-06-05T00:00:00+00:00, run_after=2023-06-06T00:00:00+00:00
[2023-06-06T21:55:25.892+0000] {processor.py:175} INFO - Processing /opt/airflow/dags/gcs_to_bq.py took 0.978 seconds
[2023-06-06T21:55:56.698+0000] {processor.py:153} INFO - Started process (PID=2857) to work on /opt/airflow/dags/gcs_to_bq.py
[2023-06-06T21:55:56.701+0000] {processor.py:743} INFO - Processing file /opt/airflow/dags/gcs_to_bq.py for tasks to queue
[2023-06-06T21:55:56.703+0000] {logging_mixin.py:137} INFO - [2023-06-06T21:55:56.703+0000] {dagbag.py:538} INFO - Filling up the DagBag from /opt/airflow/dags/gcs_to_bq.py
[2023-06-06T21:55:57.576+0000] {processor.py:753} INFO - DAG(s) dict_keys(['gsc_to_bq']) retrieved from /opt/airflow/dags/gcs_to_bq.py
[2023-06-06T21:55:57.656+0000] {logging_mixin.py:137} INFO - [2023-06-06T21:55:57.654+0000] {dag.py:2690} INFO - Sync 1 DAGs
[2023-06-06T21:55:57.753+0000] {logging_mixin.py:137} INFO - [2023-06-06T21:55:57.753+0000] {dag.py:3441} INFO - Setting next_dagrun for gsc_to_bq to 2023-06-05T00:00:00+00:00, run_after=2023-06-06T00:00:00+00:00
[2023-06-06T21:55:57.842+0000] {processor.py:175} INFO - Processing /opt/airflow/dags/gcs_to_bq.py took 1.159 seconds
[2023-06-06T21:56:28.230+0000] {processor.py:153} INFO - Started process (PID=2876) to work on /opt/airflow/dags/gcs_to_bq.py
[2023-06-06T21:56:28.234+0000] {processor.py:743} INFO - Processing file /opt/airflow/dags/gcs_to_bq.py for tasks to queue
[2023-06-06T21:56:28.236+0000] {logging_mixin.py:137} INFO - [2023-06-06T21:56:28.236+0000] {dagbag.py:538} INFO - Filling up the DagBag from /opt/airflow/dags/gcs_to_bq.py
[2023-06-06T21:56:28.949+0000] {processor.py:753} INFO - DAG(s) dict_keys(['gsc_to_bq']) retrieved from /opt/airflow/dags/gcs_to_bq.py
[2023-06-06T21:56:29.013+0000] {logging_mixin.py:137} INFO - [2023-06-06T21:56:29.013+0000] {dag.py:2690} INFO - Sync 1 DAGs
[2023-06-06T21:56:29.083+0000] {logging_mixin.py:137} INFO - [2023-06-06T21:56:29.083+0000] {dag.py:3441} INFO - Setting next_dagrun for gsc_to_bq to 2023-06-05T00:00:00+00:00, run_after=2023-06-06T00:00:00+00:00
[2023-06-06T21:56:29.157+0000] {processor.py:175} INFO - Processing /opt/airflow/dags/gcs_to_bq.py took 0.933 seconds
