[2023-05-04T00:00:10.095+0000] {taskinstance.py:1083} INFO - Dependencies all met for <TaskInstance: gsc_to_bq.copy_files_dataLake_To_bucket_raw scheduled__2023-05-03T00:00:00+00:00 [queued]>
[2023-05-04T00:00:10.115+0000] {taskinstance.py:1083} INFO - Dependencies all met for <TaskInstance: gsc_to_bq.copy_files_dataLake_To_bucket_raw scheduled__2023-05-03T00:00:00+00:00 [queued]>
[2023-05-04T00:00:10.115+0000] {taskinstance.py:1279} INFO - 
--------------------------------------------------------------------------------
[2023-05-04T00:00:10.116+0000] {taskinstance.py:1280} INFO - Starting attempt 1 of 2
[2023-05-04T00:00:10.117+0000] {taskinstance.py:1281} INFO - 
--------------------------------------------------------------------------------
[2023-05-04T00:00:10.138+0000] {taskinstance.py:1300} INFO - Executing <Task(GCSToGCSOperator): copy_files_dataLake_To_bucket_raw> on 2023-05-03 00:00:00+00:00
[2023-05-04T00:00:10.144+0000] {standard_task_runner.py:55} INFO - Started process 7737 to run task
[2023-05-04T00:00:10.150+0000] {standard_task_runner.py:82} INFO - Running: ['***', 'tasks', 'run', 'gsc_to_bq', 'copy_files_dataLake_To_bucket_raw', 'scheduled__2023-05-03T00:00:00+00:00', '--job-id', '725', '--raw', '--subdir', 'DAGS_FOLDER/gcs_to_bq.py', '--cfg-path', '/tmp/tmp61hwl27t']
[2023-05-04T00:00:10.153+0000] {standard_task_runner.py:83} INFO - Job 725: Subtask copy_files_dataLake_To_bucket_raw
[2023-05-04T00:00:10.278+0000] {task_command.py:388} INFO - Running <TaskInstance: gsc_to_bq.copy_files_dataLake_To_bucket_raw scheduled__2023-05-03T00:00:00+00:00 [running]> on host 23a1495f3fb6
[2023-05-04T00:00:10.492+0000] {taskinstance.py:1509} INFO - Exporting the following env vars:
AIRFLOW_CTX_DAG_OWNER=Junior Lafuente
AIRFLOW_CTX_DAG_ID=gsc_to_bq
AIRFLOW_CTX_TASK_ID=copy_files_dataLake_To_bucket_raw
AIRFLOW_CTX_EXECUTION_DATE=2023-05-03T00:00:00+00:00
AIRFLOW_CTX_TRY_NUMBER=1
AIRFLOW_CTX_DAG_RUN_ID=scheduled__2023-05-03T00:00:00+00:00
[2023-05-04T00:00:10.513+0000] {base.py:73} INFO - Using connection ID 'gcp' for task execution.
[2023-05-04T00:00:10.525+0000] {gcs_to_gcs.py:403} INFO - Delimiter ignored because wildcard is in prefix
[2023-05-04T00:00:11.642+0000] {taskinstance.py:1323} INFO - Marking task as SUCCESS. dag_id=gsc_to_bq, task_id=copy_files_dataLake_To_bucket_raw, execution_date=20230503T000000, start_date=20230504T000010, end_date=20230504T000011
[2023-05-04T00:00:11.720+0000] {local_task_job.py:208} INFO - Task exited with return code 0
[2023-05-04T00:00:11.770+0000] {taskinstance.py:2578} INFO - 1 downstream tasks scheduled from follow-on schedule check
