[2023-04-28T22:36:51.076+0000] {taskinstance.py:1083} INFO - Dependencies all met for <TaskInstance: gsc_to_bq.copy_files_dataLake_To_bucket_raw scheduled__2023-04-27T00:00:00+00:00 [queued]>
[2023-04-28T22:36:51.111+0000] {taskinstance.py:1083} INFO - Dependencies all met for <TaskInstance: gsc_to_bq.copy_files_dataLake_To_bucket_raw scheduled__2023-04-27T00:00:00+00:00 [queued]>
[2023-04-28T22:36:51.114+0000] {taskinstance.py:1279} INFO - 
--------------------------------------------------------------------------------
[2023-04-28T22:36:51.115+0000] {taskinstance.py:1280} INFO - Starting attempt 1 of 2
[2023-04-28T22:36:51.116+0000] {taskinstance.py:1281} INFO - 
--------------------------------------------------------------------------------
[2023-04-28T22:36:51.159+0000] {taskinstance.py:1300} INFO - Executing <Task(GCSSynchronizeBucketsOperator): copy_files_dataLake_To_bucket_raw> on 2023-04-27 00:00:00+00:00
[2023-04-28T22:36:51.170+0000] {standard_task_runner.py:55} INFO - Started process 1420 to run task
[2023-04-28T22:36:51.177+0000] {standard_task_runner.py:82} INFO - Running: ['***', 'tasks', 'run', 'gsc_to_bq', 'copy_files_dataLake_To_bucket_raw', 'scheduled__2023-04-27T00:00:00+00:00', '--job-id', '470', '--raw', '--subdir', 'DAGS_FOLDER/gcs_to_bq.py', '--cfg-path', '/tmp/tmprrynushb']
[2023-04-28T22:36:51.181+0000] {standard_task_runner.py:83} INFO - Job 470: Subtask copy_files_dataLake_To_bucket_raw
[2023-04-28T22:36:51.277+0000] {task_command.py:388} INFO - Running <TaskInstance: gsc_to_bq.copy_files_dataLake_To_bucket_raw scheduled__2023-04-27T00:00:00+00:00 [running]> on host 32f6cac2461e
[2023-04-28T22:36:51.398+0000] {taskinstance.py:1509} INFO - Exporting the following env vars:
AIRFLOW_CTX_DAG_OWNER=Junior Lafuente
AIRFLOW_CTX_DAG_ID=gsc_to_bq
AIRFLOW_CTX_TASK_ID=copy_files_dataLake_To_bucket_raw
AIRFLOW_CTX_EXECUTION_DATE=2023-04-27T00:00:00+00:00
AIRFLOW_CTX_TRY_NUMBER=1
AIRFLOW_CTX_DAG_RUN_ID=scheduled__2023-04-27T00:00:00+00:00
[2023-04-28T22:36:51.414+0000] {base.py:73} INFO - Using connection ID 'gcp' for task execution.
[2023-04-28T22:36:52.666+0000] {gcs.py:1059} INFO - Planned synchronization. To delete blobs count: 0, to upload blobs count: 1, to rewrite blobs count: 0
[2023-04-28T22:36:53.078+0000] {gcs.py:207} INFO - Object input/Base_Unificada__resultado.csv in bucket datalake_jr copied to object input/Base_Unificada__resultado.csv in bucket bucket_raw_jr
[2023-04-28T22:36:53.079+0000] {gcs.py:1076} INFO - Blobs copied.
[2023-04-28T22:36:53.079+0000] {gcs.py:1079} INFO - Skipped blobs deleting.
[2023-04-28T22:36:53.080+0000] {gcs.py:1088} INFO - Skipped blobs overwriting.
[2023-04-28T22:36:53.080+0000] {gcs.py:1102} INFO - Synchronization finished.
[2023-04-28T22:36:53.097+0000] {taskinstance.py:1323} INFO - Marking task as SUCCESS. dag_id=gsc_to_bq, task_id=copy_files_dataLake_To_bucket_raw, execution_date=20230427T000000, start_date=20230428T223651, end_date=20230428T223653
[2023-04-28T22:36:53.155+0000] {local_task_job.py:208} INFO - Task exited with return code 0
[2023-04-28T22:36:53.200+0000] {taskinstance.py:2578} INFO - 1 downstream tasks scheduled from follow-on schedule check
