[2023-05-01T02:31:40.548+0000] {taskinstance.py:1083} INFO - Dependencies all met for <TaskInstance: create_infra.create_bucket_raw scheduled__2023-04-30T00:00:00+00:00 [queued]>
[2023-05-01T02:31:40.562+0000] {taskinstance.py:1083} INFO - Dependencies all met for <TaskInstance: create_infra.create_bucket_raw scheduled__2023-04-30T00:00:00+00:00 [queued]>
[2023-05-01T02:31:40.563+0000] {taskinstance.py:1279} INFO - 
--------------------------------------------------------------------------------
[2023-05-01T02:31:40.564+0000] {taskinstance.py:1280} INFO - Starting attempt 9 of 10
[2023-05-01T02:31:40.565+0000] {taskinstance.py:1281} INFO - 
--------------------------------------------------------------------------------
[2023-05-01T02:31:40.585+0000] {taskinstance.py:1300} INFO - Executing <Task(GCSCreateBucketOperator): create_bucket_raw> on 2023-04-30 00:00:00+00:00
[2023-05-01T02:31:40.617+0000] {standard_task_runner.py:55} INFO - Started process 640 to run task
[2023-05-01T02:31:40.623+0000] {standard_task_runner.py:82} INFO - Running: ['***', 'tasks', 'run', 'create_infra', 'create_bucket_raw', 'scheduled__2023-04-30T00:00:00+00:00', '--job-id', '557', '--raw', '--subdir', 'DAGS_FOLDER/create_infra.py', '--cfg-path', '/tmp/tmpt44vzjqx']
[2023-05-01T02:31:40.626+0000] {standard_task_runner.py:83} INFO - Job 557: Subtask create_bucket_raw
[2023-05-01T02:31:40.709+0000] {task_command.py:388} INFO - Running <TaskInstance: create_infra.create_bucket_raw scheduled__2023-04-30T00:00:00+00:00 [running]> on host da959356c36a
[2023-05-01T02:31:40.804+0000] {taskinstance.py:1509} INFO - Exporting the following env vars:
AIRFLOW_CTX_DAG_OWNER=Junior Lafuente
AIRFLOW_CTX_DAG_ID=create_infra
AIRFLOW_CTX_TASK_ID=create_bucket_raw
AIRFLOW_CTX_EXECUTION_DATE=2023-04-30T00:00:00+00:00
AIRFLOW_CTX_TRY_NUMBER=9
AIRFLOW_CTX_DAG_RUN_ID=scheduled__2023-04-30T00:00:00+00:00
[2023-05-01T02:31:40.814+0000] {base.py:73} INFO - Using connection ID 'gcp' for task execution.
[2023-05-01T02:31:40.836+0000] {gcs.py:880} INFO - Creating Bucket: bucket_raw_jr; Location: us-central1; Storage Class: STANDARD
[2023-05-01T02:31:42.228+0000] {gcs.py:161} WARNING - Bucket bucket_raw_jr already exists
[2023-05-01T02:31:42.245+0000] {taskinstance.py:1323} INFO - Marking task as SUCCESS. dag_id=create_infra, task_id=create_bucket_raw, execution_date=20230430T000000, start_date=20230501T023140, end_date=20230501T023142
[2023-05-01T02:31:42.284+0000] {local_task_job.py:208} INFO - Task exited with return code 0
[2023-05-01T02:31:42.312+0000] {taskinstance.py:2578} INFO - 1 downstream tasks scheduled from follow-on schedule check
