[2023-05-01T02:33:09.173+0000] {taskinstance.py:1083} INFO - Dependencies all met for <TaskInstance: create_infra.create_bucket_raw scheduled__2023-04-30T00:00:00+00:00 [queued]>
[2023-05-01T02:33:09.184+0000] {taskinstance.py:1083} INFO - Dependencies all met for <TaskInstance: create_infra.create_bucket_raw scheduled__2023-04-30T00:00:00+00:00 [queued]>
[2023-05-01T02:33:09.185+0000] {taskinstance.py:1279} INFO - 
--------------------------------------------------------------------------------
[2023-05-01T02:33:09.186+0000] {taskinstance.py:1280} INFO - Starting attempt 10 of 11
[2023-05-01T02:33:09.187+0000] {taskinstance.py:1281} INFO - 
--------------------------------------------------------------------------------
[2023-05-01T02:33:09.203+0000] {taskinstance.py:1300} INFO - Executing <Task(GCSCreateBucketOperator): create_bucket_raw> on 2023-04-30 00:00:00+00:00
[2023-05-01T02:33:09.212+0000] {standard_task_runner.py:55} INFO - Started process 763 to run task
[2023-05-01T02:33:09.215+0000] {standard_task_runner.py:82} INFO - Running: ['***', 'tasks', 'run', 'create_infra', 'create_bucket_raw', 'scheduled__2023-04-30T00:00:00+00:00', '--job-id', '561', '--raw', '--subdir', 'DAGS_FOLDER/create_infra.py', '--cfg-path', '/tmp/tmparfpptfq']
[2023-05-01T02:33:09.218+0000] {standard_task_runner.py:83} INFO - Job 561: Subtask create_bucket_raw
[2023-05-01T02:33:09.290+0000] {task_command.py:388} INFO - Running <TaskInstance: create_infra.create_bucket_raw scheduled__2023-04-30T00:00:00+00:00 [running]> on host da959356c36a
[2023-05-01T02:33:09.461+0000] {taskinstance.py:1509} INFO - Exporting the following env vars:
AIRFLOW_CTX_DAG_OWNER=Junior Lafuente
AIRFLOW_CTX_DAG_ID=create_infra
AIRFLOW_CTX_TASK_ID=create_bucket_raw
AIRFLOW_CTX_EXECUTION_DATE=2023-04-30T00:00:00+00:00
AIRFLOW_CTX_TRY_NUMBER=10
AIRFLOW_CTX_DAG_RUN_ID=scheduled__2023-04-30T00:00:00+00:00
[2023-05-01T02:33:09.473+0000] {base.py:73} INFO - Using connection ID 'gcp' for task execution.
[2023-05-01T02:33:09.496+0000] {gcs.py:880} INFO - Creating Bucket: bucket_raw_jr; Location: us-central1; Storage Class: STANDARD
[2023-05-01T02:33:11.222+0000] {gcs.py:161} WARNING - Bucket bucket_raw_jr already exists
[2023-05-01T02:33:11.232+0000] {taskinstance.py:1323} INFO - Marking task as SUCCESS. dag_id=create_infra, task_id=create_bucket_raw, execution_date=20230430T000000, start_date=20230501T023309, end_date=20230501T023311
[2023-05-01T02:33:11.277+0000] {local_task_job.py:208} INFO - Task exited with return code 0
[2023-05-01T02:33:11.380+0000] {taskinstance.py:2578} INFO - 1 downstream tasks scheduled from follow-on schedule check
