[2023-04-04T00:00:14.754+0000] {processor.py:153} INFO - Started process (PID=27723) to work on /opt/airflow/dags/dag_sql.py
[2023-04-04T00:00:14.756+0000] {processor.py:743} INFO - Processing file /opt/airflow/dags/dag_sql.py for tasks to queue
[2023-04-04T00:00:14.759+0000] {logging_mixin.py:137} INFO - [2023-04-04T00:00:14.758+0000] {dagbag.py:538} INFO - Filling up the DagBag from /opt/airflow/dags/dag_sql.py
[2023-04-04T00:00:14.957+0000] {processor.py:753} INFO - DAG(s) dict_keys(['dag_sql']) retrieved from /opt/airflow/dags/dag_sql.py
[2023-04-04T00:00:15.041+0000] {logging_mixin.py:137} INFO - [2023-04-04T00:00:15.040+0000] {dag.py:2690} INFO - Sync 1 DAGs
[2023-04-04T00:00:15.134+0000] {logging_mixin.py:137} INFO - [2023-04-04T00:00:15.133+0000] {dag.py:3441} INFO - Setting next_dagrun for dag_sql to 2023-04-03T22:30:00+00:00, run_after=2023-04-03T23:30:00+00:00
[2023-04-04T00:00:15.180+0000] {processor.py:175} INFO - Processing /opt/airflow/dags/dag_sql.py took 0.432 seconds
[2023-04-04T00:00:45.857+0000] {processor.py:153} INFO - Started process (PID=27764) to work on /opt/airflow/dags/dag_sql.py
[2023-04-04T00:00:45.859+0000] {processor.py:743} INFO - Processing file /opt/airflow/dags/dag_sql.py for tasks to queue
[2023-04-04T00:00:45.861+0000] {logging_mixin.py:137} INFO - [2023-04-04T00:00:45.860+0000] {dagbag.py:538} INFO - Filling up the DagBag from /opt/airflow/dags/dag_sql.py
[2023-04-04T00:00:46.048+0000] {processor.py:753} INFO - DAG(s) dict_keys(['dag_sql']) retrieved from /opt/airflow/dags/dag_sql.py
[2023-04-04T00:00:46.087+0000] {logging_mixin.py:137} INFO - [2023-04-04T00:00:46.087+0000] {dag.py:2690} INFO - Sync 1 DAGs
[2023-04-04T00:00:46.131+0000] {logging_mixin.py:137} INFO - [2023-04-04T00:00:46.130+0000] {dag.py:3441} INFO - Setting next_dagrun for dag_sql to 2023-04-03T22:30:00+00:00, run_after=2023-04-03T23:30:00+00:00
[2023-04-04T00:00:46.163+0000] {processor.py:175} INFO - Processing /opt/airflow/dags/dag_sql.py took 0.312 seconds
[2023-04-04T00:01:17.017+0000] {processor.py:153} INFO - Started process (PID=27792) to work on /opt/airflow/dags/dag_sql.py
[2023-04-04T00:01:17.019+0000] {processor.py:743} INFO - Processing file /opt/airflow/dags/dag_sql.py for tasks to queue
[2023-04-04T00:01:17.021+0000] {logging_mixin.py:137} INFO - [2023-04-04T00:01:17.021+0000] {dagbag.py:538} INFO - Filling up the DagBag from /opt/airflow/dags/dag_sql.py
[2023-04-04T00:01:17.273+0000] {processor.py:753} INFO - DAG(s) dict_keys(['dag_sql']) retrieved from /opt/airflow/dags/dag_sql.py
[2023-04-04T00:01:17.325+0000] {logging_mixin.py:137} INFO - [2023-04-04T00:01:17.324+0000] {dag.py:2690} INFO - Sync 1 DAGs
[2023-04-04T00:01:17.379+0000] {logging_mixin.py:137} INFO - [2023-04-04T00:01:17.379+0000] {dag.py:3441} INFO - Setting next_dagrun for dag_sql to 2023-04-03T22:30:00+00:00, run_after=2023-04-03T23:30:00+00:00
[2023-04-04T00:01:17.428+0000] {processor.py:175} INFO - Processing /opt/airflow/dags/dag_sql.py took 0.418 seconds
[2023-04-04T00:01:47.642+0000] {processor.py:153} INFO - Started process (PID=27833) to work on /opt/airflow/dags/dag_sql.py
[2023-04-04T00:01:47.643+0000] {processor.py:743} INFO - Processing file /opt/airflow/dags/dag_sql.py for tasks to queue
[2023-04-04T00:01:47.646+0000] {logging_mixin.py:137} INFO - [2023-04-04T00:01:47.645+0000] {dagbag.py:538} INFO - Filling up the DagBag from /opt/airflow/dags/dag_sql.py
[2023-04-04T00:01:47.852+0000] {processor.py:753} INFO - DAG(s) dict_keys(['dag_sql']) retrieved from /opt/airflow/dags/dag_sql.py
[2023-04-04T00:01:47.925+0000] {logging_mixin.py:137} INFO - [2023-04-04T00:01:47.925+0000] {dag.py:2690} INFO - Sync 1 DAGs
[2023-04-04T00:01:48.014+0000] {logging_mixin.py:137} INFO - [2023-04-04T00:01:48.014+0000] {dag.py:3441} INFO - Setting next_dagrun for dag_sql to 2023-04-03T22:30:00+00:00, run_after=2023-04-03T23:30:00+00:00
[2023-04-04T00:01:48.108+0000] {processor.py:175} INFO - Processing /opt/airflow/dags/dag_sql.py took 0.472 seconds
[2023-04-04T00:02:18.216+0000] {processor.py:153} INFO - Started process (PID=27861) to work on /opt/airflow/dags/dag_sql.py
[2023-04-04T00:02:18.218+0000] {processor.py:743} INFO - Processing file /opt/airflow/dags/dag_sql.py for tasks to queue
[2023-04-04T00:02:18.220+0000] {logging_mixin.py:137} INFO - [2023-04-04T00:02:18.220+0000] {dagbag.py:538} INFO - Filling up the DagBag from /opt/airflow/dags/dag_sql.py
[2023-04-04T00:02:18.390+0000] {processor.py:753} INFO - DAG(s) dict_keys(['dag_sql']) retrieved from /opt/airflow/dags/dag_sql.py
[2023-04-04T00:02:18.444+0000] {logging_mixin.py:137} INFO - [2023-04-04T00:02:18.443+0000] {dag.py:2690} INFO - Sync 1 DAGs
[2023-04-04T00:02:18.496+0000] {logging_mixin.py:137} INFO - [2023-04-04T00:02:18.496+0000] {dag.py:3441} INFO - Setting next_dagrun for dag_sql to 2023-04-03T22:30:00+00:00, run_after=2023-04-03T23:30:00+00:00
[2023-04-04T00:02:18.533+0000] {processor.py:175} INFO - Processing /opt/airflow/dags/dag_sql.py took 0.325 seconds
[2023-04-04T00:02:48.718+0000] {processor.py:153} INFO - Started process (PID=27903) to work on /opt/airflow/dags/dag_sql.py
[2023-04-04T00:02:48.720+0000] {processor.py:743} INFO - Processing file /opt/airflow/dags/dag_sql.py for tasks to queue
[2023-04-04T00:02:48.721+0000] {logging_mixin.py:137} INFO - [2023-04-04T00:02:48.721+0000] {dagbag.py:538} INFO - Filling up the DagBag from /opt/airflow/dags/dag_sql.py
[2023-04-04T00:02:48.887+0000] {processor.py:753} INFO - DAG(s) dict_keys(['dag_sql']) retrieved from /opt/airflow/dags/dag_sql.py
[2023-04-04T00:02:48.938+0000] {logging_mixin.py:137} INFO - [2023-04-04T00:02:48.938+0000] {dag.py:2690} INFO - Sync 1 DAGs
[2023-04-04T00:02:48.989+0000] {logging_mixin.py:137} INFO - [2023-04-04T00:02:48.988+0000] {dag.py:3441} INFO - Setting next_dagrun for dag_sql to 2023-04-03T22:30:00+00:00, run_after=2023-04-03T23:30:00+00:00
[2023-04-04T00:02:49.038+0000] {processor.py:175} INFO - Processing /opt/airflow/dags/dag_sql.py took 0.326 seconds
[2023-04-04T00:03:19.735+0000] {processor.py:153} INFO - Started process (PID=27947) to work on /opt/airflow/dags/dag_sql.py
[2023-04-04T00:03:19.737+0000] {processor.py:743} INFO - Processing file /opt/airflow/dags/dag_sql.py for tasks to queue
[2023-04-04T00:03:19.739+0000] {logging_mixin.py:137} INFO - [2023-04-04T00:03:19.739+0000] {dagbag.py:538} INFO - Filling up the DagBag from /opt/airflow/dags/dag_sql.py
[2023-04-04T00:03:19.953+0000] {processor.py:753} INFO - DAG(s) dict_keys(['dag_sql']) retrieved from /opt/airflow/dags/dag_sql.py
[2023-04-04T00:03:20.003+0000] {logging_mixin.py:137} INFO - [2023-04-04T00:03:20.002+0000] {dag.py:2690} INFO - Sync 1 DAGs
[2023-04-04T00:03:20.061+0000] {logging_mixin.py:137} INFO - [2023-04-04T00:03:20.061+0000] {dag.py:3441} INFO - Setting next_dagrun for dag_sql to 2023-04-03T22:30:00+00:00, run_after=2023-04-03T23:30:00+00:00
[2023-04-04T00:03:20.107+0000] {processor.py:175} INFO - Processing /opt/airflow/dags/dag_sql.py took 0.380 seconds
[2023-04-04T00:03:50.716+0000] {processor.py:153} INFO - Started process (PID=27982) to work on /opt/airflow/dags/dag_sql.py
[2023-04-04T00:03:50.718+0000] {processor.py:743} INFO - Processing file /opt/airflow/dags/dag_sql.py for tasks to queue
[2023-04-04T00:03:50.720+0000] {logging_mixin.py:137} INFO - [2023-04-04T00:03:50.719+0000] {dagbag.py:538} INFO - Filling up the DagBag from /opt/airflow/dags/dag_sql.py
[2023-04-04T00:03:50.875+0000] {processor.py:753} INFO - DAG(s) dict_keys(['dag_sql']) retrieved from /opt/airflow/dags/dag_sql.py
[2023-04-04T00:03:50.917+0000] {logging_mixin.py:137} INFO - [2023-04-04T00:03:50.916+0000] {dag.py:2690} INFO - Sync 1 DAGs
[2023-04-04T00:03:50.968+0000] {logging_mixin.py:137} INFO - [2023-04-04T00:03:50.968+0000] {dag.py:3441} INFO - Setting next_dagrun for dag_sql to 2023-04-03T22:30:00+00:00, run_after=2023-04-03T23:30:00+00:00
[2023-04-04T00:03:51.000+0000] {processor.py:175} INFO - Processing /opt/airflow/dags/dag_sql.py took 0.291 seconds
[2023-04-04T00:04:21.631+0000] {processor.py:153} INFO - Started process (PID=28017) to work on /opt/airflow/dags/dag_sql.py
[2023-04-04T00:04:21.635+0000] {processor.py:743} INFO - Processing file /opt/airflow/dags/dag_sql.py for tasks to queue
[2023-04-04T00:04:21.638+0000] {logging_mixin.py:137} INFO - [2023-04-04T00:04:21.637+0000] {dagbag.py:538} INFO - Filling up the DagBag from /opt/airflow/dags/dag_sql.py
[2023-04-04T00:04:21.853+0000] {processor.py:753} INFO - DAG(s) dict_keys(['dag_sql']) retrieved from /opt/airflow/dags/dag_sql.py
[2023-04-04T00:04:21.902+0000] {logging_mixin.py:137} INFO - [2023-04-04T00:04:21.902+0000] {dag.py:2690} INFO - Sync 1 DAGs
[2023-04-04T00:04:21.953+0000] {logging_mixin.py:137} INFO - [2023-04-04T00:04:21.953+0000] {dag.py:3441} INFO - Setting next_dagrun for dag_sql to 2023-04-03T22:30:00+00:00, run_after=2023-04-03T23:30:00+00:00
[2023-04-04T00:04:22.001+0000] {processor.py:175} INFO - Processing /opt/airflow/dags/dag_sql.py took 0.380 seconds
[2023-04-04T00:04:52.248+0000] {processor.py:153} INFO - Started process (PID=28052) to work on /opt/airflow/dags/dag_sql.py
[2023-04-04T00:04:52.252+0000] {processor.py:743} INFO - Processing file /opt/airflow/dags/dag_sql.py for tasks to queue
[2023-04-04T00:04:52.254+0000] {logging_mixin.py:137} INFO - [2023-04-04T00:04:52.254+0000] {dagbag.py:538} INFO - Filling up the DagBag from /opt/airflow/dags/dag_sql.py
[2023-04-04T00:04:52.434+0000] {processor.py:753} INFO - DAG(s) dict_keys(['dag_sql']) retrieved from /opt/airflow/dags/dag_sql.py
[2023-04-04T00:04:52.490+0000] {logging_mixin.py:137} INFO - [2023-04-04T00:04:52.490+0000] {dag.py:2690} INFO - Sync 1 DAGs
[2023-04-04T00:04:52.538+0000] {logging_mixin.py:137} INFO - [2023-04-04T00:04:52.538+0000] {dag.py:3441} INFO - Setting next_dagrun for dag_sql to 2023-04-03T22:30:00+00:00, run_after=2023-04-03T23:30:00+00:00
[2023-04-04T00:04:52.575+0000] {processor.py:175} INFO - Processing /opt/airflow/dags/dag_sql.py took 0.342 seconds
[2023-04-04T00:05:23.571+0000] {processor.py:153} INFO - Started process (PID=28086) to work on /opt/airflow/dags/dag_sql.py
[2023-04-04T00:05:23.579+0000] {processor.py:743} INFO - Processing file /opt/airflow/dags/dag_sql.py for tasks to queue
[2023-04-04T00:05:23.582+0000] {logging_mixin.py:137} INFO - [2023-04-04T00:05:23.582+0000] {dagbag.py:538} INFO - Filling up the DagBag from /opt/airflow/dags/dag_sql.py
[2023-04-04T00:05:24.272+0000] {processor.py:753} INFO - DAG(s) dict_keys(['dag_sql']) retrieved from /opt/airflow/dags/dag_sql.py
[2023-04-04T00:05:24.363+0000] {logging_mixin.py:137} INFO - [2023-04-04T00:05:24.363+0000] {dag.py:2690} INFO - Sync 1 DAGs
[2023-04-04T00:05:24.482+0000] {logging_mixin.py:137} INFO - [2023-04-04T00:05:24.481+0000] {dag.py:3441} INFO - Setting next_dagrun for dag_sql to 2023-04-03T22:30:00+00:00, run_after=2023-04-03T23:30:00+00:00
[2023-04-04T00:05:24.642+0000] {processor.py:175} INFO - Processing /opt/airflow/dags/dag_sql.py took 1.082 seconds
[2023-04-04T00:05:55.179+0000] {processor.py:153} INFO - Started process (PID=28113) to work on /opt/airflow/dags/dag_sql.py
[2023-04-04T00:05:55.192+0000] {processor.py:743} INFO - Processing file /opt/airflow/dags/dag_sql.py for tasks to queue
[2023-04-04T00:05:55.198+0000] {logging_mixin.py:137} INFO - [2023-04-04T00:05:55.197+0000] {dagbag.py:538} INFO - Filling up the DagBag from /opt/airflow/dags/dag_sql.py
[2023-04-04T00:05:55.577+0000] {processor.py:753} INFO - DAG(s) dict_keys(['dag_sql']) retrieved from /opt/airflow/dags/dag_sql.py
[2023-04-04T00:05:55.772+0000] {logging_mixin.py:137} INFO - [2023-04-04T00:05:55.771+0000] {dag.py:2690} INFO - Sync 1 DAGs
[2023-04-04T00:05:55.980+0000] {logging_mixin.py:137} INFO - [2023-04-04T00:05:55.980+0000] {dag.py:3441} INFO - Setting next_dagrun for dag_sql to 2023-04-03T22:30:00+00:00, run_after=2023-04-03T23:30:00+00:00
[2023-04-04T00:05:56.109+0000] {processor.py:175} INFO - Processing /opt/airflow/dags/dag_sql.py took 0.946 seconds
[2023-04-04T00:06:26.426+0000] {processor.py:153} INFO - Started process (PID=28138) to work on /opt/airflow/dags/dag_sql.py
[2023-04-04T00:06:26.429+0000] {processor.py:743} INFO - Processing file /opt/airflow/dags/dag_sql.py for tasks to queue
[2023-04-04T00:06:26.432+0000] {logging_mixin.py:137} INFO - [2023-04-04T00:06:26.431+0000] {dagbag.py:538} INFO - Filling up the DagBag from /opt/airflow/dags/dag_sql.py
[2023-04-04T00:06:26.635+0000] {processor.py:753} INFO - DAG(s) dict_keys(['dag_sql']) retrieved from /opt/airflow/dags/dag_sql.py
[2023-04-04T00:06:26.746+0000] {logging_mixin.py:137} INFO - [2023-04-04T00:06:26.745+0000] {dag.py:2690} INFO - Sync 1 DAGs
[2023-04-04T00:06:26.890+0000] {logging_mixin.py:137} INFO - [2023-04-04T00:06:26.889+0000] {dag.py:3441} INFO - Setting next_dagrun for dag_sql to 2023-04-03T22:30:00+00:00, run_after=2023-04-03T23:30:00+00:00
[2023-04-04T00:06:26.934+0000] {processor.py:175} INFO - Processing /opt/airflow/dags/dag_sql.py took 0.518 seconds
[2023-04-04T00:06:57.598+0000] {processor.py:153} INFO - Started process (PID=28173) to work on /opt/airflow/dags/dag_sql.py
[2023-04-04T00:06:57.601+0000] {processor.py:743} INFO - Processing file /opt/airflow/dags/dag_sql.py for tasks to queue
[2023-04-04T00:06:57.603+0000] {logging_mixin.py:137} INFO - [2023-04-04T00:06:57.603+0000] {dagbag.py:538} INFO - Filling up the DagBag from /opt/airflow/dags/dag_sql.py
[2023-04-04T00:06:57.777+0000] {processor.py:753} INFO - DAG(s) dict_keys(['dag_sql']) retrieved from /opt/airflow/dags/dag_sql.py
[2023-04-04T00:06:57.821+0000] {logging_mixin.py:137} INFO - [2023-04-04T00:06:57.821+0000] {dag.py:2690} INFO - Sync 1 DAGs
[2023-04-04T00:06:57.875+0000] {logging_mixin.py:137} INFO - [2023-04-04T00:06:57.874+0000] {dag.py:3441} INFO - Setting next_dagrun for dag_sql to 2023-04-03T22:30:00+00:00, run_after=2023-04-03T23:30:00+00:00
[2023-04-04T00:06:57.914+0000] {processor.py:175} INFO - Processing /opt/airflow/dags/dag_sql.py took 0.322 seconds
[2023-04-04T00:07:28.081+0000] {processor.py:153} INFO - Started process (PID=28208) to work on /opt/airflow/dags/dag_sql.py
[2023-04-04T00:07:28.083+0000] {processor.py:743} INFO - Processing file /opt/airflow/dags/dag_sql.py for tasks to queue
[2023-04-04T00:07:28.084+0000] {logging_mixin.py:137} INFO - [2023-04-04T00:07:28.084+0000] {dagbag.py:538} INFO - Filling up the DagBag from /opt/airflow/dags/dag_sql.py
[2023-04-04T00:07:28.291+0000] {processor.py:753} INFO - DAG(s) dict_keys(['dag_sql']) retrieved from /opt/airflow/dags/dag_sql.py
[2023-04-04T00:07:28.346+0000] {logging_mixin.py:137} INFO - [2023-04-04T00:07:28.346+0000] {dag.py:2690} INFO - Sync 1 DAGs
[2023-04-04T00:07:28.399+0000] {logging_mixin.py:137} INFO - [2023-04-04T00:07:28.399+0000] {dag.py:3441} INFO - Setting next_dagrun for dag_sql to 2023-04-03T22:30:00+00:00, run_after=2023-04-03T23:30:00+00:00
[2023-04-04T00:07:28.433+0000] {processor.py:175} INFO - Processing /opt/airflow/dags/dag_sql.py took 0.359 seconds
[2023-04-04T00:07:58.691+0000] {processor.py:153} INFO - Started process (PID=28243) to work on /opt/airflow/dags/dag_sql.py
[2023-04-04T00:07:58.693+0000] {processor.py:743} INFO - Processing file /opt/airflow/dags/dag_sql.py for tasks to queue
[2023-04-04T00:07:58.694+0000] {logging_mixin.py:137} INFO - [2023-04-04T00:07:58.694+0000] {dagbag.py:538} INFO - Filling up the DagBag from /opt/airflow/dags/dag_sql.py
[2023-04-04T00:07:58.885+0000] {processor.py:753} INFO - DAG(s) dict_keys(['dag_sql']) retrieved from /opt/airflow/dags/dag_sql.py
[2023-04-04T00:07:58.975+0000] {logging_mixin.py:137} INFO - [2023-04-04T00:07:58.974+0000] {dag.py:2690} INFO - Sync 1 DAGs
[2023-04-04T00:07:59.021+0000] {logging_mixin.py:137} INFO - [2023-04-04T00:07:59.021+0000] {dag.py:3441} INFO - Setting next_dagrun for dag_sql to 2023-04-03T22:30:00+00:00, run_after=2023-04-03T23:30:00+00:00
[2023-04-04T00:07:59.062+0000] {processor.py:175} INFO - Processing /opt/airflow/dags/dag_sql.py took 0.377 seconds
[2023-04-04T00:08:29.800+0000] {processor.py:153} INFO - Started process (PID=28278) to work on /opt/airflow/dags/dag_sql.py
[2023-04-04T00:08:29.802+0000] {processor.py:743} INFO - Processing file /opt/airflow/dags/dag_sql.py for tasks to queue
[2023-04-04T00:08:29.804+0000] {logging_mixin.py:137} INFO - [2023-04-04T00:08:29.803+0000] {dagbag.py:538} INFO - Filling up the DagBag from /opt/airflow/dags/dag_sql.py
[2023-04-04T00:08:29.972+0000] {processor.py:753} INFO - DAG(s) dict_keys(['dag_sql']) retrieved from /opt/airflow/dags/dag_sql.py
[2023-04-04T00:08:30.020+0000] {logging_mixin.py:137} INFO - [2023-04-04T00:08:30.020+0000] {dag.py:2690} INFO - Sync 1 DAGs
[2023-04-04T00:08:30.072+0000] {logging_mixin.py:137} INFO - [2023-04-04T00:08:30.072+0000] {dag.py:3441} INFO - Setting next_dagrun for dag_sql to 2023-04-03T22:30:00+00:00, run_after=2023-04-03T23:30:00+00:00
[2023-04-04T00:08:30.109+0000] {processor.py:175} INFO - Processing /opt/airflow/dags/dag_sql.py took 0.314 seconds
[2023-04-04T00:09:00.412+0000] {processor.py:153} INFO - Started process (PID=28320) to work on /opt/airflow/dags/dag_sql.py
[2023-04-04T00:09:00.414+0000] {processor.py:743} INFO - Processing file /opt/airflow/dags/dag_sql.py for tasks to queue
[2023-04-04T00:09:00.417+0000] {logging_mixin.py:137} INFO - [2023-04-04T00:09:00.417+0000] {dagbag.py:538} INFO - Filling up the DagBag from /opt/airflow/dags/dag_sql.py
[2023-04-04T00:09:00.582+0000] {processor.py:753} INFO - DAG(s) dict_keys(['dag_sql']) retrieved from /opt/airflow/dags/dag_sql.py
[2023-04-04T00:09:00.625+0000] {logging_mixin.py:137} INFO - [2023-04-04T00:09:00.625+0000] {dag.py:2690} INFO - Sync 1 DAGs
[2023-04-04T00:09:00.686+0000] {logging_mixin.py:137} INFO - [2023-04-04T00:09:00.686+0000] {dag.py:3441} INFO - Setting next_dagrun for dag_sql to 2023-04-03T22:30:00+00:00, run_after=2023-04-03T23:30:00+00:00
[2023-04-04T00:09:00.720+0000] {processor.py:175} INFO - Processing /opt/airflow/dags/dag_sql.py took 0.314 seconds
[2023-04-04T00:09:31.325+0000] {processor.py:153} INFO - Started process (PID=28363) to work on /opt/airflow/dags/dag_sql.py
[2023-04-04T00:09:31.326+0000] {processor.py:743} INFO - Processing file /opt/airflow/dags/dag_sql.py for tasks to queue
[2023-04-04T00:09:31.328+0000] {logging_mixin.py:137} INFO - [2023-04-04T00:09:31.327+0000] {dagbag.py:538} INFO - Filling up the DagBag from /opt/airflow/dags/dag_sql.py
[2023-04-04T00:09:31.490+0000] {processor.py:753} INFO - DAG(s) dict_keys(['dag_sql']) retrieved from /opt/airflow/dags/dag_sql.py
[2023-04-04T00:09:31.539+0000] {logging_mixin.py:137} INFO - [2023-04-04T00:09:31.539+0000] {dag.py:2690} INFO - Sync 1 DAGs
[2023-04-04T00:09:31.592+0000] {logging_mixin.py:137} INFO - [2023-04-04T00:09:31.592+0000] {dag.py:3441} INFO - Setting next_dagrun for dag_sql to 2023-04-03T22:30:00+00:00, run_after=2023-04-03T23:30:00+00:00
[2023-04-04T00:09:31.649+0000] {processor.py:175} INFO - Processing /opt/airflow/dags/dag_sql.py took 0.330 seconds
[2023-04-04T00:10:02.294+0000] {processor.py:153} INFO - Started process (PID=28398) to work on /opt/airflow/dags/dag_sql.py
[2023-04-04T00:10:02.296+0000] {processor.py:743} INFO - Processing file /opt/airflow/dags/dag_sql.py for tasks to queue
[2023-04-04T00:10:02.297+0000] {logging_mixin.py:137} INFO - [2023-04-04T00:10:02.297+0000] {dagbag.py:538} INFO - Filling up the DagBag from /opt/airflow/dags/dag_sql.py
[2023-04-04T00:10:02.656+0000] {processor.py:753} INFO - DAG(s) dict_keys(['dag_sql']) retrieved from /opt/airflow/dags/dag_sql.py
[2023-04-04T00:10:02.705+0000] {logging_mixin.py:137} INFO - [2023-04-04T00:10:02.703+0000] {dag.py:2690} INFO - Sync 1 DAGs
[2023-04-04T00:10:02.759+0000] {logging_mixin.py:137} INFO - [2023-04-04T00:10:02.759+0000] {dag.py:3441} INFO - Setting next_dagrun for dag_sql to 2023-04-03T22:30:00+00:00, run_after=2023-04-03T23:30:00+00:00
[2023-04-04T00:10:02.810+0000] {processor.py:175} INFO - Processing /opt/airflow/dags/dag_sql.py took 0.522 seconds
[2023-04-04T00:10:32.937+0000] {processor.py:153} INFO - Started process (PID=28433) to work on /opt/airflow/dags/dag_sql.py
[2023-04-04T00:10:32.939+0000] {processor.py:743} INFO - Processing file /opt/airflow/dags/dag_sql.py for tasks to queue
[2023-04-04T00:10:32.941+0000] {logging_mixin.py:137} INFO - [2023-04-04T00:10:32.941+0000] {dagbag.py:538} INFO - Filling up the DagBag from /opt/airflow/dags/dag_sql.py
[2023-04-04T00:10:33.143+0000] {processor.py:753} INFO - DAG(s) dict_keys(['dag_sql']) retrieved from /opt/airflow/dags/dag_sql.py
[2023-04-04T00:10:33.178+0000] {logging_mixin.py:137} INFO - [2023-04-04T00:10:33.178+0000] {dag.py:2690} INFO - Sync 1 DAGs
[2023-04-04T00:10:33.216+0000] {logging_mixin.py:137} INFO - [2023-04-04T00:10:33.216+0000] {dag.py:3441} INFO - Setting next_dagrun for dag_sql to 2023-04-03T22:30:00+00:00, run_after=2023-04-03T23:30:00+00:00
[2023-04-04T00:10:33.256+0000] {processor.py:175} INFO - Processing /opt/airflow/dags/dag_sql.py took 0.326 seconds
[2023-04-04T00:11:03.536+0000] {processor.py:153} INFO - Started process (PID=28468) to work on /opt/airflow/dags/dag_sql.py
[2023-04-04T00:11:03.538+0000] {processor.py:743} INFO - Processing file /opt/airflow/dags/dag_sql.py for tasks to queue
[2023-04-04T00:11:03.540+0000] {logging_mixin.py:137} INFO - [2023-04-04T00:11:03.540+0000] {dagbag.py:538} INFO - Filling up the DagBag from /opt/airflow/dags/dag_sql.py
[2023-04-04T00:11:03.699+0000] {processor.py:753} INFO - DAG(s) dict_keys(['dag_sql']) retrieved from /opt/airflow/dags/dag_sql.py
[2023-04-04T00:11:03.733+0000] {logging_mixin.py:137} INFO - [2023-04-04T00:11:03.733+0000] {dag.py:2690} INFO - Sync 1 DAGs
[2023-04-04T00:11:03.768+0000] {logging_mixin.py:137} INFO - [2023-04-04T00:11:03.768+0000] {dag.py:3441} INFO - Setting next_dagrun for dag_sql to 2023-04-03T22:30:00+00:00, run_after=2023-04-03T23:30:00+00:00
[2023-04-04T00:11:03.804+0000] {processor.py:175} INFO - Processing /opt/airflow/dags/dag_sql.py took 0.275 seconds
[2023-04-04T00:11:34.683+0000] {processor.py:153} INFO - Started process (PID=28496) to work on /opt/airflow/dags/dag_sql.py
[2023-04-04T00:11:34.712+0000] {processor.py:743} INFO - Processing file /opt/airflow/dags/dag_sql.py for tasks to queue
[2023-04-04T00:11:34.730+0000] {logging_mixin.py:137} INFO - [2023-04-04T00:11:34.730+0000] {dagbag.py:538} INFO - Filling up the DagBag from /opt/airflow/dags/dag_sql.py
[2023-04-04T00:11:35.083+0000] {processor.py:753} INFO - DAG(s) dict_keys(['dag_sql']) retrieved from /opt/airflow/dags/dag_sql.py
[2023-04-04T00:11:35.202+0000] {logging_mixin.py:137} INFO - [2023-04-04T00:11:35.202+0000] {dag.py:2690} INFO - Sync 1 DAGs
[2023-04-04T00:11:35.432+0000] {logging_mixin.py:137} INFO - [2023-04-04T00:11:35.432+0000] {dag.py:3441} INFO - Setting next_dagrun for dag_sql to 2023-04-03T22:30:00+00:00, run_after=2023-04-03T23:30:00+00:00
[2023-04-04T00:11:35.554+0000] {processor.py:175} INFO - Processing /opt/airflow/dags/dag_sql.py took 0.909 seconds
[2023-04-04T00:12:05.994+0000] {processor.py:153} INFO - Started process (PID=28522) to work on /opt/airflow/dags/dag_sql.py
[2023-04-04T00:12:05.997+0000] {processor.py:743} INFO - Processing file /opt/airflow/dags/dag_sql.py for tasks to queue
[2023-04-04T00:12:05.999+0000] {logging_mixin.py:137} INFO - [2023-04-04T00:12:05.999+0000] {dagbag.py:538} INFO - Filling up the DagBag from /opt/airflow/dags/dag_sql.py
[2023-04-04T00:12:06.186+0000] {processor.py:753} INFO - DAG(s) dict_keys(['dag_sql']) retrieved from /opt/airflow/dags/dag_sql.py
[2023-04-04T00:12:06.244+0000] {logging_mixin.py:137} INFO - [2023-04-04T00:12:06.244+0000] {dag.py:2690} INFO - Sync 1 DAGs
[2023-04-04T00:12:06.297+0000] {logging_mixin.py:137} INFO - [2023-04-04T00:12:06.296+0000] {dag.py:3441} INFO - Setting next_dagrun for dag_sql to 2023-04-03T22:30:00+00:00, run_after=2023-04-03T23:30:00+00:00
[2023-04-04T00:12:06.348+0000] {processor.py:175} INFO - Processing /opt/airflow/dags/dag_sql.py took 0.360 seconds
[2023-04-04T00:12:37.124+0000] {processor.py:153} INFO - Started process (PID=28557) to work on /opt/airflow/dags/dag_sql.py
[2023-04-04T00:12:37.126+0000] {processor.py:743} INFO - Processing file /opt/airflow/dags/dag_sql.py for tasks to queue
[2023-04-04T00:12:37.128+0000] {logging_mixin.py:137} INFO - [2023-04-04T00:12:37.128+0000] {dagbag.py:538} INFO - Filling up the DagBag from /opt/airflow/dags/dag_sql.py
[2023-04-04T00:12:37.307+0000] {processor.py:753} INFO - DAG(s) dict_keys(['dag_sql']) retrieved from /opt/airflow/dags/dag_sql.py
[2023-04-04T00:12:37.341+0000] {logging_mixin.py:137} INFO - [2023-04-04T00:12:37.341+0000] {dag.py:2690} INFO - Sync 1 DAGs
[2023-04-04T00:12:37.395+0000] {logging_mixin.py:137} INFO - [2023-04-04T00:12:37.395+0000] {dag.py:3441} INFO - Setting next_dagrun for dag_sql to 2023-04-03T22:30:00+00:00, run_after=2023-04-03T23:30:00+00:00
[2023-04-04T00:12:37.461+0000] {processor.py:175} INFO - Processing /opt/airflow/dags/dag_sql.py took 0.342 seconds
[2023-04-04T00:13:07.851+0000] {processor.py:153} INFO - Started process (PID=28592) to work on /opt/airflow/dags/dag_sql.py
[2023-04-04T00:13:07.855+0000] {processor.py:743} INFO - Processing file /opt/airflow/dags/dag_sql.py for tasks to queue
[2023-04-04T00:13:07.857+0000] {logging_mixin.py:137} INFO - [2023-04-04T00:13:07.857+0000] {dagbag.py:538} INFO - Filling up the DagBag from /opt/airflow/dags/dag_sql.py
[2023-04-04T00:13:08.081+0000] {processor.py:753} INFO - DAG(s) dict_keys(['dag_sql']) retrieved from /opt/airflow/dags/dag_sql.py
[2023-04-04T00:13:08.173+0000] {logging_mixin.py:137} INFO - [2023-04-04T00:13:08.173+0000] {dag.py:2690} INFO - Sync 1 DAGs
[2023-04-04T00:13:08.270+0000] {logging_mixin.py:137} INFO - [2023-04-04T00:13:08.264+0000] {dag.py:3441} INFO - Setting next_dagrun for dag_sql to 2023-04-03T22:30:00+00:00, run_after=2023-04-03T23:30:00+00:00
[2023-04-04T00:13:08.346+0000] {processor.py:175} INFO - Processing /opt/airflow/dags/dag_sql.py took 0.515 seconds
[2023-04-04T00:13:38.893+0000] {processor.py:153} INFO - Started process (PID=28627) to work on /opt/airflow/dags/dag_sql.py
[2023-04-04T00:13:38.894+0000] {processor.py:743} INFO - Processing file /opt/airflow/dags/dag_sql.py for tasks to queue
[2023-04-04T00:13:38.895+0000] {logging_mixin.py:137} INFO - [2023-04-04T00:13:38.895+0000] {dagbag.py:538} INFO - Filling up the DagBag from /opt/airflow/dags/dag_sql.py
[2023-04-04T00:13:39.084+0000] {processor.py:753} INFO - DAG(s) dict_keys(['dag_sql']) retrieved from /opt/airflow/dags/dag_sql.py
[2023-04-04T00:13:39.143+0000] {logging_mixin.py:137} INFO - [2023-04-04T00:13:39.142+0000] {dag.py:2690} INFO - Sync 1 DAGs
[2023-04-04T00:13:39.198+0000] {logging_mixin.py:137} INFO - [2023-04-04T00:13:39.198+0000] {dag.py:3441} INFO - Setting next_dagrun for dag_sql to 2023-04-03T22:30:00+00:00, run_after=2023-04-03T23:30:00+00:00
[2023-04-04T00:13:39.236+0000] {processor.py:175} INFO - Processing /opt/airflow/dags/dag_sql.py took 0.351 seconds
[2023-04-04T00:14:09.388+0000] {processor.py:153} INFO - Started process (PID=28662) to work on /opt/airflow/dags/dag_sql.py
[2023-04-04T00:14:09.390+0000] {processor.py:743} INFO - Processing file /opt/airflow/dags/dag_sql.py for tasks to queue
[2023-04-04T00:14:09.391+0000] {logging_mixin.py:137} INFO - [2023-04-04T00:14:09.391+0000] {dagbag.py:538} INFO - Filling up the DagBag from /opt/airflow/dags/dag_sql.py
[2023-04-04T00:14:09.630+0000] {processor.py:753} INFO - DAG(s) dict_keys(['dag_sql']) retrieved from /opt/airflow/dags/dag_sql.py
[2023-04-04T00:14:09.680+0000] {logging_mixin.py:137} INFO - [2023-04-04T00:14:09.679+0000] {dag.py:2690} INFO - Sync 1 DAGs
[2023-04-04T00:14:09.736+0000] {logging_mixin.py:137} INFO - [2023-04-04T00:14:09.736+0000] {dag.py:3441} INFO - Setting next_dagrun for dag_sql to 2023-04-03T22:30:00+00:00, run_after=2023-04-03T23:30:00+00:00
[2023-04-04T00:14:09.775+0000] {processor.py:175} INFO - Processing /opt/airflow/dags/dag_sql.py took 0.393 seconds
[2023-04-04T00:14:40.037+0000] {processor.py:153} INFO - Started process (PID=28697) to work on /opt/airflow/dags/dag_sql.py
[2023-04-04T00:14:40.041+0000] {processor.py:743} INFO - Processing file /opt/airflow/dags/dag_sql.py for tasks to queue
[2023-04-04T00:14:40.046+0000] {logging_mixin.py:137} INFO - [2023-04-04T00:14:40.046+0000] {dagbag.py:538} INFO - Filling up the DagBag from /opt/airflow/dags/dag_sql.py
[2023-04-04T00:14:40.251+0000] {processor.py:753} INFO - DAG(s) dict_keys(['dag_sql']) retrieved from /opt/airflow/dags/dag_sql.py
[2023-04-04T00:14:40.293+0000] {logging_mixin.py:137} INFO - [2023-04-04T00:14:40.293+0000] {dag.py:2690} INFO - Sync 1 DAGs
[2023-04-04T00:14:40.346+0000] {logging_mixin.py:137} INFO - [2023-04-04T00:14:40.346+0000] {dag.py:3441} INFO - Setting next_dagrun for dag_sql to 2023-04-03T22:30:00+00:00, run_after=2023-04-03T23:30:00+00:00
[2023-04-04T00:14:40.388+0000] {processor.py:175} INFO - Processing /opt/airflow/dags/dag_sql.py took 0.368 seconds
[2023-04-04T00:15:10.623+0000] {processor.py:153} INFO - Started process (PID=28731) to work on /opt/airflow/dags/dag_sql.py
[2023-04-04T00:15:10.627+0000] {processor.py:743} INFO - Processing file /opt/airflow/dags/dag_sql.py for tasks to queue
[2023-04-04T00:15:10.638+0000] {logging_mixin.py:137} INFO - [2023-04-04T00:15:10.637+0000] {dagbag.py:538} INFO - Filling up the DagBag from /opt/airflow/dags/dag_sql.py
[2023-04-04T00:15:10.949+0000] {processor.py:753} INFO - DAG(s) dict_keys(['dag_sql']) retrieved from /opt/airflow/dags/dag_sql.py
[2023-04-04T00:15:11.023+0000] {logging_mixin.py:137} INFO - [2023-04-04T00:15:11.023+0000] {dag.py:2690} INFO - Sync 1 DAGs
[2023-04-04T00:15:11.099+0000] {logging_mixin.py:137} INFO - [2023-04-04T00:15:11.099+0000] {dag.py:3441} INFO - Setting next_dagrun for dag_sql to 2023-04-03T22:30:00+00:00, run_after=2023-04-03T23:30:00+00:00
[2023-04-04T00:15:11.173+0000] {processor.py:175} INFO - Processing /opt/airflow/dags/dag_sql.py took 0.568 seconds
[2023-04-04T00:15:41.468+0000] {processor.py:153} INFO - Started process (PID=28758) to work on /opt/airflow/dags/dag_sql.py
[2023-04-04T00:15:41.474+0000] {processor.py:743} INFO - Processing file /opt/airflow/dags/dag_sql.py for tasks to queue
[2023-04-04T00:15:41.477+0000] {logging_mixin.py:137} INFO - [2023-04-04T00:15:41.476+0000] {dagbag.py:538} INFO - Filling up the DagBag from /opt/airflow/dags/dag_sql.py
[2023-04-04T00:15:41.777+0000] {processor.py:753} INFO - DAG(s) dict_keys(['dag_sql']) retrieved from /opt/airflow/dags/dag_sql.py
[2023-04-04T00:15:41.871+0000] {logging_mixin.py:137} INFO - [2023-04-04T00:15:41.870+0000] {dag.py:2690} INFO - Sync 1 DAGs
[2023-04-04T00:15:41.949+0000] {logging_mixin.py:137} INFO - [2023-04-04T00:15:41.948+0000] {dag.py:3441} INFO - Setting next_dagrun for dag_sql to 2023-04-03T22:30:00+00:00, run_after=2023-04-03T23:30:00+00:00
[2023-04-04T00:15:42.009+0000] {processor.py:175} INFO - Processing /opt/airflow/dags/dag_sql.py took 0.563 seconds
[2023-04-04T00:16:12.392+0000] {processor.py:153} INFO - Started process (PID=28784) to work on /opt/airflow/dags/dag_sql.py
[2023-04-04T00:16:12.399+0000] {processor.py:743} INFO - Processing file /opt/airflow/dags/dag_sql.py for tasks to queue
[2023-04-04T00:16:12.403+0000] {logging_mixin.py:137} INFO - [2023-04-04T00:16:12.403+0000] {dagbag.py:538} INFO - Filling up the DagBag from /opt/airflow/dags/dag_sql.py
[2023-04-04T00:16:12.811+0000] {processor.py:753} INFO - DAG(s) dict_keys(['dag_sql']) retrieved from /opt/airflow/dags/dag_sql.py
[2023-04-04T00:16:12.897+0000] {logging_mixin.py:137} INFO - [2023-04-04T00:16:12.897+0000] {dag.py:2690} INFO - Sync 1 DAGs
[2023-04-04T00:16:12.974+0000] {logging_mixin.py:137} INFO - [2023-04-04T00:16:12.974+0000] {dag.py:3441} INFO - Setting next_dagrun for dag_sql to 2023-04-03T22:30:00+00:00, run_after=2023-04-03T23:30:00+00:00
[2023-04-04T00:16:13.041+0000] {processor.py:175} INFO - Processing /opt/airflow/dags/dag_sql.py took 0.657 seconds
[2023-04-04T00:16:43.827+0000] {processor.py:153} INFO - Started process (PID=28819) to work on /opt/airflow/dags/dag_sql.py
[2023-04-04T00:16:43.831+0000] {processor.py:743} INFO - Processing file /opt/airflow/dags/dag_sql.py for tasks to queue
[2023-04-04T00:16:43.836+0000] {logging_mixin.py:137} INFO - [2023-04-04T00:16:43.835+0000] {dagbag.py:538} INFO - Filling up the DagBag from /opt/airflow/dags/dag_sql.py
[2023-04-04T00:16:44.019+0000] {processor.py:753} INFO - DAG(s) dict_keys(['dag_sql']) retrieved from /opt/airflow/dags/dag_sql.py
[2023-04-04T00:16:44.062+0000] {logging_mixin.py:137} INFO - [2023-04-04T00:16:44.062+0000] {dag.py:2690} INFO - Sync 1 DAGs
[2023-04-04T00:16:44.108+0000] {logging_mixin.py:137} INFO - [2023-04-04T00:16:44.108+0000] {dag.py:3441} INFO - Setting next_dagrun for dag_sql to 2023-04-03T22:30:00+00:00, run_after=2023-04-03T23:30:00+00:00
[2023-04-04T00:16:44.153+0000] {processor.py:175} INFO - Processing /opt/airflow/dags/dag_sql.py took 0.336 seconds
[2023-04-04T00:17:14.527+0000] {processor.py:153} INFO - Started process (PID=28854) to work on /opt/airflow/dags/dag_sql.py
[2023-04-04T00:17:14.529+0000] {processor.py:743} INFO - Processing file /opt/airflow/dags/dag_sql.py for tasks to queue
[2023-04-04T00:17:14.530+0000] {logging_mixin.py:137} INFO - [2023-04-04T00:17:14.530+0000] {dagbag.py:538} INFO - Filling up the DagBag from /opt/airflow/dags/dag_sql.py
[2023-04-04T00:17:14.737+0000] {processor.py:753} INFO - DAG(s) dict_keys(['dag_sql']) retrieved from /opt/airflow/dags/dag_sql.py
[2023-04-04T00:17:14.812+0000] {logging_mixin.py:137} INFO - [2023-04-04T00:17:14.811+0000] {dag.py:2690} INFO - Sync 1 DAGs
[2023-04-04T00:17:14.908+0000] {logging_mixin.py:137} INFO - [2023-04-04T00:17:14.908+0000] {dag.py:3441} INFO - Setting next_dagrun for dag_sql to 2023-04-03T22:30:00+00:00, run_after=2023-04-03T23:30:00+00:00
[2023-04-04T00:17:14.964+0000] {processor.py:175} INFO - Processing /opt/airflow/dags/dag_sql.py took 0.443 seconds
[2023-04-04T00:17:45.186+0000] {processor.py:153} INFO - Started process (PID=28889) to work on /opt/airflow/dags/dag_sql.py
[2023-04-04T00:17:45.191+0000] {processor.py:743} INFO - Processing file /opt/airflow/dags/dag_sql.py for tasks to queue
[2023-04-04T00:17:45.193+0000] {logging_mixin.py:137} INFO - [2023-04-04T00:17:45.193+0000] {dagbag.py:538} INFO - Filling up the DagBag from /opt/airflow/dags/dag_sql.py
[2023-04-04T00:17:45.366+0000] {processor.py:753} INFO - DAG(s) dict_keys(['dag_sql']) retrieved from /opt/airflow/dags/dag_sql.py
[2023-04-04T00:17:45.406+0000] {logging_mixin.py:137} INFO - [2023-04-04T00:17:45.405+0000] {dag.py:2690} INFO - Sync 1 DAGs
[2023-04-04T00:17:45.473+0000] {logging_mixin.py:137} INFO - [2023-04-04T00:17:45.470+0000] {dag.py:3441} INFO - Setting next_dagrun for dag_sql to 2023-04-03T22:30:00+00:00, run_after=2023-04-03T23:30:00+00:00
[2023-04-04T00:17:45.603+0000] {processor.py:175} INFO - Processing /opt/airflow/dags/dag_sql.py took 0.423 seconds
[2023-04-04T00:18:15.792+0000] {processor.py:153} INFO - Started process (PID=28924) to work on /opt/airflow/dags/dag_sql.py
[2023-04-04T00:18:15.797+0000] {processor.py:743} INFO - Processing file /opt/airflow/dags/dag_sql.py for tasks to queue
[2023-04-04T00:18:15.799+0000] {logging_mixin.py:137} INFO - [2023-04-04T00:18:15.799+0000] {dagbag.py:538} INFO - Filling up the DagBag from /opt/airflow/dags/dag_sql.py
[2023-04-04T00:18:16.003+0000] {processor.py:753} INFO - DAG(s) dict_keys(['dag_sql']) retrieved from /opt/airflow/dags/dag_sql.py
[2023-04-04T00:18:16.064+0000] {logging_mixin.py:137} INFO - [2023-04-04T00:18:16.063+0000] {dag.py:2690} INFO - Sync 1 DAGs
[2023-04-04T00:18:16.119+0000] {logging_mixin.py:137} INFO - [2023-04-04T00:18:16.119+0000] {dag.py:3441} INFO - Setting next_dagrun for dag_sql to 2023-04-03T22:30:00+00:00, run_after=2023-04-03T23:30:00+00:00
[2023-04-04T00:18:16.166+0000] {processor.py:175} INFO - Processing /opt/airflow/dags/dag_sql.py took 0.383 seconds
[2023-04-04T00:18:46.398+0000] {processor.py:153} INFO - Started process (PID=28959) to work on /opt/airflow/dags/dag_sql.py
[2023-04-04T00:18:46.400+0000] {processor.py:743} INFO - Processing file /opt/airflow/dags/dag_sql.py for tasks to queue
[2023-04-04T00:18:46.403+0000] {logging_mixin.py:137} INFO - [2023-04-04T00:18:46.402+0000] {dagbag.py:538} INFO - Filling up the DagBag from /opt/airflow/dags/dag_sql.py
[2023-04-04T00:18:46.682+0000] {processor.py:753} INFO - DAG(s) dict_keys(['dag_sql']) retrieved from /opt/airflow/dags/dag_sql.py
[2023-04-04T00:18:46.750+0000] {logging_mixin.py:137} INFO - [2023-04-04T00:18:46.750+0000] {dag.py:2690} INFO - Sync 1 DAGs
[2023-04-04T00:18:46.878+0000] {logging_mixin.py:137} INFO - [2023-04-04T00:18:46.876+0000] {dag.py:3441} INFO - Setting next_dagrun for dag_sql to 2023-04-03T22:30:00+00:00, run_after=2023-04-03T23:30:00+00:00
[2023-04-04T00:18:46.947+0000] {processor.py:175} INFO - Processing /opt/airflow/dags/dag_sql.py took 0.555 seconds
[2023-04-04T00:19:17.632+0000] {processor.py:153} INFO - Started process (PID=28994) to work on /opt/airflow/dags/dag_sql.py
[2023-04-04T00:19:17.640+0000] {processor.py:743} INFO - Processing file /opt/airflow/dags/dag_sql.py for tasks to queue
[2023-04-04T00:19:17.651+0000] {logging_mixin.py:137} INFO - [2023-04-04T00:19:17.651+0000] {dagbag.py:538} INFO - Filling up the DagBag from /opt/airflow/dags/dag_sql.py
[2023-04-04T00:19:18.051+0000] {processor.py:753} INFO - DAG(s) dict_keys(['dag_sql']) retrieved from /opt/airflow/dags/dag_sql.py
[2023-04-04T00:19:18.129+0000] {logging_mixin.py:137} INFO - [2023-04-04T00:19:18.128+0000] {dag.py:2690} INFO - Sync 1 DAGs
[2023-04-04T00:19:18.251+0000] {logging_mixin.py:137} INFO - [2023-04-04T00:19:18.251+0000] {dag.py:3441} INFO - Setting next_dagrun for dag_sql to 2023-04-03T22:30:00+00:00, run_after=2023-04-03T23:30:00+00:00
[2023-04-04T00:19:18.370+0000] {processor.py:175} INFO - Processing /opt/airflow/dags/dag_sql.py took 0.750 seconds
[2023-04-04T00:19:48.614+0000] {processor.py:153} INFO - Started process (PID=29013) to work on /opt/airflow/dags/dag_sql.py
[2023-04-04T00:19:48.622+0000] {processor.py:743} INFO - Processing file /opt/airflow/dags/dag_sql.py for tasks to queue
[2023-04-04T00:19:48.625+0000] {logging_mixin.py:137} INFO - [2023-04-04T00:19:48.625+0000] {dagbag.py:538} INFO - Filling up the DagBag from /opt/airflow/dags/dag_sql.py
[2023-04-04T00:19:48.805+0000] {processor.py:753} INFO - DAG(s) dict_keys(['dag_sql']) retrieved from /opt/airflow/dags/dag_sql.py
[2023-04-04T00:19:48.853+0000] {logging_mixin.py:137} INFO - [2023-04-04T00:19:48.853+0000] {dag.py:2690} INFO - Sync 1 DAGs
[2023-04-04T00:19:48.909+0000] {logging_mixin.py:137} INFO - [2023-04-04T00:19:48.908+0000] {dag.py:3441} INFO - Setting next_dagrun for dag_sql to 2023-04-03T22:30:00+00:00, run_after=2023-04-03T23:30:00+00:00
[2023-04-04T00:19:48.942+0000] {processor.py:175} INFO - Processing /opt/airflow/dags/dag_sql.py took 0.336 seconds
[2023-04-04T00:20:19.655+0000] {processor.py:153} INFO - Started process (PID=29048) to work on /opt/airflow/dags/dag_sql.py
[2023-04-04T00:20:19.657+0000] {processor.py:743} INFO - Processing file /opt/airflow/dags/dag_sql.py for tasks to queue
[2023-04-04T00:20:19.659+0000] {logging_mixin.py:137} INFO - [2023-04-04T00:20:19.659+0000] {dagbag.py:538} INFO - Filling up the DagBag from /opt/airflow/dags/dag_sql.py
[2023-04-04T00:20:19.907+0000] {processor.py:753} INFO - DAG(s) dict_keys(['dag_sql']) retrieved from /opt/airflow/dags/dag_sql.py
[2023-04-04T00:20:19.944+0000] {logging_mixin.py:137} INFO - [2023-04-04T00:20:19.944+0000] {dag.py:2690} INFO - Sync 1 DAGs
[2023-04-04T00:20:19.982+0000] {logging_mixin.py:137} INFO - [2023-04-04T00:20:19.981+0000] {dag.py:3441} INFO - Setting next_dagrun for dag_sql to 2023-04-03T22:30:00+00:00, run_after=2023-04-03T23:30:00+00:00
[2023-04-04T00:20:20.022+0000] {processor.py:175} INFO - Processing /opt/airflow/dags/dag_sql.py took 0.377 seconds
[2023-04-04T00:20:50.792+0000] {processor.py:153} INFO - Started process (PID=29083) to work on /opt/airflow/dags/dag_sql.py
[2023-04-04T00:20:50.795+0000] {processor.py:743} INFO - Processing file /opt/airflow/dags/dag_sql.py for tasks to queue
[2023-04-04T00:20:50.796+0000] {logging_mixin.py:137} INFO - [2023-04-04T00:20:50.796+0000] {dagbag.py:538} INFO - Filling up the DagBag from /opt/airflow/dags/dag_sql.py
[2023-04-04T00:20:50.970+0000] {processor.py:753} INFO - DAG(s) dict_keys(['dag_sql']) retrieved from /opt/airflow/dags/dag_sql.py
[2023-04-04T00:20:51.020+0000] {logging_mixin.py:137} INFO - [2023-04-04T00:20:51.019+0000] {dag.py:2690} INFO - Sync 1 DAGs
[2023-04-04T00:20:51.067+0000] {logging_mixin.py:137} INFO - [2023-04-04T00:20:51.067+0000] {dag.py:3441} INFO - Setting next_dagrun for dag_sql to 2023-04-03T22:30:00+00:00, run_after=2023-04-03T23:30:00+00:00
[2023-04-04T00:20:51.115+0000] {processor.py:175} INFO - Processing /opt/airflow/dags/dag_sql.py took 0.328 seconds
[2023-04-04T00:21:21.340+0000] {processor.py:153} INFO - Started process (PID=29117) to work on /opt/airflow/dags/dag_sql.py
[2023-04-04T00:21:21.342+0000] {processor.py:743} INFO - Processing file /opt/airflow/dags/dag_sql.py for tasks to queue
[2023-04-04T00:21:21.344+0000] {logging_mixin.py:137} INFO - [2023-04-04T00:21:21.344+0000] {dagbag.py:538} INFO - Filling up the DagBag from /opt/airflow/dags/dag_sql.py
[2023-04-04T00:21:21.530+0000] {processor.py:753} INFO - DAG(s) dict_keys(['dag_sql']) retrieved from /opt/airflow/dags/dag_sql.py
[2023-04-04T00:21:21.579+0000] {logging_mixin.py:137} INFO - [2023-04-04T00:21:21.579+0000] {dag.py:2690} INFO - Sync 1 DAGs
[2023-04-04T00:21:21.626+0000] {logging_mixin.py:137} INFO - [2023-04-04T00:21:21.626+0000] {dag.py:3441} INFO - Setting next_dagrun for dag_sql to 2023-04-03T22:30:00+00:00, run_after=2023-04-03T23:30:00+00:00
[2023-04-04T00:21:21.672+0000] {processor.py:175} INFO - Processing /opt/airflow/dags/dag_sql.py took 0.336 seconds
[2023-04-04T00:21:52.230+0000] {processor.py:153} INFO - Started process (PID=29152) to work on /opt/airflow/dags/dag_sql.py
[2023-04-04T00:21:52.233+0000] {processor.py:743} INFO - Processing file /opt/airflow/dags/dag_sql.py for tasks to queue
[2023-04-04T00:21:52.235+0000] {logging_mixin.py:137} INFO - [2023-04-04T00:21:52.235+0000] {dagbag.py:538} INFO - Filling up the DagBag from /opt/airflow/dags/dag_sql.py
[2023-04-04T00:21:53.149+0000] {processor.py:753} INFO - DAG(s) dict_keys(['dag_sql']) retrieved from /opt/airflow/dags/dag_sql.py
[2023-04-04T00:21:53.254+0000] {logging_mixin.py:137} INFO - [2023-04-04T00:21:53.254+0000] {dag.py:2690} INFO - Sync 1 DAGs
[2023-04-04T00:21:53.412+0000] {logging_mixin.py:137} INFO - [2023-04-04T00:21:53.412+0000] {dag.py:3441} INFO - Setting next_dagrun for dag_sql to 2023-04-03T22:30:00+00:00, run_after=2023-04-03T23:30:00+00:00
[2023-04-04T00:21:53.521+0000] {processor.py:175} INFO - Processing /opt/airflow/dags/dag_sql.py took 1.307 seconds
[2023-04-04T00:22:24.546+0000] {processor.py:153} INFO - Started process (PID=29187) to work on /opt/airflow/dags/dag_sql.py
[2023-04-04T00:22:24.548+0000] {processor.py:743} INFO - Processing file /opt/airflow/dags/dag_sql.py for tasks to queue
[2023-04-04T00:22:24.551+0000] {logging_mixin.py:137} INFO - [2023-04-04T00:22:24.550+0000] {dagbag.py:538} INFO - Filling up the DagBag from /opt/airflow/dags/dag_sql.py
[2023-04-04T00:22:24.743+0000] {processor.py:753} INFO - DAG(s) dict_keys(['dag_sql']) retrieved from /opt/airflow/dags/dag_sql.py
[2023-04-04T00:22:24.784+0000] {logging_mixin.py:137} INFO - [2023-04-04T00:22:24.784+0000] {dag.py:2690} INFO - Sync 1 DAGs
[2023-04-04T00:22:24.840+0000] {logging_mixin.py:137} INFO - [2023-04-04T00:22:24.840+0000] {dag.py:3441} INFO - Setting next_dagrun for dag_sql to 2023-04-03T22:30:00+00:00, run_after=2023-04-03T23:30:00+00:00
[2023-04-04T00:22:24.869+0000] {processor.py:175} INFO - Processing /opt/airflow/dags/dag_sql.py took 0.331 seconds
[2023-04-04T00:22:55.126+0000] {processor.py:153} INFO - Started process (PID=29222) to work on /opt/airflow/dags/dag_sql.py
[2023-04-04T00:22:55.128+0000] {processor.py:743} INFO - Processing file /opt/airflow/dags/dag_sql.py for tasks to queue
[2023-04-04T00:22:55.131+0000] {logging_mixin.py:137} INFO - [2023-04-04T00:22:55.131+0000] {dagbag.py:538} INFO - Filling up the DagBag from /opt/airflow/dags/dag_sql.py
[2023-04-04T00:22:55.293+0000] {processor.py:753} INFO - DAG(s) dict_keys(['dag_sql']) retrieved from /opt/airflow/dags/dag_sql.py
[2023-04-04T00:22:55.341+0000] {logging_mixin.py:137} INFO - [2023-04-04T00:22:55.340+0000] {dag.py:2690} INFO - Sync 1 DAGs
[2023-04-04T00:22:55.387+0000] {logging_mixin.py:137} INFO - [2023-04-04T00:22:55.387+0000] {dag.py:3441} INFO - Setting next_dagrun for dag_sql to 2023-04-03T22:30:00+00:00, run_after=2023-04-03T23:30:00+00:00
[2023-04-04T00:22:55.428+0000] {processor.py:175} INFO - Processing /opt/airflow/dags/dag_sql.py took 0.306 seconds
[2023-04-04T00:23:25.743+0000] {processor.py:153} INFO - Started process (PID=29257) to work on /opt/airflow/dags/dag_sql.py
[2023-04-04T00:23:25.745+0000] {processor.py:743} INFO - Processing file /opt/airflow/dags/dag_sql.py for tasks to queue
[2023-04-04T00:23:25.747+0000] {logging_mixin.py:137} INFO - [2023-04-04T00:23:25.747+0000] {dagbag.py:538} INFO - Filling up the DagBag from /opt/airflow/dags/dag_sql.py
[2023-04-04T00:23:25.950+0000] {processor.py:753} INFO - DAG(s) dict_keys(['dag_sql']) retrieved from /opt/airflow/dags/dag_sql.py
[2023-04-04T00:23:26.018+0000] {logging_mixin.py:137} INFO - [2023-04-04T00:23:26.017+0000] {dag.py:2690} INFO - Sync 1 DAGs
[2023-04-04T00:23:26.055+0000] {logging_mixin.py:137} INFO - [2023-04-04T00:23:26.055+0000] {dag.py:3441} INFO - Setting next_dagrun for dag_sql to 2023-04-03T22:30:00+00:00, run_after=2023-04-03T23:30:00+00:00
[2023-04-04T00:23:26.092+0000] {processor.py:175} INFO - Processing /opt/airflow/dags/dag_sql.py took 0.354 seconds
[2023-04-04T00:23:56.703+0000] {processor.py:153} INFO - Started process (PID=29292) to work on /opt/airflow/dags/dag_sql.py
[2023-04-04T00:23:56.706+0000] {processor.py:743} INFO - Processing file /opt/airflow/dags/dag_sql.py for tasks to queue
[2023-04-04T00:23:56.708+0000] {logging_mixin.py:137} INFO - [2023-04-04T00:23:56.708+0000] {dagbag.py:538} INFO - Filling up the DagBag from /opt/airflow/dags/dag_sql.py
[2023-04-04T00:23:56.998+0000] {processor.py:753} INFO - DAG(s) dict_keys(['dag_sql']) retrieved from /opt/airflow/dags/dag_sql.py
[2023-04-04T00:23:57.043+0000] {logging_mixin.py:137} INFO - [2023-04-04T00:23:57.042+0000] {dag.py:2690} INFO - Sync 1 DAGs
[2023-04-04T00:23:57.099+0000] {logging_mixin.py:137} INFO - [2023-04-04T00:23:57.099+0000] {dag.py:3441} INFO - Setting next_dagrun for dag_sql to 2023-04-03T22:30:00+00:00, run_after=2023-04-03T23:30:00+00:00
[2023-04-04T00:23:57.137+0000] {processor.py:175} INFO - Processing /opt/airflow/dags/dag_sql.py took 0.445 seconds
[2023-04-04T00:24:28.154+0000] {processor.py:153} INFO - Started process (PID=29326) to work on /opt/airflow/dags/dag_sql.py
[2023-04-04T00:24:28.166+0000] {processor.py:743} INFO - Processing file /opt/airflow/dags/dag_sql.py for tasks to queue
[2023-04-04T00:24:28.186+0000] {logging_mixin.py:137} INFO - [2023-04-04T00:24:28.186+0000] {dagbag.py:538} INFO - Filling up the DagBag from /opt/airflow/dags/dag_sql.py
[2023-04-04T00:24:28.683+0000] {processor.py:753} INFO - DAG(s) dict_keys(['dag_sql']) retrieved from /opt/airflow/dags/dag_sql.py
[2023-04-04T00:24:28.805+0000] {logging_mixin.py:137} INFO - [2023-04-04T00:24:28.805+0000] {dag.py:2690} INFO - Sync 1 DAGs
[2023-04-04T00:24:28.945+0000] {logging_mixin.py:137} INFO - [2023-04-04T00:24:28.945+0000] {dag.py:3441} INFO - Setting next_dagrun for dag_sql to 2023-04-03T22:30:00+00:00, run_after=2023-04-03T23:30:00+00:00
[2023-04-04T00:24:29.101+0000] {processor.py:175} INFO - Processing /opt/airflow/dags/dag_sql.py took 0.952 seconds
[2023-04-04T00:24:59.422+0000] {processor.py:153} INFO - Started process (PID=29359) to work on /opt/airflow/dags/dag_sql.py
[2023-04-04T00:24:59.432+0000] {processor.py:743} INFO - Processing file /opt/airflow/dags/dag_sql.py for tasks to queue
[2023-04-04T00:24:59.435+0000] {logging_mixin.py:137} INFO - [2023-04-04T00:24:59.435+0000] {dagbag.py:538} INFO - Filling up the DagBag from /opt/airflow/dags/dag_sql.py
[2023-04-04T00:24:59.719+0000] {processor.py:753} INFO - DAG(s) dict_keys(['dag_sql']) retrieved from /opt/airflow/dags/dag_sql.py
[2023-04-04T00:24:59.817+0000] {logging_mixin.py:137} INFO - [2023-04-04T00:24:59.817+0000] {dag.py:2690} INFO - Sync 1 DAGs
[2023-04-04T00:24:59.918+0000] {logging_mixin.py:137} INFO - [2023-04-04T00:24:59.918+0000] {dag.py:3441} INFO - Setting next_dagrun for dag_sql to 2023-04-03T22:30:00+00:00, run_after=2023-04-03T23:30:00+00:00
[2023-04-04T00:24:59.989+0000] {processor.py:175} INFO - Processing /opt/airflow/dags/dag_sql.py took 0.575 seconds
[2023-04-04T00:25:30.178+0000] {processor.py:153} INFO - Started process (PID=29394) to work on /opt/airflow/dags/dag_sql.py
[2023-04-04T00:25:30.185+0000] {processor.py:743} INFO - Processing file /opt/airflow/dags/dag_sql.py for tasks to queue
[2023-04-04T00:25:30.188+0000] {logging_mixin.py:137} INFO - [2023-04-04T00:25:30.187+0000] {dagbag.py:538} INFO - Filling up the DagBag from /opt/airflow/dags/dag_sql.py
[2023-04-04T00:25:30.381+0000] {processor.py:753} INFO - DAG(s) dict_keys(['dag_sql']) retrieved from /opt/airflow/dags/dag_sql.py
[2023-04-04T00:25:30.428+0000] {logging_mixin.py:137} INFO - [2023-04-04T00:25:30.428+0000] {dag.py:2690} INFO - Sync 1 DAGs
[2023-04-04T00:25:30.490+0000] {logging_mixin.py:137} INFO - [2023-04-04T00:25:30.489+0000] {dag.py:3441} INFO - Setting next_dagrun for dag_sql to 2023-04-03T22:30:00+00:00, run_after=2023-04-03T23:30:00+00:00
[2023-04-04T00:25:30.530+0000] {processor.py:175} INFO - Processing /opt/airflow/dags/dag_sql.py took 0.359 seconds
[2023-04-04T00:26:00.802+0000] {processor.py:153} INFO - Started process (PID=29429) to work on /opt/airflow/dags/dag_sql.py
[2023-04-04T00:26:00.804+0000] {processor.py:743} INFO - Processing file /opt/airflow/dags/dag_sql.py for tasks to queue
[2023-04-04T00:26:00.808+0000] {logging_mixin.py:137} INFO - [2023-04-04T00:26:00.808+0000] {dagbag.py:538} INFO - Filling up the DagBag from /opt/airflow/dags/dag_sql.py
[2023-04-04T00:26:01.117+0000] {processor.py:753} INFO - DAG(s) dict_keys(['dag_sql']) retrieved from /opt/airflow/dags/dag_sql.py
[2023-04-04T00:26:01.170+0000] {logging_mixin.py:137} INFO - [2023-04-04T00:26:01.169+0000] {dag.py:2690} INFO - Sync 1 DAGs
[2023-04-04T00:26:01.243+0000] {logging_mixin.py:137} INFO - [2023-04-04T00:26:01.243+0000] {dag.py:3441} INFO - Setting next_dagrun for dag_sql to 2023-04-03T22:30:00+00:00, run_after=2023-04-03T23:30:00+00:00
[2023-04-04T00:26:01.293+0000] {processor.py:175} INFO - Processing /opt/airflow/dags/dag_sql.py took 0.499 seconds
[2023-04-04T00:26:31.599+0000] {processor.py:153} INFO - Started process (PID=29464) to work on /opt/airflow/dags/dag_sql.py
[2023-04-04T00:26:31.602+0000] {processor.py:743} INFO - Processing file /opt/airflow/dags/dag_sql.py for tasks to queue
[2023-04-04T00:26:31.605+0000] {logging_mixin.py:137} INFO - [2023-04-04T00:26:31.605+0000] {dagbag.py:538} INFO - Filling up the DagBag from /opt/airflow/dags/dag_sql.py
[2023-04-04T00:26:31.870+0000] {processor.py:753} INFO - DAG(s) dict_keys(['dag_sql']) retrieved from /opt/airflow/dags/dag_sql.py
[2023-04-04T00:26:31.938+0000] {logging_mixin.py:137} INFO - [2023-04-04T00:26:31.938+0000] {dag.py:2690} INFO - Sync 1 DAGs
[2023-04-04T00:26:32.006+0000] {logging_mixin.py:137} INFO - [2023-04-04T00:26:32.006+0000] {dag.py:3441} INFO - Setting next_dagrun for dag_sql to 2023-04-03T22:30:00+00:00, run_after=2023-04-03T23:30:00+00:00
[2023-04-04T00:26:32.057+0000] {processor.py:175} INFO - Processing /opt/airflow/dags/dag_sql.py took 0.472 seconds
[2023-04-04T00:27:02.461+0000] {processor.py:153} INFO - Started process (PID=29492) to work on /opt/airflow/dags/dag_sql.py
[2023-04-04T00:27:02.468+0000] {processor.py:743} INFO - Processing file /opt/airflow/dags/dag_sql.py for tasks to queue
[2023-04-04T00:27:02.476+0000] {logging_mixin.py:137} INFO - [2023-04-04T00:27:02.475+0000] {dagbag.py:538} INFO - Filling up the DagBag from /opt/airflow/dags/dag_sql.py
[2023-04-04T00:27:02.956+0000] {processor.py:753} INFO - DAG(s) dict_keys(['dag_sql']) retrieved from /opt/airflow/dags/dag_sql.py
[2023-04-04T00:27:03.044+0000] {logging_mixin.py:137} INFO - [2023-04-04T00:27:03.044+0000] {dag.py:2690} INFO - Sync 1 DAGs
[2023-04-04T00:27:03.142+0000] {logging_mixin.py:137} INFO - [2023-04-04T00:27:03.142+0000] {dag.py:3441} INFO - Setting next_dagrun for dag_sql to 2023-04-03T22:30:00+00:00, run_after=2023-04-03T23:30:00+00:00
[2023-04-04T00:27:03.233+0000] {processor.py:175} INFO - Processing /opt/airflow/dags/dag_sql.py took 0.779 seconds
[2023-04-04T00:27:34.016+0000] {processor.py:153} INFO - Started process (PID=29518) to work on /opt/airflow/dags/dag_sql.py
[2023-04-04T00:27:34.025+0000] {processor.py:743} INFO - Processing file /opt/airflow/dags/dag_sql.py for tasks to queue
[2023-04-04T00:27:34.029+0000] {logging_mixin.py:137} INFO - [2023-04-04T00:27:34.029+0000] {dagbag.py:538} INFO - Filling up the DagBag from /opt/airflow/dags/dag_sql.py
[2023-04-04T00:27:34.410+0000] {processor.py:753} INFO - DAG(s) dict_keys(['dag_sql']) retrieved from /opt/airflow/dags/dag_sql.py
[2023-04-04T00:27:34.511+0000] {logging_mixin.py:137} INFO - [2023-04-04T00:27:34.510+0000] {dag.py:2690} INFO - Sync 1 DAGs
[2023-04-04T00:27:34.725+0000] {logging_mixin.py:137} INFO - [2023-04-04T00:27:34.724+0000] {dag.py:3441} INFO - Setting next_dagrun for dag_sql to 2023-04-03T22:30:00+00:00, run_after=2023-04-03T23:30:00+00:00
[2023-04-04T00:27:34.821+0000] {processor.py:175} INFO - Processing /opt/airflow/dags/dag_sql.py took 0.816 seconds
[2023-04-04T00:28:05.161+0000] {processor.py:153} INFO - Started process (PID=29553) to work on /opt/airflow/dags/dag_sql.py
[2023-04-04T00:28:05.172+0000] {processor.py:743} INFO - Processing file /opt/airflow/dags/dag_sql.py for tasks to queue
[2023-04-04T00:28:05.174+0000] {logging_mixin.py:137} INFO - [2023-04-04T00:28:05.174+0000] {dagbag.py:538} INFO - Filling up the DagBag from /opt/airflow/dags/dag_sql.py
[2023-04-04T00:28:05.398+0000] {processor.py:753} INFO - DAG(s) dict_keys(['dag_sql']) retrieved from /opt/airflow/dags/dag_sql.py
[2023-04-04T00:28:05.482+0000] {logging_mixin.py:137} INFO - [2023-04-04T00:28:05.482+0000] {dag.py:2690} INFO - Sync 1 DAGs
[2023-04-04T00:28:05.553+0000] {logging_mixin.py:137} INFO - [2023-04-04T00:28:05.553+0000] {dag.py:3441} INFO - Setting next_dagrun for dag_sql to 2023-04-03T22:30:00+00:00, run_after=2023-04-03T23:30:00+00:00
[2023-04-04T00:28:05.680+0000] {processor.py:175} INFO - Processing /opt/airflow/dags/dag_sql.py took 0.529 seconds
[2023-04-04T00:28:36.218+0000] {processor.py:153} INFO - Started process (PID=29595) to work on /opt/airflow/dags/dag_sql.py
[2023-04-04T00:28:36.226+0000] {processor.py:743} INFO - Processing file /opt/airflow/dags/dag_sql.py for tasks to queue
[2023-04-04T00:28:36.228+0000] {logging_mixin.py:137} INFO - [2023-04-04T00:28:36.228+0000] {dagbag.py:538} INFO - Filling up the DagBag from /opt/airflow/dags/dag_sql.py
[2023-04-04T00:28:36.530+0000] {processor.py:753} INFO - DAG(s) dict_keys(['dag_sql']) retrieved from /opt/airflow/dags/dag_sql.py
[2023-04-04T00:28:36.581+0000] {logging_mixin.py:137} INFO - [2023-04-04T00:28:36.580+0000] {dag.py:2690} INFO - Sync 1 DAGs
[2023-04-04T00:28:36.642+0000] {logging_mixin.py:137} INFO - [2023-04-04T00:28:36.642+0000] {dag.py:3441} INFO - Setting next_dagrun for dag_sql to 2023-04-03T22:30:00+00:00, run_after=2023-04-03T23:30:00+00:00
[2023-04-04T00:28:36.694+0000] {processor.py:175} INFO - Processing /opt/airflow/dags/dag_sql.py took 0.487 seconds
[2023-04-04T00:29:07.049+0000] {processor.py:153} INFO - Started process (PID=29632) to work on /opt/airflow/dags/dag_sql.py
[2023-04-04T00:29:07.051+0000] {processor.py:743} INFO - Processing file /opt/airflow/dags/dag_sql.py for tasks to queue
[2023-04-04T00:29:07.055+0000] {logging_mixin.py:137} INFO - [2023-04-04T00:29:07.053+0000] {dagbag.py:538} INFO - Filling up the DagBag from /opt/airflow/dags/dag_sql.py
[2023-04-04T00:29:07.463+0000] {processor.py:753} INFO - DAG(s) dict_keys(['dag_sql']) retrieved from /opt/airflow/dags/dag_sql.py
[2023-04-04T00:29:07.589+0000] {logging_mixin.py:137} INFO - [2023-04-04T00:29:07.588+0000] {dag.py:2690} INFO - Sync 1 DAGs
[2023-04-04T00:29:07.682+0000] {logging_mixin.py:137} INFO - [2023-04-04T00:29:07.682+0000] {dag.py:3441} INFO - Setting next_dagrun for dag_sql to 2023-04-03T22:30:00+00:00, run_after=2023-04-03T23:30:00+00:00
[2023-04-04T00:29:07.783+0000] {processor.py:175} INFO - Processing /opt/airflow/dags/dag_sql.py took 0.742 seconds
[2023-04-04T00:29:37.982+0000] {processor.py:153} INFO - Started process (PID=29658) to work on /opt/airflow/dags/dag_sql.py
[2023-04-04T00:29:37.986+0000] {processor.py:743} INFO - Processing file /opt/airflow/dags/dag_sql.py for tasks to queue
[2023-04-04T00:29:37.989+0000] {logging_mixin.py:137} INFO - [2023-04-04T00:29:37.988+0000] {dagbag.py:538} INFO - Filling up the DagBag from /opt/airflow/dags/dag_sql.py
[2023-04-04T00:29:38.150+0000] {processor.py:753} INFO - DAG(s) dict_keys(['dag_sql']) retrieved from /opt/airflow/dags/dag_sql.py
[2023-04-04T00:29:38.222+0000] {logging_mixin.py:137} INFO - [2023-04-04T00:29:38.217+0000] {dag.py:2690} INFO - Sync 1 DAGs
[2023-04-04T00:29:38.329+0000] {logging_mixin.py:137} INFO - [2023-04-04T00:29:38.329+0000] {dag.py:3441} INFO - Setting next_dagrun for dag_sql to 2023-04-03T22:30:00+00:00, run_after=2023-04-03T23:30:00+00:00
[2023-04-04T00:29:38.376+0000] {processor.py:175} INFO - Processing /opt/airflow/dags/dag_sql.py took 0.401 seconds
[2023-04-04T00:30:08.461+0000] {processor.py:153} INFO - Started process (PID=29702) to work on /opt/airflow/dags/dag_sql.py
[2023-04-04T00:30:08.463+0000] {processor.py:743} INFO - Processing file /opt/airflow/dags/dag_sql.py for tasks to queue
[2023-04-04T00:30:08.465+0000] {logging_mixin.py:137} INFO - [2023-04-04T00:30:08.465+0000] {dagbag.py:538} INFO - Filling up the DagBag from /opt/airflow/dags/dag_sql.py
[2023-04-04T00:30:08.681+0000] {processor.py:753} INFO - DAG(s) dict_keys(['dag_sql']) retrieved from /opt/airflow/dags/dag_sql.py
[2023-04-04T00:30:08.740+0000] {logging_mixin.py:137} INFO - [2023-04-04T00:30:08.740+0000] {dag.py:2690} INFO - Sync 1 DAGs
[2023-04-04T00:30:08.819+0000] {logging_mixin.py:137} INFO - [2023-04-04T00:30:08.819+0000] {dag.py:3441} INFO - Setting next_dagrun for dag_sql to 2023-04-03T23:30:00+00:00, run_after=2023-04-04T00:30:00+00:00
[2023-04-04T00:30:08.914+0000] {processor.py:175} INFO - Processing /opt/airflow/dags/dag_sql.py took 0.458 seconds
[2023-04-04T00:30:39.121+0000] {processor.py:153} INFO - Started process (PID=29728) to work on /opt/airflow/dags/dag_sql.py
[2023-04-04T00:30:39.123+0000] {processor.py:743} INFO - Processing file /opt/airflow/dags/dag_sql.py for tasks to queue
[2023-04-04T00:30:39.125+0000] {logging_mixin.py:137} INFO - [2023-04-04T00:30:39.125+0000] {dagbag.py:538} INFO - Filling up the DagBag from /opt/airflow/dags/dag_sql.py
[2023-04-04T00:30:39.314+0000] {processor.py:753} INFO - DAG(s) dict_keys(['dag_sql']) retrieved from /opt/airflow/dags/dag_sql.py
[2023-04-04T00:30:39.361+0000] {logging_mixin.py:137} INFO - [2023-04-04T00:30:39.360+0000] {dag.py:2690} INFO - Sync 1 DAGs
[2023-04-04T00:30:39.401+0000] {logging_mixin.py:137} INFO - [2023-04-04T00:30:39.401+0000] {dag.py:3441} INFO - Setting next_dagrun for dag_sql to 2023-04-03T23:30:00+00:00, run_after=2023-04-04T00:30:00+00:00
[2023-04-04T00:30:39.441+0000] {processor.py:175} INFO - Processing /opt/airflow/dags/dag_sql.py took 0.327 seconds
[2023-04-04T00:31:09.730+0000] {processor.py:153} INFO - Started process (PID=29772) to work on /opt/airflow/dags/dag_sql.py
[2023-04-04T00:31:09.731+0000] {processor.py:743} INFO - Processing file /opt/airflow/dags/dag_sql.py for tasks to queue
[2023-04-04T00:31:09.732+0000] {logging_mixin.py:137} INFO - [2023-04-04T00:31:09.732+0000] {dagbag.py:538} INFO - Filling up the DagBag from /opt/airflow/dags/dag_sql.py
[2023-04-04T00:31:09.826+0000] {processor.py:753} INFO - DAG(s) dict_keys(['dag_sql']) retrieved from /opt/airflow/dags/dag_sql.py
[2023-04-04T00:31:09.853+0000] {logging_mixin.py:137} INFO - [2023-04-04T00:31:09.853+0000] {dag.py:2690} INFO - Sync 1 DAGs
[2023-04-04T00:31:09.881+0000] {logging_mixin.py:137} INFO - [2023-04-04T00:31:09.880+0000] {dag.py:3441} INFO - Setting next_dagrun for dag_sql to 2023-04-03T23:30:00+00:00, run_after=2023-04-04T00:30:00+00:00
[2023-04-04T00:31:09.909+0000] {processor.py:175} INFO - Processing /opt/airflow/dags/dag_sql.py took 0.182 seconds
[2023-04-04T00:31:40.460+0000] {processor.py:153} INFO - Started process (PID=29814) to work on /opt/airflow/dags/dag_sql.py
[2023-04-04T00:31:40.461+0000] {processor.py:743} INFO - Processing file /opt/airflow/dags/dag_sql.py for tasks to queue
[2023-04-04T00:31:40.463+0000] {logging_mixin.py:137} INFO - [2023-04-04T00:31:40.463+0000] {dagbag.py:538} INFO - Filling up the DagBag from /opt/airflow/dags/dag_sql.py
[2023-04-04T00:31:40.576+0000] {processor.py:753} INFO - DAG(s) dict_keys(['dag_sql']) retrieved from /opt/airflow/dags/dag_sql.py
[2023-04-04T00:31:40.601+0000] {logging_mixin.py:137} INFO - [2023-04-04T00:31:40.601+0000] {dag.py:2690} INFO - Sync 1 DAGs
[2023-04-04T00:31:40.629+0000] {logging_mixin.py:137} INFO - [2023-04-04T00:31:40.629+0000] {dag.py:3441} INFO - Setting next_dagrun for dag_sql to 2023-04-03T23:30:00+00:00, run_after=2023-04-04T00:30:00+00:00
[2023-04-04T00:31:40.653+0000] {processor.py:175} INFO - Processing /opt/airflow/dags/dag_sql.py took 0.196 seconds
[2023-04-04T00:32:10.980+0000] {processor.py:153} INFO - Started process (PID=29849) to work on /opt/airflow/dags/dag_sql.py
[2023-04-04T00:32:10.982+0000] {processor.py:743} INFO - Processing file /opt/airflow/dags/dag_sql.py for tasks to queue
[2023-04-04T00:32:10.983+0000] {logging_mixin.py:137} INFO - [2023-04-04T00:32:10.983+0000] {dagbag.py:538} INFO - Filling up the DagBag from /opt/airflow/dags/dag_sql.py
[2023-04-04T00:32:11.083+0000] {processor.py:753} INFO - DAG(s) dict_keys(['dag_sql']) retrieved from /opt/airflow/dags/dag_sql.py
[2023-04-04T00:32:11.120+0000] {logging_mixin.py:137} INFO - [2023-04-04T00:32:11.119+0000] {dag.py:2690} INFO - Sync 1 DAGs
[2023-04-04T00:32:11.149+0000] {logging_mixin.py:137} INFO - [2023-04-04T00:32:11.149+0000] {dag.py:3441} INFO - Setting next_dagrun for dag_sql to 2023-04-03T23:30:00+00:00, run_after=2023-04-04T00:30:00+00:00
[2023-04-04T00:32:11.171+0000] {processor.py:175} INFO - Processing /opt/airflow/dags/dag_sql.py took 0.197 seconds
[2023-04-04T00:32:41.634+0000] {processor.py:153} INFO - Started process (PID=29891) to work on /opt/airflow/dags/dag_sql.py
[2023-04-04T00:32:41.637+0000] {processor.py:743} INFO - Processing file /opt/airflow/dags/dag_sql.py for tasks to queue
[2023-04-04T00:32:41.639+0000] {logging_mixin.py:137} INFO - [2023-04-04T00:32:41.639+0000] {dagbag.py:538} INFO - Filling up the DagBag from /opt/airflow/dags/dag_sql.py
[2023-04-04T00:32:41.750+0000] {processor.py:753} INFO - DAG(s) dict_keys(['dag_sql']) retrieved from /opt/airflow/dags/dag_sql.py
[2023-04-04T00:32:41.807+0000] {logging_mixin.py:137} INFO - [2023-04-04T00:32:41.807+0000] {dag.py:2690} INFO - Sync 1 DAGs
[2023-04-04T00:32:41.849+0000] {logging_mixin.py:137} INFO - [2023-04-04T00:32:41.849+0000] {dag.py:3441} INFO - Setting next_dagrun for dag_sql to 2023-04-03T23:30:00+00:00, run_after=2023-04-04T00:30:00+00:00
[2023-04-04T00:32:41.881+0000] {processor.py:175} INFO - Processing /opt/airflow/dags/dag_sql.py took 0.251 seconds
[2023-04-04T00:33:12.390+0000] {processor.py:153} INFO - Started process (PID=29935) to work on /opt/airflow/dags/dag_sql.py
[2023-04-04T00:33:12.392+0000] {processor.py:743} INFO - Processing file /opt/airflow/dags/dag_sql.py for tasks to queue
[2023-04-04T00:33:12.394+0000] {logging_mixin.py:137} INFO - [2023-04-04T00:33:12.393+0000] {dagbag.py:538} INFO - Filling up the DagBag from /opt/airflow/dags/dag_sql.py
[2023-04-04T00:33:12.534+0000] {processor.py:753} INFO - DAG(s) dict_keys(['dag_sql']) retrieved from /opt/airflow/dags/dag_sql.py
[2023-04-04T00:33:12.570+0000] {logging_mixin.py:137} INFO - [2023-04-04T00:33:12.569+0000] {dag.py:2690} INFO - Sync 1 DAGs
[2023-04-04T00:33:12.617+0000] {logging_mixin.py:137} INFO - [2023-04-04T00:33:12.617+0000] {dag.py:3441} INFO - Setting next_dagrun for dag_sql to 2023-04-03T23:30:00+00:00, run_after=2023-04-04T00:30:00+00:00
[2023-04-04T00:33:12.641+0000] {processor.py:175} INFO - Processing /opt/airflow/dags/dag_sql.py took 0.256 seconds
[2023-04-04T00:33:43.014+0000] {processor.py:153} INFO - Started process (PID=29970) to work on /opt/airflow/dags/dag_sql.py
[2023-04-04T00:33:43.016+0000] {processor.py:743} INFO - Processing file /opt/airflow/dags/dag_sql.py for tasks to queue
[2023-04-04T00:33:43.017+0000] {logging_mixin.py:137} INFO - [2023-04-04T00:33:43.017+0000] {dagbag.py:538} INFO - Filling up the DagBag from /opt/airflow/dags/dag_sql.py
[2023-04-04T00:33:43.140+0000] {processor.py:753} INFO - DAG(s) dict_keys(['dag_sql']) retrieved from /opt/airflow/dags/dag_sql.py
[2023-04-04T00:33:43.161+0000] {logging_mixin.py:137} INFO - [2023-04-04T00:33:43.161+0000] {dag.py:2690} INFO - Sync 1 DAGs
[2023-04-04T00:33:43.183+0000] {logging_mixin.py:137} INFO - [2023-04-04T00:33:43.182+0000] {dag.py:3441} INFO - Setting next_dagrun for dag_sql to 2023-04-03T23:30:00+00:00, run_after=2023-04-04T00:30:00+00:00
[2023-04-04T00:33:43.204+0000] {processor.py:175} INFO - Processing /opt/airflow/dags/dag_sql.py took 0.196 seconds
[2023-04-04T00:34:13.771+0000] {processor.py:153} INFO - Started process (PID=30007) to work on /opt/airflow/dags/dag_sql.py
[2023-04-04T00:34:13.773+0000] {processor.py:743} INFO - Processing file /opt/airflow/dags/dag_sql.py for tasks to queue
[2023-04-04T00:34:13.774+0000] {logging_mixin.py:137} INFO - [2023-04-04T00:34:13.774+0000] {dagbag.py:538} INFO - Filling up the DagBag from /opt/airflow/dags/dag_sql.py
[2023-04-04T00:34:13.873+0000] {processor.py:753} INFO - DAG(s) dict_keys(['dag_sql']) retrieved from /opt/airflow/dags/dag_sql.py
[2023-04-04T00:34:13.900+0000] {logging_mixin.py:137} INFO - [2023-04-04T00:34:13.900+0000] {dag.py:2690} INFO - Sync 1 DAGs
[2023-04-04T00:34:13.930+0000] {logging_mixin.py:137} INFO - [2023-04-04T00:34:13.930+0000] {dag.py:3441} INFO - Setting next_dagrun for dag_sql to 2023-04-03T23:30:00+00:00, run_after=2023-04-04T00:30:00+00:00
[2023-04-04T00:34:13.953+0000] {processor.py:175} INFO - Processing /opt/airflow/dags/dag_sql.py took 0.185 seconds
[2023-04-04T00:34:44.201+0000] {processor.py:153} INFO - Started process (PID=30056) to work on /opt/airflow/dags/dag_sql.py
[2023-04-04T00:34:44.203+0000] {processor.py:743} INFO - Processing file /opt/airflow/dags/dag_sql.py for tasks to queue
[2023-04-04T00:34:44.209+0000] {logging_mixin.py:137} INFO - [2023-04-04T00:34:44.208+0000] {dagbag.py:538} INFO - Filling up the DagBag from /opt/airflow/dags/dag_sql.py
[2023-04-04T00:34:44.337+0000] {processor.py:753} INFO - DAG(s) dict_keys(['dag_sql']) retrieved from /opt/airflow/dags/dag_sql.py
[2023-04-04T00:34:44.364+0000] {logging_mixin.py:137} INFO - [2023-04-04T00:34:44.364+0000] {dag.py:2690} INFO - Sync 1 DAGs
[2023-04-04T00:34:44.397+0000] {logging_mixin.py:137} INFO - [2023-04-04T00:34:44.397+0000] {dag.py:3441} INFO - Setting next_dagrun for dag_sql to 2023-04-03T23:30:00+00:00, run_after=2023-04-04T00:30:00+00:00
[2023-04-04T00:34:44.424+0000] {processor.py:175} INFO - Processing /opt/airflow/dags/dag_sql.py took 0.228 seconds
[2023-04-04T00:35:14.965+0000] {processor.py:153} INFO - Started process (PID=30092) to work on /opt/airflow/dags/dag_sql.py
[2023-04-04T00:35:14.966+0000] {processor.py:743} INFO - Processing file /opt/airflow/dags/dag_sql.py for tasks to queue
[2023-04-04T00:35:14.968+0000] {logging_mixin.py:137} INFO - [2023-04-04T00:35:14.968+0000] {dagbag.py:538} INFO - Filling up the DagBag from /opt/airflow/dags/dag_sql.py
[2023-04-04T00:35:15.062+0000] {processor.py:753} INFO - DAG(s) dict_keys(['dag_sql']) retrieved from /opt/airflow/dags/dag_sql.py
[2023-04-04T00:35:15.091+0000] {logging_mixin.py:137} INFO - [2023-04-04T00:35:15.091+0000] {dag.py:2690} INFO - Sync 1 DAGs
[2023-04-04T00:35:15.117+0000] {logging_mixin.py:137} INFO - [2023-04-04T00:35:15.117+0000] {dag.py:3441} INFO - Setting next_dagrun for dag_sql to 2023-04-03T23:30:00+00:00, run_after=2023-04-04T00:30:00+00:00
[2023-04-04T00:35:15.148+0000] {processor.py:175} INFO - Processing /opt/airflow/dags/dag_sql.py took 0.187 seconds
[2023-04-04T00:35:45.739+0000] {processor.py:153} INFO - Started process (PID=30127) to work on /opt/airflow/dags/dag_sql.py
[2023-04-04T00:35:45.749+0000] {processor.py:743} INFO - Processing file /opt/airflow/dags/dag_sql.py for tasks to queue
[2023-04-04T00:35:45.751+0000] {logging_mixin.py:137} INFO - [2023-04-04T00:35:45.751+0000] {dagbag.py:538} INFO - Filling up the DagBag from /opt/airflow/dags/dag_sql.py
[2023-04-04T00:35:45.957+0000] {processor.py:753} INFO - DAG(s) dict_keys(['dag_sql']) retrieved from /opt/airflow/dags/dag_sql.py
[2023-04-04T00:35:46.025+0000] {logging_mixin.py:137} INFO - [2023-04-04T00:35:46.025+0000] {dag.py:2690} INFO - Sync 1 DAGs
[2023-04-04T00:35:46.112+0000] {logging_mixin.py:137} INFO - [2023-04-04T00:35:46.112+0000] {dag.py:3441} INFO - Setting next_dagrun for dag_sql to 2023-04-03T23:30:00+00:00, run_after=2023-04-04T00:30:00+00:00
[2023-04-04T00:35:46.199+0000] {processor.py:175} INFO - Processing /opt/airflow/dags/dag_sql.py took 0.468 seconds
[2023-04-04T00:36:17.042+0000] {processor.py:153} INFO - Started process (PID=30162) to work on /opt/airflow/dags/dag_sql.py
[2023-04-04T00:36:17.055+0000] {processor.py:743} INFO - Processing file /opt/airflow/dags/dag_sql.py for tasks to queue
[2023-04-04T00:36:17.058+0000] {logging_mixin.py:137} INFO - [2023-04-04T00:36:17.058+0000] {dagbag.py:538} INFO - Filling up the DagBag from /opt/airflow/dags/dag_sql.py
[2023-04-04T00:36:17.756+0000] {processor.py:753} INFO - DAG(s) dict_keys(['dag_sql']) retrieved from /opt/airflow/dags/dag_sql.py
[2023-04-04T00:36:17.893+0000] {logging_mixin.py:137} INFO - [2023-04-04T00:36:17.893+0000] {dag.py:2690} INFO - Sync 1 DAGs
[2023-04-04T00:36:18.040+0000] {logging_mixin.py:137} INFO - [2023-04-04T00:36:18.040+0000] {dag.py:3441} INFO - Setting next_dagrun for dag_sql to 2023-04-03T23:30:00+00:00, run_after=2023-04-04T00:30:00+00:00
[2023-04-04T00:36:18.334+0000] {processor.py:175} INFO - Processing /opt/airflow/dags/dag_sql.py took 1.282 seconds
[2023-04-04T00:36:48.829+0000] {processor.py:153} INFO - Started process (PID=30205) to work on /opt/airflow/dags/dag_sql.py
[2023-04-04T00:36:48.830+0000] {processor.py:743} INFO - Processing file /opt/airflow/dags/dag_sql.py for tasks to queue
[2023-04-04T00:36:48.832+0000] {logging_mixin.py:137} INFO - [2023-04-04T00:36:48.831+0000] {dagbag.py:538} INFO - Filling up the DagBag from /opt/airflow/dags/dag_sql.py
[2023-04-04T00:36:48.968+0000] {processor.py:753} INFO - DAG(s) dict_keys(['dag_sql']) retrieved from /opt/airflow/dags/dag_sql.py
[2023-04-04T00:36:49.011+0000] {logging_mixin.py:137} INFO - [2023-04-04T00:36:49.011+0000] {dag.py:2690} INFO - Sync 1 DAGs
[2023-04-04T00:36:49.064+0000] {logging_mixin.py:137} INFO - [2023-04-04T00:36:49.064+0000] {dag.py:3441} INFO - Setting next_dagrun for dag_sql to 2023-04-03T23:30:00+00:00, run_after=2023-04-04T00:30:00+00:00
[2023-04-04T00:36:49.103+0000] {processor.py:175} INFO - Processing /opt/airflow/dags/dag_sql.py took 0.280 seconds
[2023-04-04T00:37:19.274+0000] {processor.py:153} INFO - Started process (PID=30240) to work on /opt/airflow/dags/dag_sql.py
[2023-04-04T00:37:19.275+0000] {processor.py:743} INFO - Processing file /opt/airflow/dags/dag_sql.py for tasks to queue
[2023-04-04T00:37:19.277+0000] {logging_mixin.py:137} INFO - [2023-04-04T00:37:19.276+0000] {dagbag.py:538} INFO - Filling up the DagBag from /opt/airflow/dags/dag_sql.py
[2023-04-04T00:37:19.369+0000] {processor.py:753} INFO - DAG(s) dict_keys(['dag_sql']) retrieved from /opt/airflow/dags/dag_sql.py
[2023-04-04T00:37:19.400+0000] {logging_mixin.py:137} INFO - [2023-04-04T00:37:19.399+0000] {dag.py:2690} INFO - Sync 1 DAGs
[2023-04-04T00:37:19.438+0000] {logging_mixin.py:137} INFO - [2023-04-04T00:37:19.437+0000] {dag.py:3441} INFO - Setting next_dagrun for dag_sql to 2023-04-03T23:30:00+00:00, run_after=2023-04-04T00:30:00+00:00
[2023-04-04T00:37:19.467+0000] {processor.py:175} INFO - Processing /opt/airflow/dags/dag_sql.py took 0.197 seconds
[2023-04-04T00:37:49.757+0000] {processor.py:153} INFO - Started process (PID=30282) to work on /opt/airflow/dags/dag_sql.py
[2023-04-04T00:37:49.758+0000] {processor.py:743} INFO - Processing file /opt/airflow/dags/dag_sql.py for tasks to queue
[2023-04-04T00:37:49.760+0000] {logging_mixin.py:137} INFO - [2023-04-04T00:37:49.760+0000] {dagbag.py:538} INFO - Filling up the DagBag from /opt/airflow/dags/dag_sql.py
[2023-04-04T00:37:49.891+0000] {processor.py:753} INFO - DAG(s) dict_keys(['dag_sql']) retrieved from /opt/airflow/dags/dag_sql.py
[2023-04-04T00:37:49.915+0000] {logging_mixin.py:137} INFO - [2023-04-04T00:37:49.915+0000] {dag.py:2690} INFO - Sync 1 DAGs
[2023-04-04T00:37:49.937+0000] {logging_mixin.py:137} INFO - [2023-04-04T00:37:49.937+0000] {dag.py:3441} INFO - Setting next_dagrun for dag_sql to 2023-04-03T23:30:00+00:00, run_after=2023-04-04T00:30:00+00:00
[2023-04-04T00:37:49.963+0000] {processor.py:175} INFO - Processing /opt/airflow/dags/dag_sql.py took 0.209 seconds
[2023-04-04T00:38:20.169+0000] {processor.py:153} INFO - Started process (PID=30317) to work on /opt/airflow/dags/dag_sql.py
[2023-04-04T00:38:20.170+0000] {processor.py:743} INFO - Processing file /opt/airflow/dags/dag_sql.py for tasks to queue
[2023-04-04T00:38:20.171+0000] {logging_mixin.py:137} INFO - [2023-04-04T00:38:20.171+0000] {dagbag.py:538} INFO - Filling up the DagBag from /opt/airflow/dags/dag_sql.py
[2023-04-04T00:38:20.256+0000] {processor.py:753} INFO - DAG(s) dict_keys(['dag_sql']) retrieved from /opt/airflow/dags/dag_sql.py
[2023-04-04T00:38:20.280+0000] {logging_mixin.py:137} INFO - [2023-04-04T00:38:20.280+0000] {dag.py:2690} INFO - Sync 1 DAGs
[2023-04-04T00:38:20.303+0000] {logging_mixin.py:137} INFO - [2023-04-04T00:38:20.303+0000] {dag.py:3441} INFO - Setting next_dagrun for dag_sql to 2023-04-03T23:30:00+00:00, run_after=2023-04-04T00:30:00+00:00
[2023-04-04T00:38:20.327+0000] {processor.py:175} INFO - Processing /opt/airflow/dags/dag_sql.py took 0.163 seconds
[2023-04-04T00:38:50.580+0000] {processor.py:153} INFO - Started process (PID=30352) to work on /opt/airflow/dags/dag_sql.py
[2023-04-04T00:38:50.581+0000] {processor.py:743} INFO - Processing file /opt/airflow/dags/dag_sql.py for tasks to queue
[2023-04-04T00:38:50.583+0000] {logging_mixin.py:137} INFO - [2023-04-04T00:38:50.583+0000] {dagbag.py:538} INFO - Filling up the DagBag from /opt/airflow/dags/dag_sql.py
[2023-04-04T00:38:50.661+0000] {processor.py:753} INFO - DAG(s) dict_keys(['dag_sql']) retrieved from /opt/airflow/dags/dag_sql.py
[2023-04-04T00:38:50.709+0000] {logging_mixin.py:137} INFO - [2023-04-04T00:38:50.709+0000] {dag.py:2690} INFO - Sync 1 DAGs
[2023-04-04T00:38:50.735+0000] {logging_mixin.py:137} INFO - [2023-04-04T00:38:50.735+0000] {dag.py:3441} INFO - Setting next_dagrun for dag_sql to 2023-04-03T23:30:00+00:00, run_after=2023-04-04T00:30:00+00:00
[2023-04-04T00:38:50.775+0000] {processor.py:175} INFO - Processing /opt/airflow/dags/dag_sql.py took 0.198 seconds
[2023-04-04T00:39:21.174+0000] {processor.py:153} INFO - Started process (PID=30402) to work on /opt/airflow/dags/dag_sql.py
[2023-04-04T00:39:21.176+0000] {processor.py:743} INFO - Processing file /opt/airflow/dags/dag_sql.py for tasks to queue
[2023-04-04T00:39:21.177+0000] {logging_mixin.py:137} INFO - [2023-04-04T00:39:21.177+0000] {dagbag.py:538} INFO - Filling up the DagBag from /opt/airflow/dags/dag_sql.py
[2023-04-04T00:39:21.292+0000] {processor.py:753} INFO - DAG(s) dict_keys(['dag_sql']) retrieved from /opt/airflow/dags/dag_sql.py
[2023-04-04T00:39:21.325+0000] {logging_mixin.py:137} INFO - [2023-04-04T00:39:21.325+0000] {dag.py:2690} INFO - Sync 1 DAGs
[2023-04-04T00:39:21.355+0000] {logging_mixin.py:137} INFO - [2023-04-04T00:39:21.355+0000] {dag.py:3441} INFO - Setting next_dagrun for dag_sql to 2023-04-03T23:30:00+00:00, run_after=2023-04-04T00:30:00+00:00
[2023-04-04T00:39:21.379+0000] {processor.py:175} INFO - Processing /opt/airflow/dags/dag_sql.py took 0.210 seconds
[2023-04-04T00:39:51.906+0000] {processor.py:153} INFO - Started process (PID=30436) to work on /opt/airflow/dags/dag_sql.py
[2023-04-04T00:39:51.907+0000] {processor.py:743} INFO - Processing file /opt/airflow/dags/dag_sql.py for tasks to queue
[2023-04-04T00:39:51.908+0000] {logging_mixin.py:137} INFO - [2023-04-04T00:39:51.908+0000] {dagbag.py:538} INFO - Filling up the DagBag from /opt/airflow/dags/dag_sql.py
[2023-04-04T00:39:52.000+0000] {processor.py:753} INFO - DAG(s) dict_keys(['dag_sql']) retrieved from /opt/airflow/dags/dag_sql.py
[2023-04-04T00:39:52.027+0000] {logging_mixin.py:137} INFO - [2023-04-04T00:39:52.026+0000] {dag.py:2690} INFO - Sync 1 DAGs
[2023-04-04T00:39:52.049+0000] {logging_mixin.py:137} INFO - [2023-04-04T00:39:52.048+0000] {dag.py:3441} INFO - Setting next_dagrun for dag_sql to 2023-04-03T23:30:00+00:00, run_after=2023-04-04T00:30:00+00:00
[2023-04-04T00:39:52.069+0000] {processor.py:175} INFO - Processing /opt/airflow/dags/dag_sql.py took 0.167 seconds
[2023-04-04T00:40:22.389+0000] {processor.py:153} INFO - Started process (PID=30471) to work on /opt/airflow/dags/dag_sql.py
[2023-04-04T00:40:22.390+0000] {processor.py:743} INFO - Processing file /opt/airflow/dags/dag_sql.py for tasks to queue
[2023-04-04T00:40:22.392+0000] {logging_mixin.py:137} INFO - [2023-04-04T00:40:22.392+0000] {dagbag.py:538} INFO - Filling up the DagBag from /opt/airflow/dags/dag_sql.py
[2023-04-04T00:40:22.528+0000] {processor.py:753} INFO - DAG(s) dict_keys(['dag_sql']) retrieved from /opt/airflow/dags/dag_sql.py
[2023-04-04T00:40:22.574+0000] {logging_mixin.py:137} INFO - [2023-04-04T00:40:22.573+0000] {dag.py:2690} INFO - Sync 1 DAGs
[2023-04-04T00:40:22.618+0000] {logging_mixin.py:137} INFO - [2023-04-04T00:40:22.618+0000] {dag.py:3441} INFO - Setting next_dagrun for dag_sql to 2023-04-03T23:30:00+00:00, run_after=2023-04-04T00:30:00+00:00
[2023-04-04T00:40:22.663+0000] {processor.py:175} INFO - Processing /opt/airflow/dags/dag_sql.py took 0.278 seconds
[2023-04-04T00:40:53.082+0000] {processor.py:153} INFO - Started process (PID=30506) to work on /opt/airflow/dags/dag_sql.py
[2023-04-04T00:40:53.084+0000] {processor.py:743} INFO - Processing file /opt/airflow/dags/dag_sql.py for tasks to queue
[2023-04-04T00:40:53.085+0000] {logging_mixin.py:137} INFO - [2023-04-04T00:40:53.085+0000] {dagbag.py:538} INFO - Filling up the DagBag from /opt/airflow/dags/dag_sql.py
[2023-04-04T00:40:53.220+0000] {processor.py:753} INFO - DAG(s) dict_keys(['dag_sql']) retrieved from /opt/airflow/dags/dag_sql.py
[2023-04-04T00:40:53.252+0000] {logging_mixin.py:137} INFO - [2023-04-04T00:40:53.252+0000] {dag.py:2690} INFO - Sync 1 DAGs
[2023-04-04T00:40:53.277+0000] {logging_mixin.py:137} INFO - [2023-04-04T00:40:53.277+0000] {dag.py:3441} INFO - Setting next_dagrun for dag_sql to 2023-04-03T23:30:00+00:00, run_after=2023-04-04T00:30:00+00:00
[2023-04-04T00:40:53.302+0000] {processor.py:175} INFO - Processing /opt/airflow/dags/dag_sql.py took 0.225 seconds
[2023-04-04T00:41:23.796+0000] {processor.py:153} INFO - Started process (PID=30556) to work on /opt/airflow/dags/dag_sql.py
[2023-04-04T00:41:23.804+0000] {processor.py:743} INFO - Processing file /opt/airflow/dags/dag_sql.py for tasks to queue
[2023-04-04T00:41:23.808+0000] {logging_mixin.py:137} INFO - [2023-04-04T00:41:23.807+0000] {dagbag.py:538} INFO - Filling up the DagBag from /opt/airflow/dags/dag_sql.py
[2023-04-04T00:41:24.057+0000] {processor.py:753} INFO - DAG(s) dict_keys(['dag_sql']) retrieved from /opt/airflow/dags/dag_sql.py
[2023-04-04T00:41:24.153+0000] {logging_mixin.py:137} INFO - [2023-04-04T00:41:24.152+0000] {dag.py:2690} INFO - Sync 1 DAGs
[2023-04-04T00:41:24.269+0000] {logging_mixin.py:137} INFO - [2023-04-04T00:41:24.269+0000] {dag.py:3441} INFO - Setting next_dagrun for dag_sql to 2023-04-03T23:30:00+00:00, run_after=2023-04-04T00:30:00+00:00
[2023-04-04T00:41:24.353+0000] {processor.py:175} INFO - Processing /opt/airflow/dags/dag_sql.py took 0.564 seconds
[2023-04-04T00:41:54.980+0000] {processor.py:153} INFO - Started process (PID=30590) to work on /opt/airflow/dags/dag_sql.py
[2023-04-04T00:41:54.981+0000] {processor.py:743} INFO - Processing file /opt/airflow/dags/dag_sql.py for tasks to queue
[2023-04-04T00:41:54.982+0000] {logging_mixin.py:137} INFO - [2023-04-04T00:41:54.982+0000] {dagbag.py:538} INFO - Filling up the DagBag from /opt/airflow/dags/dag_sql.py
[2023-04-04T00:41:55.110+0000] {processor.py:753} INFO - DAG(s) dict_keys(['dag_sql']) retrieved from /opt/airflow/dags/dag_sql.py
[2023-04-04T00:41:55.134+0000] {logging_mixin.py:137} INFO - [2023-04-04T00:41:55.134+0000] {dag.py:2690} INFO - Sync 1 DAGs
[2023-04-04T00:41:55.154+0000] {logging_mixin.py:137} INFO - [2023-04-04T00:41:55.153+0000] {dag.py:3441} INFO - Setting next_dagrun for dag_sql to 2023-04-03T23:30:00+00:00, run_after=2023-04-04T00:30:00+00:00
[2023-04-04T00:41:55.177+0000] {processor.py:175} INFO - Processing /opt/airflow/dags/dag_sql.py took 0.201 seconds
[2023-04-04T00:42:25.694+0000] {processor.py:153} INFO - Started process (PID=30625) to work on /opt/airflow/dags/dag_sql.py
[2023-04-04T00:42:25.695+0000] {processor.py:743} INFO - Processing file /opt/airflow/dags/dag_sql.py for tasks to queue
[2023-04-04T00:42:25.696+0000] {logging_mixin.py:137} INFO - [2023-04-04T00:42:25.696+0000] {dagbag.py:538} INFO - Filling up the DagBag from /opt/airflow/dags/dag_sql.py
[2023-04-04T00:42:25.768+0000] {processor.py:753} INFO - DAG(s) dict_keys(['dag_sql']) retrieved from /opt/airflow/dags/dag_sql.py
[2023-04-04T00:42:25.790+0000] {logging_mixin.py:137} INFO - [2023-04-04T00:42:25.790+0000] {dag.py:2690} INFO - Sync 1 DAGs
[2023-04-04T00:42:25.813+0000] {logging_mixin.py:137} INFO - [2023-04-04T00:42:25.812+0000] {dag.py:3441} INFO - Setting next_dagrun for dag_sql to 2023-04-03T23:30:00+00:00, run_after=2023-04-04T00:30:00+00:00
[2023-04-04T00:42:25.837+0000] {processor.py:175} INFO - Processing /opt/airflow/dags/dag_sql.py took 0.146 seconds
[2023-04-04T00:42:56.006+0000] {processor.py:153} INFO - Started process (PID=30676) to work on /opt/airflow/dags/dag_sql.py
[2023-04-04T00:42:56.008+0000] {processor.py:743} INFO - Processing file /opt/airflow/dags/dag_sql.py for tasks to queue
[2023-04-04T00:42:56.009+0000] {logging_mixin.py:137} INFO - [2023-04-04T00:42:56.009+0000] {dagbag.py:538} INFO - Filling up the DagBag from /opt/airflow/dags/dag_sql.py
[2023-04-04T00:42:56.108+0000] {processor.py:753} INFO - DAG(s) dict_keys(['dag_sql']) retrieved from /opt/airflow/dags/dag_sql.py
[2023-04-04T00:42:56.140+0000] {logging_mixin.py:137} INFO - [2023-04-04T00:42:56.139+0000] {dag.py:2690} INFO - Sync 1 DAGs
[2023-04-04T00:42:56.171+0000] {logging_mixin.py:137} INFO - [2023-04-04T00:42:56.171+0000] {dag.py:3441} INFO - Setting next_dagrun for dag_sql to 2023-04-03T23:30:00+00:00, run_after=2023-04-04T00:30:00+00:00
[2023-04-04T00:42:56.197+0000] {processor.py:175} INFO - Processing /opt/airflow/dags/dag_sql.py took 0.196 seconds
[2023-04-04T00:43:26.457+0000] {processor.py:153} INFO - Started process (PID=30711) to work on /opt/airflow/dags/dag_sql.py
[2023-04-04T00:43:26.458+0000] {processor.py:743} INFO - Processing file /opt/airflow/dags/dag_sql.py for tasks to queue
[2023-04-04T00:43:26.459+0000] {logging_mixin.py:137} INFO - [2023-04-04T00:43:26.459+0000] {dagbag.py:538} INFO - Filling up the DagBag from /opt/airflow/dags/dag_sql.py
[2023-04-04T00:43:26.556+0000] {processor.py:753} INFO - DAG(s) dict_keys(['dag_sql']) retrieved from /opt/airflow/dags/dag_sql.py
[2023-04-04T00:43:26.588+0000] {logging_mixin.py:137} INFO - [2023-04-04T00:43:26.588+0000] {dag.py:2690} INFO - Sync 1 DAGs
[2023-04-04T00:43:26.621+0000] {logging_mixin.py:137} INFO - [2023-04-04T00:43:26.621+0000] {dag.py:3441} INFO - Setting next_dagrun for dag_sql to 2023-04-03T23:30:00+00:00, run_after=2023-04-04T00:30:00+00:00
[2023-04-04T00:43:26.647+0000] {processor.py:175} INFO - Processing /opt/airflow/dags/dag_sql.py took 0.194 seconds
[2023-04-04T00:43:56.905+0000] {processor.py:153} INFO - Started process (PID=30745) to work on /opt/airflow/dags/dag_sql.py
[2023-04-04T00:43:56.914+0000] {processor.py:743} INFO - Processing file /opt/airflow/dags/dag_sql.py for tasks to queue
[2023-04-04T00:43:56.916+0000] {logging_mixin.py:137} INFO - [2023-04-04T00:43:56.916+0000] {dagbag.py:538} INFO - Filling up the DagBag from /opt/airflow/dags/dag_sql.py
[2023-04-04T00:43:57.178+0000] {processor.py:753} INFO - DAG(s) dict_keys(['dag_sql']) retrieved from /opt/airflow/dags/dag_sql.py
[2023-04-04T00:43:57.214+0000] {logging_mixin.py:137} INFO - [2023-04-04T00:43:57.213+0000] {dag.py:2690} INFO - Sync 1 DAGs
[2023-04-04T00:43:57.252+0000] {logging_mixin.py:137} INFO - [2023-04-04T00:43:57.252+0000] {dag.py:3441} INFO - Setting next_dagrun for dag_sql to 2023-04-03T23:30:00+00:00, run_after=2023-04-04T00:30:00+00:00
[2023-04-04T00:43:57.285+0000] {processor.py:175} INFO - Processing /opt/airflow/dags/dag_sql.py took 0.386 seconds
[2023-04-04T00:44:27.592+0000] {processor.py:153} INFO - Started process (PID=30796) to work on /opt/airflow/dags/dag_sql.py
[2023-04-04T00:44:27.594+0000] {processor.py:743} INFO - Processing file /opt/airflow/dags/dag_sql.py for tasks to queue
[2023-04-04T00:44:27.596+0000] {logging_mixin.py:137} INFO - [2023-04-04T00:44:27.595+0000] {dagbag.py:538} INFO - Filling up the DagBag from /opt/airflow/dags/dag_sql.py
[2023-04-04T00:44:27.726+0000] {processor.py:753} INFO - DAG(s) dict_keys(['dag_sql']) retrieved from /opt/airflow/dags/dag_sql.py
[2023-04-04T00:44:27.764+0000] {logging_mixin.py:137} INFO - [2023-04-04T00:44:27.764+0000] {dag.py:2690} INFO - Sync 1 DAGs
[2023-04-04T00:44:27.807+0000] {logging_mixin.py:137} INFO - [2023-04-04T00:44:27.807+0000] {dag.py:3441} INFO - Setting next_dagrun for dag_sql to 2023-04-03T23:30:00+00:00, run_after=2023-04-04T00:30:00+00:00
[2023-04-04T00:44:27.841+0000] {processor.py:175} INFO - Processing /opt/airflow/dags/dag_sql.py took 0.253 seconds
[2023-04-04T00:44:58.018+0000] {processor.py:153} INFO - Started process (PID=30831) to work on /opt/airflow/dags/dag_sql.py
[2023-04-04T00:44:58.020+0000] {processor.py:743} INFO - Processing file /opt/airflow/dags/dag_sql.py for tasks to queue
[2023-04-04T00:44:58.021+0000] {logging_mixin.py:137} INFO - [2023-04-04T00:44:58.021+0000] {dagbag.py:538} INFO - Filling up the DagBag from /opt/airflow/dags/dag_sql.py
[2023-04-04T00:44:58.133+0000] {processor.py:753} INFO - DAG(s) dict_keys(['dag_sql']) retrieved from /opt/airflow/dags/dag_sql.py
[2023-04-04T00:44:58.160+0000] {logging_mixin.py:137} INFO - [2023-04-04T00:44:58.160+0000] {dag.py:2690} INFO - Sync 1 DAGs
[2023-04-04T00:44:58.187+0000] {logging_mixin.py:137} INFO - [2023-04-04T00:44:58.187+0000] {dag.py:3441} INFO - Setting next_dagrun for dag_sql to 2023-04-03T23:30:00+00:00, run_after=2023-04-04T00:30:00+00:00
[2023-04-04T00:44:58.228+0000] {processor.py:175} INFO - Processing /opt/airflow/dags/dag_sql.py took 0.213 seconds
[2023-04-04T00:45:28.752+0000] {processor.py:153} INFO - Started process (PID=30882) to work on /opt/airflow/dags/dag_sql.py
[2023-04-04T00:45:28.754+0000] {processor.py:743} INFO - Processing file /opt/airflow/dags/dag_sql.py for tasks to queue
[2023-04-04T00:45:28.755+0000] {logging_mixin.py:137} INFO - [2023-04-04T00:45:28.755+0000] {dagbag.py:538} INFO - Filling up the DagBag from /opt/airflow/dags/dag_sql.py
[2023-04-04T00:45:28.855+0000] {processor.py:753} INFO - DAG(s) dict_keys(['dag_sql']) retrieved from /opt/airflow/dags/dag_sql.py
[2023-04-04T00:45:28.885+0000] {logging_mixin.py:137} INFO - [2023-04-04T00:45:28.885+0000] {dag.py:2690} INFO - Sync 1 DAGs
[2023-04-04T00:45:28.922+0000] {logging_mixin.py:137} INFO - [2023-04-04T00:45:28.922+0000] {dag.py:3441} INFO - Setting next_dagrun for dag_sql to 2023-04-03T23:30:00+00:00, run_after=2023-04-04T00:30:00+00:00
[2023-04-04T00:45:28.950+0000] {processor.py:175} INFO - Processing /opt/airflow/dags/dag_sql.py took 0.203 seconds
[2023-04-04T00:45:59.446+0000] {processor.py:153} INFO - Started process (PID=30917) to work on /opt/airflow/dags/dag_sql.py
[2023-04-04T00:45:59.447+0000] {processor.py:743} INFO - Processing file /opt/airflow/dags/dag_sql.py for tasks to queue
[2023-04-04T00:45:59.448+0000] {logging_mixin.py:137} INFO - [2023-04-04T00:45:59.448+0000] {dagbag.py:538} INFO - Filling up the DagBag from /opt/airflow/dags/dag_sql.py
[2023-04-04T00:45:59.708+0000] {processor.py:753} INFO - DAG(s) dict_keys(['dag_sql']) retrieved from /opt/airflow/dags/dag_sql.py
[2023-04-04T00:45:59.738+0000] {logging_mixin.py:137} INFO - [2023-04-04T00:45:59.738+0000] {dag.py:2690} INFO - Sync 1 DAGs
[2023-04-04T00:45:59.771+0000] {logging_mixin.py:137} INFO - [2023-04-04T00:45:59.771+0000] {dag.py:3441} INFO - Setting next_dagrun for dag_sql to 2023-04-03T23:30:00+00:00, run_after=2023-04-04T00:30:00+00:00
[2023-04-04T00:45:59.797+0000] {processor.py:175} INFO - Processing /opt/airflow/dags/dag_sql.py took 0.354 seconds
[2023-04-04T00:46:30.806+0000] {processor.py:153} INFO - Started process (PID=30968) to work on /opt/airflow/dags/dag_sql.py
[2023-04-04T00:46:30.808+0000] {processor.py:743} INFO - Processing file /opt/airflow/dags/dag_sql.py for tasks to queue
[2023-04-04T00:46:30.809+0000] {logging_mixin.py:137} INFO - [2023-04-04T00:46:30.809+0000] {dagbag.py:538} INFO - Filling up the DagBag from /opt/airflow/dags/dag_sql.py
[2023-04-04T00:46:30.937+0000] {processor.py:753} INFO - DAG(s) dict_keys(['dag_sql']) retrieved from /opt/airflow/dags/dag_sql.py
[2023-04-04T00:46:30.972+0000] {logging_mixin.py:137} INFO - [2023-04-04T00:46:30.971+0000] {dag.py:2690} INFO - Sync 1 DAGs
[2023-04-04T00:46:31.011+0000] {logging_mixin.py:137} INFO - [2023-04-04T00:46:31.010+0000] {dag.py:3441} INFO - Setting next_dagrun for dag_sql to 2023-04-03T23:30:00+00:00, run_after=2023-04-04T00:30:00+00:00
[2023-04-04T00:46:31.041+0000] {processor.py:175} INFO - Processing /opt/airflow/dags/dag_sql.py took 0.241 seconds
[2023-04-04T00:47:01.188+0000] {processor.py:153} INFO - Started process (PID=31003) to work on /opt/airflow/dags/dag_sql.py
[2023-04-04T00:47:01.189+0000] {processor.py:743} INFO - Processing file /opt/airflow/dags/dag_sql.py for tasks to queue
[2023-04-04T00:47:01.191+0000] {logging_mixin.py:137} INFO - [2023-04-04T00:47:01.191+0000] {dagbag.py:538} INFO - Filling up the DagBag from /opt/airflow/dags/dag_sql.py
[2023-04-04T00:47:01.317+0000] {processor.py:753} INFO - DAG(s) dict_keys(['dag_sql']) retrieved from /opt/airflow/dags/dag_sql.py
[2023-04-04T00:47:01.354+0000] {logging_mixin.py:137} INFO - [2023-04-04T00:47:01.354+0000] {dag.py:2690} INFO - Sync 1 DAGs
[2023-04-04T00:47:01.388+0000] {logging_mixin.py:137} INFO - [2023-04-04T00:47:01.387+0000] {dag.py:3441} INFO - Setting next_dagrun for dag_sql to 2023-04-03T23:30:00+00:00, run_after=2023-04-04T00:30:00+00:00
[2023-04-04T00:47:01.409+0000] {processor.py:175} INFO - Processing /opt/airflow/dags/dag_sql.py took 0.225 seconds
[2023-04-04T00:47:31.567+0000] {processor.py:153} INFO - Started process (PID=31047) to work on /opt/airflow/dags/dag_sql.py
[2023-04-04T00:47:31.568+0000] {processor.py:743} INFO - Processing file /opt/airflow/dags/dag_sql.py for tasks to queue
[2023-04-04T00:47:31.570+0000] {logging_mixin.py:137} INFO - [2023-04-04T00:47:31.570+0000] {dagbag.py:538} INFO - Filling up the DagBag from /opt/airflow/dags/dag_sql.py
[2023-04-04T00:47:31.676+0000] {processor.py:753} INFO - DAG(s) dict_keys(['dag_sql']) retrieved from /opt/airflow/dags/dag_sql.py
[2023-04-04T00:47:31.701+0000] {logging_mixin.py:137} INFO - [2023-04-04T00:47:31.701+0000] {dag.py:2690} INFO - Sync 1 DAGs
[2023-04-04T00:47:31.732+0000] {logging_mixin.py:137} INFO - [2023-04-04T00:47:31.732+0000] {dag.py:3441} INFO - Setting next_dagrun for dag_sql to 2023-04-03T23:30:00+00:00, run_after=2023-04-04T00:30:00+00:00
[2023-04-04T00:47:31.752+0000] {processor.py:175} INFO - Processing /opt/airflow/dags/dag_sql.py took 0.190 seconds
[2023-04-04T00:48:02.835+0000] {processor.py:153} INFO - Started process (PID=31089) to work on /opt/airflow/dags/dag_sql.py
[2023-04-04T00:48:02.837+0000] {processor.py:743} INFO - Processing file /opt/airflow/dags/dag_sql.py for tasks to queue
[2023-04-04T00:48:02.838+0000] {logging_mixin.py:137} INFO - [2023-04-04T00:48:02.838+0000] {dagbag.py:538} INFO - Filling up the DagBag from /opt/airflow/dags/dag_sql.py
[2023-04-04T00:48:04.310+0000] {processor.py:753} INFO - DAG(s) dict_keys(['dag_sql']) retrieved from /opt/airflow/dags/dag_sql.py
[2023-04-04T00:48:04.350+0000] {logging_mixin.py:137} INFO - [2023-04-04T00:48:04.349+0000] {dag.py:2690} INFO - Sync 1 DAGs
[2023-04-04T00:48:04.409+0000] {logging_mixin.py:137} INFO - [2023-04-04T00:48:04.409+0000] {dag.py:3441} INFO - Setting next_dagrun for dag_sql to 2023-04-03T23:30:00+00:00, run_after=2023-04-04T00:30:00+00:00
[2023-04-04T00:48:04.466+0000] {processor.py:175} INFO - Processing /opt/airflow/dags/dag_sql.py took 1.634 seconds
[2023-04-04T00:48:35.003+0000] {processor.py:153} INFO - Started process (PID=31124) to work on /opt/airflow/dags/dag_sql.py
[2023-04-04T00:48:35.005+0000] {processor.py:743} INFO - Processing file /opt/airflow/dags/dag_sql.py for tasks to queue
[2023-04-04T00:48:35.006+0000] {logging_mixin.py:137} INFO - [2023-04-04T00:48:35.006+0000] {dagbag.py:538} INFO - Filling up the DagBag from /opt/airflow/dags/dag_sql.py
[2023-04-04T00:48:35.117+0000] {processor.py:753} INFO - DAG(s) dict_keys(['dag_sql']) retrieved from /opt/airflow/dags/dag_sql.py
[2023-04-04T00:48:35.143+0000] {logging_mixin.py:137} INFO - [2023-04-04T00:48:35.142+0000] {dag.py:2690} INFO - Sync 1 DAGs
[2023-04-04T00:48:35.166+0000] {logging_mixin.py:137} INFO - [2023-04-04T00:48:35.166+0000] {dag.py:3441} INFO - Setting next_dagrun for dag_sql to 2023-04-03T23:30:00+00:00, run_after=2023-04-04T00:30:00+00:00
[2023-04-04T00:48:35.190+0000] {processor.py:175} INFO - Processing /opt/airflow/dags/dag_sql.py took 0.192 seconds
[2023-04-04T00:49:05.383+0000] {processor.py:153} INFO - Started process (PID=31159) to work on /opt/airflow/dags/dag_sql.py
[2023-04-04T00:49:05.384+0000] {processor.py:743} INFO - Processing file /opt/airflow/dags/dag_sql.py for tasks to queue
[2023-04-04T00:49:05.386+0000] {logging_mixin.py:137} INFO - [2023-04-04T00:49:05.385+0000] {dagbag.py:538} INFO - Filling up the DagBag from /opt/airflow/dags/dag_sql.py
[2023-04-04T00:49:05.487+0000] {processor.py:753} INFO - DAG(s) dict_keys(['dag_sql']) retrieved from /opt/airflow/dags/dag_sql.py
[2023-04-04T00:49:05.524+0000] {logging_mixin.py:137} INFO - [2023-04-04T00:49:05.524+0000] {dag.py:2690} INFO - Sync 1 DAGs
[2023-04-04T00:49:05.550+0000] {logging_mixin.py:137} INFO - [2023-04-04T00:49:05.550+0000] {dag.py:3441} INFO - Setting next_dagrun for dag_sql to 2023-04-03T23:30:00+00:00, run_after=2023-04-04T00:30:00+00:00
[2023-04-04T00:49:05.574+0000] {processor.py:175} INFO - Processing /opt/airflow/dags/dag_sql.py took 0.195 seconds
[2023-04-04T00:49:35.677+0000] {processor.py:153} INFO - Started process (PID=31210) to work on /opt/airflow/dags/dag_sql.py
[2023-04-04T00:49:35.679+0000] {processor.py:743} INFO - Processing file /opt/airflow/dags/dag_sql.py for tasks to queue
[2023-04-04T00:49:35.680+0000] {logging_mixin.py:137} INFO - [2023-04-04T00:49:35.680+0000] {dagbag.py:538} INFO - Filling up the DagBag from /opt/airflow/dags/dag_sql.py
[2023-04-04T00:49:35.802+0000] {processor.py:753} INFO - DAG(s) dict_keys(['dag_sql']) retrieved from /opt/airflow/dags/dag_sql.py
[2023-04-04T00:49:35.827+0000] {logging_mixin.py:137} INFO - [2023-04-04T00:49:35.826+0000] {dag.py:2690} INFO - Sync 1 DAGs
[2023-04-04T00:49:35.851+0000] {logging_mixin.py:137} INFO - [2023-04-04T00:49:35.851+0000] {dag.py:3441} INFO - Setting next_dagrun for dag_sql to 2023-04-03T23:30:00+00:00, run_after=2023-04-04T00:30:00+00:00
[2023-04-04T00:49:35.873+0000] {processor.py:175} INFO - Processing /opt/airflow/dags/dag_sql.py took 0.200 seconds
[2023-04-04T00:50:06.142+0000] {processor.py:153} INFO - Started process (PID=31245) to work on /opt/airflow/dags/dag_sql.py
[2023-04-04T00:50:06.143+0000] {processor.py:743} INFO - Processing file /opt/airflow/dags/dag_sql.py for tasks to queue
[2023-04-04T00:50:06.145+0000] {logging_mixin.py:137} INFO - [2023-04-04T00:50:06.145+0000] {dagbag.py:538} INFO - Filling up the DagBag from /opt/airflow/dags/dag_sql.py
[2023-04-04T00:50:06.260+0000] {processor.py:753} INFO - DAG(s) dict_keys(['dag_sql']) retrieved from /opt/airflow/dags/dag_sql.py
[2023-04-04T00:50:06.286+0000] {logging_mixin.py:137} INFO - [2023-04-04T00:50:06.286+0000] {dag.py:2690} INFO - Sync 1 DAGs
[2023-04-04T00:50:06.308+0000] {logging_mixin.py:137} INFO - [2023-04-04T00:50:06.308+0000] {dag.py:3441} INFO - Setting next_dagrun for dag_sql to 2023-04-03T23:30:00+00:00, run_after=2023-04-04T00:30:00+00:00
[2023-04-04T00:50:06.332+0000] {processor.py:175} INFO - Processing /opt/airflow/dags/dag_sql.py took 0.193 seconds
[2023-04-04T04:08:31.409+0000] {processor.py:153} INFO - Started process (PID=31273) to work on /opt/airflow/dags/dag_sql.py
[2023-04-04T04:08:31.410+0000] {processor.py:743} INFO - Processing file /opt/airflow/dags/dag_sql.py for tasks to queue
[2023-04-04T04:08:31.429+0000] {logging_mixin.py:137} INFO - [2023-04-04T04:08:31.429+0000] {dagbag.py:538} INFO - Filling up the DagBag from /opt/airflow/dags/dag_sql.py
[2023-04-04T04:08:32.114+0000] {processor.py:753} INFO - DAG(s) dict_keys(['dag_sql']) retrieved from /opt/airflow/dags/dag_sql.py
[2023-04-04T04:08:32.193+0000] {logging_mixin.py:137} INFO - [2023-04-04T04:08:32.192+0000] {dag.py:2690} INFO - Sync 1 DAGs
[2023-04-04T04:08:32.646+0000] {logging_mixin.py:137} INFO - [2023-04-04T04:08:32.646+0000] {dag.py:3441} INFO - Setting next_dagrun for dag_sql to 2023-04-04T02:30:00+00:00, run_after=2023-04-04T03:30:00+00:00
[2023-04-04T04:08:32.942+0000] {processor.py:175} INFO - Processing /opt/airflow/dags/dag_sql.py took 1.538 seconds
