[2023-04-04T00:00:29.388+0000] {processor.py:153} INFO - Started process (PID=27740) to work on /opt/airflow/dags/gcs_to_bq.py
[2023-04-04T00:00:29.390+0000] {processor.py:743} INFO - Processing file /opt/airflow/dags/gcs_to_bq.py for tasks to queue
[2023-04-04T00:00:29.392+0000] {logging_mixin.py:137} INFO - [2023-04-04T00:00:29.392+0000] {dagbag.py:538} INFO - Filling up the DagBag from /opt/airflow/dags/gcs_to_bq.py
[2023-04-04T00:00:30.415+0000] {processor.py:753} INFO - DAG(s) dict_keys(['gsc_to_bq']) retrieved from /opt/airflow/dags/gcs_to_bq.py
[2023-04-04T00:00:30.451+0000] {logging_mixin.py:137} INFO - [2023-04-04T00:00:30.451+0000] {dag.py:2690} INFO - Sync 1 DAGs
[2023-04-04T00:00:30.498+0000] {logging_mixin.py:137} INFO - [2023-04-04T00:00:30.498+0000] {dag.py:3441} INFO - Setting next_dagrun for gsc_to_bq to 2023-04-03T00:00:00+00:00, run_after=2023-04-04T00:00:00+00:00
[2023-04-04T00:00:30.538+0000] {processor.py:175} INFO - Processing /opt/airflow/dags/gcs_to_bq.py took 1.155 seconds
[2023-04-04T00:01:01.280+0000] {processor.py:153} INFO - Started process (PID=27783) to work on /opt/airflow/dags/gcs_to_bq.py
[2023-04-04T00:01:01.286+0000] {processor.py:743} INFO - Processing file /opt/airflow/dags/gcs_to_bq.py for tasks to queue
[2023-04-04T00:01:01.290+0000] {logging_mixin.py:137} INFO - [2023-04-04T00:01:01.290+0000] {dagbag.py:538} INFO - Filling up the DagBag from /opt/airflow/dags/gcs_to_bq.py
[2023-04-04T00:01:02.760+0000] {processor.py:753} INFO - DAG(s) dict_keys(['gsc_to_bq']) retrieved from /opt/airflow/dags/gcs_to_bq.py
[2023-04-04T00:01:02.807+0000] {logging_mixin.py:137} INFO - [2023-04-04T00:01:02.806+0000] {dag.py:2690} INFO - Sync 1 DAGs
[2023-04-04T00:01:02.883+0000] {logging_mixin.py:137} INFO - [2023-04-04T00:01:02.882+0000] {dag.py:3441} INFO - Setting next_dagrun for gsc_to_bq to 2023-04-03T00:00:00+00:00, run_after=2023-04-04T00:00:00+00:00
[2023-04-04T00:01:03.051+0000] {processor.py:175} INFO - Processing /opt/airflow/dags/gcs_to_bq.py took 1.779 seconds
[2023-04-04T00:01:33.376+0000] {processor.py:153} INFO - Started process (PID=27818) to work on /opt/airflow/dags/gcs_to_bq.py
[2023-04-04T00:01:33.379+0000] {processor.py:743} INFO - Processing file /opt/airflow/dags/gcs_to_bq.py for tasks to queue
[2023-04-04T00:01:33.386+0000] {logging_mixin.py:137} INFO - [2023-04-04T00:01:33.385+0000] {dagbag.py:538} INFO - Filling up the DagBag from /opt/airflow/dags/gcs_to_bq.py
[2023-04-04T00:01:35.138+0000] {processor.py:753} INFO - DAG(s) dict_keys(['gsc_to_bq']) retrieved from /opt/airflow/dags/gcs_to_bq.py
[2023-04-04T00:01:35.172+0000] {logging_mixin.py:137} INFO - [2023-04-04T00:01:35.171+0000] {dag.py:2690} INFO - Sync 1 DAGs
[2023-04-04T00:01:35.219+0000] {logging_mixin.py:137} INFO - [2023-04-04T00:01:35.218+0000] {dag.py:3441} INFO - Setting next_dagrun for gsc_to_bq to 2023-04-03T00:00:00+00:00, run_after=2023-04-04T00:00:00+00:00
[2023-04-04T00:01:35.256+0000] {processor.py:175} INFO - Processing /opt/airflow/dags/gcs_to_bq.py took 1.889 seconds
[2023-04-04T00:02:05.397+0000] {processor.py:153} INFO - Started process (PID=27859) to work on /opt/airflow/dags/gcs_to_bq.py
[2023-04-04T00:02:05.399+0000] {processor.py:743} INFO - Processing file /opt/airflow/dags/gcs_to_bq.py for tasks to queue
[2023-04-04T00:02:05.401+0000] {logging_mixin.py:137} INFO - [2023-04-04T00:02:05.401+0000] {dagbag.py:538} INFO - Filling up the DagBag from /opt/airflow/dags/gcs_to_bq.py
[2023-04-04T00:02:08.736+0000] {processor.py:753} INFO - DAG(s) dict_keys(['gsc_to_bq']) retrieved from /opt/airflow/dags/gcs_to_bq.py
[2023-04-04T00:02:08.817+0000] {logging_mixin.py:137} INFO - [2023-04-04T00:02:08.817+0000] {dag.py:2690} INFO - Sync 1 DAGs
[2023-04-04T00:02:08.887+0000] {logging_mixin.py:137} INFO - [2023-04-04T00:02:08.887+0000] {dag.py:3441} INFO - Setting next_dagrun for gsc_to_bq to 2023-04-03T00:00:00+00:00, run_after=2023-04-04T00:00:00+00:00
[2023-04-04T00:02:08.942+0000] {processor.py:175} INFO - Processing /opt/airflow/dags/gcs_to_bq.py took 3.552 seconds
[2023-04-04T00:02:39.567+0000] {processor.py:153} INFO - Started process (PID=27894) to work on /opt/airflow/dags/gcs_to_bq.py
[2023-04-04T00:02:39.570+0000] {processor.py:743} INFO - Processing file /opt/airflow/dags/gcs_to_bq.py for tasks to queue
[2023-04-04T00:02:39.573+0000] {logging_mixin.py:137} INFO - [2023-04-04T00:02:39.572+0000] {dagbag.py:538} INFO - Filling up the DagBag from /opt/airflow/dags/gcs_to_bq.py
[2023-04-04T00:02:40.656+0000] {processor.py:753} INFO - DAG(s) dict_keys(['gsc_to_bq']) retrieved from /opt/airflow/dags/gcs_to_bq.py
[2023-04-04T00:02:40.688+0000] {logging_mixin.py:137} INFO - [2023-04-04T00:02:40.687+0000] {dag.py:2690} INFO - Sync 1 DAGs
[2023-04-04T00:02:40.719+0000] {logging_mixin.py:137} INFO - [2023-04-04T00:02:40.719+0000] {dag.py:3441} INFO - Setting next_dagrun for gsc_to_bq to 2023-04-03T00:00:00+00:00, run_after=2023-04-04T00:00:00+00:00
[2023-04-04T00:02:40.751+0000] {processor.py:175} INFO - Processing /opt/airflow/dags/gcs_to_bq.py took 1.195 seconds
[2023-04-04T00:03:11.395+0000] {processor.py:153} INFO - Started process (PID=27929) to work on /opt/airflow/dags/gcs_to_bq.py
[2023-04-04T00:03:11.397+0000] {processor.py:743} INFO - Processing file /opt/airflow/dags/gcs_to_bq.py for tasks to queue
[2023-04-04T00:03:11.399+0000] {logging_mixin.py:137} INFO - [2023-04-04T00:03:11.399+0000] {dagbag.py:538} INFO - Filling up the DagBag from /opt/airflow/dags/gcs_to_bq.py
[2023-04-04T00:03:12.669+0000] {processor.py:753} INFO - DAG(s) dict_keys(['gsc_to_bq']) retrieved from /opt/airflow/dags/gcs_to_bq.py
[2023-04-04T00:03:12.706+0000] {logging_mixin.py:137} INFO - [2023-04-04T00:03:12.706+0000] {dag.py:2690} INFO - Sync 1 DAGs
[2023-04-04T00:03:12.745+0000] {logging_mixin.py:137} INFO - [2023-04-04T00:03:12.745+0000] {dag.py:3441} INFO - Setting next_dagrun for gsc_to_bq to 2023-04-03T00:00:00+00:00, run_after=2023-04-04T00:00:00+00:00
[2023-04-04T00:03:12.778+0000] {processor.py:175} INFO - Processing /opt/airflow/dags/gcs_to_bq.py took 1.387 seconds
[2023-04-04T00:03:43.415+0000] {processor.py:153} INFO - Started process (PID=27964) to work on /opt/airflow/dags/gcs_to_bq.py
[2023-04-04T00:03:43.416+0000] {processor.py:743} INFO - Processing file /opt/airflow/dags/gcs_to_bq.py for tasks to queue
[2023-04-04T00:03:43.418+0000] {logging_mixin.py:137} INFO - [2023-04-04T00:03:43.418+0000] {dagbag.py:538} INFO - Filling up the DagBag from /opt/airflow/dags/gcs_to_bq.py
[2023-04-04T00:03:44.558+0000] {processor.py:753} INFO - DAG(s) dict_keys(['gsc_to_bq']) retrieved from /opt/airflow/dags/gcs_to_bq.py
[2023-04-04T00:03:44.597+0000] {logging_mixin.py:137} INFO - [2023-04-04T00:03:44.597+0000] {dag.py:2690} INFO - Sync 1 DAGs
[2023-04-04T00:03:44.637+0000] {logging_mixin.py:137} INFO - [2023-04-04T00:03:44.637+0000] {dag.py:3441} INFO - Setting next_dagrun for gsc_to_bq to 2023-04-03T00:00:00+00:00, run_after=2023-04-04T00:00:00+00:00
[2023-04-04T00:03:44.680+0000] {processor.py:175} INFO - Processing /opt/airflow/dags/gcs_to_bq.py took 1.271 seconds
[2023-04-04T00:04:15.320+0000] {processor.py:153} INFO - Started process (PID=27999) to work on /opt/airflow/dags/gcs_to_bq.py
[2023-04-04T00:04:15.321+0000] {processor.py:743} INFO - Processing file /opt/airflow/dags/gcs_to_bq.py for tasks to queue
[2023-04-04T00:04:15.323+0000] {logging_mixin.py:137} INFO - [2023-04-04T00:04:15.323+0000] {dagbag.py:538} INFO - Filling up the DagBag from /opt/airflow/dags/gcs_to_bq.py
[2023-04-04T00:04:16.536+0000] {processor.py:753} INFO - DAG(s) dict_keys(['gsc_to_bq']) retrieved from /opt/airflow/dags/gcs_to_bq.py
[2023-04-04T00:04:16.585+0000] {logging_mixin.py:137} INFO - [2023-04-04T00:04:16.584+0000] {dag.py:2690} INFO - Sync 1 DAGs
[2023-04-04T00:04:16.664+0000] {logging_mixin.py:137} INFO - [2023-04-04T00:04:16.663+0000] {dag.py:3441} INFO - Setting next_dagrun for gsc_to_bq to 2023-04-03T00:00:00+00:00, run_after=2023-04-04T00:00:00+00:00
[2023-04-04T00:04:16.734+0000] {processor.py:175} INFO - Processing /opt/airflow/dags/gcs_to_bq.py took 1.427 seconds
[2023-04-04T00:04:47.532+0000] {processor.py:153} INFO - Started process (PID=28050) to work on /opt/airflow/dags/gcs_to_bq.py
[2023-04-04T00:04:47.533+0000] {processor.py:743} INFO - Processing file /opt/airflow/dags/gcs_to_bq.py for tasks to queue
[2023-04-04T00:04:47.535+0000] {logging_mixin.py:137} INFO - [2023-04-04T00:04:47.535+0000] {dagbag.py:538} INFO - Filling up the DagBag from /opt/airflow/dags/gcs_to_bq.py
[2023-04-04T00:04:48.954+0000] {processor.py:753} INFO - DAG(s) dict_keys(['gsc_to_bq']) retrieved from /opt/airflow/dags/gcs_to_bq.py
[2023-04-04T00:04:48.997+0000] {logging_mixin.py:137} INFO - [2023-04-04T00:04:48.996+0000] {dag.py:2690} INFO - Sync 1 DAGs
[2023-04-04T00:04:49.043+0000] {logging_mixin.py:137} INFO - [2023-04-04T00:04:49.043+0000] {dag.py:3441} INFO - Setting next_dagrun for gsc_to_bq to 2023-04-03T00:00:00+00:00, run_after=2023-04-04T00:00:00+00:00
[2023-04-04T00:04:49.087+0000] {processor.py:175} INFO - Processing /opt/airflow/dags/gcs_to_bq.py took 1.561 seconds
[2023-04-04T00:05:20.228+0000] {processor.py:153} INFO - Started process (PID=28084) to work on /opt/airflow/dags/gcs_to_bq.py
[2023-04-04T00:05:20.252+0000] {processor.py:743} INFO - Processing file /opt/airflow/dags/gcs_to_bq.py for tasks to queue
[2023-04-04T00:05:20.260+0000] {logging_mixin.py:137} INFO - [2023-04-04T00:05:20.259+0000] {dagbag.py:538} INFO - Filling up the DagBag from /opt/airflow/dags/gcs_to_bq.py
[2023-04-04T00:05:24.479+0000] {processor.py:753} INFO - DAG(s) dict_keys(['gsc_to_bq']) retrieved from /opt/airflow/dags/gcs_to_bq.py
[2023-04-04T00:05:24.593+0000] {logging_mixin.py:137} INFO - [2023-04-04T00:05:24.592+0000] {dag.py:2690} INFO - Sync 1 DAGs
[2023-04-04T00:05:24.693+0000] {logging_mixin.py:137} INFO - [2023-04-04T00:05:24.693+0000] {dag.py:3441} INFO - Setting next_dagrun for gsc_to_bq to 2023-04-03T00:00:00+00:00, run_after=2023-04-04T00:00:00+00:00
[2023-04-04T00:05:24.787+0000] {processor.py:175} INFO - Processing /opt/airflow/dags/gcs_to_bq.py took 4.566 seconds
[2023-04-04T00:05:55.213+0000] {processor.py:153} INFO - Started process (PID=28112) to work on /opt/airflow/dags/gcs_to_bq.py
[2023-04-04T00:05:55.217+0000] {processor.py:743} INFO - Processing file /opt/airflow/dags/gcs_to_bq.py for tasks to queue
[2023-04-04T00:05:55.225+0000] {logging_mixin.py:137} INFO - [2023-04-04T00:05:55.224+0000] {dagbag.py:538} INFO - Filling up the DagBag from /opt/airflow/dags/gcs_to_bq.py
[2023-04-04T00:05:59.295+0000] {processor.py:753} INFO - DAG(s) dict_keys(['gsc_to_bq']) retrieved from /opt/airflow/dags/gcs_to_bq.py
[2023-04-04T00:05:59.430+0000] {logging_mixin.py:137} INFO - [2023-04-04T00:05:59.420+0000] {dag.py:2690} INFO - Sync 1 DAGs
[2023-04-04T00:05:59.547+0000] {logging_mixin.py:137} INFO - [2023-04-04T00:05:59.547+0000] {dag.py:3441} INFO - Setting next_dagrun for gsc_to_bq to 2023-04-03T00:00:00+00:00, run_after=2023-04-04T00:00:00+00:00
[2023-04-04T00:05:59.654+0000] {processor.py:175} INFO - Processing /opt/airflow/dags/gcs_to_bq.py took 4.461 seconds
[2023-04-04T00:06:30.090+0000] {processor.py:153} INFO - Started process (PID=28139) to work on /opt/airflow/dags/gcs_to_bq.py
[2023-04-04T00:06:30.093+0000] {processor.py:743} INFO - Processing file /opt/airflow/dags/gcs_to_bq.py for tasks to queue
[2023-04-04T00:06:30.095+0000] {logging_mixin.py:137} INFO - [2023-04-04T00:06:30.095+0000] {dagbag.py:538} INFO - Filling up the DagBag from /opt/airflow/dags/gcs_to_bq.py
[2023-04-04T00:06:31.240+0000] {processor.py:753} INFO - DAG(s) dict_keys(['gsc_to_bq']) retrieved from /opt/airflow/dags/gcs_to_bq.py
[2023-04-04T00:06:31.271+0000] {logging_mixin.py:137} INFO - [2023-04-04T00:06:31.270+0000] {dag.py:2690} INFO - Sync 1 DAGs
[2023-04-04T00:06:31.309+0000] {logging_mixin.py:137} INFO - [2023-04-04T00:06:31.308+0000] {dag.py:3441} INFO - Setting next_dagrun for gsc_to_bq to 2023-04-03T00:00:00+00:00, run_after=2023-04-04T00:00:00+00:00
[2023-04-04T00:06:31.335+0000] {processor.py:175} INFO - Processing /opt/airflow/dags/gcs_to_bq.py took 1.254 seconds
[2023-04-04T00:07:01.686+0000] {processor.py:153} INFO - Started process (PID=28174) to work on /opt/airflow/dags/gcs_to_bq.py
[2023-04-04T00:07:01.689+0000] {processor.py:743} INFO - Processing file /opt/airflow/dags/gcs_to_bq.py for tasks to queue
[2023-04-04T00:07:01.692+0000] {logging_mixin.py:137} INFO - [2023-04-04T00:07:01.691+0000] {dagbag.py:538} INFO - Filling up the DagBag from /opt/airflow/dags/gcs_to_bq.py
[2023-04-04T00:07:03.377+0000] {processor.py:753} INFO - DAG(s) dict_keys(['gsc_to_bq']) retrieved from /opt/airflow/dags/gcs_to_bq.py
[2023-04-04T00:07:03.438+0000] {logging_mixin.py:137} INFO - [2023-04-04T00:07:03.436+0000] {dag.py:2690} INFO - Sync 1 DAGs
[2023-04-04T00:07:03.499+0000] {logging_mixin.py:137} INFO - [2023-04-04T00:07:03.499+0000] {dag.py:3441} INFO - Setting next_dagrun for gsc_to_bq to 2023-04-03T00:00:00+00:00, run_after=2023-04-04T00:00:00+00:00
[2023-04-04T00:07:03.540+0000] {processor.py:175} INFO - Processing /opt/airflow/dags/gcs_to_bq.py took 1.860 seconds
[2023-04-04T00:07:34.324+0000] {processor.py:153} INFO - Started process (PID=28218) to work on /opt/airflow/dags/gcs_to_bq.py
[2023-04-04T00:07:34.340+0000] {processor.py:743} INFO - Processing file /opt/airflow/dags/gcs_to_bq.py for tasks to queue
[2023-04-04T00:07:34.351+0000] {logging_mixin.py:137} INFO - [2023-04-04T00:07:34.350+0000] {dagbag.py:538} INFO - Filling up the DagBag from /opt/airflow/dags/gcs_to_bq.py
[2023-04-04T00:07:36.117+0000] {processor.py:753} INFO - DAG(s) dict_keys(['gsc_to_bq']) retrieved from /opt/airflow/dags/gcs_to_bq.py
[2023-04-04T00:07:36.147+0000] {logging_mixin.py:137} INFO - [2023-04-04T00:07:36.146+0000] {dag.py:2690} INFO - Sync 1 DAGs
[2023-04-04T00:07:36.191+0000] {logging_mixin.py:137} INFO - [2023-04-04T00:07:36.191+0000] {dag.py:3441} INFO - Setting next_dagrun for gsc_to_bq to 2023-04-03T00:00:00+00:00, run_after=2023-04-04T00:00:00+00:00
[2023-04-04T00:07:36.228+0000] {processor.py:175} INFO - Processing /opt/airflow/dags/gcs_to_bq.py took 1.911 seconds
[2023-04-04T00:08:06.852+0000] {processor.py:153} INFO - Started process (PID=28260) to work on /opt/airflow/dags/gcs_to_bq.py
[2023-04-04T00:08:06.856+0000] {processor.py:743} INFO - Processing file /opt/airflow/dags/gcs_to_bq.py for tasks to queue
[2023-04-04T00:08:06.859+0000] {logging_mixin.py:137} INFO - [2023-04-04T00:08:06.858+0000] {dagbag.py:538} INFO - Filling up the DagBag from /opt/airflow/dags/gcs_to_bq.py
[2023-04-04T00:08:08.106+0000] {processor.py:753} INFO - DAG(s) dict_keys(['gsc_to_bq']) retrieved from /opt/airflow/dags/gcs_to_bq.py
[2023-04-04T00:08:08.147+0000] {logging_mixin.py:137} INFO - [2023-04-04T00:08:08.146+0000] {dag.py:2690} INFO - Sync 1 DAGs
[2023-04-04T00:08:08.204+0000] {logging_mixin.py:137} INFO - [2023-04-04T00:08:08.203+0000] {dag.py:3441} INFO - Setting next_dagrun for gsc_to_bq to 2023-04-03T00:00:00+00:00, run_after=2023-04-04T00:00:00+00:00
[2023-04-04T00:08:08.260+0000] {processor.py:175} INFO - Processing /opt/airflow/dags/gcs_to_bq.py took 1.415 seconds
[2023-04-04T00:08:39.030+0000] {processor.py:153} INFO - Started process (PID=28295) to work on /opt/airflow/dags/gcs_to_bq.py
[2023-04-04T00:08:39.031+0000] {processor.py:743} INFO - Processing file /opt/airflow/dags/gcs_to_bq.py for tasks to queue
[2023-04-04T00:08:39.033+0000] {logging_mixin.py:137} INFO - [2023-04-04T00:08:39.033+0000] {dagbag.py:538} INFO - Filling up the DagBag from /opt/airflow/dags/gcs_to_bq.py
[2023-04-04T00:08:40.035+0000] {processor.py:753} INFO - DAG(s) dict_keys(['gsc_to_bq']) retrieved from /opt/airflow/dags/gcs_to_bq.py
[2023-04-04T00:08:40.075+0000] {logging_mixin.py:137} INFO - [2023-04-04T00:08:40.074+0000] {dag.py:2690} INFO - Sync 1 DAGs
[2023-04-04T00:08:40.115+0000] {logging_mixin.py:137} INFO - [2023-04-04T00:08:40.115+0000] {dag.py:3441} INFO - Setting next_dagrun for gsc_to_bq to 2023-04-03T00:00:00+00:00, run_after=2023-04-04T00:00:00+00:00
[2023-04-04T00:08:40.145+0000] {processor.py:175} INFO - Processing /opt/airflow/dags/gcs_to_bq.py took 1.123 seconds
[2023-04-04T00:09:10.812+0000] {processor.py:153} INFO - Started process (PID=28330) to work on /opt/airflow/dags/gcs_to_bq.py
[2023-04-04T00:09:10.815+0000] {processor.py:743} INFO - Processing file /opt/airflow/dags/gcs_to_bq.py for tasks to queue
[2023-04-04T00:09:10.818+0000] {logging_mixin.py:137} INFO - [2023-04-04T00:09:10.818+0000] {dagbag.py:538} INFO - Filling up the DagBag from /opt/airflow/dags/gcs_to_bq.py
[2023-04-04T00:09:11.877+0000] {processor.py:753} INFO - DAG(s) dict_keys(['gsc_to_bq']) retrieved from /opt/airflow/dags/gcs_to_bq.py
[2023-04-04T00:09:11.908+0000] {logging_mixin.py:137} INFO - [2023-04-04T00:09:11.907+0000] {dag.py:2690} INFO - Sync 1 DAGs
[2023-04-04T00:09:11.952+0000] {logging_mixin.py:137} INFO - [2023-04-04T00:09:11.952+0000] {dag.py:3441} INFO - Setting next_dagrun for gsc_to_bq to 2023-04-03T00:00:00+00:00, run_after=2023-04-04T00:00:00+00:00
[2023-04-04T00:09:11.983+0000] {processor.py:175} INFO - Processing /opt/airflow/dags/gcs_to_bq.py took 1.177 seconds
[2023-04-04T00:09:42.657+0000] {processor.py:153} INFO - Started process (PID=28364) to work on /opt/airflow/dags/gcs_to_bq.py
[2023-04-04T00:09:42.659+0000] {processor.py:743} INFO - Processing file /opt/airflow/dags/gcs_to_bq.py for tasks to queue
[2023-04-04T00:09:42.661+0000] {logging_mixin.py:137} INFO - [2023-04-04T00:09:42.661+0000] {dagbag.py:538} INFO - Filling up the DagBag from /opt/airflow/dags/gcs_to_bq.py
[2023-04-04T00:09:43.890+0000] {processor.py:753} INFO - DAG(s) dict_keys(['gsc_to_bq']) retrieved from /opt/airflow/dags/gcs_to_bq.py
[2023-04-04T00:09:43.926+0000] {logging_mixin.py:137} INFO - [2023-04-04T00:09:43.926+0000] {dag.py:2690} INFO - Sync 1 DAGs
[2023-04-04T00:09:43.978+0000] {logging_mixin.py:137} INFO - [2023-04-04T00:09:43.978+0000] {dag.py:3441} INFO - Setting next_dagrun for gsc_to_bq to 2023-04-03T00:00:00+00:00, run_after=2023-04-04T00:00:00+00:00
[2023-04-04T00:09:44.015+0000] {processor.py:175} INFO - Processing /opt/airflow/dags/gcs_to_bq.py took 1.366 seconds
[2023-04-04T00:10:14.634+0000] {processor.py:153} INFO - Started process (PID=28415) to work on /opt/airflow/dags/gcs_to_bq.py
[2023-04-04T00:10:14.636+0000] {processor.py:743} INFO - Processing file /opt/airflow/dags/gcs_to_bq.py for tasks to queue
[2023-04-04T00:10:14.637+0000] {logging_mixin.py:137} INFO - [2023-04-04T00:10:14.637+0000] {dagbag.py:538} INFO - Filling up the DagBag from /opt/airflow/dags/gcs_to_bq.py
[2023-04-04T00:10:15.817+0000] {processor.py:753} INFO - DAG(s) dict_keys(['gsc_to_bq']) retrieved from /opt/airflow/dags/gcs_to_bq.py
[2023-04-04T00:10:15.861+0000] {logging_mixin.py:137} INFO - [2023-04-04T00:10:15.860+0000] {dag.py:2690} INFO - Sync 1 DAGs
[2023-04-04T00:10:15.898+0000] {logging_mixin.py:137} INFO - [2023-04-04T00:10:15.897+0000] {dag.py:3441} INFO - Setting next_dagrun for gsc_to_bq to 2023-04-03T00:00:00+00:00, run_after=2023-04-04T00:00:00+00:00
[2023-04-04T00:10:15.933+0000] {processor.py:175} INFO - Processing /opt/airflow/dags/gcs_to_bq.py took 1.303 seconds
[2023-04-04T00:10:46.154+0000] {processor.py:153} INFO - Started process (PID=28450) to work on /opt/airflow/dags/gcs_to_bq.py
[2023-04-04T00:10:46.156+0000] {processor.py:743} INFO - Processing file /opt/airflow/dags/gcs_to_bq.py for tasks to queue
[2023-04-04T00:10:46.158+0000] {logging_mixin.py:137} INFO - [2023-04-04T00:10:46.158+0000] {dagbag.py:538} INFO - Filling up the DagBag from /opt/airflow/dags/gcs_to_bq.py
[2023-04-04T00:10:47.302+0000] {processor.py:753} INFO - DAG(s) dict_keys(['gsc_to_bq']) retrieved from /opt/airflow/dags/gcs_to_bq.py
[2023-04-04T00:10:47.331+0000] {logging_mixin.py:137} INFO - [2023-04-04T00:10:47.331+0000] {dag.py:2690} INFO - Sync 1 DAGs
[2023-04-04T00:10:47.365+0000] {logging_mixin.py:137} INFO - [2023-04-04T00:10:47.365+0000] {dag.py:3441} INFO - Setting next_dagrun for gsc_to_bq to 2023-04-03T00:00:00+00:00, run_after=2023-04-04T00:00:00+00:00
[2023-04-04T00:10:47.402+0000] {processor.py:175} INFO - Processing /opt/airflow/dags/gcs_to_bq.py took 1.252 seconds
[2023-04-04T00:11:18.155+0000] {processor.py:153} INFO - Started process (PID=28485) to work on /opt/airflow/dags/gcs_to_bq.py
[2023-04-04T00:11:18.159+0000] {processor.py:743} INFO - Processing file /opt/airflow/dags/gcs_to_bq.py for tasks to queue
[2023-04-04T00:11:18.165+0000] {logging_mixin.py:137} INFO - [2023-04-04T00:11:18.164+0000] {dagbag.py:538} INFO - Filling up the DagBag from /opt/airflow/dags/gcs_to_bq.py
[2023-04-04T00:11:22.119+0000] {processor.py:753} INFO - DAG(s) dict_keys(['gsc_to_bq']) retrieved from /opt/airflow/dags/gcs_to_bq.py
[2023-04-04T00:11:22.312+0000] {logging_mixin.py:137} INFO - [2023-04-04T00:11:22.310+0000] {dag.py:2690} INFO - Sync 1 DAGs
[2023-04-04T00:11:22.608+0000] {logging_mixin.py:137} INFO - [2023-04-04T00:11:22.607+0000] {dag.py:3441} INFO - Setting next_dagrun for gsc_to_bq to 2023-04-03T00:00:00+00:00, run_after=2023-04-04T00:00:00+00:00
[2023-04-04T00:11:22.752+0000] {processor.py:175} INFO - Processing /opt/airflow/dags/gcs_to_bq.py took 4.613 seconds
[2023-04-04T00:11:53.063+0000] {processor.py:153} INFO - Started process (PID=28513) to work on /opt/airflow/dags/gcs_to_bq.py
[2023-04-04T00:11:53.066+0000] {processor.py:743} INFO - Processing file /opt/airflow/dags/gcs_to_bq.py for tasks to queue
[2023-04-04T00:11:53.071+0000] {logging_mixin.py:137} INFO - [2023-04-04T00:11:53.071+0000] {dagbag.py:538} INFO - Filling up the DagBag from /opt/airflow/dags/gcs_to_bq.py
[2023-04-04T00:11:55.214+0000] {processor.py:753} INFO - DAG(s) dict_keys(['gsc_to_bq']) retrieved from /opt/airflow/dags/gcs_to_bq.py
[2023-04-04T00:11:55.368+0000] {logging_mixin.py:137} INFO - [2023-04-04T00:11:55.367+0000] {dag.py:2690} INFO - Sync 1 DAGs
[2023-04-04T00:11:55.524+0000] {logging_mixin.py:137} INFO - [2023-04-04T00:11:55.523+0000] {dag.py:3441} INFO - Setting next_dagrun for gsc_to_bq to 2023-04-03T00:00:00+00:00, run_after=2023-04-04T00:00:00+00:00
[2023-04-04T00:11:55.598+0000] {processor.py:175} INFO - Processing /opt/airflow/dags/gcs_to_bq.py took 2.555 seconds
[2023-04-04T00:12:25.811+0000] {processor.py:153} INFO - Started process (PID=28548) to work on /opt/airflow/dags/gcs_to_bq.py
[2023-04-04T00:12:25.813+0000] {processor.py:743} INFO - Processing file /opt/airflow/dags/gcs_to_bq.py for tasks to queue
[2023-04-04T00:12:25.815+0000] {logging_mixin.py:137} INFO - [2023-04-04T00:12:25.815+0000] {dagbag.py:538} INFO - Filling up the DagBag from /opt/airflow/dags/gcs_to_bq.py
[2023-04-04T00:12:27.749+0000] {processor.py:753} INFO - DAG(s) dict_keys(['gsc_to_bq']) retrieved from /opt/airflow/dags/gcs_to_bq.py
[2023-04-04T00:12:27.795+0000] {logging_mixin.py:137} INFO - [2023-04-04T00:12:27.794+0000] {dag.py:2690} INFO - Sync 1 DAGs
[2023-04-04T00:12:27.859+0000] {logging_mixin.py:137} INFO - [2023-04-04T00:12:27.859+0000] {dag.py:3441} INFO - Setting next_dagrun for gsc_to_bq to 2023-04-03T00:00:00+00:00, run_after=2023-04-04T00:00:00+00:00
[2023-04-04T00:12:27.905+0000] {processor.py:175} INFO - Processing /opt/airflow/dags/gcs_to_bq.py took 2.100 seconds
[2023-04-04T00:12:58.639+0000] {processor.py:153} INFO - Started process (PID=28590) to work on /opt/airflow/dags/gcs_to_bq.py
[2023-04-04T00:12:58.642+0000] {processor.py:743} INFO - Processing file /opt/airflow/dags/gcs_to_bq.py for tasks to queue
[2023-04-04T00:12:58.645+0000] {logging_mixin.py:137} INFO - [2023-04-04T00:12:58.644+0000] {dagbag.py:538} INFO - Filling up the DagBag from /opt/airflow/dags/gcs_to_bq.py
[2023-04-04T00:13:00.573+0000] {processor.py:753} INFO - DAG(s) dict_keys(['gsc_to_bq']) retrieved from /opt/airflow/dags/gcs_to_bq.py
[2023-04-04T00:13:00.631+0000] {logging_mixin.py:137} INFO - [2023-04-04T00:13:00.630+0000] {dag.py:2690} INFO - Sync 1 DAGs
[2023-04-04T00:13:00.716+0000] {logging_mixin.py:137} INFO - [2023-04-04T00:13:00.716+0000] {dag.py:3441} INFO - Setting next_dagrun for gsc_to_bq to 2023-04-03T00:00:00+00:00, run_after=2023-04-04T00:00:00+00:00
[2023-04-04T00:13:00.804+0000] {processor.py:175} INFO - Processing /opt/airflow/dags/gcs_to_bq.py took 2.173 seconds
[2023-04-04T00:13:31.868+0000] {processor.py:153} INFO - Started process (PID=28625) to work on /opt/airflow/dags/gcs_to_bq.py
[2023-04-04T00:13:31.878+0000] {processor.py:743} INFO - Processing file /opt/airflow/dags/gcs_to_bq.py for tasks to queue
[2023-04-04T00:13:31.895+0000] {logging_mixin.py:137} INFO - [2023-04-04T00:13:31.894+0000] {dagbag.py:538} INFO - Filling up the DagBag from /opt/airflow/dags/gcs_to_bq.py
[2023-04-04T00:13:34.697+0000] {processor.py:753} INFO - DAG(s) dict_keys(['gsc_to_bq']) retrieved from /opt/airflow/dags/gcs_to_bq.py
[2023-04-04T00:13:34.755+0000] {logging_mixin.py:137} INFO - [2023-04-04T00:13:34.754+0000] {dag.py:2690} INFO - Sync 1 DAGs
[2023-04-04T00:13:34.819+0000] {logging_mixin.py:137} INFO - [2023-04-04T00:13:34.819+0000] {dag.py:3441} INFO - Setting next_dagrun for gsc_to_bq to 2023-04-03T00:00:00+00:00, run_after=2023-04-04T00:00:00+00:00
[2023-04-04T00:13:34.886+0000] {processor.py:175} INFO - Processing /opt/airflow/dags/gcs_to_bq.py took 3.035 seconds
[2023-04-04T00:14:05.554+0000] {processor.py:153} INFO - Started process (PID=28660) to work on /opt/airflow/dags/gcs_to_bq.py
[2023-04-04T00:14:05.557+0000] {processor.py:743} INFO - Processing file /opt/airflow/dags/gcs_to_bq.py for tasks to queue
[2023-04-04T00:14:05.558+0000] {logging_mixin.py:137} INFO - [2023-04-04T00:14:05.558+0000] {dagbag.py:538} INFO - Filling up the DagBag from /opt/airflow/dags/gcs_to_bq.py
[2023-04-04T00:14:07.049+0000] {processor.py:753} INFO - DAG(s) dict_keys(['gsc_to_bq']) retrieved from /opt/airflow/dags/gcs_to_bq.py
[2023-04-04T00:14:07.102+0000] {logging_mixin.py:137} INFO - [2023-04-04T00:14:07.101+0000] {dag.py:2690} INFO - Sync 1 DAGs
[2023-04-04T00:14:07.158+0000] {logging_mixin.py:137} INFO - [2023-04-04T00:14:07.157+0000] {dag.py:3441} INFO - Setting next_dagrun for gsc_to_bq to 2023-04-03T00:00:00+00:00, run_after=2023-04-04T00:00:00+00:00
[2023-04-04T00:14:07.237+0000] {processor.py:175} INFO - Processing /opt/airflow/dags/gcs_to_bq.py took 1.691 seconds
[2023-04-04T00:14:37.629+0000] {processor.py:153} INFO - Started process (PID=28695) to work on /opt/airflow/dags/gcs_to_bq.py
[2023-04-04T00:14:37.631+0000] {processor.py:743} INFO - Processing file /opt/airflow/dags/gcs_to_bq.py for tasks to queue
[2023-04-04T00:14:37.633+0000] {logging_mixin.py:137} INFO - [2023-04-04T00:14:37.633+0000] {dagbag.py:538} INFO - Filling up the DagBag from /opt/airflow/dags/gcs_to_bq.py
[2023-04-04T00:14:39.705+0000] {processor.py:753} INFO - DAG(s) dict_keys(['gsc_to_bq']) retrieved from /opt/airflow/dags/gcs_to_bq.py
[2023-04-04T00:14:39.745+0000] {logging_mixin.py:137} INFO - [2023-04-04T00:14:39.744+0000] {dag.py:2690} INFO - Sync 1 DAGs
[2023-04-04T00:14:39.812+0000] {logging_mixin.py:137} INFO - [2023-04-04T00:14:39.812+0000] {dag.py:3441} INFO - Setting next_dagrun for gsc_to_bq to 2023-04-03T00:00:00+00:00, run_after=2023-04-04T00:00:00+00:00
[2023-04-04T00:14:39.880+0000] {processor.py:175} INFO - Processing /opt/airflow/dags/gcs_to_bq.py took 2.266 seconds
[2023-04-04T00:15:10.053+0000] {processor.py:153} INFO - Started process (PID=28730) to work on /opt/airflow/dags/gcs_to_bq.py
[2023-04-04T00:15:10.057+0000] {processor.py:743} INFO - Processing file /opt/airflow/dags/gcs_to_bq.py for tasks to queue
[2023-04-04T00:15:10.061+0000] {logging_mixin.py:137} INFO - [2023-04-04T00:15:10.061+0000] {dagbag.py:538} INFO - Filling up the DagBag from /opt/airflow/dags/gcs_to_bq.py
[2023-04-04T00:15:12.569+0000] {processor.py:753} INFO - DAG(s) dict_keys(['gsc_to_bq']) retrieved from /opt/airflow/dags/gcs_to_bq.py
[2023-04-04T00:15:12.636+0000] {logging_mixin.py:137} INFO - [2023-04-04T00:15:12.634+0000] {dag.py:2690} INFO - Sync 1 DAGs
[2023-04-04T00:15:12.729+0000] {logging_mixin.py:137} INFO - [2023-04-04T00:15:12.729+0000] {dag.py:3441} INFO - Setting next_dagrun for gsc_to_bq to 2023-04-03T00:00:00+00:00, run_after=2023-04-04T00:00:00+00:00
[2023-04-04T00:15:12.795+0000] {processor.py:175} INFO - Processing /opt/airflow/dags/gcs_to_bq.py took 2.751 seconds
[2023-04-04T00:15:43.004+0000] {processor.py:153} INFO - Started process (PID=28766) to work on /opt/airflow/dags/gcs_to_bq.py
[2023-04-04T00:15:43.017+0000] {processor.py:743} INFO - Processing file /opt/airflow/dags/gcs_to_bq.py for tasks to queue
[2023-04-04T00:15:43.022+0000] {logging_mixin.py:137} INFO - [2023-04-04T00:15:43.022+0000] {dagbag.py:538} INFO - Filling up the DagBag from /opt/airflow/dags/gcs_to_bq.py
[2023-04-04T00:15:45.271+0000] {processor.py:753} INFO - DAG(s) dict_keys(['gsc_to_bq']) retrieved from /opt/airflow/dags/gcs_to_bq.py
[2023-04-04T00:15:45.344+0000] {logging_mixin.py:137} INFO - [2023-04-04T00:15:45.343+0000] {dag.py:2690} INFO - Sync 1 DAGs
[2023-04-04T00:15:45.410+0000] {logging_mixin.py:137} INFO - [2023-04-04T00:15:45.410+0000] {dag.py:3441} INFO - Setting next_dagrun for gsc_to_bq to 2023-04-03T00:00:00+00:00, run_after=2023-04-04T00:00:00+00:00
[2023-04-04T00:15:45.460+0000] {processor.py:175} INFO - Processing /opt/airflow/dags/gcs_to_bq.py took 2.464 seconds
[2023-04-04T00:16:15.814+0000] {processor.py:153} INFO - Started process (PID=28801) to work on /opt/airflow/dags/gcs_to_bq.py
[2023-04-04T00:16:15.818+0000] {processor.py:743} INFO - Processing file /opt/airflow/dags/gcs_to_bq.py for tasks to queue
[2023-04-04T00:16:15.820+0000] {logging_mixin.py:137} INFO - [2023-04-04T00:16:15.820+0000] {dagbag.py:538} INFO - Filling up the DagBag from /opt/airflow/dags/gcs_to_bq.py
[2023-04-04T00:16:18.143+0000] {processor.py:753} INFO - DAG(s) dict_keys(['gsc_to_bq']) retrieved from /opt/airflow/dags/gcs_to_bq.py
[2023-04-04T00:16:18.202+0000] {logging_mixin.py:137} INFO - [2023-04-04T00:16:18.200+0000] {dag.py:2690} INFO - Sync 1 DAGs
[2023-04-04T00:16:18.263+0000] {logging_mixin.py:137} INFO - [2023-04-04T00:16:18.262+0000] {dag.py:3441} INFO - Setting next_dagrun for gsc_to_bq to 2023-04-03T00:00:00+00:00, run_after=2023-04-04T00:00:00+00:00
[2023-04-04T00:16:18.344+0000] {processor.py:175} INFO - Processing /opt/airflow/dags/gcs_to_bq.py took 2.538 seconds
[2023-04-04T00:16:49.036+0000] {processor.py:153} INFO - Started process (PID=28829) to work on /opt/airflow/dags/gcs_to_bq.py
[2023-04-04T00:16:49.039+0000] {processor.py:743} INFO - Processing file /opt/airflow/dags/gcs_to_bq.py for tasks to queue
[2023-04-04T00:16:49.044+0000] {logging_mixin.py:137} INFO - [2023-04-04T00:16:49.044+0000] {dagbag.py:538} INFO - Filling up the DagBag from /opt/airflow/dags/gcs_to_bq.py
[2023-04-04T00:16:50.859+0000] {processor.py:753} INFO - DAG(s) dict_keys(['gsc_to_bq']) retrieved from /opt/airflow/dags/gcs_to_bq.py
[2023-04-04T00:16:50.923+0000] {logging_mixin.py:137} INFO - [2023-04-04T00:16:50.922+0000] {dag.py:2690} INFO - Sync 1 DAGs
[2023-04-04T00:16:50.984+0000] {logging_mixin.py:137} INFO - [2023-04-04T00:16:50.984+0000] {dag.py:3441} INFO - Setting next_dagrun for gsc_to_bq to 2023-04-03T00:00:00+00:00, run_after=2023-04-04T00:00:00+00:00
[2023-04-04T00:16:51.032+0000] {processor.py:175} INFO - Processing /opt/airflow/dags/gcs_to_bq.py took 2.005 seconds
[2023-04-04T00:17:21.224+0000] {processor.py:153} INFO - Started process (PID=28864) to work on /opt/airflow/dags/gcs_to_bq.py
[2023-04-04T00:17:21.226+0000] {processor.py:743} INFO - Processing file /opt/airflow/dags/gcs_to_bq.py for tasks to queue
[2023-04-04T00:17:21.233+0000] {logging_mixin.py:137} INFO - [2023-04-04T00:17:21.228+0000] {dagbag.py:538} INFO - Filling up the DagBag from /opt/airflow/dags/gcs_to_bq.py
[2023-04-04T00:17:23.491+0000] {processor.py:753} INFO - DAG(s) dict_keys(['gsc_to_bq']) retrieved from /opt/airflow/dags/gcs_to_bq.py
[2023-04-04T00:17:23.562+0000] {logging_mixin.py:137} INFO - [2023-04-04T00:17:23.560+0000] {dag.py:2690} INFO - Sync 1 DAGs
[2023-04-04T00:17:23.637+0000] {logging_mixin.py:137} INFO - [2023-04-04T00:17:23.637+0000] {dag.py:3441} INFO - Setting next_dagrun for gsc_to_bq to 2023-04-03T00:00:00+00:00, run_after=2023-04-04T00:00:00+00:00
[2023-04-04T00:17:23.675+0000] {processor.py:175} INFO - Processing /opt/airflow/dags/gcs_to_bq.py took 2.464 seconds
[2023-04-04T00:17:53.906+0000] {processor.py:153} INFO - Started process (PID=28906) to work on /opt/airflow/dags/gcs_to_bq.py
[2023-04-04T00:17:53.908+0000] {processor.py:743} INFO - Processing file /opt/airflow/dags/gcs_to_bq.py for tasks to queue
[2023-04-04T00:17:53.911+0000] {logging_mixin.py:137} INFO - [2023-04-04T00:17:53.910+0000] {dagbag.py:538} INFO - Filling up the DagBag from /opt/airflow/dags/gcs_to_bq.py
[2023-04-04T00:17:55.162+0000] {processor.py:753} INFO - DAG(s) dict_keys(['gsc_to_bq']) retrieved from /opt/airflow/dags/gcs_to_bq.py
[2023-04-04T00:17:55.205+0000] {logging_mixin.py:137} INFO - [2023-04-04T00:17:55.204+0000] {dag.py:2690} INFO - Sync 1 DAGs
[2023-04-04T00:17:55.257+0000] {logging_mixin.py:137} INFO - [2023-04-04T00:17:55.256+0000] {dag.py:3441} INFO - Setting next_dagrun for gsc_to_bq to 2023-04-03T00:00:00+00:00, run_after=2023-04-04T00:00:00+00:00
[2023-04-04T00:17:55.293+0000] {processor.py:175} INFO - Processing /opt/airflow/dags/gcs_to_bq.py took 1.392 seconds
[2023-04-04T00:18:25.520+0000] {processor.py:153} INFO - Started process (PID=28941) to work on /opt/airflow/dags/gcs_to_bq.py
[2023-04-04T00:18:25.526+0000] {processor.py:743} INFO - Processing file /opt/airflow/dags/gcs_to_bq.py for tasks to queue
[2023-04-04T00:18:25.533+0000] {logging_mixin.py:137} INFO - [2023-04-04T00:18:25.533+0000] {dagbag.py:538} INFO - Filling up the DagBag from /opt/airflow/dags/gcs_to_bq.py
[2023-04-04T00:18:27.695+0000] {processor.py:753} INFO - DAG(s) dict_keys(['gsc_to_bq']) retrieved from /opt/airflow/dags/gcs_to_bq.py
[2023-04-04T00:18:27.730+0000] {logging_mixin.py:137} INFO - [2023-04-04T00:18:27.729+0000] {dag.py:2690} INFO - Sync 1 DAGs
[2023-04-04T00:18:27.768+0000] {logging_mixin.py:137} INFO - [2023-04-04T00:18:27.768+0000] {dag.py:3441} INFO - Setting next_dagrun for gsc_to_bq to 2023-04-03T00:00:00+00:00, run_after=2023-04-04T00:00:00+00:00
[2023-04-04T00:18:27.816+0000] {processor.py:175} INFO - Processing /opt/airflow/dags/gcs_to_bq.py took 2.303 seconds
[2023-04-04T00:18:58.277+0000] {processor.py:153} INFO - Started process (PID=28969) to work on /opt/airflow/dags/gcs_to_bq.py
[2023-04-04T00:18:58.288+0000] {processor.py:743} INFO - Processing file /opt/airflow/dags/gcs_to_bq.py for tasks to queue
[2023-04-04T00:18:58.291+0000] {logging_mixin.py:137} INFO - [2023-04-04T00:18:58.290+0000] {dagbag.py:538} INFO - Filling up the DagBag from /opt/airflow/dags/gcs_to_bq.py
[2023-04-04T00:19:00.916+0000] {processor.py:753} INFO - DAG(s) dict_keys(['gsc_to_bq']) retrieved from /opt/airflow/dags/gcs_to_bq.py
[2023-04-04T00:19:01.000+0000] {logging_mixin.py:137} INFO - [2023-04-04T00:19:00.999+0000] {dag.py:2690} INFO - Sync 1 DAGs
[2023-04-04T00:19:01.062+0000] {logging_mixin.py:137} INFO - [2023-04-04T00:19:01.061+0000] {dag.py:3441} INFO - Setting next_dagrun for gsc_to_bq to 2023-04-03T00:00:00+00:00, run_after=2023-04-04T00:00:00+00:00
[2023-04-04T00:19:01.126+0000] {processor.py:175} INFO - Processing /opt/airflow/dags/gcs_to_bq.py took 2.855 seconds
[2023-04-04T00:19:31.961+0000] {processor.py:153} INFO - Started process (PID=29004) to work on /opt/airflow/dags/gcs_to_bq.py
[2023-04-04T00:19:31.979+0000] {processor.py:743} INFO - Processing file /opt/airflow/dags/gcs_to_bq.py for tasks to queue
[2023-04-04T00:19:31.994+0000] {logging_mixin.py:137} INFO - [2023-04-04T00:19:31.994+0000] {dagbag.py:538} INFO - Filling up the DagBag from /opt/airflow/dags/gcs_to_bq.py
[2023-04-04T00:19:35.520+0000] {processor.py:753} INFO - DAG(s) dict_keys(['gsc_to_bq']) retrieved from /opt/airflow/dags/gcs_to_bq.py
[2023-04-04T00:19:35.640+0000] {logging_mixin.py:137} INFO - [2023-04-04T00:19:35.628+0000] {dag.py:2690} INFO - Sync 1 DAGs
[2023-04-04T00:19:35.802+0000] {logging_mixin.py:137} INFO - [2023-04-04T00:19:35.801+0000] {dag.py:3441} INFO - Setting next_dagrun for gsc_to_bq to 2023-04-03T00:00:00+00:00, run_after=2023-04-04T00:00:00+00:00
[2023-04-04T00:19:35.961+0000] {processor.py:175} INFO - Processing /opt/airflow/dags/gcs_to_bq.py took 4.006 seconds
[2023-04-04T00:20:06.327+0000] {processor.py:153} INFO - Started process (PID=29039) to work on /opt/airflow/dags/gcs_to_bq.py
[2023-04-04T00:20:06.329+0000] {processor.py:743} INFO - Processing file /opt/airflow/dags/gcs_to_bq.py for tasks to queue
[2023-04-04T00:20:06.331+0000] {logging_mixin.py:137} INFO - [2023-04-04T00:20:06.330+0000] {dagbag.py:538} INFO - Filling up the DagBag from /opt/airflow/dags/gcs_to_bq.py
[2023-04-04T00:20:08.166+0000] {processor.py:753} INFO - DAG(s) dict_keys(['gsc_to_bq']) retrieved from /opt/airflow/dags/gcs_to_bq.py
[2023-04-04T00:20:08.234+0000] {logging_mixin.py:137} INFO - [2023-04-04T00:20:08.233+0000] {dag.py:2690} INFO - Sync 1 DAGs
[2023-04-04T00:20:08.404+0000] {logging_mixin.py:137} INFO - [2023-04-04T00:20:08.404+0000] {dag.py:3441} INFO - Setting next_dagrun for gsc_to_bq to 2023-04-03T00:00:00+00:00, run_after=2023-04-04T00:00:00+00:00
[2023-04-04T00:20:08.464+0000] {processor.py:175} INFO - Processing /opt/airflow/dags/gcs_to_bq.py took 2.144 seconds
[2023-04-04T00:20:39.257+0000] {processor.py:153} INFO - Started process (PID=29074) to work on /opt/airflow/dags/gcs_to_bq.py
[2023-04-04T00:20:39.270+0000] {processor.py:743} INFO - Processing file /opt/airflow/dags/gcs_to_bq.py for tasks to queue
[2023-04-04T00:20:39.293+0000] {logging_mixin.py:137} INFO - [2023-04-04T00:20:39.292+0000] {dagbag.py:538} INFO - Filling up the DagBag from /opt/airflow/dags/gcs_to_bq.py
[2023-04-04T00:20:41.388+0000] {processor.py:753} INFO - DAG(s) dict_keys(['gsc_to_bq']) retrieved from /opt/airflow/dags/gcs_to_bq.py
[2023-04-04T00:20:41.435+0000] {logging_mixin.py:137} INFO - [2023-04-04T00:20:41.434+0000] {dag.py:2690} INFO - Sync 1 DAGs
[2023-04-04T00:20:41.503+0000] {logging_mixin.py:137} INFO - [2023-04-04T00:20:41.503+0000] {dag.py:3441} INFO - Setting next_dagrun for gsc_to_bq to 2023-04-03T00:00:00+00:00, run_after=2023-04-04T00:00:00+00:00
[2023-04-04T00:20:41.616+0000] {processor.py:175} INFO - Processing /opt/airflow/dags/gcs_to_bq.py took 2.367 seconds
[2023-04-04T00:21:12.180+0000] {processor.py:153} INFO - Started process (PID=29108) to work on /opt/airflow/dags/gcs_to_bq.py
[2023-04-04T00:21:12.209+0000] {processor.py:743} INFO - Processing file /opt/airflow/dags/gcs_to_bq.py for tasks to queue
[2023-04-04T00:21:12.225+0000] {logging_mixin.py:137} INFO - [2023-04-04T00:21:12.224+0000] {dagbag.py:538} INFO - Filling up the DagBag from /opt/airflow/dags/gcs_to_bq.py
[2023-04-04T00:21:14.887+0000] {processor.py:753} INFO - DAG(s) dict_keys(['gsc_to_bq']) retrieved from /opt/airflow/dags/gcs_to_bq.py
[2023-04-04T00:21:14.961+0000] {logging_mixin.py:137} INFO - [2023-04-04T00:21:14.960+0000] {dag.py:2690} INFO - Sync 1 DAGs
[2023-04-04T00:21:15.028+0000] {logging_mixin.py:137} INFO - [2023-04-04T00:21:15.028+0000] {dag.py:3441} INFO - Setting next_dagrun for gsc_to_bq to 2023-04-03T00:00:00+00:00, run_after=2023-04-04T00:00:00+00:00
[2023-04-04T00:21:15.101+0000] {processor.py:175} INFO - Processing /opt/airflow/dags/gcs_to_bq.py took 2.927 seconds
[2023-04-04T00:21:45.417+0000] {processor.py:153} INFO - Started process (PID=29150) to work on /opt/airflow/dags/gcs_to_bq.py
[2023-04-04T00:21:45.424+0000] {processor.py:743} INFO - Processing file /opt/airflow/dags/gcs_to_bq.py for tasks to queue
[2023-04-04T00:21:45.434+0000] {logging_mixin.py:137} INFO - [2023-04-04T00:21:45.433+0000] {dagbag.py:538} INFO - Filling up the DagBag from /opt/airflow/dags/gcs_to_bq.py
[2023-04-04T00:21:48.554+0000] {processor.py:753} INFO - DAG(s) dict_keys(['gsc_to_bq']) retrieved from /opt/airflow/dags/gcs_to_bq.py
[2023-04-04T00:21:48.638+0000] {logging_mixin.py:137} INFO - [2023-04-04T00:21:48.628+0000] {dag.py:2690} INFO - Sync 1 DAGs
[2023-04-04T00:21:48.731+0000] {logging_mixin.py:137} INFO - [2023-04-04T00:21:48.731+0000] {dag.py:3441} INFO - Setting next_dagrun for gsc_to_bq to 2023-04-03T00:00:00+00:00, run_after=2023-04-04T00:00:00+00:00
[2023-04-04T00:21:48.816+0000] {processor.py:175} INFO - Processing /opt/airflow/dags/gcs_to_bq.py took 3.422 seconds
[2023-04-04T00:22:19.068+0000] {processor.py:153} INFO - Started process (PID=29185) to work on /opt/airflow/dags/gcs_to_bq.py
[2023-04-04T00:22:19.071+0000] {processor.py:743} INFO - Processing file /opt/airflow/dags/gcs_to_bq.py for tasks to queue
[2023-04-04T00:22:19.073+0000] {logging_mixin.py:137} INFO - [2023-04-04T00:22:19.073+0000] {dagbag.py:538} INFO - Filling up the DagBag from /opt/airflow/dags/gcs_to_bq.py
[2023-04-04T00:22:20.193+0000] {processor.py:753} INFO - DAG(s) dict_keys(['gsc_to_bq']) retrieved from /opt/airflow/dags/gcs_to_bq.py
[2023-04-04T00:22:20.229+0000] {logging_mixin.py:137} INFO - [2023-04-04T00:22:20.228+0000] {dag.py:2690} INFO - Sync 1 DAGs
[2023-04-04T00:22:20.270+0000] {logging_mixin.py:137} INFO - [2023-04-04T00:22:20.270+0000] {dag.py:3441} INFO - Setting next_dagrun for gsc_to_bq to 2023-04-03T00:00:00+00:00, run_after=2023-04-04T00:00:00+00:00
[2023-04-04T00:22:20.303+0000] {processor.py:175} INFO - Processing /opt/airflow/dags/gcs_to_bq.py took 1.244 seconds
[2023-04-04T00:22:50.565+0000] {processor.py:153} INFO - Started process (PID=29220) to work on /opt/airflow/dags/gcs_to_bq.py
[2023-04-04T00:22:50.568+0000] {processor.py:743} INFO - Processing file /opt/airflow/dags/gcs_to_bq.py for tasks to queue
[2023-04-04T00:22:50.570+0000] {logging_mixin.py:137} INFO - [2023-04-04T00:22:50.570+0000] {dagbag.py:538} INFO - Filling up the DagBag from /opt/airflow/dags/gcs_to_bq.py
[2023-04-04T00:22:51.699+0000] {processor.py:753} INFO - DAG(s) dict_keys(['gsc_to_bq']) retrieved from /opt/airflow/dags/gcs_to_bq.py
[2023-04-04T00:22:51.763+0000] {logging_mixin.py:137} INFO - [2023-04-04T00:22:51.762+0000] {dag.py:2690} INFO - Sync 1 DAGs
[2023-04-04T00:22:51.830+0000] {logging_mixin.py:137} INFO - [2023-04-04T00:22:51.830+0000] {dag.py:3441} INFO - Setting next_dagrun for gsc_to_bq to 2023-04-03T00:00:00+00:00, run_after=2023-04-04T00:00:00+00:00
[2023-04-04T00:22:51.868+0000] {processor.py:175} INFO - Processing /opt/airflow/dags/gcs_to_bq.py took 1.310 seconds
[2023-04-04T00:23:22.112+0000] {processor.py:153} INFO - Started process (PID=29255) to work on /opt/airflow/dags/gcs_to_bq.py
[2023-04-04T00:23:22.118+0000] {processor.py:743} INFO - Processing file /opt/airflow/dags/gcs_to_bq.py for tasks to queue
[2023-04-04T00:23:22.121+0000] {logging_mixin.py:137} INFO - [2023-04-04T00:23:22.121+0000] {dagbag.py:538} INFO - Filling up the DagBag from /opt/airflow/dags/gcs_to_bq.py
[2023-04-04T00:23:23.804+0000] {processor.py:753} INFO - DAG(s) dict_keys(['gsc_to_bq']) retrieved from /opt/airflow/dags/gcs_to_bq.py
[2023-04-04T00:23:23.836+0000] {logging_mixin.py:137} INFO - [2023-04-04T00:23:23.835+0000] {dag.py:2690} INFO - Sync 1 DAGs
[2023-04-04T00:23:23.871+0000] {logging_mixin.py:137} INFO - [2023-04-04T00:23:23.870+0000] {dag.py:3441} INFO - Setting next_dagrun for gsc_to_bq to 2023-04-03T00:00:00+00:00, run_after=2023-04-04T00:00:00+00:00
[2023-04-04T00:23:23.907+0000] {processor.py:175} INFO - Processing /opt/airflow/dags/gcs_to_bq.py took 1.800 seconds
[2023-04-04T00:23:54.660+0000] {processor.py:153} INFO - Started process (PID=29290) to work on /opt/airflow/dags/gcs_to_bq.py
[2023-04-04T00:23:54.665+0000] {processor.py:743} INFO - Processing file /opt/airflow/dags/gcs_to_bq.py for tasks to queue
[2023-04-04T00:23:54.673+0000] {logging_mixin.py:137} INFO - [2023-04-04T00:23:54.672+0000] {dagbag.py:538} INFO - Filling up the DagBag from /opt/airflow/dags/gcs_to_bq.py
[2023-04-04T00:23:56.603+0000] {processor.py:753} INFO - DAG(s) dict_keys(['gsc_to_bq']) retrieved from /opt/airflow/dags/gcs_to_bq.py
[2023-04-04T00:23:56.643+0000] {logging_mixin.py:137} INFO - [2023-04-04T00:23:56.642+0000] {dag.py:2690} INFO - Sync 1 DAGs
[2023-04-04T00:23:56.719+0000] {logging_mixin.py:137} INFO - [2023-04-04T00:23:56.718+0000] {dag.py:3441} INFO - Setting next_dagrun for gsc_to_bq to 2023-04-03T00:00:00+00:00, run_after=2023-04-04T00:00:00+00:00
[2023-04-04T00:23:56.774+0000] {processor.py:175} INFO - Processing /opt/airflow/dags/gcs_to_bq.py took 2.123 seconds
[2023-04-04T00:24:27.135+0000] {processor.py:153} INFO - Started process (PID=29324) to work on /opt/airflow/dags/gcs_to_bq.py
[2023-04-04T00:24:27.145+0000] {processor.py:743} INFO - Processing file /opt/airflow/dags/gcs_to_bq.py for tasks to queue
[2023-04-04T00:24:27.147+0000] {logging_mixin.py:137} INFO - [2023-04-04T00:24:27.147+0000] {dagbag.py:538} INFO - Filling up the DagBag from /opt/airflow/dags/gcs_to_bq.py
[2023-04-04T00:24:29.907+0000] {processor.py:753} INFO - DAG(s) dict_keys(['gsc_to_bq']) retrieved from /opt/airflow/dags/gcs_to_bq.py
[2023-04-04T00:24:30.002+0000] {logging_mixin.py:137} INFO - [2023-04-04T00:24:30.001+0000] {dag.py:2690} INFO - Sync 1 DAGs
[2023-04-04T00:24:30.131+0000] {logging_mixin.py:137} INFO - [2023-04-04T00:24:30.131+0000] {dag.py:3441} INFO - Setting next_dagrun for gsc_to_bq to 2023-04-03T00:00:00+00:00, run_after=2023-04-04T00:00:00+00:00
[2023-04-04T00:24:30.356+0000] {processor.py:175} INFO - Processing /opt/airflow/dags/gcs_to_bq.py took 3.227 seconds
[2023-04-04T00:25:01.037+0000] {processor.py:153} INFO - Started process (PID=29360) to work on /opt/airflow/dags/gcs_to_bq.py
[2023-04-04T00:25:01.039+0000] {processor.py:743} INFO - Processing file /opt/airflow/dags/gcs_to_bq.py for tasks to queue
[2023-04-04T00:25:01.041+0000] {logging_mixin.py:137} INFO - [2023-04-04T00:25:01.040+0000] {dagbag.py:538} INFO - Filling up the DagBag from /opt/airflow/dags/gcs_to_bq.py
[2023-04-04T00:25:03.313+0000] {processor.py:753} INFO - DAG(s) dict_keys(['gsc_to_bq']) retrieved from /opt/airflow/dags/gcs_to_bq.py
[2023-04-04T00:25:03.416+0000] {logging_mixin.py:137} INFO - [2023-04-04T00:25:03.414+0000] {dag.py:2690} INFO - Sync 1 DAGs
[2023-04-04T00:25:03.485+0000] {logging_mixin.py:137} INFO - [2023-04-04T00:25:03.485+0000] {dag.py:3441} INFO - Setting next_dagrun for gsc_to_bq to 2023-04-03T00:00:00+00:00, run_after=2023-04-04T00:00:00+00:00
[2023-04-04T00:25:03.530+0000] {processor.py:175} INFO - Processing /opt/airflow/dags/gcs_to_bq.py took 2.499 seconds
[2023-04-04T00:25:33.707+0000] {processor.py:153} INFO - Started process (PID=29395) to work on /opt/airflow/dags/gcs_to_bq.py
[2023-04-04T00:25:33.710+0000] {processor.py:743} INFO - Processing file /opt/airflow/dags/gcs_to_bq.py for tasks to queue
[2023-04-04T00:25:33.713+0000] {logging_mixin.py:137} INFO - [2023-04-04T00:25:33.712+0000] {dagbag.py:538} INFO - Filling up the DagBag from /opt/airflow/dags/gcs_to_bq.py
[2023-04-04T00:25:35.032+0000] {processor.py:753} INFO - DAG(s) dict_keys(['gsc_to_bq']) retrieved from /opt/airflow/dags/gcs_to_bq.py
[2023-04-04T00:25:35.059+0000] {logging_mixin.py:137} INFO - [2023-04-04T00:25:35.058+0000] {dag.py:2690} INFO - Sync 1 DAGs
[2023-04-04T00:25:35.091+0000] {logging_mixin.py:137} INFO - [2023-04-04T00:25:35.091+0000] {dag.py:3441} INFO - Setting next_dagrun for gsc_to_bq to 2023-04-03T00:00:00+00:00, run_after=2023-04-04T00:00:00+00:00
[2023-04-04T00:25:35.121+0000] {processor.py:175} INFO - Processing /opt/airflow/dags/gcs_to_bq.py took 1.425 seconds
[2023-04-04T00:26:05.402+0000] {processor.py:153} INFO - Started process (PID=29430) to work on /opt/airflow/dags/gcs_to_bq.py
[2023-04-04T00:26:05.404+0000] {processor.py:743} INFO - Processing file /opt/airflow/dags/gcs_to_bq.py for tasks to queue
[2023-04-04T00:26:05.406+0000] {logging_mixin.py:137} INFO - [2023-04-04T00:26:05.406+0000] {dagbag.py:538} INFO - Filling up the DagBag from /opt/airflow/dags/gcs_to_bq.py
[2023-04-04T00:26:06.604+0000] {processor.py:753} INFO - DAG(s) dict_keys(['gsc_to_bq']) retrieved from /opt/airflow/dags/gcs_to_bq.py
[2023-04-04T00:26:06.642+0000] {logging_mixin.py:137} INFO - [2023-04-04T00:26:06.641+0000] {dag.py:2690} INFO - Sync 1 DAGs
[2023-04-04T00:26:06.695+0000] {logging_mixin.py:137} INFO - [2023-04-04T00:26:06.695+0000] {dag.py:3441} INFO - Setting next_dagrun for gsc_to_bq to 2023-04-03T00:00:00+00:00, run_after=2023-04-04T00:00:00+00:00
[2023-04-04T00:26:06.743+0000] {processor.py:175} INFO - Processing /opt/airflow/dags/gcs_to_bq.py took 1.346 seconds
[2023-04-04T00:26:37.253+0000] {processor.py:153} INFO - Started process (PID=29465) to work on /opt/airflow/dags/gcs_to_bq.py
[2023-04-04T00:26:37.256+0000] {processor.py:743} INFO - Processing file /opt/airflow/dags/gcs_to_bq.py for tasks to queue
[2023-04-04T00:26:37.258+0000] {logging_mixin.py:137} INFO - [2023-04-04T00:26:37.258+0000] {dagbag.py:538} INFO - Filling up the DagBag from /opt/airflow/dags/gcs_to_bq.py
[2023-04-04T00:26:38.551+0000] {processor.py:753} INFO - DAG(s) dict_keys(['gsc_to_bq']) retrieved from /opt/airflow/dags/gcs_to_bq.py
[2023-04-04T00:26:38.602+0000] {logging_mixin.py:137} INFO - [2023-04-04T00:26:38.601+0000] {dag.py:2690} INFO - Sync 1 DAGs
[2023-04-04T00:26:38.665+0000] {logging_mixin.py:137} INFO - [2023-04-04T00:26:38.665+0000] {dag.py:3441} INFO - Setting next_dagrun for gsc_to_bq to 2023-04-03T00:00:00+00:00, run_after=2023-04-04T00:00:00+00:00
[2023-04-04T00:26:38.705+0000] {processor.py:175} INFO - Processing /opt/airflow/dags/gcs_to_bq.py took 1.457 seconds
[2023-04-04T00:27:09.012+0000] {processor.py:153} INFO - Started process (PID=29500) to work on /opt/airflow/dags/gcs_to_bq.py
[2023-04-04T00:27:09.014+0000] {processor.py:743} INFO - Processing file /opt/airflow/dags/gcs_to_bq.py for tasks to queue
[2023-04-04T00:27:09.018+0000] {logging_mixin.py:137} INFO - [2023-04-04T00:27:09.017+0000] {dagbag.py:538} INFO - Filling up the DagBag from /opt/airflow/dags/gcs_to_bq.py
[2023-04-04T00:27:10.300+0000] {processor.py:753} INFO - DAG(s) dict_keys(['gsc_to_bq']) retrieved from /opt/airflow/dags/gcs_to_bq.py
[2023-04-04T00:27:10.339+0000] {logging_mixin.py:137} INFO - [2023-04-04T00:27:10.338+0000] {dag.py:2690} INFO - Sync 1 DAGs
[2023-04-04T00:27:10.382+0000] {logging_mixin.py:137} INFO - [2023-04-04T00:27:10.382+0000] {dag.py:3441} INFO - Setting next_dagrun for gsc_to_bq to 2023-04-03T00:00:00+00:00, run_after=2023-04-04T00:00:00+00:00
[2023-04-04T00:27:10.424+0000] {processor.py:175} INFO - Processing /opt/airflow/dags/gcs_to_bq.py took 1.421 seconds
[2023-04-04T00:27:41.069+0000] {processor.py:153} INFO - Started process (PID=29535) to work on /opt/airflow/dags/gcs_to_bq.py
[2023-04-04T00:27:41.071+0000] {processor.py:743} INFO - Processing file /opt/airflow/dags/gcs_to_bq.py for tasks to queue
[2023-04-04T00:27:41.073+0000] {logging_mixin.py:137} INFO - [2023-04-04T00:27:41.073+0000] {dagbag.py:538} INFO - Filling up the DagBag from /opt/airflow/dags/gcs_to_bq.py
[2023-04-04T00:27:42.384+0000] {processor.py:753} INFO - DAG(s) dict_keys(['gsc_to_bq']) retrieved from /opt/airflow/dags/gcs_to_bq.py
[2023-04-04T00:27:42.429+0000] {logging_mixin.py:137} INFO - [2023-04-04T00:27:42.428+0000] {dag.py:2690} INFO - Sync 1 DAGs
[2023-04-04T00:27:42.521+0000] {logging_mixin.py:137} INFO - [2023-04-04T00:27:42.521+0000] {dag.py:3441} INFO - Setting next_dagrun for gsc_to_bq to 2023-04-03T00:00:00+00:00, run_after=2023-04-04T00:00:00+00:00
[2023-04-04T00:27:42.583+0000] {processor.py:175} INFO - Processing /opt/airflow/dags/gcs_to_bq.py took 1.525 seconds
[2023-04-04T00:28:12.761+0000] {processor.py:153} INFO - Started process (PID=29570) to work on /opt/airflow/dags/gcs_to_bq.py
[2023-04-04T00:28:12.764+0000] {processor.py:743} INFO - Processing file /opt/airflow/dags/gcs_to_bq.py for tasks to queue
[2023-04-04T00:28:12.767+0000] {logging_mixin.py:137} INFO - [2023-04-04T00:28:12.767+0000] {dagbag.py:538} INFO - Filling up the DagBag from /opt/airflow/dags/gcs_to_bq.py
[2023-04-04T00:28:13.815+0000] {processor.py:753} INFO - DAG(s) dict_keys(['gsc_to_bq']) retrieved from /opt/airflow/dags/gcs_to_bq.py
[2023-04-04T00:28:13.851+0000] {logging_mixin.py:137} INFO - [2023-04-04T00:28:13.850+0000] {dag.py:2690} INFO - Sync 1 DAGs
[2023-04-04T00:28:13.884+0000] {logging_mixin.py:137} INFO - [2023-04-04T00:28:13.884+0000] {dag.py:3441} INFO - Setting next_dagrun for gsc_to_bq to 2023-04-03T00:00:00+00:00, run_after=2023-04-04T00:00:00+00:00
[2023-04-04T00:28:13.931+0000] {processor.py:175} INFO - Processing /opt/airflow/dags/gcs_to_bq.py took 1.178 seconds
[2023-04-04T00:28:44.561+0000] {processor.py:153} INFO - Started process (PID=29605) to work on /opt/airflow/dags/gcs_to_bq.py
[2023-04-04T00:28:44.563+0000] {processor.py:743} INFO - Processing file /opt/airflow/dags/gcs_to_bq.py for tasks to queue
[2023-04-04T00:28:44.565+0000] {logging_mixin.py:137} INFO - [2023-04-04T00:28:44.565+0000] {dagbag.py:538} INFO - Filling up the DagBag from /opt/airflow/dags/gcs_to_bq.py
[2023-04-04T00:28:45.627+0000] {processor.py:753} INFO - DAG(s) dict_keys(['gsc_to_bq']) retrieved from /opt/airflow/dags/gcs_to_bq.py
[2023-04-04T00:28:45.662+0000] {logging_mixin.py:137} INFO - [2023-04-04T00:28:45.661+0000] {dag.py:2690} INFO - Sync 1 DAGs
[2023-04-04T00:28:45.694+0000] {logging_mixin.py:137} INFO - [2023-04-04T00:28:45.694+0000] {dag.py:3441} INFO - Setting next_dagrun for gsc_to_bq to 2023-04-03T00:00:00+00:00, run_after=2023-04-04T00:00:00+00:00
[2023-04-04T00:28:45.739+0000] {processor.py:175} INFO - Processing /opt/airflow/dags/gcs_to_bq.py took 1.184 seconds
[2023-04-04T00:29:16.100+0000] {processor.py:153} INFO - Started process (PID=29640) to work on /opt/airflow/dags/gcs_to_bq.py
[2023-04-04T00:29:16.102+0000] {processor.py:743} INFO - Processing file /opt/airflow/dags/gcs_to_bq.py for tasks to queue
[2023-04-04T00:29:16.104+0000] {logging_mixin.py:137} INFO - [2023-04-04T00:29:16.104+0000] {dagbag.py:538} INFO - Filling up the DagBag from /opt/airflow/dags/gcs_to_bq.py
[2023-04-04T00:29:17.551+0000] {processor.py:753} INFO - DAG(s) dict_keys(['gsc_to_bq']) retrieved from /opt/airflow/dags/gcs_to_bq.py
[2023-04-04T00:29:17.613+0000] {logging_mixin.py:137} INFO - [2023-04-04T00:29:17.612+0000] {dag.py:2690} INFO - Sync 1 DAGs
[2023-04-04T00:29:17.671+0000] {logging_mixin.py:137} INFO - [2023-04-04T00:29:17.670+0000] {dag.py:3441} INFO - Setting next_dagrun for gsc_to_bq to 2023-04-03T00:00:00+00:00, run_after=2023-04-04T00:00:00+00:00
[2023-04-04T00:29:17.729+0000] {processor.py:175} INFO - Processing /opt/airflow/dags/gcs_to_bq.py took 1.635 seconds
[2023-04-04T00:29:48.570+0000] {processor.py:153} INFO - Started process (PID=29675) to work on /opt/airflow/dags/gcs_to_bq.py
[2023-04-04T00:29:48.572+0000] {processor.py:743} INFO - Processing file /opt/airflow/dags/gcs_to_bq.py for tasks to queue
[2023-04-04T00:29:48.579+0000] {logging_mixin.py:137} INFO - [2023-04-04T00:29:48.579+0000] {dagbag.py:538} INFO - Filling up the DagBag from /opt/airflow/dags/gcs_to_bq.py
[2023-04-04T00:29:49.914+0000] {processor.py:753} INFO - DAG(s) dict_keys(['gsc_to_bq']) retrieved from /opt/airflow/dags/gcs_to_bq.py
[2023-04-04T00:29:49.945+0000] {logging_mixin.py:137} INFO - [2023-04-04T00:29:49.943+0000] {dag.py:2690} INFO - Sync 1 DAGs
[2023-04-04T00:29:49.989+0000] {logging_mixin.py:137} INFO - [2023-04-04T00:29:49.989+0000] {dag.py:3441} INFO - Setting next_dagrun for gsc_to_bq to 2023-04-03T00:00:00+00:00, run_after=2023-04-04T00:00:00+00:00
[2023-04-04T00:29:50.030+0000] {processor.py:175} INFO - Processing /opt/airflow/dags/gcs_to_bq.py took 1.465 seconds
[2023-04-04T00:30:20.236+0000] {processor.py:153} INFO - Started process (PID=29710) to work on /opt/airflow/dags/gcs_to_bq.py
[2023-04-04T00:30:20.238+0000] {processor.py:743} INFO - Processing file /opt/airflow/dags/gcs_to_bq.py for tasks to queue
[2023-04-04T00:30:20.239+0000] {logging_mixin.py:137} INFO - [2023-04-04T00:30:20.239+0000] {dagbag.py:538} INFO - Filling up the DagBag from /opt/airflow/dags/gcs_to_bq.py
[2023-04-04T00:30:21.492+0000] {processor.py:753} INFO - DAG(s) dict_keys(['gsc_to_bq']) retrieved from /opt/airflow/dags/gcs_to_bq.py
[2023-04-04T00:30:21.537+0000] {logging_mixin.py:137} INFO - [2023-04-04T00:30:21.536+0000] {dag.py:2690} INFO - Sync 1 DAGs
[2023-04-04T00:30:21.589+0000] {logging_mixin.py:137} INFO - [2023-04-04T00:30:21.589+0000] {dag.py:3441} INFO - Setting next_dagrun for gsc_to_bq to 2023-04-03T00:00:00+00:00, run_after=2023-04-04T00:00:00+00:00
[2023-04-04T00:30:21.624+0000] {processor.py:175} INFO - Processing /opt/airflow/dags/gcs_to_bq.py took 1.395 seconds
[2023-04-04T00:30:51.783+0000] {processor.py:153} INFO - Started process (PID=29745) to work on /opt/airflow/dags/gcs_to_bq.py
[2023-04-04T00:30:51.787+0000] {processor.py:743} INFO - Processing file /opt/airflow/dags/gcs_to_bq.py for tasks to queue
[2023-04-04T00:30:51.791+0000] {logging_mixin.py:137} INFO - [2023-04-04T00:30:51.790+0000] {dagbag.py:538} INFO - Filling up the DagBag from /opt/airflow/dags/gcs_to_bq.py
[2023-04-04T00:30:53.179+0000] {processor.py:753} INFO - DAG(s) dict_keys(['gsc_to_bq']) retrieved from /opt/airflow/dags/gcs_to_bq.py
[2023-04-04T00:30:53.309+0000] {logging_mixin.py:137} INFO - [2023-04-04T00:30:53.308+0000] {dag.py:2690} INFO - Sync 1 DAGs
[2023-04-04T00:30:53.417+0000] {logging_mixin.py:137} INFO - [2023-04-04T00:30:53.417+0000] {dag.py:3441} INFO - Setting next_dagrun for gsc_to_bq to 2023-04-03T00:00:00+00:00, run_after=2023-04-04T00:00:00+00:00
[2023-04-04T00:30:53.478+0000] {processor.py:175} INFO - Processing /opt/airflow/dags/gcs_to_bq.py took 1.702 seconds
[2023-04-04T00:31:24.029+0000] {processor.py:153} INFO - Started process (PID=29796) to work on /opt/airflow/dags/gcs_to_bq.py
[2023-04-04T00:31:24.031+0000] {processor.py:743} INFO - Processing file /opt/airflow/dags/gcs_to_bq.py for tasks to queue
[2023-04-04T00:31:24.032+0000] {logging_mixin.py:137} INFO - [2023-04-04T00:31:24.032+0000] {dagbag.py:538} INFO - Filling up the DagBag from /opt/airflow/dags/gcs_to_bq.py
[2023-04-04T00:31:25.201+0000] {processor.py:753} INFO - DAG(s) dict_keys(['gsc_to_bq']) retrieved from /opt/airflow/dags/gcs_to_bq.py
[2023-04-04T00:31:25.228+0000] {logging_mixin.py:137} INFO - [2023-04-04T00:31:25.227+0000] {dag.py:2690} INFO - Sync 1 DAGs
[2023-04-04T00:31:25.260+0000] {logging_mixin.py:137} INFO - [2023-04-04T00:31:25.260+0000] {dag.py:3441} INFO - Setting next_dagrun for gsc_to_bq to 2023-04-03T00:00:00+00:00, run_after=2023-04-04T00:00:00+00:00
[2023-04-04T00:31:25.284+0000] {processor.py:175} INFO - Processing /opt/airflow/dags/gcs_to_bq.py took 1.259 seconds
[2023-04-04T00:31:55.797+0000] {processor.py:153} INFO - Started process (PID=29831) to work on /opt/airflow/dags/gcs_to_bq.py
[2023-04-04T00:31:55.799+0000] {processor.py:743} INFO - Processing file /opt/airflow/dags/gcs_to_bq.py for tasks to queue
[2023-04-04T00:31:55.800+0000] {logging_mixin.py:137} INFO - [2023-04-04T00:31:55.800+0000] {dagbag.py:538} INFO - Filling up the DagBag from /opt/airflow/dags/gcs_to_bq.py
[2023-04-04T00:31:56.554+0000] {processor.py:753} INFO - DAG(s) dict_keys(['gsc_to_bq']) retrieved from /opt/airflow/dags/gcs_to_bq.py
[2023-04-04T00:31:56.598+0000] {logging_mixin.py:137} INFO - [2023-04-04T00:31:56.597+0000] {dag.py:2690} INFO - Sync 1 DAGs
[2023-04-04T00:31:56.644+0000] {logging_mixin.py:137} INFO - [2023-04-04T00:31:56.644+0000] {dag.py:3441} INFO - Setting next_dagrun for gsc_to_bq to 2023-04-03T00:00:00+00:00, run_after=2023-04-04T00:00:00+00:00
[2023-04-04T00:31:56.698+0000] {processor.py:175} INFO - Processing /opt/airflow/dags/gcs_to_bq.py took 0.905 seconds
[2023-04-04T00:32:27.416+0000] {processor.py:153} INFO - Started process (PID=29866) to work on /opt/airflow/dags/gcs_to_bq.py
[2023-04-04T00:32:27.418+0000] {processor.py:743} INFO - Processing file /opt/airflow/dags/gcs_to_bq.py for tasks to queue
[2023-04-04T00:32:27.420+0000] {logging_mixin.py:137} INFO - [2023-04-04T00:32:27.419+0000] {dagbag.py:538} INFO - Filling up the DagBag from /opt/airflow/dags/gcs_to_bq.py
[2023-04-04T00:32:28.479+0000] {processor.py:753} INFO - DAG(s) dict_keys(['gsc_to_bq']) retrieved from /opt/airflow/dags/gcs_to_bq.py
[2023-04-04T00:32:28.513+0000] {logging_mixin.py:137} INFO - [2023-04-04T00:32:28.512+0000] {dag.py:2690} INFO - Sync 1 DAGs
[2023-04-04T00:32:28.550+0000] {logging_mixin.py:137} INFO - [2023-04-04T00:32:28.549+0000] {dag.py:3441} INFO - Setting next_dagrun for gsc_to_bq to 2023-04-03T00:00:00+00:00, run_after=2023-04-04T00:00:00+00:00
[2023-04-04T00:32:28.620+0000] {processor.py:175} INFO - Processing /opt/airflow/dags/gcs_to_bq.py took 1.208 seconds
[2023-04-04T00:32:58.894+0000] {processor.py:153} INFO - Started process (PID=29917) to work on /opt/airflow/dags/gcs_to_bq.py
[2023-04-04T00:32:58.896+0000] {processor.py:743} INFO - Processing file /opt/airflow/dags/gcs_to_bq.py for tasks to queue
[2023-04-04T00:32:58.897+0000] {logging_mixin.py:137} INFO - [2023-04-04T00:32:58.897+0000] {dagbag.py:538} INFO - Filling up the DagBag from /opt/airflow/dags/gcs_to_bq.py
[2023-04-04T00:32:59.621+0000] {processor.py:753} INFO - DAG(s) dict_keys(['gsc_to_bq']) retrieved from /opt/airflow/dags/gcs_to_bq.py
[2023-04-04T00:32:59.644+0000] {logging_mixin.py:137} INFO - [2023-04-04T00:32:59.644+0000] {dag.py:2690} INFO - Sync 1 DAGs
[2023-04-04T00:32:59.669+0000] {logging_mixin.py:137} INFO - [2023-04-04T00:32:59.669+0000] {dag.py:3441} INFO - Setting next_dagrun for gsc_to_bq to 2023-04-03T00:00:00+00:00, run_after=2023-04-04T00:00:00+00:00
[2023-04-04T00:32:59.692+0000] {processor.py:175} INFO - Processing /opt/airflow/dags/gcs_to_bq.py took 0.803 seconds
[2023-04-04T00:33:30.021+0000] {processor.py:153} INFO - Started process (PID=29952) to work on /opt/airflow/dags/gcs_to_bq.py
[2023-04-04T00:33:30.023+0000] {processor.py:743} INFO - Processing file /opt/airflow/dags/gcs_to_bq.py for tasks to queue
[2023-04-04T00:33:30.024+0000] {logging_mixin.py:137} INFO - [2023-04-04T00:33:30.024+0000] {dagbag.py:538} INFO - Filling up the DagBag from /opt/airflow/dags/gcs_to_bq.py
[2023-04-04T00:33:30.816+0000] {processor.py:753} INFO - DAG(s) dict_keys(['gsc_to_bq']) retrieved from /opt/airflow/dags/gcs_to_bq.py
[2023-04-04T00:33:30.845+0000] {logging_mixin.py:137} INFO - [2023-04-04T00:33:30.844+0000] {dag.py:2690} INFO - Sync 1 DAGs
[2023-04-04T00:33:30.879+0000] {logging_mixin.py:137} INFO - [2023-04-04T00:33:30.879+0000] {dag.py:3441} INFO - Setting next_dagrun for gsc_to_bq to 2023-04-03T00:00:00+00:00, run_after=2023-04-04T00:00:00+00:00
[2023-04-04T00:33:30.921+0000] {processor.py:175} INFO - Processing /opt/airflow/dags/gcs_to_bq.py took 0.905 seconds
[2023-04-04T00:34:01.533+0000] {processor.py:153} INFO - Started process (PID=30003) to work on /opt/airflow/dags/gcs_to_bq.py
[2023-04-04T00:34:01.537+0000] {processor.py:743} INFO - Processing file /opt/airflow/dags/gcs_to_bq.py for tasks to queue
[2023-04-04T00:34:01.539+0000] {logging_mixin.py:137} INFO - [2023-04-04T00:34:01.539+0000] {dagbag.py:538} INFO - Filling up the DagBag from /opt/airflow/dags/gcs_to_bq.py
[2023-04-04T00:34:02.880+0000] {processor.py:753} INFO - DAG(s) dict_keys(['gsc_to_bq']) retrieved from /opt/airflow/dags/gcs_to_bq.py
[2023-04-04T00:34:02.914+0000] {logging_mixin.py:137} INFO - [2023-04-04T00:34:02.913+0000] {dag.py:2690} INFO - Sync 1 DAGs
[2023-04-04T00:34:02.955+0000] {logging_mixin.py:137} INFO - [2023-04-04T00:34:02.955+0000] {dag.py:3441} INFO - Setting next_dagrun for gsc_to_bq to 2023-04-03T00:00:00+00:00, run_after=2023-04-04T00:00:00+00:00
[2023-04-04T00:34:02.987+0000] {processor.py:175} INFO - Processing /opt/airflow/dags/gcs_to_bq.py took 1.459 seconds
[2023-04-04T00:34:33.300+0000] {processor.py:153} INFO - Started process (PID=30038) to work on /opt/airflow/dags/gcs_to_bq.py
[2023-04-04T00:34:33.301+0000] {processor.py:743} INFO - Processing file /opt/airflow/dags/gcs_to_bq.py for tasks to queue
[2023-04-04T00:34:33.303+0000] {logging_mixin.py:137} INFO - [2023-04-04T00:34:33.303+0000] {dagbag.py:538} INFO - Filling up the DagBag from /opt/airflow/dags/gcs_to_bq.py
[2023-04-04T00:34:34.014+0000] {processor.py:753} INFO - DAG(s) dict_keys(['gsc_to_bq']) retrieved from /opt/airflow/dags/gcs_to_bq.py
[2023-04-04T00:34:34.033+0000] {logging_mixin.py:137} INFO - [2023-04-04T00:34:34.032+0000] {dag.py:2690} INFO - Sync 1 DAGs
[2023-04-04T00:34:34.058+0000] {logging_mixin.py:137} INFO - [2023-04-04T00:34:34.058+0000] {dag.py:3441} INFO - Setting next_dagrun for gsc_to_bq to 2023-04-03T00:00:00+00:00, run_after=2023-04-04T00:00:00+00:00
[2023-04-04T00:34:34.081+0000] {processor.py:175} INFO - Processing /opt/airflow/dags/gcs_to_bq.py took 0.786 seconds
[2023-04-04T00:35:04.596+0000] {processor.py:153} INFO - Started process (PID=30074) to work on /opt/airflow/dags/gcs_to_bq.py
[2023-04-04T00:35:04.597+0000] {processor.py:743} INFO - Processing file /opt/airflow/dags/gcs_to_bq.py for tasks to queue
[2023-04-04T00:35:04.599+0000] {logging_mixin.py:137} INFO - [2023-04-04T00:35:04.598+0000] {dagbag.py:538} INFO - Filling up the DagBag from /opt/airflow/dags/gcs_to_bq.py
[2023-04-04T00:35:05.675+0000] {processor.py:753} INFO - DAG(s) dict_keys(['gsc_to_bq']) retrieved from /opt/airflow/dags/gcs_to_bq.py
[2023-04-04T00:35:05.716+0000] {logging_mixin.py:137} INFO - [2023-04-04T00:35:05.715+0000] {dag.py:2690} INFO - Sync 1 DAGs
[2023-04-04T00:35:05.755+0000] {logging_mixin.py:137} INFO - [2023-04-04T00:35:05.755+0000] {dag.py:3441} INFO - Setting next_dagrun for gsc_to_bq to 2023-04-03T00:00:00+00:00, run_after=2023-04-04T00:00:00+00:00
[2023-04-04T00:35:05.780+0000] {processor.py:175} INFO - Processing /opt/airflow/dags/gcs_to_bq.py took 1.191 seconds
[2023-04-04T00:35:36.434+0000] {processor.py:153} INFO - Started process (PID=30125) to work on /opt/airflow/dags/gcs_to_bq.py
[2023-04-04T00:35:36.435+0000] {processor.py:743} INFO - Processing file /opt/airflow/dags/gcs_to_bq.py for tasks to queue
[2023-04-04T00:35:36.436+0000] {logging_mixin.py:137} INFO - [2023-04-04T00:35:36.436+0000] {dagbag.py:538} INFO - Filling up the DagBag from /opt/airflow/dags/gcs_to_bq.py
[2023-04-04T00:35:37.688+0000] {processor.py:753} INFO - DAG(s) dict_keys(['gsc_to_bq']) retrieved from /opt/airflow/dags/gcs_to_bq.py
[2023-04-04T00:35:37.728+0000] {logging_mixin.py:137} INFO - [2023-04-04T00:35:37.727+0000] {dag.py:2690} INFO - Sync 1 DAGs
[2023-04-04T00:35:37.769+0000] {logging_mixin.py:137} INFO - [2023-04-04T00:35:37.768+0000] {dag.py:3441} INFO - Setting next_dagrun for gsc_to_bq to 2023-04-03T00:00:00+00:00, run_after=2023-04-04T00:00:00+00:00
[2023-04-04T00:35:37.804+0000] {processor.py:175} INFO - Processing /opt/airflow/dags/gcs_to_bq.py took 1.375 seconds
[2023-04-04T00:36:08.476+0000] {processor.py:153} INFO - Started process (PID=30160) to work on /opt/airflow/dags/gcs_to_bq.py
[2023-04-04T00:36:08.478+0000] {processor.py:743} INFO - Processing file /opt/airflow/dags/gcs_to_bq.py for tasks to queue
[2023-04-04T00:36:08.479+0000] {logging_mixin.py:137} INFO - [2023-04-04T00:36:08.479+0000] {dagbag.py:538} INFO - Filling up the DagBag from /opt/airflow/dags/gcs_to_bq.py
[2023-04-04T00:36:09.787+0000] {processor.py:753} INFO - DAG(s) dict_keys(['gsc_to_bq']) retrieved from /opt/airflow/dags/gcs_to_bq.py
[2023-04-04T00:36:09.833+0000] {logging_mixin.py:137} INFO - [2023-04-04T00:36:09.832+0000] {dag.py:2690} INFO - Sync 1 DAGs
[2023-04-04T00:36:09.880+0000] {logging_mixin.py:137} INFO - [2023-04-04T00:36:09.880+0000] {dag.py:3441} INFO - Setting next_dagrun for gsc_to_bq to 2023-04-03T00:00:00+00:00, run_after=2023-04-04T00:00:00+00:00
[2023-04-04T00:36:09.915+0000] {processor.py:175} INFO - Processing /opt/airflow/dags/gcs_to_bq.py took 1.444 seconds
[2023-04-04T00:36:40.740+0000] {processor.py:153} INFO - Started process (PID=30194) to work on /opt/airflow/dags/gcs_to_bq.py
[2023-04-04T00:36:40.742+0000] {processor.py:743} INFO - Processing file /opt/airflow/dags/gcs_to_bq.py for tasks to queue
[2023-04-04T00:36:40.744+0000] {logging_mixin.py:137} INFO - [2023-04-04T00:36:40.744+0000] {dagbag.py:538} INFO - Filling up the DagBag from /opt/airflow/dags/gcs_to_bq.py
[2023-04-04T00:36:41.616+0000] {processor.py:753} INFO - DAG(s) dict_keys(['gsc_to_bq']) retrieved from /opt/airflow/dags/gcs_to_bq.py
[2023-04-04T00:36:41.655+0000] {logging_mixin.py:137} INFO - [2023-04-04T00:36:41.654+0000] {dag.py:2690} INFO - Sync 1 DAGs
[2023-04-04T00:36:41.703+0000] {logging_mixin.py:137} INFO - [2023-04-04T00:36:41.703+0000] {dag.py:3441} INFO - Setting next_dagrun for gsc_to_bq to 2023-04-03T00:00:00+00:00, run_after=2023-04-04T00:00:00+00:00
[2023-04-04T00:36:41.735+0000] {processor.py:175} INFO - Processing /opt/airflow/dags/gcs_to_bq.py took 0.998 seconds
[2023-04-04T00:37:12.042+0000] {processor.py:153} INFO - Started process (PID=30229) to work on /opt/airflow/dags/gcs_to_bq.py
[2023-04-04T00:37:12.043+0000] {processor.py:743} INFO - Processing file /opt/airflow/dags/gcs_to_bq.py for tasks to queue
[2023-04-04T00:37:12.044+0000] {logging_mixin.py:137} INFO - [2023-04-04T00:37:12.044+0000] {dagbag.py:538} INFO - Filling up the DagBag from /opt/airflow/dags/gcs_to_bq.py
[2023-04-04T00:37:12.794+0000] {processor.py:753} INFO - DAG(s) dict_keys(['gsc_to_bq']) retrieved from /opt/airflow/dags/gcs_to_bq.py
[2023-04-04T00:37:12.815+0000] {logging_mixin.py:137} INFO - [2023-04-04T00:37:12.814+0000] {dag.py:2690} INFO - Sync 1 DAGs
[2023-04-04T00:37:12.839+0000] {logging_mixin.py:137} INFO - [2023-04-04T00:37:12.839+0000] {dag.py:3441} INFO - Setting next_dagrun for gsc_to_bq to 2023-04-03T00:00:00+00:00, run_after=2023-04-04T00:00:00+00:00
[2023-04-04T00:37:12.864+0000] {processor.py:175} INFO - Processing /opt/airflow/dags/gcs_to_bq.py took 0.827 seconds
[2023-04-04T00:37:43.662+0000] {processor.py:153} INFO - Started process (PID=30264) to work on /opt/airflow/dags/gcs_to_bq.py
[2023-04-04T00:37:43.663+0000] {processor.py:743} INFO - Processing file /opt/airflow/dags/gcs_to_bq.py for tasks to queue
[2023-04-04T00:37:43.664+0000] {logging_mixin.py:137} INFO - [2023-04-04T00:37:43.664+0000] {dagbag.py:538} INFO - Filling up the DagBag from /opt/airflow/dags/gcs_to_bq.py
[2023-04-04T00:37:44.601+0000] {processor.py:753} INFO - DAG(s) dict_keys(['gsc_to_bq']) retrieved from /opt/airflow/dags/gcs_to_bq.py
[2023-04-04T00:37:44.628+0000] {logging_mixin.py:137} INFO - [2023-04-04T00:37:44.627+0000] {dag.py:2690} INFO - Sync 1 DAGs
[2023-04-04T00:37:44.656+0000] {logging_mixin.py:137} INFO - [2023-04-04T00:37:44.656+0000] {dag.py:3441} INFO - Setting next_dagrun for gsc_to_bq to 2023-04-03T00:00:00+00:00, run_after=2023-04-04T00:00:00+00:00
[2023-04-04T00:37:44.690+0000] {processor.py:175} INFO - Processing /opt/airflow/dags/gcs_to_bq.py took 1.036 seconds
[2023-04-04T00:38:15.178+0000] {processor.py:153} INFO - Started process (PID=30315) to work on /opt/airflow/dags/gcs_to_bq.py
[2023-04-04T00:38:15.179+0000] {processor.py:743} INFO - Processing file /opt/airflow/dags/gcs_to_bq.py for tasks to queue
[2023-04-04T00:38:15.180+0000] {logging_mixin.py:137} INFO - [2023-04-04T00:38:15.180+0000] {dagbag.py:538} INFO - Filling up the DagBag from /opt/airflow/dags/gcs_to_bq.py
[2023-04-04T00:38:15.972+0000] {processor.py:753} INFO - DAG(s) dict_keys(['gsc_to_bq']) retrieved from /opt/airflow/dags/gcs_to_bq.py
[2023-04-04T00:38:16.004+0000] {logging_mixin.py:137} INFO - [2023-04-04T00:38:16.003+0000] {dag.py:2690} INFO - Sync 1 DAGs
[2023-04-04T00:38:16.029+0000] {logging_mixin.py:137} INFO - [2023-04-04T00:38:16.029+0000] {dag.py:3441} INFO - Setting next_dagrun for gsc_to_bq to 2023-04-03T00:00:00+00:00, run_after=2023-04-04T00:00:00+00:00
[2023-04-04T00:38:16.050+0000] {processor.py:175} INFO - Processing /opt/airflow/dags/gcs_to_bq.py took 0.876 seconds
[2023-04-04T00:38:46.511+0000] {processor.py:153} INFO - Started process (PID=30350) to work on /opt/airflow/dags/gcs_to_bq.py
[2023-04-04T00:38:46.521+0000] {processor.py:743} INFO - Processing file /opt/airflow/dags/gcs_to_bq.py for tasks to queue
[2023-04-04T00:38:46.523+0000] {logging_mixin.py:137} INFO - [2023-04-04T00:38:46.523+0000] {dagbag.py:538} INFO - Filling up the DagBag from /opt/airflow/dags/gcs_to_bq.py
[2023-04-04T00:38:47.512+0000] {processor.py:753} INFO - DAG(s) dict_keys(['gsc_to_bq']) retrieved from /opt/airflow/dags/gcs_to_bq.py
[2023-04-04T00:38:47.552+0000] {logging_mixin.py:137} INFO - [2023-04-04T00:38:47.551+0000] {dag.py:2690} INFO - Sync 1 DAGs
[2023-04-04T00:38:47.595+0000] {logging_mixin.py:137} INFO - [2023-04-04T00:38:47.594+0000] {dag.py:3441} INFO - Setting next_dagrun for gsc_to_bq to 2023-04-03T00:00:00+00:00, run_after=2023-04-04T00:00:00+00:00
[2023-04-04T00:38:47.619+0000] {processor.py:175} INFO - Processing /opt/airflow/dags/gcs_to_bq.py took 1.112 seconds
[2023-04-04T00:39:18.113+0000] {processor.py:153} INFO - Started process (PID=30400) to work on /opt/airflow/dags/gcs_to_bq.py
[2023-04-04T00:39:18.114+0000] {processor.py:743} INFO - Processing file /opt/airflow/dags/gcs_to_bq.py for tasks to queue
[2023-04-04T00:39:18.115+0000] {logging_mixin.py:137} INFO - [2023-04-04T00:39:18.115+0000] {dagbag.py:538} INFO - Filling up the DagBag from /opt/airflow/dags/gcs_to_bq.py
[2023-04-04T00:39:19.050+0000] {processor.py:753} INFO - DAG(s) dict_keys(['gsc_to_bq']) retrieved from /opt/airflow/dags/gcs_to_bq.py
[2023-04-04T00:39:19.080+0000] {logging_mixin.py:137} INFO - [2023-04-04T00:39:19.079+0000] {dag.py:2690} INFO - Sync 1 DAGs
[2023-04-04T00:39:19.115+0000] {logging_mixin.py:137} INFO - [2023-04-04T00:39:19.115+0000] {dag.py:3441} INFO - Setting next_dagrun for gsc_to_bq to 2023-04-03T00:00:00+00:00, run_after=2023-04-04T00:00:00+00:00
[2023-04-04T00:39:19.145+0000] {processor.py:175} INFO - Processing /opt/airflow/dags/gcs_to_bq.py took 1.036 seconds
[2023-04-04T00:39:49.647+0000] {processor.py:153} INFO - Started process (PID=30434) to work on /opt/airflow/dags/gcs_to_bq.py
[2023-04-04T00:39:49.648+0000] {processor.py:743} INFO - Processing file /opt/airflow/dags/gcs_to_bq.py for tasks to queue
[2023-04-04T00:39:49.649+0000] {logging_mixin.py:137} INFO - [2023-04-04T00:39:49.649+0000] {dagbag.py:538} INFO - Filling up the DagBag from /opt/airflow/dags/gcs_to_bq.py
[2023-04-04T00:39:50.280+0000] {processor.py:753} INFO - DAG(s) dict_keys(['gsc_to_bq']) retrieved from /opt/airflow/dags/gcs_to_bq.py
[2023-04-04T00:39:50.302+0000] {logging_mixin.py:137} INFO - [2023-04-04T00:39:50.301+0000] {dag.py:2690} INFO - Sync 1 DAGs
[2023-04-04T00:39:50.328+0000] {logging_mixin.py:137} INFO - [2023-04-04T00:39:50.327+0000] {dag.py:3441} INFO - Setting next_dagrun for gsc_to_bq to 2023-04-03T00:00:00+00:00, run_after=2023-04-04T00:00:00+00:00
[2023-04-04T00:39:50.350+0000] {processor.py:175} INFO - Processing /opt/airflow/dags/gcs_to_bq.py took 0.706 seconds
[2023-04-04T00:40:20.522+0000] {processor.py:153} INFO - Started process (PID=30469) to work on /opt/airflow/dags/gcs_to_bq.py
[2023-04-04T00:40:20.523+0000] {processor.py:743} INFO - Processing file /opt/airflow/dags/gcs_to_bq.py for tasks to queue
[2023-04-04T00:40:20.525+0000] {logging_mixin.py:137} INFO - [2023-04-04T00:40:20.525+0000] {dagbag.py:538} INFO - Filling up the DagBag from /opt/airflow/dags/gcs_to_bq.py
[2023-04-04T00:40:21.227+0000] {processor.py:753} INFO - DAG(s) dict_keys(['gsc_to_bq']) retrieved from /opt/airflow/dags/gcs_to_bq.py
[2023-04-04T00:40:21.255+0000] {logging_mixin.py:137} INFO - [2023-04-04T00:40:21.254+0000] {dag.py:2690} INFO - Sync 1 DAGs
[2023-04-04T00:40:21.286+0000] {logging_mixin.py:137} INFO - [2023-04-04T00:40:21.285+0000] {dag.py:3441} INFO - Setting next_dagrun for gsc_to_bq to 2023-04-03T00:00:00+00:00, run_after=2023-04-04T00:00:00+00:00
[2023-04-04T00:40:21.322+0000] {processor.py:175} INFO - Processing /opt/airflow/dags/gcs_to_bq.py took 0.804 seconds
[2023-04-04T00:40:52.066+0000] {processor.py:153} INFO - Started process (PID=30504) to work on /opt/airflow/dags/gcs_to_bq.py
[2023-04-04T00:40:52.067+0000] {processor.py:743} INFO - Processing file /opt/airflow/dags/gcs_to_bq.py for tasks to queue
[2023-04-04T00:40:52.069+0000] {logging_mixin.py:137} INFO - [2023-04-04T00:40:52.069+0000] {dagbag.py:538} INFO - Filling up the DagBag from /opt/airflow/dags/gcs_to_bq.py
[2023-04-04T00:40:53.017+0000] {processor.py:753} INFO - DAG(s) dict_keys(['gsc_to_bq']) retrieved from /opt/airflow/dags/gcs_to_bq.py
[2023-04-04T00:40:53.041+0000] {logging_mixin.py:137} INFO - [2023-04-04T00:40:53.041+0000] {dag.py:2690} INFO - Sync 1 DAGs
[2023-04-04T00:40:53.073+0000] {logging_mixin.py:137} INFO - [2023-04-04T00:40:53.073+0000] {dag.py:3441} INFO - Setting next_dagrun for gsc_to_bq to 2023-04-03T00:00:00+00:00, run_after=2023-04-04T00:00:00+00:00
[2023-04-04T00:40:53.095+0000] {processor.py:175} INFO - Processing /opt/airflow/dags/gcs_to_bq.py took 1.036 seconds
[2023-04-04T00:41:23.828+0000] {processor.py:153} INFO - Started process (PID=30555) to work on /opt/airflow/dags/gcs_to_bq.py
[2023-04-04T00:41:23.831+0000] {processor.py:743} INFO - Processing file /opt/airflow/dags/gcs_to_bq.py for tasks to queue
[2023-04-04T00:41:23.835+0000] {logging_mixin.py:137} INFO - [2023-04-04T00:41:23.834+0000] {dagbag.py:538} INFO - Filling up the DagBag from /opt/airflow/dags/gcs_to_bq.py
[2023-04-04T00:41:25.579+0000] {processor.py:753} INFO - DAG(s) dict_keys(['gsc_to_bq']) retrieved from /opt/airflow/dags/gcs_to_bq.py
[2023-04-04T00:41:25.626+0000] {logging_mixin.py:137} INFO - [2023-04-04T00:41:25.625+0000] {dag.py:2690} INFO - Sync 1 DAGs
[2023-04-04T00:41:25.672+0000] {logging_mixin.py:137} INFO - [2023-04-04T00:41:25.672+0000] {dag.py:3441} INFO - Setting next_dagrun for gsc_to_bq to 2023-04-03T00:00:00+00:00, run_after=2023-04-04T00:00:00+00:00
[2023-04-04T00:41:25.715+0000] {processor.py:175} INFO - Processing /opt/airflow/dags/gcs_to_bq.py took 1.894 seconds
[2023-04-04T00:41:55.998+0000] {processor.py:153} INFO - Started process (PID=30591) to work on /opt/airflow/dags/gcs_to_bq.py
[2023-04-04T00:41:56.000+0000] {processor.py:743} INFO - Processing file /opt/airflow/dags/gcs_to_bq.py for tasks to queue
[2023-04-04T00:41:56.001+0000] {logging_mixin.py:137} INFO - [2023-04-04T00:41:56.001+0000] {dagbag.py:538} INFO - Filling up the DagBag from /opt/airflow/dags/gcs_to_bq.py
[2023-04-04T00:41:56.605+0000] {processor.py:753} INFO - DAG(s) dict_keys(['gsc_to_bq']) retrieved from /opt/airflow/dags/gcs_to_bq.py
[2023-04-04T00:41:56.628+0000] {logging_mixin.py:137} INFO - [2023-04-04T00:41:56.628+0000] {dag.py:2690} INFO - Sync 1 DAGs
[2023-04-04T00:41:56.648+0000] {logging_mixin.py:137} INFO - [2023-04-04T00:41:56.648+0000] {dag.py:3441} INFO - Setting next_dagrun for gsc_to_bq to 2023-04-03T00:00:00+00:00, run_after=2023-04-04T00:00:00+00:00
[2023-04-04T00:41:56.670+0000] {processor.py:175} INFO - Processing /opt/airflow/dags/gcs_to_bq.py took 0.675 seconds
[2023-04-04T00:42:26.899+0000] {processor.py:153} INFO - Started process (PID=30626) to work on /opt/airflow/dags/gcs_to_bq.py
[2023-04-04T00:42:26.900+0000] {processor.py:743} INFO - Processing file /opt/airflow/dags/gcs_to_bq.py for tasks to queue
[2023-04-04T00:42:26.901+0000] {logging_mixin.py:137} INFO - [2023-04-04T00:42:26.901+0000] {dagbag.py:538} INFO - Filling up the DagBag from /opt/airflow/dags/gcs_to_bq.py
[2023-04-04T00:42:27.508+0000] {processor.py:753} INFO - DAG(s) dict_keys(['gsc_to_bq']) retrieved from /opt/airflow/dags/gcs_to_bq.py
[2023-04-04T00:42:27.530+0000] {logging_mixin.py:137} INFO - [2023-04-04T00:42:27.529+0000] {dag.py:2690} INFO - Sync 1 DAGs
[2023-04-04T00:42:27.549+0000] {logging_mixin.py:137} INFO - [2023-04-04T00:42:27.549+0000] {dag.py:3441} INFO - Setting next_dagrun for gsc_to_bq to 2023-04-03T00:00:00+00:00, run_after=2023-04-04T00:00:00+00:00
[2023-04-04T00:42:27.575+0000] {processor.py:175} INFO - Processing /opt/airflow/dags/gcs_to_bq.py took 0.680 seconds
[2023-04-04T00:42:58.054+0000] {processor.py:153} INFO - Started process (PID=30677) to work on /opt/airflow/dags/gcs_to_bq.py
[2023-04-04T00:42:58.056+0000] {processor.py:743} INFO - Processing file /opt/airflow/dags/gcs_to_bq.py for tasks to queue
[2023-04-04T00:42:58.058+0000] {logging_mixin.py:137} INFO - [2023-04-04T00:42:58.058+0000] {dagbag.py:538} INFO - Filling up the DagBag from /opt/airflow/dags/gcs_to_bq.py
[2023-04-04T00:42:58.980+0000] {processor.py:753} INFO - DAG(s) dict_keys(['gsc_to_bq']) retrieved from /opt/airflow/dags/gcs_to_bq.py
[2023-04-04T00:42:59.009+0000] {logging_mixin.py:137} INFO - [2023-04-04T00:42:59.008+0000] {dag.py:2690} INFO - Sync 1 DAGs
[2023-04-04T00:42:59.042+0000] {logging_mixin.py:137} INFO - [2023-04-04T00:42:59.042+0000] {dag.py:3441} INFO - Setting next_dagrun for gsc_to_bq to 2023-04-03T00:00:00+00:00, run_after=2023-04-04T00:00:00+00:00
[2023-04-04T00:42:59.082+0000] {processor.py:175} INFO - Processing /opt/airflow/dags/gcs_to_bq.py took 1.033 seconds
[2023-04-04T00:43:29.566+0000] {processor.py:153} INFO - Started process (PID=30712) to work on /opt/airflow/dags/gcs_to_bq.py
[2023-04-04T00:43:29.568+0000] {processor.py:743} INFO - Processing file /opt/airflow/dags/gcs_to_bq.py for tasks to queue
[2023-04-04T00:43:29.569+0000] {logging_mixin.py:137} INFO - [2023-04-04T00:43:29.569+0000] {dagbag.py:538} INFO - Filling up the DagBag from /opt/airflow/dags/gcs_to_bq.py
[2023-04-04T00:43:30.226+0000] {processor.py:753} INFO - DAG(s) dict_keys(['gsc_to_bq']) retrieved from /opt/airflow/dags/gcs_to_bq.py
[2023-04-04T00:43:30.248+0000] {logging_mixin.py:137} INFO - [2023-04-04T00:43:30.248+0000] {dag.py:2690} INFO - Sync 1 DAGs
[2023-04-04T00:43:30.273+0000] {logging_mixin.py:137} INFO - [2023-04-04T00:43:30.273+0000] {dag.py:3441} INFO - Setting next_dagrun for gsc_to_bq to 2023-04-03T00:00:00+00:00, run_after=2023-04-04T00:00:00+00:00
[2023-04-04T00:43:30.294+0000] {processor.py:175} INFO - Processing /opt/airflow/dags/gcs_to_bq.py took 0.732 seconds
[2023-04-04T00:44:00.382+0000] {processor.py:153} INFO - Started process (PID=30762) to work on /opt/airflow/dags/gcs_to_bq.py
[2023-04-04T00:44:00.384+0000] {processor.py:743} INFO - Processing file /opt/airflow/dags/gcs_to_bq.py for tasks to queue
[2023-04-04T00:44:00.385+0000] {logging_mixin.py:137} INFO - [2023-04-04T00:44:00.385+0000] {dagbag.py:538} INFO - Filling up the DagBag from /opt/airflow/dags/gcs_to_bq.py
[2023-04-04T00:44:01.100+0000] {processor.py:753} INFO - DAG(s) dict_keys(['gsc_to_bq']) retrieved from /opt/airflow/dags/gcs_to_bq.py
[2023-04-04T00:44:01.124+0000] {logging_mixin.py:137} INFO - [2023-04-04T00:44:01.123+0000] {dag.py:2690} INFO - Sync 1 DAGs
[2023-04-04T00:44:01.152+0000] {logging_mixin.py:137} INFO - [2023-04-04T00:44:01.152+0000] {dag.py:3441} INFO - Setting next_dagrun for gsc_to_bq to 2023-04-03T00:00:00+00:00, run_after=2023-04-04T00:00:00+00:00
[2023-04-04T00:44:01.193+0000] {processor.py:175} INFO - Processing /opt/airflow/dags/gcs_to_bq.py took 0.814 seconds
[2023-04-04T00:44:31.654+0000] {processor.py:153} INFO - Started process (PID=30797) to work on /opt/airflow/dags/gcs_to_bq.py
[2023-04-04T00:44:31.655+0000] {processor.py:743} INFO - Processing file /opt/airflow/dags/gcs_to_bq.py for tasks to queue
[2023-04-04T00:44:31.656+0000] {logging_mixin.py:137} INFO - [2023-04-04T00:44:31.656+0000] {dagbag.py:538} INFO - Filling up the DagBag from /opt/airflow/dags/gcs_to_bq.py
[2023-04-04T00:44:32.473+0000] {processor.py:753} INFO - DAG(s) dict_keys(['gsc_to_bq']) retrieved from /opt/airflow/dags/gcs_to_bq.py
[2023-04-04T00:44:32.516+0000] {logging_mixin.py:137} INFO - [2023-04-04T00:44:32.515+0000] {dag.py:2690} INFO - Sync 1 DAGs
[2023-04-04T00:44:32.556+0000] {logging_mixin.py:137} INFO - [2023-04-04T00:44:32.555+0000] {dag.py:3441} INFO - Setting next_dagrun for gsc_to_bq to 2023-04-03T00:00:00+00:00, run_after=2023-04-04T00:00:00+00:00
[2023-04-04T00:44:32.587+0000] {processor.py:175} INFO - Processing /opt/airflow/dags/gcs_to_bq.py took 0.937 seconds
[2023-04-04T00:45:03.107+0000] {processor.py:153} INFO - Started process (PID=30848) to work on /opt/airflow/dags/gcs_to_bq.py
[2023-04-04T00:45:03.108+0000] {processor.py:743} INFO - Processing file /opt/airflow/dags/gcs_to_bq.py for tasks to queue
[2023-04-04T00:45:03.110+0000] {logging_mixin.py:137} INFO - [2023-04-04T00:45:03.110+0000] {dagbag.py:538} INFO - Filling up the DagBag from /opt/airflow/dags/gcs_to_bq.py
[2023-04-04T00:45:03.731+0000] {processor.py:753} INFO - DAG(s) dict_keys(['gsc_to_bq']) retrieved from /opt/airflow/dags/gcs_to_bq.py
[2023-04-04T00:45:03.753+0000] {logging_mixin.py:137} INFO - [2023-04-04T00:45:03.753+0000] {dag.py:2690} INFO - Sync 1 DAGs
[2023-04-04T00:45:03.772+0000] {logging_mixin.py:137} INFO - [2023-04-04T00:45:03.772+0000] {dag.py:3441} INFO - Setting next_dagrun for gsc_to_bq to 2023-04-03T00:00:00+00:00, run_after=2023-04-04T00:00:00+00:00
[2023-04-04T00:45:03.831+0000] {processor.py:175} INFO - Processing /opt/airflow/dags/gcs_to_bq.py took 0.727 seconds
[2023-04-04T00:45:34.094+0000] {processor.py:153} INFO - Started process (PID=30883) to work on /opt/airflow/dags/gcs_to_bq.py
[2023-04-04T00:45:34.096+0000] {processor.py:743} INFO - Processing file /opt/airflow/dags/gcs_to_bq.py for tasks to queue
[2023-04-04T00:45:34.098+0000] {logging_mixin.py:137} INFO - [2023-04-04T00:45:34.097+0000] {dagbag.py:538} INFO - Filling up the DagBag from /opt/airflow/dags/gcs_to_bq.py
[2023-04-04T00:45:34.990+0000] {processor.py:753} INFO - DAG(s) dict_keys(['gsc_to_bq']) retrieved from /opt/airflow/dags/gcs_to_bq.py
[2023-04-04T00:45:35.012+0000] {logging_mixin.py:137} INFO - [2023-04-04T00:45:35.011+0000] {dag.py:2690} INFO - Sync 1 DAGs
[2023-04-04T00:45:35.037+0000] {logging_mixin.py:137} INFO - [2023-04-04T00:45:35.036+0000] {dag.py:3441} INFO - Setting next_dagrun for gsc_to_bq to 2023-04-03T00:00:00+00:00, run_after=2023-04-04T00:00:00+00:00
[2023-04-04T00:45:35.059+0000] {processor.py:175} INFO - Processing /opt/airflow/dags/gcs_to_bq.py took 0.970 seconds
[2023-04-04T00:46:05.541+0000] {processor.py:153} INFO - Started process (PID=30934) to work on /opt/airflow/dags/gcs_to_bq.py
[2023-04-04T00:46:05.543+0000] {processor.py:743} INFO - Processing file /opt/airflow/dags/gcs_to_bq.py for tasks to queue
[2023-04-04T00:46:05.544+0000] {logging_mixin.py:137} INFO - [2023-04-04T00:46:05.544+0000] {dagbag.py:538} INFO - Filling up the DagBag from /opt/airflow/dags/gcs_to_bq.py
[2023-04-04T00:46:06.153+0000] {processor.py:753} INFO - DAG(s) dict_keys(['gsc_to_bq']) retrieved from /opt/airflow/dags/gcs_to_bq.py
[2023-04-04T00:46:06.173+0000] {logging_mixin.py:137} INFO - [2023-04-04T00:46:06.173+0000] {dag.py:2690} INFO - Sync 1 DAGs
[2023-04-04T00:46:06.193+0000] {logging_mixin.py:137} INFO - [2023-04-04T00:46:06.193+0000] {dag.py:3441} INFO - Setting next_dagrun for gsc_to_bq to 2023-04-03T00:00:00+00:00, run_after=2023-04-04T00:00:00+00:00
[2023-04-04T00:46:06.215+0000] {processor.py:175} INFO - Processing /opt/airflow/dags/gcs_to_bq.py took 0.678 seconds
[2023-04-04T00:46:36.931+0000] {processor.py:153} INFO - Started process (PID=30969) to work on /opt/airflow/dags/gcs_to_bq.py
[2023-04-04T00:46:36.932+0000] {processor.py:743} INFO - Processing file /opt/airflow/dags/gcs_to_bq.py for tasks to queue
[2023-04-04T00:46:36.933+0000] {logging_mixin.py:137} INFO - [2023-04-04T00:46:36.933+0000] {dagbag.py:538} INFO - Filling up the DagBag from /opt/airflow/dags/gcs_to_bq.py
[2023-04-04T00:46:37.675+0000] {processor.py:753} INFO - DAG(s) dict_keys(['gsc_to_bq']) retrieved from /opt/airflow/dags/gcs_to_bq.py
[2023-04-04T00:46:37.704+0000] {logging_mixin.py:137} INFO - [2023-04-04T00:46:37.704+0000] {dag.py:2690} INFO - Sync 1 DAGs
[2023-04-04T00:46:37.732+0000] {logging_mixin.py:137} INFO - [2023-04-04T00:46:37.732+0000] {dag.py:3441} INFO - Setting next_dagrun for gsc_to_bq to 2023-04-03T00:00:00+00:00, run_after=2023-04-04T00:00:00+00:00
[2023-04-04T00:46:37.758+0000] {processor.py:175} INFO - Processing /opt/airflow/dags/gcs_to_bq.py took 0.833 seconds
[2023-04-04T00:47:08.312+0000] {processor.py:153} INFO - Started process (PID=31020) to work on /opt/airflow/dags/gcs_to_bq.py
[2023-04-04T00:47:08.314+0000] {processor.py:743} INFO - Processing file /opt/airflow/dags/gcs_to_bq.py for tasks to queue
[2023-04-04T00:47:08.315+0000] {logging_mixin.py:137} INFO - [2023-04-04T00:47:08.315+0000] {dagbag.py:538} INFO - Filling up the DagBag from /opt/airflow/dags/gcs_to_bq.py
[2023-04-04T00:47:09.128+0000] {processor.py:753} INFO - DAG(s) dict_keys(['gsc_to_bq']) retrieved from /opt/airflow/dags/gcs_to_bq.py
[2023-04-04T00:47:09.150+0000] {logging_mixin.py:137} INFO - [2023-04-04T00:47:09.150+0000] {dag.py:2690} INFO - Sync 1 DAGs
[2023-04-04T00:47:09.176+0000] {logging_mixin.py:137} INFO - [2023-04-04T00:47:09.176+0000] {dag.py:3441} INFO - Setting next_dagrun for gsc_to_bq to 2023-04-03T00:00:00+00:00, run_after=2023-04-04T00:00:00+00:00
[2023-04-04T00:47:09.203+0000] {processor.py:175} INFO - Processing /opt/airflow/dags/gcs_to_bq.py took 0.895 seconds
[2023-04-04T00:47:39.698+0000] {processor.py:153} INFO - Started process (PID=31055) to work on /opt/airflow/dags/gcs_to_bq.py
[2023-04-04T00:47:39.699+0000] {processor.py:743} INFO - Processing file /opt/airflow/dags/gcs_to_bq.py for tasks to queue
[2023-04-04T00:47:39.700+0000] {logging_mixin.py:137} INFO - [2023-04-04T00:47:39.700+0000] {dagbag.py:538} INFO - Filling up the DagBag from /opt/airflow/dags/gcs_to_bq.py
[2023-04-04T00:47:40.552+0000] {processor.py:753} INFO - DAG(s) dict_keys(['gsc_to_bq']) retrieved from /opt/airflow/dags/gcs_to_bq.py
[2023-04-04T00:47:40.581+0000] {logging_mixin.py:137} INFO - [2023-04-04T00:47:40.580+0000] {dag.py:2690} INFO - Sync 1 DAGs
[2023-04-04T00:47:40.618+0000] {logging_mixin.py:137} INFO - [2023-04-04T00:47:40.618+0000] {dag.py:3441} INFO - Setting next_dagrun for gsc_to_bq to 2023-04-03T00:00:00+00:00, run_after=2023-04-04T00:00:00+00:00
[2023-04-04T00:47:40.648+0000] {processor.py:175} INFO - Processing /opt/airflow/dags/gcs_to_bq.py took 0.954 seconds
[2023-04-04T00:48:11.299+0000] {processor.py:153} INFO - Started process (PID=31090) to work on /opt/airflow/dags/gcs_to_bq.py
[2023-04-04T00:48:11.300+0000] {processor.py:743} INFO - Processing file /opt/airflow/dags/gcs_to_bq.py for tasks to queue
[2023-04-04T00:48:11.301+0000] {logging_mixin.py:137} INFO - [2023-04-04T00:48:11.301+0000] {dagbag.py:538} INFO - Filling up the DagBag from /opt/airflow/dags/gcs_to_bq.py
[2023-04-04T00:48:11.920+0000] {processor.py:753} INFO - DAG(s) dict_keys(['gsc_to_bq']) retrieved from /opt/airflow/dags/gcs_to_bq.py
[2023-04-04T00:48:11.949+0000] {logging_mixin.py:137} INFO - [2023-04-04T00:48:11.949+0000] {dag.py:2690} INFO - Sync 1 DAGs
[2023-04-04T00:48:11.971+0000] {logging_mixin.py:137} INFO - [2023-04-04T00:48:11.970+0000] {dag.py:3441} INFO - Setting next_dagrun for gsc_to_bq to 2023-04-03T00:00:00+00:00, run_after=2023-04-04T00:00:00+00:00
[2023-04-04T00:48:11.993+0000] {processor.py:175} INFO - Processing /opt/airflow/dags/gcs_to_bq.py took 0.699 seconds
[2023-04-04T00:48:42.131+0000] {processor.py:153} INFO - Started process (PID=31141) to work on /opt/airflow/dags/gcs_to_bq.py
[2023-04-04T00:48:42.133+0000] {processor.py:743} INFO - Processing file /opt/airflow/dags/gcs_to_bq.py for tasks to queue
[2023-04-04T00:48:42.134+0000] {logging_mixin.py:137} INFO - [2023-04-04T00:48:42.134+0000] {dagbag.py:538} INFO - Filling up the DagBag from /opt/airflow/dags/gcs_to_bq.py
[2023-04-04T00:48:42.869+0000] {processor.py:753} INFO - DAG(s) dict_keys(['gsc_to_bq']) retrieved from /opt/airflow/dags/gcs_to_bq.py
[2023-04-04T00:48:42.893+0000] {logging_mixin.py:137} INFO - [2023-04-04T00:48:42.893+0000] {dag.py:2690} INFO - Sync 1 DAGs
[2023-04-04T00:48:42.924+0000] {logging_mixin.py:137} INFO - [2023-04-04T00:48:42.923+0000] {dag.py:3441} INFO - Setting next_dagrun for gsc_to_bq to 2023-04-03T00:00:00+00:00, run_after=2023-04-04T00:00:00+00:00
[2023-04-04T00:48:42.949+0000] {processor.py:175} INFO - Processing /opt/airflow/dags/gcs_to_bq.py took 0.822 seconds
[2023-04-04T00:49:13.570+0000] {processor.py:153} INFO - Started process (PID=31176) to work on /opt/airflow/dags/gcs_to_bq.py
[2023-04-04T00:49:13.572+0000] {processor.py:743} INFO - Processing file /opt/airflow/dags/gcs_to_bq.py for tasks to queue
[2023-04-04T00:49:13.573+0000] {logging_mixin.py:137} INFO - [2023-04-04T00:49:13.573+0000] {dagbag.py:538} INFO - Filling up the DagBag from /opt/airflow/dags/gcs_to_bq.py
[2023-04-04T00:49:14.225+0000] {processor.py:753} INFO - DAG(s) dict_keys(['gsc_to_bq']) retrieved from /opt/airflow/dags/gcs_to_bq.py
[2023-04-04T00:49:14.248+0000] {logging_mixin.py:137} INFO - [2023-04-04T00:49:14.248+0000] {dag.py:2690} INFO - Sync 1 DAGs
[2023-04-04T00:49:14.276+0000] {logging_mixin.py:137} INFO - [2023-04-04T00:49:14.276+0000] {dag.py:3441} INFO - Setting next_dagrun for gsc_to_bq to 2023-04-03T00:00:00+00:00, run_after=2023-04-04T00:00:00+00:00
[2023-04-04T00:49:14.301+0000] {processor.py:175} INFO - Processing /opt/airflow/dags/gcs_to_bq.py took 0.734 seconds
[2023-04-04T00:49:44.873+0000] {processor.py:153} INFO - Started process (PID=31227) to work on /opt/airflow/dags/gcs_to_bq.py
[2023-04-04T00:49:44.874+0000] {processor.py:743} INFO - Processing file /opt/airflow/dags/gcs_to_bq.py for tasks to queue
[2023-04-04T00:49:44.875+0000] {logging_mixin.py:137} INFO - [2023-04-04T00:49:44.875+0000] {dagbag.py:538} INFO - Filling up the DagBag from /opt/airflow/dags/gcs_to_bq.py
[2023-04-04T00:49:45.613+0000] {processor.py:753} INFO - DAG(s) dict_keys(['gsc_to_bq']) retrieved from /opt/airflow/dags/gcs_to_bq.py
[2023-04-04T00:49:45.632+0000] {logging_mixin.py:137} INFO - [2023-04-04T00:49:45.632+0000] {dag.py:2690} INFO - Sync 1 DAGs
[2023-04-04T00:49:45.658+0000] {logging_mixin.py:137} INFO - [2023-04-04T00:49:45.658+0000] {dag.py:3441} INFO - Setting next_dagrun for gsc_to_bq to 2023-04-03T00:00:00+00:00, run_after=2023-04-04T00:00:00+00:00
[2023-04-04T00:49:45.689+0000] {processor.py:175} INFO - Processing /opt/airflow/dags/gcs_to_bq.py took 0.819 seconds
[2023-04-04T04:08:31.409+0000] {processor.py:153} INFO - Started process (PID=31272) to work on /opt/airflow/dags/gcs_to_bq.py
[2023-04-04T04:08:31.410+0000] {processor.py:743} INFO - Processing file /opt/airflow/dags/gcs_to_bq.py for tasks to queue
[2023-04-04T04:08:31.421+0000] {logging_mixin.py:137} INFO - [2023-04-04T04:08:31.421+0000] {dagbag.py:538} INFO - Filling up the DagBag from /opt/airflow/dags/gcs_to_bq.py
[2023-04-05T12:25:31.092+0000] {logging_mixin.py:137} INFO - [2023-04-05T12:25:20.289+0000] {timeout.py:68} ERROR - Process timed out, PID: 31272
[2023-04-05T12:25:46.061+0000] {logging_mixin.py:137} INFO - [2023-04-05T12:25:37.802+0000] {dagbag.py:343} ERROR - Failed to import: /opt/airflow/dags/gcs_to_bq.py
Traceback (most recent call last):
  File "/home/airflow/.local/lib/python3.7/site-packages/airflow/models/dagbag.py", line 339, in parse
    loader.exec_module(new_module)
  File "<frozen importlib._bootstrap_external>", line 728, in exec_module
  File "<frozen importlib._bootstrap>", line 219, in _call_with_frames_removed
  File "/opt/airflow/dags/gcs_to_bq.py", line 20, in <module>
    from airflow.providers.google.cloud.transfers.gcs_to_bigquery import GCSToBigQueryOperator
  File "/home/airflow/.local/lib/python3.7/site-packages/airflow/providers/google/cloud/transfers/gcs_to_bigquery.py", line 26, in <module>
    from google.cloud.bigquery import (
  File "/home/airflow/.local/lib/python3.7/site-packages/google/cloud/bigquery/__init__.py", line 35, in <module>
    from google.cloud.bigquery.client import Client
  File "/home/airflow/.local/lib/python3.7/site-packages/google/cloud/bigquery/client.py", line 61, in <module>
    from google.cloud.bigquery_storage_v1.services.big_query_read.client import (
  File "/home/airflow/.local/lib/python3.7/site-packages/google/cloud/bigquery_storage_v1/__init__.py", line 25, in <module>
    from google.cloud.bigquery_storage_v1 import client
  File "/home/airflow/.local/lib/python3.7/site-packages/google/cloud/bigquery_storage_v1/client.py", line 26, in <module>
    from google.cloud.bigquery_storage_v1 import reader
  File "/home/airflow/.local/lib/python3.7/site-packages/google/cloud/bigquery_storage_v1/reader.py", line 30, in <module>
    import pandas
  File "/home/airflow/.local/lib/python3.7/site-packages/pandas/__init__.py", line 50, in <module>
    from pandas.core.api import (
  File "/home/airflow/.local/lib/python3.7/site-packages/pandas/core/api.py", line 48, in <module>
    from pandas.core.groupby import (
  File "/home/airflow/.local/lib/python3.7/site-packages/pandas/core/groupby/__init__.py", line 1, in <module>
    from pandas.core.groupby.generic import (
  File "/home/airflow/.local/lib/python3.7/site-packages/pandas/core/groupby/generic.py", line 73, in <module>
    from pandas.core.frame import DataFrame
  File "/home/airflow/.local/lib/python3.7/site-packages/pandas/core/frame.py", line 129, in <module>
    from pandas.core import (
  File "/home/airflow/.local/lib/python3.7/site-packages/pandas/core/generic.py", line 122, in <module>
    from pandas.core.describe import describe_ndframe
  File "/home/airflow/.local/lib/python3.7/site-packages/pandas/core/describe.py", line 37, in <module>
    from pandas.core.reshape.concat import concat
  File "/home/airflow/.local/lib/python3.7/site-packages/pandas/core/reshape/concat.py", line 45, in <module>
    from pandas.core.internals import concatenate_managers
  File "/home/airflow/.local/lib/python3.7/site-packages/pandas/core/internals/__init__.py", line 1, in <module>
    from pandas.core.internals.api import make_block  # pseudo-public version
  File "/home/airflow/.local/lib/python3.7/site-packages/pandas/core/internals/api.py", line 23, in <module>
    from pandas.core.internals.blocks import (
  File "<frozen importlib._bootstrap>", line 983, in _find_and_load
  File "<frozen importlib._bootstrap>", line 967, in _find_and_load_unlocked
  File "<frozen importlib._bootstrap>", line 677, in _load_unlocked
  File "<frozen importlib._bootstrap_external>", line 724, in exec_module
  File "<frozen importlib._bootstrap_external>", line 857, in get_code
  File "<frozen importlib._bootstrap_external>", line 525, in _compile_bytecode
  File "/home/airflow/.local/lib/python3.7/site-packages/airflow/utils/timeout.py", line 69, in handle_timeout
    raise AirflowTaskTimeout(self.error_message)
airflow.exceptions.AirflowTaskTimeout: DagBag import timeout for /opt/airflow/dags/gcs_to_bq.py after 30.0s.
Please take a look at these docs to improve your DAG import time:
* https://airflow.apache.org/docs/apache-airflow/2.5.1/best-practices.html#top-level-python-code
* https://airflow.apache.org/docs/apache-airflow/2.5.1/best-practices.html#reducing-dag-complexity, PID: 31272
