[2023-05-03T23:35:10.640+0000] {taskinstance.py:1083} INFO - Dependencies all met for <TaskInstance: gsc_to_bq.move_file_to_bkp scheduled__2023-05-02T00:00:00+00:00 [queued]>
[2023-05-03T23:35:10.654+0000] {taskinstance.py:1083} INFO - Dependencies all met for <TaskInstance: gsc_to_bq.move_file_to_bkp scheduled__2023-05-02T00:00:00+00:00 [queued]>
[2023-05-03T23:35:10.654+0000] {taskinstance.py:1279} INFO - 
--------------------------------------------------------------------------------
[2023-05-03T23:35:10.655+0000] {taskinstance.py:1280} INFO - Starting attempt 1 of 2
[2023-05-03T23:35:10.656+0000] {taskinstance.py:1281} INFO - 
--------------------------------------------------------------------------------
[2023-05-03T23:35:10.674+0000] {taskinstance.py:1300} INFO - Executing <Task(GCSToGCSOperator): move_file_to_bkp> on 2023-05-02 00:00:00+00:00
[2023-05-03T23:35:10.682+0000] {standard_task_runner.py:55} INFO - Started process 5948 to run task
[2023-05-03T23:35:10.685+0000] {standard_task_runner.py:82} INFO - Running: ['***', 'tasks', 'run', 'gsc_to_bq', 'move_file_to_bkp', 'scheduled__2023-05-02T00:00:00+00:00', '--job-id', '717', '--raw', '--subdir', 'DAGS_FOLDER/gcs_to_bq.py', '--cfg-path', '/tmp/tmp2a_dnvkz']
[2023-05-03T23:35:10.687+0000] {standard_task_runner.py:83} INFO - Job 717: Subtask move_file_to_bkp
[2023-05-03T23:35:10.771+0000] {task_command.py:388} INFO - Running <TaskInstance: gsc_to_bq.move_file_to_bkp scheduled__2023-05-02T00:00:00+00:00 [running]> on host 23a1495f3fb6
[2023-05-03T23:35:10.852+0000] {taskinstance.py:1509} INFO - Exporting the following env vars:
AIRFLOW_CTX_DAG_OWNER=Junior Lafuente
AIRFLOW_CTX_DAG_ID=gsc_to_bq
AIRFLOW_CTX_TASK_ID=move_file_to_bkp
AIRFLOW_CTX_EXECUTION_DATE=2023-05-02T00:00:00+00:00
AIRFLOW_CTX_TRY_NUMBER=1
AIRFLOW_CTX_DAG_RUN_ID=scheduled__2023-05-02T00:00:00+00:00
[2023-05-03T23:35:10.863+0000] {base.py:73} INFO - Using connection ID 'gcp' for task execution.
[2023-05-03T23:35:10.869+0000] {gcs_to_gcs.py:403} INFO - Delimiter ignored because wildcard is in prefix
[2023-05-03T23:35:11.949+0000] {gcs_to_gcs.py:470} INFO - Executing copy of gs://bucket_raw_jr/input/Base 2017.xlsx to gs://bucket_raw_jr/backup/Base 2017.xlsx
[2023-05-03T23:35:12.472+0000] {gcs.py:248} INFO - Total Bytes: 40969 | Bytes Written: 40969
[2023-05-03T23:35:12.473+0000] {gcs.py:261} INFO - Object input/Base 2017.xlsx in bucket bucket_raw_jr rewritten to object backup/Base 2017.xlsx in bucket bucket_raw_jr
[2023-05-03T23:35:12.676+0000] {gcs.py:664} INFO - Blob input/Base 2017.xlsx deleted.
[2023-05-03T23:35:12.690+0000] {taskinstance.py:1323} INFO - Marking task as SUCCESS. dag_id=gsc_to_bq, task_id=move_file_to_bkp, execution_date=20230502T000000, start_date=20230503T233510, end_date=20230503T233512
[2023-05-03T23:35:12.754+0000] {local_task_job.py:208} INFO - Task exited with return code 0
[2023-05-03T23:35:12.777+0000] {taskinstance.py:2578} INFO - 0 downstream tasks scheduled from follow-on schedule check
