[2023-03-11T00:30:06.247+0000] {taskinstance.py:1083} INFO - Dependencies all met for <TaskInstance: ingestion_dados_postgres.update_dados_tb_data_engineering scheduled__2023-03-10T23:30:00+00:00 [queued]>
[2023-03-11T00:30:06.264+0000] {taskinstance.py:1083} INFO - Dependencies all met for <TaskInstance: ingestion_dados_postgres.update_dados_tb_data_engineering scheduled__2023-03-10T23:30:00+00:00 [queued]>
[2023-03-11T00:30:06.265+0000] {taskinstance.py:1279} INFO - 
--------------------------------------------------------------------------------
[2023-03-11T00:30:06.269+0000] {taskinstance.py:1280} INFO - Starting attempt 1 of 1
[2023-03-11T00:30:06.270+0000] {taskinstance.py:1281} INFO - 
--------------------------------------------------------------------------------
[2023-03-11T00:30:06.299+0000] {taskinstance.py:1300} INFO - Executing <Task(PostgresOperator): update_dados_tb_data_engineering> on 2023-03-10 23:30:00+00:00
[2023-03-11T00:30:06.306+0000] {standard_task_runner.py:55} INFO - Started process 14984 to run task
[2023-03-11T00:30:06.311+0000] {standard_task_runner.py:82} INFO - Running: ['***', 'tasks', 'run', 'ingestion_dados_postgres', 'update_dados_tb_data_engineering', 'scheduled__2023-03-10T23:30:00+00:00', '--job-id', '211', '--raw', '--subdir', 'DAGS_FOLDER/ingestion_dados_postgres.py', '--cfg-path', '/tmp/tmpm3f29_o0']
[2023-03-11T00:30:06.313+0000] {standard_task_runner.py:83} INFO - Job 211: Subtask update_dados_tb_data_engineering
[2023-03-11T00:30:06.425+0000] {task_command.py:388} INFO - Running <TaskInstance: ingestion_dados_postgres.update_dados_tb_data_engineering scheduled__2023-03-10T23:30:00+00:00 [running]> on host 9ff22fa0bca3
[2023-03-11T00:30:06.580+0000] {taskinstance.py:1509} INFO - Exporting the following env vars:
AIRFLOW_CTX_DAG_OWNER=***
AIRFLOW_CTX_DAG_ID=ingestion_dados_postgres
AIRFLOW_CTX_TASK_ID=update_dados_tb_data_engineering
AIRFLOW_CTX_EXECUTION_DATE=2023-03-10T23:30:00+00:00
AIRFLOW_CTX_TRY_NUMBER=1
AIRFLOW_CTX_DAG_RUN_ID=scheduled__2023-03-10T23:30:00+00:00
[2023-03-11T00:30:06.584+0000] {sql.py:254} INFO - Executing: UPDATE tb_data_engineering
SET nivel = 'SENIOR'
WHERE nivel = 'PLENO';
[2023-03-11T00:30:06.603+0000] {base.py:73} INFO - Using connection ID 'postgres-***' for task execution.
[2023-03-11T00:30:06.958+0000] {base.py:73} INFO - Using connection ID 'postgres-***' for task execution.
[2023-03-11T00:30:07.036+0000] {sql.py:375} INFO - Running statement: UPDATE tb_data_engineering
SET nivel = 'SENIOR'
WHERE nivel = 'PLENO';, parameters: None
[2023-03-11T00:30:07.057+0000] {sql.py:384} INFO - Rows affected: 2
[2023-03-11T00:30:07.206+0000] {taskinstance.py:1323} INFO - Marking task as SUCCESS. dag_id=ingestion_dados_postgres, task_id=update_dados_tb_data_engineering, execution_date=20230310T233000, start_date=20230311T003006, end_date=20230311T003007
[2023-03-11T00:30:07.279+0000] {local_task_job.py:208} INFO - Task exited with return code 0
[2023-03-11T00:30:07.338+0000] {taskinstance.py:2578} INFO - 1 downstream tasks scheduled from follow-on schedule check
