[2023-04-28T18:27:49.048+0000] {taskinstance.py:1083} INFO - Dependencies all met for <TaskInstance: dag_sql.criar_tabela_ed scheduled__2023-04-26T16:30:00+00:00 [queued]>
[2023-04-28T18:27:49.065+0000] {taskinstance.py:1083} INFO - Dependencies all met for <TaskInstance: dag_sql.criar_tabela_ed scheduled__2023-04-26T16:30:00+00:00 [queued]>
[2023-04-28T18:27:49.066+0000] {taskinstance.py:1279} INFO - 
--------------------------------------------------------------------------------
[2023-04-28T18:27:49.067+0000] {taskinstance.py:1280} INFO - Starting attempt 2 of 2
[2023-04-28T18:27:49.067+0000] {taskinstance.py:1281} INFO - 
--------------------------------------------------------------------------------
[2023-04-28T18:27:49.093+0000] {taskinstance.py:1300} INFO - Executing <Task(PostgresOperator): criar_tabela_ed> on 2023-04-26 16:30:00+00:00
[2023-04-28T18:27:49.102+0000] {standard_task_runner.py:55} INFO - Started process 432 to run task
[2023-04-28T18:27:49.108+0000] {standard_task_runner.py:82} INFO - Running: ['***', 'tasks', 'run', 'dag_sql', 'criar_tabela_ed', 'scheduled__2023-04-26T16:30:00+00:00', '--job-id', '449', '--raw', '--subdir', 'DAGS_FOLDER/dag_sql.py', '--cfg-path', '/tmp/tmp7el3aoh9']
[2023-04-28T18:27:49.109+0000] {standard_task_runner.py:83} INFO - Job 449: Subtask criar_tabela_ed
[2023-04-28T18:27:49.228+0000] {task_command.py:388} INFO - Running <TaskInstance: dag_sql.criar_tabela_ed scheduled__2023-04-26T16:30:00+00:00 [running]> on host e78efd09126d
[2023-04-28T18:27:49.353+0000] {taskinstance.py:1509} INFO - Exporting the following env vars:
AIRFLOW_CTX_DAG_OWNER=***
AIRFLOW_CTX_DAG_ID=dag_sql
AIRFLOW_CTX_TASK_ID=criar_tabela_ed
AIRFLOW_CTX_EXECUTION_DATE=2023-04-26T16:30:00+00:00
AIRFLOW_CTX_TRY_NUMBER=2
AIRFLOW_CTX_DAG_RUN_ID=scheduled__2023-04-26T16:30:00+00:00
[2023-04-28T18:27:49.354+0000] {sql.py:254} INFO - Executing: create table if not exists tb_data_engineering(
    id int generated by default as identity,
    name varchar not null,
    cargo varchar not null,
    nivel varchar not null,
    dt date
)
[2023-04-28T18:27:49.370+0000] {base.py:73} INFO - Using connection ID 'postgres-***' for task execution.
[2023-04-28T18:27:49.857+0000] {base.py:73} INFO - Using connection ID 'postgres-***' for task execution.
[2023-04-28T18:27:49.911+0000] {sql.py:375} INFO - Running statement: create table if not exists tb_data_engineering(
    id int generated by default as identity,
    name varchar not null,
    cargo varchar not null,
    nivel varchar not null,
    dt date
), parameters: None
[2023-04-28T18:27:49.974+0000] {taskinstance.py:1323} INFO - Marking task as SUCCESS. dag_id=dag_sql, task_id=criar_tabela_ed, execution_date=20230426T163000, start_date=20230428T182749, end_date=20230428T182749
[2023-04-28T18:27:50.067+0000] {local_task_job.py:208} INFO - Task exited with return code 0
[2023-04-28T18:27:50.124+0000] {taskinstance.py:2578} INFO - 1 downstream tasks scheduled from follow-on schedule check
