[2023-04-27T14:55:26.573+0000] {taskinstance.py:1083} INFO - Dependencies all met for <TaskInstance: gsc_to_bq.move_file scheduled__2023-04-26T00:00:00+00:00 [queued]>
[2023-04-27T14:55:26.588+0000] {taskinstance.py:1083} INFO - Dependencies all met for <TaskInstance: gsc_to_bq.move_file scheduled__2023-04-26T00:00:00+00:00 [queued]>
[2023-04-27T14:55:26.589+0000] {taskinstance.py:1279} INFO - 
--------------------------------------------------------------------------------
[2023-04-27T14:55:26.589+0000] {taskinstance.py:1280} INFO - Starting attempt 5 of 6
[2023-04-27T14:55:26.590+0000] {taskinstance.py:1281} INFO - 
--------------------------------------------------------------------------------
[2023-04-27T14:55:26.612+0000] {taskinstance.py:1300} INFO - Executing <Task(GCSToGCSOperator): move_file> on 2023-04-26 00:00:00+00:00
[2023-04-27T14:55:26.618+0000] {standard_task_runner.py:55} INFO - Started process 1918 to run task
[2023-04-27T14:55:26.623+0000] {standard_task_runner.py:82} INFO - Running: ['***', 'tasks', 'run', 'gsc_to_bq', 'move_file', 'scheduled__2023-04-26T00:00:00+00:00', '--job-id', '429', '--raw', '--subdir', 'DAGS_FOLDER/gcs_to_bq.py', '--cfg-path', '/tmp/tmp4kx_0pqe']
[2023-04-27T14:55:26.626+0000] {standard_task_runner.py:83} INFO - Job 429: Subtask move_file
[2023-04-27T14:55:26.713+0000] {task_command.py:388} INFO - Running <TaskInstance: gsc_to_bq.move_file scheduled__2023-04-26T00:00:00+00:00 [running]> on host b592efbffeab
[2023-04-27T14:55:26.801+0000] {taskinstance.py:1509} INFO - Exporting the following env vars:
AIRFLOW_CTX_DAG_OWNER=Junior Lafuente
AIRFLOW_CTX_DAG_ID=gsc_to_bq
AIRFLOW_CTX_TASK_ID=move_file
AIRFLOW_CTX_EXECUTION_DATE=2023-04-26T00:00:00+00:00
AIRFLOW_CTX_TRY_NUMBER=5
AIRFLOW_CTX_DAG_RUN_ID=scheduled__2023-04-26T00:00:00+00:00
[2023-04-27T14:55:26.814+0000] {base.py:73} INFO - Using connection ID 'gcp' for task execution.
[2023-04-27T14:55:27.492+0000] {gcs_to_gcs.py:470} INFO - Executing copy of gs://datalake_jr/input/ to gs://bucket_raw_jr/input/
[2023-04-27T14:55:28.716+0000] {gcs.py:248} INFO - Total Bytes: 0 | Bytes Written: 0
[2023-04-27T14:55:28.717+0000] {gcs.py:261} INFO - Object input/ in bucket datalake_jr rewritten to object input/ in bucket bucket_raw_jr
[2023-04-27T14:55:28.718+0000] {gcs_to_gcs.py:470} INFO - Executing copy of gs://datalake_jr/input/Base_Unificada__resultado.csv to gs://bucket_raw_jr/input/Base_Unificada__resultado.csv
[2023-04-27T14:55:29.921+0000] {gcs.py:248} INFO - Total Bytes: 67026833 | Bytes Written: 67026833
[2023-04-27T14:55:29.922+0000] {gcs.py:261} INFO - Object input/Base_Unificada__resultado.csv in bucket datalake_jr rewritten to object input/Base_Unificada__resultado.csv in bucket bucket_raw_jr
[2023-04-27T14:55:29.936+0000] {taskinstance.py:1323} INFO - Marking task as SUCCESS. dag_id=gsc_to_bq, task_id=move_file, execution_date=20230426T000000, start_date=20230427T145526, end_date=20230427T145529
[2023-04-27T14:55:29.968+0000] {local_task_job.py:208} INFO - Task exited with return code 0
[2023-04-27T14:55:29.986+0000] {taskinstance.py:2578} INFO - 0 downstream tasks scheduled from follow-on schedule check
