[2023-04-27T14:40:08.171+0000] {taskinstance.py:1083} INFO - Dependencies all met for <TaskInstance: gsc_to_bq.move_file scheduled__2023-04-26T00:00:00+00:00 [queued]>
[2023-04-27T14:40:08.203+0000] {taskinstance.py:1083} INFO - Dependencies all met for <TaskInstance: gsc_to_bq.move_file scheduled__2023-04-26T00:00:00+00:00 [queued]>
[2023-04-27T14:40:08.204+0000] {taskinstance.py:1279} INFO - 
--------------------------------------------------------------------------------
[2023-04-27T14:40:08.205+0000] {taskinstance.py:1280} INFO - Starting attempt 2 of 3
[2023-04-27T14:40:08.206+0000] {taskinstance.py:1281} INFO - 
--------------------------------------------------------------------------------
[2023-04-27T14:40:08.236+0000] {taskinstance.py:1300} INFO - Executing <Task(GCSToGCSOperator): move_file> on 2023-04-26 00:00:00+00:00
[2023-04-27T14:40:08.246+0000] {standard_task_runner.py:55} INFO - Started process 750 to run task
[2023-04-27T14:40:08.251+0000] {standard_task_runner.py:82} INFO - Running: ['***', 'tasks', 'run', 'gsc_to_bq', 'move_file', 'scheduled__2023-04-26T00:00:00+00:00', '--job-id', '417', '--raw', '--subdir', 'DAGS_FOLDER/gcs_to_bq.py', '--cfg-path', '/tmp/tmp6k0vooso']
[2023-04-27T14:40:08.255+0000] {standard_task_runner.py:83} INFO - Job 417: Subtask move_file
[2023-04-27T14:40:08.399+0000] {task_command.py:388} INFO - Running <TaskInstance: gsc_to_bq.move_file scheduled__2023-04-26T00:00:00+00:00 [running]> on host b592efbffeab
[2023-04-27T14:40:08.537+0000] {taskinstance.py:1509} INFO - Exporting the following env vars:
AIRFLOW_CTX_DAG_OWNER=Junior Lafuente
AIRFLOW_CTX_DAG_ID=gsc_to_bq
AIRFLOW_CTX_TASK_ID=move_file
AIRFLOW_CTX_EXECUTION_DATE=2023-04-26T00:00:00+00:00
AIRFLOW_CTX_TRY_NUMBER=2
AIRFLOW_CTX_DAG_RUN_ID=scheduled__2023-04-26T00:00:00+00:00
[2023-04-27T14:40:08.562+0000] {base.py:73} INFO - Using connection ID 'gcp' for task execution.
[2023-04-27T14:40:09.778+0000] {taskinstance.py:1323} INFO - Marking task as SUCCESS. dag_id=gsc_to_bq, task_id=move_file, execution_date=20230426T000000, start_date=20230427T144008, end_date=20230427T144009
[2023-04-27T14:40:09.819+0000] {local_task_job.py:208} INFO - Task exited with return code 0
[2023-04-27T14:40:09.844+0000] {taskinstance.py:2578} INFO - 0 downstream tasks scheduled from follow-on schedule check
