[2023-04-27T14:42:47.520+0000] {taskinstance.py:1083} INFO - Dependencies all met for <TaskInstance: gsc_to_bq.move_file scheduled__2023-04-26T00:00:00+00:00 [queued]>
[2023-04-27T14:42:47.540+0000] {taskinstance.py:1083} INFO - Dependencies all met for <TaskInstance: gsc_to_bq.move_file scheduled__2023-04-26T00:00:00+00:00 [queued]>
[2023-04-27T14:42:47.541+0000] {taskinstance.py:1279} INFO - 
--------------------------------------------------------------------------------
[2023-04-27T14:42:47.542+0000] {taskinstance.py:1280} INFO - Starting attempt 3 of 4
[2023-04-27T14:42:47.543+0000] {taskinstance.py:1281} INFO - 
--------------------------------------------------------------------------------
[2023-04-27T14:42:47.573+0000] {taskinstance.py:1300} INFO - Executing <Task(GCSToGCSOperator): move_file> on 2023-04-26 00:00:00+00:00
[2023-04-27T14:42:47.589+0000] {standard_task_runner.py:55} INFO - Started process 953 to run task
[2023-04-27T14:42:47.595+0000] {standard_task_runner.py:82} INFO - Running: ['***', 'tasks', 'run', 'gsc_to_bq', 'move_file', 'scheduled__2023-04-26T00:00:00+00:00', '--job-id', '421', '--raw', '--subdir', 'DAGS_FOLDER/gcs_to_bq.py', '--cfg-path', '/tmp/tmpf4ryyrc1']
[2023-04-27T14:42:47.599+0000] {standard_task_runner.py:83} INFO - Job 421: Subtask move_file
[2023-04-27T14:42:47.706+0000] {task_command.py:388} INFO - Running <TaskInstance: gsc_to_bq.move_file scheduled__2023-04-26T00:00:00+00:00 [running]> on host b592efbffeab
[2023-04-27T14:42:47.809+0000] {taskinstance.py:1509} INFO - Exporting the following env vars:
AIRFLOW_CTX_DAG_OWNER=Junior Lafuente
AIRFLOW_CTX_DAG_ID=gsc_to_bq
AIRFLOW_CTX_TASK_ID=move_file
AIRFLOW_CTX_EXECUTION_DATE=2023-04-26T00:00:00+00:00
AIRFLOW_CTX_TRY_NUMBER=3
AIRFLOW_CTX_DAG_RUN_ID=scheduled__2023-04-26T00:00:00+00:00
[2023-04-27T14:42:47.822+0000] {base.py:73} INFO - Using connection ID 'gcp' for task execution.
[2023-04-27T14:42:48.635+0000] {taskinstance.py:1323} INFO - Marking task as SUCCESS. dag_id=gsc_to_bq, task_id=move_file, execution_date=20230426T000000, start_date=20230427T144247, end_date=20230427T144248
[2023-04-27T14:42:48.683+0000] {local_task_job.py:208} INFO - Task exited with return code 0
[2023-04-27T14:42:48.698+0000] {taskinstance.py:2578} INFO - 0 downstream tasks scheduled from follow-on schedule check
