[2023-04-27T14:51:24.877+0000] {taskinstance.py:1083} INFO - Dependencies all met for <TaskInstance: gsc_to_bq.move_file scheduled__2023-04-26T00:00:00+00:00 [queued]>
[2023-04-27T14:51:24.887+0000] {taskinstance.py:1083} INFO - Dependencies all met for <TaskInstance: gsc_to_bq.move_file scheduled__2023-04-26T00:00:00+00:00 [queued]>
[2023-04-27T14:51:24.888+0000] {taskinstance.py:1279} INFO - 
--------------------------------------------------------------------------------
[2023-04-27T14:51:24.889+0000] {taskinstance.py:1280} INFO - Starting attempt 4 of 5
[2023-04-27T14:51:24.890+0000] {taskinstance.py:1281} INFO - 
--------------------------------------------------------------------------------
[2023-04-27T14:51:24.904+0000] {taskinstance.py:1300} INFO - Executing <Task(GCSToGCSOperator): move_file> on 2023-04-26 00:00:00+00:00
[2023-04-27T14:51:24.912+0000] {standard_task_runner.py:55} INFO - Started process 1603 to run task
[2023-04-27T14:51:24.916+0000] {standard_task_runner.py:82} INFO - Running: ['***', 'tasks', 'run', 'gsc_to_bq', 'move_file', 'scheduled__2023-04-26T00:00:00+00:00', '--job-id', '425', '--raw', '--subdir', 'DAGS_FOLDER/gcs_to_bq.py', '--cfg-path', '/tmp/tmp59013o7w']
[2023-04-27T14:51:24.918+0000] {standard_task_runner.py:83} INFO - Job 425: Subtask move_file
[2023-04-27T14:51:24.992+0000] {task_command.py:388} INFO - Running <TaskInstance: gsc_to_bq.move_file scheduled__2023-04-26T00:00:00+00:00 [running]> on host b592efbffeab
[2023-04-27T14:51:25.059+0000] {taskinstance.py:1509} INFO - Exporting the following env vars:
AIRFLOW_CTX_DAG_OWNER=Junior Lafuente
AIRFLOW_CTX_DAG_ID=gsc_to_bq
AIRFLOW_CTX_TASK_ID=move_file
AIRFLOW_CTX_EXECUTION_DATE=2023-04-26T00:00:00+00:00
AIRFLOW_CTX_TRY_NUMBER=4
AIRFLOW_CTX_DAG_RUN_ID=scheduled__2023-04-26T00:00:00+00:00
[2023-04-27T14:51:25.068+0000] {base.py:73} INFO - Using connection ID 'gcp' for task execution.
[2023-04-27T14:51:25.781+0000] {gcs_to_gcs.py:470} INFO - Executing copy of gs://datalake_jr/input/ to gs://bucket_raw_jr/input/
[2023-04-27T14:51:26.147+0000] {gcs.py:248} INFO - Total Bytes: 0 | Bytes Written: 0
[2023-04-27T14:51:26.148+0000] {gcs.py:261} INFO - Object input/ in bucket datalake_jr rewritten to object input/ in bucket bucket_raw_jr
[2023-04-27T14:51:26.149+0000] {gcs_to_gcs.py:470} INFO - Executing copy of gs://datalake_jr/input/Base_Unificada__resultado.csv to gs://bucket_raw_jr/input/Base_Unificada__resultado.csv
[2023-04-27T14:51:26.526+0000] {gcs.py:248} INFO - Total Bytes: 67026833 | Bytes Written: 67026833
[2023-04-27T14:51:26.527+0000] {gcs.py:261} INFO - Object input/Base_Unificada__resultado.csv in bucket datalake_jr rewritten to object input/Base_Unificada__resultado.csv in bucket bucket_raw_jr
[2023-04-27T14:51:26.539+0000] {taskinstance.py:1323} INFO - Marking task as SUCCESS. dag_id=gsc_to_bq, task_id=move_file, execution_date=20230426T000000, start_date=20230427T145124, end_date=20230427T145126
[2023-04-27T14:51:26.611+0000] {local_task_job.py:208} INFO - Task exited with return code 0
[2023-04-27T14:51:26.691+0000] {taskinstance.py:2578} INFO - 0 downstream tasks scheduled from follow-on schedule check
