[2023-04-27T14:30:41.784+0000] {taskinstance.py:1083} INFO - Dependencies all met for <TaskInstance: gsc_to_bq.move_file scheduled__2023-04-26T00:00:00+00:00 [queued]>
[2023-04-27T14:30:41.803+0000] {taskinstance.py:1083} INFO - Dependencies all met for <TaskInstance: gsc_to_bq.move_file scheduled__2023-04-26T00:00:00+00:00 [queued]>
[2023-04-27T14:30:41.804+0000] {taskinstance.py:1279} INFO - 
--------------------------------------------------------------------------------
[2023-04-27T14:30:41.804+0000] {taskinstance.py:1280} INFO - Starting attempt 1 of 2
[2023-04-27T14:30:41.805+0000] {taskinstance.py:1281} INFO - 
--------------------------------------------------------------------------------
[2023-04-27T14:30:41.827+0000] {taskinstance.py:1300} INFO - Executing <Task(GCSToGCSOperator): move_file> on 2023-04-26 00:00:00+00:00
[2023-04-27T14:30:41.836+0000] {standard_task_runner.py:55} INFO - Started process 32489 to run task
[2023-04-27T14:30:41.844+0000] {standard_task_runner.py:82} INFO - Running: ['***', 'tasks', 'run', 'gsc_to_bq', 'move_file', 'scheduled__2023-04-26T00:00:00+00:00', '--job-id', '408', '--raw', '--subdir', 'DAGS_FOLDER/gcs_to_bq.py', '--cfg-path', '/tmp/tmpwb2_vfzx']
[2023-04-27T14:30:41.851+0000] {standard_task_runner.py:83} INFO - Job 408: Subtask move_file
[2023-04-27T14:30:41.941+0000] {task_command.py:388} INFO - Running <TaskInstance: gsc_to_bq.move_file scheduled__2023-04-26T00:00:00+00:00 [running]> on host b592efbffeab
[2023-04-27T14:30:42.060+0000] {taskinstance.py:1509} INFO - Exporting the following env vars:
AIRFLOW_CTX_DAG_OWNER=Junior Lafuente
AIRFLOW_CTX_DAG_ID=gsc_to_bq
AIRFLOW_CTX_TASK_ID=move_file
AIRFLOW_CTX_EXECUTION_DATE=2023-04-26T00:00:00+00:00
AIRFLOW_CTX_TRY_NUMBER=1
AIRFLOW_CTX_DAG_RUN_ID=scheduled__2023-04-26T00:00:00+00:00
[2023-04-27T14:30:42.075+0000] {base.py:73} INFO - Using connection ID 'gcp' for task execution.
[2023-04-27T14:30:42.104+0000] {taskinstance.py:1768} ERROR - Task failed with exception
Traceback (most recent call last):
  File "/home/airflow/.local/lib/python3.7/site-packages/airflow/providers/google/cloud/transfers/gcs_to_gcs.py", line 234, in execute
    raise AirflowException(error_msg)
airflow.exceptions.AirflowException: You must set source_object parameter or source_objects parameter. None set
[2023-04-27T14:30:42.111+0000] {taskinstance.py:1323} INFO - Marking task as UP_FOR_RETRY. dag_id=gsc_to_bq, task_id=move_file, execution_date=20230426T000000, start_date=20230427T143041, end_date=20230427T143042
[2023-04-27T14:30:42.141+0000] {standard_task_runner.py:105} ERROR - Failed to execute job 408 for task move_file (You must set source_object parameter or source_objects parameter. None set; 32489)
[2023-04-27T14:30:42.161+0000] {local_task_job.py:208} INFO - Task exited with return code 1
[2023-04-27T14:30:42.193+0000] {taskinstance.py:2578} INFO - 0 downstream tasks scheduled from follow-on schedule check
