[2023-04-29T00:00:09.725+0000] {taskinstance.py:1083} INFO - Dependencies all met for <TaskInstance: gsc_to_bq.copy_files_dataLake_To_bucket_raw scheduled__2023-04-28T00:00:00+00:00 [queued]>
[2023-04-29T00:00:09.738+0000] {taskinstance.py:1083} INFO - Dependencies all met for <TaskInstance: gsc_to_bq.copy_files_dataLake_To_bucket_raw scheduled__2023-04-28T00:00:00+00:00 [queued]>
[2023-04-29T00:00:09.739+0000] {taskinstance.py:1279} INFO - 
--------------------------------------------------------------------------------
[2023-04-29T00:00:09.739+0000] {taskinstance.py:1280} INFO - Starting attempt 1 of 2
[2023-04-29T00:00:09.740+0000] {taskinstance.py:1281} INFO - 
--------------------------------------------------------------------------------
[2023-04-29T00:00:09.763+0000] {taskinstance.py:1300} INFO - Executing <Task(GCSSynchronizeBucketsOperator): copy_files_dataLake_To_bucket_raw> on 2023-04-28 00:00:00+00:00
[2023-04-29T00:00:09.773+0000] {standard_task_runner.py:55} INFO - Started process 7320 to run task
[2023-04-29T00:00:09.777+0000] {standard_task_runner.py:82} INFO - Running: ['***', 'tasks', 'run', 'gsc_to_bq', 'copy_files_dataLake_To_bucket_raw', 'scheduled__2023-04-28T00:00:00+00:00', '--job-id', '473', '--raw', '--subdir', 'DAGS_FOLDER/gcs_to_bq.py', '--cfg-path', '/tmp/tmphl2k0eo6']
[2023-04-29T00:00:09.779+0000] {standard_task_runner.py:83} INFO - Job 473: Subtask copy_files_dataLake_To_bucket_raw
[2023-04-29T00:00:09.878+0000] {task_command.py:388} INFO - Running <TaskInstance: gsc_to_bq.copy_files_dataLake_To_bucket_raw scheduled__2023-04-28T00:00:00+00:00 [running]> on host 32f6cac2461e
[2023-04-29T00:00:09.990+0000] {taskinstance.py:1509} INFO - Exporting the following env vars:
AIRFLOW_CTX_DAG_OWNER=Junior Lafuente
AIRFLOW_CTX_DAG_ID=gsc_to_bq
AIRFLOW_CTX_TASK_ID=copy_files_dataLake_To_bucket_raw
AIRFLOW_CTX_EXECUTION_DATE=2023-04-28T00:00:00+00:00
AIRFLOW_CTX_TRY_NUMBER=1
AIRFLOW_CTX_DAG_RUN_ID=scheduled__2023-04-28T00:00:00+00:00
[2023-04-29T00:00:10.005+0000] {base.py:73} INFO - Using connection ID 'gcp' for task execution.
[2023-04-29T00:00:10.904+0000] {gcs.py:1059} INFO - Planned synchronization. To delete blobs count: 0, to upload blobs count: 1, to rewrite blobs count: 0
[2023-04-29T00:00:11.323+0000] {gcs.py:207} INFO - Object input/Base_Unificada__resultado.csv in bucket datalake_jr copied to object input/Base_Unificada__resultado.csv in bucket bucket_raw_jr
[2023-04-29T00:00:11.324+0000] {gcs.py:1076} INFO - Blobs copied.
[2023-04-29T00:00:11.325+0000] {gcs.py:1079} INFO - Skipped blobs deleting.
[2023-04-29T00:00:11.325+0000] {gcs.py:1088} INFO - Skipped blobs overwriting.
[2023-04-29T00:00:11.325+0000] {gcs.py:1102} INFO - Synchronization finished.
[2023-04-29T00:00:11.337+0000] {taskinstance.py:1323} INFO - Marking task as SUCCESS. dag_id=gsc_to_bq, task_id=copy_files_dataLake_To_bucket_raw, execution_date=20230428T000000, start_date=20230429T000009, end_date=20230429T000011
[2023-04-29T00:00:11.398+0000] {local_task_job.py:208} INFO - Task exited with return code 0
[2023-04-29T00:00:11.427+0000] {taskinstance.py:2578} INFO - 1 downstream tasks scheduled from follow-on schedule check
