[2023-05-03T04:17:27.590+0000] {taskinstance.py:1083} INFO - Dependencies all met for <TaskInstance: gsc_to_bq.ingest_dado scheduled__2023-05-02T00:00:00+00:00 [queued]>
[2023-05-03T04:17:27.680+0000] {taskinstance.py:1083} INFO - Dependencies all met for <TaskInstance: gsc_to_bq.ingest_dado scheduled__2023-05-02T00:00:00+00:00 [queued]>
[2023-05-03T04:17:27.687+0000] {taskinstance.py:1279} INFO - 
--------------------------------------------------------------------------------
[2023-05-03T04:17:27.690+0000] {taskinstance.py:1280} INFO - Starting attempt 21 of 21
[2023-05-03T04:17:27.697+0000] {taskinstance.py:1281} INFO - 
--------------------------------------------------------------------------------
[2023-05-03T04:17:27.830+0000] {taskinstance.py:1300} INFO - Executing <Task(PythonOperator): ingest_dado> on 2023-05-02 00:00:00+00:00
[2023-05-03T04:17:27.878+0000] {standard_task_runner.py:55} INFO - Started process 3228 to run task
[2023-05-03T04:17:27.938+0000] {standard_task_runner.py:82} INFO - Running: ['***', 'tasks', 'run', 'gsc_to_bq', 'ingest_dado', 'scheduled__2023-05-02T00:00:00+00:00', '--job-id', '629', '--raw', '--subdir', 'DAGS_FOLDER/gcs_to_bq.py', '--cfg-path', '/tmp/tmpv0ldj108']
[2023-05-03T04:17:27.988+0000] {standard_task_runner.py:83} INFO - Job 629: Subtask ingest_dado
[2023-05-03T04:17:28.880+0000] {task_command.py:388} INFO - Running <TaskInstance: gsc_to_bq.ingest_dado scheduled__2023-05-02T00:00:00+00:00 [running]> on host 63f59780fc7a
[2023-05-03T04:17:30.520+0000] {taskinstance.py:1509} INFO - Exporting the following env vars:
AIRFLOW_CTX_DAG_OWNER=Junior Lafuente
AIRFLOW_CTX_DAG_ID=gsc_to_bq
AIRFLOW_CTX_TASK_ID=ingest_dado
AIRFLOW_CTX_EXECUTION_DATE=2023-05-02T00:00:00+00:00
AIRFLOW_CTX_TRY_NUMBER=21
AIRFLOW_CTX_DAG_RUN_ID=scheduled__2023-05-02T00:00:00+00:00
[2023-05-03T04:17:30.587+0000] {taskinstance.py:1768} ERROR - Task failed with exception
Traceback (most recent call last):
  File "/home/airflow/.local/lib/python3.7/site-packages/airflow/operators/python.py", line 175, in execute
    return_value = self.execute_callable()
  File "/home/airflow/.local/lib/python3.7/site-packages/airflow/operators/python.py", line 192, in execute_callable
    return self.python_callable(*self.op_args, **self.op_kwargs)
  File "/opt/airflow/dags/gcs_to_bq.py", line 24, in ingest_dados
    import gspread
ModuleNotFoundError: No module named 'gspread'
[2023-05-03T04:17:30.699+0000] {taskinstance.py:1323} INFO - Marking task as FAILED. dag_id=gsc_to_bq, task_id=ingest_dado, execution_date=20230502T000000, start_date=20230503T041727, end_date=20230503T041730
[2023-05-03T04:17:30.858+0000] {standard_task_runner.py:105} ERROR - Failed to execute job 629 for task ingest_dado (No module named 'gspread'; 3228)
[2023-05-03T04:17:30.937+0000] {local_task_job.py:208} INFO - Task exited with return code 1
[2023-05-03T04:17:31.189+0000] {taskinstance.py:2578} INFO - 0 downstream tasks scheduled from follow-on schedule check
