[2023-05-03T22:32:15.459+0000] {taskinstance.py:1083} INFO - Dependencies all met for <TaskInstance: gsc_to_bq.ingest_dado scheduled__2023-05-02T00:00:00+00:00 [queued]>
[2023-05-03T22:32:15.478+0000] {taskinstance.py:1083} INFO - Dependencies all met for <TaskInstance: gsc_to_bq.ingest_dado scheduled__2023-05-02T00:00:00+00:00 [queued]>
[2023-05-03T22:32:15.479+0000] {taskinstance.py:1279} INFO - 
--------------------------------------------------------------------------------
[2023-05-03T22:32:15.484+0000] {taskinstance.py:1280} INFO - Starting attempt 62 of 63
[2023-05-03T22:32:15.484+0000] {taskinstance.py:1281} INFO - 
--------------------------------------------------------------------------------
[2023-05-03T22:32:15.514+0000] {taskinstance.py:1300} INFO - Executing <Task(PythonOperator): ingest_dado> on 2023-05-02 00:00:00+00:00
[2023-05-03T22:32:15.522+0000] {standard_task_runner.py:55} INFO - Started process 1476 to run task
[2023-05-03T22:32:15.529+0000] {standard_task_runner.py:82} INFO - Running: ['***', 'tasks', 'run', 'gsc_to_bq', 'ingest_dado', 'scheduled__2023-05-02T00:00:00+00:00', '--job-id', '699', '--raw', '--subdir', 'DAGS_FOLDER/gcs_to_bq.py', '--cfg-path', '/tmp/tmp0j16xxz9']
[2023-05-03T22:32:15.533+0000] {standard_task_runner.py:83} INFO - Job 699: Subtask ingest_dado
[2023-05-03T22:32:15.647+0000] {task_command.py:388} INFO - Running <TaskInstance: gsc_to_bq.ingest_dado scheduled__2023-05-02T00:00:00+00:00 [running]> on host 23a1495f3fb6
[2023-05-03T22:32:15.795+0000] {taskinstance.py:1509} INFO - Exporting the following env vars:
AIRFLOW_CTX_DAG_OWNER=Junior Lafuente
AIRFLOW_CTX_DAG_ID=gsc_to_bq
AIRFLOW_CTX_TASK_ID=ingest_dado
AIRFLOW_CTX_EXECUTION_DATE=2023-05-02T00:00:00+00:00
AIRFLOW_CTX_TRY_NUMBER=62
AIRFLOW_CTX_DAG_RUN_ID=scheduled__2023-05-02T00:00:00+00:00
[2023-05-03T22:32:16.587+0000] {taskinstance.py:1768} ERROR - Task failed with exception
Traceback (most recent call last):
  File "/home/airflow/.local/lib/python3.7/site-packages/airflow/operators/python.py", line 175, in execute
    return_value = self.execute_callable()
  File "/home/airflow/.local/lib/python3.7/site-packages/airflow/operators/python.py", line 192, in execute_callable
    return self.python_callable(*self.op_args, **self.op_kwargs)
  File "/opt/airflow/dags/gcs_to_bq.py", line 36, in ingest_dados
    credentials = service_account.Credentials.from_service_account_file(keyfile, scope = ['https://www.googleapis.com/auth/cloud-plataform'])
  File "/home/airflow/.local/lib/python3.7/site-packages/google/oauth2/service_account.py", line 242, in from_service_account_file
    filename, require=["client_email", "token_uri"]
  File "/home/airflow/.local/lib/python3.7/site-packages/google/auth/_service_account_info.py", line 80, in from_filename
    with io.open(filename, "r", encoding="utf-8") as json_file:
OSError: [Errno 36] File name too long: '{\n    "type": "service_account",\n    "project_id": "semiotic-joy-379201",\n    "private_key_id": "b20afe13a86d4f160348ae8ab0303a31098d35e0",\n    "private_key": "-----BEGIN PRIVATE KEY-----\\nMIIEvAIBADANBgkqhkiG9w0BAQEFAASCBKYwggSiAgEAAoIBAQCO7GCBCmxkTeIa\\nAt/W48xlSEUdDutEGBbt/BBe6DbuoCuTzN/LbUCxofdeCCqvcL9UQS5mh85+9rAx\\nZ1+/IVEISTePhbj0N4As+8I6VvdgE53mQxLGiTCF0csSdsMSmjJfcD0Dv6gxt3QE\\noFVmq6Jn37U0TZIW4ysZbv0CkpIoiVXzTDX1QDHH9QSAL9t7E6Gy81iI4I10MZRy\\nvaaorWx9kldeZN6JX9Usg6sXpnfGvIyOjBD/ol5XYlkZrb94ZXWS3JFkq/ZmoKiP\\nVK29cKwuGG3XUkMz6DGzl+0KmGcfHWrc3OfeFrCDKn/Xo6SBW8sBh9RitdoDW2H2\\n4WzIq7M5AgMBAAECggEAGeZ7PJdLekfk7ArOTq58eXRF1hTAjNgCu8D8pH5Xihnr\\nm766Za6YVTiBUACR37ZCbf3b70e4I6kH2AQgRU4/1Y0TLQayNEukhkJfedwNu1MC\\nv9oy2li9OtsAfomYI1RfQY1g+T9vtwbEVxxJLbB333Qabe6KxWwIgPTsk91E8GRh\\nlaAZUJAfWyEkaCEuqtsd6sNiTqM8AzzYZa835KV72p/Kx8igs77MrvhvLWqbrU+E\\nRWofYCzLzXBdpexrIGr5r5MYiVHAC90vHsv2zW5SPO4CNkEsPgnNk49LHOkv/2M5\\nvyDjUJLKVkDCmMZKc5/9+HuO2c4/n4eSiRTtctSmywKBgQDHApMP6JNU3K1PhAq/\\ndxSObXp7Y82hQyCTzsBG/L6UsReJSmrlkvbzLOKb+dsavxHMqis76E1r2CmoqFVc\\nYnk8l5F/tpWpHEyXPKs/YmnE9poGwE8ZEjtAEzNTcoYwwkfQtv8ciifMvnqzwcXt\\nJYK/LsSD6GKPaNrlqZqCzkUntwKBgQC32hYbSjz4yNL+5w0iOQFVKwn7hsASc+P4\\niQLNz4i0Kmy+B1CU3PE1xFQMzWt2YW3oiS48c9qL9DVg7iX1KGSxNFq/gLURxihr\\nNVhRG4MRcB0nSqv8GI6G661d0/HnMxwKowCFVsw4XFNDm6wXY44WBPmgT3Mx0eI5\\n4FPCnOGcjwKBgGuRmKwgqoJURdmVJboYQ6Q4yNupNpzUC+fY+VVliB4XGwG6l80/\\ngvwuZs6oXyY14Qkfcf8Pscl5Lgtb8cfd8mouAxdlOcAO69dTk7zPFRzBrr+3cwm6\\nMQyRVEzmumHgobDPOVXT1290Bh7jvnhQrjtorBAgrCWYJ7m70yihFgBBAoGAR2/1\\nMQtqn5yg56ztnIOb8fT0Pwi/7yuaxEKwlTnzu1XUxQ3gkMc87pBnvEXBYNFAvJ85\\nGQJHRCRS7WP72cOlRHm8XTbspIhjwiyLMZDIH+l5WoAYTa9ZCjHfPlsRXq2sUrG9\\njRIJ7khpjhaaCsiDOCkcud7FOvF7vtNcmH0O6R8CgYBTT8ppAogT0iadACTUV0g9\\nCbB9dVzksAROkK5awp0Nj+U235PaB7aV8PGuf6Hjs6L1UNOuY1Lm+CcCHfnYDS1y\\nPX3GwFkJtujpWNZaTJiLSU5lkxVy596I2AaFwJZ9OpUOGCp1h9xBd7xq2LW5U839\\ncQz9KPmKTYqM8FwwwpaeHw==\\n-----END PRIVATE KEY-----\\n",\n    "client_email": "account@semiotic-joy-379201.iam.gserviceaccount.com",\n    "client_id": "104577188970534190320",\n    "auth_uri": "https://accounts.google.com/o/oauth2/auth",\n    "token_uri": "https://oauth2.googleapis.com/token",\n    "auth_provider_x509_cert_url": "https://www.googleapis.com/oauth2/v1/certs",\n    "client_x509_cert_url": "https://www.googleapis.com/robot/v1/metadata/x509/account%40semiotic-joy-379201.iam.gserviceaccount.com"\n}'
[2023-05-03T22:32:16.616+0000] {taskinstance.py:1323} INFO - Marking task as UP_FOR_RETRY. dag_id=gsc_to_bq, task_id=ingest_dado, execution_date=20230502T000000, start_date=20230503T223215, end_date=20230503T223216
[2023-05-03T22:32:16.642+0000] {standard_task_runner.py:105} ERROR - Failed to execute job 699 for task ingest_dado ([Errno 36] File name too long: '{\n    "type": "service_account",\n    "project_id": "semiotic-joy-379201",\n    "private_key_id": "b20afe13a86d4f160348ae8ab0303a31098d35e0",\n    "private_key": "-----BEGIN PRIVATE KEY-----\\nMIIEvAIBADANBgkqhkiG9w0BAQEFAASCBKYwggSiAgEAAoIBAQCO7GCBCmxkTeIa\\nAt/W48xlSEUdDutEGBbt/BBe6DbuoCuTzN/LbUCxofdeCCqvcL9UQS5mh85+9rAx\\nZ1+/IVEISTePhbj0N4As+8I6VvdgE53mQxLGiTCF0csSdsMSmjJfcD0Dv6gxt3QE\\noFVmq6Jn37U0TZIW4ysZbv0CkpIoiVXzTDX1QDHH9QSAL9t7E6Gy81iI4I10MZRy\\nvaaorWx9kldeZN6JX9Usg6sXpnfGvIyOjBD/ol5XYlkZrb94ZXWS3JFkq/ZmoKiP\\nVK29cKwuGG3XUkMz6DGzl+0KmGcfHWrc3OfeFrCDKn/Xo6SBW8sBh9RitdoDW2H2\\n4WzIq7M5AgMBAAECggEAGeZ7PJdLekfk7ArOTq58eXRF1hTAjNgCu8D8pH5Xihnr\\nm766Za6YVTiBUACR37ZCbf3b70e4I6kH2AQgRU4/1Y0TLQayNEukhkJfedwNu1MC\\nv9oy2li9OtsAfomYI1RfQY1g+T9vtwbEVxxJLbB333Qabe6KxWwIgPTsk91E8GRh\\nlaAZUJAfWyEkaCEuqtsd6sNiTqM8AzzYZa835KV72p/Kx8igs77MrvhvLWqbrU+E\\nRWofYCzLzXBdpexrIGr5r5MYiVHAC90vHsv2zW5SPO4CNkEsPgnNk49LHOkv/2M5\\nvyDjUJLKVkDCmMZKc5/9+HuO2c4/n4eSiRTtctSmywKBgQDHApMP6JNU3K1PhAq/\\ndxSObXp7Y82hQyCTzsBG/L6UsReJSmrlkvbzLOKb+dsavxHMqis76E1r2CmoqFVc\\nYnk8l5F/tpWpHEyXPKs/YmnE9poGwE8ZEjtAEzNTcoYwwkfQtv8ciifMvnqzwcXt\\nJYK/LsSD6GKPaNrlqZqCzkUntwKBgQC32hYbSjz4yNL+5w0iOQFVKwn7hsASc+P4\\niQLNz4i0Kmy+B1CU3PE1xFQMzWt2YW3oiS48c9qL9DVg7iX1KGSxNFq/gLURxihr\\nNVhRG4MRcB0nSqv8GI6G661d0/HnMxwKowCFVsw4XFNDm6wXY44WBPmgT3Mx0eI5\\n4FPCnOGcjwKBgGuRmKwgqoJURdmVJboYQ6Q4yNupNpzUC+fY+VVliB4XGwG6l80/\\ngvwuZs6oXyY14Qkfcf8Pscl5Lgtb8cfd8mouAxdlOcAO69dTk7zPFRzBrr+3cwm6\\nMQyRVEzmumHgobDPOVXT1290Bh7jvnhQrjtorBAgrCWYJ7m70yihFgBBAoGAR2/1\\nMQtqn5yg56ztnIOb8fT0Pwi/7yuaxEKwlTnzu1XUxQ3gkMc87pBnvEXBYNFAvJ85\\nGQJHRCRS7WP72cOlRHm8XTbspIhjwiyLMZDIH+l5WoAYTa9ZCjHfPlsRXq2sUrG9\\njRIJ7khpjhaaCsiDOCkcud7FOvF7vtNcmH0O6R8CgYBTT8ppAogT0iadACTUV0g9\\nCbB9dVzksAROkK5awp0Nj+U235PaB7aV8PGuf6Hjs6L1UNOuY1Lm+CcCHfnYDS1y\\nPX3GwFkJtujpWNZaTJiLSU5lkxVy596I2AaFwJZ9OpUOGCp1h9xBd7xq2LW5U839\\ncQz9KPmKTYqM8FwwwpaeHw==\\n-----END PRIVATE KEY-----\\n",\n    "client_email": "account@semiotic-joy-379201.iam.gserviceaccount.com",\n    "client_id": "104577188970534190320",\n    "auth_uri": "https://accounts.google.com/o/oauth2/auth",\n    "token_uri": "https://oauth2.googleapis.com/token",\n    "auth_provider_x509_cert_url": "https://www.googleapis.com/oauth2/v1/certs",\n    "client_x509_cert_url": "https://www.googleapis.com/robot/v1/metadata/x509/account%40semiotic-joy-379201.iam.gserviceaccount.com"\n}'; 1476)
[2023-05-03T22:32:16.705+0000] {local_task_job.py:208} INFO - Task exited with return code 1
[2023-05-03T22:32:16.754+0000] {taskinstance.py:2578} INFO - 0 downstream tasks scheduled from follow-on schedule check
