[2023-05-03T23:40:45.143+0000] {taskinstance.py:1083} INFO - Dependencies all met for <TaskInstance: gsc_to_bq.ingest_dado scheduled__2023-05-02T00:00:00+00:00 [queued]>
[2023-05-03T23:40:45.162+0000] {taskinstance.py:1083} INFO - Dependencies all met for <TaskInstance: gsc_to_bq.ingest_dado scheduled__2023-05-02T00:00:00+00:00 [queued]>
[2023-05-03T23:40:45.163+0000] {taskinstance.py:1279} INFO - 
--------------------------------------------------------------------------------
[2023-05-03T23:40:45.165+0000] {taskinstance.py:1280} INFO - Starting attempt 78 of 79
[2023-05-03T23:40:45.165+0000] {taskinstance.py:1281} INFO - 
--------------------------------------------------------------------------------
[2023-05-03T23:40:45.192+0000] {taskinstance.py:1300} INFO - Executing <Task(PythonOperator): ingest_dado> on 2023-05-02 00:00:00+00:00
[2023-05-03T23:40:45.198+0000] {standard_task_runner.py:55} INFO - Started process 6353 to run task
[2023-05-03T23:40:45.202+0000] {standard_task_runner.py:82} INFO - Running: ['***', 'tasks', 'run', 'gsc_to_bq', 'ingest_dado', 'scheduled__2023-05-02T00:00:00+00:00', '--job-id', '719', '--raw', '--subdir', 'DAGS_FOLDER/gcs_to_bq.py', '--cfg-path', '/tmp/tmphy3odgry']
[2023-05-03T23:40:45.205+0000] {standard_task_runner.py:83} INFO - Job 719: Subtask ingest_dado
[2023-05-03T23:40:45.288+0000] {task_command.py:388} INFO - Running <TaskInstance: gsc_to_bq.ingest_dado scheduled__2023-05-02T00:00:00+00:00 [running]> on host 23a1495f3fb6
[2023-05-03T23:40:45.391+0000] {taskinstance.py:1509} INFO - Exporting the following env vars:
AIRFLOW_CTX_DAG_OWNER=Junior Lafuente
AIRFLOW_CTX_DAG_ID=gsc_to_bq
AIRFLOW_CTX_TASK_ID=ingest_dado
AIRFLOW_CTX_EXECUTION_DATE=2023-05-02T00:00:00+00:00
AIRFLOW_CTX_TRY_NUMBER=78
AIRFLOW_CTX_DAG_RUN_ID=scheduled__2023-05-02T00:00:00+00:00
[2023-05-03T23:40:46.975+0000] {logging_mixin.py:137} INFO - /opt/***/arq/gcsToBq.json
[2023-05-03T23:40:46.976+0000] {taskinstance.py:1768} ERROR - Task failed with exception
Traceback (most recent call last):
  File "/home/airflow/.local/lib/python3.7/site-packages/airflow/operators/python.py", line 175, in execute
    return_value = self.execute_callable()
  File "/home/airflow/.local/lib/python3.7/site-packages/airflow/operators/python.py", line 192, in execute_callable
    return self.python_callable(*self.op_args, **self.op_kwargs)
  File "/opt/airflow/dags/gcs_to_bq.py", line 34, in ingest_dados
    credentials = service_account.Credentials.from_service_account_file(keyfile, scopes)
TypeError: from_service_account_file() takes 2 positional arguments but 3 were given
[2023-05-03T23:40:47.006+0000] {taskinstance.py:1323} INFO - Marking task as UP_FOR_RETRY. dag_id=gsc_to_bq, task_id=ingest_dado, execution_date=20230502T000000, start_date=20230503T234045, end_date=20230503T234047
[2023-05-03T23:40:47.025+0000] {standard_task_runner.py:105} ERROR - Failed to execute job 719 for task ingest_dado (from_service_account_file() takes 2 positional arguments but 3 were given; 6353)
[2023-05-03T23:40:47.076+0000] {local_task_job.py:208} INFO - Task exited with return code 1
[2023-05-03T23:40:47.108+0000] {taskinstance.py:2578} INFO - 0 downstream tasks scheduled from follow-on schedule check
