[2023-05-01T02:00:34.719+0000] {taskinstance.py:1083} INFO - Dependencies all met for <TaskInstance: dag_sql.insere_dados_table_db scheduled__2023-05-01T00:30:00+00:00 [queued]>
[2023-05-01T02:00:34.736+0000] {taskinstance.py:1083} INFO - Dependencies all met for <TaskInstance: dag_sql.insere_dados_table_db scheduled__2023-05-01T00:30:00+00:00 [queued]>
[2023-05-01T02:00:34.737+0000] {taskinstance.py:1279} INFO - 
--------------------------------------------------------------------------------
[2023-05-01T02:00:34.738+0000] {taskinstance.py:1280} INFO - Starting attempt 1 of 1
[2023-05-01T02:00:34.739+0000] {taskinstance.py:1281} INFO - 
--------------------------------------------------------------------------------
[2023-05-01T02:00:34.764+0000] {taskinstance.py:1300} INFO - Executing <Task(PostgresOperator): insere_dados_table_db> on 2023-05-01 00:30:00+00:00
[2023-05-01T02:00:34.770+0000] {standard_task_runner.py:55} INFO - Started process 27463 to run task
[2023-05-01T02:00:34.776+0000] {standard_task_runner.py:82} INFO - Running: ['***', 'tasks', 'run', 'dag_sql', 'insere_dados_table_db', 'scheduled__2023-05-01T00:30:00+00:00', '--job-id', '501', '--raw', '--subdir', 'DAGS_FOLDER/dag_sql.py', '--cfg-path', '/tmp/tmptbovowo6']
[2023-05-01T02:00:34.777+0000] {standard_task_runner.py:83} INFO - Job 501: Subtask insere_dados_table_db
[2023-05-01T02:00:35.041+0000] {task_command.py:388} INFO - Running <TaskInstance: dag_sql.insere_dados_table_db scheduled__2023-05-01T00:30:00+00:00 [running]> on host 32f6cac2461e
[2023-05-01T02:00:35.210+0000] {taskinstance.py:1509} INFO - Exporting the following env vars:
AIRFLOW_CTX_DAG_OWNER=***
AIRFLOW_CTX_DAG_ID=dag_sql
AIRFLOW_CTX_TASK_ID=insere_dados_table_db
AIRFLOW_CTX_EXECUTION_DATE=2023-05-01T00:30:00+00:00
AIRFLOW_CTX_TRY_NUMBER=1
AIRFLOW_CTX_DAG_RUN_ID=scheduled__2023-05-01T00:30:00+00:00
[2023-05-01T02:00:35.213+0000] {sql.py:254} INFO - Executing: insert into tb_cliente(name, dt)
values('Junior Lafuente', CURRENT_DATE)
[2023-05-01T02:00:35.232+0000] {base.py:73} INFO - Using connection ID 'postgres-***' for task execution.
[2023-05-01T02:00:35.874+0000] {base.py:73} INFO - Using connection ID 'postgres-***' for task execution.
[2023-05-01T02:00:35.922+0000] {sql.py:375} INFO - Running statement: insert into tb_cliente(name, dt)
values('Junior Lafuente', CURRENT_DATE), parameters: None
[2023-05-01T02:00:35.939+0000] {sql.py:384} INFO - Rows affected: 1
[2023-05-01T02:00:35.967+0000] {taskinstance.py:1323} INFO - Marking task as SUCCESS. dag_id=dag_sql, task_id=insere_dados_table_db, execution_date=20230501T003000, start_date=20230501T020034, end_date=20230501T020035
[2023-05-01T02:00:36.061+0000] {local_task_job.py:208} INFO - Task exited with return code 0
[2023-05-01T02:00:36.173+0000] {taskinstance.py:2578} INFO - 1 downstream tasks scheduled from follow-on schedule check
