[2023-04-27T14:34:35.079+0000] {taskinstance.py:1083} INFO - Dependencies all met for <TaskInstance: gsc_to_bq.copy_files_dataLake_To_bucket_raw scheduled__2023-04-25T00:00:00+00:00 [queued]>
[2023-04-27T14:34:35.096+0000] {taskinstance.py:1083} INFO - Dependencies all met for <TaskInstance: gsc_to_bq.copy_files_dataLake_To_bucket_raw scheduled__2023-04-25T00:00:00+00:00 [queued]>
[2023-04-27T14:34:35.097+0000] {taskinstance.py:1279} INFO - 
--------------------------------------------------------------------------------
[2023-04-27T14:34:35.101+0000] {taskinstance.py:1280} INFO - Starting attempt 6 of 7
[2023-04-27T14:34:35.101+0000] {taskinstance.py:1281} INFO - 
--------------------------------------------------------------------------------
[2023-04-27T14:34:35.125+0000] {taskinstance.py:1300} INFO - Executing <Task(GCSSynchronizeBucketsOperator): copy_files_dataLake_To_bucket_raw> on 2023-04-25 00:00:00+00:00
[2023-04-27T14:34:35.135+0000] {standard_task_runner.py:55} INFO - Started process 320 to run task
[2023-04-27T14:34:35.141+0000] {standard_task_runner.py:82} INFO - Running: ['***', 'tasks', 'run', 'gsc_to_bq', 'copy_files_dataLake_To_bucket_raw', 'scheduled__2023-04-25T00:00:00+00:00', '--job-id', '410', '--raw', '--subdir', 'DAGS_FOLDER/gcs_to_bq.py', '--cfg-path', '/tmp/tmpv4uy0cza']
[2023-04-27T14:34:35.145+0000] {standard_task_runner.py:83} INFO - Job 410: Subtask copy_files_dataLake_To_bucket_raw
[2023-04-27T14:34:35.254+0000] {task_command.py:388} INFO - Running <TaskInstance: gsc_to_bq.copy_files_dataLake_To_bucket_raw scheduled__2023-04-25T00:00:00+00:00 [running]> on host b592efbffeab
[2023-04-27T14:34:35.369+0000] {taskinstance.py:1509} INFO - Exporting the following env vars:
AIRFLOW_CTX_DAG_OWNER=Junior Lafuente
AIRFLOW_CTX_DAG_ID=gsc_to_bq
AIRFLOW_CTX_TASK_ID=copy_files_dataLake_To_bucket_raw
AIRFLOW_CTX_EXECUTION_DATE=2023-04-25T00:00:00+00:00
AIRFLOW_CTX_TRY_NUMBER=6
AIRFLOW_CTX_DAG_RUN_ID=scheduled__2023-04-25T00:00:00+00:00
[2023-04-27T14:34:35.380+0000] {base.py:73} INFO - Using connection ID 'gcp' for task execution.
[2023-04-27T14:34:36.761+0000] {gcs.py:1059} INFO - Planned synchronization. To delete blobs count: 0, to upload blobs count: 0, to rewrite blobs count: 0
[2023-04-27T14:34:36.761+0000] {gcs.py:1064} INFO - Skipped blobs copying.
[2023-04-27T14:34:36.762+0000] {gcs.py:1079} INFO - Skipped blobs deleting.
[2023-04-27T14:34:36.762+0000] {gcs.py:1088} INFO - Skipped blobs overwriting.
[2023-04-27T14:34:36.762+0000] {gcs.py:1102} INFO - Synchronization finished.
[2023-04-27T14:34:36.778+0000] {taskinstance.py:1323} INFO - Marking task as SUCCESS. dag_id=gsc_to_bq, task_id=copy_files_dataLake_To_bucket_raw, execution_date=20230425T000000, start_date=20230427T143435, end_date=20230427T143436
[2023-04-27T14:34:36.821+0000] {local_task_job.py:208} INFO - Task exited with return code 0
[2023-04-27T14:34:36.857+0000] {taskinstance.py:2578} INFO - 1 downstream tasks scheduled from follow-on schedule check
