[2023-04-26T19:40:48.157+0000] {taskinstance.py:1083} INFO - Dependencies all met for <TaskInstance: gsc_to_bq.copy_files_dataLake_To_bucket_raw scheduled__2023-04-25T00:00:00+00:00 [queued]>
[2023-04-26T19:40:48.178+0000] {taskinstance.py:1083} INFO - Dependencies all met for <TaskInstance: gsc_to_bq.copy_files_dataLake_To_bucket_raw scheduled__2023-04-25T00:00:00+00:00 [queued]>
[2023-04-26T19:40:48.178+0000] {taskinstance.py:1279} INFO - 
--------------------------------------------------------------------------------
[2023-04-26T19:40:48.182+0000] {taskinstance.py:1280} INFO - Starting attempt 2 of 3
[2023-04-26T19:40:48.183+0000] {taskinstance.py:1281} INFO - 
--------------------------------------------------------------------------------
[2023-04-26T19:40:48.210+0000] {taskinstance.py:1300} INFO - Executing <Task(GCSSynchronizeBucketsOperator): copy_files_dataLake_To_bucket_raw> on 2023-04-25 00:00:00+00:00
[2023-04-26T19:40:48.218+0000] {standard_task_runner.py:55} INFO - Started process 2975 to run task
[2023-04-26T19:40:48.224+0000] {standard_task_runner.py:82} INFO - Running: ['***', 'tasks', 'run', 'gsc_to_bq', 'copy_files_dataLake_To_bucket_raw', 'scheduled__2023-04-25T00:00:00+00:00', '--job-id', '391', '--raw', '--subdir', 'DAGS_FOLDER/gcs_to_bq.py', '--cfg-path', '/tmp/tmp7thqkvvo']
[2023-04-26T19:40:48.228+0000] {standard_task_runner.py:83} INFO - Job 391: Subtask copy_files_dataLake_To_bucket_raw
[2023-04-26T19:40:48.344+0000] {task_command.py:388} INFO - Running <TaskInstance: gsc_to_bq.copy_files_dataLake_To_bucket_raw scheduled__2023-04-25T00:00:00+00:00 [running]> on host b592efbffeab
[2023-04-26T19:40:48.463+0000] {taskinstance.py:1509} INFO - Exporting the following env vars:
AIRFLOW_CTX_DAG_OWNER=Junior Lafuente
AIRFLOW_CTX_DAG_ID=gsc_to_bq
AIRFLOW_CTX_TASK_ID=copy_files_dataLake_To_bucket_raw
AIRFLOW_CTX_EXECUTION_DATE=2023-04-25T00:00:00+00:00
AIRFLOW_CTX_TRY_NUMBER=2
AIRFLOW_CTX_DAG_RUN_ID=scheduled__2023-04-25T00:00:00+00:00
[2023-04-26T19:40:48.477+0000] {base.py:73} INFO - Using connection ID 'gcp' for task execution.
[2023-04-26T19:40:49.523+0000] {gcs.py:1059} INFO - Planned synchronization. To delete blobs count: 0, to upload blobs count: 2, to rewrite blobs count: 0
[2023-04-26T19:40:49.967+0000] {gcs.py:207} INFO - Object input/Base_Unificada__resultado.csv in bucket datalake_jr copied to object input/Base_Unificada__resultado.csv in bucket bucket_raw_jr
[2023-04-26T19:40:50.359+0000] {gcs.py:207} INFO - Object input/ in bucket datalake_jr copied to object input/ in bucket bucket_raw_jr
[2023-04-26T19:40:50.359+0000] {gcs.py:1076} INFO - Blobs copied.
[2023-04-26T19:40:50.360+0000] {gcs.py:1079} INFO - Skipped blobs deleting.
[2023-04-26T19:40:50.361+0000] {gcs.py:1088} INFO - Skipped blobs overwriting.
[2023-04-26T19:40:50.361+0000] {gcs.py:1102} INFO - Synchronization finished.
[2023-04-26T19:40:50.374+0000] {taskinstance.py:1323} INFO - Marking task as SUCCESS. dag_id=gsc_to_bq, task_id=copy_files_dataLake_To_bucket_raw, execution_date=20230425T000000, start_date=20230426T194048, end_date=20230426T194050
[2023-04-26T19:40:50.409+0000] {local_task_job.py:208} INFO - Task exited with return code 0
[2023-04-26T19:40:50.431+0000] {taskinstance.py:2578} INFO - 0 downstream tasks scheduled from follow-on schedule check
