[2023-04-26T19:43:47.575+0000] {taskinstance.py:1083} INFO - Dependencies all met for <TaskInstance: gsc_to_bq.copy_files_dataLake_To_bucket_raw scheduled__2023-04-25T00:00:00+00:00 [queued]>
[2023-04-26T19:43:47.614+0000] {taskinstance.py:1083} INFO - Dependencies all met for <TaskInstance: gsc_to_bq.copy_files_dataLake_To_bucket_raw scheduled__2023-04-25T00:00:00+00:00 [queued]>
[2023-04-26T19:43:47.615+0000] {taskinstance.py:1279} INFO - 
--------------------------------------------------------------------------------
[2023-04-26T19:43:47.619+0000] {taskinstance.py:1280} INFO - Starting attempt 3 of 4
[2023-04-26T19:43:47.620+0000] {taskinstance.py:1281} INFO - 
--------------------------------------------------------------------------------
[2023-04-26T19:43:47.668+0000] {taskinstance.py:1300} INFO - Executing <Task(GCSSynchronizeBucketsOperator): copy_files_dataLake_To_bucket_raw> on 2023-04-25 00:00:00+00:00
[2023-04-26T19:43:47.683+0000] {standard_task_runner.py:55} INFO - Started process 3161 to run task
[2023-04-26T19:43:47.688+0000] {standard_task_runner.py:82} INFO - Running: ['***', 'tasks', 'run', 'gsc_to_bq', 'copy_files_dataLake_To_bucket_raw', 'scheduled__2023-04-25T00:00:00+00:00', '--job-id', '395', '--raw', '--subdir', 'DAGS_FOLDER/gcs_to_bq.py', '--cfg-path', '/tmp/tmpdkn4t7bo']
[2023-04-26T19:43:47.692+0000] {standard_task_runner.py:83} INFO - Job 395: Subtask copy_files_dataLake_To_bucket_raw
[2023-04-26T19:43:47.886+0000] {task_command.py:388} INFO - Running <TaskInstance: gsc_to_bq.copy_files_dataLake_To_bucket_raw scheduled__2023-04-25T00:00:00+00:00 [running]> on host b592efbffeab
[2023-04-26T19:43:48.122+0000] {taskinstance.py:1509} INFO - Exporting the following env vars:
AIRFLOW_CTX_DAG_OWNER=Junior Lafuente
AIRFLOW_CTX_DAG_ID=gsc_to_bq
AIRFLOW_CTX_TASK_ID=copy_files_dataLake_To_bucket_raw
AIRFLOW_CTX_EXECUTION_DATE=2023-04-25T00:00:00+00:00
AIRFLOW_CTX_TRY_NUMBER=3
AIRFLOW_CTX_DAG_RUN_ID=scheduled__2023-04-25T00:00:00+00:00
[2023-04-26T19:43:48.143+0000] {base.py:73} INFO - Using connection ID 'gcp' for task execution.
[2023-04-26T19:43:49.973+0000] {gcs.py:1059} INFO - Planned synchronization. To delete blobs count: 1, to upload blobs count: 1, to rewrite blobs count: 0
[2023-04-26T19:43:50.351+0000] {gcs.py:207} INFO - Object input/ in bucket datalake_jr copied to object input/input/ in bucket bucket_raw_jr
[2023-04-26T19:43:50.352+0000] {gcs.py:1076} INFO - Blobs copied.
[2023-04-26T19:43:50.353+0000] {gcs.py:1088} INFO - Skipped blobs overwriting.
[2023-04-26T19:43:50.354+0000] {gcs.py:1102} INFO - Synchronization finished.
[2023-04-26T19:43:50.387+0000] {taskinstance.py:1323} INFO - Marking task as SUCCESS. dag_id=gsc_to_bq, task_id=copy_files_dataLake_To_bucket_raw, execution_date=20230425T000000, start_date=20230426T194347, end_date=20230426T194350
[2023-04-26T19:43:50.444+0000] {local_task_job.py:208} INFO - Task exited with return code 0
[2023-04-26T19:43:50.488+0000] {taskinstance.py:2578} INFO - 0 downstream tasks scheduled from follow-on schedule check
