[2023-04-27T14:39:48.355+0000] {taskinstance.py:1083} INFO - Dependencies all met for <TaskInstance: gsc_to_bq.create_bucket_raw scheduled__2023-04-26T00:00:00+00:00 [queued]>
[2023-04-27T14:39:48.374+0000] {taskinstance.py:1083} INFO - Dependencies all met for <TaskInstance: gsc_to_bq.create_bucket_raw scheduled__2023-04-26T00:00:00+00:00 [queued]>
[2023-04-27T14:39:48.375+0000] {taskinstance.py:1279} INFO - 
--------------------------------------------------------------------------------
[2023-04-27T14:39:48.376+0000] {taskinstance.py:1280} INFO - Starting attempt 2 of 3
[2023-04-27T14:39:48.376+0000] {taskinstance.py:1281} INFO - 
--------------------------------------------------------------------------------
[2023-04-27T14:39:48.394+0000] {taskinstance.py:1300} INFO - Executing <Task(GCSCreateBucketOperator): create_bucket_raw> on 2023-04-26 00:00:00+00:00
[2023-04-27T14:39:48.403+0000] {standard_task_runner.py:55} INFO - Started process 714 to run task
[2023-04-27T14:39:48.407+0000] {standard_task_runner.py:82} INFO - Running: ['***', 'tasks', 'run', 'gsc_to_bq', 'create_bucket_raw', 'scheduled__2023-04-26T00:00:00+00:00', '--job-id', '412', '--raw', '--subdir', 'DAGS_FOLDER/gcs_to_bq.py', '--cfg-path', '/tmp/tmpzt3zqa74']
[2023-04-27T14:39:48.410+0000] {standard_task_runner.py:83} INFO - Job 412: Subtask create_bucket_raw
[2023-04-27T14:39:48.581+0000] {task_command.py:388} INFO - Running <TaskInstance: gsc_to_bq.create_bucket_raw scheduled__2023-04-26T00:00:00+00:00 [running]> on host b592efbffeab
[2023-04-27T14:39:48.691+0000] {taskinstance.py:1509} INFO - Exporting the following env vars:
AIRFLOW_CTX_DAG_OWNER=Junior Lafuente
AIRFLOW_CTX_DAG_ID=gsc_to_bq
AIRFLOW_CTX_TASK_ID=create_bucket_raw
AIRFLOW_CTX_EXECUTION_DATE=2023-04-26T00:00:00+00:00
AIRFLOW_CTX_TRY_NUMBER=2
AIRFLOW_CTX_DAG_RUN_ID=scheduled__2023-04-26T00:00:00+00:00
[2023-04-27T14:39:48.707+0000] {base.py:73} INFO - Using connection ID 'gcp' for task execution.
[2023-04-27T14:39:48.811+0000] {gcs.py:880} INFO - Creating Bucket: bucket_raw_jr; Location: us-central1; Storage Class: STANDARD
[2023-04-27T14:39:51.311+0000] {connectionpool.py:813} WARNING - Retrying (Retry(total=2, connect=None, read=None, redirect=None, status=None)) after connection broken by 'SSLError(SSLCertVerificationError(1, '[SSL: CERTIFICATE_VERIFY_FAILED] certificate verify failed: self signed certificate in certificate chain (_ssl.c:1091)'))': /token
[2023-04-27T14:39:52.292+0000] {gcs.py:161} WARNING - Bucket bucket_raw_jr already exists
[2023-04-27T14:39:52.304+0000] {taskinstance.py:1323} INFO - Marking task as SUCCESS. dag_id=gsc_to_bq, task_id=create_bucket_raw, execution_date=20230426T000000, start_date=20230427T143948, end_date=20230427T143952
[2023-04-27T14:39:52.336+0000] {local_task_job.py:208} INFO - Task exited with return code 0
[2023-04-27T14:39:52.386+0000] {taskinstance.py:2578} INFO - 1 downstream tasks scheduled from follow-on schedule check
