[2023-04-27T14:42:37.099+0000] {taskinstance.py:1083} INFO - Dependencies all met for <TaskInstance: gsc_to_bq.create_bucket_raw scheduled__2023-04-26T00:00:00+00:00 [queued]>
[2023-04-27T14:42:37.112+0000] {taskinstance.py:1083} INFO - Dependencies all met for <TaskInstance: gsc_to_bq.create_bucket_raw scheduled__2023-04-26T00:00:00+00:00 [queued]>
[2023-04-27T14:42:37.112+0000] {taskinstance.py:1279} INFO - 
--------------------------------------------------------------------------------
[2023-04-27T14:42:37.113+0000] {taskinstance.py:1280} INFO - Starting attempt 3 of 4
[2023-04-27T14:42:37.114+0000] {taskinstance.py:1281} INFO - 
--------------------------------------------------------------------------------
[2023-04-27T14:42:37.130+0000] {taskinstance.py:1300} INFO - Executing <Task(GCSCreateBucketOperator): create_bucket_raw> on 2023-04-26 00:00:00+00:00
[2023-04-27T14:42:37.138+0000] {standard_task_runner.py:55} INFO - Started process 929 to run task
[2023-04-27T14:42:37.142+0000] {standard_task_runner.py:82} INFO - Running: ['***', 'tasks', 'run', 'gsc_to_bq', 'create_bucket_raw', 'scheduled__2023-04-26T00:00:00+00:00', '--job-id', '418', '--raw', '--subdir', 'DAGS_FOLDER/gcs_to_bq.py', '--cfg-path', '/tmp/tmp1pw49a8k']
[2023-04-27T14:42:37.145+0000] {standard_task_runner.py:83} INFO - Job 418: Subtask create_bucket_raw
[2023-04-27T14:42:37.285+0000] {task_command.py:388} INFO - Running <TaskInstance: gsc_to_bq.create_bucket_raw scheduled__2023-04-26T00:00:00+00:00 [running]> on host b592efbffeab
[2023-04-27T14:42:37.388+0000] {taskinstance.py:1509} INFO - Exporting the following env vars:
AIRFLOW_CTX_DAG_OWNER=Junior Lafuente
AIRFLOW_CTX_DAG_ID=gsc_to_bq
AIRFLOW_CTX_TASK_ID=create_bucket_raw
AIRFLOW_CTX_EXECUTION_DATE=2023-04-26T00:00:00+00:00
AIRFLOW_CTX_TRY_NUMBER=3
AIRFLOW_CTX_DAG_RUN_ID=scheduled__2023-04-26T00:00:00+00:00
[2023-04-27T14:42:37.400+0000] {base.py:73} INFO - Using connection ID 'gcp' for task execution.
[2023-04-27T14:42:37.426+0000] {gcs.py:880} INFO - Creating Bucket: bucket_raw_jr; Location: us-central1; Storage Class: STANDARD
[2023-04-27T14:42:39.405+0000] {gcs.py:161} WARNING - Bucket bucket_raw_jr already exists
[2023-04-27T14:42:39.420+0000] {taskinstance.py:1323} INFO - Marking task as SUCCESS. dag_id=gsc_to_bq, task_id=create_bucket_raw, execution_date=20230426T000000, start_date=20230427T144237, end_date=20230427T144239
[2023-04-27T14:42:39.488+0000] {local_task_job.py:208} INFO - Task exited with return code 0
[2023-04-27T14:42:39.522+0000] {taskinstance.py:2578} INFO - 1 downstream tasks scheduled from follow-on schedule check
