[2023-04-28T18:57:04.536+0000] {taskinstance.py:1083} INFO - Dependencies all met for <TaskInstance: create_bucket.move_file_to_bkp scheduled__2023-04-27T00:00:00+00:00 [queued]>
[2023-04-28T18:57:04.578+0000] {taskinstance.py:1083} INFO - Dependencies all met for <TaskInstance: create_bucket.move_file_to_bkp scheduled__2023-04-27T00:00:00+00:00 [queued]>
[2023-04-28T18:57:04.580+0000] {taskinstance.py:1279} INFO - 
--------------------------------------------------------------------------------
[2023-04-28T18:57:04.591+0000] {taskinstance.py:1280} INFO - Starting attempt 1 of 2
[2023-04-28T18:57:04.592+0000] {taskinstance.py:1281} INFO - 
--------------------------------------------------------------------------------
[2023-04-28T18:57:04.641+0000] {taskinstance.py:1300} INFO - Executing <Task(GCSToGCSOperator): move_file_to_bkp> on 2023-04-27 00:00:00+00:00
[2023-04-28T18:57:04.652+0000] {standard_task_runner.py:55} INFO - Started process 329 to run task
[2023-04-28T18:57:04.659+0000] {standard_task_runner.py:82} INFO - Running: ['***', 'tasks', 'run', 'create_bucket', 'move_file_to_bkp', 'scheduled__2023-04-27T00:00:00+00:00', '--job-id', '465', '--raw', '--subdir', 'DAGS_FOLDER/create_bucket.py', '--cfg-path', '/tmp/tmp043u5c98']
[2023-04-28T18:57:04.666+0000] {standard_task_runner.py:83} INFO - Job 465: Subtask move_file_to_bkp
[2023-04-28T18:57:04.837+0000] {task_command.py:388} INFO - Running <TaskInstance: create_bucket.move_file_to_bkp scheduled__2023-04-27T00:00:00+00:00 [running]> on host 32f6cac2461e
[2023-04-28T18:57:05.064+0000] {taskinstance.py:1509} INFO - Exporting the following env vars:
AIRFLOW_CTX_DAG_OWNER=Junior Lafuente
AIRFLOW_CTX_DAG_ID=create_bucket
AIRFLOW_CTX_TASK_ID=move_file_to_bkp
AIRFLOW_CTX_EXECUTION_DATE=2023-04-27T00:00:00+00:00
AIRFLOW_CTX_TRY_NUMBER=1
AIRFLOW_CTX_DAG_RUN_ID=scheduled__2023-04-27T00:00:00+00:00
[2023-04-28T18:57:05.082+0000] {base.py:73} INFO - Using connection ID 'gcp' for task execution.
[2023-04-28T18:57:05.096+0000] {gcs_to_gcs.py:403} INFO - Delimiter ignored because wildcard is in prefix
[2023-04-28T18:57:06.452+0000] {gcs_to_gcs.py:470} INFO - Executing copy of gs://bucket_raw_jr/input/Base_Unificada__resultado.csv to gs://bucket_raw_jr/backup/Base_Unificada__resultado.csv
[2023-04-28T18:57:06.848+0000] {gcs.py:248} INFO - Total Bytes: 67026833 | Bytes Written: 67026833
[2023-04-28T18:57:06.854+0000] {gcs.py:261} INFO - Object input/Base_Unificada__resultado.csv in bucket bucket_raw_jr rewritten to object backup/Base_Unificada__resultado.csv in bucket bucket_raw_jr
[2023-04-28T18:57:07.147+0000] {gcs.py:664} INFO - Blob input/Base_Unificada__resultado.csv deleted.
[2023-04-28T18:57:07.174+0000] {taskinstance.py:1323} INFO - Marking task as SUCCESS. dag_id=create_bucket, task_id=move_file_to_bkp, execution_date=20230427T000000, start_date=20230428T185704, end_date=20230428T185707
[2023-04-28T18:57:07.249+0000] {local_task_job.py:208} INFO - Task exited with return code 0
[2023-04-28T18:57:07.302+0000] {taskinstance.py:2578} INFO - 0 downstream tasks scheduled from follow-on schedule check
