[2023-04-26T18:55:38.084+0000] {taskinstance.py:1083} INFO - Dependencies all met for <TaskInstance: gsc_to_bq.create_bucket_raw scheduled__2023-04-25T00:00:00+00:00 [queued]>
[2023-04-26T18:55:38.116+0000] {taskinstance.py:1083} INFO - Dependencies all met for <TaskInstance: gsc_to_bq.create_bucket_raw scheduled__2023-04-25T00:00:00+00:00 [queued]>
[2023-04-26T18:55:38.119+0000] {taskinstance.py:1279} INFO - 
--------------------------------------------------------------------------------
[2023-04-26T18:55:38.121+0000] {taskinstance.py:1280} INFO - Starting attempt 9 of 10
[2023-04-26T18:55:38.122+0000] {taskinstance.py:1281} INFO - 
--------------------------------------------------------------------------------
[2023-04-26T18:55:38.172+0000] {taskinstance.py:1300} INFO - Executing <Task(GCSCreateBucketOperator): create_bucket_raw> on 2023-04-25 00:00:00+00:00
[2023-04-26T18:55:38.193+0000] {standard_task_runner.py:55} INFO - Started process 2609 to run task
[2023-04-26T18:55:38.199+0000] {standard_task_runner.py:82} INFO - Running: ['***', 'tasks', 'run', 'gsc_to_bq', 'create_bucket_raw', 'scheduled__2023-04-25T00:00:00+00:00', '--job-id', '376', '--raw', '--subdir', 'DAGS_FOLDER/gcs_to_bq.py', '--cfg-path', '/tmp/tmphj3u3oql']
[2023-04-26T18:55:38.204+0000] {standard_task_runner.py:83} INFO - Job 376: Subtask create_bucket_raw
[2023-04-26T18:55:38.375+0000] {task_command.py:388} INFO - Running <TaskInstance: gsc_to_bq.create_bucket_raw scheduled__2023-04-25T00:00:00+00:00 [running]> on host 21a61d9e627a
[2023-04-26T18:55:38.550+0000] {taskinstance.py:1509} INFO - Exporting the following env vars:
AIRFLOW_CTX_DAG_OWNER=Junior Lafuente
AIRFLOW_CTX_DAG_ID=gsc_to_bq
AIRFLOW_CTX_TASK_ID=create_bucket_raw
AIRFLOW_CTX_EXECUTION_DATE=2023-04-25T00:00:00+00:00
AIRFLOW_CTX_TRY_NUMBER=9
AIRFLOW_CTX_DAG_RUN_ID=scheduled__2023-04-25T00:00:00+00:00
[2023-04-26T18:55:38.570+0000] {base.py:73} INFO - Using connection ID 'gcp' for task execution.
[2023-04-26T18:55:38.722+0000] {gcs.py:880} INFO - Creating Bucket: bucket_raw; Location: us-central1; Storage Class: STANDARD
[2023-04-26T18:55:40.265+0000] {connectionpool.py:813} WARNING - Retrying (Retry(total=2, connect=None, read=None, redirect=None, status=None)) after connection broken by 'SSLError(SSLCertVerificationError(1, '[SSL: CERTIFICATE_VERIFY_FAILED] certificate verify failed: self signed certificate in certificate chain (_ssl.c:1091)'))': /token
[2023-04-26T18:55:41.527+0000] {gcs.py:161} WARNING - Bucket bucket_raw already exists
[2023-04-26T18:55:41.546+0000] {taskinstance.py:1323} INFO - Marking task as SUCCESS. dag_id=gsc_to_bq, task_id=create_bucket_raw, execution_date=20230425T000000, start_date=20230426T185538, end_date=20230426T185541
[2023-04-26T18:55:41.598+0000] {local_task_job.py:208} INFO - Task exited with return code 0
[2023-04-26T18:55:41.649+0000] {taskinstance.py:2578} INFO - 0 downstream tasks scheduled from follow-on schedule check
