[2023-03-10T20:59:22.559+0000] {taskinstance.py:1083} INFO - Dependencies all met for <TaskInstance: ingestion_dados_postgres.delete_dados_duplicados_table_ed_replica manual__2023-03-10T20:59:16.139235+00:00 [queued]>
[2023-03-10T20:59:22.568+0000] {taskinstance.py:1083} INFO - Dependencies all met for <TaskInstance: ingestion_dados_postgres.delete_dados_duplicados_table_ed_replica manual__2023-03-10T20:59:16.139235+00:00 [queued]>
[2023-03-10T20:59:22.569+0000] {taskinstance.py:1279} INFO - 
--------------------------------------------------------------------------------
[2023-03-10T20:59:22.570+0000] {taskinstance.py:1280} INFO - Starting attempt 1 of 1
[2023-03-10T20:59:22.570+0000] {taskinstance.py:1281} INFO - 
--------------------------------------------------------------------------------
[2023-03-10T20:59:22.585+0000] {taskinstance.py:1300} INFO - Executing <Task(PostgresOperator): delete_dados_duplicados_table_ed_replica> on 2023-03-10 20:59:16.139235+00:00
[2023-03-10T20:59:22.590+0000] {standard_task_runner.py:55} INFO - Started process 3682 to run task
[2023-03-10T20:59:22.594+0000] {standard_task_runner.py:82} INFO - Running: ['***', 'tasks', 'run', 'ingestion_dados_postgres', 'delete_dados_duplicados_table_ed_replica', 'manual__2023-03-10T20:59:16.139235+00:00', '--job-id', '178', '--raw', '--subdir', 'DAGS_FOLDER/ingestion_dados_postgres.py', '--cfg-path', '/tmp/tmpgvyo7zxm']
[2023-03-10T20:59:22.595+0000] {standard_task_runner.py:83} INFO - Job 178: Subtask delete_dados_duplicados_table_ed_replica
[2023-03-10T20:59:22.669+0000] {task_command.py:388} INFO - Running <TaskInstance: ingestion_dados_postgres.delete_dados_duplicados_table_ed_replica manual__2023-03-10T20:59:16.139235+00:00 [running]> on host 9ff22fa0bca3
[2023-03-10T20:59:22.749+0000] {taskinstance.py:1509} INFO - Exporting the following env vars:
AIRFLOW_CTX_DAG_OWNER=***
AIRFLOW_CTX_DAG_ID=ingestion_dados_postgres
AIRFLOW_CTX_TASK_ID=delete_dados_duplicados_table_ed_replica
AIRFLOW_CTX_EXECUTION_DATE=2023-03-10T20:59:16.139235+00:00
AIRFLOW_CTX_TRY_NUMBER=1
AIRFLOW_CTX_DAG_RUN_ID=manual__2023-03-10T20:59:16.139235+00:00
[2023-03-10T20:59:22.750+0000] {sql.py:254} INFO - Executing: delete from tb_data_engineering_replica
where dt = '2023-03-08'
        
[2023-03-10T20:59:22.760+0000] {base.py:73} INFO - Using connection ID 'postgres-***' for task execution.
[2023-03-10T20:59:22.991+0000] {base.py:73} INFO - Using connection ID 'postgres-***' for task execution.
[2023-03-10T20:59:23.087+0000] {sql.py:375} INFO - Running statement: delete from tb_data_engineering_replica
where dt = '2023-03-08'
        , parameters: None
[2023-03-10T20:59:23.132+0000] {sql.py:384} INFO - Rows affected: 16
[2023-03-10T20:59:23.159+0000] {taskinstance.py:1323} INFO - Marking task as SUCCESS. dag_id=ingestion_dados_postgres, task_id=delete_dados_duplicados_table_ed_replica, execution_date=20230310T205916, start_date=20230310T205922, end_date=20230310T205923
[2023-03-10T20:59:23.253+0000] {local_task_job.py:208} INFO - Task exited with return code 0
[2023-03-10T20:59:23.321+0000] {taskinstance.py:2578} INFO - 0 downstream tasks scheduled from follow-on schedule check
